2026/07/02 23:03:10 maxprocs: Leaving GOMAXPROCS=4: CPU quota undefined
creating table warehouse
creating table district
creating table customer
creating table history
creating table new_order
creating table orders
creating table order_line
creating table stock
creating table item
load to item
load to warehouse in warehouse 1
load to stock in warehouse 1
load to district in warehouse 1
load to warehouse in warehouse 2
load to stock in warehouse 2
load to district in warehouse 2
load to warehouse in warehouse 3
load to stock in warehouse 3
load to district in warehouse 3
load to warehouse in warehouse 4
load to stock in warehouse 4
load to district in warehouse 4
load to warehouse in warehouse 5
load to stock in warehouse 5
load to district in warehouse 5
load to warehouse in warehouse 6
load to stock in warehouse 6
load to district in warehouse 6
load to warehouse in warehouse 7
load to stock in warehouse 7
load to district in warehouse 7
load to warehouse in warehouse 8
load to stock in warehouse 8
load to district in warehouse 8
load to warehouse in warehouse 9
load to stock in warehouse 9
load to district in warehouse 9
load to warehouse in warehouse 10
load to stock in warehouse 10
load to district in warehouse 10
load to warehouse in warehouse 11
load to stock in warehouse 11
load to district in warehouse 11
load to warehouse in warehouse 12
load to stock in warehouse 12
load to district in warehouse 12
load to warehouse in warehouse 13
load to stock in warehouse 13
load to district in warehouse 13
load to warehouse in warehouse 14
load to stock in warehouse 14
load to district in warehouse 14
load to warehouse in warehouse 15
load to stock in warehouse 15
load to district in warehouse 15
load to warehouse in warehouse 16
load to stock in warehouse 16
load to district in warehouse 16
load to warehouse in warehouse 17
load to stock in warehouse 17
load to district in warehouse 17
load to warehouse in warehouse 18
load to stock in warehouse 18
load to district in warehouse 18
load to warehouse in warehouse 19
load to stock in warehouse 19
load to district in warehouse 19
load to warehouse in warehouse 20
load to stock in warehouse 20
load to district in warehouse 20
load to warehouse in warehouse 21
load to stock in warehouse 21
load to district in warehouse 21
load to warehouse in warehouse 22
load to stock in warehouse 22
load to district in warehouse 22
load to warehouse in warehouse 23
load to stock in warehouse 23
load to district in warehouse 23
load to warehouse in warehouse 24
load to stock in warehouse 24
load to district in warehouse 24
load to warehouse in warehouse 25
load to stock in warehouse 25
load to district in warehouse 25
load to warehouse in warehouse 26
load to stock in warehouse 26
load to district in warehouse 26
load to warehouse in warehouse 27
load to stock in warehouse 27
load to district in warehouse 27
load to warehouse in warehouse 28
load to stock in warehouse 28
load to district in warehouse 28
load to warehouse in warehouse 29
load to stock in warehouse 29
load to district in warehouse 29
load to warehouse in warehouse 30
load to stock in warehouse 30
load to district in warehouse 30
load to warehouse in warehouse 31
load to stock in warehouse 31
load to district in warehouse 31
load to warehouse in warehouse 32
load to stock in warehouse 32
load to district in warehouse 32
load to warehouse in warehouse 33
load to stock in warehouse 33
load to district in warehouse 33
load to warehouse in warehouse 34
load to stock in warehouse 34
load to district in warehouse 34
load to warehouse in warehouse 35
load to stock in warehouse 35
load to district in warehouse 35
load to warehouse in warehouse 36
load to stock in warehouse 36
load to district in warehouse 36
load to warehouse in warehouse 37
load to stock in warehouse 37
load to district in warehouse 37
load to warehouse in warehouse 38
load to stock in warehouse 38
load to district in warehouse 38
load to warehouse in warehouse 39
load to stock in warehouse 39
load to district in warehouse 39
load to warehouse in warehouse 40
load to stock in warehouse 40
load to district in warehouse 40
load to warehouse in warehouse 41
load to stock in warehouse 41
load to district in warehouse 41
load to warehouse in warehouse 42
load to stock in warehouse 42
load to district in warehouse 42
load to warehouse in warehouse 43
load to stock in warehouse 43
load to district in warehouse 43
load to warehouse in warehouse 44
load to stock in warehouse 44
load to district in warehouse 44
load to warehouse in warehouse 45
load to stock in warehouse 45
load to district in warehouse 45
load to warehouse in warehouse 46
load to stock in warehouse 46
load to district in warehouse 46
load to warehouse in warehouse 47
load to stock in warehouse 47
load to district in warehouse 47
load to warehouse in warehouse 48
load to stock in warehouse 48
load to district in warehouse 48
load to warehouse in warehouse 49
load to stock in warehouse 49
load to district in warehouse 49
load to warehouse in warehouse 50
load to stock in warehouse 50
load to district in warehouse 50
load to warehouse in warehouse 51
load to stock in warehouse 51
load to district in warehouse 51
load to warehouse in warehouse 52
load to stock in warehouse 52
load to district in warehouse 52
load to warehouse in warehouse 53
load to stock in warehouse 53
load to district in warehouse 53
load to warehouse in warehouse 54
load to stock in warehouse 54
load to district in warehouse 54
load to warehouse in warehouse 55
load to stock in warehouse 55
load to district in warehouse 55
load to warehouse in warehouse 56
load to stock in warehouse 56
load to district in warehouse 56
load to warehouse in warehouse 57
load to stock in warehouse 57
load to district in warehouse 57
load to warehouse in warehouse 58
load to stock in warehouse 58
load to district in warehouse 58
load to warehouse in warehouse 59
load to stock in warehouse 59
load to district in warehouse 59
load to warehouse in warehouse 60
load to stock in warehouse 60
load to district in warehouse 60
load to warehouse in warehouse 61
load to stock in warehouse 61
load to district in warehouse 61
load to warehouse in warehouse 62
load to stock in warehouse 62
load to district in warehouse 62
load to warehouse in warehouse 63
load to stock in warehouse 63
load to district in warehouse 63
load to warehouse in warehouse 64
load to stock in warehouse 64
load to district in warehouse 64
load to warehouse in warehouse 65
load to stock in warehouse 65
load to district in warehouse 65
load to warehouse in warehouse 66
load to stock in warehouse 66
load to district in warehouse 66
load to warehouse in warehouse 67
load to stock in warehouse 67
load to district in warehouse 67
load to warehouse in warehouse 68
load to stock in warehouse 68
load to district in warehouse 68
load to warehouse in warehouse 69
load to stock in warehouse 69
load to district in warehouse 69
load to warehouse in warehouse 70
load to stock in warehouse 70
load to district in warehouse 70
load to warehouse in warehouse 71
load to stock in warehouse 71
load to district in warehouse 71
load to warehouse in warehouse 72
load to stock in warehouse 72
load to district in warehouse 72
load to warehouse in warehouse 73
load to stock in warehouse 73
load to district in warehouse 73
load to warehouse in warehouse 74
load to stock in warehouse 74
load to district in warehouse 74
load to warehouse in warehouse 75
load to stock in warehouse 75
load to district in warehouse 75
load to warehouse in warehouse 76
load to stock in warehouse 76
load to district in warehouse 76
load to warehouse in warehouse 77
load to stock in warehouse 77
load to district in warehouse 77
load to warehouse in warehouse 78
load to stock in warehouse 78
load to district in warehouse 78
load to warehouse in warehouse 79
load to stock in warehouse 79
load to district in warehouse 79
load to warehouse in warehouse 80
load to stock in warehouse 80
load to district in warehouse 80
load to warehouse in warehouse 81
load to stock in warehouse 81
load to district in warehouse 81
load to warehouse in warehouse 82
load to stock in warehouse 82
load to district in warehouse 82
load to warehouse in warehouse 83
load to stock in warehouse 83
load to district in warehouse 83
load to warehouse in warehouse 84
load to stock in warehouse 84
load to district in warehouse 84
load to warehouse in warehouse 85
load to stock in warehouse 85
load to district in warehouse 85
load to warehouse in warehouse 86
load to stock in warehouse 86
load to district in warehouse 86
load to warehouse in warehouse 87
load to stock in warehouse 87
load to district in warehouse 87
load to warehouse in warehouse 88
load to stock in warehouse 88
load to district in warehouse 88
load to warehouse in warehouse 89
load to stock in warehouse 89
load to district in warehouse 89
load to warehouse in warehouse 90
load to stock in warehouse 90
load to district in warehouse 90
load to warehouse in warehouse 91
load to stock in warehouse 91
load to district in warehouse 91
load to warehouse in warehouse 92
load to stock in warehouse 92
load to district in warehouse 92
load to warehouse in warehouse 93
load to stock in warehouse 93
load to district in warehouse 93
load to warehouse in warehouse 94
load to stock in warehouse 94
load to district in warehouse 94
load to warehouse in warehouse 95
load to stock in warehouse 95
load to district in warehouse 95
load to warehouse in warehouse 96
load to stock in warehouse 96
load to district in warehouse 96
load to warehouse in warehouse 97
load to stock in warehouse 97
load to district in warehouse 97
load to warehouse in warehouse 98
load to stock in warehouse 98
load to district in warehouse 98
load to warehouse in warehouse 99
load to stock in warehouse 99
load to district in warehouse 99
load to warehouse in warehouse 100
load to stock in warehouse 100
load to district in warehouse 100
load to warehouse in warehouse 101
load to stock in warehouse 101
load to district in warehouse 101
load to warehouse in warehouse 102
load to stock in warehouse 102
load to district in warehouse 102
load to warehouse in warehouse 103
load to stock in warehouse 103
load to district in warehouse 103
load to warehouse in warehouse 104
load to stock in warehouse 104
load to district in warehouse 104
load to warehouse in warehouse 105
load to stock in warehouse 105
load to district in warehouse 105
load to warehouse in warehouse 106
load to stock in warehouse 106
load to district in warehouse 106
load to warehouse in warehouse 107
load to stock in warehouse 107
load to district in warehouse 107
load to warehouse in warehouse 108
load to stock in warehouse 108
load to district in warehouse 108
load to warehouse in warehouse 109
load to stock in warehouse 109
load to district in warehouse 109
load to warehouse in warehouse 110
load to stock in warehouse 110
load to district in warehouse 110
load to warehouse in warehouse 111
load to stock in warehouse 111
