2026/04/27 14:56:59 maxprocs: Leaving GOMAXPROCS=4: CPU quota undefined
[Current] DELIVERY - Takes(s): 8.8, Count: 132, TPM: 895.0, Sum(ms): 75362.6, Avg(ms): 571.3, 50th(ms): 570.4, 90th(ms): 771.8, 95th(ms): 838.9, 99th(ms): 1006.6, 99.9th(ms): 1073.7, Max(ms): 1073.7
[Current] NEW_ORDER - Takes(s): 9.4, Count: 1604, TPM: 10258.8, Sum(ms): 300905.1, Avg(ms): 187.7, 50th(ms): 176.2, 90th(ms): 268.4, 95th(ms): 318.8, 99th(ms): 453.0, 99.9th(ms): 520.1, Max(ms): 536.9
[Current] ORDER_STATUS - Takes(s): 9.4, Count: 145, TPM: 922.0, Sum(ms): 11747.6, Avg(ms): 81.1, 50th(ms): 79.7, 90th(ms): 109.1, 95th(ms): 125.8, 99th(ms): 184.5, 99.9th(ms): 302.0, Max(ms): 302.0
[Current] PAYMENT - Takes(s): 9.4, Count: 1500, TPM: 9529.2, Sum(ms): 189174.6, Avg(ms): 126.2, 50th(ms): 113.2, 90th(ms): 192.9, 95th(ms): 243.3, 99th(ms): 352.3, 99.9th(ms): 536.9, Max(ms): 671.1
[Current] STOCK_LEVEL - Takes(s): 9.5, Count: 165, TPM: 1039.7, Sum(ms): 14541.9, Avg(ms): 88.3, 50th(ms): 75.5, 90th(ms): 151.0, 95th(ms): 176.2, 99th(ms): 201.3, 99.9th(ms): 251.7, Max(ms): 251.7
[Current] DELIVERY - Takes(s): 9.7, Count: 161, TPM: 999.5, Sum(ms): 79859.0, Avg(ms): 496.2, 50th(ms): 469.8, 90th(ms): 604.0, 95th(ms): 805.3, 99th(ms): 1040.2, 99.9th(ms): 1342.2, Max(ms): 1342.2
[Current] NEW_ORDER - Takes(s): 10.0, Count: 1829, TPM: 10975.5, Sum(ms): 304873.8, Avg(ms): 166.8, 50th(ms): 159.4, 90th(ms): 209.7, 95th(ms): 260.0, 99th(ms): 402.7, 99.9th(ms): 536.9, Max(ms): 637.5
[Current] ORDER_STATUS - Takes(s): 9.9, Count: 168, TPM: 1013.1, Sum(ms): 11657.9, Avg(ms): 69.4, 50th(ms): 67.1, 90th(ms): 96.5, 95th(ms): 109.1, 99th(ms): 134.2, 99.9th(ms): 151.0, Max(ms): 151.0
[Current] PAYMENT - Takes(s): 10.0, Count: 1851, TPM: 11107.3, Sum(ms): 214490.9, Avg(ms): 115.9, 50th(ms): 104.9, 90th(ms): 167.8, 95th(ms): 201.3, 99th(ms): 335.5, 99.9th(ms): 469.8, Max(ms): 503.3
[Current] STOCK_LEVEL - Takes(s): 10.0, Count: 186, TPM: 1120.6, Sum(ms): 14484.8, Avg(ms): 78.0, 50th(ms): 65.0, 90th(ms): 130.0, 95th(ms): 176.2, 99th(ms): 226.5, 99.9th(ms): 352.3, Max(ms): 352.3
[Current] DELIVERY - Takes(s): 10.0, Count: 154, TPM: 924.2, Sum(ms): 86109.6, Avg(ms): 559.5, 50th(ms): 536.9, 90th(ms): 771.8, 95th(ms): 906.0, 99th(ms): 1040.2, 99.9th(ms): 1140.9, Max(ms): 1140.9
[Current] NEW_ORDER - Takes(s): 10.0, Count: 1816, TPM: 10898.9, Sum(ms): 319871.2, Avg(ms): 176.2, 50th(ms): 167.8, 90th(ms): 234.9, 95th(ms): 268.4, 99th(ms): 385.9, 99.9th(ms): 637.5, Max(ms): 671.1
[Current] ORDER_STATUS - Takes(s): 10.0, Count: 171, TPM: 1028.6, Sum(ms): 12598.1, Avg(ms): 73.7, 50th(ms): 75.5, 90th(ms): 100.7, 95th(ms): 109.1, 99th(ms): 151.0, 99.9th(ms): 159.4, Max(ms): 159.4
[Current] PAYMENT - Takes(s): 10.0, Count: 1701, TPM: 10209.0, Sum(ms): 194763.6, Avg(ms): 114.5, 50th(ms): 104.9, 90th(ms): 167.8, 95th(ms): 184.5, 99th(ms): 251.7, 99.9th(ms): 469.8, Max(ms): 536.9
[Current] STOCK_LEVEL - Takes(s): 10.0, Count: 166, TPM: 998.1, Sum(ms): 13323.4, Avg(ms): 80.3, 50th(ms): 67.1, 90th(ms): 125.8, 95th(ms): 167.8, 99th(ms): 209.7, 99.9th(ms): 419.4, Max(ms): 419.4
[Current] DELIVERY - Takes(s): 9.9, Count: 166, TPM: 1001.1, Sum(ms): 82846.8, Avg(ms): 499.6, 50th(ms): 486.5, 90th(ms): 604.0, 95th(ms): 637.5, 99th(ms): 771.8, 99.9th(ms): 939.5, Max(ms): 939.5
[Current] NEW_ORDER - Takes(s): 10.0, Count: 1904, TPM: 11425.9, Sum(ms): 315541.2, Avg(ms): 165.8, 50th(ms): 159.4, 90th(ms): 218.1, 95th(ms): 260.0, 99th(ms): 335.5, 99.9th(ms): 385.9, Max(ms): 419.4
[Current] ORDER_STATUS - Takes(s): 9.9, Count: 176, TPM: 1067.6, Sum(ms): 12985.1, Avg(ms): 73.8, 50th(ms): 71.3, 90th(ms): 96.5, 95th(ms): 117.4, 99th(ms): 159.4, 99.9th(ms): 184.5, Max(ms): 184.5
[Current] PAYMENT - Takes(s): 10.0, Count: 1839, TPM: 11035.8, Sum(ms): 202161.1, Avg(ms): 110.0, 50th(ms): 100.7, 90th(ms): 159.4, 95th(ms): 184.5, 99th(ms): 260.0, 99.9th(ms): 318.8, Max(ms): 469.8
[Current] STOCK_LEVEL - Takes(s): 10.0, Count: 155, TPM: 934.6, Sum(ms): 12075.0, Avg(ms): 77.9, 50th(ms): 62.9, 90th(ms): 125.8, 95th(ms): 159.4, 99th(ms): 251.7, 99.9th(ms): 251.7, Max(ms): 251.7
[Current] DELIVERY - Takes(s): 10.0, Count: 193, TPM: 1160.5, Sum(ms): 93292.0, Avg(ms): 483.3, 50th(ms): 469.8, 90th(ms): 604.0, 95th(ms): 704.6, 99th(ms): 771.8, 99.9th(ms): 1040.2, Max(ms): 1040.2
[Current] NEW_ORDER - Takes(s): 10.0, Count: 2003, TPM: 12034.5, Sum(ms): 317773.5, Avg(ms): 158.6, 50th(ms): 151.0, 90th(ms): 209.7, 95th(ms): 243.3, 99th(ms): 302.0, 99.9th(ms): 352.3, Max(ms): 570.4
[Current] ORDER_STATUS - Takes(s): 10.0, Count: 185, TPM: 1113.3, Sum(ms): 12668.8, Avg(ms): 68.7, 50th(ms): 67.1, 90th(ms): 92.3, 95th(ms): 100.7, 99th(ms): 125.8, 99.9th(ms): 151.0, Max(ms): 151.0
[Current] PAYMENT - Takes(s): 10.0, Count: 1865, TPM: 11199.9, Sum(ms): 194530.5, Avg(ms): 104.3, 50th(ms): 96.5, 90th(ms): 151.0, 95th(ms): 167.8, 99th(ms): 234.9, 99.9th(ms): 318.8, Max(ms): 352.3
[Current] STOCK_LEVEL - Takes(s): 9.9, Count: 173, TPM: 1049.9, Sum(ms): 11803.6, Avg(ms): 68.3, 50th(ms): 62.9, 90th(ms): 104.9, 95th(ms): 134.2, 99th(ms): 167.8, 99.9th(ms): 192.9, Max(ms): 192.9
[Current] DELIVERY - Takes(s): 9.9, Count: 170, TPM: 1030.7, Sum(ms): 89196.6, Avg(ms): 525.5, 50th(ms): 503.3, 90th(ms): 704.6, 95th(ms): 838.9, 99th(ms): 939.5, 99.9th(ms): 1140.9, Max(ms): 1140.9
[Current] NEW_ORDER - Takes(s): 10.0, Count: 1834, TPM: 11017.8, Sum(ms): 302974.7, Avg(ms): 165.3, 50th(ms): 159.4, 90th(ms): 209.7, 95th(ms): 243.3, 99th(ms): 318.8, 99.9th(ms): 369.1, Max(ms): 453.0
[Current] ORDER_STATUS - Takes(s): 10.0, Count: 177, TPM: 1065.0, Sum(ms): 12938.0, Avg(ms): 73.3, 50th(ms): 71.3, 90th(ms): 104.9, 95th(ms): 117.4, 99th(ms): 151.0, 99.9th(ms): 167.8, Max(ms): 167.8
[Current] PAYMENT - Takes(s): 10.0, Count: 1850, TPM: 11106.2, Sum(ms): 204129.9, Avg(ms): 110.3, 50th(ms): 104.9, 90th(ms): 159.4, 95th(ms): 184.5, 99th(ms): 234.9, 99.9th(ms): 285.2, Max(ms): 369.1
[Current] STOCK_LEVEL - Takes(s): 9.9, Count: 166, TPM: 1001.2, Sum(ms): 11817.2, Avg(ms): 71.4, 50th(ms): 60.8, 90th(ms): 100.7, 95th(ms): 142.6, 99th(ms): 184.5, 99.9th(ms): 352.3, Max(ms): 352.3
[Current] DELIVERY - Takes(s): 9.9, Count: 163, TPM: 986.9, Sum(ms): 85050.0, Avg(ms): 522.2, 50th(ms): 503.3, 90th(ms): 671.1, 95th(ms): 771.8, 99th(ms): 906.0, 99.9th(ms): 973.1, Max(ms): 973.1
[Current] NEW_ORDER - Takes(s): 10.0, Count: 1858, TPM: 11158.6, Sum(ms): 307923.9, Avg(ms): 165.8, 50th(ms): 159.4, 90th(ms): 234.9, 95th(ms): 268.4, 99th(ms): 335.5, 99.9th(ms): 402.7, Max(ms): 536.9
[Current] ORDER_STATUS - Takes(s): 10.0, Count: 189, TPM: 1135.1, Sum(ms): 13033.1, Avg(ms): 68.9, 50th(ms): 67.1, 90th(ms): 92.3, 95th(ms): 117.4, 99th(ms): 159.4, 99.9th(ms): 184.5, Max(ms): 184.5
[Current] PAYMENT - Takes(s): 10.0, Count: 1889, TPM: 11352.2, Sum(ms): 211187.5, Avg(ms): 111.8, 50th(ms): 100.7, 90th(ms): 176.2, 95th(ms): 201.3, 99th(ms): 268.4, 99.9th(ms): 385.9, Max(ms): 469.8
[Current] STOCK_LEVEL - Takes(s): 10.0, Count: 185, TPM: 1111.0, Sum(ms): 12701.6, Avg(ms): 68.8, 50th(ms): 62.9, 90th(ms): 104.9, 95th(ms): 121.6, 99th(ms): 159.4, 99.9th(ms): 184.5, Max(ms): 184.5
[Current] DELIVERY - Takes(s): 9.9, Count: 179, TPM: 1080.9, Sum(ms): 87711.2, Avg(ms): 490.4, 50th(ms): 469.8, 90th(ms): 604.0, 95th(ms): 738.2, 99th(ms): 1073.7, 99.9th(ms): 1140.9, Max(ms): 1140.9
[Current] NEW_ORDER - Takes(s): 10.0, Count: 2017, TPM: 12109.0, Sum(ms): 312580.9, Avg(ms): 155.1, 50th(ms): 151.0, 90th(ms): 201.3, 95th(ms): 251.7, 99th(ms): 335.5, 99.9th(ms): 486.5, Max(ms): 536.9
[Current] ORDER_STATUS - Takes(s): 10.0, Count: 198, TPM: 1192.5, Sum(ms): 13245.6, Avg(ms): 66.9, 50th(ms): 67.1, 90th(ms): 96.5, 95th(ms): 113.2, 99th(ms): 134.2, 99.9th(ms): 151.0, Max(ms): 151.0
[Current] PAYMENT - Takes(s): 10.0, Count: 1934, TPM: 11614.5, Sum(ms): 199241.4, Avg(ms): 103.0, 50th(ms): 96.5, 90th(ms): 151.0, 95th(ms): 176.2, 99th(ms): 243.3, 99.9th(ms): 369.1, Max(ms): 469.8
[Current] STOCK_LEVEL - Takes(s): 9.9, Count: 199, TPM: 1208.6, Sum(ms): 13567.3, Avg(ms): 68.2, 50th(ms): 58.7, 90th(ms): 104.9, 95th(ms): 117.4, 99th(ms): 192.9, 99.9th(ms): 318.8, Max(ms): 318.8
[Current] DELIVERY - Takes(s): 10.0, Count: 160, TPM: 960.3, Sum(ms): 78626.3, Avg(ms): 491.8, 50th(ms): 469.8, 90th(ms): 671.1, 95th(ms): 738.2, 99th(ms): 838.9, 99.9th(ms): 1342.2, Max(ms): 1342.2
[Current] NEW_ORDER - Takes(s): 10.0, Count: 1955, TPM: 11731.9, Sum(ms): 317307.0, Avg(ms): 162.4, 50th(ms): 151.0, 90th(ms): 226.5, 95th(ms): 251.7, 99th(ms): 369.1, 99.9th(ms): 486.5, Max(ms): 503.3
[Current] ORDER_STATUS - Takes(s): 10.0, Count: 162, TPM: 975.2, Sum(ms): 10986.1, Avg(ms): 67.9, 50th(ms): 67.1, 90th(ms): 88.1, 95th(ms): 109.1, 99th(ms): 176.2, 99.9th(ms): 176.2, Max(ms): 176.2
[Current] PAYMENT - Takes(s): 10.0, Count: 1864, TPM: 11185.7, Sum(ms): 204734.8, Avg(ms): 109.8, 50th(ms): 100.7, 90th(ms): 167.8, 95th(ms): 192.9, 99th(ms): 285.2, 99.9th(ms): 436.2, Max(ms): 469.8
[Current] STOCK_LEVEL - Takes(s): 9.9, Count: 170, TPM: 1030.6, Sum(ms): 13002.2, Avg(ms): 76.6, 50th(ms): 65.0, 90th(ms): 125.8, 95th(ms): 159.4, 99th(ms): 285.2, 99.9th(ms): 352.3, Max(ms): 352.3
[Current] DELIVERY - Takes(s): 10.0, Count: 177, TPM: 1067.3, Sum(ms): 78977.6, Avg(ms): 447.5, 50th(ms): 436.2, 90th(ms): 637.5, 95th(ms): 771.8, 99th(ms): 973.1, 99.9th(ms): 1208.0, Max(ms): 1208.0
[Current] NEW_ORDER - Takes(s): 10.0, Count: 1863, TPM: 11181.7, Sum(ms): 308713.5, Avg(ms): 165.7, 50th(ms): 151.0, 90th(ms): 234.9, 95th(ms): 285.2, 99th(ms): 570.4, 99.9th(ms): 704.6, Max(ms): 939.5
[Current] ORDER_STATUS - Takes(s): 9.9, Count: 173, TPM: 1046.1, Sum(ms): 10999.5, Avg(ms): 63.6, 50th(ms): 54.5, 90th(ms): 92.3, 95th(ms): 121.6, 99th(ms): 209.7, 99.9th(ms): 318.8, Max(ms): 318.8
[Current] PAYMENT - Takes(s): 10.0, Count: 1747, TPM: 10481.6, Sum(ms): 218660.9, Avg(ms): 125.2, 50th(ms): 109.1, 90th(ms): 192.9, 95th(ms): 234.9, 99th(ms): 419.4, 99.9th(ms): 771.8, Max(ms): 805.3
[Current] STOCK_LEVEL - Takes(s): 10.0, Count: 179, TPM: 1075.3, Sum(ms): 17216.0, Avg(ms): 96.2, 50th(ms): 58.7, 90th(ms): 201.3, 95th(ms): 302.0, 99th(ms): 637.5, 99.9th(ms): 838.9, Max(ms): 838.9
[Current] DELIVERY - Takes(s): 9.9, Count: 160, TPM: 972.5, Sum(ms): 75857.5, Avg(ms): 474.4, 50th(ms): 453.0, 90th(ms): 604.0, 95th(ms): 704.6, 99th(ms): 872.4, 99.9th(ms): 939.5, Max(ms): 939.5
[Current] NEW_ORDER - Takes(s): 10.0, Count: 1975, TPM: 11855.0, Sum(ms): 314474.9, Avg(ms): 159.2, 50th(ms): 159.4, 90th(ms): 209.7, 95th(ms): 243.3, 99th(ms): 318.8, 99.9th(ms): 352.3, Max(ms): 453.0
[Current] ORDER_STATUS - Takes(s): 9.9, Count: 187, TPM: 1132.0, Sum(ms): 12062.7, Avg(ms): 64.6, 50th(ms): 62.9, 90th(ms): 83.9, 95th(ms): 109.1, 99th(ms): 142.6, 99.9th(ms): 142.6, Max(ms): 142.6
[Current] PAYMENT - Takes(s): 10.0, Count: 1960, TPM: 11760.3, Sum(ms): 212519.0, Avg(ms): 108.4, 50th(ms): 100.7, 90th(ms): 159.4, 95th(ms): 184.5, 99th(ms): 243.3, 99.9th(ms): 369.1, Max(ms): 453.0
[Current] STOCK_LEVEL - Takes(s): 10.0, Count: 179, TPM: 1074.1, Sum(ms): 11108.0, Avg(ms): 62.1, 50th(ms): 58.7, 90th(ms): 88.1, 95th(ms): 104.9, 99th(ms): 184.5, 99.9th(ms): 243.3, Max(ms): 243.3
[Current] DELIVERY - Takes(s): 9.9, Count: 162, TPM: 983.8, Sum(ms): 82029.9, Avg(ms): 507.4, 50th(ms): 503.3, 90th(ms): 604.0, 95th(ms): 771.8, 99th(ms): 906.0, 99.9th(ms): 1140.9, Max(ms): 1140.9
[Current] NEW_ORDER - Takes(s): 10.0, Count: 1911, TPM: 11467.2, Sum(ms): 310057.3, Avg(ms): 162.3, 50th(ms): 159.4, 90th(ms): 209.7, 95th(ms): 251.7, 99th(ms): 318.8, 99.9th(ms): 369.1, Max(ms): 385.9
[Current] ORDER_STATUS - Takes(s): 10.0, Count: 199, TPM: 1196.2, Sum(ms): 13721.9, Avg(ms): 69.0, 50th(ms): 67.1, 90th(ms): 92.3, 95th(ms): 100.7, 99th(ms): 142.6, 99.9th(ms): 167.8, Max(ms): 167.8
[Current] PAYMENT - Takes(s): 10.0, Count: 1895, TPM: 11371.3, Sum(ms): 208272.5, Avg(ms): 109.9, 50th(ms): 104.9, 90th(ms): 159.4, 95th(ms): 184.5, 99th(ms): 243.3, 99.9th(ms): 302.0, Max(ms): 318.8
[Current] STOCK_LEVEL - Takes(s): 10.0, Count: 167, TPM: 1004.6, Sum(ms): 10967.6, Avg(ms): 65.8, 50th(ms): 62.9, 90th(ms): 92.3, 95th(ms): 96.5, 99th(ms): 117.4, 99.9th(ms): 159.4, Max(ms): 159.4
[Current] DELIVERY - Takes(s): 9.9, Count: 166, TPM: 1003.7, Sum(ms): 84232.8, Avg(ms): 507.6, 50th(ms): 469.8, 90th(ms): 738.2, 95th(ms): 838.9, 99th(ms): 1006.6, 99.9th(ms): 1208.0, Max(ms): 1208.0
[Current] NEW_ORDER - Takes(s): 10.0, Count: 1989, TPM: 11936.5, Sum(ms): 321353.2, Avg(ms): 161.6, 50th(ms): 151.0, 90th(ms): 226.5, 95th(ms): 268.4, 99th(ms): 352.3, 99.9th(ms): 570.4, Max(ms): 671.1
[Current] ORDER_STATUS - Takes(s): 9.9, Count: 148, TPM: 894.5, Sum(ms): 10523.8, Avg(ms): 71.2, 50th(ms): 67.1, 90th(ms): 92.3, 95th(ms): 134.2, 99th(ms): 159.4, 99.9th(ms): 167.8, Max(ms): 167.8
[Current] PAYMENT - Takes(s): 10.0, Count: 1898, TPM: 11391.2, Sum(ms): 200577.5, Avg(ms): 105.7, 50th(ms): 100.7, 90th(ms): 159.4, 95th(ms): 192.9, 99th(ms): 226.5, 99.9th(ms): 335.5, Max(ms): 369.1
[Current] STOCK_LEVEL - Takes(s): 10.0, Count: 193, TPM: 1163.7, Sum(ms): 11698.2, Avg(ms): 60.5, 50th(ms): 58.7, 90th(ms): 83.9, 95th(ms): 92.3, 99th(ms): 113.2, 99.9th(ms): 125.8, Max(ms): 125.8
[Current] DELIVERY - Takes(s): 10.0, Count: 188, TPM: 1130.7, Sum(ms): 89747.4, Avg(ms): 477.9, 50th(ms): 453.0, 90th(ms): 604.0, 95th(ms): 805.3, 99th(ms): 939.5, 99.9th(ms): 1140.9, Max(ms): 1140.9
[Current] NEW_ORDER - Takes(s): 10.0, Count: 1986, TPM: 11921.6, Sum(ms): 307706.9, Avg(ms): 155.0, 50th(ms): 151.0, 90th(ms): 192.9, 95th(ms): 243.3, 99th(ms): 335.5, 99.9th(ms): 520.1, Max(ms): 570.4
[Current] ORDER_STATUS - Takes(s): 10.0, Count: 194, TPM: 1168.3, Sum(ms): 12329.5, Avg(ms): 63.5, 50th(ms): 62.9, 90th(ms): 83.9, 95th(ms): 96.5, 99th(ms): 117.4, 99.9th(ms): 142.6, Max(ms): 142.6
[Current] PAYMENT - Takes(s): 10.0, Count: 1910, TPM: 11460.7, Sum(ms): 208117.9, Avg(ms): 109.0, 50th(ms): 100.7, 90th(ms): 159.4, 95th(ms): 192.9, 99th(ms): 318.8, 99.9th(ms): 469.8, Max(ms): 604.0
[Current] STOCK_LEVEL - Takes(s): 9.9, Count: 170, TPM: 1026.5, Sum(ms): 10212.2, Avg(ms): 60.2, 50th(ms): 56.6, 90th(ms): 83.9, 95th(ms): 92.3, 99th(ms): 117.4, 99.9th(ms): 302.0, Max(ms): 302.0
[Current] DELIVERY - Takes(s): 10.0, Count: 147, TPM: 883.7, Sum(ms): 77345.5, Avg(ms): 526.9, 50th(ms): 486.5, 90th(ms): 771.8, 95th(ms): 838.9, 99th(ms): 1140.9, 99.9th(ms): 1208.0, Max(ms): 1208.0
[Current] NEW_ORDER - Takes(s): 10.0, Count: 1882, TPM: 11296.1, Sum(ms): 313621.6, Avg(ms): 166.7, 50th(ms): 159.4, 90th(ms): 209.7, 95th(ms): 260.0, 99th(ms): 453.0, 99.9th(ms): 637.5, Max(ms): 671.1
[Current] ORDER_STATUS - Takes(s): 10.0, Count: 164, TPM: 988.6, Sum(ms): 11263.1, Avg(ms): 68.6, 50th(ms): 67.1, 90th(ms): 92.3, 95th(ms): 100.7, 99th(ms): 121.6, 99.9th(ms): 167.8, Max(ms): 167.8
[Current] PAYMENT - Takes(s): 10.0, Count: 1828, TPM: 10972.7, Sum(ms): 210621.3, Avg(ms): 115.2, 50th(ms): 100.7, 90th(ms): 167.8, 95th(ms): 192.9, 99th(ms): 419.4, 99.9th(ms): 570.4, Max(ms): 604.0
[Current] STOCK_LEVEL - Takes(s): 10.0, Count: 154, TPM: 925.3, Sum(ms): 10892.4, Avg(ms): 70.8, 50th(ms): 62.9, 90th(ms): 96.5, 95th(ms): 125.8, 99th(ms): 226.5, 99.9th(ms): 419.4, Max(ms): 419.4
[Current] DELIVERY - Takes(s): 9.9, Count: 150, TPM: 906.4, Sum(ms): 84755.0, Avg(ms): 565.7, 50th(ms): 536.9, 90th(ms): 805.3, 95th(ms): 838.9, 99th(ms): 939.5, 99.9th(ms): 1006.6, Max(ms): 1006.6
[Current] NEW_ORDER - Takes(s): 10.0, Count: 1764, TPM: 10584.7, Sum(ms): 305623.6, Avg(ms): 173.3, 50th(ms): 167.8, 90th(ms): 218.1, 95th(ms): 260.0, 99th(ms): 335.5, 99.9th(ms): 369.1, Max(ms): 503.3
[Current] ORDER_STATUS - Takes(s): 10.0, Count: 169, TPM: 1014.0, Sum(ms): 12607.1, Avg(ms): 74.5, 50th(ms): 75.5, 90th(ms): 96.5, 95th(ms): 104.9, 99th(ms): 142.6, 99.9th(ms): 142.6, Max(ms): 142.6
[Current] PAYMENT - Takes(s): 10.0, Count: 1849, TPM: 11104.8, Sum(ms): 213452.4, Avg(ms): 115.5, 50th(ms): 109.1, 90th(ms): 167.8, 95th(ms): 192.9, 99th(ms): 260.0, 99.9th(ms): 335.5, Max(ms): 369.1
[Current] STOCK_LEVEL - Takes(s): 9.8, Count: 160, TPM: 981.3, Sum(ms): 11425.4, Avg(ms): 71.6, 50th(ms): 65.0, 90th(ms): 104.9, 95th(ms): 125.8, 99th(ms): 176.2, 99.9th(ms): 176.2, Max(ms): 176.2
[Current] DELIVERY - Takes(s): 9.9, Count: 166, TPM: 1001.3, Sum(ms): 89861.9, Avg(ms): 541.9, 50th(ms): 520.1, 90th(ms): 704.6, 95th(ms): 805.3, 99th(ms): 906.0, 99.9th(ms): 1208.0, Max(ms): 1208.0
[Current] NEW_ORDER - Takes(s): 10.0, Count: 1908, TPM: 11458.3, Sum(ms): 324714.4, Avg(ms): 170.3, 50th(ms): 167.8, 90th(ms): 209.7, 95th(ms): 251.7, 99th(ms): 335.5, 99.9th(ms): 385.9, Max(ms): 469.8
[Current] ORDER_STATUS - Takes(s): 9.9, Count: 163, TPM: 987.2, Sum(ms): 11855.7, Avg(ms): 72.7, 50th(ms): 71.3, 90th(ms): 96.5, 95th(ms): 100.7, 99th(ms): 134.2, 99.9th(ms): 159.4, Max(ms): 159.4
[Current] PAYMENT - Takes(s): 10.0, Count: 1706, TPM: 10241.3, Sum(ms): 190706.2, Avg(ms): 111.8, 50th(ms): 104.9, 90th(ms): 159.4, 95th(ms): 184.5, 99th(ms): 234.9, 99.9th(ms): 285.2, Max(ms): 285.2
[Current] STOCK_LEVEL - Takes(s): 9.9, Count: 120, TPM: 730.3, Sum(ms): 9088.4, Avg(ms): 75.9, 50th(ms): 62.9, 90th(ms): 113.2, 95th(ms): 142.6, 99th(ms): 318.8, 99.9th(ms): 318.8, Max(ms): 318.8
[Current] DELIVERY - Takes(s): 9.9, Count: 138, TPM: 839.2, Sum(ms): 82625.6, Avg(ms): 599.2, 50th(ms): 570.4, 90th(ms): 771.8, 95th(ms): 906.0, 99th(ms): 1006.6, 99.9th(ms): 1040.2, Max(ms): 1040.2
[Current] NEW_ORDER - Takes(s): 10.0, Count: 1676, TPM: 10056.3, Sum(ms): 322076.6, Avg(ms): 192.2, 50th(ms): 184.5, 90th(ms): 251.7, 95th(ms): 302.0, 99th(ms): 369.1, 99.9th(ms): 453.0, Max(ms): 570.4
[Current] ORDER_STATUS - Takes(s): 10.0, Count: 145, TPM: 870.4, Sum(ms): 11992.4, Avg(ms): 82.7, 50th(ms): 79.7, 90th(ms): 113.2, 95th(ms): 125.8, 99th(ms): 142.6, 99.9th(ms): 167.8, Max(ms): 167.8
[Current] PAYMENT - Takes(s): 10.0, Count: 1536, TPM: 9216.2, Sum(ms): 193821.6, Avg(ms): 126.3, 50th(ms): 117.4, 90th(ms): 176.2, 95th(ms): 201.3, 99th(ms): 260.0, 99.9th(ms): 369.1, Max(ms): 436.2
[Current] STOCK_LEVEL - Takes(s): 10.0, Count: 151, TPM: 907.0, Sum(ms): 14605.4, Avg(ms): 96.7, 50th(ms): 83.9, 90th(ms): 142.6, 95th(ms): 184.5, 99th(ms): 335.5, 99.9th(ms): 352.3, Max(ms): 352.3
[Current] DELIVERY - Takes(s): 9.9, Count: 139, TPM: 842.1, Sum(ms): 87441.8, Avg(ms): 629.6, 50th(ms): 570.4, 90th(ms): 939.5, 95th(ms): 1040.2, 99th(ms): 1275.1, 99.9th(ms): 1543.5, Max(ms): 1543.5
[Current] NEW_ORDER - Takes(s): 10.0, Count: 1551, TPM: 9307.1, Sum(ms): 312736.0, Avg(ms): 201.6, 50th(ms): 184.5, 90th(ms): 302.0, 95th(ms): 352.3, 99th(ms): 520.1, 99.9th(ms): 671.1, Max(ms): 771.8
[Current] ORDER_STATUS - Takes(s): 9.8, Count: 119, TPM: 726.5, Sum(ms): 9447.4, Avg(ms): 79.4, 50th(ms): 79.7, 90th(ms): 104.9, 95th(ms): 109.1, 99th(ms): 159.4, 99.9th(ms): 176.2, Max(ms): 176.2
[Current] PAYMENT - Takes(s): 10.0, Count: 1479, TPM: 8876.7, Sum(ms): 202466.8, Avg(ms): 137.0, 50th(ms): 117.4, 90th(ms): 209.7, 95th(ms): 251.7, 99th(ms): 436.2, 99.9th(ms): 704.6, Max(ms): 704.6
[Current] STOCK_LEVEL - Takes(s): 10.0, Count: 145, TPM: 872.1, Sum(ms): 12858.6, Avg(ms): 88.8, 50th(ms): 75.5, 90th(ms): 130.0, 95th(ms): 151.0, 99th(ms): 335.5, 99.9th(ms): 503.3, Max(ms): 503.3
[Current] DELIVERY - Takes(s): 10.0, Count: 146, TPM: 880.1, Sum(ms): 87470.3, Avg(ms): 600.1, 50th(ms): 570.4, 90th(ms): 771.8, 95th(ms): 973.1, 99th(ms): 1140.9, 99.9th(ms): 1342.2, Max(ms): 1342.2
[Current] NEW_ORDER - Takes(s): 10.0, Count: 1660, TPM: 9960.5, Sum(ms): 319774.6, Avg(ms): 192.8, 50th(ms): 184.5, 90th(ms): 260.0, 95th(ms): 318.8, 99th(ms): 536.9, 99.9th(ms): 671.1, Max(ms): 704.6
[Current] ORDER_STATUS - Takes(s): 10.0, Count: 160, TPM: 963.6, Sum(ms): 12529.0, Avg(ms): 78.3, 50th(ms): 75.5, 90th(ms): 104.9, 95th(ms): 117.4, 99th(ms): 167.8, 99.9th(ms): 167.8, Max(ms): 167.8
[Current] PAYMENT - Takes(s): 10.0, Count: 1598, TPM: 9614.1, Sum(ms): 198511.2, Avg(ms): 124.3, 50th(ms): 113.2, 90th(ms): 176.2, 95th(ms): 209.7, 99th(ms): 318.8, 99.9th(ms): 486.5, Max(ms): 503.3
[Current] STOCK_LEVEL - Takes(s): 9.9, Count: 147, TPM: 895.0, Sum(ms): 13018.2, Avg(ms): 88.5, 50th(ms): 75.5, 90th(ms): 125.8, 95th(ms): 167.8, 99th(ms): 302.0, 99.9th(ms): 352.3, Max(ms): 352.3
[Current] DELIVERY - Takes(s): 10.0, Count: 165, TPM: 991.9, Sum(ms): 94011.6, Avg(ms): 570.7, 50th(ms): 536.9, 90th(ms): 771.8, 95th(ms): 939.5, 99th(ms): 1275.1, 99.9th(ms): 1275.1, Max(ms): 1275.1
[Current] NEW_ORDER - Takes(s): 10.0, Count: 1774, TPM: 10656.2, Sum(ms): 315803.1, Avg(ms): 178.1, 50th(ms): 167.8, 90th(ms): 234.9, 95th(ms): 285.2, 99th(ms): 385.9, 99.9th(ms): 704.6, Max(ms): 805.3
[Current] ORDER_STATUS - Takes(s): 10.0, Count: 153, TPM: 920.0, Sum(ms): 11583.8, Avg(ms): 75.8, 50th(ms): 71.3, 90th(ms): 100.7, 95th(ms): 121.6, 99th(ms): 151.0, 99.9th(ms): 520.1, Max(ms): 520.1
[Current] PAYMENT - Takes(s): 10.0, Count: 1656, TPM: 9936.7, Sum(ms): 193539.3, Avg(ms): 117.0, 50th(ms): 109.1, 90th(ms): 167.8, 95th(ms): 192.9, 99th(ms): 251.7, 99.9th(ms): 637.5, Max(ms): 637.5
[Current] STOCK_LEVEL - Takes(s): 10.0, Count: 145, TPM: 873.2, Sum(ms): 11364.4, Avg(ms): 78.4, 50th(ms): 71.3, 90th(ms): 109.1, 95th(ms): 130.0, 99th(ms): 201.3, 99.9th(ms): 469.8, Max(ms): 469.8
[Current] DELIVERY - Takes(s): 9.9, Count: 167, TPM: 1008.5, Sum(ms): 86185.6, Avg(ms): 515.6, 50th(ms): 503.3, 90th(ms): 637.5, 95th(ms): 738.2, 99th(ms): 872.4, 99.9th(ms): 906.0, Max(ms): 906.0
[Current] NEW_ORDER - Takes(s): 10.0, Count: 1880, TPM: 11283.4, Sum(ms): 313049.9, Avg(ms): 166.6, 50th(ms): 159.4, 90th(ms): 218.1, 95th(ms): 251.7, 99th(ms): 318.8, 99.9th(ms): 369.1, Max(ms): 402.7
[Current] ORDER_STATUS - Takes(s): 10.0, Count: 168, TPM: 1008.1, Sum(ms): 12021.1, Avg(ms): 71.5, 50th(ms): 71.3, 90th(ms): 92.3, 95th(ms): 109.1, 99th(ms): 134.2, 99.9th(ms): 142.6, Max(ms): 142.6
[Current] PAYMENT - Takes(s): 10.0, Count: 1818, TPM: 10911.1, Sum(ms): 205270.5, Avg(ms): 112.9, 50th(ms): 104.9, 90th(ms): 167.8, 95th(ms): 192.9, 99th(ms): 260.0, 99.9th(ms): 352.3, Max(ms): 419.4
[Current] STOCK_LEVEL - Takes(s): 10.0, Count: 150, TPM: 900.4, Sum(ms): 9864.1, Avg(ms): 65.8, 50th(ms): 65.0, 90th(ms): 88.1, 95th(ms): 96.5, 99th(ms): 117.4, 99.9th(ms): 121.6, Max(ms): 121.6
[Current] DELIVERY - Takes(s): 10.0, Count: 192, TPM: 1153.4, Sum(ms): 91839.6, Avg(ms): 478.5, 50th(ms): 453.0, 90th(ms): 570.4, 95th(ms): 704.6, 99th(ms): 939.5, 99.9th(ms): 1208.0, Max(ms): 1208.0
[Current] NEW_ORDER - Takes(s): 10.0, Count: 1944, TPM: 11664.6, Sum(ms): 303190.6, Avg(ms): 156.1, 50th(ms): 151.0, 90th(ms): 192.9, 95th(ms): 234.9, 99th(ms): 318.8, 99.9th(ms): 453.0, Max(ms): 503.3
[Current] ORDER_STATUS - Takes(s): 10.0, Count: 188, TPM: 1130.9, Sum(ms): 12755.6, Avg(ms): 67.9, 50th(ms): 71.3, 90th(ms): 88.1, 95th(ms): 100.7, 99th(ms): 125.8, 99.9th(ms): 167.8, Max(ms): 167.8
[Current] PAYMENT - Takes(s): 10.0, Count: 1957, TPM: 11742.2, Sum(ms): 203353.0, Avg(ms): 103.9, 50th(ms): 96.5, 90th(ms): 151.0, 95th(ms): 176.2, 99th(ms): 218.1, 99.9th(ms): 318.8, Max(ms): 503.3
[Current] STOCK_LEVEL - Takes(s): 9.9, Count: 186, TPM: 1124.8, Sum(ms): 15102.3, Avg(ms): 81.2, 50th(ms): 71.3, 90th(ms): 104.9, 95th(ms): 142.6, 99th(ms): 302.0, 99.9th(ms): 318.8, Max(ms): 318.8
[Current] DELIVERY - Takes(s): 10.0, Count: 171, TPM: 1028.4, Sum(ms): 86949.1, Avg(ms): 509.2, 50th(ms): 486.5, 90th(ms): 738.2, 95th(ms): 838.9, 99th(ms): 973.1, 99.9th(ms): 1140.9, Max(ms): 1140.9
[Current] NEW_ORDER - Takes(s): 10.0, Count: 1898, TPM: 11390.9, Sum(ms): 311307.4, Avg(ms): 164.1, 50th(ms): 159.4, 90th(ms): 209.7, 95th(ms): 285.2, 99th(ms): 335.5, 99.9th(ms): 402.7, Max(ms): 453.0
[Current] ORDER_STATUS - Takes(s): 9.9, Count: 183, TPM: 1107.0, Sum(ms): 12721.0, Avg(ms): 69.5, 50th(ms): 67.1, 90th(ms): 92.3, 95th(ms): 117.4, 99th(ms): 159.4, 99.9th(ms): 159.4, Max(ms): 159.4
[Current] PAYMENT - Takes(s): 10.0, Count: 1859, TPM: 11160.1, Sum(ms): 204875.2, Avg(ms): 110.2, 50th(ms): 100.7, 90th(ms): 167.8, 95th(ms): 201.3, 99th(ms): 243.3, 99.9th(ms): 335.5, Max(ms): 369.1
[Current] STOCK_LEVEL - Takes(s): 10.0, Count: 161, TPM: 966.4, Sum(ms): 11661.5, Avg(ms): 72.5, 50th(ms): 65.0, 90th(ms): 100.7, 95th(ms): 121.6, 99th(ms): 159.4, 99.9th(ms): 285.2, Max(ms): 285.2
[Current] DELIVERY - Takes(s): 9.9, Count: 189, TPM: 1143.7, Sum(ms): 87966.3, Avg(ms): 465.3, 50th(ms): 436.2, 90th(ms): 570.4, 95th(ms): 738.2, 99th(ms): 1006.6, 99.9th(ms): 1140.9, Max(ms): 1140.9
[Current] NEW_ORDER - Takes(s): 10.0, Count: 1943, TPM: 11657.9, Sum(ms): 305745.8, Avg(ms): 157.4, 50th(ms): 151.0, 90th(ms): 201.3, 95th(ms): 251.7, 99th(ms): 302.0, 99.9th(ms): 352.3, Max(ms): 352.3
[Current] ORDER_STATUS - Takes(s): 10.0, Count: 220, TPM: 1321.9, Sum(ms): 14488.5, Avg(ms): 65.9, 50th(ms): 65.0, 90th(ms): 88.1, 95th(ms): 100.7, 99th(ms): 134.2, 99.9th(ms): 151.0, Max(ms): 151.0
[Current] PAYMENT - Takes(s): 10.0, Count: 1944, TPM: 11668.1, Sum(ms): 202616.6, Avg(ms): 104.2, 50th(ms): 96.5, 90th(ms): 151.0, 95th(ms): 176.2, 99th(ms): 226.5, 99.9th(ms): 335.5, Max(ms): 453.0
[Current] STOCK_LEVEL - Takes(s): 10.0, Count: 187, TPM: 1123.0, Sum(ms): 14110.9, Avg(ms): 75.6, 50th(ms): 75.5, 90th(ms): 109.1, 95th(ms): 121.6, 99th(ms): 151.0, 99.9th(ms): 176.2, Max(ms): 176.2
[Current] DELIVERY - Takes(s): 10.0, Count: 176, TPM: 1059.5, Sum(ms): 87028.9, Avg(ms): 494.5, 50th(ms): 453.0, 90th(ms): 704.6, 95th(ms): 872.4, 99th(ms): 1006.6, 99.9th(ms): 1140.9, Max(ms): 1140.9
[Current] NEW_ORDER - Takes(s): 10.0, Count: 1931, TPM: 11589.2, Sum(ms): 312183.1, Avg(ms): 161.8, 50th(ms): 151.0, 90th(ms): 234.9, 95th(ms): 285.2, 99th(ms): 402.7, 99.9th(ms): 671.1, Max(ms): 704.6
[Current] ORDER_STATUS - Takes(s): 10.0, Count: 179, TPM: 1076.1, Sum(ms): 12803.4, Avg(ms): 71.7, 50th(ms): 65.0, 90th(ms): 100.7, 95th(ms): 130.0, 99th(ms): 167.8, 99.9th(ms): 453.0, Max(ms): 453.0
[Current] PAYMENT - Takes(s): 10.0, Count: 1847, TPM: 11084.6, Sum(ms): 202770.6, Avg(ms): 109.8, 50th(ms): 96.5, 90th(ms): 176.2, 95th(ms): 209.7, 99th(ms): 302.0, 99.9th(ms): 570.4, Max(ms): 570.4
[Current] STOCK_LEVEL - Takes(s): 9.9, Count: 169, TPM: 1025.6, Sum(ms): 12226.6, Avg(ms): 72.4, 50th(ms): 71.3, 90th(ms): 109.1, 95th(ms): 121.6, 99th(ms): 159.4, 99.9th(ms): 209.7, Max(ms): 209.7
[Current] DELIVERY - Takes(s): 10.0, Count: 168, TPM: 1011.7, Sum(ms): 78822.1, Avg(ms): 469.5, 50th(ms): 453.0, 90th(ms): 604.0, 95th(ms): 805.3, 99th(ms): 939.5, 99.9th(ms): 939.5, Max(ms): 939.5
[Current] NEW_ORDER - Takes(s): 10.0, Count: 2051, TPM: 12306.4, Sum(ms): 315485.4, Avg(ms): 153.9, 50th(ms): 142.6, 90th(ms): 209.7, 95th(ms): 251.7, 99th(ms): 419.4, 99.9th(ms): 570.4, Max(ms): 570.4
[Current] ORDER_STATUS - Takes(s): 10.0, Count: 161, TPM: 969.9, Sum(ms): 10496.0, Avg(ms): 65.3, 50th(ms): 65.0, 90th(ms): 92.3, 95th(ms): 100.7, 99th(ms): 125.8, 99.9th(ms): 142.6, Max(ms): 142.6
[Current] PAYMENT - Takes(s): 10.0, Count: 1994, TPM: 11964.8, Sum(ms): 209886.8, Avg(ms): 105.2, 50th(ms): 96.5, 90th(ms): 159.4, 95th(ms): 184.5, 99th(ms): 302.0, 99.9th(ms): 436.2, Max(ms): 486.5
[Current] STOCK_LEVEL - Takes(s): 10.0, Count: 162, TPM: 974.0, Sum(ms): 11096.7, Avg(ms): 68.7, 50th(ms): 67.1, 90th(ms): 92.3, 95th(ms): 100.7, 99th(ms): 121.6, 99.9th(ms): 142.6, Max(ms): 142.6
[Current] DELIVERY - Takes(s): 10.0, Count: 200, TPM: 1200.1, Sum(ms): 94410.4, Avg(ms): 471.8, 50th(ms): 453.0, 90th(ms): 604.0, 95th(ms): 704.6, 99th(ms): 838.9, 99.9th(ms): 872.4, Max(ms): 872.4
[Current] NEW_ORDER - Takes(s): 10.0, Count: 2106, TPM: 12636.2, Sum(ms): 318650.9, Avg(ms): 151.4, 50th(ms): 142.6, 90th(ms): 192.9, 95th(ms): 243.3, 99th(ms): 318.8, 99.9th(ms): 402.7, Max(ms): 419.4
[Current] ORDER_STATUS - Takes(s): 9.9, Count: 159, TPM: 960.7, Sum(ms): 10074.3, Avg(ms): 63.3, 50th(ms): 60.8, 90th(ms): 88.1, 95th(ms): 100.7, 99th(ms): 117.4, 99.9th(ms): 167.8, Max(ms): 167.8
[Current] PAYMENT - Takes(s): 10.0, Count: 1947, TPM: 11681.9, Sum(ms): 194785.6, Avg(ms): 100.0, 50th(ms): 92.3, 90th(ms): 142.6, 95th(ms): 176.2, 99th(ms): 209.7, 99.9th(ms): 302.0, Max(ms): 318.8
[Current] STOCK_LEVEL - Takes(s): 9.8, Count: 164, TPM: 999.3, Sum(ms): 10180.9, Avg(ms): 62.0, 50th(ms): 60.8, 90th(ms): 79.7, 95th(ms): 92.3, 99th(ms): 104.9, 99.9th(ms): 151.0, Max(ms): 151.0
[Current] DELIVERY - Takes(s): 10.0, Count: 183, TPM: 1098.8, Sum(ms): 76875.0, Avg(ms): 420.6, 50th(ms): 402.7, 90th(ms): 570.4, 95th(ms): 637.5, 99th(ms): 805.3, 99.9th(ms): 838.9, Max(ms): 838.9
[Current] NEW_ORDER - Takes(s): 10.0, Count: 2161, TPM: 12977.7, Sum(ms): 310402.4, Avg(ms): 143.7, 50th(ms): 142.6, 90th(ms): 192.9, 95th(ms): 226.5, 99th(ms): 302.0, 99.9th(ms): 369.1, Max(ms): 369.1
[Current] ORDER_STATUS - Takes(s): 10.0, Count: 207, TPM: 1247.1, Sum(ms): 12055.0, Avg(ms): 58.2, 50th(ms): 56.6, 90th(ms): 79.7, 95th(ms): 96.5, 99th(ms): 125.8, 99.9th(ms): 159.4, Max(ms): 159.4
[Current] PAYMENT - Takes(s): 10.0, Count: 2126, TPM: 12756.6, Sum(ms): 214630.1, Avg(ms): 101.0, 50th(ms): 92.3, 90th(ms): 151.0, 95th(ms): 176.2, 99th(ms): 234.9, 99.9th(ms): 285.2, Max(ms): 369.1
[Current] STOCK_LEVEL - Takes(s): 10.0, Count: 197, TPM: 1186.6, Sum(ms): 12079.4, Avg(ms): 61.3, 50th(ms): 58.7, 90th(ms): 92.3, 95th(ms): 100.7, 99th(ms): 113.2, 99.9th(ms): 142.6, Max(ms): 142.6
[Current] DELIVERY - Takes(s): 9.9, Count: 172, TPM: 1038.7, Sum(ms): 81620.6, Avg(ms): 474.6, 50th(ms): 453.0, 90th(ms): 637.5, 95th(ms): 738.2, 99th(ms): 872.4, 99.9th(ms): 973.1, Max(ms): 973.1
[Current] NEW_ORDER - Takes(s): 10.0, Count: 2035, TPM: 12216.5, Sum(ms): 310900.6, Avg(ms): 152.9, 50th(ms): 142.6, 90th(ms): 218.1, 95th(ms): 268.4, 99th(ms): 335.5, 99.9th(ms): 385.9, Max(ms): 637.5
[Current] ORDER_STATUS - Takes(s): 10.0, Count: 221, TPM: 1326.6, Sum(ms): 14176.8, Avg(ms): 64.2, 50th(ms): 60.8, 90th(ms): 92.3, 95th(ms): 113.2, 99th(ms): 167.8, 99.9th(ms): 184.5, Max(ms): 184.5
[Current] PAYMENT - Takes(s): 10.0, Count: 2028, TPM: 12169.8, Sum(ms): 206717.6, Avg(ms): 101.9, 50th(ms): 92.3, 90th(ms): 159.4, 95th(ms): 184.5, 99th(ms): 243.3, 99.9th(ms): 318.8, Max(ms): 352.3
[Current] STOCK_LEVEL - Takes(s): 10.0, Count: 195, TPM: 1171.1, Sum(ms): 12041.9, Avg(ms): 61.8, 50th(ms): 60.8, 90th(ms): 83.9, 95th(ms): 92.3, 99th(ms): 121.6, 99.9th(ms): 125.8, Max(ms): 125.8
[Current] DELIVERY - Takes(s): 10.0, Count: 210, TPM: 1261.9, Sum(ms): 91049.2, Avg(ms): 433.5, 50th(ms): 402.7, 90th(ms): 536.9, 95th(ms): 637.5, 99th(ms): 805.3, 99.9th(ms): 1040.2, Max(ms): 1040.2
[Current] NEW_ORDER - Takes(s): 10.0, Count: 2209, TPM: 13254.4, Sum(ms): 312889.4, Avg(ms): 141.8, 50th(ms): 134.2, 90th(ms): 192.9, 95th(ms): 209.7, 99th(ms): 285.2, 99.9th(ms): 318.8, Max(ms): 385.9
[Current] ORDER_STATUS - Takes(s): 10.0, Count: 190, TPM: 1143.6, Sum(ms): 11743.5, Avg(ms): 61.8, 50th(ms): 58.7, 90th(ms): 83.9, 95th(ms): 100.7, 99th(ms): 125.8, 99.9th(ms): 134.2, Max(ms): 134.2
[Current] PAYMENT - Takes(s): 10.0, Count: 2090, TPM: 12560.6, Sum(ms): 198177.5, Avg(ms): 94.9, 50th(ms): 88.1, 90th(ms): 134.2, 95th(ms): 159.4, 99th(ms): 209.7, 99.9th(ms): 285.2, Max(ms): 285.2
[Current] STOCK_LEVEL - Takes(s): 10.0, Count: 201, TPM: 1206.4, Sum(ms): 11925.7, Avg(ms): 59.4, 50th(ms): 58.7, 90th(ms): 83.9, 95th(ms): 92.3, 99th(ms): 113.2, 99.9th(ms): 159.4, Max(ms): 159.4
[Current] DELIVERY - Takes(s): 10.0, Count: 199, TPM: 1196.0, Sum(ms): 97406.3, Avg(ms): 489.2, 50th(ms): 453.0, 90th(ms): 704.6, 95th(ms): 838.9, 99th(ms): 973.1, 99.9th(ms): 1140.9, Max(ms): 1140.9
[Current] NEW_ORDER - Takes(s): 10.0, Count: 1992, TPM: 11955.8, Sum(ms): 301453.1, Avg(ms): 151.4, 50th(ms): 142.6, 90th(ms): 201.3, 95th(ms): 243.3, 99th(ms): 436.2, 99.9th(ms): 637.5, Max(ms): 738.2
[Current] ORDER_STATUS - Takes(s): 9.9, Count: 205, TPM: 1238.0, Sum(ms): 13311.9, Avg(ms): 65.0, 50th(ms): 62.9, 90th(ms): 83.9, 95th(ms): 96.5, 99th(ms): 142.6, 99.9th(ms): 436.2, Max(ms): 436.2
[Current] PAYMENT - Takes(s): 10.0, Count: 1976, TPM: 11856.9, Sum(ms): 200208.6, Avg(ms): 101.3, 50th(ms): 92.3, 90th(ms): 151.0, 95th(ms): 176.2, 99th(ms): 318.8, 99.9th(ms): 520.1, Max(ms): 536.9
[Current] STOCK_LEVEL - Takes(s): 10.0, Count: 210, TPM: 1260.4, Sum(ms): 12377.0, Avg(ms): 59.0, 50th(ms): 56.6, 90th(ms): 79.7, 95th(ms): 88.1, 99th(ms): 113.2, 99.9th(ms): 226.5, Max(ms): 226.5
[Current] DELIVERY - Takes(s): 10.0, Count: 178, TPM: 1068.1, Sum(ms): 86800.1, Avg(ms): 487.5, 50th(ms): 469.8, 90th(ms): 671.1, 95th(ms): 805.3, 99th(ms): 1006.6, 99.9th(ms): 1140.9, Max(ms): 1140.9
[Current] NEW_ORDER - Takes(s): 10.0, Count: 2057, TPM: 12343.0, Sum(ms): 311197.7, Avg(ms): 151.4, 50th(ms): 142.6, 90th(ms): 201.3, 95th(ms): 234.9, 99th(ms): 335.5, 99.9th(ms): 536.9, Max(ms): 604.0
[Current] ORDER_STATUS - Takes(s): 10.0, Count: 187, TPM: 1122.6, Sum(ms): 12936.3, Avg(ms): 69.2, 50th(ms): 65.0, 90th(ms): 100.7, 95th(ms): 117.4, 99th(ms): 159.4, 99.9th(ms): 419.4, Max(ms): 419.4
[Current] PAYMENT - Takes(s): 10.0, Count: 1958, TPM: 11753.4, Sum(ms): 202390.6, Avg(ms): 103.5, 50th(ms): 92.3, 90th(ms): 159.4, 95th(ms): 184.5, 99th(ms): 251.7, 99.9th(ms): 486.5, Max(ms): 503.3
[Current] STOCK_LEVEL - Takes(s): 10.0, Count: 187, TPM: 1126.6, Sum(ms): 11229.4, Avg(ms): 60.1, 50th(ms): 54.5, 90th(ms): 79.7, 95th(ms): 92.3, 99th(ms): 130.0, 99.9th(ms): 385.9, Max(ms): 385.9
[Current] DELIVERY - Takes(s): 10.0, Count: 179, TPM: 1074.3, Sum(ms): 81184.8, Avg(ms): 453.6, 50th(ms): 419.4, 90th(ms): 637.5, 95th(ms): 738.2, 99th(ms): 805.3, 99.9th(ms): 939.5, Max(ms): 939.5
[Current] NEW_ORDER - Takes(s): 10.0, Count: 2242, TPM: 13455.3, Sum(ms): 326067.9, Avg(ms): 145.5, 50th(ms): 142.6, 90th(ms): 184.5, 95th(ms): 234.9, 99th(ms): 335.5, 99.9th(ms): 402.7, Max(ms): 419.4
[Current] ORDER_STATUS - Takes(s): 10.0, Count: 175, TPM: 1051.4, Sum(ms): 10923.8, Avg(ms): 62.5, 50th(ms): 62.9, 90th(ms): 83.9, 95th(ms): 88.1, 99th(ms): 92.3, 99.9th(ms): 151.0, Max(ms): 151.0
[Current] PAYMENT - Takes(s): 10.0, Count: 2024, TPM: 12162.2, Sum(ms): 196399.3, Avg(ms): 97.0, 50th(ms): 92.3, 90th(ms): 134.2, 95th(ms): 167.8, 99th(ms): 226.5, 99.9th(ms): 335.5, Max(ms): 385.9
[Current] STOCK_LEVEL - Takes(s): 10.0, Count: 220, TPM: 1321.6, Sum(ms): 12403.4, Avg(ms): 56.3, 50th(ms): 54.5, 90th(ms): 71.3, 95th(ms): 79.7, 99th(ms): 109.1, 99.9th(ms): 113.2, Max(ms): 113.2
[Current] DELIVERY - Takes(s): 10.0, Count: 168, TPM: 1010.0, Sum(ms): 77187.5, Avg(ms): 459.3, 50th(ms): 436.2, 90th(ms): 570.4, 95th(ms): 704.6, 99th(ms): 838.9, 99.9th(ms): 872.4, Max(ms): 872.4
[Current] NEW_ORDER - Takes(s): 10.0, Count: 2173, TPM: 13050.3, Sum(ms): 318126.7, Avg(ms): 146.4, 50th(ms): 142.6, 90th(ms): 192.9, 95th(ms): 226.5, 99th(ms): 302.0, 99.9th(ms): 352.3, Max(ms): 402.7
[Current] ORDER_STATUS - Takes(s): 9.9, Count: 210, TPM: 1268.5, Sum(ms): 14044.0, Avg(ms): 66.9, 50th(ms): 65.0, 90th(ms): 88.1, 95th(ms): 121.6, 99th(ms): 151.0, 99.9th(ms): 159.4, Max(ms): 159.4
[Current] PAYMENT - Takes(s): 10.0, Count: 2059, TPM: 12354.8, Sum(ms): 201299.9, Avg(ms): 97.8, 50th(ms): 92.3, 90th(ms): 142.6, 95th(ms): 167.8, 99th(ms): 218.1, 99.9th(ms): 318.8, Max(ms): 335.5
[Current] STOCK_LEVEL - Takes(s): 9.9, Count: 181, TPM: 1098.1, Sum(ms): 10698.0, Avg(ms): 59.2, 50th(ms): 56.6, 90th(ms): 75.5, 95th(ms): 88.1, 99th(ms): 109.1, 99.9th(ms): 113.2, Max(ms): 113.2
[Current] DELIVERY - Takes(s): 10.0, Count: 186, TPM: 1117.6, Sum(ms): 93804.9, Avg(ms): 504.4, 50th(ms): 453.0, 90th(ms): 738.2, 95th(ms): 838.9, 99th(ms): 939.5, 99.9th(ms): 1006.6, Max(ms): 1006.6
[Current] NEW_ORDER - Takes(s): 10.0, Count: 1994, TPM: 11964.2, Sum(ms): 313619.6, Avg(ms): 157.3, 50th(ms): 151.0, 90th(ms): 218.1, 95th(ms): 260.0, 99th(ms): 335.5, 99.9th(ms): 369.1, Max(ms): 385.9
[Current] ORDER_STATUS - Takes(s): 9.8, Count: 164, TPM: 1003.8, Sum(ms): 10730.5, Avg(ms): 65.5, 50th(ms): 62.9, 90th(ms): 92.3, 95th(ms): 104.9, 99th(ms): 121.6, 99.9th(ms): 142.6, Max(ms): 142.6
[Current] PAYMENT - Takes(s): 10.0, Count: 1901, TPM: 11419.3, Sum(ms): 201735.7, Avg(ms): 106.1, 50th(ms): 96.5, 90th(ms): 159.4, 95th(ms): 184.5, 99th(ms): 243.3, 99.9th(ms): 385.9, Max(ms): 436.2
[Current] STOCK_LEVEL - Takes(s): 9.9, Count: 174, TPM: 1056.4, Sum(ms): 10681.4, Avg(ms): 61.4, 50th(ms): 60.8, 90th(ms): 79.7, 95th(ms): 88.1, 99th(ms): 109.1, 99.9th(ms): 142.6, Max(ms): 142.6
[Current] DELIVERY - Takes(s): 10.0, Count: 213, TPM: 1281.8, Sum(ms): 98345.8, Avg(ms): 461.8, 50th(ms): 436.2, 90th(ms): 604.0, 95th(ms): 671.1, 99th(ms): 838.9, 99.9th(ms): 1006.6, Max(ms): 1006.6
[Current] NEW_ORDER - Takes(s): 10.0, Count: 2115, TPM: 12690.1, Sum(ms): 310860.4, Avg(ms): 147.1, 50th(ms): 142.6, 90th(ms): 184.5, 95th(ms): 209.7, 99th(ms): 285.2, 99.9th(ms): 352.3, Max(ms): 469.8
[Current] ORDER_STATUS - Takes(s): 9.9, Count: 202, TPM: 1220.1, Sum(ms): 12804.4, Avg(ms): 63.4, 50th(ms): 62.9, 90th(ms): 83.9, 95th(ms): 92.3, 99th(ms): 121.6, 99.9th(ms): 125.8, Max(ms): 125.8
[Current] PAYMENT - Takes(s): 10.0, Count: 1997, TPM: 11986.3, Sum(ms): 191715.5, Avg(ms): 96.0, 50th(ms): 92.3, 90th(ms): 130.0, 95th(ms): 151.0, 99th(ms): 192.9, 99.9th(ms): 234.9, Max(ms): 352.3
[Current] STOCK_LEVEL - Takes(s): 9.9, Count: 176, TPM: 1062.1, Sum(ms): 12562.9, Avg(ms): 71.5, 50th(ms): 58.7, 90th(ms): 88.1, 95th(ms): 159.4, 99th(ms): 285.2, 99.9th(ms): 302.0, Max(ms): 302.0
[Current] DELIVERY - Takes(s): 10.0, Count: 161, TPM: 969.8, Sum(ms): 78242.3, Avg(ms): 486.9, 50th(ms): 453.0, 90th(ms): 604.0, 95th(ms): 838.9, 99th(ms): 1073.7, 99.9th(ms): 1208.0, Max(ms): 1208.0
[Current] NEW_ORDER - Takes(s): 10.0, Count: 2030, TPM: 12181.6, Sum(ms): 319280.6, Avg(ms): 157.4, 50th(ms): 151.0, 90th(ms): 209.7, 95th(ms): 268.4, 99th(ms): 486.5, 99.9th(ms): 637.5, Max(ms): 738.2
[Current] ORDER_STATUS - Takes(s): 10.0, Count: 185, TPM: 1115.4, Sum(ms): 12702.7, Avg(ms): 68.6, 50th(ms): 65.0, 90th(ms): 92.3, 95th(ms): 117.4, 99th(ms): 151.0, 99.9th(ms): 167.8, Max(ms): 167.8
[Current] PAYMENT - Takes(s): 10.0, Count: 1946, TPM: 11676.7, Sum(ms): 203639.2, Avg(ms): 104.7, 50th(ms): 96.5, 90th(ms): 159.4, 95th(ms): 184.5, 99th(ms): 234.9, 99.9th(ms): 570.4, Max(ms): 637.5
[Current] STOCK_LEVEL - Takes(s): 9.9, Count: 182, TPM: 1106.2, Sum(ms): 12180.7, Avg(ms): 66.9, 50th(ms): 60.8, 90th(ms): 92.3, 95th(ms): 113.2, 99th(ms): 226.5, 99.9th(ms): 436.2, Max(ms): 436.2
[Current] DELIVERY - Takes(s): 10.0, Count: 145, TPM: 871.4, Sum(ms): 71757.9, Avg(ms): 495.0, 50th(ms): 503.3, 90th(ms): 671.1, 95th(ms): 738.2, 99th(ms): 906.0, 99.9th(ms): 939.5, Max(ms): 939.5
[Current] NEW_ORDER - Takes(s): 10.0, Count: 2046, TPM: 12277.2, Sum(ms): 327594.9, Avg(ms): 160.2, 50th(ms): 151.0, 90th(ms): 226.5, 95th(ms): 260.0, 99th(ms): 335.5, 99.9th(ms): 486.5, Max(ms): 570.4
[Current] ORDER_STATUS - Takes(s): 10.0, Count: 175, TPM: 1051.2, Sum(ms): 12040.1, Avg(ms): 68.9, 50th(ms): 67.1, 90th(ms): 96.5, 95th(ms): 109.1, 99th(ms): 142.6, 99.9th(ms): 184.5, Max(ms): 184.5
[Current] PAYMENT - Takes(s): 10.0, Count: 1882, TPM: 11293.1, Sum(ms): 199208.9, Avg(ms): 105.8, 50th(ms): 96.5, 90th(ms): 159.4, 95th(ms): 184.5, 99th(ms): 268.4, 99.9th(ms): 402.7, Max(ms): 486.5
[Current] STOCK_LEVEL - Takes(s): 10.0, Count: 171, TPM: 1027.0, Sum(ms): 12727.4, Avg(ms): 74.4, 50th(ms): 62.9, 90th(ms): 117.4, 95th(ms): 151.0, 99th(ms): 192.9, 99.9th(ms): 302.0, Max(ms): 302.0
[Current] DELIVERY - Takes(s): 10.0, Count: 178, TPM: 1071.4, Sum(ms): 88238.9, Avg(ms): 495.2, 50th(ms): 453.0, 90th(ms): 671.1, 95th(ms): 838.9, 99th(ms): 1040.2, 99.9th(ms): 1208.0, Max(ms): 1208.0
[Current] NEW_ORDER - Takes(s): 10.0, Count: 2128, TPM: 12769.0, Sum(ms): 319330.0, Avg(ms): 150.1, 50th(ms): 151.0, 90th(ms): 192.9, 95th(ms): 234.9, 99th(ms): 302.0, 99.9th(ms): 335.5, Max(ms): 369.1
[Current] ORDER_STATUS - Takes(s): 10.0, Count: 166, TPM: 997.3, Sum(ms): 10462.2, Avg(ms): 63.1, 50th(ms): 62.9, 90th(ms): 83.9, 95th(ms): 88.1, 99th(ms): 113.2, 99.9th(ms): 125.8, Max(ms): 125.8
[Current] PAYMENT - Takes(s): 10.0, Count: 2002, TPM: 12012.2, Sum(ms): 196900.7, Avg(ms): 98.4, 50th(ms): 92.3, 90th(ms): 134.2, 95th(ms): 159.4, 99th(ms): 201.3, 99.9th(ms): 260.0, Max(ms): 369.1
[Current] STOCK_LEVEL - Takes(s): 9.9, Count: 194, TPM: 1172.3, Sum(ms): 12964.5, Avg(ms): 66.9, 50th(ms): 62.9, 90th(ms): 92.3, 95th(ms): 109.1, 99th(ms): 201.3, 99.9th(ms): 201.3, Max(ms): 201.3
[Current] DELIVERY - Takes(s): 10.0, Count: 214, TPM: 1286.0, Sum(ms): 92273.3, Avg(ms): 430.8, 50th(ms): 402.7, 90th(ms): 536.9, 95th(ms): 637.5, 99th(ms): 939.5, 99.9th(ms): 1275.1, Max(ms): 1275.1
[Current] NEW_ORDER - Takes(s): 10.0, Count: 2186, TPM: 13137.3, Sum(ms): 307687.5, Avg(ms): 140.8, 50th(ms): 134.2, 90th(ms): 184.5, 95th(ms): 218.1, 99th(ms): 302.0, 99.9th(ms): 369.1, Max(ms): 385.9
[Current] ORDER_STATUS - Takes(s): 10.0, Count: 220, TPM: 1321.6, Sum(ms): 13083.3, Avg(ms): 59.6, 50th(ms): 58.7, 90th(ms): 79.7, 95th(ms): 92.3, 99th(ms): 104.9, 99.9th(ms): 159.4, Max(ms): 159.4
[Current] PAYMENT - Takes(s): 10.0, Count: 2095, TPM: 12573.3, Sum(ms): 199119.5, Avg(ms): 95.0, 50th(ms): 88.1, 90th(ms): 142.6, 95th(ms): 159.4, 99th(ms): 218.1, 99.9th(ms): 302.0, Max(ms): 335.5
[Current] STOCK_LEVEL - Takes(s): 9.9, Count: 200, TPM: 1208.4, Sum(ms): 15183.2, Avg(ms): 76.0, 50th(ms): 60.8, 90th(ms): 130.0, 95th(ms): 184.5, 99th(ms): 251.7, 99.9th(ms): 503.3, Max(ms): 503.3
[Current] DELIVERY - Takes(s): 9.8, Count: 163, TPM: 993.0, Sum(ms): 78624.9, Avg(ms): 482.8, 50th(ms): 503.3, 90th(ms): 637.5, 95th(ms): 671.1, 99th(ms): 872.4, 99.9th(ms): 939.5, Max(ms): 939.5
[Current] NEW_ORDER - Takes(s): 10.0, Count: 2078, TPM: 12471.3, Sum(ms): 317014.2, Avg(ms): 152.6, 50th(ms): 142.6, 90th(ms): 209.7, 95th(ms): 260.0, 99th(ms): 335.5, 99.9th(ms): 385.9, Max(ms): 469.8
[Current] ORDER_STATUS - Takes(s): 10.0, Count: 195, TPM: 1175.8, Sum(ms): 13443.5, Avg(ms): 68.8, 50th(ms): 65.0, 90th(ms): 100.7, 95th(ms): 109.1, 99th(ms): 159.4, 99.9th(ms): 184.5, Max(ms): 184.5
[Current] PAYMENT - Takes(s): 10.0, Count: 1979, TPM: 11877.3, Sum(ms): 202547.7, Avg(ms): 102.4, 50th(ms): 96.5, 90th(ms): 151.0, 95th(ms): 176.2, 99th(ms): 226.5, 99.9th(ms): 302.0, Max(ms): 385.9
[Current] STOCK_LEVEL - Takes(s): 10.0, Count: 189, TPM: 1139.6, Sum(ms): 11885.3, Avg(ms): 62.9, 50th(ms): 58.7, 90th(ms): 83.9, 95th(ms): 100.7, 99th(ms): 151.0, 99.9th(ms): 201.3, Max(ms): 201.3
[Current] DELIVERY - Takes(s): 10.0, Count: 189, TPM: 1134.4, Sum(ms): 84769.7, Avg(ms): 449.2, 50th(ms): 453.0, 90th(ms): 570.4, 95th(ms): 604.0, 99th(ms): 738.2, 99.9th(ms): 872.4, Max(ms): 872.4
[Current] NEW_ORDER - Takes(s): 10.0, Count: 2156, TPM: 12938.1, Sum(ms): 314457.9, Avg(ms): 145.9, 50th(ms): 142.6, 90th(ms): 192.9, 95th(ms): 218.1, 99th(ms): 302.0, 99.9th(ms): 352.3, Max(ms): 402.7
[Current] ORDER_STATUS - Takes(s): 10.0, Count: 202, TPM: 1217.3, Sum(ms): 12889.9, Avg(ms): 63.8, 50th(ms): 60.8, 90th(ms): 88.1, 95th(ms): 100.7, 99th(ms): 125.8, 99.9th(ms): 130.0, Max(ms): 130.0
[Current] PAYMENT - Takes(s): 10.0, Count: 2119, TPM: 12714.0, Sum(ms): 202517.6, Avg(ms): 95.6, 50th(ms): 92.3, 90th(ms): 134.2, 95th(ms): 159.4, 99th(ms): 209.7, 99.9th(ms): 285.2, Max(ms): 335.5
[Current] STOCK_LEVEL - Takes(s): 10.0, Count: 196, TPM: 1180.1, Sum(ms): 11909.6, Avg(ms): 60.8, 50th(ms): 58.7, 90th(ms): 83.9, 95th(ms): 100.7, 99th(ms): 134.2, 99.9th(ms): 142.6, Max(ms): 142.6
[Current] DELIVERY - Takes(s): 9.9, Count: 194, TPM: 1170.7, Sum(ms): 87649.8, Avg(ms): 452.2, 50th(ms): 402.7, 90th(ms): 671.1, 95th(ms): 805.3, 99th(ms): 939.5, 99.9th(ms): 1040.2, Max(ms): 1040.2
[Current] NEW_ORDER - Takes(s): 10.0, Count: 2066, TPM: 12400.7, Sum(ms): 306936.4, Avg(ms): 148.6, 50th(ms): 134.2, 90th(ms): 209.7, 95th(ms): 260.0, 99th(ms): 352.3, 99.9th(ms): 637.5, Max(ms): 671.1
[Current] ORDER_STATUS - Takes(s): 10.0, Count: 198, TPM: 1192.5, Sum(ms): 12557.0, Avg(ms): 63.5, 50th(ms): 60.8, 90th(ms): 88.1, 95th(ms): 109.1, 99th(ms): 142.6, 99.9th(ms): 151.0, Max(ms): 151.0
[Current] PAYMENT - Takes(s): 10.0, Count: 2084, TPM: 12508.6, Sum(ms): 207068.8, Avg(ms): 99.4, 50th(ms): 88.1, 90th(ms): 151.0, 95th(ms): 176.2, 99th(ms): 302.0, 99.9th(ms): 520.1, Max(ms): 604.0
[Current] STOCK_LEVEL - Takes(s): 9.9, Count: 190, TPM: 1146.0, Sum(ms): 12555.9, Avg(ms): 66.0, 50th(ms): 56.6, 90th(ms): 96.5, 95th(ms): 125.8, 99th(ms): 234.9, 99.9th(ms): 520.1, Max(ms): 520.1
[Current] DELIVERY - Takes(s): 10.0, Count: 178, TPM: 1069.2, Sum(ms): 67178.9, Avg(ms): 378.3, 50th(ms): 352.3, 90th(ms): 520.1, 95th(ms): 570.4, 99th(ms): 738.2, 99.9th(ms): 771.8, Max(ms): 771.8
[Current] NEW_ORDER - Takes(s): 10.0, Count: 1924, TPM: 11549.9, Sum(ms): 310467.5, Avg(ms): 161.4, 50th(ms): 151.0, 90th(ms): 234.9, 95th(ms): 285.2, 99th(ms): 436.2, 99.9th(ms): 637.5, Max(ms): 637.5
[Current] ORDER_STATUS - Takes(s): 9.9, Count: 165, TPM: 1001.9, Sum(ms): 10099.3, Avg(ms): 61.2, 50th(ms): 56.6, 90th(ms): 92.3, 95th(ms): 117.4, 99th(ms): 151.0, 99.9th(ms): 385.9, Max(ms): 385.9
[Current] PAYMENT - Takes(s): 10.0, Count: 1802, TPM: 10814.7, Sum(ms): 222341.9, Avg(ms): 123.4, 50th(ms): 109.1, 90th(ms): 192.9, 95th(ms): 260.0, 99th(ms): 419.4, 99.9th(ms): 570.4, Max(ms): 604.0
[Current] STOCK_LEVEL - Takes(s): 10.0, Count: 181, TPM: 1086.7, Sum(ms): 14947.2, Avg(ms): 82.6, 50th(ms): 58.7, 90th(ms): 151.0, 95th(ms): 218.1, 99th(ms): 570.4, 99.9th(ms): 738.2, Max(ms): 738.2
[Current] DELIVERY - Takes(s): 10.0, Count: 146, TPM: 876.2, Sum(ms): 65776.8, Avg(ms): 450.0, 50th(ms): 436.2, 90th(ms): 570.4, 95th(ms): 671.1, 99th(ms): 872.4, 99.9th(ms): 973.1, Max(ms): 973.1
[Current] NEW_ORDER - Takes(s): 10.0, Count: 1870, TPM: 11223.4, Sum(ms): 314552.9, Avg(ms): 168.3, 50th(ms): 159.4, 90th(ms): 243.3, 95th(ms): 302.0, 99th(ms): 369.1, 99.9th(ms): 536.9, Max(ms): 637.5
[Current] ORDER_STATUS - Takes(s): 10.0, Count: 177, TPM: 1062.1, Sum(ms): 12006.8, Avg(ms): 67.9, 50th(ms): 62.9, 90th(ms): 100.7, 95th(ms): 113.2, 99th(ms): 209.7, 99.9th(ms): 260.0, Max(ms): 260.0
[Current] PAYMENT - Takes(s): 10.0, Count: 1837, TPM: 11028.7, Sum(ms): 226975.7, Avg(ms): 123.6, 50th(ms): 109.1, 90th(ms): 201.3, 95th(ms): 251.7, 99th(ms): 369.1, 99.9th(ms): 469.8, Max(ms): 503.3
[Current] STOCK_LEVEL - Takes(s): 9.9, Count: 159, TPM: 960.1, Sum(ms): 14063.9, Avg(ms): 88.3, 50th(ms): 62.9, 90th(ms): 151.0, 95th(ms): 176.2, 99th(ms): 704.6, 99.9th(ms): 872.4, Max(ms): 872.4
[Current] DELIVERY - Takes(s): 10.0, Count: 173, TPM: 1040.1, Sum(ms): 81063.8, Avg(ms): 468.4, 50th(ms): 453.0, 90th(ms): 604.0, 95th(ms): 637.5, 99th(ms): 805.3, 99.9th(ms): 805.3, Max(ms): 805.3
[Current] NEW_ORDER - Takes(s): 10.0, Count: 2074, TPM: 12449.8, Sum(ms): 322104.0, Avg(ms): 155.4, 50th(ms): 151.0, 90th(ms): 201.3, 95th(ms): 243.3, 99th(ms): 369.1, 99.9th(ms): 453.0, Max(ms): 570.4
[Current] ORDER_STATUS - Takes(s): 9.8, Count: 201, TPM: 1230.3, Sum(ms): 13942.8, Avg(ms): 69.3, 50th(ms): 67.1, 90th(ms): 92.3, 95th(ms): 109.1, 99th(ms): 130.0, 99.9th(ms): 218.1, Max(ms): 218.1
[Current] PAYMENT - Takes(s): 10.0, Count: 1928, TPM: 11576.8, Sum(ms): 198167.0, Avg(ms): 102.8, 50th(ms): 96.5, 90th(ms): 151.0, 95th(ms): 176.2, 99th(ms): 243.3, 99.9th(ms): 369.1, Max(ms): 520.1
[Current] STOCK_LEVEL - Takes(s): 9.9, Count: 169, TPM: 1020.5, Sum(ms): 11310.2, Avg(ms): 66.9, 50th(ms): 60.8, 90th(ms): 92.3, 95th(ms): 109.1, 99th(ms): 130.0, 99.9th(ms): 176.2, Max(ms): 176.2
[Current] DELIVERY - Takes(s): 9.8, Count: 173, TPM: 1057.1, Sum(ms): 85896.1, Avg(ms): 496.9, 50th(ms): 469.8, 90th(ms): 604.0, 95th(ms): 771.8, 99th(ms): 906.0, 99.9th(ms): 1140.9, Max(ms): 1140.9
[Current] NEW_ORDER - Takes(s): 10.0, Count: 2002, TPM: 12012.1, Sum(ms): 318663.9, Avg(ms): 159.2, 50th(ms): 151.0, 90th(ms): 209.7, 95th(ms): 243.3, 99th(ms): 335.5, 99.9th(ms): 419.4, Max(ms): 453.0
[Current] ORDER_STATUS - Takes(s): 10.0, Count: 173, TPM: 1038.8, Sum(ms): 12454.4, Avg(ms): 71.9, 50th(ms): 71.3, 90th(ms): 96.5, 95th(ms): 104.9, 99th(ms): 121.6, 99.9th(ms): 159.4, Max(ms): 159.4
[Current] PAYMENT - Takes(s): 10.0, Count: 1837, TPM: 11022.5, Sum(ms): 195353.2, Avg(ms): 106.4, 50th(ms): 100.7, 90th(ms): 151.0, 95th(ms): 184.5, 99th(ms): 243.3, 99.9th(ms): 302.0, Max(ms): 352.3
[Current] STOCK_LEVEL - Takes(s): 9.9, Count: 156, TPM: 942.9, Sum(ms): 13661.6, Avg(ms): 87.5, 50th(ms): 83.9, 90th(ms): 142.6, 95th(ms): 151.0, 99th(ms): 176.2, 99.9th(ms): 192.9, Max(ms): 192.9
[Current] DELIVERY - Takes(s): 9.7, Count: 171, TPM: 1062.7, Sum(ms): 89335.4, Avg(ms): 522.9, 50th(ms): 503.3, 90th(ms): 704.6, 95th(ms): 805.3, 99th(ms): 939.5, 99.9th(ms): 1073.7, Max(ms): 1073.7
[Current] NEW_ORDER - Takes(s): 10.0, Count: 1884, TPM: 11303.9, Sum(ms): 310352.2, Avg(ms): 164.9, 50th(ms): 159.4, 90th(ms): 226.5, 95th(ms): 268.4, 99th(ms): 335.5, 99.9th(ms): 419.4, Max(ms): 436.2
[Current] ORDER_STATUS - Takes(s): 10.0, Count: 188, TPM: 1128.0, Sum(ms): 13690.8, Avg(ms): 72.8, 50th(ms): 71.3, 90th(ms): 109.1, 95th(ms): 125.8, 99th(ms): 142.6, 99.9th(ms): 167.8, Max(ms): 167.8
[Current] PAYMENT - Takes(s): 10.0, Count: 1793, TPM: 10763.5, Sum(ms): 196800.9, Avg(ms): 109.8, 50th(ms): 100.7, 90th(ms): 159.4, 95th(ms): 184.5, 99th(ms): 243.3, 99.9th(ms): 318.8, Max(ms): 352.3
[Current] STOCK_LEVEL - Takes(s): 9.9, Count: 168, TPM: 1019.3, Sum(ms): 13772.1, Avg(ms): 82.1, 50th(ms): 71.3, 90th(ms): 142.6, 95th(ms): 159.4, 99th(ms): 234.9, 99.9th(ms): 335.5, Max(ms): 335.5
[Current] DELIVERY - Takes(s): 10.0, Count: 161, TPM: 967.2, Sum(ms): 85923.8, Avg(ms): 534.2, 50th(ms): 486.5, 90th(ms): 771.8, 95th(ms): 872.4, 99th(ms): 1140.9, 99.9th(ms): 1342.2, Max(ms): 1342.2
[Current] NEW_ORDER - Takes(s): 10.0, Count: 1878, TPM: 11274.0, Sum(ms): 321904.2, Avg(ms): 171.5, 50th(ms): 159.4, 90th(ms): 243.3, 95th(ms): 285.2, 99th(ms): 469.8, 99.9th(ms): 570.4, Max(ms): 604.0
[Current] ORDER_STATUS - Takes(s): 9.4, Count: 157, TPM: 999.6, Sum(ms): 11683.3, Avg(ms): 74.4, 50th(ms): 71.3, 90th(ms): 100.7, 95th(ms): 125.8, 99th(ms): 167.8, 99.9th(ms): 352.3, Max(ms): 352.3
[Current] PAYMENT - Takes(s): 10.0, Count: 1773, TPM: 10644.2, Sum(ms): 196995.8, Avg(ms): 111.2, 50th(ms): 100.7, 90th(ms): 167.8, 95th(ms): 192.9, 99th(ms): 285.2, 99.9th(ms): 402.7, Max(ms): 536.9
[Current] STOCK_LEVEL - Takes(s): 9.6, Count: 153, TPM: 953.5, Sum(ms): 11241.5, Avg(ms): 73.6, 50th(ms): 65.0, 90th(ms): 100.7, 95th(ms): 125.8, 99th(ms): 243.3, 99.9th(ms): 318.8, Max(ms): 318.8
[Current] DELIVERY - Takes(s): 10.0, Count: 174, TPM: 1045.8, Sum(ms): 86205.2, Avg(ms): 495.1, 50th(ms): 486.5, 90th(ms): 604.0, 95th(ms): 738.2, 99th(ms): 872.4, 99.9th(ms): 1208.0, Max(ms): 1208.0
[Current] NEW_ORDER - Takes(s): 10.0, Count: 1926, TPM: 11561.9, Sum(ms): 312040.3, Avg(ms): 162.1, 50th(ms): 159.4, 90th(ms): 218.1, 95th(ms): 251.7, 99th(ms): 385.9, 99.9th(ms): 604.0, Max(ms): 671.1
[Current] ORDER_STATUS - Takes(s): 10.0, Count: 187, TPM: 1122.2, Sum(ms): 13578.5, Avg(ms): 72.6, 50th(ms): 71.3, 90th(ms): 92.3, 95th(ms): 121.6, 99th(ms): 151.0, 99.9th(ms): 159.4, Max(ms): 159.4
[Current] PAYMENT - Takes(s): 10.0, Count: 1854, TPM: 11125.6, Sum(ms): 197569.8, Avg(ms): 106.6, 50th(ms): 100.7, 90th(ms): 151.0, 95th(ms): 176.2, 99th(ms): 226.5, 99.9th(ms): 469.8, Max(ms): 520.1
[Current] STOCK_LEVEL - Takes(s): 10.0, Count: 190, TPM: 1143.2, Sum(ms): 13616.5, Avg(ms): 71.7, 50th(ms): 60.8, 90th(ms): 96.5, 95th(ms): 121.6, 99th(ms): 234.9, 99.9th(ms): 402.7, Max(ms): 402.7
[Current] DELIVERY - Takes(s): 9.9, Count: 150, TPM: 911.5, Sum(ms): 77153.8, Avg(ms): 514.8, 50th(ms): 486.5, 90th(ms): 704.6, 95th(ms): 771.8, 99th(ms): 1040.2, 99.9th(ms): 1073.7, Max(ms): 1073.7
[Current] NEW_ORDER - Takes(s): 10.0, Count: 1974, TPM: 11846.5, Sum(ms): 319904.4, Avg(ms): 162.1, 50th(ms): 159.4, 90th(ms): 209.7, 95th(ms): 251.7, 99th(ms): 352.3, 99.9th(ms): 402.7, Max(ms): 436.2
[Current] ORDER_STATUS - Takes(s): 9.7, Count: 181, TPM: 1119.3, Sum(ms): 12545.2, Avg(ms): 69.3, 50th(ms): 67.1, 90th(ms): 92.3, 95th(ms): 96.5, 99th(ms): 113.2, 99.9th(ms): 151.0, Max(ms): 151.0
[Current] PAYMENT - Takes(s): 10.0, Count: 1908, TPM: 11463.3, Sum(ms): 206007.0, Avg(ms): 108.0, 50th(ms): 100.7, 90th(ms): 151.0, 95th(ms): 176.2, 99th(ms): 243.3, 99.9th(ms): 352.3, Max(ms): 486.5
[Current] STOCK_LEVEL - Takes(s): 9.7, Count: 181, TPM: 1117.0, Sum(ms): 12953.0, Avg(ms): 71.6, 50th(ms): 65.0, 90th(ms): 104.9, 95th(ms): 130.0, 99th(ms): 201.3, 99.9th(ms): 226.5, Max(ms): 226.5
[Current] DELIVERY - Takes(s): 10.0, Count: 175, TPM: 1053.4, Sum(ms): 85194.0, Avg(ms): 487.5, 50th(ms): 453.0, 90th(ms): 671.1, 95th(ms): 805.3, 99th(ms): 906.0, 99.9th(ms): 1208.0, Max(ms): 1208.0
[Current] NEW_ORDER - Takes(s): 10.0, Count: 2067, TPM: 12405.0, Sum(ms): 315241.8, Avg(ms): 152.6, 50th(ms): 151.0, 90th(ms): 192.9, 95th(ms): 243.3, 99th(ms): 318.8, 99.9th(ms): 385.9, Max(ms): 419.4
[Current] ORDER_STATUS - Takes(s): 9.9, Count: 181, TPM: 1095.3, Sum(ms): 11721.9, Avg(ms): 64.8, 50th(ms): 65.0, 90th(ms): 88.1, 95th(ms): 92.3, 99th(ms): 130.0, 99.9th(ms): 159.4, Max(ms): 159.4
[Current] PAYMENT - Takes(s): 10.0, Count: 2003, TPM: 12020.2, Sum(ms): 202448.1, Avg(ms): 101.1, 50th(ms): 96.5, 90th(ms): 151.0, 95th(ms): 176.2, 99th(ms): 218.1, 99.9th(ms): 285.2, Max(ms): 318.8
[Current] STOCK_LEVEL - Takes(s): 10.0, Count: 188, TPM: 1133.1, Sum(ms): 12017.0, Avg(ms): 63.9, 50th(ms): 60.8, 90th(ms): 92.3, 95th(ms): 104.9, 99th(ms): 142.6, 99.9th(ms): 151.0, Max(ms): 151.0
[Current] DELIVERY - Takes(s): 10.0, Count: 172, TPM: 1035.3, Sum(ms): 84969.2, Avg(ms): 494.6, 50th(ms): 453.0, 90th(ms): 671.1, 95th(ms): 838.9, 99th(ms): 973.1, 99.9th(ms): 1208.0, Max(ms): 1208.0
[Current] NEW_ORDER - Takes(s): 10.0, Count: 1962, TPM: 11773.2, Sum(ms): 307219.0, Avg(ms): 156.7, 50th(ms): 151.0, 90th(ms): 201.3, 95th(ms): 243.3, 99th(ms): 302.0, 99.9th(ms): 352.3, Max(ms): 352.3
[Current] ORDER_STATUS - Takes(s): 10.0, Count: 166, TPM: 999.0, Sum(ms): 11249.8, Avg(ms): 67.8, 50th(ms): 67.1, 90th(ms): 92.3, 95th(ms): 96.5, 99th(ms): 121.6, 99.9th(ms): 176.2, Max(ms): 176.2
[Current] PAYMENT - Takes(s): 10.0, Count: 2022, TPM: 12132.5, Sum(ms): 209283.7, Avg(ms): 103.5, 50th(ms): 96.5, 90th(ms): 151.0, 95th(ms): 176.2, 99th(ms): 243.3, 99.9th(ms): 318.8, Max(ms): 335.5
[Current] STOCK_LEVEL - Takes(s): 10.0, Count: 178, TPM: 1069.9, Sum(ms): 13770.2, Avg(ms): 77.6, 50th(ms): 65.0, 90th(ms): 113.2, 95th(ms): 176.2, 99th(ms): 318.8, 99.9th(ms): 369.1, Max(ms): 369.1
[Current] DELIVERY - Takes(s): 9.9, Count: 177, TPM: 1068.0, Sum(ms): 93093.8, Avg(ms): 526.4, 50th(ms): 503.3, 90th(ms): 738.2, 95th(ms): 805.3, 99th(ms): 906.0, 99.9th(ms): 1006.6, Max(ms): 1006.6
[Current] NEW_ORDER - Takes(s): 10.0, Count: 1832, TPM: 10997.6, Sum(ms): 302358.7, Avg(ms): 165.1, 50th(ms): 159.4, 90th(ms): 234.9, 95th(ms): 268.4, 99th(ms): 335.5, 99.9th(ms): 419.4, Max(ms): 436.2
[Current] ORDER_STATUS - Takes(s): 10.0, Count: 168, TPM: 1012.0, Sum(ms): 12338.2, Avg(ms): 73.5, 50th(ms): 67.1, 90th(ms): 109.1, 95th(ms): 125.8, 99th(ms): 151.0, 99.9th(ms): 176.2, Max(ms): 176.2
[Current] PAYMENT - Takes(s): 10.0, Count: 1869, TPM: 11219.5, Sum(ms): 204860.7, Avg(ms): 109.7, 50th(ms): 100.7, 90th(ms): 167.8, 95th(ms): 192.9, 99th(ms): 243.3, 99.9th(ms): 318.8, Max(ms): 352.3
[Current] STOCK_LEVEL - Takes(s): 9.9, Count: 168, TPM: 1018.1, Sum(ms): 13619.8, Avg(ms): 81.0, 50th(ms): 71.3, 90th(ms): 125.8, 95th(ms): 176.2, 99th(ms): 251.7, 99.9th(ms): 318.8, Max(ms): 318.8
[Current] DELIVERY - Takes(s): 10.0, Count: 173, TPM: 1038.3, Sum(ms): 85722.8, Avg(ms): 495.8, 50th(ms): 453.0, 90th(ms): 637.5, 95th(ms): 805.3, 99th(ms): 1208.0, 99.9th(ms): 1208.0, Max(ms): 1208.0
[Current] NEW_ORDER - Takes(s): 10.0, Count: 1950, TPM: 11700.5, Sum(ms): 311311.1, Avg(ms): 159.7, 50th(ms): 151.0, 90th(ms): 209.7, 95th(ms): 268.4, 99th(ms): 402.7, 99.9th(ms): 771.8, Max(ms): 805.3
[Current] ORDER_STATUS - Takes(s): 9.9, Count: 194, TPM: 1174.2, Sum(ms): 13667.9, Avg(ms): 70.4, 50th(ms): 62.9, 90th(ms): 88.1, 95th(ms): 109.1, 99th(ms): 176.2, 99.9th(ms): 536.9, Max(ms): 536.9
[Current] PAYMENT - Takes(s): 10.0, Count: 1908, TPM: 11454.3, Sum(ms): 201637.3, Avg(ms): 105.7, 50th(ms): 96.5, 90th(ms): 159.4, 95th(ms): 184.5, 99th(ms): 260.0, 99.9th(ms): 604.0, Max(ms): 604.0
[Current] STOCK_LEVEL - Takes(s): 9.9, Count: 173, TPM: 1044.1, Sum(ms): 11016.9, Avg(ms): 63.6, 50th(ms): 58.7, 90th(ms): 88.1, 95th(ms): 96.5, 99th(ms): 130.0, 99.9th(ms): 218.1, Max(ms): 218.1
[Current] DELIVERY - Takes(s): 9.9, Count: 155, TPM: 941.1, Sum(ms): 86308.1, Avg(ms): 557.1, 50th(ms): 486.5, 90th(ms): 805.3, 95th(ms): 906.0, 99th(ms): 1677.7, 99.9th(ms): 1677.7, Max(ms): 1677.7
[Current] NEW_ORDER - Takes(s): 10.0, Count: 1856, TPM: 11143.3, Sum(ms): 315372.9, Avg(ms): 170.0, 50th(ms): 159.4, 90th(ms): 218.1, 95th(ms): 268.4, 99th(ms): 604.0, 99.9th(ms): 1275.1, Max(ms): 1342.2
[Current] ORDER_STATUS - Takes(s): 10.0, Count: 168, TPM: 1008.1, Sum(ms): 12914.3, Avg(ms): 77.0, 50th(ms): 71.3, 90th(ms): 92.3, 95th(ms): 113.2, 99th(ms): 192.9, 99.9th(ms): 805.3, Max(ms): 805.3
[Current] PAYMENT - Takes(s): 10.0, Count: 1715, TPM: 10290.1, Sum(ms): 193440.2, Avg(ms): 112.8, 50th(ms): 100.7, 90th(ms): 159.4, 95th(ms): 184.5, 99th(ms): 352.3, 99.9th(ms): 1208.0, Max(ms): 1275.1
[Current] STOCK_LEVEL - Takes(s): 10.0, Count: 170, TPM: 1023.2, Sum(ms): 12391.4, Avg(ms): 72.8, 50th(ms): 60.8, 90th(ms): 92.3, 95th(ms): 134.2, 99th(ms): 318.8, 99.9th(ms): 671.1, Max(ms): 671.1
[Current] DELIVERY - Takes(s): 10.0, Count: 185, TPM: 1111.1, Sum(ms): 91639.3, Avg(ms): 495.1, 50th(ms): 453.0, 90th(ms): 771.8, 95th(ms): 838.9, 99th(ms): 939.5, 99.9th(ms): 973.1, Max(ms): 973.1
[Current] NEW_ORDER - Takes(s): 10.0, Count: 2037, TPM: 12226.3, Sum(ms): 317739.5, Avg(ms): 156.1, 50th(ms): 151.0, 90th(ms): 192.9, 95th(ms): 251.7, 99th(ms): 385.9, 99.9th(ms): 486.5, Max(ms): 520.1
[Current] ORDER_STATUS - Takes(s): 9.9, Count: 179, TPM: 1082.0, Sum(ms): 12737.3, Avg(ms): 71.2, 50th(ms): 67.1, 90th(ms): 88.1, 95th(ms): 109.1, 99th(ms): 251.7, 99.9th(ms): 402.7, Max(ms): 402.7
[Current] PAYMENT - Takes(s): 10.0, Count: 1912, TPM: 11514.2, Sum(ms): 200693.2, Avg(ms): 105.0, 50th(ms): 96.5, 90th(ms): 151.0, 95th(ms): 176.2, 99th(ms): 335.5, 99.9th(ms): 436.2, Max(ms): 469.8
[Current] STOCK_LEVEL - Takes(s): 10.0, Count: 162, TPM: 976.5, Sum(ms): 10633.7, Avg(ms): 65.6, 50th(ms): 56.6, 90th(ms): 83.9, 95th(ms): 113.2, 99th(ms): 251.7, 99.9th(ms): 285.2, Max(ms): 285.2
[Current] DELIVERY - Takes(s): 9.9, Count: 158, TPM: 953.6, Sum(ms): 78812.8, Avg(ms): 498.6, 50th(ms): 469.8, 90th(ms): 637.5, 95th(ms): 704.6, 99th(ms): 872.4, 99.9th(ms): 872.4, Max(ms): 872.4
[Current] NEW_ORDER - Takes(s): 10.0, Count: 1998, TPM: 11992.4, Sum(ms): 319478.1, Avg(ms): 160.0, 50th(ms): 159.4, 90th(ms): 201.3, 95th(ms): 251.7, 99th(ms): 335.5, 99.9th(ms): 419.4, Max(ms): 486.5
[Current] ORDER_STATUS - Takes(s): 10.0, Count: 193, TPM: 1163.1, Sum(ms): 12881.7, Avg(ms): 66.8, 50th(ms): 65.0, 90th(ms): 88.1, 95th(ms): 92.3, 99th(ms): 151.0, 99.9th(ms): 167.8, Max(ms): 167.8
[Current] PAYMENT - Takes(s): 10.0, Count: 1915, TPM: 11500.3, Sum(ms): 200951.1, Avg(ms): 105.0, 50th(ms): 96.5, 90th(ms): 151.0, 95th(ms): 176.2, 99th(ms): 226.5, 99.9th(ms): 318.8, Max(ms): 369.1
[Current] STOCK_LEVEL - Takes(s): 9.9, Count: 207, TPM: 1250.3, Sum(ms): 15239.1, Avg(ms): 73.8, 50th(ms): 60.8, 90th(ms): 121.6, 95th(ms): 167.8, 99th(ms): 234.9, 99.9th(ms): 251.7, Max(ms): 251.7
[Current] DELIVERY - Takes(s): 9.9, Count: 181, TPM: 1099.5, Sum(ms): 97038.2, Avg(ms): 537.6, 50th(ms): 520.1, 90th(ms): 671.1, 95th(ms): 838.9, 99th(ms): 1006.6, 99.9th(ms): 1073.7, Max(ms): 1073.7
[Current] NEW_ORDER - Takes(s): 10.0, Count: 1763, TPM: 10589.3, Sum(ms): 303193.7, Avg(ms): 172.0, 50th(ms): 167.8, 90th(ms): 226.5, 95th(ms): 302.0, 99th(ms): 369.1, 99.9th(ms): 402.7, Max(ms): 436.2
[Current] ORDER_STATUS - Takes(s): 10.0, Count: 200, TPM: 1204.3, Sum(ms): 14342.0, Avg(ms): 71.7, 50th(ms): 71.3, 90th(ms): 96.5, 95th(ms): 104.9, 99th(ms): 159.4, 99.9th(ms): 184.5, Max(ms): 184.5
[Current] PAYMENT - Takes(s): 10.0, Count: 1727, TPM: 10364.2, Sum(ms): 195677.0, Avg(ms): 113.4, 50th(ms): 104.9, 90th(ms): 167.8, 95th(ms): 201.3, 99th(ms): 243.3, 99.9th(ms): 335.5, Max(ms): 352.3
[Current] STOCK_LEVEL - Takes(s): 10.0, Count: 175, TPM: 1055.0, Sum(ms): 13797.3, Avg(ms): 79.0, 50th(ms): 71.3, 90th(ms): 130.0, 95th(ms): 151.0, 99th(ms): 201.3, 99.9th(ms): 285.2, Max(ms): 285.2
Finished
[Summary] DELIVERY - Takes(s): 599.1, Count: 10285, TPM: 1030.1, Sum(ms): 5094975.8, Avg(ms): 495.7, 50th(ms): 469.8, 90th(ms): 671.1, 95th(ms): 805.3, 99th(ms): 1006.6, 99.9th(ms): 1275.1, Max(ms): 1677.7
[Summary] NEW_ORDER - Takes(s): 599.6, Count: 117211, TPM: 11728.8, Sum(ms): 18812806.7, Avg(ms): 160.6, 50th(ms): 151.0, 90th(ms): 218.1, 95th(ms): 260.0, 99th(ms): 352.3, 99.9th(ms): 604.0, Max(ms): 1342.2
[Summary] ORDER_STATUS - Takes(s): 599.7, Count: 10786, TPM: 1079.2, Sum(ms): 740441.2, Avg(ms): 68.7, 50th(ms): 65.0, 90th(ms): 92.3, 95th(ms): 109.1, 99th(ms): 151.0, 99.9th(ms): 352.3, Max(ms): 805.3
[Summary] PAYMENT - Takes(s): 599.7, Count: 112811, TPM: 11287.3, Sum(ms): 12166643.6, Avg(ms): 107.9, 50th(ms): 100.7, 90th(ms): 159.4, 95th(ms): 184.5, 99th(ms): 268.4, 99.9th(ms): 503.3, Max(ms): 1275.1
[Summary] STOCK_LEVEL - Takes(s): 599.7, Count: 10496, TPM: 1050.0, Sum(ms): 749549.3, Avg(ms): 71.5, 50th(ms): 62.9, 90th(ms): 104.9, 95th(ms): 134.2, 99th(ms): 243.3, 99.9th(ms): 570.4, Max(ms): 872.4
tpmC: 11728.8, tpmTotal: 26175.5, efficiency: 712.5%
