2026/04/27 14:46:59 maxprocs: Leaving GOMAXPROCS=4: CPU quota undefined
[Current] DELIVERY - Takes(s): 9.6, Count: 160, TPM: 995.4, Sum(ms): 40368.9, Avg(ms): 252.6, 50th(ms): 260.0, 90th(ms): 352.3, 95th(ms): 402.7, 99th(ms): 604.0, 99.9th(ms): 637.5, Max(ms): 637.5
[Current] NEW_ORDER - Takes(s): 9.8, Count: 1869, TPM: 11460.1, Sum(ms): 154394.0, Avg(ms): 82.6, 50th(ms): 79.7, 90th(ms): 117.4, 95th(ms): 130.0, 99th(ms): 201.3, 99.9th(ms): 260.0, Max(ms): 335.5
[Current] ORDER_STATUS - Takes(s): 9.7, Count: 183, TPM: 1136.9, Sum(ms): 6887.8, Avg(ms): 37.7, 50th(ms): 35.7, 90th(ms): 60.8, 95th(ms): 62.9, 99th(ms): 71.3, 99.9th(ms): 184.5, Max(ms): 184.5
[Current] PAYMENT - Takes(s): 9.8, Count: 1832, TPM: 11200.1, Sum(ms): 95587.4, Avg(ms): 52.2, 50th(ms): 50.3, 90th(ms): 75.5, 95th(ms): 88.1, 99th(ms): 125.8, 99.9th(ms): 201.3, Max(ms): 201.3
[Current] STOCK_LEVEL - Takes(s): 9.7, Count: 188, TPM: 1166.0, Sum(ms): 6643.0, Avg(ms): 35.4, 50th(ms): 33.6, 90th(ms): 48.2, 95th(ms): 52.4, 99th(ms): 62.9, 99.9th(ms): 71.3, Max(ms): 71.3
[Current] DELIVERY - Takes(s): 9.9, Count: 162, TPM: 981.0, Sum(ms): 40962.8, Avg(ms): 253.1, 50th(ms): 285.2, 90th(ms): 335.5, 95th(ms): 385.9, 99th(ms): 536.9, 99.9th(ms): 637.5, Max(ms): 637.5
[Current] NEW_ORDER - Takes(s): 10.0, Count: 1957, TPM: 11743.4, Sum(ms): 163013.3, Avg(ms): 83.3, 50th(ms): 79.7, 90th(ms): 113.2, 95th(ms): 151.0, 99th(ms): 218.1, 99.9th(ms): 251.7, Max(ms): 285.2
[Current] ORDER_STATUS - Takes(s): 10.0, Count: 166, TPM: 997.7, Sum(ms): 5789.2, Avg(ms): 34.9, 50th(ms): 32.5, 90th(ms): 52.4, 95th(ms): 58.7, 99th(ms): 75.5, 99.9th(ms): 113.2, Max(ms): 113.2
[Current] PAYMENT - Takes(s): 10.0, Count: 1827, TPM: 10971.5, Sum(ms): 96377.2, Avg(ms): 52.8, 50th(ms): 50.3, 90th(ms): 75.5, 95th(ms): 92.3, 99th(ms): 142.6, 99.9th(ms): 234.9, Max(ms): 285.2
[Current] STOCK_LEVEL - Takes(s): 10.0, Count: 161, TPM: 967.0, Sum(ms): 5822.9, Avg(ms): 36.1, 50th(ms): 35.7, 90th(ms): 50.3, 95th(ms): 54.5, 99th(ms): 71.3, 99.9th(ms): 75.5, Max(ms): 75.5
[Current] DELIVERY - Takes(s): 10.0, Count: 174, TPM: 1044.7, Sum(ms): 41643.9, Avg(ms): 239.2, 50th(ms): 260.0, 90th(ms): 302.0, 95th(ms): 318.8, 99th(ms): 469.8, 99.9th(ms): 637.5, Max(ms): 637.5
[Current] NEW_ORDER - Takes(s): 10.0, Count: 1950, TPM: 11708.8, Sum(ms): 153128.7, Avg(ms): 78.5, 50th(ms): 75.5, 90th(ms): 104.9, 95th(ms): 117.4, 99th(ms): 176.2, 99.9th(ms): 335.5, Max(ms): 385.9
[Current] ORDER_STATUS - Takes(s): 9.9, Count: 157, TPM: 954.2, Sum(ms): 5220.2, Avg(ms): 33.4, 50th(ms): 32.5, 90th(ms): 50.3, 95th(ms): 52.4, 99th(ms): 62.9, 99.9th(ms): 79.7, Max(ms): 79.7
[Current] PAYMENT - Takes(s): 10.0, Count: 2039, TPM: 12236.4, Sum(ms): 105395.4, Avg(ms): 51.7, 50th(ms): 50.3, 90th(ms): 71.3, 95th(ms): 79.7, 99th(ms): 117.4, 99.9th(ms): 302.0, Max(ms): 335.5
[Current] STOCK_LEVEL - Takes(s): 9.5, Count: 157, TPM: 994.3, Sum(ms): 5523.3, Avg(ms): 35.2, 50th(ms): 35.7, 90th(ms): 44.0, 95th(ms): 48.2, 99th(ms): 58.7, 99.9th(ms): 71.3, Max(ms): 71.3
[Current] DELIVERY - Takes(s): 10.0, Count: 169, TPM: 1015.6, Sum(ms): 40816.3, Avg(ms): 241.7, 50th(ms): 260.0, 90th(ms): 335.5, 95th(ms): 402.7, 99th(ms): 520.1, 99.9th(ms): 520.1, Max(ms): 520.1
[Current] NEW_ORDER - Takes(s): 10.0, Count: 2039, TPM: 12245.0, Sum(ms): 158083.6, Avg(ms): 77.6, 50th(ms): 75.5, 90th(ms): 104.9, 95th(ms): 117.4, 99th(ms): 184.5, 99.9th(ms): 243.3, Max(ms): 251.7
[Current] ORDER_STATUS - Takes(s): 10.0, Count: 200, TPM: 1202.4, Sum(ms): 6514.8, Avg(ms): 32.6, 50th(ms): 30.4, 90th(ms): 48.2, 95th(ms): 52.4, 99th(ms): 71.3, 99.9th(ms): 88.1, Max(ms): 88.1
[Current] PAYMENT - Takes(s): 10.0, Count: 1978, TPM: 11869.7, Sum(ms): 99235.0, Avg(ms): 50.2, 50th(ms): 50.3, 90th(ms): 71.3, 95th(ms): 88.1, 99th(ms): 125.8, 99.9th(ms): 159.4, Max(ms): 184.5
[Current] STOCK_LEVEL - Takes(s): 9.9, Count: 188, TPM: 1134.0, Sum(ms): 7667.3, Avg(ms): 40.8, 50th(ms): 33.6, 90th(ms): 48.2, 95th(ms): 83.9, 99th(ms): 234.9, 99.9th(ms): 251.7, Max(ms): 251.7
[Current] DELIVERY - Takes(s): 10.0, Count: 205, TPM: 1232.0, Sum(ms): 47173.3, Avg(ms): 230.2, 50th(ms): 251.7, 90th(ms): 318.8, 95th(ms): 352.3, 99th(ms): 453.0, 99.9th(ms): 536.9, Max(ms): 536.9
[Current] NEW_ORDER - Takes(s): 10.0, Count: 2062, TPM: 12373.0, Sum(ms): 154308.7, Avg(ms): 74.8, 50th(ms): 75.5, 90th(ms): 100.7, 95th(ms): 113.2, 99th(ms): 167.8, 99.9th(ms): 226.5, Max(ms): 226.5
[Current] ORDER_STATUS - Takes(s): 10.0, Count: 178, TPM: 1072.7, Sum(ms): 5983.6, Avg(ms): 33.6, 50th(ms): 31.5, 90th(ms): 48.2, 95th(ms): 50.3, 99th(ms): 92.3, 99.9th(ms): 104.9, Max(ms): 104.9
[Current] PAYMENT - Takes(s): 10.0, Count: 2048, TPM: 12289.2, Sum(ms): 99185.5, Avg(ms): 48.4, 50th(ms): 48.2, 90th(ms): 67.1, 95th(ms): 79.7, 99th(ms): 117.4, 99.9th(ms): 159.4, Max(ms): 209.7
[Current] STOCK_LEVEL - Takes(s): 10.0, Count: 170, TPM: 1023.4, Sum(ms): 5845.0, Avg(ms): 34.4, 50th(ms): 32.5, 90th(ms): 46.1, 95th(ms): 54.5, 99th(ms): 79.7, 99.9th(ms): 83.9, Max(ms): 83.9
[Current] DELIVERY - Takes(s): 10.0, Count: 175, TPM: 1051.0, Sum(ms): 42736.8, Avg(ms): 244.1, 50th(ms): 234.9, 90th(ms): 352.3, 95th(ms): 369.1, 99th(ms): 385.9, 99.9th(ms): 771.8, Max(ms): 771.8
[Current] NEW_ORDER - Takes(s): 10.0, Count: 1910, TPM: 11466.3, Sum(ms): 158924.4, Avg(ms): 83.2, 50th(ms): 79.7, 90th(ms): 117.4, 95th(ms): 134.2, 99th(ms): 184.5, 99.9th(ms): 234.9, Max(ms): 369.1
[Current] ORDER_STATUS - Takes(s): 10.0, Count: 155, TPM: 934.1, Sum(ms): 5513.9, Avg(ms): 35.7, 50th(ms): 32.5, 90th(ms): 52.4, 95th(ms): 58.7, 99th(ms): 67.1, 99.9th(ms): 104.9, Max(ms): 104.9
[Current] PAYMENT - Takes(s): 10.0, Count: 1822, TPM: 10933.7, Sum(ms): 97388.1, Avg(ms): 53.5, 50th(ms): 52.4, 90th(ms): 75.5, 95th(ms): 88.1, 99th(ms): 117.4, 99.9th(ms): 142.6, Max(ms): 167.8
[Current] STOCK_LEVEL - Takes(s): 10.0, Count: 173, TPM: 1040.7, Sum(ms): 6603.1, Avg(ms): 38.1, 50th(ms): 37.7, 90th(ms): 50.3, 95th(ms): 54.5, 99th(ms): 92.3, 99.9th(ms): 151.0, Max(ms): 151.0
[Current] DELIVERY - Takes(s): 10.0, Count: 176, TPM: 1057.7, Sum(ms): 46607.0, Avg(ms): 265.2, 50th(ms): 268.4, 90th(ms): 385.9, 95th(ms): 503.3, 99th(ms): 570.4, 99.9th(ms): 671.1, Max(ms): 671.1
[Current] NEW_ORDER - Takes(s): 10.0, Count: 1843, TPM: 11063.4, Sum(ms): 154492.2, Avg(ms): 83.9, 50th(ms): 79.7, 90th(ms): 117.4, 95th(ms): 142.6, 99th(ms): 226.5, 99.9th(ms): 285.2, Max(ms): 285.2
[Current] ORDER_STATUS - Takes(s): 10.0, Count: 164, TPM: 987.0, Sum(ms): 6087.8, Avg(ms): 37.1, 50th(ms): 35.7, 90th(ms): 52.4, 95th(ms): 62.9, 99th(ms): 96.5, 99.9th(ms): 176.2, Max(ms): 176.2
[Current] PAYMENT - Takes(s): 10.0, Count: 1792, TPM: 10754.3, Sum(ms): 97949.9, Avg(ms): 54.7, 50th(ms): 52.4, 90th(ms): 79.7, 95th(ms): 96.5, 99th(ms): 151.0, 99.9th(ms): 201.3, Max(ms): 201.3
[Current] STOCK_LEVEL - Takes(s): 10.0, Count: 165, TPM: 994.1, Sum(ms): 7289.0, Avg(ms): 44.2, 50th(ms): 35.7, 90th(ms): 60.8, 95th(ms): 88.1, 99th(ms): 243.3, 99.9th(ms): 285.2, Max(ms): 285.2
[Current] DELIVERY - Takes(s): 9.9, Count: 156, TPM: 942.1, Sum(ms): 37510.0, Avg(ms): 241.0, 50th(ms): 268.4, 90th(ms): 302.0, 95th(ms): 335.5, 99th(ms): 503.3, 99.9th(ms): 520.1, Max(ms): 520.1
[Current] NEW_ORDER - Takes(s): 10.0, Count: 2066, TPM: 12404.1, Sum(ms): 163025.3, Avg(ms): 78.9, 50th(ms): 75.5, 90th(ms): 104.9, 95th(ms): 121.6, 99th(ms): 201.3, 99.9th(ms): 285.2, Max(ms): 302.0
[Current] ORDER_STATUS - Takes(s): 10.0, Count: 187, TPM: 1122.6, Sum(ms): 6414.0, Avg(ms): 34.3, 50th(ms): 31.5, 90th(ms): 48.2, 95th(ms): 56.6, 99th(ms): 104.9, 99.9th(ms): 121.6, Max(ms): 121.6
[Current] PAYMENT - Takes(s): 10.0, Count: 1939, TPM: 11651.4, Sum(ms): 98029.3, Avg(ms): 50.6, 50th(ms): 48.2, 90th(ms): 71.3, 95th(ms): 83.9, 99th(ms): 125.8, 99.9th(ms): 218.1, Max(ms): 251.7
[Current] STOCK_LEVEL - Takes(s): 9.9, Count: 191, TPM: 1161.6, Sum(ms): 7230.9, Avg(ms): 37.9, 50th(ms): 35.7, 90th(ms): 52.4, 95th(ms): 60.8, 99th(ms): 96.5, 99.9th(ms): 201.3, Max(ms): 201.3
[Current] DELIVERY - Takes(s): 9.9, Count: 184, TPM: 1110.9, Sum(ms): 42841.8, Avg(ms): 233.1, 50th(ms): 234.9, 90th(ms): 302.0, 95th(ms): 318.8, 99th(ms): 671.1, 99.9th(ms): 704.6, Max(ms): 704.6
[Current] NEW_ORDER - Takes(s): 10.0, Count: 1946, TPM: 11681.7, Sum(ms): 156589.4, Avg(ms): 80.4, 50th(ms): 79.7, 90th(ms): 109.1, 95th(ms): 121.6, 99th(ms): 201.3, 99.9th(ms): 302.0, Max(ms): 318.8
[Current] ORDER_STATUS - Takes(s): 10.0, Count: 215, TPM: 1290.4, Sum(ms): 7406.2, Avg(ms): 34.5, 50th(ms): 32.5, 90th(ms): 48.2, 95th(ms): 52.4, 99th(ms): 62.9, 99.9th(ms): 96.5, Max(ms): 96.5
[Current] PAYMENT - Takes(s): 10.0, Count: 1906, TPM: 11436.4, Sum(ms): 96787.2, Avg(ms): 50.8, 50th(ms): 50.3, 90th(ms): 71.3, 95th(ms): 83.9, 99th(ms): 117.4, 99.9th(ms): 226.5, Max(ms): 260.0
[Current] STOCK_LEVEL - Takes(s): 10.0, Count: 176, TPM: 1057.3, Sum(ms): 7593.5, Avg(ms): 43.1, 50th(ms): 35.7, 90th(ms): 58.7, 95th(ms): 100.7, 99th(ms): 226.5, 99.9th(ms): 243.3, Max(ms): 243.3
[Current] DELIVERY - Takes(s): 9.9, Count: 178, TPM: 1080.5, Sum(ms): 42566.1, Avg(ms): 238.8, 50th(ms): 251.7, 90th(ms): 318.8, 95th(ms): 369.1, 99th(ms): 469.8, 99.9th(ms): 469.8, Max(ms): 469.8
[Current] NEW_ORDER - Takes(s): 10.0, Count: 2014, TPM: 12094.8, Sum(ms): 162668.0, Avg(ms): 80.8, 50th(ms): 79.7, 90th(ms): 109.1, 95th(ms): 121.6, 99th(ms): 184.5, 99.9th(ms): 234.9, Max(ms): 285.2
[Current] ORDER_STATUS - Takes(s): 10.0, Count: 158, TPM: 950.4, Sum(ms): 5407.0, Avg(ms): 34.3, 50th(ms): 33.6, 90th(ms): 48.2, 95th(ms): 56.6, 99th(ms): 71.3, 99.9th(ms): 83.9, Max(ms): 83.9
[Current] PAYMENT - Takes(s): 10.0, Count: 1796, TPM: 10793.5, Sum(ms): 93952.6, Avg(ms): 52.4, 50th(ms): 50.3, 90th(ms): 71.3, 95th(ms): 88.1, 99th(ms): 134.2, 99.9th(ms): 167.8, Max(ms): 192.9
[Current] STOCK_LEVEL - Takes(s): 10.0, Count: 172, TPM: 1032.7, Sum(ms): 6798.7, Avg(ms): 39.5, 50th(ms): 35.7, 90th(ms): 60.8, 95th(ms): 79.7, 99th(ms): 130.0, 99.9th(ms): 184.5, Max(ms): 184.5
[Current] DELIVERY - Takes(s): 9.9, Count: 178, TPM: 1082.7, Sum(ms): 44076.8, Avg(ms): 247.7, 50th(ms): 260.0, 90th(ms): 335.5, 95th(ms): 352.3, 99th(ms): 486.5, 99.9th(ms): 805.3, Max(ms): 805.3
[Current] NEW_ORDER - Takes(s): 10.0, Count: 2024, TPM: 12149.7, Sum(ms): 160594.7, Avg(ms): 79.4, 50th(ms): 79.7, 90th(ms): 104.9, 95th(ms): 117.4, 99th(ms): 176.2, 99.9th(ms): 226.5, Max(ms): 251.7
[Current] ORDER_STATUS - Takes(s): 10.0, Count: 197, TPM: 1182.9, Sum(ms): 6838.3, Avg(ms): 34.7, 50th(ms): 32.5, 90th(ms): 48.2, 95th(ms): 54.5, 99th(ms): 75.5, 99.9th(ms): 88.1, Max(ms): 88.1
[Current] PAYMENT - Takes(s): 10.0, Count: 1824, TPM: 10948.0, Sum(ms): 93772.7, Avg(ms): 51.4, 50th(ms): 50.3, 90th(ms): 71.3, 95th(ms): 79.7, 99th(ms): 109.1, 99.9th(ms): 151.0, Max(ms): 167.8
[Current] STOCK_LEVEL - Takes(s): 10.0, Count: 183, TPM: 1102.7, Sum(ms): 7086.4, Avg(ms): 38.9, 50th(ms): 35.7, 90th(ms): 52.4, 95th(ms): 71.3, 99th(ms): 96.5, 99.9th(ms): 159.4, Max(ms): 159.4
[Current] DELIVERY - Takes(s): 9.9, Count: 169, TPM: 1019.8, Sum(ms): 42667.3, Avg(ms): 252.6, 50th(ms): 268.4, 90th(ms): 335.5, 95th(ms): 402.7, 99th(ms): 520.1, 99.9th(ms): 536.9, Max(ms): 536.9
[Current] NEW_ORDER - Takes(s): 10.0, Count: 1929, TPM: 11574.9, Sum(ms): 158671.1, Avg(ms): 82.3, 50th(ms): 79.7, 90th(ms): 113.2, 95th(ms): 125.8, 99th(ms): 192.9, 99.9th(ms): 243.3, Max(ms): 260.0
[Current] ORDER_STATUS - Takes(s): 9.9, Count: 178, TPM: 1078.9, Sum(ms): 6585.8, Avg(ms): 37.0, 50th(ms): 35.7, 90th(ms): 52.4, 95th(ms): 58.7, 99th(ms): 88.1, 99.9th(ms): 100.7, Max(ms): 100.7
[Current] PAYMENT - Takes(s): 10.0, Count: 1814, TPM: 10884.9, Sum(ms): 96090.3, Avg(ms): 53.0, 50th(ms): 52.4, 90th(ms): 75.5, 95th(ms): 83.9, 99th(ms): 130.0, 99.9th(ms): 167.8, Max(ms): 192.9
[Current] STOCK_LEVEL - Takes(s): 9.9, Count: 172, TPM: 1038.0, Sum(ms): 7722.1, Avg(ms): 44.9, 50th(ms): 39.8, 90th(ms): 71.3, 95th(ms): 92.3, 99th(ms): 125.8, 99.9th(ms): 142.6, Max(ms): 142.6
[Current] DELIVERY - Takes(s): 9.9, Count: 170, TPM: 1025.2, Sum(ms): 41016.8, Avg(ms): 241.5, 50th(ms): 192.9, 90th(ms): 385.9, 95th(ms): 419.4, 99th(ms): 436.2, 99.9th(ms): 637.5, Max(ms): 637.5
[Current] NEW_ORDER - Takes(s): 10.0, Count: 1859, TPM: 11156.5, Sum(ms): 158148.9, Avg(ms): 85.1, 50th(ms): 83.9, 90th(ms): 125.8, 95th(ms): 142.6, 99th(ms): 192.9, 99.9th(ms): 226.5, Max(ms): 260.0
[Current] ORDER_STATUS - Takes(s): 10.0, Count: 163, TPM: 982.4, Sum(ms): 5966.9, Avg(ms): 36.6, 50th(ms): 32.5, 90th(ms): 56.6, 95th(ms): 62.9, 99th(ms): 88.1, 99.9th(ms): 142.6, Max(ms): 142.6
[Current] PAYMENT - Takes(s): 10.0, Count: 1790, TPM: 10747.2, Sum(ms): 99208.9, Avg(ms): 55.4, 50th(ms): 54.5, 90th(ms): 79.7, 95th(ms): 100.7, 99th(ms): 142.6, 99.9th(ms): 159.4, Max(ms): 159.4
[Current] STOCK_LEVEL - Takes(s): 10.0, Count: 167, TPM: 1002.9, Sum(ms): 7955.8, Avg(ms): 47.6, 50th(ms): 41.9, 90th(ms): 71.3, 95th(ms): 109.1, 99th(ms): 167.8, 99.9th(ms): 226.5, Max(ms): 226.5
[Current] DELIVERY - Takes(s): 9.9, Count: 170, TPM: 1025.3, Sum(ms): 40911.8, Avg(ms): 240.7, 50th(ms): 218.1, 90th(ms): 335.5, 95th(ms): 369.1, 99th(ms): 536.9, 99.9th(ms): 604.0, Max(ms): 604.0
[Current] NEW_ORDER - Takes(s): 10.0, Count: 1970, TPM: 11829.6, Sum(ms): 161536.9, Avg(ms): 82.0, 50th(ms): 79.7, 90th(ms): 117.4, 95th(ms): 142.6, 99th(ms): 209.7, 99.9th(ms): 268.4, Max(ms): 285.2
[Current] ORDER_STATUS - Takes(s): 10.0, Count: 177, TPM: 1066.9, Sum(ms): 6561.6, Avg(ms): 37.1, 50th(ms): 33.6, 90th(ms): 54.5, 95th(ms): 62.9, 99th(ms): 104.9, 99.9th(ms): 234.9, Max(ms): 234.9
[Current] PAYMENT - Takes(s): 10.0, Count: 1794, TPM: 10764.2, Sum(ms): 93749.8, Avg(ms): 52.3, 50th(ms): 50.3, 90th(ms): 75.5, 95th(ms): 92.3, 99th(ms): 151.0, 99.9th(ms): 209.7, Max(ms): 218.1
[Current] STOCK_LEVEL - Takes(s): 9.9, Count: 170, TPM: 1030.3, Sum(ms): 7666.8, Avg(ms): 45.2, 50th(ms): 39.8, 90th(ms): 71.3, 95th(ms): 100.7, 99th(ms): 151.0, 99.9th(ms): 184.5, Max(ms): 184.5
[Current] DELIVERY - Takes(s): 10.0, Count: 175, TPM: 1050.2, Sum(ms): 44536.0, Avg(ms): 254.1, 50th(ms): 285.2, 90th(ms): 352.3, 95th(ms): 453.0, 99th(ms): 637.5, 99.9th(ms): 738.2, Max(ms): 738.2
[Current] NEW_ORDER - Takes(s): 10.0, Count: 1857, TPM: 11146.6, Sum(ms): 156620.4, Avg(ms): 84.4, 50th(ms): 83.9, 90th(ms): 117.4, 95th(ms): 125.8, 99th(ms): 226.5, 99.9th(ms): 436.2, Max(ms): 469.8
[Current] ORDER_STATUS - Takes(s): 9.9, Count: 168, TPM: 1018.4, Sum(ms): 6337.2, Avg(ms): 37.8, 50th(ms): 33.6, 90th(ms): 52.4, 95th(ms): 56.6, 99th(ms): 83.9, 99.9th(ms): 335.5, Max(ms): 335.5
[Current] PAYMENT - Takes(s): 10.0, Count: 1865, TPM: 11191.5, Sum(ms): 98455.7, Avg(ms): 52.9, 50th(ms): 52.4, 90th(ms): 75.5, 95th(ms): 83.9, 99th(ms): 121.6, 99.9th(ms): 218.1, Max(ms): 318.8
[Current] STOCK_LEVEL - Takes(s): 10.0, Count: 170, TPM: 1020.2, Sum(ms): 7827.0, Avg(ms): 46.0, 50th(ms): 39.8, 90th(ms): 83.9, 95th(ms): 96.5, 99th(ms): 113.2, 99.9th(ms): 285.2, Max(ms): 285.2
[Current] DELIVERY - Takes(s): 10.0, Count: 167, TPM: 1002.6, Sum(ms): 40088.2, Avg(ms): 240.0, 50th(ms): 218.1, 90th(ms): 335.5, 95th(ms): 352.3, 99th(ms): 570.4, 99.9th(ms): 671.1, Max(ms): 671.1
[Current] NEW_ORDER - Takes(s): 10.0, Count: 1753, TPM: 10522.0, Sum(ms): 153061.9, Avg(ms): 87.3, 50th(ms): 88.1, 90th(ms): 121.6, 95th(ms): 142.6, 99th(ms): 209.7, 99.9th(ms): 285.2, Max(ms): 352.3
[Current] ORDER_STATUS - Takes(s): 9.9, Count: 194, TPM: 1181.2, Sum(ms): 7232.8, Avg(ms): 37.2, 50th(ms): 33.6, 90th(ms): 54.5, 95th(ms): 65.0, 99th(ms): 88.1, 99.9th(ms): 109.1, Max(ms): 109.1
[Current] PAYMENT - Takes(s): 10.0, Count: 1722, TPM: 10332.2, Sum(ms): 105394.7, Avg(ms): 61.3, 50th(ms): 58.7, 90th(ms): 100.7, 95th(ms): 121.6, 99th(ms): 192.9, 99.9th(ms): 243.3, Max(ms): 335.5
[Current] STOCK_LEVEL - Takes(s): 9.9, Count: 152, TPM: 916.9, Sum(ms): 6586.8, Avg(ms): 43.3, 50th(ms): 37.7, 90th(ms): 71.3, 95th(ms): 88.1, 99th(ms): 109.1, 99.9th(ms): 151.0, Max(ms): 151.0
[Current] DELIVERY - Takes(s): 9.9, Count: 156, TPM: 942.3, Sum(ms): 38539.9, Avg(ms): 246.6, 50th(ms): 234.9, 90th(ms): 335.5, 95th(ms): 419.4, 99th(ms): 520.1, 99.9th(ms): 570.4, Max(ms): 570.4
[Current] NEW_ORDER - Takes(s): 10.0, Count: 1755, TPM: 10549.0, Sum(ms): 155638.5, Avg(ms): 88.6, 50th(ms): 88.1, 90th(ms): 125.8, 95th(ms): 151.0, 99th(ms): 209.7, 99.9th(ms): 285.2, Max(ms): 285.2
[Current] ORDER_STATUS - Takes(s): 9.9, Count: 171, TPM: 1034.1, Sum(ms): 6682.8, Avg(ms): 39.1, 50th(ms): 37.7, 90th(ms): 56.6, 95th(ms): 71.3, 99th(ms): 92.3, 99.9th(ms): 142.6, Max(ms): 142.6
[Current] PAYMENT - Takes(s): 10.0, Count: 1636, TPM: 9859.6, Sum(ms): 102562.6, Avg(ms): 62.7, 50th(ms): 58.7, 90th(ms): 104.9, 95th(ms): 130.0, 99th(ms): 184.5, 99.9th(ms): 268.4, Max(ms): 285.2
[Current] STOCK_LEVEL - Takes(s): 9.9, Count: 170, TPM: 1025.6, Sum(ms): 7562.2, Avg(ms): 44.5, 50th(ms): 37.7, 90th(ms): 83.9, 95th(ms): 117.4, 99th(ms): 151.0, 99.9th(ms): 167.8, Max(ms): 167.8
[Current] DELIVERY - Takes(s): 10.0, Count: 167, TPM: 1002.5, Sum(ms): 45481.7, Avg(ms): 272.2, 50th(ms): 285.2, 90th(ms): 385.9, 95th(ms): 436.2, 99th(ms): 671.1, 99.9th(ms): 738.2, Max(ms): 738.2
[Current] NEW_ORDER - Takes(s): 10.0, Count: 1744, TPM: 10477.4, Sum(ms): 155841.6, Avg(ms): 89.4, 50th(ms): 88.1, 90th(ms): 125.8, 95th(ms): 142.6, 99th(ms): 226.5, 99.9th(ms): 260.0, Max(ms): 268.4
[Current] ORDER_STATUS - Takes(s): 10.0, Count: 175, TPM: 1051.1, Sum(ms): 6873.0, Avg(ms): 39.3, 50th(ms): 39.8, 90th(ms): 56.6, 95th(ms): 60.8, 99th(ms): 75.5, 99.9th(ms): 113.2, Max(ms): 113.2
[Current] PAYMENT - Takes(s): 10.0, Count: 1693, TPM: 10158.9, Sum(ms): 98802.0, Avg(ms): 58.4, 50th(ms): 56.6, 90th(ms): 83.9, 95th(ms): 104.9, 99th(ms): 159.4, 99.9th(ms): 201.3, Max(ms): 318.8
[Current] STOCK_LEVEL - Takes(s): 9.9, Count: 158, TPM: 954.6, Sum(ms): 6792.1, Avg(ms): 43.1, 50th(ms): 39.8, 90th(ms): 71.3, 95th(ms): 79.7, 99th(ms): 96.5, 99.9th(ms): 100.7, Max(ms): 100.7
[Current] DELIVERY - Takes(s): 10.0, Count: 164, TPM: 984.9, Sum(ms): 46906.0, Avg(ms): 286.0, 50th(ms): 318.8, 90th(ms): 385.9, 95th(ms): 419.4, 99th(ms): 604.0, 99.9th(ms): 704.6, Max(ms): 704.6
[Current] NEW_ORDER - Takes(s): 10.0, Count: 1696, TPM: 10176.4, Sum(ms): 156921.3, Avg(ms): 92.6, 50th(ms): 92.3, 90th(ms): 130.0, 95th(ms): 142.6, 99th(ms): 218.1, 99.9th(ms): 268.4, Max(ms): 302.0
[Current] ORDER_STATUS - Takes(s): 10.0, Count: 133, TPM: 800.9, Sum(ms): 5750.7, Avg(ms): 43.2, 50th(ms): 41.9, 90th(ms): 65.0, 95th(ms): 75.5, 99th(ms): 100.7, 99.9th(ms): 104.9, Max(ms): 104.9
[Current] PAYMENT - Takes(s): 10.0, Count: 1627, TPM: 9767.9, Sum(ms): 94451.8, Avg(ms): 58.1, 50th(ms): 56.6, 90th(ms): 83.9, 95th(ms): 92.3, 99th(ms): 134.2, 99.9th(ms): 167.8, Max(ms): 176.2
[Current] STOCK_LEVEL - Takes(s): 10.0, Count: 157, TPM: 944.6, Sum(ms): 7821.7, Avg(ms): 49.8, 50th(ms): 44.0, 90th(ms): 71.3, 95th(ms): 109.1, 99th(ms): 151.0, 99.9th(ms): 192.9, Max(ms): 192.9
[Current] DELIVERY - Takes(s): 10.0, Count: 179, TPM: 1075.3, Sum(ms): 52293.5, Avg(ms): 292.3, 50th(ms): 302.0, 90th(ms): 419.4, 95th(ms): 536.9, 99th(ms): 637.5, 99.9th(ms): 704.6, Max(ms): 704.6
[Current] NEW_ORDER - Takes(s): 10.0, Count: 1703, TPM: 10218.6, Sum(ms): 153625.7, Avg(ms): 90.2, 50th(ms): 88.1, 90th(ms): 121.6, 95th(ms): 142.6, 99th(ms): 226.5, 99.9th(ms): 369.1, Max(ms): 385.9
[Current] ORDER_STATUS - Takes(s): 9.9, Count: 142, TPM: 856.4, Sum(ms): 6489.5, Avg(ms): 45.8, 50th(ms): 35.7, 90th(ms): 58.7, 95th(ms): 109.1, 99th(ms): 302.0, 99.9th(ms): 335.5, Max(ms): 335.5
[Current] PAYMENT - Takes(s): 10.0, Count: 1603, TPM: 9627.0, Sum(ms): 94093.2, Avg(ms): 58.7, 50th(ms): 54.5, 90th(ms): 79.7, 95th(ms): 100.7, 99th(ms): 176.2, 99.9th(ms): 302.0, Max(ms): 419.4
[Current] STOCK_LEVEL - Takes(s): 9.7, Count: 141, TPM: 868.7, Sum(ms): 6391.7, Avg(ms): 45.4, 50th(ms): 39.8, 90th(ms): 56.6, 95th(ms): 79.7, 99th(ms): 104.9, 99.9th(ms): 503.3, Max(ms): 503.3
[Current] DELIVERY - Takes(s): 10.0, Count: 196, TPM: 1176.3, Sum(ms): 51059.3, Avg(ms): 260.1, 50th(ms): 285.2, 90th(ms): 352.3, 95th(ms): 419.4, 99th(ms): 604.0, 99.9th(ms): 637.5, Max(ms): 637.5
[Current] NEW_ORDER - Takes(s): 10.0, Count: 1795, TPM: 10770.1, Sum(ms): 152456.8, Avg(ms): 85.0, 50th(ms): 88.1, 90th(ms): 117.4, 95th(ms): 130.0, 99th(ms): 192.9, 99.9th(ms): 385.9, Max(ms): 402.7
[Current] ORDER_STATUS - Takes(s): 10.0, Count: 133, TPM: 798.2, Sum(ms): 4539.6, Avg(ms): 34.2, 50th(ms): 31.5, 90th(ms): 50.3, 95th(ms): 54.5, 99th(ms): 71.3, 99.9th(ms): 83.9, Max(ms): 83.9
[Current] PAYMENT - Takes(s): 10.0, Count: 1804, TPM: 10826.8, Sum(ms): 99044.6, Avg(ms): 54.9, 50th(ms): 54.5, 90th(ms): 79.7, 95th(ms): 92.3, 99th(ms): 134.2, 99.9th(ms): 352.3, Max(ms): 352.3
[Current] STOCK_LEVEL - Takes(s): 10.0, Count: 135, TPM: 811.1, Sum(ms): 5208.2, Avg(ms): 38.6, 50th(ms): 35.7, 90th(ms): 54.5, 95th(ms): 62.9, 99th(ms): 96.5, 99.9th(ms): 109.1, Max(ms): 109.1
[Current] DELIVERY - Takes(s): 10.0, Count: 152, TPM: 915.1, Sum(ms): 37901.9, Avg(ms): 250.0, 50th(ms): 260.0, 90th(ms): 352.3, 95th(ms): 369.1, 99th(ms): 520.1, 99.9th(ms): 570.4, Max(ms): 570.4
[Current] NEW_ORDER - Takes(s): 10.0, Count: 2026, TPM: 12161.8, Sum(ms): 162891.3, Avg(ms): 80.4, 50th(ms): 79.7, 90th(ms): 113.2, 95th(ms): 125.8, 99th(ms): 176.2, 99.9th(ms): 226.5, Max(ms): 260.0
[Current] ORDER_STATUS - Takes(s): 10.0, Count: 190, TPM: 1144.6, Sum(ms): 6834.7, Avg(ms): 35.9, 50th(ms): 33.6, 90th(ms): 52.4, 95th(ms): 60.8, 99th(ms): 88.1, 99.9th(ms): 100.7, Max(ms): 100.7
[Current] PAYMENT - Takes(s): 10.0, Count: 1872, TPM: 11236.6, Sum(ms): 97921.0, Avg(ms): 52.3, 50th(ms): 50.3, 90th(ms): 75.5, 95th(ms): 88.1, 99th(ms): 125.8, 99.9th(ms): 159.4, Max(ms): 176.2
[Current] STOCK_LEVEL - Takes(s): 10.0, Count: 168, TPM: 1009.8, Sum(ms): 6612.1, Avg(ms): 39.4, 50th(ms): 37.7, 90th(ms): 54.5, 95th(ms): 65.0, 99th(ms): 92.3, 99.9th(ms): 121.6, Max(ms): 121.6
[Current] DELIVERY - Takes(s): 9.9, Count: 178, TPM: 1074.3, Sum(ms): 43451.3, Avg(ms): 244.2, 50th(ms): 251.7, 90th(ms): 318.8, 95th(ms): 436.2, 99th(ms): 570.4, 99.9th(ms): 604.0, Max(ms): 604.0
[Current] NEW_ORDER - Takes(s): 10.0, Count: 2064, TPM: 12385.0, Sum(ms): 159367.5, Avg(ms): 77.2, 50th(ms): 75.5, 90th(ms): 100.7, 95th(ms): 117.4, 99th(ms): 184.5, 99.9th(ms): 226.5, Max(ms): 251.7
[Current] ORDER_STATUS - Takes(s): 10.0, Count: 194, TPM: 1169.5, Sum(ms): 6638.6, Avg(ms): 34.3, 50th(ms): 32.5, 90th(ms): 46.1, 95th(ms): 52.4, 99th(ms): 83.9, 99.9th(ms): 121.6, Max(ms): 121.6
[Current] PAYMENT - Takes(s): 10.0, Count: 1947, TPM: 11682.5, Sum(ms): 96512.0, Avg(ms): 49.6, 50th(ms): 48.2, 90th(ms): 67.1, 95th(ms): 83.9, 99th(ms): 121.6, 99.9th(ms): 159.4, Max(ms): 159.4
[Current] STOCK_LEVEL - Takes(s): 9.9, Count: 157, TPM: 947.7, Sum(ms): 5458.2, Avg(ms): 34.8, 50th(ms): 33.6, 90th(ms): 46.1, 95th(ms): 54.5, 99th(ms): 65.0, 99.9th(ms): 83.9, Max(ms): 83.9
[Current] DELIVERY - Takes(s): 10.0, Count: 194, TPM: 1165.0, Sum(ms): 45793.7, Avg(ms): 236.1, 50th(ms): 260.0, 90th(ms): 302.0, 95th(ms): 318.8, 99th(ms): 385.9, 99.9th(ms): 570.4, Max(ms): 570.4
[Current] NEW_ORDER - Takes(s): 10.0, Count: 2069, TPM: 12417.2, Sum(ms): 159494.0, Avg(ms): 77.1, 50th(ms): 75.5, 90th(ms): 100.7, 95th(ms): 113.2, 99th(ms): 184.5, 99.9th(ms): 218.1, Max(ms): 226.5
[Current] ORDER_STATUS - Takes(s): 9.9, Count: 169, TPM: 1020.1, Sum(ms): 5560.4, Avg(ms): 32.9, 50th(ms): 32.5, 90th(ms): 46.1, 95th(ms): 50.3, 99th(ms): 60.8, 99.9th(ms): 109.1, Max(ms): 109.1
[Current] PAYMENT - Takes(s): 10.0, Count: 1948, TPM: 11695.7, Sum(ms): 94914.4, Avg(ms): 48.7, 50th(ms): 48.2, 90th(ms): 65.0, 95th(ms): 75.5, 99th(ms): 113.2, 99.9th(ms): 159.4, Max(ms): 176.2
[Current] STOCK_LEVEL - Takes(s): 10.0, Count: 171, TPM: 1030.1, Sum(ms): 6582.6, Avg(ms): 38.5, 50th(ms): 35.7, 90th(ms): 48.2, 95th(ms): 56.6, 99th(ms): 142.6, 99.9th(ms): 260.0, Max(ms): 260.0
[Current] DELIVERY - Takes(s): 9.8, Count: 177, TPM: 1086.4, Sum(ms): 43118.1, Avg(ms): 243.5, 50th(ms): 260.0, 90th(ms): 318.8, 95th(ms): 419.4, 99th(ms): 503.3, 99.9th(ms): 536.9, Max(ms): 536.9
[Current] NEW_ORDER - Takes(s): 10.0, Count: 1986, TPM: 11925.8, Sum(ms): 155653.6, Avg(ms): 78.4, 50th(ms): 79.7, 90th(ms): 104.9, 95th(ms): 121.6, 99th(ms): 176.2, 99.9th(ms): 192.9, Max(ms): 201.3
[Current] ORDER_STATUS - Takes(s): 10.0, Count: 183, TPM: 1100.6, Sum(ms): 6456.1, Avg(ms): 35.3, 50th(ms): 33.6, 90th(ms): 52.4, 95th(ms): 56.6, 99th(ms): 75.5, 99.9th(ms): 96.5, Max(ms): 96.5
[Current] PAYMENT - Takes(s): 10.0, Count: 1940, TPM: 11642.4, Sum(ms): 97236.0, Avg(ms): 50.1, 50th(ms): 48.2, 90th(ms): 71.3, 95th(ms): 83.9, 99th(ms): 113.2, 99.9th(ms): 142.6, Max(ms): 226.5
[Current] STOCK_LEVEL - Takes(s): 9.8, Count: 186, TPM: 1135.5, Sum(ms): 8415.5, Avg(ms): 45.2, 50th(ms): 37.7, 90th(ms): 75.5, 95th(ms): 109.1, 99th(ms): 176.2, 99.9th(ms): 184.5, Max(ms): 184.5
[Current] DELIVERY - Takes(s): 10.0, Count: 175, TPM: 1053.0, Sum(ms): 44652.0, Avg(ms): 256.0, 50th(ms): 285.2, 90th(ms): 335.5, 95th(ms): 402.7, 99th(ms): 570.4, 99.9th(ms): 570.4, Max(ms): 570.4
[Current] NEW_ORDER - Takes(s): 10.0, Count: 1992, TPM: 11970.4, Sum(ms): 161999.4, Avg(ms): 81.3, 50th(ms): 79.7, 90th(ms): 104.9, 95th(ms): 121.6, 99th(ms): 209.7, 99.9th(ms): 302.0, Max(ms): 302.0
[Current] ORDER_STATUS - Takes(s): 10.0, Count: 162, TPM: 976.2, Sum(ms): 5990.6, Avg(ms): 37.0, 50th(ms): 35.7, 90th(ms): 50.3, 95th(ms): 54.5, 99th(ms): 88.1, 99.9th(ms): 113.2, Max(ms): 113.2
[Current] PAYMENT - Takes(s): 10.0, Count: 1788, TPM: 10729.8, Sum(ms): 92364.4, Avg(ms): 51.7, 50th(ms): 50.3, 90th(ms): 71.3, 95th(ms): 79.7, 99th(ms): 134.2, 99.9th(ms): 176.2, Max(ms): 260.0
[Current] STOCK_LEVEL - Takes(s): 9.9, Count: 153, TPM: 926.9, Sum(ms): 6167.2, Avg(ms): 40.3, 50th(ms): 37.7, 90th(ms): 54.5, 95th(ms): 71.3, 99th(ms): 117.4, 99.9th(ms): 151.0, Max(ms): 151.0
[Current] DELIVERY - Takes(s): 10.0, Count: 181, TPM: 1087.0, Sum(ms): 47450.5, Avg(ms): 262.2, 50th(ms): 285.2, 90th(ms): 335.5, 95th(ms): 486.5, 99th(ms): 570.4, 99.9th(ms): 570.4, Max(ms): 570.4
[Current] NEW_ORDER - Takes(s): 10.0, Count: 1896, TPM: 11376.5, Sum(ms): 151883.2, Avg(ms): 80.1, 50th(ms): 79.7, 90th(ms): 104.9, 95th(ms): 113.2, 99th(ms): 184.5, 99.9th(ms): 385.9, Max(ms): 385.9
[Current] ORDER_STATUS - Takes(s): 10.0, Count: 176, TPM: 1060.1, Sum(ms): 6139.9, Avg(ms): 34.9, 50th(ms): 33.6, 90th(ms): 48.2, 95th(ms): 52.4, 99th(ms): 56.6, 99.9th(ms): 88.1, Max(ms): 88.1
[Current] PAYMENT - Takes(s): 10.0, Count: 1933, TPM: 11602.0, Sum(ms): 100725.1, Avg(ms): 52.2, 50th(ms): 50.3, 90th(ms): 71.3, 95th(ms): 79.7, 99th(ms): 121.6, 99.9th(ms): 352.3, Max(ms): 369.1
[Current] STOCK_LEVEL - Takes(s): 10.0, Count: 156, TPM: 940.6, Sum(ms): 5943.6, Avg(ms): 38.2, 50th(ms): 37.7, 90th(ms): 50.3, 95th(ms): 58.7, 99th(ms): 67.1, 99.9th(ms): 79.7, Max(ms): 79.7
[Current] DELIVERY - Takes(s): 10.0, Count: 171, TPM: 1026.0, Sum(ms): 41112.8, Avg(ms): 240.8, 50th(ms): 218.1, 90th(ms): 335.5, 95th(ms): 369.1, 99th(ms): 469.8, 99.9th(ms): 486.5, Max(ms): 486.5
[Current] NEW_ORDER - Takes(s): 10.0, Count: 1959, TPM: 11756.1, Sum(ms): 161009.4, Avg(ms): 82.2, 50th(ms): 83.9, 90th(ms): 117.4, 95th(ms): 130.0, 99th(ms): 192.9, 99.9th(ms): 243.3, Max(ms): 302.0
[Current] ORDER_STATUS - Takes(s): 10.0, Count: 173, TPM: 1038.8, Sum(ms): 6190.0, Avg(ms): 35.8, 50th(ms): 32.5, 90th(ms): 56.6, 95th(ms): 58.7, 99th(ms): 71.3, 99.9th(ms): 79.7, Max(ms): 79.7
[Current] PAYMENT - Takes(s): 10.0, Count: 1875, TPM: 11251.1, Sum(ms): 98892.3, Avg(ms): 52.8, 50th(ms): 52.4, 90th(ms): 75.5, 95th(ms): 88.1, 99th(ms): 130.0, 99.9th(ms): 234.9, Max(ms): 243.3
[Current] STOCK_LEVEL - Takes(s): 10.0, Count: 161, TPM: 969.1, Sum(ms): 5973.2, Avg(ms): 37.1, 50th(ms): 35.7, 90th(ms): 54.5, 95th(ms): 60.8, 99th(ms): 71.3, 99.9th(ms): 79.7, Max(ms): 79.7
[Current] DELIVERY - Takes(s): 9.9, Count: 173, TPM: 1043.8, Sum(ms): 44103.1, Avg(ms): 255.3, 50th(ms): 285.2, 90th(ms): 335.5, 95th(ms): 402.7, 99th(ms): 570.4, 99.9th(ms): 637.5, Max(ms): 637.5
[Current] NEW_ORDER - Takes(s): 10.0, Count: 1900, TPM: 11405.7, Sum(ms): 159976.7, Avg(ms): 84.2, 50th(ms): 79.7, 90th(ms): 117.4, 95th(ms): 134.2, 99th(ms): 201.3, 99.9th(ms): 251.7, Max(ms): 260.0
[Current] ORDER_STATUS - Takes(s): 10.0, Count: 151, TPM: 908.0, Sum(ms): 5428.2, Avg(ms): 36.0, 50th(ms): 32.5, 90th(ms): 52.4, 95th(ms): 65.0, 99th(ms): 79.7, 99.9th(ms): 109.1, Max(ms): 109.1
[Current] PAYMENT - Takes(s): 10.0, Count: 1807, TPM: 10864.3, Sum(ms): 95422.6, Avg(ms): 52.8, 50th(ms): 50.3, 90th(ms): 75.5, 95th(ms): 83.9, 99th(ms): 130.0, 99.9th(ms): 151.0, Max(ms): 176.2
[Current] STOCK_LEVEL - Takes(s): 10.0, Count: 165, TPM: 991.7, Sum(ms): 7078.6, Avg(ms): 43.0, 50th(ms): 35.7, 90th(ms): 54.5, 95th(ms): 79.7, 99th(ms): 226.5, 99.9th(ms): 302.0, Max(ms): 302.0
[Current] DELIVERY - Takes(s): 10.0, Count: 171, TPM: 1027.3, Sum(ms): 46117.6, Avg(ms): 269.2, 50th(ms): 285.2, 90th(ms): 402.7, 95th(ms): 419.4, 99th(ms): 536.9, 99.9th(ms): 570.4, Max(ms): 570.4
[Current] NEW_ORDER - Takes(s): 10.0, Count: 1858, TPM: 11154.0, Sum(ms): 157486.0, Avg(ms): 84.8, 50th(ms): 79.7, 90th(ms): 125.8, 95th(ms): 142.6, 99th(ms): 201.3, 99.9th(ms): 243.3, Max(ms): 251.7
[Current] ORDER_STATUS - Takes(s): 9.9, Count: 164, TPM: 997.2, Sum(ms): 5688.8, Avg(ms): 34.7, 50th(ms): 31.5, 90th(ms): 54.5, 95th(ms): 60.8, 99th(ms): 83.9, 99.9th(ms): 109.1, Max(ms): 109.1
[Current] PAYMENT - Takes(s): 10.0, Count: 1706, TPM: 10237.4, Sum(ms): 96044.9, Avg(ms): 56.3, 50th(ms): 54.5, 90th(ms): 83.9, 95th(ms): 100.7, 99th(ms): 134.2, 99.9th(ms): 167.8, Max(ms): 201.3
[Current] STOCK_LEVEL - Takes(s): 9.8, Count: 152, TPM: 926.4, Sum(ms): 6304.4, Avg(ms): 41.6, 50th(ms): 37.7, 90th(ms): 60.8, 95th(ms): 71.3, 99th(ms): 125.8, 99.9th(ms): 167.8, Max(ms): 167.8
[Current] DELIVERY - Takes(s): 9.9, Count: 178, TPM: 1076.1, Sum(ms): 44174.1, Avg(ms): 248.1, 50th(ms): 201.3, 90th(ms): 369.1, 95th(ms): 436.2, 99th(ms): 503.3, 99.9th(ms): 570.4, Max(ms): 570.4
[Current] NEW_ORDER - Takes(s): 10.0, Count: 1890, TPM: 11347.5, Sum(ms): 157064.4, Avg(ms): 83.2, 50th(ms): 79.7, 90th(ms): 121.6, 95th(ms): 130.0, 99th(ms): 184.5, 99.9th(ms): 218.1, Max(ms): 243.3
[Current] ORDER_STATUS - Takes(s): 10.0, Count: 173, TPM: 1041.1, Sum(ms): 6299.0, Avg(ms): 36.4, 50th(ms): 35.7, 90th(ms): 54.5, 95th(ms): 58.7, 99th(ms): 79.7, 99.9th(ms): 100.7, Max(ms): 100.7
[Current] PAYMENT - Takes(s): 10.0, Count: 1796, TPM: 10778.2, Sum(ms): 97487.9, Avg(ms): 54.3, 50th(ms): 54.5, 90th(ms): 79.7, 95th(ms): 88.1, 99th(ms): 121.6, 99.9th(ms): 159.4, Max(ms): 159.4
[Current] STOCK_LEVEL - Takes(s): 10.0, Count: 173, TPM: 1039.6, Sum(ms): 7094.5, Avg(ms): 41.1, 50th(ms): 37.7, 90th(ms): 58.7, 95th(ms): 79.7, 99th(ms): 92.3, 99.9th(ms): 117.4, Max(ms): 117.4
[Current] DELIVERY - Takes(s): 10.0, Count: 156, TPM: 939.1, Sum(ms): 39370.9, Avg(ms): 252.7, 50th(ms): 285.2, 90th(ms): 335.5, 95th(ms): 369.1, 99th(ms): 436.2, 99.9th(ms): 671.1, Max(ms): 671.1
[Current] NEW_ORDER - Takes(s): 10.0, Count: 1925, TPM: 11571.6, Sum(ms): 157084.4, Avg(ms): 81.6, 50th(ms): 83.9, 90th(ms): 113.2, 95th(ms): 121.6, 99th(ms): 192.9, 99.9th(ms): 234.9, Max(ms): 302.0
[Current] ORDER_STATUS - Takes(s): 10.0, Count: 186, TPM: 1117.8, Sum(ms): 6957.8, Avg(ms): 37.4, 50th(ms): 33.6, 90th(ms): 54.5, 95th(ms): 60.8, 99th(ms): 79.7, 99.9th(ms): 251.7, Max(ms): 251.7
[Current] PAYMENT - Takes(s): 10.0, Count: 1916, TPM: 11509.6, Sum(ms): 102083.7, Avg(ms): 53.3, 50th(ms): 52.4, 90th(ms): 75.5, 95th(ms): 88.1, 99th(ms): 159.4, 99.9th(ms): 234.9, Max(ms): 260.0
[Current] STOCK_LEVEL - Takes(s): 9.9, Count: 182, TPM: 1100.9, Sum(ms): 7202.6, Avg(ms): 39.6, 50th(ms): 35.7, 90th(ms): 50.3, 95th(ms): 60.8, 99th(ms): 184.5, 99.9th(ms): 226.5, Max(ms): 226.5
[Current] DELIVERY - Takes(s): 10.0, Count: 170, TPM: 1021.1, Sum(ms): 39765.9, Avg(ms): 233.7, 50th(ms): 192.9, 90th(ms): 318.8, 95th(ms): 385.9, 99th(ms): 570.4, 99.9th(ms): 604.0, Max(ms): 604.0
[Current] NEW_ORDER - Takes(s): 10.0, Count: 2011, TPM: 12066.7, Sum(ms): 161056.3, Avg(ms): 80.1, 50th(ms): 79.7, 90th(ms): 113.2, 95th(ms): 121.6, 99th(ms): 201.3, 99.9th(ms): 369.1, Max(ms): 385.9
[Current] ORDER_STATUS - Takes(s): 9.9, Count: 189, TPM: 1141.4, Sum(ms): 6760.0, Avg(ms): 35.9, 50th(ms): 33.6, 90th(ms): 52.4, 95th(ms): 58.7, 99th(ms): 79.7, 99.9th(ms): 285.2, Max(ms): 285.2
[Current] PAYMENT - Takes(s): 10.0, Count: 1876, TPM: 11261.2, Sum(ms): 96564.6, Avg(ms): 51.5, 50th(ms): 50.3, 90th(ms): 71.3, 95th(ms): 83.9, 99th(ms): 142.6, 99.9th(ms): 302.0, Max(ms): 352.3
[Current] STOCK_LEVEL - Takes(s): 9.8, Count: 166, TPM: 1020.0, Sum(ms): 6778.8, Avg(ms): 40.9, 50th(ms): 35.7, 90th(ms): 58.7, 95th(ms): 79.7, 99th(ms): 142.6, 99.9th(ms): 285.2, Max(ms): 285.2
[Current] DELIVERY - Takes(s): 9.9, Count: 179, TPM: 1079.7, Sum(ms): 43289.8, Avg(ms): 242.1, 50th(ms): 285.2, 90th(ms): 335.5, 95th(ms): 352.3, 99th(ms): 469.8, 99.9th(ms): 570.4, Max(ms): 570.4
[Current] NEW_ORDER - Takes(s): 10.0, Count: 1951, TPM: 11710.3, Sum(ms): 156530.6, Avg(ms): 80.2, 50th(ms): 83.9, 90th(ms): 113.2, 95th(ms): 121.6, 99th(ms): 201.3, 99.9th(ms): 260.0, Max(ms): 268.4
[Current] ORDER_STATUS - Takes(s): 10.0, Count: 191, TPM: 1150.4, Sum(ms): 6662.2, Avg(ms): 34.9, 50th(ms): 31.5, 90th(ms): 52.4, 95th(ms): 62.9, 99th(ms): 88.1, 99.9th(ms): 104.9, Max(ms): 104.9
[Current] PAYMENT - Takes(s): 10.0, Count: 1941, TPM: 11646.1, Sum(ms): 98707.0, Avg(ms): 50.9, 50th(ms): 50.3, 90th(ms): 75.5, 95th(ms): 83.9, 99th(ms): 125.8, 99.9th(ms): 226.5, Max(ms): 352.3
[Current] STOCK_LEVEL - Takes(s): 10.0, Count: 178, TPM: 1070.1, Sum(ms): 6620.6, Avg(ms): 37.2, 50th(ms): 35.7, 90th(ms): 50.3, 95th(ms): 62.9, 99th(ms): 83.9, 99.9th(ms): 109.1, Max(ms): 109.1
[Current] DELIVERY - Takes(s): 10.0, Count: 183, TPM: 1102.4, Sum(ms): 44980.0, Avg(ms): 245.9, 50th(ms): 268.4, 90th(ms): 335.5, 95th(ms): 369.1, 99th(ms): 570.4, 99.9th(ms): 570.4, Max(ms): 570.4
[Current] NEW_ORDER - Takes(s): 10.0, Count: 1970, TPM: 11821.0, Sum(ms): 157664.8, Avg(ms): 80.1, 50th(ms): 75.5, 90th(ms): 113.2, 95th(ms): 130.0, 99th(ms): 209.7, 99.9th(ms): 251.7, Max(ms): 260.0
[Current] ORDER_STATUS - Takes(s): 10.0, Count: 170, TPM: 1020.3, Sum(ms): 6189.6, Avg(ms): 36.4, 50th(ms): 32.5, 90th(ms): 52.4, 95th(ms): 65.0, 99th(ms): 104.9, 99.9th(ms): 117.4, Max(ms): 117.4
[Current] PAYMENT - Takes(s): 10.0, Count: 1858, TPM: 11149.5, Sum(ms): 96575.3, Avg(ms): 52.0, 50th(ms): 50.3, 90th(ms): 75.5, 95th(ms): 88.1, 99th(ms): 151.0, 99.9th(ms): 176.2, Max(ms): 209.7
[Current] STOCK_LEVEL - Takes(s): 10.0, Count: 184, TPM: 1105.5, Sum(ms): 7257.9, Avg(ms): 39.4, 50th(ms): 35.7, 90th(ms): 50.3, 95th(ms): 56.6, 99th(ms): 243.3, 99.9th(ms): 302.0, Max(ms): 302.0
[Current] DELIVERY - Takes(s): 10.0, Count: 197, TPM: 1187.2, Sum(ms): 48063.8, Avg(ms): 243.5, 50th(ms): 226.5, 90th(ms): 352.3, 95th(ms): 352.3, 99th(ms): 570.4, 99.9th(ms): 637.5, Max(ms): 637.5
[Current] NEW_ORDER - Takes(s): 10.0, Count: 1887, TPM: 11327.7, Sum(ms): 153983.2, Avg(ms): 81.6, 50th(ms): 79.7, 90th(ms): 113.2, 95th(ms): 125.8, 99th(ms): 192.9, 99.9th(ms): 226.5, Max(ms): 226.5
[Current] ORDER_STATUS - Takes(s): 10.0, Count: 178, TPM: 1070.6, Sum(ms): 6617.4, Avg(ms): 37.2, 50th(ms): 37.7, 90th(ms): 52.4, 95th(ms): 56.6, 99th(ms): 88.1, 99.9th(ms): 100.7, Max(ms): 100.7
[Current] PAYMENT - Takes(s): 10.0, Count: 1800, TPM: 10800.0, Sum(ms): 94826.0, Avg(ms): 52.7, 50th(ms): 50.3, 90th(ms): 75.5, 95th(ms): 88.1, 99th(ms): 125.8, 99.9th(ms): 159.4, Max(ms): 226.5
[Current] STOCK_LEVEL - Takes(s): 9.9, Count: 179, TPM: 1087.7, Sum(ms): 7483.2, Avg(ms): 41.8, 50th(ms): 35.7, 90th(ms): 54.5, 95th(ms): 65.0, 99th(ms): 209.7, 99.9th(ms): 268.4, Max(ms): 268.4
[Current] DELIVERY - Takes(s): 9.9, Count: 168, TPM: 1015.0, Sum(ms): 41621.9, Avg(ms): 247.7, 50th(ms): 268.4, 90th(ms): 335.5, 95th(ms): 419.4, 99th(ms): 570.4, 99.9th(ms): 604.0, Max(ms): 604.0
[Current] NEW_ORDER - Takes(s): 10.0, Count: 2048, TPM: 12291.9, Sum(ms): 162223.5, Avg(ms): 79.2, 50th(ms): 75.5, 90th(ms): 113.2, 95th(ms): 121.6, 99th(ms): 176.2, 99.9th(ms): 226.5, Max(ms): 251.7
[Current] ORDER_STATUS - Takes(s): 10.0, Count: 184, TPM: 1106.2, Sum(ms): 6261.8, Avg(ms): 34.1, 50th(ms): 31.5, 90th(ms): 52.4, 95th(ms): 54.5, 99th(ms): 67.1, 99.9th(ms): 71.3, Max(ms): 71.3
[Current] PAYMENT - Takes(s): 10.0, Count: 1922, TPM: 11535.7, Sum(ms): 98070.3, Avg(ms): 51.1, 50th(ms): 50.3, 90th(ms): 75.5, 95th(ms): 83.9, 99th(ms): 125.8, 99.9th(ms): 167.8, Max(ms): 209.7
[Current] STOCK_LEVEL - Takes(s): 10.0, Count: 147, TPM: 885.3, Sum(ms): 5389.4, Avg(ms): 36.7, 50th(ms): 35.7, 90th(ms): 48.2, 95th(ms): 60.8, 99th(ms): 100.7, 99.9th(ms): 100.7, Max(ms): 100.7
[Current] DELIVERY - Takes(s): 9.8, Count: 170, TPM: 1043.2, Sum(ms): 40766.5, Avg(ms): 240.2, 50th(ms): 268.4, 90th(ms): 318.8, 95th(ms): 385.9, 99th(ms): 536.9, 99.9th(ms): 604.0, Max(ms): 604.0
[Current] NEW_ORDER - Takes(s): 10.0, Count: 2024, TPM: 12149.8, Sum(ms): 158661.6, Avg(ms): 78.4, 50th(ms): 79.7, 90th(ms): 109.1, 95th(ms): 117.4, 99th(ms): 184.5, 99.9th(ms): 234.9, Max(ms): 268.4
[Current] ORDER_STATUS - Takes(s): 10.0, Count: 199, TPM: 1198.0, Sum(ms): 6801.1, Avg(ms): 34.1, 50th(ms): 30.4, 90th(ms): 52.4, 95th(ms): 56.6, 99th(ms): 88.1, 99.9th(ms): 121.6, Max(ms): 121.6
[Current] PAYMENT - Takes(s): 10.0, Count: 1905, TPM: 11433.7, Sum(ms): 97931.4, Avg(ms): 51.4, 50th(ms): 50.3, 90th(ms): 71.3, 95th(ms): 88.1, 99th(ms): 125.8, 99.9th(ms): 226.5, Max(ms): 226.5
[Current] STOCK_LEVEL - Takes(s): 10.0, Count: 196, TPM: 1178.1, Sum(ms): 7313.9, Avg(ms): 37.3, 50th(ms): 37.7, 90th(ms): 48.2, 95th(ms): 56.6, 99th(ms): 79.7, 99.9th(ms): 88.1, Max(ms): 88.1
[Current] DELIVERY - Takes(s): 9.9, Count: 174, TPM: 1052.0, Sum(ms): 42828.8, Avg(ms): 246.5, 50th(ms): 268.4, 90th(ms): 352.3, 95th(ms): 402.7, 99th(ms): 536.9, 99.9th(ms): 738.2, Max(ms): 738.2
[Current] NEW_ORDER - Takes(s): 10.0, Count: 2005, TPM: 12048.3, Sum(ms): 158653.6, Avg(ms): 79.2, 50th(ms): 75.5, 90th(ms): 109.1, 95th(ms): 125.8, 99th(ms): 192.9, 99.9th(ms): 385.9, Max(ms): 402.7
[Current] ORDER_STATUS - Takes(s): 9.9, Count: 184, TPM: 1110.3, Sum(ms): 6319.8, Avg(ms): 34.4, 50th(ms): 32.5, 90th(ms): 52.4, 95th(ms): 54.5, 99th(ms): 65.0, 99.9th(ms): 100.7, Max(ms): 100.7
[Current] PAYMENT - Takes(s): 10.0, Count: 1885, TPM: 11310.6, Sum(ms): 97152.8, Avg(ms): 51.5, 50th(ms): 50.3, 90th(ms): 71.3, 95th(ms): 88.1, 99th(ms): 130.0, 99.9th(ms): 318.8, Max(ms): 385.9
[Current] STOCK_LEVEL - Takes(s): 9.8, Count: 180, TPM: 1107.2, Sum(ms): 7084.1, Avg(ms): 39.4, 50th(ms): 37.7, 90th(ms): 54.5, 95th(ms): 62.9, 99th(ms): 83.9, 99.9th(ms): 285.2, Max(ms): 285.2
[Current] DELIVERY - Takes(s): 10.0, Count: 185, TPM: 1110.6, Sum(ms): 46546.1, Avg(ms): 251.5, 50th(ms): 285.2, 90th(ms): 352.3, 95th(ms): 385.9, 99th(ms): 503.3, 99.9th(ms): 637.5, Max(ms): 637.5
[Current] NEW_ORDER - Takes(s): 10.0, Count: 1965, TPM: 11798.2, Sum(ms): 154647.8, Avg(ms): 78.7, 50th(ms): 79.7, 90th(ms): 109.1, 95th(ms): 117.4, 99th(ms): 184.5, 99.9th(ms): 260.0, Max(ms): 268.4
[Current] ORDER_STATUS - Takes(s): 9.9, Count: 168, TPM: 1015.1, Sum(ms): 5554.5, Avg(ms): 33.1, 50th(ms): 29.4, 90th(ms): 48.2, 95th(ms): 56.6, 99th(ms): 104.9, 99.9th(ms): 113.2, Max(ms): 113.2
[Current] PAYMENT - Takes(s): 10.0, Count: 1912, TPM: 11476.4, Sum(ms): 97445.5, Avg(ms): 51.0, 50th(ms): 50.3, 90th(ms): 71.3, 95th(ms): 83.9, 99th(ms): 117.4, 99.9th(ms): 201.3, Max(ms): 209.7
[Current] STOCK_LEVEL - Takes(s): 10.0, Count: 199, TPM: 1196.5, Sum(ms): 7952.5, Avg(ms): 40.0, 50th(ms): 39.8, 90th(ms): 56.6, 95th(ms): 65.0, 99th(ms): 75.5, 99.9th(ms): 92.3, Max(ms): 92.3
[Current] DELIVERY - Takes(s): 10.0, Count: 185, TPM: 1112.9, Sum(ms): 42786.6, Avg(ms): 231.4, 50th(ms): 243.3, 90th(ms): 318.8, 95th(ms): 402.7, 99th(ms): 503.3, 99.9th(ms): 570.4, Max(ms): 570.4
[Current] NEW_ORDER - Takes(s): 10.0, Count: 1973, TPM: 11840.1, Sum(ms): 154551.3, Avg(ms): 78.3, 50th(ms): 79.7, 90th(ms): 109.1, 95th(ms): 117.4, 99th(ms): 192.9, 99.9th(ms): 218.1, Max(ms): 234.9
[Current] ORDER_STATUS - Takes(s): 10.0, Count: 177, TPM: 1063.4, Sum(ms): 6082.8, Avg(ms): 34.4, 50th(ms): 33.6, 90th(ms): 50.3, 95th(ms): 54.5, 99th(ms): 92.3, 99.9th(ms): 96.5, Max(ms): 96.5
[Current] PAYMENT - Takes(s): 10.0, Count: 1976, TPM: 11856.6, Sum(ms): 101643.4, Avg(ms): 51.5, 50th(ms): 48.2, 90th(ms): 75.5, 95th(ms): 96.5, 99th(ms): 142.6, 99.9th(ms): 184.5, Max(ms): 209.7
[Current] STOCK_LEVEL - Takes(s): 10.0, Count: 190, TPM: 1145.7, Sum(ms): 7279.5, Avg(ms): 38.3, 50th(ms): 37.7, 90th(ms): 52.4, 95th(ms): 58.7, 99th(ms): 75.5, 99.9th(ms): 92.3, Max(ms): 92.3
[Current] DELIVERY - Takes(s): 9.9, Count: 191, TPM: 1152.8, Sum(ms): 46925.4, Avg(ms): 246.2, 50th(ms): 268.4, 90th(ms): 335.5, 95th(ms): 352.3, 99th(ms): 453.0, 99.9th(ms): 771.8, Max(ms): 771.8
[Current] NEW_ORDER - Takes(s): 10.0, Count: 1923, TPM: 11540.9, Sum(ms): 156104.5, Avg(ms): 81.2, 50th(ms): 79.7, 90th(ms): 113.2, 95th(ms): 121.6, 99th(ms): 184.5, 99.9th(ms): 243.3, Max(ms): 243.3
[Current] ORDER_STATUS - Takes(s): 10.0, Count: 197, TPM: 1187.3, Sum(ms): 6990.6, Avg(ms): 35.5, 50th(ms): 33.6, 90th(ms): 50.3, 95th(ms): 60.8, 99th(ms): 88.1, 99.9th(ms): 104.9, Max(ms): 104.9
[Current] PAYMENT - Takes(s): 10.0, Count: 1803, TPM: 10832.4, Sum(ms): 95078.2, Avg(ms): 52.8, 50th(ms): 52.4, 90th(ms): 75.5, 95th(ms): 88.1, 99th(ms): 121.6, 99.9th(ms): 167.8, Max(ms): 167.8
[Current] STOCK_LEVEL - Takes(s): 9.6, Count: 157, TPM: 979.2, Sum(ms): 6565.8, Avg(ms): 41.8, 50th(ms): 39.8, 90th(ms): 56.6, 95th(ms): 71.3, 99th(ms): 96.5, 99.9th(ms): 125.8, Max(ms): 125.8
[Current] DELIVERY - Takes(s): 10.0, Count: 178, TPM: 1069.1, Sum(ms): 45291.6, Avg(ms): 254.6, 50th(ms): 285.2, 90th(ms): 335.5, 95th(ms): 402.7, 99th(ms): 520.1, 99.9th(ms): 570.4, Max(ms): 570.4
[Current] NEW_ORDER - Takes(s): 10.0, Count: 1902, TPM: 11415.4, Sum(ms): 157333.5, Avg(ms): 82.8, 50th(ms): 83.9, 90th(ms): 113.2, 95th(ms): 121.6, 99th(ms): 167.8, 99.9th(ms): 218.1, Max(ms): 234.9
[Current] ORDER_STATUS - Takes(s): 10.0, Count: 178, TPM: 1071.3, Sum(ms): 6267.1, Avg(ms): 35.2, 50th(ms): 33.6, 90th(ms): 50.3, 95th(ms): 54.5, 99th(ms): 92.3, 99.9th(ms): 104.9, Max(ms): 104.9
[Current] PAYMENT - Takes(s): 10.0, Count: 1825, TPM: 10956.9, Sum(ms): 97271.2, Avg(ms): 53.3, 50th(ms): 52.4, 90th(ms): 75.5, 95th(ms): 88.1, 99th(ms): 121.6, 99.9th(ms): 159.4, Max(ms): 167.8
[Current] STOCK_LEVEL - Takes(s): 10.0, Count: 155, TPM: 932.7, Sum(ms): 6197.5, Avg(ms): 40.0, 50th(ms): 39.8, 90th(ms): 52.4, 95th(ms): 58.7, 99th(ms): 71.3, 99.9th(ms): 83.9, Max(ms): 83.9
[Current] DELIVERY - Takes(s): 10.0, Count: 189, TPM: 1138.3, Sum(ms): 45808.7, Avg(ms): 242.2, 50th(ms): 268.4, 90th(ms): 352.3, 95th(ms): 436.2, 99th(ms): 570.4, 99.9th(ms): 604.0, Max(ms): 604.0
[Current] NEW_ORDER - Takes(s): 10.0, Count: 1919, TPM: 11520.7, Sum(ms): 149912.8, Avg(ms): 78.1, 50th(ms): 75.5, 90th(ms): 109.1, 95th(ms): 121.6, 99th(ms): 201.3, 99.9th(ms): 268.4, Max(ms): 285.2
[Current] ORDER_STATUS - Takes(s): 10.0, Count: 173, TPM: 1039.4, Sum(ms): 5770.2, Avg(ms): 33.4, 50th(ms): 31.5, 90th(ms): 50.3, 95th(ms): 52.4, 99th(ms): 67.1, 99.9th(ms): 79.7, Max(ms): 79.7
[Current] PAYMENT - Takes(s): 10.0, Count: 2019, TPM: 12116.8, Sum(ms): 103144.0, Avg(ms): 51.1, 50th(ms): 50.3, 90th(ms): 71.3, 95th(ms): 88.1, 99th(ms): 134.2, 99.9th(ms): 234.9, Max(ms): 243.3
[Current] STOCK_LEVEL - Takes(s): 10.0, Count: 192, TPM: 1155.9, Sum(ms): 6795.3, Avg(ms): 35.4, 50th(ms): 35.7, 90th(ms): 46.1, 95th(ms): 52.4, 99th(ms): 67.1, 99.9th(ms): 83.9, Max(ms): 83.9
[Current] DELIVERY - Takes(s): 10.0, Count: 165, TPM: 992.4, Sum(ms): 39701.5, Avg(ms): 240.9, 50th(ms): 209.7, 90th(ms): 318.8, 95th(ms): 352.3, 99th(ms): 419.4, 99.9th(ms): 771.8, Max(ms): 771.8
[Current] NEW_ORDER - Takes(s): 10.0, Count: 1904, TPM: 11427.1, Sum(ms): 159004.5, Avg(ms): 83.5, 50th(ms): 79.7, 90th(ms): 113.2, 95th(ms): 130.0, 99th(ms): 192.9, 99.9th(ms): 385.9, Max(ms): 402.7
[Current] ORDER_STATUS - Takes(s): 9.9, Count: 180, TPM: 1091.9, Sum(ms): 6689.1, Avg(ms): 37.2, 50th(ms): 33.6, 90th(ms): 50.3, 95th(ms): 58.7, 99th(ms): 71.3, 99.9th(ms): 285.2, Max(ms): 285.2
[Current] PAYMENT - Takes(s): 10.0, Count: 1831, TPM: 10992.1, Sum(ms): 100537.7, Avg(ms): 54.9, 50th(ms): 52.4, 90th(ms): 75.5, 95th(ms): 92.3, 99th(ms): 159.4, 99.9th(ms): 335.5, Max(ms): 352.3
[Current] STOCK_LEVEL - Takes(s): 10.0, Count: 179, TPM: 1075.6, Sum(ms): 6614.2, Avg(ms): 37.0, 50th(ms): 35.7, 90th(ms): 48.2, 95th(ms): 50.3, 99th(ms): 75.5, 99.9th(ms): 260.0, Max(ms): 260.0
[Current] DELIVERY - Takes(s): 10.0, Count: 161, TPM: 969.1, Sum(ms): 40007.5, Avg(ms): 248.4, 50th(ms): 268.4, 90th(ms): 318.8, 95th(ms): 352.3, 99th(ms): 637.5, 99.9th(ms): 671.1, Max(ms): 671.1
[Current] NEW_ORDER - Takes(s): 10.0, Count: 1971, TPM: 11830.1, Sum(ms): 158313.2, Avg(ms): 80.3, 50th(ms): 79.7, 90th(ms): 109.1, 95th(ms): 121.6, 99th(ms): 192.9, 99.9th(ms): 318.8, Max(ms): 352.3
[Current] ORDER_STATUS - Takes(s): 9.9, Count: 163, TPM: 987.9, Sum(ms): 5646.9, Avg(ms): 34.7, 50th(ms): 35.7, 90th(ms): 46.1, 95th(ms): 52.4, 99th(ms): 58.7, 99.9th(ms): 71.3, Max(ms): 71.3
[Current] PAYMENT - Takes(s): 10.0, Count: 1945, TPM: 11670.5, Sum(ms): 101478.2, Avg(ms): 52.2, 50th(ms): 52.4, 90th(ms): 71.3, 95th(ms): 83.9, 99th(ms): 130.0, 99.9th(ms): 243.3, Max(ms): 268.4
[Current] STOCK_LEVEL - Takes(s): 10.0, Count: 174, TPM: 1046.5, Sum(ms): 6268.2, Avg(ms): 36.1, 50th(ms): 35.7, 90th(ms): 46.1, 95th(ms): 50.3, 99th(ms): 67.1, 99.9th(ms): 125.8, Max(ms): 125.8
[Current] DELIVERY - Takes(s): 10.0, Count: 191, TPM: 1149.1, Sum(ms): 47854.0, Avg(ms): 250.8, 50th(ms): 285.2, 90th(ms): 318.8, 95th(ms): 369.1, 99th(ms): 570.4, 99.9th(ms): 637.5, Max(ms): 637.5
[Current] NEW_ORDER - Takes(s): 10.0, Count: 2035, TPM: 12213.7, Sum(ms): 160660.3, Avg(ms): 78.9, 50th(ms): 75.5, 90th(ms): 109.1, 95th(ms): 121.6, 99th(ms): 184.5, 99.9th(ms): 226.5, Max(ms): 243.3
[Current] ORDER_STATUS - Takes(s): 10.0, Count: 175, TPM: 1053.8, Sum(ms): 5986.9, Avg(ms): 34.2, 50th(ms): 32.5, 90th(ms): 48.2, 95th(ms): 54.5, 99th(ms): 75.5, 99.9th(ms): 83.9, Max(ms): 83.9
[Current] PAYMENT - Takes(s): 10.0, Count: 1795, TPM: 10773.4, Sum(ms): 91354.3, Avg(ms): 50.9, 50th(ms): 50.3, 90th(ms): 71.3, 95th(ms): 88.1, 99th(ms): 121.6, 99.9th(ms): 142.6, Max(ms): 151.0
[Current] STOCK_LEVEL - Takes(s): 10.0, Count: 190, TPM: 1141.4, Sum(ms): 6521.3, Avg(ms): 34.4, 50th(ms): 33.6, 90th(ms): 46.1, 95th(ms): 50.3, 99th(ms): 67.1, 99.9th(ms): 75.5, Max(ms): 75.5
[Current] DELIVERY - Takes(s): 9.9, Count: 152, TPM: 922.1, Sum(ms): 39564.2, Avg(ms): 260.5, 50th(ms): 218.1, 90th(ms): 369.1, 95th(ms): 402.7, 99th(ms): 570.4, 99.9th(ms): 637.5, Max(ms): 637.5
[Current] NEW_ORDER - Takes(s): 10.0, Count: 1822, TPM: 10940.1, Sum(ms): 158199.8, Avg(ms): 86.9, 50th(ms): 83.9, 90th(ms): 125.8, 95th(ms): 134.2, 99th(ms): 192.9, 99.9th(ms): 226.5, Max(ms): 226.5
[Current] ORDER_STATUS - Takes(s): 10.0, Count: 153, TPM: 918.5, Sum(ms): 6042.4, Avg(ms): 39.5, 50th(ms): 37.7, 90th(ms): 60.8, 95th(ms): 65.0, 99th(ms): 100.7, 99.9th(ms): 117.4, Max(ms): 117.4
[Current] PAYMENT - Takes(s): 10.0, Count: 1772, TPM: 10635.4, Sum(ms): 100046.3, Avg(ms): 56.5, 50th(ms): 52.4, 90th(ms): 83.9, 95th(ms): 100.7, 99th(ms): 134.2, 99.9th(ms): 167.8, Max(ms): 176.2
[Current] STOCK_LEVEL - Takes(s): 10.0, Count: 189, TPM: 1136.8, Sum(ms): 7390.7, Avg(ms): 39.0, 50th(ms): 37.7, 90th(ms): 54.5, 95th(ms): 62.9, 99th(ms): 83.9, 99.9th(ms): 96.5, Max(ms): 96.5
[Current] DELIVERY - Takes(s): 10.0, Count: 177, TPM: 1065.6, Sum(ms): 48564.5, Avg(ms): 274.7, 50th(ms): 318.8, 90th(ms): 369.1, 95th(ms): 402.7, 99th(ms): 570.4, 99.9th(ms): 604.0, Max(ms): 604.0
[Current] NEW_ORDER - Takes(s): 10.0, Count: 1789, TPM: 10735.9, Sum(ms): 156542.0, Avg(ms): 87.5, 50th(ms): 88.1, 90th(ms): 121.6, 95th(ms): 134.2, 99th(ms): 192.9, 99.9th(ms): 251.7, Max(ms): 369.1
[Current] ORDER_STATUS - Takes(s): 10.0, Count: 161, TPM: 966.2, Sum(ms): 6622.6, Avg(ms): 41.2, 50th(ms): 39.8, 90th(ms): 60.8, 95th(ms): 67.1, 99th(ms): 88.1, 99.9th(ms): 92.3, Max(ms): 92.3
[Current] PAYMENT - Takes(s): 10.0, Count: 1648, TPM: 9892.7, Sum(ms): 94748.3, Avg(ms): 57.5, 50th(ms): 56.6, 90th(ms): 83.9, 95th(ms): 92.3, 99th(ms): 134.2, 99.9th(ms): 176.2, Max(ms): 201.3
[Current] STOCK_LEVEL - Takes(s): 10.0, Count: 144, TPM: 868.1, Sum(ms): 5607.5, Avg(ms): 38.9, 50th(ms): 39.8, 90th(ms): 50.3, 95th(ms): 56.6, 99th(ms): 71.3, 99.9th(ms): 75.5, Max(ms): 75.5
[Current] DELIVERY - Takes(s): 10.0, Count: 167, TPM: 1006.0, Sum(ms): 40898.8, Avg(ms): 245.1, 50th(ms): 226.5, 90th(ms): 335.5, 95th(ms): 352.3, 99th(ms): 503.3, 99.9th(ms): 738.2, Max(ms): 738.2
[Current] NEW_ORDER - Takes(s): 10.0, Count: 1937, TPM: 11622.8, Sum(ms): 159627.4, Avg(ms): 82.4, 50th(ms): 79.7, 90th(ms): 117.4, 95th(ms): 130.0, 99th(ms): 209.7, 99.9th(ms): 260.0, Max(ms): 268.4
[Current] ORDER_STATUS - Takes(s): 10.0, Count: 166, TPM: 996.2, Sum(ms): 6075.2, Avg(ms): 36.6, 50th(ms): 35.7, 90th(ms): 54.5, 95th(ms): 56.6, 99th(ms): 62.9, 99.9th(ms): 104.9, Max(ms): 104.9
[Current] PAYMENT - Takes(s): 10.0, Count: 1853, TPM: 11125.9, Sum(ms): 98029.8, Avg(ms): 53.0, 50th(ms): 52.4, 90th(ms): 79.7, 95th(ms): 88.1, 99th(ms): 134.2, 99.9th(ms): 243.3, Max(ms): 251.7
[Current] STOCK_LEVEL - Takes(s): 10.0, Count: 162, TPM: 975.9, Sum(ms): 6262.9, Avg(ms): 38.6, 50th(ms): 37.7, 90th(ms): 54.5, 95th(ms): 65.0, 99th(ms): 79.7, 99.9th(ms): 88.1, Max(ms): 88.1
[Current] DELIVERY - Takes(s): 9.9, Count: 151, TPM: 913.6, Sum(ms): 39830.2, Avg(ms): 264.0, 50th(ms): 268.4, 90th(ms): 352.3, 95th(ms): 402.7, 99th(ms): 570.4, 99.9th(ms): 570.4, Max(ms): 570.4
[Current] NEW_ORDER - Takes(s): 10.0, Count: 1827, TPM: 10966.7, Sum(ms): 159917.4, Avg(ms): 87.5, 50th(ms): 83.9, 90th(ms): 117.4, 95th(ms): 134.2, 99th(ms): 218.1, 99.9th(ms): 385.9, Max(ms): 385.9
[Current] ORDER_STATUS - Takes(s): 10.0, Count: 141, TPM: 849.3, Sum(ms): 5531.4, Avg(ms): 39.2, 50th(ms): 39.8, 90th(ms): 56.6, 95th(ms): 62.9, 99th(ms): 71.3, 99.9th(ms): 83.9, Max(ms): 83.9
[Current] PAYMENT - Takes(s): 10.0, Count: 1728, TPM: 10382.4, Sum(ms): 100791.1, Avg(ms): 58.4, 50th(ms): 56.6, 90th(ms): 79.7, 95th(ms): 96.5, 99th(ms): 142.6, 99.9th(ms): 335.5, Max(ms): 352.3
[Current] STOCK_LEVEL - Takes(s): 10.0, Count: 154, TPM: 926.8, Sum(ms): 6077.4, Avg(ms): 39.5, 50th(ms): 37.7, 90th(ms): 54.5, 95th(ms): 58.7, 99th(ms): 79.7, 99.9th(ms): 88.1, Max(ms): 88.1
[Current] DELIVERY - Takes(s): 10.0, Count: 169, TPM: 1017.9, Sum(ms): 43818.9, Avg(ms): 259.3, 50th(ms): 285.2, 90th(ms): 352.3, 95th(ms): 369.1, 99th(ms): 604.0, 99.9th(ms): 671.1, Max(ms): 671.1
[Current] NEW_ORDER - Takes(s): 10.0, Count: 1845, TPM: 11072.8, Sum(ms): 157837.2, Avg(ms): 85.6, 50th(ms): 83.9, 90th(ms): 117.4, 95th(ms): 130.0, 99th(ms): 184.5, 99.9th(ms): 352.3, Max(ms): 352.3
[Current] ORDER_STATUS - Takes(s): 9.8, Count: 174, TPM: 1060.5, Sum(ms): 6552.4, Avg(ms): 37.7, 50th(ms): 37.7, 90th(ms): 56.6, 95th(ms): 60.8, 99th(ms): 75.5, 99.9th(ms): 83.9, Max(ms): 83.9
[Current] PAYMENT - Takes(s): 10.0, Count: 1706, TPM: 10237.1, Sum(ms): 97154.2, Avg(ms): 57.0, 50th(ms): 56.6, 90th(ms): 79.7, 95th(ms): 88.1, 99th(ms): 125.8, 99.9th(ms): 260.0, Max(ms): 260.0
[Current] STOCK_LEVEL - Takes(s): 10.0, Count: 152, TPM: 915.6, Sum(ms): 6388.2, Avg(ms): 42.0, 50th(ms): 41.9, 90th(ms): 60.8, 95th(ms): 71.3, 99th(ms): 79.7, 99.9th(ms): 92.3, Max(ms): 92.3
[Current] DELIVERY - Takes(s): 10.0, Count: 168, TPM: 1011.6, Sum(ms): 41567.2, Avg(ms): 247.5, 50th(ms): 260.0, 90th(ms): 318.8, 95th(ms): 385.9, 99th(ms): 486.5, 99.9th(ms): 520.1, Max(ms): 520.1
[Current] NEW_ORDER - Takes(s): 10.0, Count: 1921, TPM: 11530.6, Sum(ms): 158493.6, Avg(ms): 82.5, 50th(ms): 79.7, 90th(ms): 113.2, 95th(ms): 134.2, 99th(ms): 192.9, 99.9th(ms): 268.4, Max(ms): 285.2
[Current] ORDER_STATUS - Takes(s): 10.0, Count: 156, TPM: 936.7, Sum(ms): 6118.0, Avg(ms): 39.3, 50th(ms): 37.7, 90th(ms): 58.7, 95th(ms): 75.5, 99th(ms): 83.9, 99.9th(ms): 104.9, Max(ms): 104.9
[Current] PAYMENT - Takes(s): 10.0, Count: 1745, TPM: 10477.8, Sum(ms): 98290.1, Avg(ms): 56.3, 50th(ms): 52.4, 90th(ms): 79.7, 95th(ms): 104.9, 99th(ms): 142.6, 99.9th(ms): 268.4, Max(ms): 302.0
[Current] STOCK_LEVEL - Takes(s): 10.0, Count: 190, TPM: 1143.6, Sum(ms): 8003.8, Avg(ms): 42.1, 50th(ms): 39.8, 90th(ms): 56.6, 95th(ms): 71.3, 99th(ms): 113.2, 99.9th(ms): 151.0, Max(ms): 151.0
[Current] DELIVERY - Takes(s): 10.0, Count: 158, TPM: 948.3, Sum(ms): 41161.1, Avg(ms): 260.7, 50th(ms): 285.2, 90th(ms): 335.5, 95th(ms): 369.1, 99th(ms): 469.8, 99.9th(ms): 570.4, Max(ms): 570.4
[Current] NEW_ORDER - Takes(s): 10.0, Count: 1821, TPM: 10935.1, Sum(ms): 159484.4, Avg(ms): 87.6, 50th(ms): 88.1, 90th(ms): 117.4, 95th(ms): 125.8, 99th(ms): 192.9, 99.9th(ms): 226.5, Max(ms): 243.3
[Current] ORDER_STATUS - Takes(s): 9.9, Count: 167, TPM: 1011.1, Sum(ms): 6542.7, Avg(ms): 39.1, 50th(ms): 37.7, 90th(ms): 56.6, 95th(ms): 60.8, 99th(ms): 71.3, 99.9th(ms): 96.5, Max(ms): 96.5
[Current] PAYMENT - Takes(s): 10.0, Count: 1708, TPM: 10270.8, Sum(ms): 97663.1, Avg(ms): 57.2, 50th(ms): 54.5, 90th(ms): 79.7, 95th(ms): 92.3, 99th(ms): 130.0, 99.9th(ms): 159.4, Max(ms): 167.8
[Current] STOCK_LEVEL - Takes(s): 9.9, Count: 164, TPM: 992.8, Sum(ms): 6681.6, Avg(ms): 40.8, 50th(ms): 37.7, 90th(ms): 56.6, 95th(ms): 71.3, 99th(ms): 88.1, 99.9th(ms): 121.6, Max(ms): 121.6
[Current] DELIVERY - Takes(s): 10.0, Count: 185, TPM: 1110.2, Sum(ms): 46466.7, Avg(ms): 251.1, 50th(ms): 285.2, 90th(ms): 335.5, 95th(ms): 369.1, 99th(ms): 536.9, 99.9th(ms): 570.4, Max(ms): 570.4
[Current] NEW_ORDER - Takes(s): 10.0, Count: 1920, TPM: 11520.6, Sum(ms): 158222.6, Avg(ms): 82.5, 50th(ms): 83.9, 90th(ms): 113.2, 95th(ms): 121.6, 99th(ms): 176.2, 99.9th(ms): 209.7, Max(ms): 234.9
[Current] ORDER_STATUS - Takes(s): 10.0, Count: 143, TPM: 858.9, Sum(ms): 5180.5, Avg(ms): 36.2, 50th(ms): 35.7, 90th(ms): 54.5, 95th(ms): 58.7, 99th(ms): 71.3, 99.9th(ms): 75.5, Max(ms): 75.5
[Current] PAYMENT - Takes(s): 10.0, Count: 1823, TPM: 10957.5, Sum(ms): 96132.3, Avg(ms): 52.7, 50th(ms): 52.4, 90th(ms): 75.5, 95th(ms): 83.9, 99th(ms): 117.4, 99.9th(ms): 159.4, Max(ms): 159.4
[Current] STOCK_LEVEL - Takes(s): 10.0, Count: 167, TPM: 1002.1, Sum(ms): 6691.0, Avg(ms): 40.1, 50th(ms): 37.7, 90th(ms): 50.3, 95th(ms): 71.3, 99th(ms): 92.3, 99.9th(ms): 121.6, Max(ms): 121.6
[Current] DELIVERY - Takes(s): 10.0, Count: 191, TPM: 1148.5, Sum(ms): 46907.5, Avg(ms): 245.4, 50th(ms): 268.4, 90th(ms): 335.5, 95th(ms): 352.3, 99th(ms): 503.3, 99.9th(ms): 604.0, Max(ms): 604.0
[Current] NEW_ORDER - Takes(s): 10.0, Count: 1931, TPM: 11599.1, Sum(ms): 156428.1, Avg(ms): 81.1, 50th(ms): 79.7, 90th(ms): 109.1, 95th(ms): 121.6, 99th(ms): 192.9, 99.9th(ms): 268.4, Max(ms): 268.4
[Current] ORDER_STATUS - Takes(s): 10.0, Count: 179, TPM: 1079.1, Sum(ms): 6372.4, Avg(ms): 35.6, 50th(ms): 35.7, 90th(ms): 52.4, 95th(ms): 56.6, 99th(ms): 62.9, 99.9th(ms): 96.5, Max(ms): 96.5
[Current] PAYMENT - Takes(s): 10.0, Count: 1808, TPM: 10850.6, Sum(ms): 95250.0, Avg(ms): 52.7, 50th(ms): 52.4, 90th(ms): 75.5, 95th(ms): 88.1, 99th(ms): 130.0, 99.9th(ms): 176.2, Max(ms): 218.1
[Current] STOCK_LEVEL - Takes(s): 10.0, Count: 163, TPM: 979.9, Sum(ms): 6956.7, Avg(ms): 42.6, 50th(ms): 37.7, 90th(ms): 56.6, 95th(ms): 75.5, 99th(ms): 142.6, 99.9th(ms): 218.1, Max(ms): 218.1
[Current] DELIVERY - Takes(s): 10.0, Count: 152, TPM: 912.9, Sum(ms): 40636.3, Avg(ms): 267.4, 50th(ms): 285.2, 90th(ms): 369.1, 95th(ms): 486.5, 99th(ms): 671.1, 99.9th(ms): 872.4, Max(ms): 872.4
[Current] NEW_ORDER - Takes(s): 10.0, Count: 1898, TPM: 11388.9, Sum(ms): 162742.8, Avg(ms): 85.8, 50th(ms): 79.7, 90th(ms): 121.6, 95th(ms): 159.4, 99th(ms): 218.1, 99.9th(ms): 436.2, Max(ms): 469.8
[Current] ORDER_STATUS - Takes(s): 9.9, Count: 165, TPM: 1002.1, Sum(ms): 6238.7, Avg(ms): 37.8, 50th(ms): 35.7, 90th(ms): 58.7, 95th(ms): 67.1, 99th(ms): 104.9, 99.9th(ms): 109.1, Max(ms): 109.1
[Current] PAYMENT - Takes(s): 10.0, Count: 1725, TPM: 10363.8, Sum(ms): 96526.2, Avg(ms): 56.0, 50th(ms): 52.4, 90th(ms): 83.9, 95th(ms): 96.5, 99th(ms): 151.0, 99.9th(ms): 369.1, Max(ms): 486.5
[Current] STOCK_LEVEL - Takes(s): 10.0, Count: 142, TPM: 854.8, Sum(ms): 5866.6, Avg(ms): 41.3, 50th(ms): 37.7, 90th(ms): 56.6, 95th(ms): 75.5, 99th(ms): 151.0, 99.9th(ms): 167.8, Max(ms): 167.8
[Current] DELIVERY - Takes(s): 10.0, Count: 194, TPM: 1166.3, Sum(ms): 49386.3, Avg(ms): 254.7, 50th(ms): 260.0, 90th(ms): 385.9, 95th(ms): 402.7, 99th(ms): 536.9, 99.9th(ms): 671.1, Max(ms): 671.1
[Current] NEW_ORDER - Takes(s): 10.0, Count: 1829, TPM: 10977.6, Sum(ms): 153251.7, Avg(ms): 83.9, 50th(ms): 83.9, 90th(ms): 121.6, 95th(ms): 134.2, 99th(ms): 209.7, 99.9th(ms): 243.3, Max(ms): 251.7
[Current] ORDER_STATUS - Takes(s): 9.9, Count: 168, TPM: 1019.4, Sum(ms): 6053.3, Avg(ms): 36.1, 50th(ms): 32.5, 90th(ms): 56.6, 95th(ms): 60.8, 99th(ms): 71.3, 99.9th(ms): 75.5, Max(ms): 75.5
[Current] PAYMENT - Takes(s): 10.0, Count: 1781, TPM: 10690.8, Sum(ms): 95347.3, Avg(ms): 53.6, 50th(ms): 50.3, 90th(ms): 79.7, 95th(ms): 96.5, 99th(ms): 142.6, 99.9th(ms): 184.5, Max(ms): 234.9
[Current] STOCK_LEVEL - Takes(s): 9.9, Count: 157, TPM: 952.8, Sum(ms): 7759.5, Avg(ms): 49.4, 50th(ms): 41.9, 90th(ms): 92.3, 95th(ms): 134.2, 99th(ms): 151.0, 99.9th(ms): 159.4, Max(ms): 159.4
[Current] DELIVERY - Takes(s): 9.8, Count: 152, TPM: 932.0, Sum(ms): 38193.6, Avg(ms): 251.1, 50th(ms): 192.9, 90th(ms): 369.1, 95th(ms): 385.9, 99th(ms): 604.0, 99.9th(ms): 738.2, Max(ms): 738.2
[Current] NEW_ORDER - Takes(s): 10.0, Count: 1926, TPM: 11558.1, Sum(ms): 161887.8, Avg(ms): 84.1, 50th(ms): 75.5, 90th(ms): 130.0, 95th(ms): 142.6, 99th(ms): 201.3, 99.9th(ms): 243.3, Max(ms): 251.7
[Current] ORDER_STATUS - Takes(s): 10.0, Count: 168, TPM: 1008.2, Sum(ms): 6270.0, Avg(ms): 37.3, 50th(ms): 35.7, 90th(ms): 58.7, 95th(ms): 65.0, 99th(ms): 79.7, 99.9th(ms): 109.1, Max(ms): 109.1
[Current] PAYMENT - Takes(s): 10.0, Count: 1837, TPM: 11024.0, Sum(ms): 98113.8, Avg(ms): 53.4, 50th(ms): 48.2, 90th(ms): 83.9, 95th(ms): 96.5, 99th(ms): 134.2, 99.9th(ms): 176.2, Max(ms): 176.2
[Current] STOCK_LEVEL - Takes(s): 10.0, Count: 173, TPM: 1039.3, Sum(ms): 7889.9, Avg(ms): 45.7, 50th(ms): 41.9, 90th(ms): 65.0, 95th(ms): 75.5, 99th(ms): 192.9, 99.9th(ms): 218.1, Max(ms): 218.1
Finished
[Summary] DELIVERY - Takes(s): 599.7, Count: 10408, TPM: 1041.2, Sum(ms): 2604364.6, Avg(ms): 250.3, 50th(ms): 268.4, 90th(ms): 352.3, 95th(ms): 402.7, 99th(ms): 570.4, 99.9th(ms): 704.6, Max(ms): 872.4
[Summary] NEW_ORDER - Takes(s): 599.9, Count: 115061, TPM: 11508.3, Sum(ms): 9465691.4, Avg(ms): 82.3, 50th(ms): 79.7, 90th(ms): 117.4, 95th(ms): 130.0, 99th(ms): 201.3, 99.9th(ms): 302.0, Max(ms): 469.8
[Summary] ORDER_STATUS - Takes(s): 599.8, Count: 10329, TPM: 1033.3, Sum(ms): 374082.4, Avg(ms): 36.2, 50th(ms): 33.6, 90th(ms): 54.5, 95th(ms): 60.8, 99th(ms): 88.1, 99.9th(ms): 176.2, Max(ms): 335.5
[Summary] PAYMENT - Takes(s): 599.9, Count: 109775, TPM: 10979.0, Sum(ms): 5861582.5, Avg(ms): 53.4, 50th(ms): 52.4, 90th(ms): 75.5, 95th(ms): 92.3, 99th(ms): 134.2, 99.9th(ms): 243.3, Max(ms): 486.5
[Summary] STOCK_LEVEL - Takes(s): 599.8, Count: 10107, TPM: 1011.1, Sum(ms): 409069.9, Avg(ms): 40.5, 50th(ms): 37.7, 90th(ms): 56.6, 95th(ms): 71.3, 99th(ms): 134.2, 99.9th(ms): 260.0, Max(ms): 503.3
tpmC: 11508.3, tpmTotal: 25573.0, efficiency: 699.1%
