2026/04/27 14:36:59 maxprocs: Leaving GOMAXPROCS=4: CPU quota undefined
[Current] DELIVERY - Takes(s): 9.7, Count: 155, TPM: 954.5, Sum(ms): 18365.2, Avg(ms): 118.5, 50th(ms): 113.2, 90th(ms): 134.2, 95th(ms): 167.8, 99th(ms): 226.5, 99.9th(ms): 453.0, Max(ms): 453.0
[Current] NEW_ORDER - Takes(s): 9.9, Count: 1877, TPM: 11418.3, Sum(ms): 79997.5, Avg(ms): 42.6, 50th(ms): 41.9, 90th(ms): 54.5, 95th(ms): 62.9, 99th(ms): 100.7, 99.9th(ms): 142.6, Max(ms): 151.0
[Current] ORDER_STATUS - Takes(s): 9.8, Count: 159, TPM: 971.6, Sum(ms): 2833.1, Avg(ms): 17.8, 50th(ms): 17.8, 90th(ms): 25.2, 95th(ms): 29.4, 99th(ms): 39.8, 99.9th(ms): 50.3, Max(ms): 50.3
[Current] PAYMENT - Takes(s): 9.9, Count: 1848, TPM: 11210.7, Sum(ms): 47778.2, Avg(ms): 25.9, 50th(ms): 25.2, 90th(ms): 33.6, 95th(ms): 39.8, 99th(ms): 58.7, 99.9th(ms): 100.7, Max(ms): 117.4
[Current] STOCK_LEVEL - Takes(s): 9.9, Count: 170, TPM: 1033.8, Sum(ms): 4484.3, Avg(ms): 26.4, 50th(ms): 23.1, 90th(ms): 39.8, 95th(ms): 52.4, 99th(ms): 71.3, 99.9th(ms): 83.9, Max(ms): 83.9
[Current] DELIVERY - Takes(s): 10.0, Count: 181, TPM: 1086.1, Sum(ms): 21008.9, Avg(ms): 116.2, 50th(ms): 113.2, 90th(ms): 142.6, 95th(ms): 142.6, 99th(ms): 268.4, 99.9th(ms): 352.3, Max(ms): 352.3
[Current] NEW_ORDER - Takes(s): 10.0, Count: 1885, TPM: 11311.2, Sum(ms): 78135.0, Avg(ms): 41.5, 50th(ms): 41.9, 90th(ms): 52.4, 95th(ms): 56.6, 99th(ms): 75.5, 99.9th(ms): 151.0, Max(ms): 226.5
[Current] ORDER_STATUS - Takes(s): 9.9, Count: 174, TPM: 1058.3, Sum(ms): 3300.8, Avg(ms): 19.0, 50th(ms): 17.8, 90th(ms): 29.4, 95th(ms): 39.8, 99th(ms): 50.3, 99.9th(ms): 67.1, Max(ms): 67.1
[Current] PAYMENT - Takes(s): 10.0, Count: 1864, TPM: 11190.9, Sum(ms): 47536.5, Avg(ms): 25.5, 50th(ms): 24.1, 90th(ms): 32.5, 95th(ms): 37.7, 99th(ms): 60.8, 99.9th(ms): 117.4, Max(ms): 134.2
[Current] STOCK_LEVEL - Takes(s): 9.9, Count: 200, TPM: 1206.7, Sum(ms): 5703.0, Avg(ms): 28.5, 50th(ms): 24.1, 90th(ms): 41.9, 95th(ms): 58.7, 99th(ms): 117.4, 99.9th(ms): 159.4, Max(ms): 159.4
[Current] DELIVERY - Takes(s): 10.0, Count: 185, TPM: 1112.7, Sum(ms): 20383.8, Avg(ms): 110.3, 50th(ms): 109.1, 90th(ms): 130.0, 95th(ms): 142.6, 99th(ms): 218.1, 99.9th(ms): 243.3, Max(ms): 243.3
[Current] NEW_ORDER - Takes(s): 10.0, Count: 1977, TPM: 11878.2, Sum(ms): 79489.8, Avg(ms): 40.2, 50th(ms): 39.8, 90th(ms): 50.3, 95th(ms): 54.5, 99th(ms): 71.3, 99.9th(ms): 192.9, Max(ms): 201.3
[Current] ORDER_STATUS - Takes(s): 9.9, Count: 187, TPM: 1128.3, Sum(ms): 3297.7, Avg(ms): 17.6, 50th(ms): 16.8, 90th(ms): 24.1, 95th(ms): 27.3, 99th(ms): 39.8, 99.9th(ms): 46.1, Max(ms): 46.1
[Current] PAYMENT - Takes(s): 10.0, Count: 1966, TPM: 11796.3, Sum(ms): 47333.3, Avg(ms): 24.1, 50th(ms): 23.1, 90th(ms): 30.4, 95th(ms): 35.7, 99th(ms): 46.1, 99.9th(ms): 104.9, Max(ms): 113.2
[Current] STOCK_LEVEL - Takes(s): 9.8, Count: 174, TPM: 1066.5, Sum(ms): 4943.0, Avg(ms): 28.4, 50th(ms): 23.1, 90th(ms): 41.9, 95th(ms): 52.4, 99th(ms): 121.6, 99.9th(ms): 167.8, Max(ms): 167.8
[Current] DELIVERY - Takes(s): 9.9, Count: 177, TPM: 1072.5, Sum(ms): 19459.1, Avg(ms): 110.0, 50th(ms): 109.1, 90th(ms): 125.8, 95th(ms): 142.6, 99th(ms): 226.5, 99.9th(ms): 251.7, Max(ms): 251.7
[Current] NEW_ORDER - Takes(s): 10.0, Count: 2007, TPM: 12043.1, Sum(ms): 81190.5, Avg(ms): 40.5, 50th(ms): 39.8, 90th(ms): 50.3, 95th(ms): 56.6, 99th(ms): 92.3, 99.9th(ms): 142.6, Max(ms): 142.6
[Current] ORDER_STATUS - Takes(s): 10.0, Count: 199, TPM: 1195.7, Sum(ms): 3671.8, Avg(ms): 18.4, 50th(ms): 17.8, 90th(ms): 26.2, 95th(ms): 29.4, 99th(ms): 35.7, 99.9th(ms): 100.7, Max(ms): 100.7
[Current] PAYMENT - Takes(s): 10.0, Count: 1875, TPM: 11250.8, Sum(ms): 46103.5, Avg(ms): 24.6, 50th(ms): 23.1, 90th(ms): 31.5, 95th(ms): 35.7, 99th(ms): 60.8, 99.9th(ms): 121.6, Max(ms): 151.0
[Current] STOCK_LEVEL - Takes(s): 10.0, Count: 174, TPM: 1045.4, Sum(ms): 4611.8, Avg(ms): 26.5, 50th(ms): 23.1, 90th(ms): 39.8, 95th(ms): 46.1, 99th(ms): 104.9, 99.9th(ms): 142.6, Max(ms): 142.6
[Current] DELIVERY - Takes(s): 10.0, Count: 163, TPM: 978.6, Sum(ms): 19044.2, Avg(ms): 116.8, 50th(ms): 113.2, 90th(ms): 142.6, 95th(ms): 159.4, 99th(ms): 234.9, 99.9th(ms): 318.8, Max(ms): 318.8
[Current] NEW_ORDER - Takes(s): 10.0, Count: 1875, TPM: 11255.0, Sum(ms): 80198.3, Avg(ms): 42.8, 50th(ms): 41.9, 90th(ms): 54.5, 95th(ms): 60.8, 99th(ms): 92.3, 99.9th(ms): 201.3, Max(ms): 201.3
[Current] ORDER_STATUS - Takes(s): 10.0, Count: 156, TPM: 937.6, Sum(ms): 3026.9, Avg(ms): 19.4, 50th(ms): 18.9, 90th(ms): 28.3, 95th(ms): 35.7, 99th(ms): 39.8, 99.9th(ms): 96.5, Max(ms): 96.5
[Current] PAYMENT - Takes(s): 10.0, Count: 1800, TPM: 10803.2, Sum(ms): 49876.0, Avg(ms): 27.7, 50th(ms): 26.2, 90th(ms): 37.7, 95th(ms): 44.0, 99th(ms): 67.1, 99.9th(ms): 117.4, Max(ms): 167.8
[Current] STOCK_LEVEL - Takes(s): 9.9, Count: 169, TPM: 1021.8, Sum(ms): 4104.1, Avg(ms): 24.3, 50th(ms): 21.0, 90th(ms): 39.8, 95th(ms): 46.1, 99th(ms): 60.8, 99.9th(ms): 92.3, Max(ms): 92.3
[Current] DELIVERY - Takes(s): 9.9, Count: 183, TPM: 1112.7, Sum(ms): 21624.0, Avg(ms): 118.2, 50th(ms): 113.2, 90th(ms): 142.6, 95th(ms): 176.2, 99th(ms): 251.7, 99.9th(ms): 260.0, Max(ms): 260.0
[Current] NEW_ORDER - Takes(s): 10.0, Count: 1924, TPM: 11546.7, Sum(ms): 79024.1, Avg(ms): 41.1, 50th(ms): 41.9, 90th(ms): 50.3, 95th(ms): 56.6, 99th(ms): 75.5, 99.9th(ms): 109.1, Max(ms): 142.6
[Current] ORDER_STATUS - Takes(s): 10.0, Count: 176, TPM: 1058.0, Sum(ms): 3340.2, Avg(ms): 19.0, 50th(ms): 17.8, 90th(ms): 26.2, 95th(ms): 32.5, 99th(ms): 39.8, 99.9th(ms): 46.1, Max(ms): 46.1
[Current] PAYMENT - Takes(s): 10.0, Count: 1874, TPM: 11244.4, Sum(ms): 47505.7, Avg(ms): 25.4, 50th(ms): 25.2, 90th(ms): 31.5, 95th(ms): 35.7, 99th(ms): 52.4, 99.9th(ms): 109.1, Max(ms): 113.2
[Current] STOCK_LEVEL - Takes(s): 9.9, Count: 161, TPM: 979.4, Sum(ms): 3990.9, Avg(ms): 24.8, 50th(ms): 23.1, 90th(ms): 35.7, 95th(ms): 44.0, 99th(ms): 56.6, 99.9th(ms): 71.3, Max(ms): 71.3
[Current] DELIVERY - Takes(s): 10.0, Count: 192, TPM: 1157.7, Sum(ms): 22663.5, Avg(ms): 118.1, 50th(ms): 113.2, 90th(ms): 142.6, 95th(ms): 176.2, 99th(ms): 234.9, 99.9th(ms): 285.2, Max(ms): 285.2
[Current] NEW_ORDER - Takes(s): 10.0, Count: 1908, TPM: 11455.0, Sum(ms): 78788.6, Avg(ms): 41.3, 50th(ms): 41.9, 90th(ms): 52.4, 95th(ms): 56.6, 99th(ms): 83.9, 99.9th(ms): 142.6, Max(ms): 151.0
[Current] ORDER_STATUS - Takes(s): 10.0, Count: 164, TPM: 986.3, Sum(ms): 3281.4, Avg(ms): 20.0, 50th(ms): 18.9, 90th(ms): 31.5, 95th(ms): 35.7, 99th(ms): 39.8, 99.9th(ms): 79.7, Max(ms): 79.7
[Current] PAYMENT - Takes(s): 10.0, Count: 1803, TPM: 10817.1, Sum(ms): 46451.4, Avg(ms): 25.8, 50th(ms): 25.2, 90th(ms): 33.6, 95th(ms): 37.7, 99th(ms): 58.7, 99.9th(ms): 104.9, Max(ms): 113.2
[Current] STOCK_LEVEL - Takes(s): 9.9, Count: 170, TPM: 1026.9, Sum(ms): 4102.2, Avg(ms): 24.1, 50th(ms): 22.0, 90th(ms): 35.7, 95th(ms): 37.7, 99th(ms): 58.7, 99.9th(ms): 79.7, Max(ms): 79.7
[Current] DELIVERY - Takes(s): 9.9, Count: 162, TPM: 983.9, Sum(ms): 19207.6, Avg(ms): 118.7, 50th(ms): 113.2, 90th(ms): 134.2, 95th(ms): 151.0, 99th(ms): 285.2, 99.9th(ms): 369.1, Max(ms): 369.1
[Current] NEW_ORDER - Takes(s): 10.0, Count: 1946, TPM: 11684.4, Sum(ms): 80929.4, Avg(ms): 41.6, 50th(ms): 39.8, 90th(ms): 52.4, 95th(ms): 56.6, 99th(ms): 104.9, 99.9th(ms): 159.4, Max(ms): 192.9
[Current] ORDER_STATUS - Takes(s): 9.9, Count: 189, TPM: 1144.1, Sum(ms): 3549.8, Avg(ms): 18.8, 50th(ms): 18.9, 90th(ms): 27.3, 95th(ms): 31.5, 99th(ms): 37.7, 99.9th(ms): 46.1, Max(ms): 46.1
[Current] PAYMENT - Takes(s): 10.0, Count: 1886, TPM: 11320.0, Sum(ms): 47244.7, Avg(ms): 25.1, 50th(ms): 24.1, 90th(ms): 32.5, 95th(ms): 35.7, 99th(ms): 52.4, 99.9th(ms): 109.1, Max(ms): 134.2
[Current] STOCK_LEVEL - Takes(s): 9.8, Count: 167, TPM: 1017.7, Sum(ms): 4317.0, Avg(ms): 25.8, 50th(ms): 23.1, 90th(ms): 37.7, 95th(ms): 44.0, 99th(ms): 79.7, 99.9th(ms): 117.4, Max(ms): 117.4
[Current] DELIVERY - Takes(s): 10.0, Count: 161, TPM: 966.0, Sum(ms): 18756.9, Avg(ms): 116.8, 50th(ms): 113.2, 90th(ms): 134.2, 95th(ms): 151.0, 99th(ms): 184.5, 99.9th(ms): 318.8, Max(ms): 318.8
[Current] NEW_ORDER - Takes(s): 10.0, Count: 1954, TPM: 11737.3, Sum(ms): 80822.8, Avg(ms): 41.4, 50th(ms): 41.9, 90th(ms): 52.4, 95th(ms): 56.6, 99th(ms): 75.5, 99.9th(ms): 184.5, Max(ms): 192.9
[Current] ORDER_STATUS - Takes(s): 9.7, Count: 187, TPM: 1150.9, Sum(ms): 3612.7, Avg(ms): 19.3, 50th(ms): 18.9, 90th(ms): 28.3, 95th(ms): 30.4, 99th(ms): 37.7, 99.9th(ms): 46.1, Max(ms): 46.1
[Current] PAYMENT - Takes(s): 10.0, Count: 1911, TPM: 11465.9, Sum(ms): 47971.9, Avg(ms): 25.1, 50th(ms): 24.1, 90th(ms): 32.5, 95th(ms): 35.7, 99th(ms): 48.2, 99.9th(ms): 121.6, Max(ms): 176.2
[Current] STOCK_LEVEL - Takes(s): 10.0, Count: 173, TPM: 1038.7, Sum(ms): 4340.4, Avg(ms): 25.1, 50th(ms): 24.1, 90th(ms): 35.7, 95th(ms): 37.7, 99th(ms): 71.3, 99.9th(ms): 83.9, Max(ms): 83.9
[Current] DELIVERY - Takes(s): 10.0, Count: 173, TPM: 1038.2, Sum(ms): 19521.4, Avg(ms): 112.8, 50th(ms): 113.2, 90th(ms): 125.8, 95th(ms): 134.2, 99th(ms): 218.1, 99.9th(ms): 251.7, Max(ms): 251.7
[Current] NEW_ORDER - Takes(s): 10.0, Count: 1918, TPM: 11509.0, Sum(ms): 78505.4, Avg(ms): 41.0, 50th(ms): 39.8, 90th(ms): 52.4, 95th(ms): 56.6, 99th(ms): 88.1, 99.9th(ms): 151.0, Max(ms): 151.0
[Current] ORDER_STATUS - Takes(s): 10.0, Count: 176, TPM: 1057.2, Sum(ms): 3245.6, Avg(ms): 18.4, 50th(ms): 17.8, 90th(ms): 27.3, 95th(ms): 28.3, 99th(ms): 37.7, 99.9th(ms): 52.4, Max(ms): 52.4
[Current] PAYMENT - Takes(s): 10.0, Count: 1960, TPM: 11768.9, Sum(ms): 48818.6, Avg(ms): 24.9, 50th(ms): 24.1, 90th(ms): 32.5, 95th(ms): 35.7, 99th(ms): 50.3, 99.9th(ms): 125.8, Max(ms): 134.2
[Current] STOCK_LEVEL - Takes(s): 10.0, Count: 187, TPM: 1122.3, Sum(ms): 5422.8, Avg(ms): 29.0, 50th(ms): 23.1, 90th(ms): 35.7, 95th(ms): 54.5, 99th(ms): 218.1, 99.9th(ms): 226.5, Max(ms): 226.5
[Current] DELIVERY - Takes(s): 9.9, Count: 199, TPM: 1205.1, Sum(ms): 22538.5, Avg(ms): 113.2, 50th(ms): 113.2, 90th(ms): 130.0, 95th(ms): 142.6, 99th(ms): 184.5, 99.9th(ms): 268.4, Max(ms): 268.4
[Current] NEW_ORDER - Takes(s): 10.0, Count: 1963, TPM: 11783.7, Sum(ms): 79199.5, Avg(ms): 40.4, 50th(ms): 39.8, 90th(ms): 52.4, 95th(ms): 56.6, 99th(ms): 92.3, 99.9th(ms): 142.6, Max(ms): 159.4
[Current] ORDER_STATUS - Takes(s): 9.9, Count: 176, TPM: 1071.9, Sum(ms): 3257.1, Avg(ms): 18.5, 50th(ms): 17.8, 90th(ms): 26.2, 95th(ms): 30.4, 99th(ms): 48.2, 99.9th(ms): 60.8, Max(ms): 60.8
[Current] PAYMENT - Takes(s): 10.0, Count: 1792, TPM: 10765.1, Sum(ms): 44538.9, Avg(ms): 24.9, 50th(ms): 24.1, 90th(ms): 32.5, 95th(ms): 35.7, 99th(ms): 62.9, 99.9th(ms): 117.4, Max(ms): 125.8
[Current] STOCK_LEVEL - Takes(s): 10.0, Count: 180, TPM: 1084.7, Sum(ms): 5895.3, Avg(ms): 32.8, 50th(ms): 25.2, 90th(ms): 62.9, 95th(ms): 92.3, 99th(ms): 134.2, 99.9th(ms): 209.7, Max(ms): 209.7
[Current] DELIVERY - Takes(s): 9.9, Count: 167, TPM: 1008.4, Sum(ms): 20946.5, Avg(ms): 125.5, 50th(ms): 121.6, 90th(ms): 151.0, 95th(ms): 167.8, 99th(ms): 209.7, 99.9th(ms): 302.0, Max(ms): 302.0
[Current] NEW_ORDER - Takes(s): 10.0, Count: 1879, TPM: 11279.9, Sum(ms): 79642.7, Avg(ms): 42.4, 50th(ms): 41.9, 90th(ms): 54.5, 95th(ms): 58.7, 99th(ms): 79.7, 99.9th(ms): 151.0, Max(ms): 176.2
[Current] ORDER_STATUS - Takes(s): 9.9, Count: 174, TPM: 1051.4, Sum(ms): 3335.3, Avg(ms): 19.2, 50th(ms): 18.9, 90th(ms): 28.3, 95th(ms): 30.4, 99th(ms): 37.7, 99.9th(ms): 44.0, Max(ms): 44.0
[Current] PAYMENT - Takes(s): 10.0, Count: 1804, TPM: 10827.6, Sum(ms): 46723.4, Avg(ms): 25.9, 50th(ms): 25.2, 90th(ms): 33.6, 95th(ms): 37.7, 99th(ms): 48.2, 99.9th(ms): 117.4, Max(ms): 142.6
[Current] STOCK_LEVEL - Takes(s): 9.9, Count: 183, TPM: 1111.7, Sum(ms): 4867.0, Avg(ms): 26.6, 50th(ms): 24.1, 90th(ms): 37.7, 95th(ms): 52.4, 99th(ms): 75.5, 99.9th(ms): 100.7, Max(ms): 100.7
[Current] DELIVERY - Takes(s): 10.0, Count: 178, TPM: 1072.8, Sum(ms): 21364.5, Avg(ms): 120.1, 50th(ms): 113.2, 90th(ms): 142.6, 95th(ms): 176.2, 99th(ms): 285.2, 99.9th(ms): 335.5, Max(ms): 335.5
[Current] NEW_ORDER - Takes(s): 10.0, Count: 1937, TPM: 11622.1, Sum(ms): 79479.7, Avg(ms): 41.1, 50th(ms): 39.8, 90th(ms): 52.4, 95th(ms): 56.6, 99th(ms): 75.5, 99.9th(ms): 134.2, Max(ms): 209.7
[Current] ORDER_STATUS - Takes(s): 10.0, Count: 150, TPM: 900.0, Sum(ms): 2910.3, Avg(ms): 19.4, 50th(ms): 18.9, 90th(ms): 27.3, 95th(ms): 33.6, 99th(ms): 41.9, 99.9th(ms): 79.7, Max(ms): 79.7
[Current] PAYMENT - Takes(s): 10.0, Count: 1882, TPM: 11302.4, Sum(ms): 47790.5, Avg(ms): 25.4, 50th(ms): 25.2, 90th(ms): 32.5, 95th(ms): 35.7, 99th(ms): 56.6, 99.9th(ms): 167.8, Max(ms): 167.8
[Current] STOCK_LEVEL - Takes(s): 9.9, Count: 155, TPM: 943.2, Sum(ms): 4009.7, Avg(ms): 25.8, 50th(ms): 24.1, 90th(ms): 37.7, 95th(ms): 41.9, 99th(ms): 71.3, 99.9th(ms): 125.8, Max(ms): 125.8
[Current] DELIVERY - Takes(s): 9.9, Count: 153, TPM: 923.7, Sum(ms): 18410.4, Avg(ms): 120.6, 50th(ms): 117.4, 90th(ms): 142.6, 95th(ms): 159.4, 99th(ms): 218.1, 99.9th(ms): 335.5, Max(ms): 335.5
[Current] NEW_ORDER - Takes(s): 10.0, Count: 1888, TPM: 11329.1, Sum(ms): 80768.9, Avg(ms): 42.8, 50th(ms): 41.9, 90th(ms): 56.6, 95th(ms): 62.9, 99th(ms): 92.3, 99.9th(ms): 142.6, Max(ms): 234.9
[Current] ORDER_STATUS - Takes(s): 10.0, Count: 186, TPM: 1116.4, Sum(ms): 3842.1, Avg(ms): 20.7, 50th(ms): 19.9, 90th(ms): 31.5, 95th(ms): 35.7, 99th(ms): 46.1, 99.9th(ms): 54.5, Max(ms): 54.5
[Current] PAYMENT - Takes(s): 10.0, Count: 1720, TPM: 10321.7, Sum(ms): 46224.5, Avg(ms): 26.9, 50th(ms): 25.2, 90th(ms): 35.7, 95th(ms): 41.9, 99th(ms): 71.3, 99.9th(ms): 192.9, Max(ms): 218.1
[Current] STOCK_LEVEL - Takes(s): 10.0, Count: 190, TPM: 1143.4, Sum(ms): 6004.7, Avg(ms): 31.6, 50th(ms): 24.1, 90th(ms): 50.3, 95th(ms): 88.1, 99th(ms): 159.4, 99.9th(ms): 184.5, Max(ms): 184.5
[Current] DELIVERY - Takes(s): 10.0, Count: 167, TPM: 1002.7, Sum(ms): 20561.9, Avg(ms): 123.3, 50th(ms): 113.2, 90th(ms): 151.0, 95th(ms): 176.2, 99th(ms): 318.8, 99.9th(ms): 335.5, Max(ms): 335.5
[Current] NEW_ORDER - Takes(s): 10.0, Count: 1832, TPM: 10996.0, Sum(ms): 77420.9, Avg(ms): 42.3, 50th(ms): 39.8, 90th(ms): 54.5, 95th(ms): 60.8, 99th(ms): 113.2, 99.9th(ms): 209.7, Max(ms): 285.2
[Current] ORDER_STATUS - Takes(s): 10.0, Count: 173, TPM: 1040.6, Sum(ms): 3239.1, Avg(ms): 18.7, 50th(ms): 17.8, 90th(ms): 26.2, 95th(ms): 30.4, 99th(ms): 33.6, 99.9th(ms): 113.2, Max(ms): 113.2
[Current] PAYMENT - Takes(s): 10.0, Count: 1905, TPM: 11432.2, Sum(ms): 49391.1, Avg(ms): 25.9, 50th(ms): 24.1, 90th(ms): 33.6, 95th(ms): 39.8, 99th(ms): 67.1, 99.9th(ms): 121.6, Max(ms): 167.8
[Current] STOCK_LEVEL - Takes(s): 10.0, Count: 180, TPM: 1080.9, Sum(ms): 5013.1, Avg(ms): 27.9, 50th(ms): 24.1, 90th(ms): 41.9, 95th(ms): 54.5, 99th(ms): 79.7, 99.9th(ms): 96.5, Max(ms): 96.5
[Current] DELIVERY - Takes(s): 9.9, Count: 158, TPM: 954.0, Sum(ms): 19674.6, Avg(ms): 124.5, 50th(ms): 117.4, 90th(ms): 167.8, 95th(ms): 192.9, 99th(ms): 251.7, 99.9th(ms): 318.8, Max(ms): 318.8
[Current] NEW_ORDER - Takes(s): 10.0, Count: 1797, TPM: 10791.7, Sum(ms): 80049.8, Avg(ms): 44.6, 50th(ms): 41.9, 90th(ms): 60.8, 95th(ms): 71.3, 99th(ms): 113.2, 99.9th(ms): 184.5, Max(ms): 184.5
[Current] ORDER_STATUS - Takes(s): 10.0, Count: 148, TPM: 889.8, Sum(ms): 2814.3, Avg(ms): 19.0, 50th(ms): 17.8, 90th(ms): 30.4, 95th(ms): 35.7, 99th(ms): 56.6, 99.9th(ms): 113.2, Max(ms): 113.2
[Current] PAYMENT - Takes(s): 10.0, Count: 1682, TPM: 10099.1, Sum(ms): 49133.7, Avg(ms): 29.2, 50th(ms): 26.2, 90th(ms): 44.0, 95th(ms): 52.4, 99th(ms): 83.9, 99.9th(ms): 117.4, Max(ms): 159.4
[Current] STOCK_LEVEL - Takes(s): 10.0, Count: 166, TPM: 996.7, Sum(ms): 4310.9, Avg(ms): 26.0, 50th(ms): 23.1, 90th(ms): 37.7, 95th(ms): 46.1, 99th(ms): 71.3, 99.9th(ms): 117.4, Max(ms): 117.4
[Current] DELIVERY - Takes(s): 10.0, Count: 146, TPM: 876.4, Sum(ms): 17526.2, Avg(ms): 120.2, 50th(ms): 113.2, 90th(ms): 142.6, 95th(ms): 167.8, 99th(ms): 251.7, 99.9th(ms): 260.0, Max(ms): 260.0
[Current] NEW_ORDER - Takes(s): 10.0, Count: 1996, TPM: 11999.7, Sum(ms): 82710.0, Avg(ms): 41.5, 50th(ms): 39.8, 90th(ms): 54.5, 95th(ms): 60.8, 99th(ms): 88.1, 99.9th(ms): 134.2, Max(ms): 142.6
[Current] ORDER_STATUS - Takes(s): 10.0, Count: 190, TPM: 1140.8, Sum(ms): 3512.5, Avg(ms): 18.5, 50th(ms): 16.8, 90th(ms): 27.3, 95th(ms): 32.5, 99th(ms): 39.8, 99.9th(ms): 44.0, Max(ms): 44.0
[Current] PAYMENT - Takes(s): 10.0, Count: 1859, TPM: 11154.8, Sum(ms): 46671.4, Avg(ms): 25.1, 50th(ms): 24.1, 90th(ms): 33.6, 95th(ms): 39.8, 99th(ms): 54.5, 99.9th(ms): 88.1, Max(ms): 104.9
[Current] STOCK_LEVEL - Takes(s): 9.9, Count: 175, TPM: 1061.6, Sum(ms): 5104.4, Avg(ms): 29.2, 50th(ms): 23.1, 90th(ms): 37.7, 95th(ms): 54.5, 99th(ms): 201.3, 99.9th(ms): 234.9, Max(ms): 234.9
[Current] DELIVERY - Takes(s): 10.0, Count: 144, TPM: 865.6, Sum(ms): 17993.7, Avg(ms): 125.0, 50th(ms): 121.6, 90th(ms): 159.4, 95th(ms): 159.4, 99th(ms): 209.7, 99.9th(ms): 243.3, Max(ms): 243.3
[Current] NEW_ORDER - Takes(s): 10.0, Count: 1767, TPM: 10602.1, Sum(ms): 80808.7, Avg(ms): 45.7, 50th(ms): 44.0, 90th(ms): 60.8, 95th(ms): 71.3, 99th(ms): 109.1, 99.9th(ms): 151.0, Max(ms): 176.2
[Current] ORDER_STATUS - Takes(s): 10.0, Count: 149, TPM: 895.1, Sum(ms): 3234.1, Avg(ms): 21.8, 50th(ms): 19.9, 90th(ms): 32.5, 95th(ms): 37.7, 99th(ms): 67.1, 99.9th(ms): 79.7, Max(ms): 79.7
[Current] PAYMENT - Takes(s): 10.0, Count: 1697, TPM: 10187.8, Sum(ms): 48039.2, Avg(ms): 28.3, 50th(ms): 27.3, 90th(ms): 37.7, 95th(ms): 44.0, 99th(ms): 60.8, 99.9th(ms): 104.9, Max(ms): 117.4
[Current] STOCK_LEVEL - Takes(s): 10.0, Count: 161, TPM: 967.1, Sum(ms): 5347.9, Avg(ms): 33.2, 50th(ms): 28.3, 90th(ms): 50.3, 95th(ms): 58.7, 99th(ms): 125.8, 99.9th(ms): 192.9, Max(ms): 192.9
[Current] DELIVERY - Takes(s): 10.0, Count: 155, TPM: 932.5, Sum(ms): 20085.7, Avg(ms): 129.4, 50th(ms): 125.8, 90th(ms): 159.4, 95th(ms): 167.8, 99th(ms): 243.3, 99.9th(ms): 285.2, Max(ms): 285.2
[Current] NEW_ORDER - Takes(s): 10.0, Count: 1776, TPM: 10667.5, Sum(ms): 82067.5, Avg(ms): 46.2, 50th(ms): 46.1, 90th(ms): 58.7, 95th(ms): 62.9, 99th(ms): 117.4, 99.9th(ms): 142.6, Max(ms): 176.2
[Current] ORDER_STATUS - Takes(s): 9.9, Count: 171, TPM: 1032.3, Sum(ms): 3532.5, Avg(ms): 20.7, 50th(ms): 19.9, 90th(ms): 29.4, 95th(ms): 31.5, 99th(ms): 39.8, 99.9th(ms): 46.1, Max(ms): 46.1
[Current] PAYMENT - Takes(s): 10.0, Count: 1629, TPM: 9778.8, Sum(ms): 45378.7, Avg(ms): 27.9, 50th(ms): 27.3, 90th(ms): 37.7, 95th(ms): 39.8, 99th(ms): 62.9, 99.9th(ms): 113.2, Max(ms): 151.0
[Current] STOCK_LEVEL - Takes(s): 10.0, Count: 152, TPM: 914.0, Sum(ms): 4711.3, Avg(ms): 31.0, 50th(ms): 27.3, 90th(ms): 44.0, 95th(ms): 56.6, 99th(ms): 92.3, 99.9th(ms): 151.0, Max(ms): 151.0
[Current] DELIVERY - Takes(s): 9.9, Count: 155, TPM: 936.1, Sum(ms): 20412.9, Avg(ms): 131.7, 50th(ms): 125.8, 90th(ms): 159.4, 95th(ms): 184.5, 99th(ms): 218.1, 99.9th(ms): 251.7, Max(ms): 251.7
[Current] NEW_ORDER - Takes(s): 10.0, Count: 1717, TPM: 10307.2, Sum(ms): 79209.5, Avg(ms): 46.2, 50th(ms): 46.1, 90th(ms): 58.7, 95th(ms): 65.0, 99th(ms): 83.9, 99.9th(ms): 243.3, Max(ms): 251.7
[Current] ORDER_STATUS - Takes(s): 10.0, Count: 167, TPM: 1005.0, Sum(ms): 3543.3, Avg(ms): 21.2, 50th(ms): 19.9, 90th(ms): 31.5, 95th(ms): 35.7, 99th(ms): 41.9, 99.9th(ms): 48.2, Max(ms): 48.2
[Current] PAYMENT - Takes(s): 10.0, Count: 1655, TPM: 9931.3, Sum(ms): 47578.5, Avg(ms): 28.8, 50th(ms): 27.3, 90th(ms): 37.7, 95th(ms): 44.0, 99th(ms): 54.5, 99.9th(ms): 226.5, Max(ms): 234.9
[Current] STOCK_LEVEL - Takes(s): 10.0, Count: 161, TPM: 968.4, Sum(ms): 4751.4, Avg(ms): 29.5, 50th(ms): 28.3, 90th(ms): 37.7, 95th(ms): 44.0, 99th(ms): 58.7, 99.9th(ms): 71.3, Max(ms): 71.3
[Current] DELIVERY - Takes(s): 10.0, Count: 155, TPM: 930.4, Sum(ms): 19831.8, Avg(ms): 128.1, 50th(ms): 121.6, 90th(ms): 167.8, 95th(ms): 184.5, 99th(ms): 243.3, 99.9th(ms): 251.7, Max(ms): 251.7
[Current] NEW_ORDER - Takes(s): 10.0, Count: 1848, TPM: 11095.5, Sum(ms): 83897.5, Avg(ms): 45.4, 50th(ms): 44.0, 90th(ms): 60.8, 95th(ms): 71.3, 99th(ms): 121.6, 99.9th(ms): 142.6, Max(ms): 151.0
[Current] ORDER_STATUS - Takes(s): 9.9, Count: 161, TPM: 973.2, Sum(ms): 3367.3, Avg(ms): 20.9, 50th(ms): 19.9, 90th(ms): 30.4, 95th(ms): 33.6, 99th(ms): 44.0, 99.9th(ms): 50.3, Max(ms): 50.3
[Current] PAYMENT - Takes(s): 10.0, Count: 1568, TPM: 9407.8, Sum(ms): 43733.3, Avg(ms): 27.9, 50th(ms): 26.2, 90th(ms): 37.7, 95th(ms): 44.0, 99th(ms): 67.1, 99.9th(ms): 117.4, Max(ms): 125.8
[Current] STOCK_LEVEL - Takes(s): 9.9, Count: 178, TPM: 1082.9, Sum(ms): 4785.1, Avg(ms): 26.9, 50th(ms): 26.2, 90th(ms): 35.7, 95th(ms): 41.9, 99th(ms): 54.5, 99.9th(ms): 65.0, Max(ms): 65.0
[Current] DELIVERY - Takes(s): 9.9, Count: 154, TPM: 928.9, Sum(ms): 19377.1, Avg(ms): 125.8, 50th(ms): 121.6, 90th(ms): 159.4, 95th(ms): 176.2, 99th(ms): 218.1, 99.9th(ms): 260.0, Max(ms): 260.0
[Current] NEW_ORDER - Takes(s): 10.0, Count: 1803, TPM: 10819.2, Sum(ms): 80154.0, Avg(ms): 44.5, 50th(ms): 44.0, 90th(ms): 58.7, 95th(ms): 65.0, 99th(ms): 92.3, 99.9th(ms): 134.2, Max(ms): 142.6
[Current] ORDER_STATUS - Takes(s): 10.0, Count: 179, TPM: 1075.1, Sum(ms): 3742.3, Avg(ms): 20.9, 50th(ms): 21.0, 90th(ms): 29.4, 95th(ms): 35.7, 99th(ms): 41.9, 99.9th(ms): 50.3, Max(ms): 50.3
[Current] PAYMENT - Takes(s): 10.0, Count: 1720, TPM: 10324.6, Sum(ms): 47018.8, Avg(ms): 27.3, 50th(ms): 26.2, 90th(ms): 37.7, 95th(ms): 41.9, 99th(ms): 60.8, 99.9th(ms): 100.7, Max(ms): 117.4
[Current] STOCK_LEVEL - Takes(s): 9.9, Count: 172, TPM: 1038.5, Sum(ms): 4877.4, Avg(ms): 28.3, 50th(ms): 26.2, 90th(ms): 41.9, 95th(ms): 48.2, 99th(ms): 65.0, 99.9th(ms): 88.1, Max(ms): 88.1
[Current] DELIVERY - Takes(s): 10.0, Count: 157, TPM: 945.0, Sum(ms): 18829.9, Avg(ms): 119.9, 50th(ms): 117.4, 90th(ms): 142.6, 95th(ms): 159.4, 99th(ms): 201.3, 99.9th(ms): 234.9, Max(ms): 234.9
[Current] NEW_ORDER - Takes(s): 10.0, Count: 1836, TPM: 11030.1, Sum(ms): 80203.9, Avg(ms): 43.7, 50th(ms): 44.0, 90th(ms): 54.5, 95th(ms): 60.8, 99th(ms): 92.3, 99.9th(ms): 134.2, Max(ms): 151.0
[Current] ORDER_STATUS - Takes(s): 10.0, Count: 175, TPM: 1050.3, Sum(ms): 3387.0, Avg(ms): 19.4, 50th(ms): 18.9, 90th(ms): 27.3, 95th(ms): 31.5, 99th(ms): 39.8, 99.9th(ms): 44.0, Max(ms): 44.0
[Current] PAYMENT - Takes(s): 10.0, Count: 1788, TPM: 10728.3, Sum(ms): 47400.0, Avg(ms): 26.5, 50th(ms): 26.2, 90th(ms): 33.6, 95th(ms): 39.8, 99th(ms): 54.5, 99.9th(ms): 117.4, Max(ms): 121.6
[Current] STOCK_LEVEL - Takes(s): 10.0, Count: 167, TPM: 1002.8, Sum(ms): 5864.7, Avg(ms): 35.1, 50th(ms): 26.2, 90th(ms): 67.1, 95th(ms): 79.7, 99th(ms): 104.9, 99.9th(ms): 121.6, Max(ms): 121.6
[Current] DELIVERY - Takes(s): 10.0, Count: 150, TPM: 903.5, Sum(ms): 18186.7, Avg(ms): 121.3, 50th(ms): 117.4, 90th(ms): 142.6, 95th(ms): 167.8, 99th(ms): 243.3, 99.9th(ms): 251.7, Max(ms): 251.7
[Current] NEW_ORDER - Takes(s): 10.0, Count: 1866, TPM: 11199.7, Sum(ms): 79341.8, Avg(ms): 42.5, 50th(ms): 41.9, 90th(ms): 54.5, 95th(ms): 60.8, 99th(ms): 88.1, 99.9th(ms): 130.0, Max(ms): 151.0
[Current] ORDER_STATUS - Takes(s): 10.0, Count: 187, TPM: 1123.3, Sum(ms): 3650.8, Avg(ms): 19.5, 50th(ms): 18.9, 90th(ms): 29.4, 95th(ms): 35.7, 99th(ms): 37.7, 99.9th(ms): 39.8, Max(ms): 39.8
[Current] PAYMENT - Takes(s): 10.0, Count: 1865, TPM: 11197.4, Sum(ms): 50149.4, Avg(ms): 26.9, 50th(ms): 26.2, 90th(ms): 35.7, 95th(ms): 41.9, 99th(ms): 60.8, 99.9th(ms): 100.7, Max(ms): 117.4
[Current] STOCK_LEVEL - Takes(s): 9.7, Count: 166, TPM: 1026.3, Sum(ms): 4083.9, Avg(ms): 24.6, 50th(ms): 23.1, 90th(ms): 35.7, 95th(ms): 44.0, 99th(ms): 54.5, 99.9th(ms): 79.7, Max(ms): 79.7
[Current] DELIVERY - Takes(s): 9.8, Count: 170, TPM: 1039.2, Sum(ms): 21114.2, Avg(ms): 124.2, 50th(ms): 117.4, 90th(ms): 151.0, 95th(ms): 176.2, 99th(ms): 302.0, 99.9th(ms): 369.1, Max(ms): 369.1
[Current] NEW_ORDER - Takes(s): 10.0, Count: 1858, TPM: 11148.7, Sum(ms): 80550.4, Avg(ms): 43.4, 50th(ms): 41.9, 90th(ms): 56.6, 95th(ms): 65.0, 99th(ms): 104.9, 99.9th(ms): 226.5, Max(ms): 251.7
[Current] ORDER_STATUS - Takes(s): 10.0, Count: 158, TPM: 951.0, Sum(ms): 3493.7, Avg(ms): 22.1, 50th(ms): 19.9, 90th(ms): 31.5, 95th(ms): 41.9, 99th(ms): 71.3, 99.9th(ms): 104.9, Max(ms): 104.9
[Current] PAYMENT - Takes(s): 10.0, Count: 1785, TPM: 10716.2, Sum(ms): 46871.9, Avg(ms): 26.3, 50th(ms): 25.2, 90th(ms): 33.6, 95th(ms): 37.7, 99th(ms): 60.8, 99.9th(ms): 142.6, Max(ms): 201.3
[Current] STOCK_LEVEL - Takes(s): 10.0, Count: 158, TPM: 950.3, Sum(ms): 3622.5, Avg(ms): 22.9, 50th(ms): 22.0, 90th(ms): 31.5, 95th(ms): 33.6, 99th(ms): 39.8, 99.9th(ms): 100.7, Max(ms): 100.7
[Current] DELIVERY - Takes(s): 10.0, Count: 160, TPM: 963.2, Sum(ms): 19211.7, Avg(ms): 120.1, 50th(ms): 121.6, 90th(ms): 151.0, 95th(ms): 151.0, 99th(ms): 167.8, 99.9th(ms): 209.7, Max(ms): 209.7
[Current] NEW_ORDER - Takes(s): 10.0, Count: 1941, TPM: 11653.9, Sum(ms): 81607.4, Avg(ms): 42.0, 50th(ms): 41.9, 90th(ms): 54.5, 95th(ms): 58.7, 99th(ms): 79.7, 99.9th(ms): 260.0, Max(ms): 268.4
[Current] ORDER_STATUS - Takes(s): 9.9, Count: 181, TPM: 1093.4, Sum(ms): 3460.5, Avg(ms): 19.1, 50th(ms): 17.8, 90th(ms): 29.4, 95th(ms): 31.5, 99th(ms): 35.7, 99.9th(ms): 46.1, Max(ms): 46.1
[Current] PAYMENT - Takes(s): 10.0, Count: 1800, TPM: 10812.6, Sum(ms): 47505.2, Avg(ms): 26.4, 50th(ms): 25.2, 90th(ms): 35.7, 95th(ms): 39.8, 99th(ms): 52.4, 99.9th(ms): 234.9, Max(ms): 251.7
[Current] STOCK_LEVEL - Takes(s): 10.0, Count: 153, TPM: 919.5, Sum(ms): 3592.6, Avg(ms): 23.5, 50th(ms): 22.0, 90th(ms): 29.4, 95th(ms): 32.5, 99th(ms): 39.8, 99.9th(ms): 226.5, Max(ms): 226.5
[Current] DELIVERY - Takes(s): 9.9, Count: 151, TPM: 912.5, Sum(ms): 17960.3, Avg(ms): 118.9, 50th(ms): 113.2, 90th(ms): 134.2, 95th(ms): 151.0, 99th(ms): 243.3, 99.9th(ms): 318.8, Max(ms): 318.8
[Current] NEW_ORDER - Takes(s): 10.0, Count: 1947, TPM: 11685.3, Sum(ms): 81849.0, Avg(ms): 42.1, 50th(ms): 41.9, 90th(ms): 54.5, 95th(ms): 58.7, 99th(ms): 100.7, 99.9th(ms): 192.9, Max(ms): 226.5
[Current] ORDER_STATUS - Takes(s): 10.0, Count: 170, TPM: 1021.8, Sum(ms): 3344.2, Avg(ms): 19.7, 50th(ms): 17.8, 90th(ms): 28.3, 95th(ms): 35.7, 99th(ms): 50.3, 99.9th(ms): 83.9, Max(ms): 83.9
[Current] PAYMENT - Takes(s): 10.0, Count: 1890, TPM: 11340.8, Sum(ms): 47698.2, Avg(ms): 25.2, 50th(ms): 24.1, 90th(ms): 32.5, 95th(ms): 37.7, 99th(ms): 56.6, 99.9th(ms): 130.0, Max(ms): 184.5
[Current] STOCK_LEVEL - Takes(s): 9.9, Count: 154, TPM: 931.8, Sum(ms): 4526.0, Avg(ms): 29.4, 50th(ms): 22.0, 90th(ms): 35.7, 95th(ms): 83.9, 99th(ms): 176.2, 99.9th(ms): 192.9, Max(ms): 192.9
[Current] DELIVERY - Takes(s): 9.9, Count: 150, TPM: 905.7, Sum(ms): 19273.9, Avg(ms): 128.5, 50th(ms): 125.8, 90th(ms): 151.0, 95th(ms): 192.9, 99th(ms): 234.9, 99.9th(ms): 285.2, Max(ms): 285.2
[Current] NEW_ORDER - Takes(s): 10.0, Count: 1784, TPM: 10705.0, Sum(ms): 81278.0, Avg(ms): 45.5, 50th(ms): 41.9, 90th(ms): 62.9, 95th(ms): 79.7, 99th(ms): 117.4, 99.9th(ms): 151.0, Max(ms): 159.4
[Current] ORDER_STATUS - Takes(s): 10.0, Count: 154, TPM: 925.7, Sum(ms): 3262.6, Avg(ms): 21.2, 50th(ms): 18.9, 90th(ms): 32.5, 95th(ms): 35.7, 99th(ms): 50.3, 99.9th(ms): 96.5, Max(ms): 96.5
[Current] PAYMENT - Takes(s): 10.0, Count: 1641, TPM: 9848.6, Sum(ms): 47836.8, Avg(ms): 29.1, 50th(ms): 26.2, 90th(ms): 39.8, 95th(ms): 52.4, 99th(ms): 96.5, 99.9th(ms): 121.6, Max(ms): 142.6
[Current] STOCK_LEVEL - Takes(s): 10.0, Count: 145, TPM: 872.9, Sum(ms): 3553.3, Avg(ms): 24.5, 50th(ms): 21.0, 90th(ms): 30.4, 95th(ms): 46.1, 99th(ms): 100.7, 99.9th(ms): 159.4, Max(ms): 159.4
[Current] DELIVERY - Takes(s): 10.0, Count: 163, TPM: 979.3, Sum(ms): 19775.1, Avg(ms): 121.4, 50th(ms): 117.4, 90th(ms): 151.0, 95th(ms): 167.8, 99th(ms): 176.2, 99.9th(ms): 318.8, Max(ms): 318.8
[Current] NEW_ORDER - Takes(s): 10.0, Count: 1670, TPM: 10021.1, Sum(ms): 76580.5, Avg(ms): 45.9, 50th(ms): 44.0, 90th(ms): 65.0, 95th(ms): 79.7, 99th(ms): 109.1, 99.9th(ms): 134.2, Max(ms): 151.0
[Current] ORDER_STATUS - Takes(s): 10.0, Count: 154, TPM: 927.4, Sum(ms): 3042.3, Avg(ms): 19.7, 50th(ms): 17.8, 90th(ms): 33.6, 95th(ms): 41.9, 99th(ms): 56.6, 99.9th(ms): 60.8, Max(ms): 60.8
[Current] PAYMENT - Takes(s): 10.0, Count: 1652, TPM: 9931.1, Sum(ms): 53572.1, Avg(ms): 32.4, 50th(ms): 28.3, 90th(ms): 52.4, 95th(ms): 67.1, 99th(ms): 100.7, 99.9th(ms): 134.2, Max(ms): 142.6
[Current] STOCK_LEVEL - Takes(s): 9.8, Count: 140, TPM: 861.5, Sum(ms): 3785.8, Avg(ms): 27.0, 50th(ms): 19.9, 90th(ms): 37.7, 95th(ms): 50.3, 99th(ms): 260.0, 99.9th(ms): 402.7, Max(ms): 402.7
[Current] DELIVERY - Takes(s): 10.0, Count: 181, TPM: 1088.2, Sum(ms): 23214.5, Avg(ms): 128.3, 50th(ms): 125.8, 90th(ms): 151.0, 95th(ms): 167.8, 99th(ms): 226.5, 99.9th(ms): 302.0, Max(ms): 302.0
[Current] NEW_ORDER - Takes(s): 10.0, Count: 1896, TPM: 11377.2, Sum(ms): 78795.7, Avg(ms): 41.6, 50th(ms): 41.9, 90th(ms): 52.4, 95th(ms): 56.6, 99th(ms): 79.7, 99.9th(ms): 142.6, Max(ms): 159.4
[Current] ORDER_STATUS - Takes(s): 10.0, Count: 189, TPM: 1138.3, Sum(ms): 3737.1, Avg(ms): 19.8, 50th(ms): 18.9, 90th(ms): 27.3, 95th(ms): 32.5, 99th(ms): 39.8, 99.9th(ms): 62.9, Max(ms): 62.9
[Current] PAYMENT - Takes(s): 10.0, Count: 1784, TPM: 10707.7, Sum(ms): 45412.7, Avg(ms): 25.5, 50th(ms): 25.2, 90th(ms): 32.5, 95th(ms): 37.7, 99th(ms): 52.4, 99.9th(ms): 104.9, Max(ms): 117.4
[Current] STOCK_LEVEL - Takes(s): 10.0, Count: 170, TPM: 1022.7, Sum(ms): 4127.5, Avg(ms): 24.2, 50th(ms): 22.0, 90th(ms): 32.5, 95th(ms): 50.3, 99th(ms): 71.3, 99.9th(ms): 75.5, Max(ms): 75.5
[Current] DELIVERY - Takes(s): 9.9, Count: 153, TPM: 926.3, Sum(ms): 19995.3, Avg(ms): 130.7, 50th(ms): 125.8, 90th(ms): 159.4, 95th(ms): 184.5, 99th(ms): 234.9, 99.9th(ms): 385.9, Max(ms): 385.9
[Current] NEW_ORDER - Takes(s): 10.0, Count: 1809, TPM: 10855.1, Sum(ms): 80675.0, Avg(ms): 44.6, 50th(ms): 44.0, 90th(ms): 56.6, 95th(ms): 65.0, 99th(ms): 96.5, 99.9th(ms): 251.7, Max(ms): 268.4
[Current] ORDER_STATUS - Takes(s): 10.0, Count: 168, TPM: 1010.3, Sum(ms): 3528.0, Avg(ms): 21.0, 50th(ms): 19.9, 90th(ms): 28.3, 95th(ms): 33.6, 99th(ms): 46.1, 99.9th(ms): 56.6, Max(ms): 56.6
[Current] PAYMENT - Takes(s): 10.0, Count: 1746, TPM: 10480.4, Sum(ms): 47376.4, Avg(ms): 27.1, 50th(ms): 26.2, 90th(ms): 35.7, 95th(ms): 39.8, 99th(ms): 60.8, 99.9th(ms): 125.8, Max(ms): 226.5
[Current] STOCK_LEVEL - Takes(s): 10.0, Count: 176, TPM: 1059.3, Sum(ms): 4298.1, Avg(ms): 24.4, 50th(ms): 23.1, 90th(ms): 33.6, 95th(ms): 39.8, 99th(ms): 56.6, 99.9th(ms): 92.3, Max(ms): 92.3
[Current] DELIVERY - Takes(s): 10.0, Count: 166, TPM: 997.1, Sum(ms): 20603.0, Avg(ms): 124.2, 50th(ms): 121.6, 90th(ms): 151.0, 95th(ms): 159.4, 99th(ms): 260.0, 99.9th(ms): 318.8, Max(ms): 318.8
[Current] NEW_ORDER - Takes(s): 10.0, Count: 1914, TPM: 11484.6, Sum(ms): 80582.1, Avg(ms): 42.1, 50th(ms): 41.9, 90th(ms): 54.5, 95th(ms): 56.6, 99th(ms): 79.7, 99.9th(ms): 226.5, Max(ms): 226.5
[Current] ORDER_STATUS - Takes(s): 9.9, Count: 137, TPM: 828.4, Sum(ms): 2723.7, Avg(ms): 19.9, 50th(ms): 18.9, 90th(ms): 29.4, 95th(ms): 33.6, 99th(ms): 37.7, 99.9th(ms): 41.9, Max(ms): 41.9
[Current] PAYMENT - Takes(s): 10.0, Count: 1838, TPM: 11030.2, Sum(ms): 47633.3, Avg(ms): 25.9, 50th(ms): 25.2, 90th(ms): 32.5, 95th(ms): 37.7, 99th(ms): 54.5, 99.9th(ms): 167.8, Max(ms): 226.5
[Current] STOCK_LEVEL - Takes(s): 9.9, Count: 164, TPM: 992.3, Sum(ms): 3690.7, Avg(ms): 22.5, 50th(ms): 22.0, 90th(ms): 29.4, 95th(ms): 31.5, 99th(ms): 41.9, 99.9th(ms): 56.6, Max(ms): 56.6
[Current] DELIVERY - Takes(s): 10.0, Count: 146, TPM: 878.6, Sum(ms): 17954.6, Avg(ms): 122.9, 50th(ms): 121.6, 90th(ms): 142.6, 95th(ms): 159.4, 99th(ms): 251.7, 99.9th(ms): 302.0, Max(ms): 302.0
[Current] NEW_ORDER - Takes(s): 10.0, Count: 1924, TPM: 11552.0, Sum(ms): 83147.9, Avg(ms): 43.2, 50th(ms): 41.9, 90th(ms): 52.4, 95th(ms): 58.7, 99th(ms): 100.7, 99.9th(ms): 234.9, Max(ms): 234.9
[Current] ORDER_STATUS - Takes(s): 9.9, Count: 156, TPM: 942.1, Sum(ms): 3008.9, Avg(ms): 19.3, 50th(ms): 17.8, 90th(ms): 29.4, 95th(ms): 33.6, 99th(ms): 35.7, 99.9th(ms): 50.3, Max(ms): 50.3
[Current] PAYMENT - Takes(s): 10.0, Count: 1774, TPM: 10654.0, Sum(ms): 47237.2, Avg(ms): 26.6, 50th(ms): 25.2, 90th(ms): 33.6, 95th(ms): 37.7, 99th(ms): 62.9, 99.9th(ms): 125.8, Max(ms): 218.1
[Current] STOCK_LEVEL - Takes(s): 9.9, Count: 179, TPM: 1085.2, Sum(ms): 4306.8, Avg(ms): 24.1, 50th(ms): 24.1, 90th(ms): 32.5, 95th(ms): 39.8, 99th(ms): 44.0, 99.9th(ms): 48.2, Max(ms): 48.2
[Current] DELIVERY - Takes(s): 10.0, Count: 187, TPM: 1124.4, Sum(ms): 22399.4, Avg(ms): 119.8, 50th(ms): 113.2, 90th(ms): 142.6, 95th(ms): 167.8, 99th(ms): 209.7, 99.9th(ms): 285.2, Max(ms): 285.2
[Current] NEW_ORDER - Takes(s): 10.0, Count: 1890, TPM: 11350.7, Sum(ms): 79166.3, Avg(ms): 41.9, 50th(ms): 41.9, 90th(ms): 54.5, 95th(ms): 62.9, 99th(ms): 88.1, 99.9th(ms): 130.0, Max(ms): 134.2
[Current] ORDER_STATUS - Takes(s): 10.0, Count: 184, TPM: 1109.3, Sum(ms): 3658.9, Avg(ms): 19.9, 50th(ms): 18.9, 90th(ms): 29.4, 95th(ms): 33.6, 99th(ms): 41.9, 99.9th(ms): 46.1, Max(ms): 46.1
[Current] PAYMENT - Takes(s): 10.0, Count: 1799, TPM: 10807.8, Sum(ms): 46326.6, Avg(ms): 25.8, 50th(ms): 25.2, 90th(ms): 33.6, 95th(ms): 39.8, 99th(ms): 56.6, 99.9th(ms): 109.1, Max(ms): 113.2
[Current] STOCK_LEVEL - Takes(s): 10.0, Count: 175, TPM: 1055.1, Sum(ms): 4105.7, Avg(ms): 23.5, 50th(ms): 23.1, 90th(ms): 32.5, 95th(ms): 35.7, 99th(ms): 41.9, 99.9th(ms): 48.2, Max(ms): 48.2
[Current] DELIVERY - Takes(s): 9.9, Count: 184, TPM: 1112.5, Sum(ms): 22536.4, Avg(ms): 122.5, 50th(ms): 117.4, 90th(ms): 142.6, 95th(ms): 159.4, 99th(ms): 234.9, 99.9th(ms): 285.2, Max(ms): 285.2
[Current] NEW_ORDER - Takes(s): 10.0, Count: 1881, TPM: 11295.8, Sum(ms): 78315.9, Avg(ms): 41.6, 50th(ms): 41.9, 90th(ms): 54.5, 95th(ms): 58.7, 99th(ms): 79.7, 99.9th(ms): 125.8, Max(ms): 142.6
[Current] ORDER_STATUS - Takes(s): 9.9, Count: 180, TPM: 1094.3, Sum(ms): 3556.9, Avg(ms): 19.7, 50th(ms): 17.8, 90th(ms): 29.4, 95th(ms): 35.7, 99th(ms): 39.8, 99.9th(ms): 96.5, Max(ms): 96.5
[Current] PAYMENT - Takes(s): 10.0, Count: 1837, TPM: 11028.1, Sum(ms): 46938.8, Avg(ms): 25.6, 50th(ms): 25.2, 90th(ms): 33.6, 95th(ms): 37.7, 99th(ms): 50.3, 99.9th(ms): 88.1, Max(ms): 125.8
[Current] STOCK_LEVEL - Takes(s): 10.0, Count: 182, TPM: 1094.7, Sum(ms): 4014.0, Avg(ms): 22.1, 50th(ms): 22.0, 90th(ms): 29.4, 95th(ms): 31.5, 99th(ms): 35.7, 99.9th(ms): 39.8, Max(ms): 39.8
[Current] DELIVERY - Takes(s): 9.9, Count: 184, TPM: 1113.7, Sum(ms): 23398.7, Avg(ms): 127.2, 50th(ms): 121.6, 90th(ms): 151.0, 95th(ms): 167.8, 99th(ms): 234.9, 99.9th(ms): 302.0, Max(ms): 302.0
[Current] NEW_ORDER - Takes(s): 10.0, Count: 1767, TPM: 10604.4, Sum(ms): 77820.6, Avg(ms): 44.0, 50th(ms): 44.0, 90th(ms): 56.6, 95th(ms): 62.9, 99th(ms): 92.3, 99.9th(ms): 142.6, Max(ms): 159.4
[Current] ORDER_STATUS - Takes(s): 9.9, Count: 156, TPM: 948.1, Sum(ms): 3224.3, Avg(ms): 20.7, 50th(ms): 19.9, 90th(ms): 29.4, 95th(ms): 32.5, 99th(ms): 39.8, 99.9th(ms): 50.3, Max(ms): 50.3
[Current] PAYMENT - Takes(s): 10.0, Count: 1710, TPM: 10260.9, Sum(ms): 46983.5, Avg(ms): 27.5, 50th(ms): 26.2, 90th(ms): 37.7, 95th(ms): 41.9, 99th(ms): 60.8, 99.9th(ms): 100.7, Max(ms): 113.2
[Current] STOCK_LEVEL - Takes(s): 9.9, Count: 178, TPM: 1076.7, Sum(ms): 4145.8, Avg(ms): 23.3, 50th(ms): 23.1, 90th(ms): 29.4, 95th(ms): 33.6, 99th(ms): 41.9, 99.9th(ms): 75.5, Max(ms): 75.5
[Current] DELIVERY - Takes(s): 9.9, Count: 201, TPM: 1218.0, Sum(ms): 24095.9, Avg(ms): 119.7, 50th(ms): 117.4, 90th(ms): 142.6, 95th(ms): 151.0, 99th(ms): 218.1, 99.9th(ms): 285.2, Max(ms): 285.2
[Current] NEW_ORDER - Takes(s): 10.0, Count: 1856, TPM: 11143.4, Sum(ms): 77820.8, Avg(ms): 42.0, 50th(ms): 41.9, 90th(ms): 54.5, 95th(ms): 58.7, 99th(ms): 79.7, 99.9th(ms): 125.8, Max(ms): 142.6
[Current] ORDER_STATUS - Takes(s): 9.8, Count: 164, TPM: 999.8, Sum(ms): 3241.9, Avg(ms): 19.8, 50th(ms): 18.9, 90th(ms): 29.4, 95th(ms): 35.7, 99th(ms): 44.0, 99.9th(ms): 92.3, Max(ms): 92.3
[Current] PAYMENT - Takes(s): 10.0, Count: 1789, TPM: 10734.7, Sum(ms): 46809.4, Avg(ms): 26.2, 50th(ms): 25.2, 90th(ms): 35.7, 95th(ms): 39.8, 99th(ms): 58.7, 99.9th(ms): 117.4, Max(ms): 121.6
[Current] STOCK_LEVEL - Takes(s): 9.9, Count: 149, TPM: 901.9, Sum(ms): 3419.0, Avg(ms): 23.0, 50th(ms): 23.1, 90th(ms): 28.3, 95th(ms): 32.5, 99th(ms): 46.1, 99.9th(ms): 71.3, Max(ms): 71.3
[Current] DELIVERY - Takes(s): 10.0, Count: 166, TPM: 1000.4, Sum(ms): 20870.5, Avg(ms): 125.7, 50th(ms): 121.6, 90th(ms): 159.4, 95th(ms): 167.8, 99th(ms): 209.7, 99.9th(ms): 243.3, Max(ms): 243.3
[Current] NEW_ORDER - Takes(s): 10.0, Count: 1816, TPM: 10899.2, Sum(ms): 77861.6, Avg(ms): 42.9, 50th(ms): 41.9, 90th(ms): 54.5, 95th(ms): 62.9, 99th(ms): 104.9, 99.9th(ms): 234.9, Max(ms): 260.0
[Current] ORDER_STATUS - Takes(s): 10.0, Count: 153, TPM: 918.0, Sum(ms): 3096.4, Avg(ms): 20.2, 50th(ms): 19.9, 90th(ms): 28.3, 95th(ms): 35.7, 99th(ms): 39.8, 99.9th(ms): 75.5, Max(ms): 75.5
[Current] PAYMENT - Takes(s): 10.0, Count: 1846, TPM: 11085.5, Sum(ms): 50002.6, Avg(ms): 27.1, 50th(ms): 25.2, 90th(ms): 35.7, 95th(ms): 39.8, 99th(ms): 71.3, 99.9th(ms): 218.1, Max(ms): 251.7
[Current] STOCK_LEVEL - Takes(s): 9.8, Count: 154, TPM: 942.4, Sum(ms): 3537.4, Avg(ms): 23.0, 50th(ms): 22.0, 90th(ms): 30.4, 95th(ms): 33.6, 99th(ms): 48.2, 99.9th(ms): 54.5, Max(ms): 54.5
[Current] DELIVERY - Takes(s): 10.0, Count: 177, TPM: 1063.0, Sum(ms): 21577.5, Avg(ms): 122.0, 50th(ms): 117.4, 90th(ms): 142.6, 95th(ms): 192.9, 99th(ms): 285.2, 99.9th(ms): 352.3, Max(ms): 352.3
[Current] NEW_ORDER - Takes(s): 10.0, Count: 1837, TPM: 11039.7, Sum(ms): 78869.9, Avg(ms): 42.9, 50th(ms): 41.9, 90th(ms): 54.5, 95th(ms): 60.8, 99th(ms): 113.2, 99.9th(ms): 201.3, Max(ms): 209.7
[Current] ORDER_STATUS - Takes(s): 10.0, Count: 146, TPM: 876.7, Sum(ms): 2809.4, Avg(ms): 19.3, 50th(ms): 17.8, 90th(ms): 29.4, 95th(ms): 35.7, 99th(ms): 48.2, 99.9th(ms): 52.4, Max(ms): 52.4
[Current] PAYMENT - Takes(s): 10.0, Count: 1797, TPM: 10800.2, Sum(ms): 47028.2, Avg(ms): 26.2, 50th(ms): 25.2, 90th(ms): 35.7, 95th(ms): 39.8, 99th(ms): 56.6, 99.9th(ms): 121.6, Max(ms): 184.5
[Current] STOCK_LEVEL - Takes(s): 10.0, Count: 176, TPM: 1056.6, Sum(ms): 3720.0, Avg(ms): 21.2, 50th(ms): 21.0, 90th(ms): 28.3, 95th(ms): 30.4, 99th(ms): 33.6, 99.9th(ms): 46.1, Max(ms): 46.1
[Current] DELIVERY - Takes(s): 10.0, Count: 145, TPM: 874.3, Sum(ms): 17647.0, Avg(ms): 121.5, 50th(ms): 117.4, 90th(ms): 151.0, 95th(ms): 176.2, 99th(ms): 260.0, 99.9th(ms): 285.2, Max(ms): 285.2
[Current] NEW_ORDER - Takes(s): 10.0, Count: 1643, TPM: 9861.6, Sum(ms): 79327.9, Avg(ms): 48.3, 50th(ms): 41.9, 90th(ms): 60.8, 95th(ms): 75.5, 99th(ms): 268.4, 99.9th(ms): 520.1, Max(ms): 604.0
[Current] ORDER_STATUS - Takes(s): 9.9, Count: 149, TPM: 900.9, Sum(ms): 2940.7, Avg(ms): 19.8, 50th(ms): 16.8, 90th(ms): 26.2, 95th(ms): 31.5, 99th(ms): 83.9, 99.9th(ms): 260.0, Max(ms): 260.0
[Current] PAYMENT - Takes(s): 10.0, Count: 1580, TPM: 9483.3, Sum(ms): 55117.5, Avg(ms): 34.9, 50th(ms): 29.4, 90th(ms): 44.0, 95th(ms): 62.9, 99th(ms): 125.8, 99.9th(ms): 570.4, Max(ms): 604.0
[Current] STOCK_LEVEL - Takes(s): 10.0, Count: 148, TPM: 889.5, Sum(ms): 3032.6, Avg(ms): 20.5, 50th(ms): 19.9, 90th(ms): 26.2, 95th(ms): 32.5, 99th(ms): 39.8, 99.9th(ms): 88.1, Max(ms): 88.1
[Current] DELIVERY - Takes(s): 9.9, Count: 168, TPM: 1014.0, Sum(ms): 19798.9, Avg(ms): 117.9, 50th(ms): 113.2, 90th(ms): 142.6, 95th(ms): 151.0, 99th(ms): 268.4, 99.9th(ms): 285.2, Max(ms): 285.2
[Current] NEW_ORDER - Takes(s): 10.0, Count: 1934, TPM: 11609.3, Sum(ms): 79979.6, Avg(ms): 41.4, 50th(ms): 41.9, 90th(ms): 52.4, 95th(ms): 58.7, 99th(ms): 83.9, 99.9th(ms): 151.0, Max(ms): 159.4
[Current] ORDER_STATUS - Takes(s): 10.0, Count: 179, TPM: 1078.5, Sum(ms): 3408.6, Avg(ms): 19.0, 50th(ms): 17.8, 90th(ms): 26.2, 95th(ms): 30.4, 99th(ms): 44.0, 99.9th(ms): 83.9, Max(ms): 83.9
[Current] PAYMENT - Takes(s): 10.0, Count: 1914, TPM: 11490.5, Sum(ms): 47917.4, Avg(ms): 25.0, 50th(ms): 24.1, 90th(ms): 32.5, 95th(ms): 37.7, 99th(ms): 52.4, 99.9th(ms): 83.9, Max(ms): 109.1
[Current] STOCK_LEVEL - Takes(s): 10.0, Count: 186, TPM: 1116.7, Sum(ms): 4071.3, Avg(ms): 21.9, 50th(ms): 22.0, 90th(ms): 28.3, 95th(ms): 31.5, 99th(ms): 35.7, 99.9th(ms): 39.8, Max(ms): 39.8
[Current] DELIVERY - Takes(s): 10.0, Count: 153, TPM: 920.2, Sum(ms): 18994.1, Avg(ms): 124.5, 50th(ms): 121.6, 90th(ms): 151.0, 95th(ms): 159.4, 99th(ms): 209.7, 99.9th(ms): 260.0, Max(ms): 260.0
[Current] NEW_ORDER - Takes(s): 10.0, Count: 1842, TPM: 11054.4, Sum(ms): 81703.9, Avg(ms): 44.4, 50th(ms): 44.0, 90th(ms): 56.6, 95th(ms): 62.9, 99th(ms): 109.1, 99.9th(ms): 184.5, Max(ms): 209.7
[Current] ORDER_STATUS - Takes(s): 10.0, Count: 180, TPM: 1084.6, Sum(ms): 3626.8, Avg(ms): 20.1, 50th(ms): 18.9, 90th(ms): 28.3, 95th(ms): 32.5, 99th(ms): 48.2, 99.9th(ms): 88.1, Max(ms): 88.1
[Current] PAYMENT - Takes(s): 10.0, Count: 1751, TPM: 10510.9, Sum(ms): 47394.8, Avg(ms): 27.1, 50th(ms): 26.2, 90th(ms): 35.7, 95th(ms): 39.8, 99th(ms): 56.6, 99.9th(ms): 167.8, Max(ms): 192.9
[Current] STOCK_LEVEL - Takes(s): 9.9, Count: 150, TPM: 911.5, Sum(ms): 3322.2, Avg(ms): 22.2, 50th(ms): 22.0, 90th(ms): 29.4, 95th(ms): 30.4, 99th(ms): 39.8, 99.9th(ms): 46.1, Max(ms): 46.1
[Current] DELIVERY - Takes(s): 10.0, Count: 156, TPM: 938.4, Sum(ms): 19142.2, Avg(ms): 122.7, 50th(ms): 117.4, 90th(ms): 142.6, 95th(ms): 167.8, 99th(ms): 226.5, 99.9th(ms): 318.8, Max(ms): 318.8
[Current] NEW_ORDER - Takes(s): 10.0, Count: 1924, TPM: 11545.9, Sum(ms): 81371.3, Avg(ms): 42.3, 50th(ms): 41.9, 90th(ms): 54.5, 95th(ms): 58.7, 99th(ms): 79.7, 99.9th(ms): 142.6, Max(ms): 167.8
[Current] ORDER_STATUS - Takes(s): 10.0, Count: 160, TPM: 960.0, Sum(ms): 3098.9, Avg(ms): 19.4, 50th(ms): 17.8, 90th(ms): 28.3, 95th(ms): 35.7, 99th(ms): 37.7, 99.9th(ms): 79.7, Max(ms): 79.7
[Current] PAYMENT - Takes(s): 10.0, Count: 1849, TPM: 11108.7, Sum(ms): 48424.0, Avg(ms): 26.2, 50th(ms): 25.2, 90th(ms): 35.7, 95th(ms): 37.7, 99th(ms): 52.4, 99.9th(ms): 104.9, Max(ms): 117.4
[Current] STOCK_LEVEL - Takes(s): 9.9, Count: 160, TPM: 966.8, Sum(ms): 3475.1, Avg(ms): 21.7, 50th(ms): 21.0, 90th(ms): 28.3, 95th(ms): 30.4, 99th(ms): 37.7, 99.9th(ms): 44.0, Max(ms): 44.0
[Current] DELIVERY - Takes(s): 10.0, Count: 180, TPM: 1080.5, Sum(ms): 22076.2, Avg(ms): 122.7, 50th(ms): 121.6, 90th(ms): 142.6, 95th(ms): 151.0, 99th(ms): 243.3, 99.9th(ms): 318.8, Max(ms): 318.8
[Current] NEW_ORDER - Takes(s): 10.0, Count: 1857, TPM: 11143.5, Sum(ms): 79223.9, Avg(ms): 42.7, 50th(ms): 44.0, 90th(ms): 54.5, 95th(ms): 58.7, 99th(ms): 65.0, 99.9th(ms): 209.7, Max(ms): 226.5
[Current] ORDER_STATUS - Takes(s): 10.0, Count: 188, TPM: 1129.5, Sum(ms): 3608.8, Avg(ms): 19.2, 50th(ms): 18.9, 90th(ms): 27.3, 95th(ms): 30.4, 99th(ms): 35.7, 99.9th(ms): 92.3, Max(ms): 92.3
[Current] PAYMENT - Takes(s): 10.0, Count: 1805, TPM: 10843.0, Sum(ms): 46687.4, Avg(ms): 25.9, 50th(ms): 25.2, 90th(ms): 32.5, 95th(ms): 35.7, 99th(ms): 48.2, 99.9th(ms): 184.5, Max(ms): 218.1
[Current] STOCK_LEVEL - Takes(s): 9.8, Count: 178, TPM: 1086.8, Sum(ms): 3803.9, Avg(ms): 21.3, 50th(ms): 21.0, 90th(ms): 27.3, 95th(ms): 29.4, 99th(ms): 32.5, 99.9th(ms): 35.7, Max(ms): 35.7
[Current] DELIVERY - Takes(s): 10.0, Count: 174, TPM: 1048.5, Sum(ms): 21296.4, Avg(ms): 122.4, 50th(ms): 117.4, 90th(ms): 142.6, 95th(ms): 151.0, 99th(ms): 243.3, 99.9th(ms): 268.4, Max(ms): 268.4
[Current] NEW_ORDER - Takes(s): 10.0, Count: 1864, TPM: 11187.1, Sum(ms): 80475.4, Avg(ms): 43.2, 50th(ms): 41.9, 90th(ms): 54.5, 95th(ms): 58.7, 99th(ms): 100.7, 99.9th(ms): 218.1, Max(ms): 218.1
[Current] ORDER_STATUS - Takes(s): 10.0, Count: 169, TPM: 1015.3, Sum(ms): 3207.9, Avg(ms): 19.0, 50th(ms): 18.9, 90th(ms): 25.2, 95th(ms): 27.3, 99th(ms): 37.7, 99.9th(ms): 92.3, Max(ms): 92.3
[Current] PAYMENT - Takes(s): 10.0, Count: 1782, TPM: 10693.1, Sum(ms): 46881.1, Avg(ms): 26.3, 50th(ms): 25.2, 90th(ms): 33.6, 95th(ms): 37.7, 99th(ms): 65.0, 99.9th(ms): 159.4, Max(ms): 209.7
[Current] STOCK_LEVEL - Takes(s): 10.0, Count: 176, TPM: 1056.9, Sum(ms): 3839.0, Avg(ms): 21.8, 50th(ms): 22.0, 90th(ms): 28.3, 95th(ms): 30.4, 99th(ms): 35.7, 99.9th(ms): 60.8, Max(ms): 60.8
[Current] DELIVERY - Takes(s): 9.9, Count: 152, TPM: 918.4, Sum(ms): 18653.6, Avg(ms): 122.9, 50th(ms): 121.6, 90th(ms): 142.6, 95th(ms): 151.0, 99th(ms): 251.7, 99.9th(ms): 260.0, Max(ms): 260.0
[Current] NEW_ORDER - Takes(s): 10.0, Count: 1918, TPM: 11509.7, Sum(ms): 81462.5, Avg(ms): 42.5, 50th(ms): 41.9, 90th(ms): 54.5, 95th(ms): 60.8, 99th(ms): 92.3, 99.9th(ms): 142.6, Max(ms): 159.4
[Current] ORDER_STATUS - Takes(s): 9.9, Count: 190, TPM: 1152.4, Sum(ms): 3583.3, Avg(ms): 18.9, 50th(ms): 17.8, 90th(ms): 26.2, 95th(ms): 30.4, 99th(ms): 37.7, 99.9th(ms): 44.0, Max(ms): 44.0
[Current] PAYMENT - Takes(s): 10.0, Count: 1827, TPM: 10967.9, Sum(ms): 47759.2, Avg(ms): 26.2, 50th(ms): 25.2, 90th(ms): 33.6, 95th(ms): 37.7, 99th(ms): 67.1, 99.9th(ms): 109.1, Max(ms): 134.2
[Current] STOCK_LEVEL - Takes(s): 10.0, Count: 168, TPM: 1008.5, Sum(ms): 3810.7, Avg(ms): 22.7, 50th(ms): 22.0, 90th(ms): 29.4, 95th(ms): 32.5, 99th(ms): 37.7, 99.9th(ms): 44.0, Max(ms): 44.0
[Current] DELIVERY - Takes(s): 10.0, Count: 189, TPM: 1139.6, Sum(ms): 21687.9, Avg(ms): 114.9, 50th(ms): 113.2, 90th(ms): 134.2, 95th(ms): 142.6, 99th(ms): 192.9, 99.9th(ms): 226.5, Max(ms): 226.5
[Current] NEW_ORDER - Takes(s): 10.0, Count: 1933, TPM: 11597.3, Sum(ms): 79236.5, Avg(ms): 41.0, 50th(ms): 39.8, 90th(ms): 52.4, 95th(ms): 56.6, 99th(ms): 83.9, 99.9th(ms): 121.6, Max(ms): 151.0
[Current] ORDER_STATUS - Takes(s): 10.0, Count: 151, TPM: 907.2, Sum(ms): 2833.0, Avg(ms): 18.8, 50th(ms): 17.8, 90th(ms): 26.2, 95th(ms): 29.4, 99th(ms): 39.8, 99.9th(ms): 58.7, Max(ms): 58.7
[Current] PAYMENT - Takes(s): 10.0, Count: 1865, TPM: 11209.0, Sum(ms): 47533.3, Avg(ms): 25.5, 50th(ms): 25.2, 90th(ms): 32.5, 95th(ms): 37.7, 99th(ms): 50.3, 99.9th(ms): 100.7, Max(ms): 113.2
[Current] STOCK_LEVEL - Takes(s): 10.0, Count: 164, TPM: 984.2, Sum(ms): 3637.2, Avg(ms): 22.2, 50th(ms): 23.1, 90th(ms): 28.3, 95th(ms): 29.4, 99th(ms): 35.7, 99.9th(ms): 44.0, Max(ms): 44.0
[Current] DELIVERY - Takes(s): 10.0, Count: 158, TPM: 948.7, Sum(ms): 21198.0, Avg(ms): 134.2, 50th(ms): 125.8, 90th(ms): 167.8, 95th(ms): 234.9, 99th(ms): 260.0, 99.9th(ms): 302.0, Max(ms): 302.0
[Current] NEW_ORDER - Takes(s): 10.0, Count: 1827, TPM: 10969.8, Sum(ms): 80062.0, Avg(ms): 43.8, 50th(ms): 44.0, 90th(ms): 54.5, 95th(ms): 60.8, 99th(ms): 88.1, 99.9th(ms): 142.6, Max(ms): 167.8
[Current] ORDER_STATUS - Takes(s): 9.8, Count: 187, TPM: 1141.3, Sum(ms): 4062.5, Avg(ms): 21.7, 50th(ms): 21.0, 90th(ms): 32.5, 95th(ms): 37.7, 99th(ms): 46.1, 99.9th(ms): 88.1, Max(ms): 88.1
[Current] PAYMENT - Takes(s): 10.0, Count: 1729, TPM: 10381.8, Sum(ms): 47059.4, Avg(ms): 27.2, 50th(ms): 27.3, 90th(ms): 35.7, 95th(ms): 39.8, 99th(ms): 54.5, 99.9th(ms): 104.9, Max(ms): 121.6
[Current] STOCK_LEVEL - Takes(s): 9.9, Count: 150, TPM: 911.6, Sum(ms): 3729.7, Avg(ms): 24.9, 50th(ms): 24.1, 90th(ms): 32.5, 95th(ms): 35.7, 99th(ms): 46.1, 99.9th(ms): 50.3, Max(ms): 50.3
[Current] DELIVERY - Takes(s): 9.7, Count: 132, TPM: 814.0, Sum(ms): 17857.1, Avg(ms): 135.4, 50th(ms): 130.0, 90th(ms): 176.2, 95th(ms): 192.9, 99th(ms): 251.7, 99.9th(ms): 268.4, Max(ms): 268.4
[Current] NEW_ORDER - Takes(s): 10.0, Count: 1612, TPM: 9676.1, Sum(ms): 80014.9, Avg(ms): 49.7, 50th(ms): 46.1, 90th(ms): 71.3, 95th(ms): 79.7, 99th(ms): 130.0, 99.9th(ms): 176.2, Max(ms): 192.9
[Current] ORDER_STATUS - Takes(s): 10.0, Count: 132, TPM: 795.2, Sum(ms): 2623.6, Avg(ms): 19.9, 50th(ms): 18.9, 90th(ms): 32.5, 95th(ms): 35.7, 99th(ms): 46.1, 99.9th(ms): 54.5, Max(ms): 54.5
[Current] PAYMENT - Takes(s): 10.0, Count: 1582, TPM: 9491.4, Sum(ms): 52402.9, Avg(ms): 33.1, 50th(ms): 30.4, 90th(ms): 48.2, 95th(ms): 58.7, 99th(ms): 88.1, 99.9th(ms): 142.6, Max(ms): 159.4
[Current] STOCK_LEVEL - Takes(s): 9.9, Count: 128, TPM: 772.6, Sum(ms): 3017.6, Avg(ms): 23.6, 50th(ms): 23.1, 90th(ms): 32.5, 95th(ms): 35.7, 99th(ms): 41.9, 99.9th(ms): 44.0, Max(ms): 44.0
[Current] DELIVERY - Takes(s): 9.9, Count: 150, TPM: 910.7, Sum(ms): 19315.5, Avg(ms): 128.8, 50th(ms): 125.8, 90th(ms): 151.0, 95th(ms): 176.2, 99th(ms): 260.0, 99.9th(ms): 318.8, Max(ms): 318.8
[Current] NEW_ORDER - Takes(s): 10.0, Count: 1559, TPM: 9358.7, Sum(ms): 75713.1, Avg(ms): 48.5, 50th(ms): 48.2, 90th(ms): 62.9, 95th(ms): 71.3, 99th(ms): 88.1, 99.9th(ms): 176.2, Max(ms): 260.0
[Current] ORDER_STATUS - Takes(s): 10.0, Count: 163, TPM: 980.0, Sum(ms): 2883.5, Avg(ms): 17.7, 50th(ms): 16.8, 90th(ms): 27.3, 95th(ms): 30.4, 99th(ms): 35.7, 99.9th(ms): 37.7, Max(ms): 37.7
[Current] PAYMENT - Takes(s): 10.0, Count: 1555, TPM: 9345.8, Sum(ms): 54856.0, Avg(ms): 35.3, 50th(ms): 33.6, 90th(ms): 44.0, 95th(ms): 50.3, 99th(ms): 79.7, 99.9th(ms): 167.8, Max(ms): 234.9
[Current] STOCK_LEVEL - Takes(s): 9.9, Count: 152, TPM: 923.4, Sum(ms): 3291.2, Avg(ms): 21.6, 50th(ms): 21.0, 90th(ms): 29.4, 95th(ms): 30.4, 99th(ms): 35.7, 99.9th(ms): 37.7, Max(ms): 37.7
[Current] DELIVERY - Takes(s): 10.0, Count: 136, TPM: 816.4, Sum(ms): 16666.8, Avg(ms): 122.5, 50th(ms): 117.4, 90th(ms): 142.6, 95th(ms): 184.5, 99th(ms): 260.0, 99.9th(ms): 285.2, Max(ms): 285.2
[Current] NEW_ORDER - Takes(s): 10.0, Count: 1898, TPM: 11388.9, Sum(ms): 82136.6, Avg(ms): 43.3, 50th(ms): 41.9, 90th(ms): 56.6, 95th(ms): 65.0, 99th(ms): 92.3, 99.9th(ms): 218.1, Max(ms): 218.1
[Current] ORDER_STATUS - Takes(s): 10.0, Count: 176, TPM: 1056.6, Sum(ms): 3742.1, Avg(ms): 21.3, 50th(ms): 19.9, 90th(ms): 32.5, 95th(ms): 41.9, 99th(ms): 52.4, 99.9th(ms): 100.7, Max(ms): 100.7
[Current] PAYMENT - Takes(s): 10.0, Count: 1752, TPM: 10513.5, Sum(ms): 48121.9, Avg(ms): 27.5, 50th(ms): 26.2, 90th(ms): 37.7, 95th(ms): 46.1, 99th(ms): 67.1, 99.9th(ms): 113.2, Max(ms): 218.1
[Current] STOCK_LEVEL - Takes(s): 10.0, Count: 174, TPM: 1047.7, Sum(ms): 4809.7, Avg(ms): 27.7, 50th(ms): 24.1, 90th(ms): 32.5, 95th(ms): 37.7, 99th(ms): 130.0, 99.9th(ms): 184.5, Max(ms): 184.5
[Current] DELIVERY - Takes(s): 10.0, Count: 164, TPM: 985.5, Sum(ms): 19930.7, Avg(ms): 121.6, 50th(ms): 117.4, 90th(ms): 142.6, 95th(ms): 159.4, 99th(ms): 218.1, 99.9th(ms): 260.0, Max(ms): 260.0
[Current] NEW_ORDER - Takes(s): 10.0, Count: 1818, TPM: 10910.2, Sum(ms): 77834.9, Avg(ms): 42.8, 50th(ms): 41.9, 90th(ms): 54.5, 95th(ms): 60.8, 99th(ms): 104.9, 99.9th(ms): 134.2, Max(ms): 176.2
[Current] ORDER_STATUS - Takes(s): 10.0, Count: 182, TPM: 1094.1, Sum(ms): 3520.7, Avg(ms): 19.3, 50th(ms): 18.9, 90th(ms): 26.2, 95th(ms): 30.4, 99th(ms): 39.8, 99.9th(ms): 46.1, Max(ms): 46.1
[Current] PAYMENT - Takes(s): 10.0, Count: 1841, TPM: 11059.2, Sum(ms): 48986.9, Avg(ms): 26.6, 50th(ms): 25.2, 90th(ms): 33.6, 95th(ms): 37.7, 99th(ms): 75.5, 99.9th(ms): 121.6, Max(ms): 130.0
[Current] STOCK_LEVEL - Takes(s): 9.9, Count: 215, TPM: 1298.5, Sum(ms): 5303.6, Avg(ms): 24.7, 50th(ms): 24.1, 90th(ms): 30.4, 95th(ms): 35.7, 99th(ms): 58.7, 99.9th(ms): 83.9, Max(ms): 83.9
[Current] DELIVERY - Takes(s): 9.9, Count: 174, TPM: 1050.2, Sum(ms): 21262.6, Avg(ms): 122.1, 50th(ms): 117.4, 90th(ms): 151.0, 95th(ms): 167.8, 99th(ms): 243.3, 99.9th(ms): 285.2, Max(ms): 285.2
[Current] NEW_ORDER - Takes(s): 10.0, Count: 1893, TPM: 11376.0, Sum(ms): 78441.5, Avg(ms): 41.5, 50th(ms): 41.9, 90th(ms): 54.5, 95th(ms): 58.7, 99th(ms): 83.9, 99.9th(ms): 121.6, Max(ms): 209.7
[Current] ORDER_STATUS - Takes(s): 9.9, Count: 164, TPM: 989.2, Sum(ms): 3228.8, Avg(ms): 19.7, 50th(ms): 18.9, 90th(ms): 28.3, 95th(ms): 33.6, 99th(ms): 39.8, 99.9th(ms): 46.1, Max(ms): 46.1
[Current] PAYMENT - Takes(s): 10.0, Count: 1848, TPM: 11097.9, Sum(ms): 48633.9, Avg(ms): 26.3, 50th(ms): 25.2, 90th(ms): 35.7, 95th(ms): 39.8, 99th(ms): 65.0, 99.9th(ms): 117.4, Max(ms): 130.0
[Current] STOCK_LEVEL - Takes(s): 9.8, Count: 164, TPM: 1004.5, Sum(ms): 4061.6, Avg(ms): 24.8, 50th(ms): 24.1, 90th(ms): 33.6, 95th(ms): 39.8, 99th(ms): 44.0, 99.9th(ms): 62.9, Max(ms): 62.9
[Current] DELIVERY - Takes(s): 9.9, Count: 160, TPM: 965.9, Sum(ms): 20838.5, Avg(ms): 130.4, 50th(ms): 125.8, 90th(ms): 167.8, 95th(ms): 184.5, 99th(ms): 209.7, 99.9th(ms): 260.0, Max(ms): 260.0
[Current] NEW_ORDER - Takes(s): 10.0, Count: 1776, TPM: 10660.8, Sum(ms): 79135.6, Avg(ms): 44.6, 50th(ms): 44.0, 90th(ms): 60.8, 95th(ms): 67.1, 99th(ms): 96.5, 99.9th(ms): 142.6, Max(ms): 218.1
[Current] ORDER_STATUS - Takes(s): 10.0, Count: 160, TPM: 960.4, Sum(ms): 3480.2, Avg(ms): 21.7, 50th(ms): 19.9, 90th(ms): 30.4, 95th(ms): 33.6, 99th(ms): 79.7, 99.9th(ms): 176.2, Max(ms): 176.2
[Current] PAYMENT - Takes(s): 10.0, Count: 1707, TPM: 10248.8, Sum(ms): 47529.6, Avg(ms): 27.9, 50th(ms): 27.3, 90th(ms): 37.7, 95th(ms): 41.9, 99th(ms): 60.8, 99.9th(ms): 176.2, Max(ms): 184.5
[Current] STOCK_LEVEL - Takes(s): 10.0, Count: 163, TPM: 981.1, Sum(ms): 4637.4, Avg(ms): 28.5, 50th(ms): 26.2, 90th(ms): 35.7, 95th(ms): 37.7, 99th(ms): 62.9, 99.9th(ms): 285.2, Max(ms): 285.2
[Current] DELIVERY - Takes(s): 9.7, Count: 187, TPM: 1159.0, Sum(ms): 24105.0, Avg(ms): 128.9, 50th(ms): 121.6, 90th(ms): 159.4, 95th(ms): 209.7, 99th(ms): 268.4, 99.9th(ms): 352.3, Max(ms): 352.3
[Current] NEW_ORDER - Takes(s): 10.0, Count: 1772, TPM: 10635.8, Sum(ms): 78360.7, Avg(ms): 44.2, 50th(ms): 44.0, 90th(ms): 58.7, 95th(ms): 62.9, 99th(ms): 109.1, 99.9th(ms): 142.6, Max(ms): 167.8
[Current] ORDER_STATUS - Takes(s): 10.0, Count: 173, TPM: 1040.2, Sum(ms): 3388.7, Avg(ms): 19.6, 50th(ms): 19.9, 90th(ms): 27.3, 95th(ms): 29.4, 99th(ms): 37.7, 99.9th(ms): 44.0, Max(ms): 44.0
[Current] PAYMENT - Takes(s): 10.0, Count: 1686, TPM: 10117.7, Sum(ms): 45685.6, Avg(ms): 27.1, 50th(ms): 26.2, 90th(ms): 35.7, 95th(ms): 37.7, 99th(ms): 67.1, 99.9th(ms): 121.6, Max(ms): 121.6
[Current] STOCK_LEVEL - Takes(s): 9.9, Count: 156, TPM: 944.2, Sum(ms): 3945.8, Avg(ms): 25.3, 50th(ms): 24.1, 90th(ms): 31.5, 95th(ms): 33.6, 99th(ms): 48.2, 99.9th(ms): 151.0, Max(ms): 151.0
[Current] DELIVERY - Takes(s): 9.9, Count: 159, TPM: 968.1, Sum(ms): 19787.9, Avg(ms): 124.7, 50th(ms): 121.6, 90th(ms): 142.6, 95th(ms): 159.4, 99th(ms): 243.3, 99.9th(ms): 318.8, Max(ms): 318.8
[Current] NEW_ORDER - Takes(s): 10.0, Count: 1922, TPM: 11534.9, Sum(ms): 80630.9, Avg(ms): 42.0, 50th(ms): 41.9, 90th(ms): 54.5, 95th(ms): 56.6, 99th(ms): 71.3, 99.9th(ms): 251.7, Max(ms): 251.7
[Current] ORDER_STATUS - Takes(s): 9.9, Count: 160, TPM: 967.6, Sum(ms): 3168.4, Avg(ms): 19.8, 50th(ms): 19.9, 90th(ms): 28.3, 95th(ms): 32.5, 99th(ms): 35.7, 99.9th(ms): 37.7, Max(ms): 37.7
[Current] PAYMENT - Takes(s): 10.0, Count: 1846, TPM: 11088.5, Sum(ms): 48231.4, Avg(ms): 26.1, 50th(ms): 25.2, 90th(ms): 33.6, 95th(ms): 35.7, 99th(ms): 46.1, 99.9th(ms): 226.5, Max(ms): 251.7
[Current] STOCK_LEVEL - Takes(s): 9.9, Count: 135, TPM: 814.8, Sum(ms): 3543.6, Avg(ms): 26.2, 50th(ms): 24.1, 90th(ms): 37.7, 95th(ms): 41.9, 99th(ms): 71.3, 99.9th(ms): 117.4, Max(ms): 117.4
[Current] DELIVERY - Takes(s): 10.0, Count: 183, TPM: 1101.3, Sum(ms): 22008.6, Avg(ms): 120.3, 50th(ms): 117.4, 90th(ms): 142.6, 95th(ms): 159.4, 99th(ms): 285.2, 99.9th(ms): 335.5, Max(ms): 335.5
[Current] NEW_ORDER - Takes(s): 10.0, Count: 1922, TPM: 11532.6, Sum(ms): 80513.9, Avg(ms): 41.9, 50th(ms): 41.9, 90th(ms): 52.4, 95th(ms): 58.7, 99th(ms): 104.9, 99.9th(ms): 209.7, Max(ms): 209.7
[Current] ORDER_STATUS - Takes(s): 10.0, Count: 175, TPM: 1055.2, Sum(ms): 3339.4, Avg(ms): 19.1, 50th(ms): 17.8, 90th(ms): 26.2, 95th(ms): 32.5, 99th(ms): 41.9, 99.9th(ms): 50.3, Max(ms): 50.3
[Current] PAYMENT - Takes(s): 10.0, Count: 1802, TPM: 10811.9, Sum(ms): 45614.0, Avg(ms): 25.3, 50th(ms): 24.1, 90th(ms): 32.5, 95th(ms): 35.7, 99th(ms): 62.9, 99.9th(ms): 100.7, Max(ms): 121.6
[Current] STOCK_LEVEL - Takes(s): 9.8, Count: 157, TPM: 965.2, Sum(ms): 3802.7, Avg(ms): 24.2, 50th(ms): 23.1, 90th(ms): 31.5, 95th(ms): 35.7, 99th(ms): 41.9, 99.9th(ms): 71.3, Max(ms): 71.3
[Current] DELIVERY - Takes(s): 10.0, Count: 173, TPM: 1038.7, Sum(ms): 20186.7, Avg(ms): 116.6, 50th(ms): 113.2, 90th(ms): 134.2, 95th(ms): 151.0, 99th(ms): 218.1, 99.9th(ms): 268.4, Max(ms): 268.4
[Current] NEW_ORDER - Takes(s): 10.0, Count: 1984, TPM: 11904.5, Sum(ms): 80992.3, Avg(ms): 40.8, 50th(ms): 39.8, 90th(ms): 52.4, 95th(ms): 56.6, 99th(ms): 79.7, 99.9th(ms): 125.8, Max(ms): 142.6
[Current] ORDER_STATUS - Takes(s): 10.0, Count: 179, TPM: 1077.7, Sum(ms): 3372.8, Avg(ms): 18.9, 50th(ms): 17.8, 90th(ms): 26.2, 95th(ms): 31.5, 99th(ms): 39.8, 99.9th(ms): 54.5, Max(ms): 54.5
[Current] PAYMENT - Takes(s): 10.0, Count: 1858, TPM: 11200.5, Sum(ms): 46897.2, Avg(ms): 25.3, 50th(ms): 24.1, 90th(ms): 32.5, 95th(ms): 37.7, 99th(ms): 52.4, 99.9th(ms): 104.9, Max(ms): 109.1
[Current] STOCK_LEVEL - Takes(s): 9.9, Count: 174, TPM: 1049.6, Sum(ms): 4205.0, Avg(ms): 24.2, 50th(ms): 24.1, 90th(ms): 30.4, 95th(ms): 32.5, 99th(ms): 41.9, 99.9th(ms): 41.9, Max(ms): 41.9
[Current] DELIVERY - Takes(s): 10.0, Count: 172, TPM: 1032.1, Sum(ms): 20313.9, Avg(ms): 118.2, 50th(ms): 117.4, 90th(ms): 142.6, 95th(ms): 151.0, 99th(ms): 218.1, 99.9th(ms): 251.7, Max(ms): 251.7
[Current] NEW_ORDER - Takes(s): 10.0, Count: 1925, TPM: 11557.4, Sum(ms): 81284.3, Avg(ms): 42.3, 50th(ms): 41.9, 90th(ms): 54.5, 95th(ms): 58.7, 99th(ms): 83.9, 99.9th(ms): 130.0, Max(ms): 134.2
[Current] ORDER_STATUS - Takes(s): 9.9, Count: 155, TPM: 935.5, Sum(ms): 2907.8, Avg(ms): 18.8, 50th(ms): 18.9, 90th(ms): 25.2, 95th(ms): 30.4, 99th(ms): 37.7, 99.9th(ms): 39.8, Max(ms): 39.8
[Current] PAYMENT - Takes(s): 10.0, Count: 1798, TPM: 10790.7, Sum(ms): 47004.9, Avg(ms): 26.2, 50th(ms): 25.2, 90th(ms): 35.7, 95th(ms): 39.8, 99th(ms): 52.4, 99.9th(ms): 109.1, Max(ms): 109.1
[Current] STOCK_LEVEL - Takes(s): 10.0, Count: 157, TPM: 943.1, Sum(ms): 4063.5, Avg(ms): 25.9, 50th(ms): 24.1, 90th(ms): 35.7, 95th(ms): 41.9, 99th(ms): 48.2, 99.9th(ms): 58.7, Max(ms): 58.7
Finished
[Summary] DELIVERY - Takes(s): 599.8, Count: 9930, TPM: 993.4, Sum(ms): 1212321.9, Avg(ms): 122.1, 50th(ms): 117.4, 90th(ms): 151.0, 95th(ms): 167.8, 99th(ms): 251.7, 99.9th(ms): 335.5, Max(ms): 453.0
[Summary] NEW_ORDER - Takes(s): 599.9, Count: 111540, TPM: 11156.1, Sum(ms): 4795723.3, Avg(ms): 43.0, 50th(ms): 41.9, 90th(ms): 56.6, 95th(ms): 62.9, 99th(ms): 96.5, 99.9th(ms): 184.5, Max(ms): 604.0
[Summary] ORDER_STATUS - Takes(s): 599.8, Count: 10127, TPM: 1013.0, Sum(ms): 198995.5, Avg(ms): 19.7, 50th(ms): 18.9, 90th(ms): 28.3, 95th(ms): 33.6, 99th(ms): 46.1, 99.9th(ms): 96.5, Max(ms): 260.0
[Summary] PAYMENT - Takes(s): 599.9, Count: 107098, TPM: 10711.3, Sum(ms): 2868244.1, Avg(ms): 26.8, 50th(ms): 25.2, 90th(ms): 35.7, 95th(ms): 41.9, 99th(ms): 65.0, 99.9th(ms): 130.0, Max(ms): 604.0
[Summary] STOCK_LEVEL - Takes(s): 599.9, Count: 9991, TPM: 999.3, Sum(ms): 256049.1, Avg(ms): 25.6, 50th(ms): 23.1, 90th(ms): 35.7, 95th(ms): 44.0, 99th(ms): 83.9, 99.9th(ms): 201.3, Max(ms): 402.7
tpmC: 11156.0, tpmTotal: 24873.0, efficiency: 677.7%
