2026/04/27 15:07:00 maxprocs: Leaving GOMAXPROCS=4: CPU quota undefined
[Current] DELIVERY - Takes(s): 8.0, Count: 144, TPM: 1082.8, Sum(ms): 146141.0, Avg(ms): 1014.8, 50th(ms): 939.5, 90th(ms): 1476.4, 95th(ms): 1610.6, 99th(ms): 1811.9, 99.9th(ms): 1811.9, Max(ms): 1811.9
[Current] NEW_ORDER - Takes(s): 8.8, Count: 1567, TPM: 10646.2, Sum(ms): 557064.7, Avg(ms): 355.6, 50th(ms): 335.5, 90th(ms): 503.3, 95th(ms): 570.4, 99th(ms): 704.6, 99.9th(ms): 906.0, Max(ms): 973.1
[Current] ORDER_STATUS - Takes(s): 9.0, Count: 142, TPM: 946.0, Sum(ms): 21210.9, Avg(ms): 149.8, 50th(ms): 142.6, 90th(ms): 209.7, 95th(ms): 251.7, 99th(ms): 318.8, 99.9th(ms): 352.3, Max(ms): 352.3
[Current] PAYMENT - Takes(s): 9.0, Count: 1477, TPM: 9900.0, Sum(ms): 358708.0, Avg(ms): 242.9, 50th(ms): 218.1, 90th(ms): 385.9, 95th(ms): 436.2, 99th(ms): 570.4, 99.9th(ms): 738.2, Max(ms): 939.5
[Current] STOCK_LEVEL - Takes(s): 9.0, Count: 138, TPM: 923.0, Sum(ms): 16535.5, Avg(ms): 119.8, 50th(ms): 113.2, 90th(ms): 176.2, 95th(ms): 201.3, 99th(ms): 226.5, 99.9th(ms): 234.9, Max(ms): 234.9
[Current] DELIVERY - Takes(s): 10.0, Count: 187, TPM: 1126.1, Sum(ms): 193609.3, Avg(ms): 1035.5, 50th(ms): 939.5, 90th(ms): 1409.3, 95th(ms): 1744.8, 99th(ms): 2415.9, 99.9th(ms): 2952.8, Max(ms): 2952.8
[Current] NEW_ORDER - Takes(s): 10.0, Count: 1916, TPM: 11504.0, Sum(ms): 632948.6, Avg(ms): 330.4, 50th(ms): 318.8, 90th(ms): 469.8, 95th(ms): 570.4, 99th(ms): 771.8, 99.9th(ms): 939.5, Max(ms): 1208.0
[Current] ORDER_STATUS - Takes(s): 9.8, Count: 189, TPM: 1156.9, Sum(ms): 24156.7, Avg(ms): 127.7, 50th(ms): 125.8, 90th(ms): 167.8, 95th(ms): 201.3, 99th(ms): 260.0, 99.9th(ms): 285.2, Max(ms): 285.2
[Current] PAYMENT - Takes(s): 10.0, Count: 1713, TPM: 10284.3, Sum(ms): 380964.1, Avg(ms): 222.4, 50th(ms): 201.3, 90th(ms): 352.3, 95th(ms): 402.7, 99th(ms): 637.5, 99.9th(ms): 738.2, Max(ms): 872.4
[Current] STOCK_LEVEL - Takes(s): 9.9, Count: 163, TPM: 988.8, Sum(ms): 19393.0, Avg(ms): 119.0, 50th(ms): 104.9, 90th(ms): 167.8, 95th(ms): 192.9, 99th(ms): 453.0, 99.9th(ms): 570.4, Max(ms): 570.4
[Current] DELIVERY - Takes(s): 10.0, Count: 182, TPM: 1093.4, Sum(ms): 179017.5, Avg(ms): 980.7, 50th(ms): 838.9, 90th(ms): 1409.3, 95th(ms): 1744.8, 99th(ms): 2013.3, 99.9th(ms): 2281.7, Max(ms): 2281.7
[Current] NEW_ORDER - Takes(s): 10.0, Count: 2019, TPM: 12138.8, Sum(ms): 625895.6, Avg(ms): 310.1, 50th(ms): 302.0, 90th(ms): 419.4, 95th(ms): 503.3, 99th(ms): 604.0, 99.9th(ms): 805.3, Max(ms): 1040.2
[Current] ORDER_STATUS - Takes(s): 9.9, Count: 184, TPM: 1110.8, Sum(ms): 23859.9, Avg(ms): 129.6, 50th(ms): 125.8, 90th(ms): 176.2, 95th(ms): 218.1, 99th(ms): 260.0, 99.9th(ms): 285.2, Max(ms): 285.2
[Current] PAYMENT - Takes(s): 10.0, Count: 1931, TPM: 11612.5, Sum(ms): 400987.4, Avg(ms): 207.7, 50th(ms): 184.5, 90th(ms): 318.8, 95th(ms): 369.1, 99th(ms): 503.3, 99.9th(ms): 637.5, Max(ms): 872.4
[Current] STOCK_LEVEL - Takes(s): 10.0, Count: 196, TPM: 1179.3, Sum(ms): 21347.3, Avg(ms): 109.0, 50th(ms): 100.7, 90th(ms): 159.4, 95th(ms): 192.9, 99th(ms): 218.1, 99.9th(ms): 243.3, Max(ms): 243.3
[Current] DELIVERY - Takes(s): 9.9, Count: 178, TPM: 1076.9, Sum(ms): 171666.0, Avg(ms): 965.5, 50th(ms): 838.9, 90th(ms): 1476.4, 95th(ms): 1811.9, 99th(ms): 2080.4, 99.9th(ms): 2550.1, Max(ms): 2550.1
[Current] NEW_ORDER - Takes(s): 10.0, Count: 2063, TPM: 12380.0, Sum(ms): 650311.3, Avg(ms): 315.3, 50th(ms): 302.0, 90th(ms): 453.0, 95th(ms): 520.1, 99th(ms): 771.8, 99.9th(ms): 906.0, Max(ms): 939.5
[Current] ORDER_STATUS - Takes(s): 9.9, Count: 175, TPM: 1062.0, Sum(ms): 22448.9, Avg(ms): 128.5, 50th(ms): 121.6, 90th(ms): 192.9, 95th(ms): 218.1, 99th(ms): 268.4, 99.9th(ms): 570.4, Max(ms): 570.4
[Current] PAYMENT - Takes(s): 10.0, Count: 1940, TPM: 11652.3, Sum(ms): 412657.0, Avg(ms): 212.7, 50th(ms): 184.5, 90th(ms): 318.8, 95th(ms): 385.9, 99th(ms): 637.5, 99.9th(ms): 805.3, Max(ms): 939.5
[Current] STOCK_LEVEL - Takes(s): 9.9, Count: 170, TPM: 1026.6, Sum(ms): 17902.3, Avg(ms): 105.4, 50th(ms): 96.5, 90th(ms): 142.6, 95th(ms): 167.8, 99th(ms): 192.9, 99.9th(ms): 469.8, Max(ms): 469.8
[Current] DELIVERY - Takes(s): 10.0, Count: 192, TPM: 1155.2, Sum(ms): 177635.4, Avg(ms): 926.3, 50th(ms): 805.3, 90th(ms): 1342.2, 95th(ms): 1543.5, 99th(ms): 2013.3, 99.9th(ms): 2415.9, Max(ms): 2415.9
[Current] NEW_ORDER - Takes(s): 10.0, Count: 2091, TPM: 12551.5, Sum(ms): 645101.1, Avg(ms): 308.8, 50th(ms): 302.0, 90th(ms): 436.2, 95th(ms): 486.5, 99th(ms): 604.0, 99.9th(ms): 771.8, Max(ms): 872.4
[Current] ORDER_STATUS - Takes(s): 10.0, Count: 170, TPM: 1024.6, Sum(ms): 21832.6, Avg(ms): 128.6, 50th(ms): 125.8, 90th(ms): 176.2, 95th(ms): 218.1, 99th(ms): 260.0, 99.9th(ms): 285.2, Max(ms): 285.2
[Current] PAYMENT - Takes(s): 10.0, Count: 1881, TPM: 11291.9, Sum(ms): 386761.8, Avg(ms): 205.6, 50th(ms): 184.5, 90th(ms): 318.8, 95th(ms): 352.3, 99th(ms): 453.0, 99.9th(ms): 604.0, Max(ms): 771.8
[Current] STOCK_LEVEL - Takes(s): 10.0, Count: 163, TPM: 981.7, Sum(ms): 16947.4, Avg(ms): 104.0, 50th(ms): 96.5, 90th(ms): 151.0, 95th(ms): 167.8, 99th(ms): 176.2, 99.9th(ms): 192.9, Max(ms): 192.9
[Current] DELIVERY - Takes(s): 9.9, Count: 168, TPM: 1021.1, Sum(ms): 170198.7, Avg(ms): 1012.7, 50th(ms): 872.4, 90th(ms): 1409.3, 95th(ms): 1677.7, 99th(ms): 2415.9, 99.9th(ms): 2952.8, Max(ms): 2952.8
[Current] NEW_ORDER - Takes(s): 10.0, Count: 1924, TPM: 11554.6, Sum(ms): 629192.6, Avg(ms): 327.3, 50th(ms): 318.8, 90th(ms): 469.8, 95th(ms): 536.9, 99th(ms): 671.1, 99.9th(ms): 1208.0, Max(ms): 1342.2
[Current] ORDER_STATUS - Takes(s): 9.9, Count: 168, TPM: 1015.7, Sum(ms): 23055.6, Avg(ms): 137.0, 50th(ms): 125.8, 90th(ms): 226.5, 95th(ms): 251.7, 99th(ms): 285.2, 99.9th(ms): 335.5, Max(ms): 335.5
[Current] PAYMENT - Takes(s): 10.0, Count: 1891, TPM: 11348.6, Sum(ms): 420902.7, Avg(ms): 222.6, 50th(ms): 192.9, 90th(ms): 352.3, 95th(ms): 419.4, 99th(ms): 604.0, 99.9th(ms): 838.9, Max(ms): 838.9
[Current] STOCK_LEVEL - Takes(s): 9.9, Count: 168, TPM: 1016.3, Sum(ms): 17206.9, Avg(ms): 102.3, 50th(ms): 96.5, 90th(ms): 134.2, 95th(ms): 167.8, 99th(ms): 192.9, 99.9th(ms): 243.3, Max(ms): 243.3
[Current] DELIVERY - Takes(s): 9.9, Count: 182, TPM: 1103.2, Sum(ms): 172924.8, Avg(ms): 950.5, 50th(ms): 838.9, 90th(ms): 1409.3, 95th(ms): 1543.5, 99th(ms): 1811.9, 99.9th(ms): 2013.3, Max(ms): 2013.3
[Current] NEW_ORDER - Takes(s): 10.0, Count: 1965, TPM: 11798.9, Sum(ms): 617550.4, Avg(ms): 314.3, 50th(ms): 302.0, 90th(ms): 453.0, 95th(ms): 536.9, 99th(ms): 637.5, 99.9th(ms): 771.8, Max(ms): 939.5
[Current] ORDER_STATUS - Takes(s): 10.0, Count: 180, TPM: 1080.7, Sum(ms): 22280.4, Avg(ms): 123.8, 50th(ms): 117.4, 90th(ms): 159.4, 95th(ms): 201.3, 99th(ms): 268.4, 99.9th(ms): 318.8, Max(ms): 318.8
[Current] PAYMENT - Takes(s): 10.0, Count: 1889, TPM: 11339.4, Sum(ms): 407065.2, Avg(ms): 215.6, 50th(ms): 192.9, 90th(ms): 335.5, 95th(ms): 385.9, 99th(ms): 520.1, 99.9th(ms): 771.8, Max(ms): 939.5
[Current] STOCK_LEVEL - Takes(s): 10.0, Count: 165, TPM: 994.6, Sum(ms): 16379.5, Avg(ms): 99.1, 50th(ms): 96.5, 90th(ms): 142.6, 95th(ms): 159.4, 99th(ms): 192.9, 99.9th(ms): 234.9, Max(ms): 234.9
[Current] DELIVERY - Takes(s): 9.9, Count: 175, TPM: 1060.6, Sum(ms): 174711.9, Avg(ms): 997.1, 50th(ms): 872.4, 90th(ms): 1476.4, 95th(ms): 1543.5, 99th(ms): 2080.4, 99.9th(ms): 2415.9, Max(ms): 2415.9
[Current] NEW_ORDER - Takes(s): 10.0, Count: 1995, TPM: 12027.4, Sum(ms): 629785.5, Avg(ms): 315.9, 50th(ms): 302.0, 90th(ms): 453.0, 95th(ms): 520.1, 99th(ms): 738.2, 99.9th(ms): 1006.6, Max(ms): 1040.2
[Current] ORDER_STATUS - Takes(s): 9.8, Count: 179, TPM: 1093.0, Sum(ms): 22813.9, Avg(ms): 127.4, 50th(ms): 125.8, 90th(ms): 167.8, 95th(ms): 209.7, 99th(ms): 268.4, 99.9th(ms): 352.3, Max(ms): 352.3
[Current] PAYMENT - Takes(s): 10.0, Count: 1874, TPM: 11296.7, Sum(ms): 412243.5, Avg(ms): 220.1, 50th(ms): 184.5, 90th(ms): 335.5, 95th(ms): 402.7, 99th(ms): 771.8, 99.9th(ms): 906.0, Max(ms): 1040.2
[Current] STOCK_LEVEL - Takes(s): 10.0, Count: 184, TPM: 1104.1, Sum(ms): 19282.1, Avg(ms): 104.7, 50th(ms): 96.5, 90th(ms): 125.8, 95th(ms): 167.8, 99th(ms): 234.9, 99.9th(ms): 671.1, Max(ms): 671.1
[Current] DELIVERY - Takes(s): 9.8, Count: 146, TPM: 889.4, Sum(ms): 160601.4, Avg(ms): 1100.3, 50th(ms): 872.4, 90th(ms): 1744.8, 95th(ms): 2684.4, 99th(ms): 3489.7, 99.9th(ms): 4026.5, Max(ms): 4026.5
[Current] NEW_ORDER - Takes(s): 10.0, Count: 1856, TPM: 11141.1, Sum(ms): 635499.9, Avg(ms): 342.4, 50th(ms): 302.0, 90th(ms): 503.3, 95th(ms): 604.0, 99th(ms): 1409.3, 99.9th(ms): 1677.7, Max(ms): 1744.8
[Current] ORDER_STATUS - Takes(s): 10.0, Count: 164, TPM: 988.6, Sum(ms): 21056.9, Avg(ms): 128.3, 50th(ms): 121.6, 90th(ms): 184.5, 95th(ms): 234.9, 99th(ms): 285.2, 99.9th(ms): 453.0, Max(ms): 453.0
[Current] PAYMENT - Takes(s): 10.0, Count: 1784, TPM: 10709.9, Sum(ms): 437285.9, Avg(ms): 245.2, 50th(ms): 192.9, 90th(ms): 369.1, 95th(ms): 486.5, 99th(ms): 1208.0, 99.9th(ms): 1677.7, Max(ms): 1811.9
[Current] STOCK_LEVEL - Takes(s): 9.9, Count: 164, TPM: 989.6, Sum(ms): 18681.4, Avg(ms): 113.7, 50th(ms): 96.5, 90th(ms): 167.8, 95th(ms): 184.5, 99th(ms): 335.5, 99.9th(ms): 838.9, Max(ms): 838.9
[Current] DELIVERY - Takes(s): 9.6, Count: 151, TPM: 945.1, Sum(ms): 147954.7, Avg(ms): 980.4, 50th(ms): 838.9, 90th(ms): 1476.4, 95th(ms): 1610.6, 99th(ms): 2013.3, 99.9th(ms): 2281.7, Max(ms): 2281.7
[Current] NEW_ORDER - Takes(s): 10.0, Count: 2000, TPM: 12006.9, Sum(ms): 642609.5, Avg(ms): 321.5, 50th(ms): 302.0, 90th(ms): 469.8, 95th(ms): 536.9, 99th(ms): 771.8, 99.9th(ms): 939.5, Max(ms): 1073.7
[Current] ORDER_STATUS - Takes(s): 10.0, Count: 171, TPM: 1028.4, Sum(ms): 23201.9, Avg(ms): 135.9, 50th(ms): 125.8, 90th(ms): 184.5, 95th(ms): 251.7, 99th(ms): 385.9, 99.9th(ms): 637.5, Max(ms): 637.5
[Current] PAYMENT - Takes(s): 10.0, Count: 1901, TPM: 11412.5, Sum(ms): 413433.1, Avg(ms): 217.5, 50th(ms): 184.5, 90th(ms): 335.5, 95th(ms): 419.4, 99th(ms): 671.1, 99.9th(ms): 939.5, Max(ms): 973.1
[Current] STOCK_LEVEL - Takes(s): 10.0, Count: 178, TPM: 1073.0, Sum(ms): 18668.7, Avg(ms): 104.8, 50th(ms): 96.5, 90th(ms): 151.0, 95th(ms): 176.2, 99th(ms): 201.3, 99.9th(ms): 335.5, Max(ms): 335.5
[Current] DELIVERY - Takes(s): 9.8, Count: 185, TPM: 1129.1, Sum(ms): 173186.5, Avg(ms): 937.6, 50th(ms): 838.9, 90th(ms): 1342.2, 95th(ms): 1409.3, 99th(ms): 2147.5, 99.9th(ms): 2818.6, Max(ms): 2818.6
[Current] NEW_ORDER - Takes(s): 10.0, Count: 2012, TPM: 12073.0, Sum(ms): 619144.9, Avg(ms): 307.6, 50th(ms): 302.0, 90th(ms): 436.2, 95th(ms): 503.3, 99th(ms): 570.4, 99.9th(ms): 805.3, Max(ms): 1140.9
[Current] ORDER_STATUS - Takes(s): 10.0, Count: 175, TPM: 1054.0, Sum(ms): 22022.4, Avg(ms): 126.0, 50th(ms): 125.8, 90th(ms): 167.8, 95th(ms): 209.7, 99th(ms): 251.7, 99.9th(ms): 260.0, Max(ms): 260.0
[Current] PAYMENT - Takes(s): 10.0, Count: 1991, TPM: 11946.9, Sum(ms): 422694.1, Avg(ms): 212.2, 50th(ms): 184.5, 90th(ms): 335.5, 95th(ms): 385.9, 99th(ms): 570.4, 99.9th(ms): 738.2, Max(ms): 805.3
[Current] STOCK_LEVEL - Takes(s): 9.9, Count: 162, TPM: 980.4, Sum(ms): 16283.9, Avg(ms): 100.4, 50th(ms): 96.5, 90th(ms): 134.2, 95th(ms): 167.8, 99th(ms): 184.5, 99.9th(ms): 260.0, Max(ms): 260.0
[Current] DELIVERY - Takes(s): 9.9, Count: 171, TPM: 1032.9, Sum(ms): 173416.1, Avg(ms): 1013.6, 50th(ms): 872.4, 90th(ms): 1409.3, 95th(ms): 1610.6, 99th(ms): 2281.7, 99.9th(ms): 4026.5, Max(ms): 4026.5
[Current] NEW_ORDER - Takes(s): 10.0, Count: 1958, TPM: 11749.4, Sum(ms): 634888.3, Avg(ms): 324.6, 50th(ms): 302.0, 90th(ms): 469.8, 95th(ms): 520.1, 99th(ms): 604.0, 99.9th(ms): 771.8, Max(ms): 1006.6
[Current] ORDER_STATUS - Takes(s): 10.0, Count: 153, TPM: 918.9, Sum(ms): 19990.5, Avg(ms): 130.7, 50th(ms): 125.8, 90th(ms): 184.5, 95th(ms): 226.5, 99th(ms): 243.3, 99.9th(ms): 285.2, Max(ms): 285.2
[Current] PAYMENT - Takes(s): 10.0, Count: 1867, TPM: 11204.0, Sum(ms): 413559.1, Avg(ms): 221.6, 50th(ms): 192.9, 90th(ms): 335.5, 95th(ms): 402.7, 99th(ms): 536.9, 99.9th(ms): 771.8, Max(ms): 1006.6
[Current] STOCK_LEVEL - Takes(s): 10.0, Count: 164, TPM: 988.6, Sum(ms): 17764.3, Avg(ms): 108.2, 50th(ms): 96.5, 90th(ms): 167.8, 95th(ms): 192.9, 99th(ms): 218.1, 99.9th(ms): 218.1, Max(ms): 218.1
[Current] DELIVERY - Takes(s): 10.0, Count: 196, TPM: 1180.3, Sum(ms): 188803.1, Avg(ms): 964.4, 50th(ms): 872.4, 90th(ms): 1342.2, 95th(ms): 1476.4, 99th(ms): 2013.3, 99.9th(ms): 2415.9, Max(ms): 2415.9
[Current] NEW_ORDER - Takes(s): 10.0, Count: 2008, TPM: 12060.0, Sum(ms): 625337.9, Avg(ms): 311.7, 50th(ms): 302.0, 90th(ms): 419.4, 95th(ms): 486.5, 99th(ms): 604.0, 99.9th(ms): 838.9, Max(ms): 1006.6
[Current] ORDER_STATUS - Takes(s): 10.0, Count: 168, TPM: 1011.2, Sum(ms): 21576.1, Avg(ms): 128.3, 50th(ms): 125.8, 90th(ms): 167.8, 95th(ms): 226.5, 99th(ms): 260.0, 99.9th(ms): 268.4, Max(ms): 268.4
[Current] PAYMENT - Takes(s): 10.0, Count: 1899, TPM: 11394.2, Sum(ms): 398690.9, Avg(ms): 210.0, 50th(ms): 192.9, 90th(ms): 318.8, 95th(ms): 369.1, 99th(ms): 503.3, 99.9th(ms): 671.1, Max(ms): 906.0
[Current] STOCK_LEVEL - Takes(s): 10.0, Count: 184, TPM: 1105.7, Sum(ms): 18519.0, Avg(ms): 100.4, 50th(ms): 96.5, 90th(ms): 130.0, 95th(ms): 159.4, 99th(ms): 184.5, 99.9th(ms): 218.1, Max(ms): 218.1
[Current] DELIVERY - Takes(s): 10.0, Count: 161, TPM: 970.6, Sum(ms): 162347.3, Avg(ms): 1008.9, 50th(ms): 906.0, 90th(ms): 1409.3, 95th(ms): 1543.5, 99th(ms): 1610.6, 99.9th(ms): 1946.2, Max(ms): 1946.2
[Current] NEW_ORDER - Takes(s): 10.0, Count: 1927, TPM: 11562.4, Sum(ms): 638088.9, Avg(ms): 331.4, 50th(ms): 318.8, 90th(ms): 486.5, 95th(ms): 570.4, 99th(ms): 671.1, 99.9th(ms): 872.4, Max(ms): 939.5
[Current] ORDER_STATUS - Takes(s): 10.0, Count: 175, TPM: 1052.0, Sum(ms): 24272.6, Avg(ms): 138.9, 50th(ms): 130.0, 90th(ms): 209.7, 95th(ms): 243.3, 99th(ms): 285.2, 99.9th(ms): 352.3, Max(ms): 352.3
[Current] PAYMENT - Takes(s): 10.0, Count: 1794, TPM: 10770.7, Sum(ms): 394026.9, Avg(ms): 219.7, 50th(ms): 192.9, 90th(ms): 352.3, 95th(ms): 385.9, 99th(ms): 570.4, 99.9th(ms): 738.2, Max(ms): 805.3
[Current] STOCK_LEVEL - Takes(s): 10.0, Count: 171, TPM: 1028.5, Sum(ms): 17538.3, Avg(ms): 102.4, 50th(ms): 96.5, 90th(ms): 151.0, 95th(ms): 176.2, 99th(ms): 192.9, 99.9th(ms): 234.9, Max(ms): 234.9
[Current] DELIVERY - Takes(s): 9.9, Count: 159, TPM: 968.0, Sum(ms): 155991.3, Avg(ms): 981.0, 50th(ms): 872.4, 90th(ms): 1543.5, 95th(ms): 1744.8, 99th(ms): 1946.2, 99.9th(ms): 2281.7, Max(ms): 2281.7
[Current] NEW_ORDER - Takes(s): 10.0, Count: 1965, TPM: 11792.2, Sum(ms): 630989.6, Avg(ms): 321.1, 50th(ms): 302.0, 90th(ms): 453.0, 95th(ms): 536.9, 99th(ms): 838.9, 99.9th(ms): 1073.7, Max(ms): 1409.3
[Current] ORDER_STATUS - Takes(s): 9.7, Count: 149, TPM: 925.5, Sum(ms): 19398.0, Avg(ms): 130.4, 50th(ms): 125.8, 90th(ms): 167.8, 95th(ms): 226.5, 99th(ms): 302.0, 99.9th(ms): 704.6, Max(ms): 704.6
[Current] PAYMENT - Takes(s): 10.0, Count: 2000, TPM: 12007.5, Sum(ms): 447843.4, Avg(ms): 224.0, 50th(ms): 192.9, 90th(ms): 352.3, 95th(ms): 436.2, 99th(ms): 771.8, 99.9th(ms): 973.1, Max(ms): 1040.2
[Current] STOCK_LEVEL - Takes(s): 9.8, Count: 183, TPM: 1117.4, Sum(ms): 19144.2, Avg(ms): 104.5, 50th(ms): 92.3, 90th(ms): 142.6, 95th(ms): 176.2, 99th(ms): 209.7, 99.9th(ms): 604.0, Max(ms): 604.0
[Current] DELIVERY - Takes(s): 10.0, Count: 201, TPM: 1207.7, Sum(ms): 199861.4, Avg(ms): 993.5, 50th(ms): 838.9, 90th(ms): 1543.5, 95th(ms): 1879.0, 99th(ms): 2684.4, 99.9th(ms): 3087.0, Max(ms): 3087.0
[Current] NEW_ORDER - Takes(s): 10.0, Count: 1991, TPM: 11964.2, Sum(ms): 617708.6, Avg(ms): 310.4, 50th(ms): 285.2, 90th(ms): 453.0, 95th(ms): 536.9, 99th(ms): 805.3, 99.9th(ms): 906.0, Max(ms): 939.5
[Current] ORDER_STATUS - Takes(s): 10.0, Count: 175, TPM: 1054.6, Sum(ms): 23268.5, Avg(ms): 133.1, 50th(ms): 125.8, 90th(ms): 176.2, 95th(ms): 234.9, 99th(ms): 486.5, 99.9th(ms): 570.4, Max(ms): 570.4
[Current] PAYMENT - Takes(s): 10.0, Count: 1874, TPM: 11247.8, Sum(ms): 399187.1, Avg(ms): 213.1, 50th(ms): 184.5, 90th(ms): 335.5, 95th(ms): 402.7, 99th(ms): 637.5, 99.9th(ms): 872.4, Max(ms): 1040.2
[Current] STOCK_LEVEL - Takes(s): 10.0, Count: 172, TPM: 1034.5, Sum(ms): 16727.5, Avg(ms): 97.2, 50th(ms): 92.3, 90th(ms): 121.6, 95th(ms): 167.8, 99th(ms): 201.3, 99.9th(ms): 285.2, Max(ms): 285.2
[Current] DELIVERY - Takes(s): 10.0, Count: 170, TPM: 1020.4, Sum(ms): 150908.1, Avg(ms): 887.3, 50th(ms): 805.3, 90th(ms): 1275.1, 95th(ms): 1409.3, 99th(ms): 1677.7, 99.9th(ms): 2281.7, Max(ms): 2281.7
[Current] NEW_ORDER - Takes(s): 10.0, Count: 2169, TPM: 13020.9, Sum(ms): 648293.7, Avg(ms): 299.0, 50th(ms): 285.2, 90th(ms): 436.2, 95th(ms): 486.5, 99th(ms): 570.4, 99.9th(ms): 704.6, Max(ms): 872.4
[Current] ORDER_STATUS - Takes(s): 10.0, Count: 173, TPM: 1042.4, Sum(ms): 20547.6, Avg(ms): 118.6, 50th(ms): 113.2, 90th(ms): 159.4, 95th(ms): 192.9, 99th(ms): 243.3, 99.9th(ms): 260.0, Max(ms): 260.0
[Current] PAYMENT - Takes(s): 10.0, Count: 2030, TPM: 12180.6, Sum(ms): 407330.5, Avg(ms): 200.6, 50th(ms): 176.2, 90th(ms): 318.8, 95th(ms): 352.3, 99th(ms): 503.3, 99.9th(ms): 872.4, Max(ms): 1140.9
[Current] STOCK_LEVEL - Takes(s): 9.9, Count: 180, TPM: 1085.8, Sum(ms): 17600.7, Avg(ms): 97.8, 50th(ms): 92.3, 90th(ms): 113.2, 95th(ms): 167.8, 99th(ms): 226.5, 99.9th(ms): 285.2, Max(ms): 285.2
[Current] DELIVERY - Takes(s): 10.0, Count: 177, TPM: 1063.7, Sum(ms): 178566.8, Avg(ms): 1008.9, 50th(ms): 906.0, 90th(ms): 1476.4, 95th(ms): 1610.6, 99th(ms): 1811.9, 99.9th(ms): 2281.7, Max(ms): 2281.7
[Current] NEW_ORDER - Takes(s): 10.0, Count: 1970, TPM: 11839.4, Sum(ms): 645236.7, Avg(ms): 327.6, 50th(ms): 318.8, 90th(ms): 453.0, 95th(ms): 520.1, 99th(ms): 704.6, 99.9th(ms): 906.0, Max(ms): 1040.2
[Current] ORDER_STATUS - Takes(s): 9.9, Count: 194, TPM: 1179.2, Sum(ms): 25824.8, Avg(ms): 133.1, 50th(ms): 130.0, 90th(ms): 184.5, 95th(ms): 218.1, 99th(ms): 268.4, 99.9th(ms): 453.0, Max(ms): 453.0
[Current] PAYMENT - Takes(s): 10.0, Count: 1820, TPM: 10937.1, Sum(ms): 396957.4, Avg(ms): 218.4, 50th(ms): 192.9, 90th(ms): 335.5, 95th(ms): 385.9, 99th(ms): 570.4, 99.9th(ms): 704.6, Max(ms): 838.9
[Current] STOCK_LEVEL - Takes(s): 9.9, Count: 161, TPM: 977.0, Sum(ms): 17607.5, Avg(ms): 109.4, 50th(ms): 100.7, 90th(ms): 151.0, 95th(ms): 176.2, 99th(ms): 218.1, 99.9th(ms): 318.8, Max(ms): 318.8
[Current] DELIVERY - Takes(s): 10.0, Count: 160, TPM: 960.0, Sum(ms): 150214.3, Avg(ms): 939.3, 50th(ms): 872.4, 90th(ms): 1342.2, 95th(ms): 1476.4, 99th(ms): 1543.5, 99.9th(ms): 1744.8, Max(ms): 1744.8
[Current] NEW_ORDER - Takes(s): 10.0, Count: 2029, TPM: 12173.9, Sum(ms): 635225.8, Avg(ms): 313.2, 50th(ms): 302.0, 90th(ms): 419.4, 95th(ms): 520.1, 99th(ms): 637.5, 99.9th(ms): 906.0, Max(ms): 1040.2
[Current] ORDER_STATUS - Takes(s): 9.9, Count: 170, TPM: 1025.5, Sum(ms): 20781.2, Avg(ms): 122.4, 50th(ms): 121.6, 90th(ms): 159.4, 95th(ms): 184.5, 99th(ms): 243.3, 99.9th(ms): 318.8, Max(ms): 318.8
[Current] PAYMENT - Takes(s): 10.0, Count: 2011, TPM: 12066.1, Sum(ms): 427629.4, Avg(ms): 212.7, 50th(ms): 192.9, 90th(ms): 335.5, 95th(ms): 385.9, 99th(ms): 503.3, 99.9th(ms): 637.5, Max(ms): 805.3
[Current] STOCK_LEVEL - Takes(s): 9.9, Count: 167, TPM: 1007.3, Sum(ms): 17435.9, Avg(ms): 104.5, 50th(ms): 100.7, 90th(ms): 134.2, 95th(ms): 167.8, 99th(ms): 184.5, 99.9th(ms): 218.1, Max(ms): 218.1
[Current] DELIVERY - Takes(s): 9.9, Count: 168, TPM: 1021.2, Sum(ms): 160821.5, Avg(ms): 957.8, 50th(ms): 872.4, 90th(ms): 1342.2, 95th(ms): 1409.3, 99th(ms): 1610.6, 99.9th(ms): 2013.3, Max(ms): 2013.3
[Current] NEW_ORDER - Takes(s): 10.0, Count: 1990, TPM: 11940.2, Sum(ms): 638899.6, Avg(ms): 321.3, 50th(ms): 302.0, 90th(ms): 469.8, 95th(ms): 520.1, 99th(ms): 604.0, 99.9th(ms): 973.1, Max(ms): 1073.7
[Current] ORDER_STATUS - Takes(s): 9.9, Count: 159, TPM: 965.6, Sum(ms): 21798.2, Avg(ms): 137.1, 50th(ms): 125.8, 90th(ms): 209.7, 95th(ms): 243.3, 99th(ms): 285.2, 99.9th(ms): 302.0, Max(ms): 302.0
[Current] PAYMENT - Takes(s): 10.0, Count: 1886, TPM: 11325.6, Sum(ms): 416220.6, Avg(ms): 220.7, 50th(ms): 192.9, 90th(ms): 352.3, 95th(ms): 402.7, 99th(ms): 570.4, 99.9th(ms): 671.1, Max(ms): 805.3
[Current] STOCK_LEVEL - Takes(s): 9.9, Count: 165, TPM: 997.3, Sum(ms): 17238.0, Avg(ms): 104.3, 50th(ms): 100.7, 90th(ms): 151.0, 95th(ms): 167.8, 99th(ms): 184.5, 99.9th(ms): 201.3, Max(ms): 201.3
[Current] DELIVERY - Takes(s): 10.0, Count: 158, TPM: 948.0, Sum(ms): 160681.0, Avg(ms): 1019.6, 50th(ms): 872.4, 90th(ms): 1476.4, 95th(ms): 1677.7, 99th(ms): 2080.4, 99.9th(ms): 3087.0, Max(ms): 3087.0
[Current] NEW_ORDER - Takes(s): 10.0, Count: 1942, TPM: 11652.0, Sum(ms): 634723.3, Avg(ms): 327.0, 50th(ms): 302.0, 90th(ms): 469.8, 95th(ms): 536.9, 99th(ms): 872.4, 99.9th(ms): 1040.2, Max(ms): 1208.0
[Current] ORDER_STATUS - Takes(s): 10.0, Count: 169, TPM: 1014.6, Sum(ms): 21361.7, Avg(ms): 126.6, 50th(ms): 125.8, 90th(ms): 159.4, 95th(ms): 209.7, 99th(ms): 251.7, 99.9th(ms): 260.0, Max(ms): 260.0
[Current] PAYMENT - Takes(s): 10.0, Count: 1866, TPM: 11197.2, Sum(ms): 419393.8, Avg(ms): 224.6, 50th(ms): 192.9, 90th(ms): 352.3, 95th(ms): 436.2, 99th(ms): 738.2, 99.9th(ms): 906.0, Max(ms): 1073.7
[Current] STOCK_LEVEL - Takes(s): 9.9, Count: 172, TPM: 1037.7, Sum(ms): 18146.3, Avg(ms): 105.6, 50th(ms): 100.7, 90th(ms): 142.6, 95th(ms): 176.2, 99th(ms): 192.9, 99.9th(ms): 226.5, Max(ms): 226.5
[Current] DELIVERY - Takes(s): 10.0, Count: 174, TPM: 1044.2, Sum(ms): 170321.9, Avg(ms): 979.1, 50th(ms): 838.9, 90th(ms): 1476.4, 95th(ms): 1610.6, 99th(ms): 1946.2, 99.9th(ms): 2550.1, Max(ms): 2550.1
[Current] NEW_ORDER - Takes(s): 10.0, Count: 1947, TPM: 11691.6, Sum(ms): 637032.6, Avg(ms): 327.3, 50th(ms): 302.0, 90th(ms): 469.8, 95th(ms): 570.4, 99th(ms): 872.4, 99.9th(ms): 939.5, Max(ms): 1140.9
[Current] ORDER_STATUS - Takes(s): 10.0, Count: 189, TPM: 1135.7, Sum(ms): 25364.0, Avg(ms): 134.4, 50th(ms): 125.8, 90th(ms): 184.5, 95th(ms): 218.1, 99th(ms): 318.8, 99.9th(ms): 503.3, Max(ms): 503.3
[Current] PAYMENT - Takes(s): 10.0, Count: 1814, TPM: 10893.0, Sum(ms): 404400.1, Avg(ms): 223.0, 50th(ms): 192.9, 90th(ms): 352.3, 95th(ms): 419.4, 99th(ms): 671.1, 99.9th(ms): 805.3, Max(ms): 838.9
[Current] STOCK_LEVEL - Takes(s): 10.0, Count: 158, TPM: 950.5, Sum(ms): 17029.8, Avg(ms): 107.6, 50th(ms): 96.5, 90th(ms): 142.6, 95th(ms): 176.2, 99th(ms): 369.1, 99.9th(ms): 469.8, Max(ms): 469.8
[Current] DELIVERY - Takes(s): 10.0, Count: 181, TPM: 1086.8, Sum(ms): 171416.9, Avg(ms): 948.2, 50th(ms): 872.4, 90th(ms): 1342.2, 95th(ms): 1543.5, 99th(ms): 1946.2, 99.9th(ms): 2415.9, Max(ms): 2415.9
[Current] NEW_ORDER - Takes(s): 10.0, Count: 1957, TPM: 11762.1, Sum(ms): 614173.6, Avg(ms): 314.0, 50th(ms): 302.0, 90th(ms): 453.0, 95th(ms): 503.3, 99th(ms): 604.0, 99.9th(ms): 805.3, Max(ms): 1073.7
[Current] ORDER_STATUS - Takes(s): 10.0, Count: 165, TPM: 990.9, Sum(ms): 21695.3, Avg(ms): 131.6, 50th(ms): 130.0, 90th(ms): 192.9, 95th(ms): 234.9, 99th(ms): 260.0, 99.9th(ms): 302.0, Max(ms): 302.0
[Current] PAYMENT - Takes(s): 10.0, Count: 1972, TPM: 11831.8, Sum(ms): 427553.1, Avg(ms): 216.8, 50th(ms): 192.9, 90th(ms): 335.5, 95th(ms): 385.9, 99th(ms): 536.9, 99.9th(ms): 671.1, Max(ms): 838.9
[Current] STOCK_LEVEL - Takes(s): 10.0, Count: 171, TPM: 1026.2, Sum(ms): 17224.0, Avg(ms): 100.9, 50th(ms): 96.5, 90th(ms): 142.6, 95th(ms): 159.4, 99th(ms): 201.3, 99.9th(ms): 226.5, Max(ms): 226.5
[Current] DELIVERY - Takes(s): 9.9, Count: 196, TPM: 1185.7, Sum(ms): 191482.2, Avg(ms): 977.9, 50th(ms): 872.4, 90th(ms): 1409.3, 95th(ms): 1543.5, 99th(ms): 1811.9, 99.9th(ms): 2013.3, Max(ms): 2013.3
[Current] NEW_ORDER - Takes(s): 10.0, Count: 1900, TPM: 11403.1, Sum(ms): 616571.2, Avg(ms): 324.7, 50th(ms): 302.0, 90th(ms): 469.8, 95th(ms): 536.9, 99th(ms): 671.1, 99.9th(ms): 906.0, Max(ms): 939.5
[Current] ORDER_STATUS - Takes(s): 9.9, Count: 169, TPM: 1021.2, Sum(ms): 22905.6, Avg(ms): 135.6, 50th(ms): 130.0, 90th(ms): 192.9, 95th(ms): 243.3, 99th(ms): 285.2, 99.9th(ms): 385.9, Max(ms): 385.9
[Current] PAYMENT - Takes(s): 10.0, Count: 1876, TPM: 11259.6, Sum(ms): 406484.3, Avg(ms): 216.6, 50th(ms): 192.9, 90th(ms): 335.5, 95th(ms): 385.9, 99th(ms): 536.9, 99.9th(ms): 771.8, Max(ms): 973.1
[Current] STOCK_LEVEL - Takes(s): 10.0, Count: 153, TPM: 920.1, Sum(ms): 15939.9, Avg(ms): 104.1, 50th(ms): 96.5, 90th(ms): 125.8, 95th(ms): 176.2, 99th(ms): 260.0, 99.9th(ms): 318.8, Max(ms): 318.8
[Current] DELIVERY - Takes(s): 10.0, Count: 179, TPM: 1074.9, Sum(ms): 174122.5, Avg(ms): 974.8, 50th(ms): 872.4, 90th(ms): 1476.4, 95th(ms): 1610.6, 99th(ms): 2281.7, 99.9th(ms): 2684.4, Max(ms): 2684.4
[Current] NEW_ORDER - Takes(s): 10.0, Count: 1996, TPM: 11981.1, Sum(ms): 635224.8, Avg(ms): 318.4, 50th(ms): 302.0, 90th(ms): 436.2, 95th(ms): 536.9, 99th(ms): 637.5, 99.9th(ms): 805.3, Max(ms): 973.1
[Current] ORDER_STATUS - Takes(s): 9.8, Count: 177, TPM: 1079.1, Sum(ms): 22278.9, Avg(ms): 125.9, 50th(ms): 125.8, 90th(ms): 159.4, 95th(ms): 184.5, 99th(ms): 226.5, 99.9th(ms): 302.0, Max(ms): 302.0
[Current] PAYMENT - Takes(s): 10.0, Count: 1898, TPM: 11392.1, Sum(ms): 405486.8, Avg(ms): 213.6, 50th(ms): 192.9, 90th(ms): 335.5, 95th(ms): 385.9, 99th(ms): 503.3, 99.9th(ms): 805.3, Max(ms): 1006.6
[Current] STOCK_LEVEL - Takes(s): 10.0, Count: 182, TPM: 1093.5, Sum(ms): 18622.7, Avg(ms): 102.4, 50th(ms): 96.5, 90th(ms): 134.2, 95th(ms): 176.2, 99th(ms): 201.3, 99.9th(ms): 234.9, Max(ms): 234.9
[Current] DELIVERY - Takes(s): 9.9, Count: 164, TPM: 994.4, Sum(ms): 159760.8, Avg(ms): 976.6, 50th(ms): 872.4, 90th(ms): 1409.3, 95th(ms): 1543.5, 99th(ms): 2013.3, 99.9th(ms): 2281.7, Max(ms): 2281.7
[Current] NEW_ORDER - Takes(s): 10.0, Count: 1923, TPM: 11550.8, Sum(ms): 626240.6, Avg(ms): 325.7, 50th(ms): 302.0, 90th(ms): 469.8, 95th(ms): 520.1, 99th(ms): 637.5, 99.9th(ms): 872.4, Max(ms): 939.5
[Current] ORDER_STATUS - Takes(s): 10.0, Count: 150, TPM: 900.7, Sum(ms): 19942.1, Avg(ms): 133.1, 50th(ms): 130.0, 90th(ms): 184.5, 95th(ms): 218.1, 99th(ms): 251.7, 99.9th(ms): 318.8, Max(ms): 318.8
[Current] PAYMENT - Takes(s): 10.0, Count: 1886, TPM: 11340.2, Sum(ms): 421651.9, Avg(ms): 223.6, 50th(ms): 192.9, 90th(ms): 352.3, 95th(ms): 419.4, 99th(ms): 637.5, 99.9th(ms): 838.9, Max(ms): 906.0
[Current] STOCK_LEVEL - Takes(s): 10.0, Count: 170, TPM: 1023.6, Sum(ms): 16830.6, Avg(ms): 99.1, 50th(ms): 92.3, 90th(ms): 142.6, 95th(ms): 159.4, 99th(ms): 176.2, 99.9th(ms): 234.9, Max(ms): 234.9
[Current] DELIVERY - Takes(s): 10.0, Count: 182, TPM: 1095.4, Sum(ms): 182492.8, Avg(ms): 1004.2, 50th(ms): 872.4, 90th(ms): 1476.4, 95th(ms): 1879.0, 99th(ms): 2147.5, 99.9th(ms): 2281.7, Max(ms): 2281.7
[Current] NEW_ORDER - Takes(s): 10.0, Count: 1935, TPM: 11613.0, Sum(ms): 622576.0, Avg(ms): 322.1, 50th(ms): 302.0, 90th(ms): 469.8, 95th(ms): 570.4, 99th(ms): 872.4, 99.9th(ms): 1040.2, Max(ms): 1140.9
[Current] ORDER_STATUS - Takes(s): 9.9, Count: 166, TPM: 1001.1, Sum(ms): 21043.4, Avg(ms): 126.9, 50th(ms): 121.6, 90th(ms): 167.8, 95th(ms): 243.3, 99th(ms): 285.2, 99.9th(ms): 302.0, Max(ms): 302.0
[Current] PAYMENT - Takes(s): 10.0, Count: 1934, TPM: 11603.9, Sum(ms): 420302.8, Avg(ms): 217.2, 50th(ms): 184.5, 90th(ms): 352.3, 95th(ms): 402.7, 99th(ms): 671.1, 99.9th(ms): 1006.6, Max(ms): 1073.7
[Current] STOCK_LEVEL - Takes(s): 9.9, Count: 157, TPM: 953.5, Sum(ms): 15441.2, Avg(ms): 98.2, 50th(ms): 92.3, 90th(ms): 125.8, 95th(ms): 176.2, 99th(ms): 201.3, 99.9th(ms): 201.3, Max(ms): 201.3
[Current] DELIVERY - Takes(s): 10.0, Count: 185, TPM: 1114.1, Sum(ms): 187850.6, Avg(ms): 1015.5, 50th(ms): 872.4, 90th(ms): 1543.5, 95th(ms): 1811.9, 99th(ms): 2080.4, 99.9th(ms): 2147.5, Max(ms): 2147.5
[Current] NEW_ORDER - Takes(s): 10.0, Count: 1906, TPM: 11442.4, Sum(ms): 614378.4, Avg(ms): 322.4, 50th(ms): 302.0, 90th(ms): 469.8, 95th(ms): 570.4, 99th(ms): 838.9, 99.9th(ms): 973.1, Max(ms): 1040.2
[Current] ORDER_STATUS - Takes(s): 10.0, Count: 171, TPM: 1027.9, Sum(ms): 22537.1, Avg(ms): 131.8, 50th(ms): 125.8, 90th(ms): 167.8, 95th(ms): 201.3, 99th(ms): 302.0, 99.9th(ms): 604.0, Max(ms): 604.0
[Current] PAYMENT - Takes(s): 10.0, Count: 1828, TPM: 10980.3, Sum(ms): 410944.4, Avg(ms): 224.9, 50th(ms): 192.9, 90th(ms): 352.3, 95th(ms): 453.0, 99th(ms): 704.6, 99.9th(ms): 872.4, Max(ms): 973.1
[Current] STOCK_LEVEL - Takes(s): 9.9, Count: 203, TPM: 1225.3, Sum(ms): 22256.5, Avg(ms): 109.5, 50th(ms): 96.5, 90th(ms): 159.4, 95th(ms): 176.2, 99th(ms): 486.5, 99.9th(ms): 604.0, Max(ms): 604.0
[Current] DELIVERY - Takes(s): 10.0, Count: 180, TPM: 1084.0, Sum(ms): 164388.5, Avg(ms): 913.5, 50th(ms): 838.9, 90th(ms): 1342.2, 95th(ms): 1476.4, 99th(ms): 1543.5, 99.9th(ms): 1811.9, Max(ms): 1811.9
[Current] NEW_ORDER - Takes(s): 10.0, Count: 2075, TPM: 12450.1, Sum(ms): 632662.2, Avg(ms): 304.9, 50th(ms): 302.0, 90th(ms): 419.4, 95th(ms): 469.8, 99th(ms): 604.0, 99.9th(ms): 872.4, Max(ms): 939.5
[Current] ORDER_STATUS - Takes(s): 10.0, Count: 177, TPM: 1063.5, Sum(ms): 22180.7, Avg(ms): 125.3, 50th(ms): 125.8, 90th(ms): 167.8, 95th(ms): 226.5, 99th(ms): 285.2, 99.9th(ms): 302.0, Max(ms): 302.0
[Current] PAYMENT - Takes(s): 10.0, Count: 1974, TPM: 11843.9, Sum(ms): 408324.6, Avg(ms): 206.9, 50th(ms): 184.5, 90th(ms): 318.8, 95th(ms): 369.1, 99th(ms): 486.5, 99.9th(ms): 771.8, Max(ms): 872.4
[Current] STOCK_LEVEL - Takes(s): 9.9, Count: 178, TPM: 1075.2, Sum(ms): 16609.5, Avg(ms): 93.2, 50th(ms): 92.3, 90th(ms): 117.4, 95th(ms): 142.6, 99th(ms): 184.5, 99.9th(ms): 201.3, Max(ms): 201.3
[Current] DELIVERY - Takes(s): 10.0, Count: 193, TPM: 1161.3, Sum(ms): 196612.1, Avg(ms): 1017.2, 50th(ms): 906.0, 90th(ms): 1476.4, 95th(ms): 1543.5, 99th(ms): 2952.8, 99.9th(ms): 3221.2, Max(ms): 3221.2
[Current] NEW_ORDER - Takes(s): 10.0, Count: 1921, TPM: 11533.3, Sum(ms): 613729.7, Avg(ms): 319.5, 50th(ms): 302.0, 90th(ms): 469.8, 95th(ms): 503.3, 99th(ms): 604.0, 99.9th(ms): 738.2, Max(ms): 805.3
[Current] ORDER_STATUS - Takes(s): 9.9, Count: 177, TPM: 1069.7, Sum(ms): 21837.9, Avg(ms): 123.4, 50th(ms): 121.6, 90th(ms): 159.4, 95th(ms): 192.9, 99th(ms): 243.3, 99.9th(ms): 302.0, Max(ms): 302.0
[Current] PAYMENT - Takes(s): 10.0, Count: 1857, TPM: 11149.3, Sum(ms): 417575.5, Avg(ms): 224.9, 50th(ms): 192.9, 90th(ms): 352.3, 95th(ms): 419.4, 99th(ms): 520.1, 99.9th(ms): 771.8, Max(ms): 838.9
[Current] STOCK_LEVEL - Takes(s): 10.0, Count: 184, TPM: 1105.4, Sum(ms): 18786.2, Avg(ms): 102.2, 50th(ms): 92.3, 90th(ms): 159.4, 95th(ms): 184.5, 99th(ms): 209.7, 99.9th(ms): 285.2, Max(ms): 285.2
[Current] DELIVERY - Takes(s): 9.9, Count: 186, TPM: 1128.1, Sum(ms): 170456.0, Avg(ms): 914.8, 50th(ms): 872.4, 90th(ms): 1208.0, 95th(ms): 1409.3, 99th(ms): 1744.8, 99.9th(ms): 1811.9, Max(ms): 1811.9
[Current] NEW_ORDER - Takes(s): 10.0, Count: 2030, TPM: 12191.2, Sum(ms): 638444.4, Avg(ms): 314.6, 50th(ms): 302.0, 90th(ms): 419.4, 95th(ms): 486.5, 99th(ms): 604.0, 99.9th(ms): 771.8, Max(ms): 939.5
[Current] ORDER_STATUS - Takes(s): 10.0, Count: 202, TPM: 1212.1, Sum(ms): 26302.8, Avg(ms): 130.1, 50th(ms): 130.0, 90th(ms): 184.5, 95th(ms): 209.7, 99th(ms): 260.0, 99.9th(ms): 285.2, Max(ms): 285.2
[Current] PAYMENT - Takes(s): 10.0, Count: 1881, TPM: 11287.2, Sum(ms): 398343.0, Avg(ms): 211.9, 50th(ms): 192.9, 90th(ms): 318.8, 95th(ms): 369.1, 99th(ms): 503.3, 99.9th(ms): 637.5, Max(ms): 704.6
[Current] STOCK_LEVEL - Takes(s): 10.0, Count: 188, TPM: 1133.4, Sum(ms): 18362.8, Avg(ms): 97.7, 50th(ms): 92.3, 90th(ms): 121.6, 95th(ms): 142.6, 99th(ms): 176.2, 99.9th(ms): 201.3, Max(ms): 201.3
[Current] DELIVERY - Takes(s): 10.0, Count: 191, TPM: 1146.7, Sum(ms): 184292.0, Avg(ms): 965.3, 50th(ms): 838.9, 90th(ms): 1342.2, 95th(ms): 1476.4, 99th(ms): 2080.4, 99.9th(ms): 2818.6, Max(ms): 2818.6
[Current] NEW_ORDER - Takes(s): 10.0, Count: 1913, TPM: 11477.3, Sum(ms): 621211.2, Avg(ms): 325.0, 50th(ms): 302.0, 90th(ms): 469.8, 95th(ms): 536.9, 99th(ms): 671.1, 99.9th(ms): 805.3, Max(ms): 906.0
[Current] ORDER_STATUS - Takes(s): 10.0, Count: 181, TPM: 1088.6, Sum(ms): 23531.1, Avg(ms): 130.3, 50th(ms): 125.8, 90th(ms): 192.9, 95th(ms): 226.5, 99th(ms): 285.2, 99.9th(ms): 318.8, Max(ms): 318.8
[Current] PAYMENT - Takes(s): 10.0, Count: 1814, TPM: 10883.6, Sum(ms): 405229.5, Avg(ms): 223.5, 50th(ms): 192.9, 90th(ms): 352.3, 95th(ms): 402.7, 99th(ms): 637.5, 99.9th(ms): 906.0, Max(ms): 1006.6
[Current] STOCK_LEVEL - Takes(s): 10.0, Count: 185, TPM: 1113.9, Sum(ms): 19060.4, Avg(ms): 103.0, 50th(ms): 92.3, 90th(ms): 167.8, 95th(ms): 176.2, 99th(ms): 201.3, 99.9th(ms): 209.7, Max(ms): 209.7
[Current] DELIVERY - Takes(s): 9.8, Count: 168, TPM: 1025.7, Sum(ms): 171324.4, Avg(ms): 1021.9, 50th(ms): 872.4, 90th(ms): 1543.5, 95th(ms): 1879.0, 99th(ms): 2550.1, 99.9th(ms): 3221.2, Max(ms): 3221.2
[Current] NEW_ORDER - Takes(s): 10.0, Count: 1813, TPM: 10882.5, Sum(ms): 603673.6, Avg(ms): 333.3, 50th(ms): 302.0, 90th(ms): 503.3, 95th(ms): 570.4, 99th(ms): 872.4, 99.9th(ms): 1040.2, Max(ms): 1342.2
[Current] ORDER_STATUS - Takes(s): 10.0, Count: 147, TPM: 882.3, Sum(ms): 20633.9, Avg(ms): 140.5, 50th(ms): 121.6, 90th(ms): 251.7, 95th(ms): 302.0, 99th(ms): 369.1, 99.9th(ms): 369.1, Max(ms): 369.1
[Current] PAYMENT - Takes(s): 10.0, Count: 1700, TPM: 10206.2, Sum(ms): 433605.4, Avg(ms): 255.1, 50th(ms): 201.3, 90th(ms): 436.2, 95th(ms): 520.1, 99th(ms): 805.3, 99.9th(ms): 1208.0, Max(ms): 1275.1
[Current] STOCK_LEVEL - Takes(s): 10.0, Count: 140, TPM: 842.6, Sum(ms): 19003.8, Avg(ms): 135.4, 50th(ms): 96.5, 90th(ms): 243.3, 95th(ms): 352.3, 99th(ms): 604.0, 99.9th(ms): 637.5, Max(ms): 637.5
[Current] DELIVERY - Takes(s): 9.9, Count: 162, TPM: 979.6, Sum(ms): 163392.5, Avg(ms): 1008.1, 50th(ms): 872.4, 90th(ms): 1543.5, 95th(ms): 1610.6, 99th(ms): 2080.4, 99.9th(ms): 2415.9, Max(ms): 2415.9
[Current] NEW_ORDER - Takes(s): 10.0, Count: 1977, TPM: 11880.2, Sum(ms): 654190.3, Avg(ms): 331.2, 50th(ms): 302.0, 90th(ms): 503.3, 95th(ms): 570.4, 99th(ms): 805.3, 99.9th(ms): 939.5, Max(ms): 1140.9
[Current] ORDER_STATUS - Takes(s): 9.9, Count: 173, TPM: 1048.8, Sum(ms): 23112.1, Avg(ms): 134.0, 50th(ms): 125.8, 90th(ms): 192.9, 95th(ms): 243.3, 99th(ms): 318.8, 99.9th(ms): 503.3, Max(ms): 503.3
[Current] PAYMENT - Takes(s): 10.0, Count: 1817, TPM: 10906.0, Sum(ms): 403035.4, Avg(ms): 221.9, 50th(ms): 192.9, 90th(ms): 352.3, 95th(ms): 419.4, 99th(ms): 637.5, 99.9th(ms): 939.5, Max(ms): 1140.9
[Current] STOCK_LEVEL - Takes(s): 9.9, Count: 175, TPM: 1056.7, Sum(ms): 18345.0, Avg(ms): 105.0, 50th(ms): 92.3, 90th(ms): 159.4, 95th(ms): 167.8, 99th(ms): 251.7, 99.9th(ms): 604.0, Max(ms): 604.0
[Current] DELIVERY - Takes(s): 10.0, Count: 189, TPM: 1138.0, Sum(ms): 179327.7, Avg(ms): 948.9, 50th(ms): 838.9, 90th(ms): 1409.3, 95th(ms): 1677.7, 99th(ms): 2281.7, 99.9th(ms): 2818.6, Max(ms): 2818.6
[Current] NEW_ORDER - Takes(s): 10.0, Count: 2099, TPM: 12610.1, Sum(ms): 634314.7, Avg(ms): 302.3, 50th(ms): 285.2, 90th(ms): 419.4, 95th(ms): 486.5, 99th(ms): 637.5, 99.9th(ms): 872.4, Max(ms): 1040.2
[Current] ORDER_STATUS - Takes(s): 10.0, Count: 166, TPM: 1000.4, Sum(ms): 20603.8, Avg(ms): 123.9, 50th(ms): 121.6, 90th(ms): 159.4, 95th(ms): 226.5, 99th(ms): 260.0, 99.9th(ms): 335.5, Max(ms): 335.5
[Current] PAYMENT - Takes(s): 10.0, Count: 1969, TPM: 11834.4, Sum(ms): 403788.0, Avg(ms): 205.1, 50th(ms): 184.5, 90th(ms): 318.8, 95th(ms): 385.9, 99th(ms): 520.1, 99.9th(ms): 805.3, Max(ms): 1040.2
[Current] STOCK_LEVEL - Takes(s): 9.9, Count: 189, TPM: 1145.4, Sum(ms): 18705.5, Avg(ms): 99.1, 50th(ms): 92.3, 90th(ms): 125.8, 95th(ms): 184.5, 99th(ms): 209.7, 99.9th(ms): 209.7, Max(ms): 209.7
[Current] DELIVERY - Takes(s): 9.9, Count: 171, TPM: 1038.4, Sum(ms): 170358.2, Avg(ms): 997.4, 50th(ms): 872.4, 90th(ms): 1409.3, 95th(ms): 1543.5, 99th(ms): 2147.5, 99.9th(ms): 2550.1, Max(ms): 2550.1
[Current] NEW_ORDER - Takes(s): 10.0, Count: 1905, TPM: 11447.0, Sum(ms): 644346.0, Avg(ms): 338.4, 50th(ms): 318.8, 90th(ms): 503.3, 95th(ms): 570.4, 99th(ms): 637.5, 99.9th(ms): 906.0, Max(ms): 973.1
[Current] ORDER_STATUS - Takes(s): 10.0, Count: 181, TPM: 1089.1, Sum(ms): 24974.0, Avg(ms): 138.0, 50th(ms): 134.2, 90th(ms): 201.3, 95th(ms): 226.5, 99th(ms): 260.0, 99.9th(ms): 335.5, Max(ms): 335.5
[Current] PAYMENT - Takes(s): 10.0, Count: 1739, TPM: 10435.6, Sum(ms): 393981.9, Avg(ms): 226.6, 50th(ms): 192.9, 90th(ms): 352.3, 95th(ms): 419.4, 99th(ms): 570.4, 99.9th(ms): 738.2, Max(ms): 771.8
[Current] STOCK_LEVEL - Takes(s): 9.9, Count: 175, TPM: 1057.2, Sum(ms): 19597.7, Avg(ms): 112.0, 50th(ms): 104.9, 90th(ms): 176.2, 95th(ms): 176.2, 99th(ms): 192.9, 99.9th(ms): 209.7, Max(ms): 209.7
[Current] DELIVERY - Takes(s): 10.0, Count: 200, TPM: 1204.9, Sum(ms): 187047.9, Avg(ms): 935.9, 50th(ms): 838.9, 90th(ms): 1409.3, 95th(ms): 1476.4, 99th(ms): 1610.6, 99.9th(ms): 2080.4, Max(ms): 2080.4
[Current] NEW_ORDER - Takes(s): 10.0, Count: 2079, TPM: 12474.9, Sum(ms): 636766.6, Avg(ms): 306.6, 50th(ms): 302.0, 90th(ms): 419.4, 95th(ms): 486.5, 99th(ms): 570.4, 99.9th(ms): 805.3, Max(ms): 906.0
[Current] ORDER_STATUS - Takes(s): 10.0, Count: 187, TPM: 1127.0, Sum(ms): 22194.7, Avg(ms): 118.7, 50th(ms): 121.6, 90th(ms): 151.0, 95th(ms): 167.8, 99th(ms): 209.7, 99.9th(ms): 251.7, Max(ms): 251.7
[Current] PAYMENT - Takes(s): 10.0, Count: 1883, TPM: 11309.8, Sum(ms): 389055.5, Avg(ms): 206.7, 50th(ms): 184.5, 90th(ms): 318.8, 95th(ms): 352.3, 99th(ms): 469.8, 99.9th(ms): 704.6, Max(ms): 906.0
[Current] STOCK_LEVEL - Takes(s): 10.0, Count: 173, TPM: 1042.7, Sum(ms): 20794.7, Avg(ms): 120.3, 50th(ms): 113.2, 90th(ms): 176.2, 95th(ms): 192.9, 99th(ms): 218.1, 99.9th(ms): 218.1, Max(ms): 218.1
[Current] DELIVERY - Takes(s): 9.9, Count: 168, TPM: 1013.2, Sum(ms): 161789.6, Avg(ms): 964.2, 50th(ms): 872.4, 90th(ms): 1409.3, 95th(ms): 1543.5, 99th(ms): 1811.9, 99.9th(ms): 2550.1, Max(ms): 2550.1
[Current] NEW_ORDER - Takes(s): 10.0, Count: 1946, TPM: 11686.4, Sum(ms): 631002.6, Avg(ms): 324.4, 50th(ms): 302.0, 90th(ms): 469.8, 95th(ms): 536.9, 99th(ms): 671.1, 99.9th(ms): 906.0, Max(ms): 906.0
[Current] ORDER_STATUS - Takes(s): 9.9, Count: 176, TPM: 1066.9, Sum(ms): 24286.1, Avg(ms): 137.9, 50th(ms): 130.0, 90th(ms): 209.7, 95th(ms): 234.9, 99th(ms): 302.0, 99.9th(ms): 335.5, Max(ms): 335.5
[Current] PAYMENT - Takes(s): 10.0, Count: 1791, TPM: 10755.3, Sum(ms): 411195.2, Avg(ms): 229.6, 50th(ms): 192.9, 90th(ms): 369.1, 95th(ms): 436.2, 99th(ms): 604.0, 99.9th(ms): 704.6, Max(ms): 738.2
[Current] STOCK_LEVEL - Takes(s): 10.0, Count: 180, TPM: 1083.6, Sum(ms): 19816.0, Avg(ms): 110.2, 50th(ms): 104.9, 90th(ms): 151.0, 95th(ms): 184.5, 99th(ms): 226.5, 99.9th(ms): 234.9, Max(ms): 234.9
[Current] DELIVERY - Takes(s): 10.0, Count: 146, TPM: 878.7, Sum(ms): 163552.0, Avg(ms): 1119.3, 50th(ms): 906.0, 90th(ms): 1879.0, 95th(ms): 2147.5, 99th(ms): 3087.0, 99.9th(ms): 3221.2, Max(ms): 3221.2
[Current] NEW_ORDER - Takes(s): 10.0, Count: 1648, TPM: 9894.1, Sum(ms): 614045.3, Avg(ms): 372.8, 50th(ms): 318.8, 90th(ms): 570.4, 95th(ms): 738.2, 99th(ms): 1208.0, 99.9th(ms): 1476.4, Max(ms): 1476.4
[Current] ORDER_STATUS - Takes(s): 9.9, Count: 139, TPM: 839.2, Sum(ms): 19866.3, Avg(ms): 142.9, 50th(ms): 130.0, 90th(ms): 218.1, 95th(ms): 268.4, 99th(ms): 604.0, 99.9th(ms): 637.5, Max(ms): 637.5
[Current] PAYMENT - Takes(s): 10.0, Count: 1647, TPM: 9892.3, Sum(ms): 440370.1, Avg(ms): 267.4, 50th(ms): 209.7, 90th(ms): 419.4, 95th(ms): 570.4, 99th(ms): 1073.7, 99.9th(ms): 1342.2, Max(ms): 1476.4
[Current] STOCK_LEVEL - Takes(s): 10.0, Count: 142, TPM: 852.0, Sum(ms): 19447.6, Avg(ms): 137.2, 50th(ms): 104.9, 90th(ms): 201.3, 95th(ms): 335.5, 99th(ms): 637.5, 99.9th(ms): 671.1, Max(ms): 671.1
[Current] DELIVERY - Takes(s): 10.0, Count: 159, TPM: 957.9, Sum(ms): 141374.0, Avg(ms): 887.6, 50th(ms): 838.9, 90th(ms): 1342.2, 95th(ms): 1476.4, 99th(ms): 2013.3, 99.9th(ms): 2550.1, Max(ms): 2550.1
[Current] NEW_ORDER - Takes(s): 10.0, Count: 1851, TPM: 11106.2, Sum(ms): 629601.0, Avg(ms): 340.3, 50th(ms): 318.8, 90th(ms): 520.1, 95th(ms): 604.0, 99th(ms): 906.0, 99.9th(ms): 1275.1, Max(ms): 1476.4
[Current] ORDER_STATUS - Takes(s): 9.4, Count: 146, TPM: 927.2, Sum(ms): 19050.2, Avg(ms): 130.9, 50th(ms): 130.0, 90th(ms): 192.9, 95th(ms): 234.9, 99th(ms): 268.4, 99.9th(ms): 285.2, Max(ms): 285.2
[Current] PAYMENT - Takes(s): 10.0, Count: 1688, TPM: 10128.4, Sum(ms): 439511.9, Avg(ms): 260.4, 50th(ms): 218.1, 90th(ms): 419.4, 95th(ms): 570.4, 99th(ms): 838.9, 99.9th(ms): 1073.7, Max(ms): 1409.3
[Current] STOCK_LEVEL - Takes(s): 9.9, Count: 157, TPM: 948.5, Sum(ms): 21003.5, Avg(ms): 133.8, 50th(ms): 104.9, 90th(ms): 209.7, 95th(ms): 302.0, 99th(ms): 604.0, 99.9th(ms): 671.1, Max(ms): 671.1
[Current] DELIVERY - Takes(s): 9.9, Count: 175, TPM: 1061.9, Sum(ms): 155062.1, Avg(ms): 887.2, 50th(ms): 805.3, 90th(ms): 1342.2, 95th(ms): 1476.4, 99th(ms): 1677.7, 99.9th(ms): 2013.3, Max(ms): 2013.3
[Current] NEW_ORDER - Takes(s): 9.9, Count: 2128, TPM: 12878.7, Sum(ms): 640212.5, Avg(ms): 301.0, 50th(ms): 285.2, 90th(ms): 453.0, 95th(ms): 520.1, 99th(ms): 604.0, 99.9th(ms): 738.2, Max(ms): 1073.7
[Current] ORDER_STATUS - Takes(s): 9.9, Count: 163, TPM: 986.0, Sum(ms): 19465.6, Avg(ms): 119.5, 50th(ms): 113.2, 90th(ms): 159.4, 95th(ms): 218.1, 99th(ms): 285.2, 99.9th(ms): 486.5, Max(ms): 486.5
[Current] PAYMENT - Takes(s): 9.9, Count: 1982, TPM: 11984.7, Sum(ms): 431555.1, Avg(ms): 217.8, 50th(ms): 184.5, 90th(ms): 352.3, 95th(ms): 419.4, 99th(ms): 604.0, 99.9th(ms): 704.6, Max(ms): 805.3
[Current] STOCK_LEVEL - Takes(s): 9.9, Count: 176, TPM: 1065.2, Sum(ms): 17827.4, Avg(ms): 101.2, 50th(ms): 92.3, 90th(ms): 142.6, 95th(ms): 167.8, 99th(ms): 209.7, 99.9th(ms): 285.2, Max(ms): 285.2
[Current] DELIVERY - Takes(s): 10.0, Count: 164, TPM: 987.0, Sum(ms): 159644.7, Avg(ms): 973.8, 50th(ms): 838.9, 90th(ms): 1476.4, 95th(ms): 1610.6, 99th(ms): 1744.8, 99.9th(ms): 2281.7, Max(ms): 2281.7
[Current] NEW_ORDER - Takes(s): 10.0, Count: 1890, TPM: 11355.6, Sum(ms): 633429.5, Avg(ms): 335.3, 50th(ms): 302.0, 90th(ms): 503.3, 95th(ms): 570.4, 99th(ms): 704.6, 99.9th(ms): 906.0, Max(ms): 1275.1
[Current] ORDER_STATUS - Takes(s): 10.0, Count: 175, TPM: 1051.6, Sum(ms): 22227.7, Avg(ms): 127.0, 50th(ms): 121.6, 90th(ms): 184.5, 95th(ms): 234.9, 99th(ms): 260.0, 99.9th(ms): 318.8, Max(ms): 318.8
[Current] PAYMENT - Takes(s): 10.0, Count: 1774, TPM: 10646.0, Sum(ms): 416151.9, Avg(ms): 234.5, 50th(ms): 201.3, 90th(ms): 369.1, 95th(ms): 436.2, 99th(ms): 637.5, 99.9th(ms): 872.4, Max(ms): 1040.2
[Current] STOCK_LEVEL - Takes(s): 9.9, Count: 156, TPM: 943.6, Sum(ms): 17276.7, Avg(ms): 110.6, 50th(ms): 104.9, 90th(ms): 159.4, 95th(ms): 176.2, 99th(ms): 192.9, 99.9th(ms): 318.8, Max(ms): 318.8
[Current] DELIVERY - Takes(s): 9.9, Count: 190, TPM: 1146.1, Sum(ms): 169187.8, Avg(ms): 889.5, 50th(ms): 805.3, 90th(ms): 1208.0, 95th(ms): 1476.4, 99th(ms): 2080.4, 99.9th(ms): 2281.7, Max(ms): 2281.7
[Current] NEW_ORDER - Takes(s): 10.0, Count: 2094, TPM: 12573.1, Sum(ms): 636442.5, Avg(ms): 304.0, 50th(ms): 302.0, 90th(ms): 419.4, 95th(ms): 486.5, 99th(ms): 570.4, 99.9th(ms): 872.4, Max(ms): 939.5
[Current] ORDER_STATUS - Takes(s): 9.8, Count: 157, TPM: 962.4, Sum(ms): 19573.6, Avg(ms): 124.7, 50th(ms): 121.6, 90th(ms): 159.4, 95th(ms): 184.5, 99th(ms): 268.4, 99.9th(ms): 335.5, Max(ms): 335.5
[Current] PAYMENT - Takes(s): 10.0, Count: 2003, TPM: 12026.0, Sum(ms): 412480.5, Avg(ms): 205.9, 50th(ms): 184.5, 90th(ms): 302.0, 95th(ms): 352.3, 99th(ms): 536.9, 99.9th(ms): 771.8, Max(ms): 939.5
[Current] STOCK_LEVEL - Takes(s): 10.0, Count: 208, TPM: 1252.6, Sum(ms): 21329.4, Avg(ms): 102.5, 50th(ms): 100.7, 90th(ms): 125.8, 95th(ms): 167.8, 99th(ms): 192.9, 99.9th(ms): 201.3, Max(ms): 201.3
[Current] DELIVERY - Takes(s): 10.0, Count: 183, TPM: 1102.1, Sum(ms): 171028.5, Avg(ms): 935.2, 50th(ms): 805.3, 90th(ms): 1342.2, 95th(ms): 1409.3, 99th(ms): 2550.1, 99.9th(ms): 2952.8, Max(ms): 2952.8
[Current] NEW_ORDER - Takes(s): 10.0, Count: 2040, TPM: 12245.0, Sum(ms): 624280.8, Avg(ms): 306.1, 50th(ms): 285.2, 90th(ms): 453.0, 95th(ms): 503.3, 99th(ms): 637.5, 99.9th(ms): 838.9, Max(ms): 906.0
[Current] ORDER_STATUS - Takes(s): 10.0, Count: 189, TPM: 1137.2, Sum(ms): 23211.4, Avg(ms): 122.7, 50th(ms): 113.2, 90th(ms): 184.5, 95th(ms): 226.5, 99th(ms): 243.3, 99.9th(ms): 260.0, Max(ms): 260.0
[Current] PAYMENT - Takes(s): 10.0, Count: 1995, TPM: 11974.5, Sum(ms): 421117.3, Avg(ms): 211.2, 50th(ms): 184.5, 90th(ms): 335.5, 95th(ms): 402.7, 99th(ms): 570.4, 99.9th(ms): 704.6, Max(ms): 738.2
[Current] STOCK_LEVEL - Takes(s): 9.8, Count: 159, TPM: 969.5, Sum(ms): 16545.0, Avg(ms): 104.1, 50th(ms): 96.5, 90th(ms): 159.4, 95th(ms): 176.2, 99th(ms): 192.9, 99.9th(ms): 260.0, Max(ms): 260.0
[Current] DELIVERY - Takes(s): 9.9, Count: 166, TPM: 1006.9, Sum(ms): 148754.9, Avg(ms): 894.7, 50th(ms): 805.3, 90th(ms): 1208.0, 95th(ms): 1543.5, 99th(ms): 1946.2, 99.9th(ms): 1946.2, Max(ms): 1946.2
[Current] NEW_ORDER - Takes(s): 10.0, Count: 2004, TPM: 12024.6, Sum(ms): 619508.6, Avg(ms): 309.3, 50th(ms): 285.2, 90th(ms): 436.2, 95th(ms): 520.1, 99th(ms): 939.5, 99.9th(ms): 1140.9, Max(ms): 1409.3
[Current] ORDER_STATUS - Takes(s): 10.0, Count: 165, TPM: 991.4, Sum(ms): 19985.0, Avg(ms): 121.3, 50th(ms): 117.4, 90th(ms): 167.8, 95th(ms): 218.1, 99th(ms): 243.3, 99.9th(ms): 352.3, Max(ms): 352.3
[Current] PAYMENT - Takes(s): 10.0, Count: 1997, TPM: 11984.1, Sum(ms): 429891.6, Avg(ms): 215.4, 50th(ms): 184.5, 90th(ms): 335.5, 95th(ms): 402.7, 99th(ms): 704.6, 99.9th(ms): 872.4, Max(ms): 939.5
[Current] STOCK_LEVEL - Takes(s): 9.8, Count: 177, TPM: 1085.9, Sum(ms): 18520.8, Avg(ms): 104.7, 50th(ms): 92.3, 90th(ms): 159.4, 95th(ms): 176.2, 99th(ms): 218.1, 99.9th(ms): 536.9, Max(ms): 536.9
[Current] DELIVERY - Takes(s): 10.0, Count: 168, TPM: 1008.7, Sum(ms): 174701.4, Avg(ms): 1038.5, 50th(ms): 872.4, 90th(ms): 1610.6, 95th(ms): 1811.9, 99th(ms): 2281.7, 99.9th(ms): 2550.1, Max(ms): 2550.1
[Current] NEW_ORDER - Takes(s): 10.0, Count: 1924, TPM: 11560.8, Sum(ms): 643281.0, Avg(ms): 334.3, 50th(ms): 302.0, 90th(ms): 503.3, 95th(ms): 570.4, 99th(ms): 838.9, 99.9th(ms): 1040.2, Max(ms): 1073.7
[Current] ORDER_STATUS - Takes(s): 9.9, Count: 158, TPM: 953.4, Sum(ms): 22240.0, Avg(ms): 140.6, 50th(ms): 125.8, 90th(ms): 226.5, 95th(ms): 234.9, 99th(ms): 285.2, 99.9th(ms): 671.1, Max(ms): 671.1
[Current] PAYMENT - Takes(s): 10.0, Count: 1808, TPM: 10864.8, Sum(ms): 407385.0, Avg(ms): 225.3, 50th(ms): 192.9, 90th(ms): 352.3, 95th(ms): 419.4, 99th(ms): 704.6, 99.9th(ms): 939.5, Max(ms): 1040.2
[Current] STOCK_LEVEL - Takes(s): 9.9, Count: 164, TPM: 990.9, Sum(ms): 17263.9, Avg(ms): 105.4, 50th(ms): 96.5, 90th(ms): 159.4, 95th(ms): 184.5, 99th(ms): 209.7, 99.9th(ms): 671.1, Max(ms): 671.1
[Current] DELIVERY - Takes(s): 10.0, Count: 191, TPM: 1149.1, Sum(ms): 180889.0, Avg(ms): 946.2, 50th(ms): 838.9, 90th(ms): 1342.2, 95th(ms): 1476.4, 99th(ms): 2281.7, 99.9th(ms): 3489.7, Max(ms): 3489.7
[Current] NEW_ORDER - Takes(s): 10.0, Count: 2094, TPM: 12571.0, Sum(ms): 635203.8, Avg(ms): 303.5, 50th(ms): 302.0, 90th(ms): 419.4, 95th(ms): 486.5, 99th(ms): 570.4, 99.9th(ms): 637.5, Max(ms): 805.3
[Current] ORDER_STATUS - Takes(s): 10.0, Count: 191, TPM: 1149.8, Sum(ms): 24007.0, Avg(ms): 125.8, 50th(ms): 121.6, 90th(ms): 167.8, 95th(ms): 218.1, 99th(ms): 251.7, 99.9th(ms): 260.0, Max(ms): 260.0
[Current] PAYMENT - Takes(s): 10.0, Count: 1955, TPM: 11735.7, Sum(ms): 402631.3, Avg(ms): 205.9, 50th(ms): 184.5, 90th(ms): 318.8, 95th(ms): 369.1, 99th(ms): 520.1, 99.9th(ms): 738.2, Max(ms): 805.3
[Current] STOCK_LEVEL - Takes(s): 10.0, Count: 157, TPM: 943.4, Sum(ms): 16315.0, Avg(ms): 103.9, 50th(ms): 92.3, 90th(ms): 151.0, 95th(ms): 192.9, 99th(ms): 234.9, 99.9th(ms): 302.0, Max(ms): 302.0
[Current] DELIVERY - Takes(s): 10.0, Count: 170, TPM: 1024.2, Sum(ms): 174748.7, Avg(ms): 1026.1, 50th(ms): 906.0, 90th(ms): 1476.4, 95th(ms): 1811.9, 99th(ms): 2080.4, 99.9th(ms): 2415.9, Max(ms): 2415.9
[Current] NEW_ORDER - Takes(s): 10.0, Count: 1902, TPM: 11421.5, Sum(ms): 640159.2, Avg(ms): 336.7, 50th(ms): 318.8, 90th(ms): 503.3, 95th(ms): 570.4, 99th(ms): 637.5, 99.9th(ms): 805.3, Max(ms): 838.9
[Current] ORDER_STATUS - Takes(s): 10.0, Count: 163, TPM: 980.2, Sum(ms): 23098.3, Avg(ms): 141.8, 50th(ms): 130.0, 90th(ms): 234.9, 95th(ms): 251.7, 99th(ms): 302.0, 99.9th(ms): 335.5, Max(ms): 335.5
[Current] PAYMENT - Takes(s): 10.0, Count: 1767, TPM: 10601.9, Sum(ms): 399858.3, Avg(ms): 226.3, 50th(ms): 192.9, 90th(ms): 352.3, 95th(ms): 419.4, 99th(ms): 570.4, 99.9th(ms): 671.1, Max(ms): 738.2
[Current] STOCK_LEVEL - Takes(s): 10.0, Count: 168, TPM: 1009.2, Sum(ms): 18800.1, Avg(ms): 112.0, 50th(ms): 100.7, 90th(ms): 176.2, 95th(ms): 184.5, 99th(ms): 201.3, 99.9th(ms): 218.1, Max(ms): 218.1
[Current] DELIVERY - Takes(s): 9.9, Count: 173, TPM: 1046.6, Sum(ms): 162140.4, Avg(ms): 937.3, 50th(ms): 872.4, 90th(ms): 1275.1, 95th(ms): 1476.4, 99th(ms): 1744.8, 99.9th(ms): 2281.7, Max(ms): 2281.7
[Current] NEW_ORDER - Takes(s): 10.0, Count: 1990, TPM: 11965.2, Sum(ms): 634706.8, Avg(ms): 319.0, 50th(ms): 318.8, 90th(ms): 436.2, 95th(ms): 486.5, 99th(ms): 604.0, 99.9th(ms): 771.8, Max(ms): 805.3
[Current] ORDER_STATUS - Takes(s): 10.0, Count: 166, TPM: 997.9, Sum(ms): 20855.9, Avg(ms): 125.6, 50th(ms): 125.8, 90th(ms): 159.4, 95th(ms): 201.3, 99th(ms): 268.4, 99.9th(ms): 285.2, Max(ms): 285.2
[Current] PAYMENT - Takes(s): 10.0, Count: 1907, TPM: 11443.6, Sum(ms): 417990.0, Avg(ms): 219.1, 50th(ms): 192.9, 90th(ms): 352.3, 95th(ms): 402.7, 99th(ms): 570.4, 99.9th(ms): 704.6, Max(ms): 838.9
[Current] STOCK_LEVEL - Takes(s): 9.9, Count: 172, TPM: 1047.3, Sum(ms): 18323.4, Avg(ms): 106.7, 50th(ms): 100.7, 90th(ms): 130.0, 95th(ms): 184.5, 99th(ms): 234.9, 99.9th(ms): 251.7, Max(ms): 251.7
[Current] DELIVERY - Takes(s): 9.9, Count: 162, TPM: 978.8, Sum(ms): 161818.4, Avg(ms): 999.9, 50th(ms): 872.4, 90th(ms): 1476.4, 95th(ms): 1543.5, 99th(ms): 2013.3, 99.9th(ms): 2415.9, Max(ms): 2415.9
[Current] NEW_ORDER - Takes(s): 10.0, Count: 1903, TPM: 11434.9, Sum(ms): 624278.1, Avg(ms): 328.0, 50th(ms): 318.8, 90th(ms): 469.8, 95th(ms): 520.1, 99th(ms): 604.0, 99.9th(ms): 771.8, Max(ms): 906.0
[Current] ORDER_STATUS - Takes(s): 10.0, Count: 170, TPM: 1022.0, Sum(ms): 22764.6, Avg(ms): 134.2, 50th(ms): 125.8, 90th(ms): 184.5, 95th(ms): 209.7, 99th(ms): 268.4, 99.9th(ms): 285.2, Max(ms): 285.2
[Current] PAYMENT - Takes(s): 10.0, Count: 1850, TPM: 11104.1, Sum(ms): 417300.9, Avg(ms): 225.7, 50th(ms): 192.9, 90th(ms): 352.3, 95th(ms): 402.7, 99th(ms): 570.4, 99.9th(ms): 805.3, Max(ms): 872.4
[Current] STOCK_LEVEL - Takes(s): 10.0, Count: 163, TPM: 978.3, Sum(ms): 18064.5, Avg(ms): 110.7, 50th(ms): 104.9, 90th(ms): 167.8, 95th(ms): 184.5, 99th(ms): 218.1, 99.9th(ms): 234.9, Max(ms): 234.9
[Current] DELIVERY - Takes(s): 10.0, Count: 180, TPM: 1080.3, Sum(ms): 180606.0, Avg(ms): 1004.6, 50th(ms): 838.9, 90th(ms): 1543.5, 95th(ms): 1677.7, 99th(ms): 2013.3, 99.9th(ms): 3087.0, Max(ms): 3087.0
[Current] NEW_ORDER - Takes(s): 10.0, Count: 1963, TPM: 11787.5, Sum(ms): 633928.5, Avg(ms): 323.2, 50th(ms): 302.0, 90th(ms): 469.8, 95th(ms): 536.9, 99th(ms): 872.4, 99.9th(ms): 1040.2, Max(ms): 1140.9
[Current] ORDER_STATUS - Takes(s): 10.0, Count: 187, TPM: 1125.5, Sum(ms): 23805.6, Avg(ms): 127.3, 50th(ms): 121.6, 90th(ms): 167.8, 95th(ms): 209.7, 99th(ms): 260.0, 99.9th(ms): 671.1, Max(ms): 671.1
[Current] PAYMENT - Takes(s): 10.0, Count: 1859, TPM: 11157.7, Sum(ms): 405133.4, Avg(ms): 218.0, 50th(ms): 184.5, 90th(ms): 335.5, 95th(ms): 402.7, 99th(ms): 637.5, 99.9th(ms): 838.9, Max(ms): 973.1
[Current] STOCK_LEVEL - Takes(s): 10.0, Count: 156, TPM: 939.4, Sum(ms): 16891.0, Avg(ms): 108.4, 50th(ms): 100.7, 90th(ms): 159.4, 95th(ms): 184.5, 99th(ms): 209.7, 99.9th(ms): 536.9, Max(ms): 536.9
[Current] DELIVERY - Takes(s): 9.7, Count: 138, TPM: 857.0, Sum(ms): 146021.0, Avg(ms): 1057.5, 50th(ms): 939.5, 90th(ms): 1476.4, 95th(ms): 1677.7, 99th(ms): 2080.4, 99.9th(ms): 2147.5, Max(ms): 2147.5
[Current] NEW_ORDER - Takes(s): 10.0, Count: 1861, TPM: 11184.1, Sum(ms): 647511.2, Avg(ms): 348.2, 50th(ms): 318.8, 90th(ms): 520.1, 95th(ms): 570.4, 99th(ms): 973.1, 99.9th(ms): 1208.0, Max(ms): 1275.1
[Current] ORDER_STATUS - Takes(s): 10.0, Count: 180, TPM: 1085.3, Sum(ms): 26036.4, Avg(ms): 144.8, 50th(ms): 130.0, 90th(ms): 218.1, 95th(ms): 260.0, 99th(ms): 671.1, 99.9th(ms): 805.3, Max(ms): 805.3
[Current] PAYMENT - Takes(s): 10.0, Count: 1745, TPM: 10486.9, Sum(ms): 409636.6, Avg(ms): 234.7, 50th(ms): 201.3, 90th(ms): 369.1, 95th(ms): 419.4, 99th(ms): 738.2, 99.9th(ms): 906.0, Max(ms): 1006.6
[Current] STOCK_LEVEL - Takes(s): 9.9, Count: 153, TPM: 930.5, Sum(ms): 16771.3, Avg(ms): 109.6, 50th(ms): 100.7, 90th(ms): 167.8, 95th(ms): 201.3, 99th(ms): 218.1, 99.9th(ms): 243.3, Max(ms): 243.3
[Current] DELIVERY - Takes(s): 10.0, Count: 182, TPM: 1093.1, Sum(ms): 174521.7, Avg(ms): 959.9, 50th(ms): 838.9, 90th(ms): 1409.3, 95th(ms): 1476.4, 99th(ms): 1610.6, 99.9th(ms): 2013.3, Max(ms): 2013.3
[Current] NEW_ORDER - Takes(s): 10.0, Count: 2042, TPM: 12284.8, Sum(ms): 648955.2, Avg(ms): 317.9, 50th(ms): 302.0, 90th(ms): 453.0, 95th(ms): 520.1, 99th(ms): 704.6, 99.9th(ms): 838.9, Max(ms): 939.5
[Current] ORDER_STATUS - Takes(s): 10.0, Count: 184, TPM: 1106.4, Sum(ms): 23869.3, Avg(ms): 129.7, 50th(ms): 125.8, 90th(ms): 176.2, 95th(ms): 218.1, 99th(ms): 318.8, 99.9th(ms): 385.9, Max(ms): 385.9
[Current] PAYMENT - Takes(s): 10.0, Count: 1887, TPM: 11332.8, Sum(ms): 402351.6, Avg(ms): 213.2, 50th(ms): 184.5, 90th(ms): 335.5, 95th(ms): 402.7, 99th(ms): 570.4, 99.9th(ms): 738.2, Max(ms): 771.8
[Current] STOCK_LEVEL - Takes(s): 10.0, Count: 186, TPM: 1116.4, Sum(ms): 19233.1, Avg(ms): 103.4, 50th(ms): 100.7, 90th(ms): 142.6, 95th(ms): 167.8, 99th(ms): 201.3, 99.9th(ms): 251.7, Max(ms): 251.7
[Current] DELIVERY - Takes(s): 10.0, Count: 160, TPM: 963.6, Sum(ms): 157597.6, Avg(ms): 986.1, 50th(ms): 906.0, 90th(ms): 1409.3, 95th(ms): 1543.5, 99th(ms): 1677.7, 99.9th(ms): 2415.9, Max(ms): 2415.9
[Current] NEW_ORDER - Takes(s): 10.0, Count: 1950, TPM: 11717.0, Sum(ms): 641685.7, Avg(ms): 329.1, 50th(ms): 302.0, 90th(ms): 486.5, 95th(ms): 570.4, 99th(ms): 738.2, 99.9th(ms): 1006.6, Max(ms): 1040.2
[Current] ORDER_STATUS - Takes(s): 10.0, Count: 145, TPM: 872.7, Sum(ms): 19691.7, Avg(ms): 136.1, 50th(ms): 130.0, 90th(ms): 192.9, 95th(ms): 243.3, 99th(ms): 285.2, 99.9th(ms): 436.2, Max(ms): 436.2
[Current] PAYMENT - Takes(s): 10.0, Count: 1831, TPM: 11001.3, Sum(ms): 410894.5, Avg(ms): 224.4, 50th(ms): 192.9, 90th(ms): 352.3, 95th(ms): 419.4, 99th(ms): 604.0, 99.9th(ms): 872.4, Max(ms): 1140.9
[Current] STOCK_LEVEL - Takes(s): 9.9, Count: 172, TPM: 1041.5, Sum(ms): 18052.2, Avg(ms): 105.0, 50th(ms): 96.5, 90th(ms): 151.0, 95th(ms): 176.2, 99th(ms): 209.7, 99.9th(ms): 352.3, Max(ms): 352.3
[Current] DELIVERY - Takes(s): 10.0, Count: 184, TPM: 1104.1, Sum(ms): 167122.1, Avg(ms): 907.3, 50th(ms): 805.3, 90th(ms): 1342.2, 95th(ms): 1543.5, 99th(ms): 1744.8, 99.9th(ms): 2080.4, Max(ms): 2080.4
[Current] NEW_ORDER - Takes(s): 10.0, Count: 2098, TPM: 12588.3, Sum(ms): 626881.2, Avg(ms): 298.9, 50th(ms): 285.2, 90th(ms): 419.4, 95th(ms): 486.5, 99th(ms): 604.0, 99.9th(ms): 771.8, Max(ms): 1140.9
[Current] ORDER_STATUS - Takes(s): 10.0, Count: 199, TPM: 1198.8, Sum(ms): 24026.8, Avg(ms): 120.8, 50th(ms): 117.4, 90th(ms): 167.8, 95th(ms): 201.3, 99th(ms): 251.7, 99.9th(ms): 285.2, Max(ms): 285.2
[Current] PAYMENT - Takes(s): 10.0, Count: 2078, TPM: 12468.3, Sum(ms): 425091.5, Avg(ms): 204.6, 50th(ms): 184.5, 90th(ms): 318.8, 95th(ms): 369.1, 99th(ms): 503.3, 99.9th(ms): 738.2, Max(ms): 838.9
[Current] STOCK_LEVEL - Takes(s): 9.9, Count: 153, TPM: 931.3, Sum(ms): 14520.3, Avg(ms): 95.0, 50th(ms): 92.3, 90th(ms): 117.4, 95th(ms): 134.2, 99th(ms): 167.8, 99.9th(ms): 184.5, Max(ms): 184.5
[Current] DELIVERY - Takes(s): 10.0, Count: 192, TPM: 1156.0, Sum(ms): 180709.7, Avg(ms): 941.8, 50th(ms): 838.9, 90th(ms): 1409.3, 95th(ms): 1409.3, 99th(ms): 1879.0, 99.9th(ms): 2415.9, Max(ms): 2415.9
[Current] NEW_ORDER - Takes(s): 10.0, Count: 1988, TPM: 11930.6, Sum(ms): 615887.2, Avg(ms): 310.1, 50th(ms): 302.0, 90th(ms): 453.0, 95th(ms): 503.3, 99th(ms): 604.0, 99.9th(ms): 771.8, Max(ms): 805.3
[Current] ORDER_STATUS - Takes(s): 9.9, Count: 175, TPM: 1056.2, Sum(ms): 22115.5, Avg(ms): 126.3, 50th(ms): 117.4, 90th(ms): 192.9, 95th(ms): 218.1, 99th(ms): 251.7, 99.9th(ms): 260.0, Max(ms): 260.0
[Current] PAYMENT - Takes(s): 10.0, Count: 1944, TPM: 11666.4, Sum(ms): 413441.0, Avg(ms): 212.5, 50th(ms): 184.5, 90th(ms): 335.5, 95th(ms): 385.9, 99th(ms): 520.1, 99.9th(ms): 738.2, Max(ms): 738.2
[Current] STOCK_LEVEL - Takes(s): 10.0, Count: 179, TPM: 1077.1, Sum(ms): 17343.6, Avg(ms): 97.0, 50th(ms): 92.3, 90th(ms): 130.0, 95th(ms): 151.0, 99th(ms): 192.9, 99.9th(ms): 251.7, Max(ms): 251.7
[Current] DELIVERY - Takes(s): 10.0, Count: 178, TPM: 1068.7, Sum(ms): 171192.5, Avg(ms): 962.5, 50th(ms): 805.3, 90th(ms): 1409.3, 95th(ms): 1610.6, 99th(ms): 2013.3, 99.9th(ms): 2550.1, Max(ms): 2550.1
[Current] NEW_ORDER - Takes(s): 10.0, Count: 1972, TPM: 11832.3, Sum(ms): 622372.9, Avg(ms): 315.8, 50th(ms): 285.2, 90th(ms): 486.5, 95th(ms): 536.9, 99th(ms): 805.3, 99.9th(ms): 973.1, Max(ms): 1073.7
[Current] ORDER_STATUS - Takes(s): 9.9, Count: 187, TPM: 1129.6, Sum(ms): 23883.8, Avg(ms): 127.8, 50th(ms): 125.8, 90th(ms): 184.5, 95th(ms): 226.5, 99th(ms): 268.4, 99.9th(ms): 285.2, Max(ms): 285.2
[Current] PAYMENT - Takes(s): 10.0, Count: 1919, TPM: 11514.3, Sum(ms): 419207.0, Avg(ms): 218.5, 50th(ms): 184.5, 90th(ms): 352.3, 95th(ms): 402.7, 99th(ms): 671.1, 99.9th(ms): 906.0, Max(ms): 1006.6
[Current] STOCK_LEVEL - Takes(s): 9.9, Count: 156, TPM: 941.2, Sum(ms): 16286.3, Avg(ms): 104.3, 50th(ms): 92.3, 90th(ms): 151.0, 95th(ms): 167.8, 99th(ms): 209.7, 99.9th(ms): 570.4, Max(ms): 570.4
[Current] DELIVERY - Takes(s): 10.0, Count: 161, TPM: 966.9, Sum(ms): 155583.3, Avg(ms): 965.7, 50th(ms): 838.9, 90th(ms): 1476.4, 95th(ms): 1543.5, 99th(ms): 2013.3, 99.9th(ms): 2281.7, Max(ms): 2281.7
[Current] NEW_ORDER - Takes(s): 10.0, Count: 1999, TPM: 12001.4, Sum(ms): 627836.1, Avg(ms): 314.3, 50th(ms): 285.2, 90th(ms): 469.8, 95th(ms): 520.1, 99th(ms): 838.9, 99.9th(ms): 973.1, Max(ms): 1140.9
[Current] ORDER_STATUS - Takes(s): 9.8, Count: 186, TPM: 1144.2, Sum(ms): 24850.2, Avg(ms): 133.8, 50th(ms): 125.8, 90th(ms): 176.2, 95th(ms): 243.3, 99th(ms): 318.8, 99.9th(ms): 704.6, Max(ms): 704.6
[Current] PAYMENT - Takes(s): 10.0, Count: 1944, TPM: 11672.2, Sum(ms): 431015.7, Avg(ms): 221.7, 50th(ms): 184.5, 90th(ms): 352.3, 95th(ms): 436.2, 99th(ms): 738.2, 99.9th(ms): 939.5, Max(ms): 1073.7
[Current] STOCK_LEVEL - Takes(s): 10.0, Count: 179, TPM: 1076.5, Sum(ms): 17738.5, Avg(ms): 99.1, 50th(ms): 92.3, 90th(ms): 130.0, 95th(ms): 159.4, 99th(ms): 176.2, 99.9th(ms): 192.9, Max(ms): 192.9
[Current] DELIVERY - Takes(s): 9.9, Count: 163, TPM: 991.1, Sum(ms): 154136.1, Avg(ms): 945.7, 50th(ms): 805.3, 90th(ms): 1409.3, 95th(ms): 1476.4, 99th(ms): 2281.7, 99.9th(ms): 2550.1, Max(ms): 2550.1
[Current] NEW_ORDER - Takes(s): 10.0, Count: 2058, TPM: 12372.5, Sum(ms): 623425.9, Avg(ms): 303.1, 50th(ms): 285.2, 90th(ms): 453.0, 95th(ms): 536.9, 99th(ms): 637.5, 99.9th(ms): 805.3, Max(ms): 838.9
[Current] ORDER_STATUS - Takes(s): 9.7, Count: 178, TPM: 1096.5, Sum(ms): 21886.5, Avg(ms): 122.9, 50th(ms): 121.6, 90th(ms): 151.0, 95th(ms): 192.9, 99th(ms): 260.0, 99.9th(ms): 335.5, Max(ms): 335.5
[Current] PAYMENT - Takes(s): 10.0, Count: 2065, TPM: 12408.3, Sum(ms): 441524.5, Avg(ms): 213.9, 50th(ms): 184.5, 90th(ms): 352.3, 95th(ms): 402.7, 99th(ms): 570.4, 99.9th(ms): 771.8, Max(ms): 838.9
[Current] STOCK_LEVEL - Takes(s): 10.0, Count: 208, TPM: 1248.1, Sum(ms): 20415.6, Avg(ms): 98.0, 50th(ms): 92.3, 90th(ms): 125.8, 95th(ms): 159.4, 99th(ms): 192.9, 99.9th(ms): 318.8, Max(ms): 318.8
Finished
[Summary] DELIVERY - Takes(s): 598.4, Count: 10455, TPM: 1048.3, Sum(ms): 10170336.2, Avg(ms): 973.0, 50th(ms): 872.4, 90th(ms): 1409.3, 95th(ms): 1610.6, 99th(ms): 2147.5, 99.9th(ms): 3087.0, Max(ms): 4026.5
[Summary] NEW_ORDER - Takes(s): 599.2, Count: 118076, TPM: 11822.8, Sum(ms): 37828086.7, Avg(ms): 320.5, 50th(ms): 302.0, 90th(ms): 469.8, 95th(ms): 536.9, 99th(ms): 704.6, 99.9th(ms): 1040.2, Max(ms): 1744.8
[Summary] ORDER_STATUS - Takes(s): 599.4, Count: 10315, TPM: 1032.5, Sum(ms): 1342418.4, Avg(ms): 130.2, 50th(ms): 125.8, 90th(ms): 184.5, 95th(ms): 226.5, 99th(ms): 302.0, 99.9th(ms): 604.0, Max(ms): 805.3
[Summary] PAYMENT - Takes(s): 599.3, Count: 112484, TPM: 11260.6, Sum(ms): 24743259.3, Avg(ms): 220.0, 50th(ms): 192.9, 90th(ms): 352.3, 95th(ms): 402.7, 99th(ms): 637.5, 99.9th(ms): 973.1, Max(ms): 1811.9
[Summary] STOCK_LEVEL - Takes(s): 599.4, Count: 10218, TPM: 1022.9, Sum(ms): 1082654.4, Avg(ms): 105.9, 50th(ms): 96.5, 90th(ms): 151.0, 95th(ms): 176.2, 99th(ms): 234.9, 99.9th(ms): 604.0, Max(ms): 838.9
tpmC: 11822.8, tpmTotal: 26187.2, efficiency: 718.2%
