2026/06/21 06:49:33 maxprocs: Leaving GOMAXPROCS=4: CPU quota undefined
[Current] DELIVERY - Takes(s): 8.9, Count: 6, TPM: 40.6, Sum(ms): 1931.0, Avg(ms): 321.6, 50th(ms): 352.3, 90th(ms): 385.9, 95th(ms): 469.8, 99th(ms): 469.8, 99.9th(ms): 469.8, Max(ms): 469.8
[Current] NEW_ORDER - Takes(s): 8.8, Count: 17, TPM: 115.5, Sum(ms): 5517.0, Avg(ms): 322.3, 50th(ms): 352.3, 90th(ms): 503.3, 95th(ms): 570.4, 99th(ms): 704.6, 99.9th(ms): 704.6, Max(ms): 704.6
[Current] ORDER_STATUS - Takes(s): 9.0, Count: 1, TPM: 6.7, Sum(ms): 235.0, Avg(ms): 239.1, 50th(ms): 243.3, 90th(ms): 243.3, 95th(ms): 243.3, 99th(ms): 243.3, 99.9th(ms): 243.3, Max(ms): 243.3
[Current] PAYMENT - Takes(s): 9.0, Count: 4, TPM: 26.7, Sum(ms): 1122.2, Avg(ms): 282.1, 50th(ms): 285.2, 90th(ms): 318.8, 95th(ms): 318.8, 99th(ms): 318.8, 99.9th(ms): 318.8, Max(ms): 318.8
[Current] STOCK_LEVEL - Takes(s): 9.0, Count: 3, TPM: 20.0, Sum(ms): 505.7, Avg(ms): 168.5, 50th(ms): 201.3, 90th(ms): 243.3, 95th(ms): 243.3, 99th(ms): 243.3, 99.9th(ms): 243.3, Max(ms): 243.3
[2026-06-21 06:49:48] execute run failed, err exec SELECT d_next_o_id, d_tax FROM district WHERE d_id = ? AND d_w_id = ? FOR UPDATE failed pq: LookupByIdRpc(tablet: 072fcef68ed244edac84b0a75935d56d, num_attempts: 2) failed: LookupByIdRpc(tablet: 072fcef68ed244edac84b0a75935d56d, num_attempts: 2) timed out after deadline expired, passed 14.071s of 5.000s
[2026-06-21 06:49:48] execute run failed, err exec SELECT d_next_o_id, d_tax FROM district WHERE d_id = ? AND d_w_id = ? FOR UPDATE failed pq: LookupByIdRpc(tablet: 072fcef68ed244edac84b0a75935d56d, num_attempts: 2) failed: LookupByIdRpc(tablet: 072fcef68ed244edac84b0a75935d56d, num_attempts: 2) timed out after deadline expired, passed 14.071s of 5.000s
[2026-06-21 06:49:48] execute run failed, err exec SELECT d_next_o_id, d_tax FROM district WHERE d_id = ? AND d_w_id = ? FOR UPDATE failed pq: LookupByIdRpc(tablet: 072fcef68ed244edac84b0a75935d56d, num_attempts: 2) failed: LookupByIdRpc(tablet: 072fcef68ed244edac84b0a75935d56d, num_attempts: 2) timed out after deadline expired, passed 14.071s of 5.000s
[2026-06-21 06:49:48] execute run failed, err exec SELECT d_next_o_id, d_tax FROM district WHERE d_id = ? AND d_w_id = ? FOR UPDATE failed pq: LookupByIdRpc(tablet: 3fd058876ecd42ae913c718211b08f0c, num_attempts: 2) failed: LookupByIdRpc(tablet: 3fd058876ecd42ae913c718211b08f0c, num_attempts: 2) timed out after deadline expired, passed 15.013s of 5.000s
execute run failed, err exec SELECT d_next_o_id, d_tax FROM district WHERE d_id = ? AND d_w_id = ? FOR UPDATE failed pq: LookupByIdRpc(tablet: 072fcef68ed244edac84b0a75935d56d, num_attempts: 2) failed: LookupByIdRpc(tablet: 072fcef68ed244edac84b0a75935d56d, num_attempts: 2) timed out after deadline expired, passed 14.071s of 5.000s
execute run failed, err exec SELECT d_next_o_id, d_tax FROM district WHERE d_id = ? AND d_w_id = ? FOR UPDATE failed pq: LookupByIdRpc(tablet: 072fcef68ed244edac84b0a75935d56d, num_attempts: 2) failed: LookupByIdRpc(tablet: 072fcef68ed244edac84b0a75935d56d, num_attempts: 2) timed out after deadline expired, passed 14.071s of 5.000s
execute run failed, err exec SELECT d_next_o_id, d_tax FROM district WHERE d_id = ? AND d_w_id = ? FOR UPDATE failed pq: LookupByIdRpc(tablet: 072fcef68ed244edac84b0a75935d56d, num_attempts: 2) failed: LookupByIdRpc(tablet: 072fcef68ed244edac84b0a75935d56d, num_attempts: 2) timed out after deadline expired, passed 14.071s of 5.000s
execute run failed, err exec SELECT d_next_o_id, d_tax FROM district WHERE d_id = ? AND d_w_id = ? FOR UPDATE failed pq: LookupByIdRpc(tablet: 3fd058876ecd42ae913c718211b08f0c, num_attempts: 2) failed: LookupByIdRpc(tablet: 3fd058876ecd42ae913c718211b08f0c, num_attempts: 2) timed out after deadline expired, passed 15.013s of 5.000s
[Current] DELIVERY - Takes(s): 4.9, Count: 1, TPM: 12.2, Sum(ms): 80.2, Avg(ms): 81.8, 50th(ms): 83.9, 90th(ms): 83.9, 95th(ms): 83.9, 99th(ms): 83.9, 99.9th(ms): 83.9, Max(ms): 83.9
[Current] NEW_ORDER - Takes(s): 5.0, Count: 9, TPM: 107.0, Sum(ms): 30344.1, Avg(ms): 3376.6, 50th(ms): 88.1, 90th(ms): 14495.5, 95th(ms): 15032.4, 99th(ms): 15032.4, 99.9th(ms): 15032.4, Max(ms): 15032.4
[Current] NEW_ORDER_ERR - Takes(s): 5.0, Count: 4, TPM: 47.5, Sum(ms): 55101.6, Avg(ms): 13824.4, 50th(ms): 13958.6, 90th(ms): 14495.5, 95th(ms): 14495.5, 99th(ms): 14495.5, 99.9th(ms): 14495.5, Max(ms): 14495.5
[Current] ORDER_STATUS - Takes(s): 4.9, Count: 2, TPM: 24.5, Sum(ms): 36.8, Avg(ms): 18.4, 50th(ms): 18.9, 90th(ms): 18.9, 95th(ms): 18.9, 99th(ms): 18.9, 99.9th(ms): 18.9, Max(ms): 18.9
[Current] PAYMENT - Takes(s): 5.0, Count: 13, TPM: 155.8, Sum(ms): 186333.8, Avg(ms): 14351.0, 50th(ms): 14495.5, 90th(ms): 15032.4, 95th(ms): 15032.4, 99th(ms): 15032.4, 99.9th(ms): 15032.4, Max(ms): 15032.4
[2026-06-21 06:50:03] execute run failed, err exec SELECT d_next_o_id, d_tax FROM district WHERE d_id = ? AND d_w_id = ? FOR UPDATE failed pq: LookupByIdRpc(tablet: 5c9422cb886d4dd4970e518c8840fa92, num_attempts: 2) failed: LookupByIdRpc(tablet: 5c9422cb886d4dd4970e518c8840fa92, num_attempts: 2) timed out after deadline expired, passed 15.057s of 4.027s
[2026-06-21 06:50:03] execute run failed, err exec SELECT d_next_o_id, d_tax FROM district WHERE d_id = ? AND d_w_id = ? FOR UPDATE failed pq: LookupByIdRpc(tablet: 3125723316c047dab50b9e34b46463ee, num_attempts: 2) failed: LookupByIdRpc(tablet: 3125723316c047dab50b9e34b46463ee, num_attempts: 2) timed out after deadline expired, passed 15.055s of 4.997s
[2026-06-21 06:50:03] execute run failed, err exec SELECT d_next_o_id, d_tax FROM district WHERE d_id = ? AND d_w_id = ? FOR UPDATE failed pq: LookupByIdRpc(tablet: 3125723316c047dab50b9e34b46463ee, num_attempts: 2) failed: LookupByIdRpc(tablet: 3125723316c047dab50b9e34b46463ee, num_attempts: 2) timed out after deadline expired, passed 15.055s of 4.997s
[2026-06-21 06:50:03] execute run failed, err exec SELECT d_next_o_id, d_tax FROM district WHERE d_id = ? AND d_w_id = ? FOR UPDATE failed pq: LookupByIdRpc(tablet: 5c9422cb886d4dd4970e518c8840fa92, num_attempts: 2) failed: LookupByIdRpc(tablet: 5c9422cb886d4dd4970e518c8840fa92, num_attempts: 2) timed out after deadline expired, passed 15.057s of 4.027s
[2026-06-21 06:50:03] execute run failed, err exec SELECT d_next_o_id, d_tax FROM district WHERE d_id = ? AND d_w_id = ? FOR UPDATE failed pq: LookupByIdRpc(tablet: 5c9422cb886d4dd4970e518c8840fa92, num_attempts: 2) failed: LookupByIdRpc(tablet: 5c9422cb886d4dd4970e518c8840fa92, num_attempts: 2) timed out after deadline expired, passed 15.057s of 4.027s
[2026-06-21 06:50:03] execute run failed, err exec SELECT d_next_o_id, d_tax FROM district WHERE d_id = ? AND d_w_id = ? FOR UPDATE failed pq: LookupByIdRpc(tablet: 072fcef68ed244edac84b0a75935d56d, num_attempts: 2) failed: LookupByIdRpc(tablet: 072fcef68ed244edac84b0a75935d56d, num_attempts: 2) timed out after deadline expired, passed 15.064s of 1.517s
[2026-06-21 06:50:03] execute run failed, err exec SELECT d_next_o_id, d_tax FROM district WHERE d_id = ? AND d_w_id = ? FOR UPDATE failed pq: LookupByIdRpc(tablet: 072fcef68ed244edac84b0a75935d56d, num_attempts: 2) failed: LookupByIdRpc(tablet: 072fcef68ed244edac84b0a75935d56d, num_attempts: 2) timed out after deadline expired, passed 15.064s of 1.517s
execute run failed, err exec SELECT d_next_o_id, d_tax FROM district WHERE d_id = ? AND d_w_id = ? FOR UPDATE failed pq: LookupByIdRpc(tablet: 5c9422cb886d4dd4970e518c8840fa92, num_attempts: 2) failed: LookupByIdRpc(tablet: 5c9422cb886d4dd4970e518c8840fa92, num_attempts: 2) timed out after deadline expired, passed 15.057s of 4.027s
execute run failed, err exec SELECT d_next_o_id, d_tax FROM district WHERE d_id = ? AND d_w_id = ? FOR UPDATE failed pq: LookupByIdRpc(tablet: 5c9422cb886d4dd4970e518c8840fa92, num_attempts: 2) failed: LookupByIdRpc(tablet: 5c9422cb886d4dd4970e518c8840fa92, num_attempts: 2) timed out after deadline expired, passed 15.057s of 4.027s
execute run failed, err exec SELECT d_next_o_id, d_tax FROM district WHERE d_id = ? AND d_w_id = ? FOR UPDATE failed pq: LookupByIdRpc(tablet: 5c9422cb886d4dd4970e518c8840fa92, num_attempts: 2) failed: LookupByIdRpc(tablet: 5c9422cb886d4dd4970e518c8840fa92, num_attempts: 2) timed out after deadline expired, passed 15.057s of 4.027s
execute run failed, err exec SELECT d_next_o_id, d_tax FROM district WHERE d_id = ? AND d_w_id = ? FOR UPDATE failed pq: LookupByIdRpc(tablet: 3125723316c047dab50b9e34b46463ee, num_attempts: 2) failed: LookupByIdRpc(tablet: 3125723316c047dab50b9e34b46463ee, num_attempts: 2) timed out after deadline expired, passed 15.055s of 4.997s
execute run failed, err exec SELECT d_next_o_id, d_tax FROM district WHERE d_id = ? AND d_w_id = ? FOR UPDATE failed pq: LookupByIdRpc(tablet: 3125723316c047dab50b9e34b46463ee, num_attempts: 2) failed: LookupByIdRpc(tablet: 3125723316c047dab50b9e34b46463ee, num_attempts: 2) timed out after deadline expired, passed 15.055s of 4.997s
execute run failed, err exec SELECT d_next_o_id, d_tax FROM district WHERE d_id = ? AND d_w_id = ? FOR UPDATE failed pq: LookupByIdRpc(tablet: 072fcef68ed244edac84b0a75935d56d, num_attempts: 2) failed: LookupByIdRpc(tablet: 072fcef68ed244edac84b0a75935d56d, num_attempts: 2) timed out after deadline expired, passed 15.064s of 1.517s
execute run failed, err exec SELECT d_next_o_id, d_tax FROM district WHERE d_id = ? AND d_w_id = ? FOR UPDATE failed pq: LookupByIdRpc(tablet: 072fcef68ed244edac84b0a75935d56d, num_attempts: 2) failed: LookupByIdRpc(tablet: 072fcef68ed244edac84b0a75935d56d, num_attempts: 2) timed out after deadline expired, passed 15.064s of 1.517s
[2026-06-21 06:50:34] execute run failed, err exec SELECT d_next_o_id, d_tax FROM district WHERE d_id = ? AND d_w_id = ? FOR UPDATE failed pq: LookupByIdRpc(tablet: 3fd058876ecd42ae913c718211b08f0c, num_attempts: 2) failed: LookupByIdRpc(tablet: 3fd058876ecd42ae913c718211b08f0c, num_attempts: 2) timed out after deadline expired, passed 15.049s of 4.869s
execute run failed, err exec SELECT d_next_o_id, d_tax FROM district WHERE d_id = ? AND d_w_id = ? FOR UPDATE failed pq: LookupByIdRpc(tablet: 3fd058876ecd42ae913c718211b08f0c, num_attempts: 2) failed: LookupByIdRpc(tablet: 3fd058876ecd42ae913c718211b08f0c, num_attempts: 2) timed out after deadline expired, passed 15.049s of 4.869s
Finished
[Summary] DELIVERY - Takes(s): 104.4, Count: 7, TPM: 4.0, Sum(ms): 2011.2, Avg(ms): 287.3, 50th(ms): 352.3, 90th(ms): 385.9, 95th(ms): 469.8, 99th(ms): 469.8, 99.9th(ms): 469.8, Max(ms): 469.8
[Summary] NEW_ORDER - Takes(s): 104.4, Count: 43, TPM: 24.7, Sum(ms): 1360625.0, Avg(ms): 7095.6, 50th(ms): 570.4, 90th(ms): 16106.1, 95th(ms): 16106.1, 99th(ms): 16106.1, 99.9th(ms): 16106.1, Max(ms): 16106.1
[Summary] NEW_ORDER_ERR - Takes(s): 104.4, Count: 12, TPM: 6.9, Sum(ms): 246310.1, Avg(ms): 14674.5, 50th(ms): 15032.4, 90th(ms): 16106.1, 95th(ms): 16106.1, 99th(ms): 16106.1, 99.9th(ms): 16106.1, Max(ms): 16106.1
[Summary] ORDER_STATUS - Takes(s): 104.5, Count: 3, TPM: 1.7, Sum(ms): 271.8, Avg(ms): 91.9, 50th(ms): 18.9, 90th(ms): 243.3, 95th(ms): 243.3, 99th(ms): 243.3, 99.9th(ms): 243.3, Max(ms): 243.3
[Summary] PAYMENT - Takes(s): 104.5, Count: 52, TPM: 29.9, Sum(ms): 2116542.0, Avg(ms): 14269.4, 50th(ms): 16106.1, 90th(ms): 16106.1, 95th(ms): 16106.1, 99th(ms): 16106.1, 99.9th(ms): 16106.1, Max(ms): 16106.1
[Summary] STOCK_LEVEL - Takes(s): 104.5, Count: 3, TPM: 1.7, Sum(ms): 505.7, Avg(ms): 168.5, 50th(ms): 201.3, 90th(ms): 243.3, 95th(ms): 243.3, 99th(ms): 243.3, 99.9th(ms): 243.3, Max(ms): 243.3
tpmC: 24.7, tpmTotal: 62.0, efficiency: 48.1%
