2026/06/21 03:44:09 maxprocs: Leaving GOMAXPROCS=4: CPU quota undefined
[Current] DELIVERY - Takes(s): 9.5, Count: 36, TPM: 227.4, Sum(ms): 13010.8, Avg(ms): 364.0, 50th(ms): 318.8, 90th(ms): 453.0, 95th(ms): 536.9, 99th(ms): 838.9, 99.9th(ms): 838.9, Max(ms): 838.9
[Current] NEW_ORDER - Takes(s): 9.7, Count: 520, TPM: 3206.1, Sum(ms): 234169.3, Avg(ms): 450.4, 50th(ms): 234.9, 90th(ms): 1073.7, 95th(ms): 1476.4, 99th(ms): 3221.2, 99.9th(ms): 3758.1, Max(ms): 4026.5
[Current] ORDER_STATUS - Takes(s): 9.8, Count: 40, TPM: 245.1, Sum(ms): 1331.4, Avg(ms): 33.2, 50th(ms): 29.4, 90th(ms): 54.5, 95th(ms): 65.0, 99th(ms): 79.7, 99.9th(ms): 79.7, Max(ms): 79.7
[Current] PAYMENT - Takes(s): 9.7, Count: 508, TPM: 3129.2, Sum(ms): 322208.7, Avg(ms): 635.2, 50th(ms): 503.3, 90th(ms): 1208.0, 95th(ms): 1543.5, 99th(ms): 2415.9, 99.9th(ms): 2952.8, Max(ms): 3221.2
[Current] STOCK_LEVEL - Takes(s): 9.8, Count: 43, TPM: 262.7, Sum(ms): 1508.0, Avg(ms): 35.2, 50th(ms): 21.0, 90th(ms): 75.5, 95th(ms): 96.5, 99th(ms): 218.1, 99.9th(ms): 218.1, Max(ms): 218.1
[Current] DELIVERY - Takes(s): 9.6, Count: 35, TPM: 219.1, Sum(ms): 12052.1, Avg(ms): 346.6, 50th(ms): 318.8, 90th(ms): 536.9, 95th(ms): 570.4, 99th(ms): 604.0, 99.9th(ms): 604.0, Max(ms): 604.0
[Current] NEW_ORDER - Takes(s): 10.0, Count: 477, TPM: 2864.9, Sum(ms): 332896.3, Avg(ms): 697.8, 50th(ms): 151.0, 90th(ms): 2080.4, 95th(ms): 3623.9, 99th(ms): 5637.1, 99.9th(ms): 10200.5, Max(ms): 10200.5
[Current] ORDER_STATUS - Takes(s): 9.7, Count: 39, TPM: 241.3, Sum(ms): 1068.2, Avg(ms): 27.4, 50th(ms): 27.3, 90th(ms): 29.4, 95th(ms): 30.4, 99th(ms): 30.4, 99.9th(ms): 30.4, Max(ms): 30.4
[Current] PAYMENT - Takes(s): 10.0, Count: 507, TPM: 3042.8, Sum(ms): 265068.9, Avg(ms): 523.3, 50th(ms): 419.4, 90th(ms): 1040.2, 95th(ms): 1409.3, 99th(ms): 1879.0, 99.9th(ms): 2080.4, Max(ms): 2080.4
[Current] STOCK_LEVEL - Takes(s): 10.0, Count: 38, TPM: 228.4, Sum(ms): 838.4, Avg(ms): 22.1, 50th(ms): 16.8, 90th(ms): 33.6, 95th(ms): 46.1, 99th(ms): 54.5, 99.9th(ms): 54.5, Max(ms): 54.5
[Current] DELIVERY - Takes(s): 9.2, Count: 42, TPM: 272.9, Sum(ms): 15126.8, Avg(ms): 362.9, 50th(ms): 318.8, 90th(ms): 570.4, 95th(ms): 604.0, 99th(ms): 738.2, 99.9th(ms): 738.2, Max(ms): 738.2
[Current] NEW_ORDER - Takes(s): 10.0, Count: 468, TPM: 2812.9, Sum(ms): 355263.7, Avg(ms): 757.8, 50th(ms): 159.4, 90th(ms): 2013.3, 95th(ms): 3892.3, 99th(ms): 7516.2, 99.9th(ms): 13421.8, Max(ms): 13421.8
[Current] ORDER_STATUS - Takes(s): 9.7, Count: 50, TPM: 307.9, Sum(ms): 1385.6, Avg(ms): 27.7, 50th(ms): 28.3, 90th(ms): 30.4, 95th(ms): 31.5, 99th(ms): 33.6, 99.9th(ms): 33.6, Max(ms): 33.6
[Current] PAYMENT - Takes(s): 10.0, Count: 476, TPM: 2858.1, Sum(ms): 243172.9, Avg(ms): 511.3, 50th(ms): 436.2, 90th(ms): 1073.7, 95th(ms): 1275.1, 99th(ms): 1946.2, 99.9th(ms): 2281.7, Max(ms): 2281.7
[Current] STOCK_LEVEL - Takes(s): 9.2, Count: 43, TPM: 281.9, Sum(ms): 1128.6, Avg(ms): 26.3, 50th(ms): 16.8, 90th(ms): 62.9, 95th(ms): 62.9, 99th(ms): 159.4, 99.9th(ms): 159.4, Max(ms): 159.4
Finished
[Summary] DELIVERY - Takes(s): 31.4, Count: 114, TPM: 217.9, Sum(ms): 40500.4, Avg(ms): 357.8, 50th(ms): 318.8, 90th(ms): 536.9, 95th(ms): 604.0, 99th(ms): 738.2, 99.9th(ms): 838.9, Max(ms): 838.9
[Summary] NEW_ORDER - Takes(s): 31.6, Count: 1502, TPM: 2849.2, Sum(ms): 1052425.0, Avg(ms): 697.3, 50th(ms): 184.5, 90th(ms): 1744.8, 95th(ms): 3355.4, 99th(ms): 7247.8, 99.9th(ms): 12348.0, Max(ms): 16106.1
[Summary] ORDER_STATUS - Takes(s): 31.7, Count: 129, TPM: 244.2, Sum(ms): 3785.1, Avg(ms): 29.3, 50th(ms): 28.3, 90th(ms): 30.4, 95th(ms): 35.7, 99th(ms): 71.3, 99.9th(ms): 79.7, Max(ms): 79.7
[Summary] PAYMENT - Takes(s): 31.6, Count: 1517, TPM: 2876.8, Sum(ms): 849992.2, Avg(ms): 560.9, 50th(ms): 469.8, 90th(ms): 1140.9, 95th(ms): 1409.3, 99th(ms): 2013.3, 99.9th(ms): 2952.8, Max(ms): 3221.2
[Summary] STOCK_LEVEL - Takes(s): 31.7, Count: 124, TPM: 234.6, Sum(ms): 3475.0, Avg(ms): 28.1, 50th(ms): 17.8, 90th(ms): 54.5, 95th(ms): 75.5, 99th(ms): 159.4, 99.9th(ms): 218.1, Max(ms): 218.1
tpmC: 2849.1, tpmTotal: 6422.6, efficiency: 5538.8%
