2026/06/20 22:02:59 maxprocs: Leaving GOMAXPROCS=4: CPU quota undefined
[Current] DELIVERY - Takes(s): 9.1, Count: 36, TPM: 236.7, Sum(ms): 21320.5, Avg(ms): 594.0, 50th(ms): 469.8, 90th(ms): 906.0, 95th(ms): 1073.7, 99th(ms): 1208.0, 99.9th(ms): 1208.0, Max(ms): 1208.0
[Current] NEW_ORDER - Takes(s): 9.7, Count: 427, TPM: 2645.5, Sum(ms): 259757.9, Avg(ms): 608.5, 50th(ms): 536.9, 90th(ms): 1140.9, 95th(ms): 1275.1, 99th(ms): 1610.6, 99.9th(ms): 1811.9, Max(ms): 1811.9
[Current] ORDER_STATUS - Takes(s): 9.7, Count: 35, TPM: 216.6, Sum(ms): 2634.8, Avg(ms): 75.1, 50th(ms): 79.7, 90th(ms): 92.3, 95th(ms): 96.5, 99th(ms): 130.0, 99.9th(ms): 130.0, Max(ms): 130.0
[Current] PAYMENT - Takes(s): 9.6, Count: 406, TPM: 2530.3, Sum(ms): 305641.4, Avg(ms): 753.8, 50th(ms): 805.3, 90th(ms): 1208.0, 95th(ms): 1342.2, 99th(ms): 1610.6, 99.9th(ms): 1811.9, Max(ms): 1811.9
[Current] STOCK_LEVEL - Takes(s): 9.6, Count: 34, TPM: 212.5, Sum(ms): 1990.5, Avg(ms): 58.6, 50th(ms): 58.7, 90th(ms): 62.9, 95th(ms): 65.0, 99th(ms): 125.8, 99.9th(ms): 125.8, Max(ms): 125.8
[Current] DELIVERY - Takes(s): 9.6, Count: 40, TPM: 249.5, Sum(ms): 24277.3, Avg(ms): 606.1, 50th(ms): 469.8, 90th(ms): 1006.6, 95th(ms): 1073.7, 99th(ms): 1409.3, 99.9th(ms): 1409.3, Max(ms): 1409.3
[Current] NEW_ORDER - Takes(s): 10.0, Count: 420, TPM: 2526.8, Sum(ms): 275219.8, Avg(ms): 656.2, 50th(ms): 419.4, 90th(ms): 1543.5, 95th(ms): 1946.2, 99th(ms): 2550.1, 99.9th(ms): 2684.4, Max(ms): 2684.4
[Current] ORDER_STATUS - Takes(s): 9.8, Count: 27, TPM: 164.5, Sum(ms): 2034.4, Avg(ms): 75.2, 50th(ms): 79.7, 90th(ms): 83.9, 95th(ms): 83.9, 99th(ms): 88.1, 99.9th(ms): 88.1, Max(ms): 88.1
[Current] PAYMENT - Takes(s): 10.0, Count: 391, TPM: 2348.4, Sum(ms): 334493.0, Avg(ms): 855.4, 50th(ms): 704.6, 90th(ms): 1879.0, 95th(ms): 2080.4, 99th(ms): 2415.9, 99.9th(ms): 2684.4, Max(ms): 2684.4
[Current] STOCK_LEVEL - Takes(s): 9.8, Count: 37, TPM: 225.8, Sum(ms): 1981.8, Avg(ms): 53.8, 50th(ms): 54.5, 90th(ms): 56.6, 95th(ms): 56.6, 99th(ms): 60.8, 99.9th(ms): 60.8, Max(ms): 60.8
[Current] DELIVERY - Takes(s): 10.0, Count: 35, TPM: 210.3, Sum(ms): 18947.3, Avg(ms): 540.7, 50th(ms): 453.0, 90th(ms): 838.9, 95th(ms): 838.9, 99th(ms): 1006.6, 99.9th(ms): 1006.6, Max(ms): 1006.6
[Current] NEW_ORDER - Takes(s): 10.0, Count: 409, TPM: 2454.0, Sum(ms): 273548.0, Avg(ms): 669.6, 50th(ms): 469.8, 90th(ms): 1543.5, 95th(ms): 1811.9, 99th(ms): 2080.4, 99.9th(ms): 2147.5, Max(ms): 2147.5
[Current] ORDER_STATUS - Takes(s): 9.7, Count: 33, TPM: 204.1, Sum(ms): 2435.7, Avg(ms): 73.5, 50th(ms): 79.7, 90th(ms): 83.9, 95th(ms): 83.9, 99th(ms): 83.9, 99.9th(ms): 83.9, Max(ms): 83.9
[Current] PAYMENT - Takes(s): 10.0, Count: 403, TPM: 2421.7, Sum(ms): 316401.5, Avg(ms): 784.9, 50th(ms): 637.5, 90th(ms): 1811.9, 95th(ms): 1946.2, 99th(ms): 2281.7, 99.9th(ms): 2550.1, Max(ms): 2550.1
[Current] STOCK_LEVEL - Takes(s): 9.9, Count: 40, TPM: 241.6, Sum(ms): 2090.6, Avg(ms): 52.4, 50th(ms): 52.4, 90th(ms): 54.5, 95th(ms): 56.6, 99th(ms): 56.6, 99.9th(ms): 56.6, Max(ms): 56.6
Finished
[Summary] DELIVERY - Takes(s): 31.0, Count: 112, TPM: 216.8, Sum(ms): 65109.0, Avg(ms): 581.3, 50th(ms): 469.8, 90th(ms): 906.0, 95th(ms): 1040.2, 99th(ms): 1208.0, 99.9th(ms): 1409.3, Max(ms): 1409.3
[Summary] NEW_ORDER - Takes(s): 31.6, Count: 1291, TPM: 2454.7, Sum(ms): 861188.5, Avg(ms): 667.8, 50th(ms): 486.5, 90th(ms): 1476.4, 95th(ms): 1811.9, 99th(ms): 2415.9, 99.9th(ms): 2684.4, Max(ms): 2684.4
[Summary] ORDER_STATUS - Takes(s): 31.6, Count: 95, TPM: 180.6, Sum(ms): 7104.9, Avg(ms): 74.6, 50th(ms): 79.7, 90th(ms): 83.9, 95th(ms): 83.9, 99th(ms): 100.7, 99.9th(ms): 130.0, Max(ms): 130.0
[Summary] PAYMENT - Takes(s): 31.5, Count: 1228, TPM: 2339.1, Sum(ms): 1003961.5, Avg(ms): 817.9, 50th(ms): 738.2, 90th(ms): 1677.7, 95th(ms): 1946.2, 99th(ms): 2415.9, 99.9th(ms): 2684.4, Max(ms): 2818.6
[Summary] STOCK_LEVEL - Takes(s): 31.5, Count: 111, TPM: 211.6, Sum(ms): 6062.9, Avg(ms): 54.7, 50th(ms): 54.5, 90th(ms): 58.7, 95th(ms): 60.8, 99th(ms): 65.0, 99.9th(ms): 125.8, Max(ms): 125.8
tpmC: 2454.7, tpmTotal: 5402.8, efficiency: 4771.9%
