==> [start] phase1-apply at 2026-06-22T10:08:20+0800 (timeout=1200   s)
cd iac-idc && terraform apply -auto-approve
[0m[1mdata.vsphere_custom_attribute.attrs["AZ"]: Reading...[0m[0m
[0m[1mdata.vsphere_custom_attribute.attrs["DeveloperOwner"]: Reading...[0m[0m
[0m[1mdata.vsphere_custom_attribute.attrs["Group"]: Reading...[0m[0m
[0m[1mdata.vsphere_custom_attribute.attrs["SystemOwner"]: Reading...[0m[0m
[0m[1mdata.vsphere_datacenter.dc: Reading...[0m[0m
[0m[1mdata.vsphere_custom_attribute.attrs["BillUnit"]: Reading...[0m[0m
[0m[1mdata.vsphere_custom_attribute.attrs["BillDomain"]: Reading...[0m[0m
[0m[1mdata.vsphere_custom_attribute.attrs["DeveloperOwner"]: Read complete after 0s [id=3404][0m
[0m[1mdata.vsphere_custom_attribute.attrs["Group"]: Read complete after 0s [id=3402][0m
[0m[1mdata.vsphere_custom_attribute.attrs["BillUnit"]: Read complete after 0s [id=3405][0m
[0m[1mdata.vsphere_custom_attribute.attrs["AZ"]: Read complete after 0s [id=3408][0m
[0m[1mdata.vsphere_custom_attribute.attrs["BillDomain"]: Read complete after 0s [id=3406][0m
[0m[1mdata.vsphere_custom_attribute.attrs["SystemOwner"]: Read complete after 0s [id=3403][0m
[0m[1mdata.vsphere_datacenter.dc: Read complete after 1s [id=datacenter-3][0m
[0m[1mdata.vsphere_network.network: Reading...[0m[0m
[0m[1mdata.vsphere_resource_pool.pool: Reading...[0m[0m
[0m[1mdata.vsphere_compute_cluster.cluster: Reading...[0m[0m
[0m[1mdata.vsphere_datastore.vm_ds: Reading...[0m[0m
[0m[1mdata.vsphere_virtual_machine.template: Reading...[0m[0m
[0m[1mdata.vsphere_compute_cluster.cluster: Read complete after 0s [id=domain-c8][0m
[0m[1mdata.vsphere_network.network: Read complete after 0s [id=network-2030][0m
[0m[1mdata.vsphere_datastore.vm_ds: Read complete after 0s [id=datastore-5038][0m
[0m[1mdata.vsphere_resource_pool.pool: Read complete after 0s [id=resgroup-49188][0m
[0m[1mdata.vsphere_virtual_machine.template: Read complete after 1s [id=4218349d-19cc-c899-c5d7-edca6ec427fc][0m

Terraform used the selected providers to generate the following execution
plan. Resource actions are indicated with the following symbols:
  [32m+[0m create[0m

Terraform will perform the following actions:

[1m  # vsphere_virtual_machine.poc["l-test-poc-1"][0m will be created
[0m  [32m+[0m[0m resource "vsphere_virtual_machine" "poc" {
      [32m+[0m[0m annotation                              = (known after apply)
      [32m+[0m[0m boot_retry_delay                        = 10000
      [32m+[0m[0m change_version                          = (known after apply)
      [32m+[0m[0m cpu_limit                               = -1
      [32m+[0m[0m cpu_share_count                         = (known after apply)
      [32m+[0m[0m cpu_share_level                         = "normal"
      [32m+[0m[0m custom_attributes                       = {
          [32m+[0m[0m "3402" = "unknow4"
          [32m+[0m[0m "3403" = "unknow5"
          [32m+[0m[0m "3404" = "unknow3"
          [32m+[0m[0m "3405" = "unknow2"
          [32m+[0m[0m "3406" = "unknow1"
          [32m+[0m[0m "3408" = "AZ_INFRA_DB"
        }
      [32m+[0m[0m datastore_id                            = "datastore-5038"
      [32m+[0m[0m default_ip_address                      = (known after apply)
      [32m+[0m[0m ept_rvi_mode                            = (known after apply)
      [32m+[0m[0m extra_config_reboot_required            = true
      [32m+[0m[0m firmware                                = "efi"
      [32m+[0m[0m force_power_off                         = true
      [32m+[0m[0m guest_id                                = "almalinux_64Guest"
      [32m+[0m[0m guest_ip_addresses                      = (known after apply)
      [32m+[0m[0m hardware_version                        = 21
      [32m+[0m[0m host_system_id                          = (known after apply)
      [32m+[0m[0m hv_mode                                 = (known after apply)
      [32m+[0m[0m id                                      = (known after apply)
      [32m+[0m[0m ide_controller_count                    = 2
      [32m+[0m[0m imported                                = (known after apply)
      [32m+[0m[0m latency_sensitivity                     = "normal"
      [32m+[0m[0m memory                                  = 16384
      [32m+[0m[0m memory_limit                            = -1
      [32m+[0m[0m memory_share_count                      = (known after apply)
      [32m+[0m[0m memory_share_level                      = "normal"
      [32m+[0m[0m migrate_wait_timeout                    = 30
      [32m+[0m[0m moid                                    = (known after apply)
      [32m+[0m[0m name                                    = "l-test-poc-1"
      [32m+[0m[0m num_cores_per_socket                    = 1
      [32m+[0m[0m num_cpus                                = 4
      [32m+[0m[0m nvme_controller_count                   = 0
      [32m+[0m[0m power_state                             = (known after apply)
      [32m+[0m[0m poweron_timeout                         = 300
      [32m+[0m[0m reboot_required                         = (known after apply)
      [32m+[0m[0m resource_pool_id                        = "resgroup-49188"
      [32m+[0m[0m run_tools_scripts_after_power_on        = true
      [32m+[0m[0m run_tools_scripts_after_resume          = true
      [32m+[0m[0m run_tools_scripts_before_guest_shutdown = true
      [32m+[0m[0m run_tools_scripts_before_guest_standby  = true
      [32m+[0m[0m sata_controller_count                   = 0
      [32m+[0m[0m scsi_bus_sharing                        = "noSharing"
      [32m+[0m[0m scsi_controller_count                   = 1
      [32m+[0m[0m scsi_type                               = "pvscsi"
      [32m+[0m[0m shutdown_wait_timeout                   = 3
      [32m+[0m[0m storage_policy_id                       = (known after apply)
      [32m+[0m[0m swap_placement_policy                   = "inherit"
      [32m+[0m[0m sync_time_with_host                     = true
      [32m+[0m[0m tools_upgrade_policy                    = "manual"
      [32m+[0m[0m uuid                                    = (known after apply)
      [32m+[0m[0m vapp_transport                          = (known after apply)
      [32m+[0m[0m vmware_tools_status                     = (known after apply)
      [32m+[0m[0m vmx_path                                = (known after apply)
      [32m+[0m[0m wait_for_guest_ip_timeout               = 5
      [32m+[0m[0m wait_for_guest_net_routable             = true
      [32m+[0m[0m wait_for_guest_net_timeout              = 5

      [32m+[0m[0m clone {
          [32m+[0m[0m template_uuid = "4218349d-19cc-c899-c5d7-edca6ec427fc"
          [32m+[0m[0m timeout       = 30

          [32m+[0m[0m customize {
              [32m+[0m[0m dns_server_list = [
                  [32m+[0m[0m "172.19.254.5",
                ]
              [32m+[0m[0m dns_suffix_list = [
                  [32m+[0m[0m "db.104dc-dev.com",
                ]
              [32m+[0m[0m ipv4_gateway    = "172.24.32.1"
              [32m+[0m[0m timeout         = 10

              [32m+[0m[0m linux_options {
                  [32m+[0m[0m domain       = "db.104dc-dev.com"
                  [32m+[0m[0m host_name    = "l-test-poc-1"
                  [32m+[0m[0m hw_clock_utc = true
                }

              [32m+[0m[0m network_interface {
                  [32m+[0m[0m ipv4_address = "172.24.40.32"
                  [32m+[0m[0m ipv4_netmask = 20
                }
            }
        }

      [32m+[0m[0m disk {
          [32m+[0m[0m attach            = false
          [32m+[0m[0m controller_type   = "scsi"
          [32m+[0m[0m datastore_id      = "<computed>"
          [32m+[0m[0m device_address    = (known after apply)
          [32m+[0m[0m disk_mode         = "persistent"
          [32m+[0m[0m disk_sharing      = "sharingNone"
          [32m+[0m[0m eagerly_scrub     = false
          [32m+[0m[0m io_limit          = -1
          [32m+[0m[0m io_reservation    = 0
          [32m+[0m[0m io_share_count    = 0
          [32m+[0m[0m io_share_level    = "normal"
          [32m+[0m[0m keep_on_remove    = false
          [32m+[0m[0m key               = 0
          [32m+[0m[0m label             = "disk0"
          [32m+[0m[0m path              = (known after apply)
          [32m+[0m[0m size              = 100
          [32m+[0m[0m storage_policy_id = (known after apply)
          [32m+[0m[0m thin_provisioned  = true
          [32m+[0m[0m unit_number       = 0
          [32m+[0m[0m uuid              = (known after apply)
          [32m+[0m[0m write_through     = false
        }

      [32m+[0m[0m network_interface {
          [32m+[0m[0m adapter_type          = "vmxnet3"
          [32m+[0m[0m bandwidth_limit       = -1
          [32m+[0m[0m bandwidth_reservation = 0
          [32m+[0m[0m bandwidth_share_count = (known after apply)
          [32m+[0m[0m bandwidth_share_level = "normal"
          [32m+[0m[0m device_address        = (known after apply)
          [32m+[0m[0m external_port_id      = (known after apply)
          [32m+[0m[0m key                   = (known after apply)
          [32m+[0m[0m mac_address           = (known after apply)
          [32m+[0m[0m network_id            = "network-2030"
        }
    }

[1m  # vsphere_virtual_machine.poc["l-test-poc-2"][0m will be created
[0m  [32m+[0m[0m resource "vsphere_virtual_machine" "poc" {
      [32m+[0m[0m annotation                              = (known after apply)
      [32m+[0m[0m boot_retry_delay                        = 10000
      [32m+[0m[0m change_version                          = (known after apply)
      [32m+[0m[0m cpu_limit                               = -1
      [32m+[0m[0m cpu_share_count                         = (known after apply)
      [32m+[0m[0m cpu_share_level                         = "normal"
      [32m+[0m[0m custom_attributes                       = {
          [32m+[0m[0m "3402" = "unknow4"
          [32m+[0m[0m "3403" = "unknow5"
          [32m+[0m[0m "3404" = "unknow3"
          [32m+[0m[0m "3405" = "unknow2"
          [32m+[0m[0m "3406" = "unknow1"
          [32m+[0m[0m "3408" = "AZ_INFRA_DB"
        }
      [32m+[0m[0m datastore_id                            = "datastore-5038"
      [32m+[0m[0m default_ip_address                      = (known after apply)
      [32m+[0m[0m ept_rvi_mode                            = (known after apply)
      [32m+[0m[0m extra_config_reboot_required            = true
      [32m+[0m[0m firmware                                = "efi"
      [32m+[0m[0m force_power_off                         = true
      [32m+[0m[0m guest_id                                = "almalinux_64Guest"
      [32m+[0m[0m guest_ip_addresses                      = (known after apply)
      [32m+[0m[0m hardware_version                        = 21
      [32m+[0m[0m host_system_id                          = (known after apply)
      [32m+[0m[0m hv_mode                                 = (known after apply)
      [32m+[0m[0m id                                      = (known after apply)
      [32m+[0m[0m ide_controller_count                    = 2
      [32m+[0m[0m imported                                = (known after apply)
      [32m+[0m[0m latency_sensitivity                     = "normal"
      [32m+[0m[0m memory                                  = 16384
      [32m+[0m[0m memory_limit                            = -1
      [32m+[0m[0m memory_share_count                      = (known after apply)
      [32m+[0m[0m memory_share_level                      = "normal"
      [32m+[0m[0m migrate_wait_timeout                    = 30
      [32m+[0m[0m moid                                    = (known after apply)
      [32m+[0m[0m name                                    = "l-test-poc-2"
      [32m+[0m[0m num_cores_per_socket                    = 1
      [32m+[0m[0m num_cpus                                = 4
      [32m+[0m[0m nvme_controller_count                   = 0
      [32m+[0m[0m power_state                             = (known after apply)
      [32m+[0m[0m poweron_timeout                         = 300
      [32m+[0m[0m reboot_required                         = (known after apply)
      [32m+[0m[0m resource_pool_id                        = "resgroup-49188"
      [32m+[0m[0m run_tools_scripts_after_power_on        = true
      [32m+[0m[0m run_tools_scripts_after_resume          = true
      [32m+[0m[0m run_tools_scripts_before_guest_shutdown = true
      [32m+[0m[0m run_tools_scripts_before_guest_standby  = true
      [32m+[0m[0m sata_controller_count                   = 0
      [32m+[0m[0m scsi_bus_sharing                        = "noSharing"
      [32m+[0m[0m scsi_controller_count                   = 1
      [32m+[0m[0m scsi_type                               = "pvscsi"
      [32m+[0m[0m shutdown_wait_timeout                   = 3
      [32m+[0m[0m storage_policy_id                       = (known after apply)
      [32m+[0m[0m swap_placement_policy                   = "inherit"
      [32m+[0m[0m sync_time_with_host                     = true
      [32m+[0m[0m tools_upgrade_policy                    = "manual"
      [32m+[0m[0m uuid                                    = (known after apply)
      [32m+[0m[0m vapp_transport                          = (known after apply)
      [32m+[0m[0m vmware_tools_status                     = (known after apply)
      [32m+[0m[0m vmx_path                                = (known after apply)
      [32m+[0m[0m wait_for_guest_ip_timeout               = 5
      [32m+[0m[0m wait_for_guest_net_routable             = true
      [32m+[0m[0m wait_for_guest_net_timeout              = 5

      [32m+[0m[0m clone {
          [32m+[0m[0m template_uuid = "4218349d-19cc-c899-c5d7-edca6ec427fc"
          [32m+[0m[0m timeout       = 30

          [32m+[0m[0m customize {
              [32m+[0m[0m dns_server_list = [
                  [32m+[0m[0m "172.19.254.5",
                ]
              [32m+[0m[0m dns_suffix_list = [
                  [32m+[0m[0m "db.104dc-dev.com",
                ]
              [32m+[0m[0m ipv4_gateway    = "172.24.32.1"
              [32m+[0m[0m timeout         = 10

              [32m+[0m[0m linux_options {
                  [32m+[0m[0m domain       = "db.104dc-dev.com"
                  [32m+[0m[0m host_name    = "l-test-poc-2"
                  [32m+[0m[0m hw_clock_utc = true
                }

              [32m+[0m[0m network_interface {
                  [32m+[0m[0m ipv4_address = "172.24.40.33"
                  [32m+[0m[0m ipv4_netmask = 20
                }
            }
        }

      [32m+[0m[0m disk {
          [32m+[0m[0m attach            = false
          [32m+[0m[0m controller_type   = "scsi"
          [32m+[0m[0m datastore_id      = "<computed>"
          [32m+[0m[0m device_address    = (known after apply)
          [32m+[0m[0m disk_mode         = "persistent"
          [32m+[0m[0m disk_sharing      = "sharingNone"
          [32m+[0m[0m eagerly_scrub     = false
          [32m+[0m[0m io_limit          = -1
          [32m+[0m[0m io_reservation    = 0
          [32m+[0m[0m io_share_count    = 0
          [32m+[0m[0m io_share_level    = "normal"
          [32m+[0m[0m keep_on_remove    = false
          [32m+[0m[0m key               = 0
          [32m+[0m[0m label             = "disk0"
          [32m+[0m[0m path              = (known after apply)
          [32m+[0m[0m size              = 100
          [32m+[0m[0m storage_policy_id = (known after apply)
          [32m+[0m[0m thin_provisioned  = true
          [32m+[0m[0m unit_number       = 0
          [32m+[0m[0m uuid              = (known after apply)
          [32m+[0m[0m write_through     = false
        }

      [32m+[0m[0m network_interface {
          [32m+[0m[0m adapter_type          = "vmxnet3"
          [32m+[0m[0m bandwidth_limit       = -1
          [32m+[0m[0m bandwidth_reservation = 0
          [32m+[0m[0m bandwidth_share_count = (known after apply)
          [32m+[0m[0m bandwidth_share_level = "normal"
          [32m+[0m[0m device_address        = (known after apply)
          [32m+[0m[0m external_port_id      = (known after apply)
          [32m+[0m[0m key                   = (known after apply)
          [32m+[0m[0m mac_address           = (known after apply)
          [32m+[0m[0m network_id            = "network-2030"
        }
    }

[1m  # vsphere_virtual_machine.poc["l-test-poc-3"][0m will be created
[0m  [32m+[0m[0m resource "vsphere_virtual_machine" "poc" {
      [32m+[0m[0m annotation                              = (known after apply)
      [32m+[0m[0m boot_retry_delay                        = 10000
      [32m+[0m[0m change_version                          = (known after apply)
      [32m+[0m[0m cpu_limit                               = -1
      [32m+[0m[0m cpu_share_count                         = (known after apply)
      [32m+[0m[0m cpu_share_level                         = "normal"
      [32m+[0m[0m custom_attributes                       = {
          [32m+[0m[0m "3402" = "unknow4"
          [32m+[0m[0m "3403" = "unknow5"
          [32m+[0m[0m "3404" = "unknow3"
          [32m+[0m[0m "3405" = "unknow2"
          [32m+[0m[0m "3406" = "unknow1"
          [32m+[0m[0m "3408" = "AZ_INFRA_DB"
        }
      [32m+[0m[0m datastore_id                            = "datastore-5038"
      [32m+[0m[0m default_ip_address                      = (known after apply)
      [32m+[0m[0m ept_rvi_mode                            = (known after apply)
      [32m+[0m[0m extra_config_reboot_required            = true
      [32m+[0m[0m firmware                                = "efi"
      [32m+[0m[0m force_power_off                         = true
      [32m+[0m[0m guest_id                                = "almalinux_64Guest"
      [32m+[0m[0m guest_ip_addresses                      = (known after apply)
      [32m+[0m[0m hardware_version                        = 21
      [32m+[0m[0m host_system_id                          = (known after apply)
      [32m+[0m[0m hv_mode                                 = (known after apply)
      [32m+[0m[0m id                                      = (known after apply)
      [32m+[0m[0m ide_controller_count                    = 2
      [32m+[0m[0m imported                                = (known after apply)
      [32m+[0m[0m latency_sensitivity                     = "normal"
      [32m+[0m[0m memory                                  = 16384
      [32m+[0m[0m memory_limit                            = -1
      [32m+[0m[0m memory_share_count                      = (known after apply)
      [32m+[0m[0m memory_share_level                      = "normal"
      [32m+[0m[0m migrate_wait_timeout                    = 30
      [32m+[0m[0m moid                                    = (known after apply)
      [32m+[0m[0m name                                    = "l-test-poc-3"
      [32m+[0m[0m num_cores_per_socket                    = 1
      [32m+[0m[0m num_cpus                                = 4
      [32m+[0m[0m nvme_controller_count                   = 0
      [32m+[0m[0m power_state                             = (known after apply)
      [32m+[0m[0m poweron_timeout                         = 300
      [32m+[0m[0m reboot_required                         = (known after apply)
      [32m+[0m[0m resource_pool_id                        = "resgroup-49188"
      [32m+[0m[0m run_tools_scripts_after_power_on        = true
      [32m+[0m[0m run_tools_scripts_after_resume          = true
      [32m+[0m[0m run_tools_scripts_before_guest_shutdown = true
      [32m+[0m[0m run_tools_scripts_before_guest_standby  = true
      [32m+[0m[0m sata_controller_count                   = 0
      [32m+[0m[0m scsi_bus_sharing                        = "noSharing"
      [32m+[0m[0m scsi_controller_count                   = 1
      [32m+[0m[0m scsi_type                               = "pvscsi"
      [32m+[0m[0m shutdown_wait_timeout                   = 3
      [32m+[0m[0m storage_policy_id                       = (known after apply)
      [32m+[0m[0m swap_placement_policy                   = "inherit"
      [32m+[0m[0m sync_time_with_host                     = true
      [32m+[0m[0m tools_upgrade_policy                    = "manual"
      [32m+[0m[0m uuid                                    = (known after apply)
      [32m+[0m[0m vapp_transport                          = (known after apply)
      [32m+[0m[0m vmware_tools_status                     = (known after apply)
      [32m+[0m[0m vmx_path                                = (known after apply)
      [32m+[0m[0m wait_for_guest_ip_timeout               = 5
      [32m+[0m[0m wait_for_guest_net_routable             = true
      [32m+[0m[0m wait_for_guest_net_timeout              = 5

      [32m+[0m[0m clone {
          [32m+[0m[0m template_uuid = "4218349d-19cc-c899-c5d7-edca6ec427fc"
          [32m+[0m[0m timeout       = 30

          [32m+[0m[0m customize {
              [32m+[0m[0m dns_server_list = [
                  [32m+[0m[0m "172.19.254.5",
                ]
              [32m+[0m[0m dns_suffix_list = [
                  [32m+[0m[0m "db.104dc-dev.com",
                ]
              [32m+[0m[0m ipv4_gateway    = "172.24.32.1"
              [32m+[0m[0m timeout         = 10

              [32m+[0m[0m linux_options {
                  [32m+[0m[0m domain       = "db.104dc-dev.com"
                  [32m+[0m[0m host_name    = "l-test-poc-3"
                  [32m+[0m[0m hw_clock_utc = true
                }

              [32m+[0m[0m network_interface {
                  [32m+[0m[0m ipv4_address = "172.24.40.34"
                  [32m+[0m[0m ipv4_netmask = 20
                }
            }
        }

      [32m+[0m[0m disk {
          [32m+[0m[0m attach            = false
          [32m+[0m[0m controller_type   = "scsi"
          [32m+[0m[0m datastore_id      = "<computed>"
          [32m+[0m[0m device_address    = (known after apply)
          [32m+[0m[0m disk_mode         = "persistent"
          [32m+[0m[0m disk_sharing      = "sharingNone"
          [32m+[0m[0m eagerly_scrub     = false
          [32m+[0m[0m io_limit          = -1
          [32m+[0m[0m io_reservation    = 0
          [32m+[0m[0m io_share_count    = 0
          [32m+[0m[0m io_share_level    = "normal"
          [32m+[0m[0m keep_on_remove    = false
          [32m+[0m[0m key               = 0
          [32m+[0m[0m label             = "disk0"
          [32m+[0m[0m path              = (known after apply)
          [32m+[0m[0m size              = 100
          [32m+[0m[0m storage_policy_id = (known after apply)
          [32m+[0m[0m thin_provisioned  = true
          [32m+[0m[0m unit_number       = 0
          [32m+[0m[0m uuid              = (known after apply)
          [32m+[0m[0m write_through     = false
        }

      [32m+[0m[0m network_interface {
          [32m+[0m[0m adapter_type          = "vmxnet3"
          [32m+[0m[0m bandwidth_limit       = -1
          [32m+[0m[0m bandwidth_reservation = 0
          [32m+[0m[0m bandwidth_share_count = (known after apply)
          [32m+[0m[0m bandwidth_share_level = "normal"
          [32m+[0m[0m device_address        = (known after apply)
          [32m+[0m[0m external_port_id      = (known after apply)
          [32m+[0m[0m key                   = (known after apply)
          [32m+[0m[0m mac_address           = (known after apply)
          [32m+[0m[0m network_id            = "network-2030"
        }
    }

[1mPlan:[0m 3 to add, 0 to change, 0 to destroy.
[0m
Changes to Outputs:
  [32m+[0m[0m vm_ips   = {
      [32m+[0m[0m l-test-poc-1 = (known after apply)
      [32m+[0m[0m l-test-poc-2 = (known after apply)
      [32m+[0m[0m l-test-poc-3 = (known after apply)
    }
  [32m+[0m[0m vm_names = {
      [32m+[0m[0m l-test-poc-1 = "l-test-poc-1"
      [32m+[0m[0m l-test-poc-2 = "l-test-poc-2"
      [32m+[0m[0m l-test-poc-3 = "l-test-poc-3"
    }
  [32m+[0m[0m vm_uuids = {
      [32m+[0m[0m l-test-poc-1 = (known after apply)
      [32m+[0m[0m l-test-poc-2 = (known after apply)
      [32m+[0m[0m l-test-poc-3 = (known after apply)
    }
[0m[1mvsphere_virtual_machine.poc["l-test-poc-2"]: Creating...[0m[0m
[0m[1mvsphere_virtual_machine.poc["l-test-poc-3"]: Creating...[0m[0m
[0m[1mvsphere_virtual_machine.poc["l-test-poc-1"]: Creating...[0m[0m
[0m[1mvsphere_virtual_machine.poc["l-test-poc-2"]: Still creating... [00m10s elapsed][0m[0m
[0m[1mvsphere_virtual_machine.poc["l-test-poc-3"]: Still creating... [00m10s elapsed][0m[0m
[0m[1mvsphere_virtual_machine.poc["l-test-poc-1"]: Still creating... [00m10s elapsed][0m[0m
[0m[1mvsphere_virtual_machine.poc["l-test-poc-2"]: Still creating... [00m20s elapsed][0m[0m
[0m[1mvsphere_virtual_machine.poc["l-test-poc-3"]: Still creating... [00m20s elapsed][0m[0m
[0m[1mvsphere_virtual_machine.poc["l-test-poc-1"]: Still creating... [00m20s elapsed][0m[0m
[0m[1mvsphere_virtual_machine.poc["l-test-poc-2"]: Still creating... [00m30s elapsed][0m[0m
[0m[1mvsphere_virtual_machine.poc["l-test-poc-3"]: Still creating... [00m30s elapsed][0m[0m
[0m[1mvsphere_virtual_machine.poc["l-test-poc-1"]: Still creating... [00m30s elapsed][0m[0m
[0m[1mvsphere_virtual_machine.poc["l-test-poc-2"]: Still creating... [00m40s elapsed][0m[0m
[0m[1mvsphere_virtual_machine.poc["l-test-poc-3"]: Still creating... [00m40s elapsed][0m[0m
[0m[1mvsphere_virtual_machine.poc["l-test-poc-1"]: Still creating... [00m40s elapsed][0m[0m
[0m[1mvsphere_virtual_machine.poc["l-test-poc-2"]: Still creating... [00m50s elapsed][0m[0m
[0m[1mvsphere_virtual_machine.poc["l-test-poc-3"]: Still creating... [00m50s elapsed][0m[0m
[0m[1mvsphere_virtual_machine.poc["l-test-poc-1"]: Still creating... [00m50s elapsed][0m[0m
[0m[1mvsphere_virtual_machine.poc["l-test-poc-2"]: Still creating... [01m00s elapsed][0m[0m
[0m[1mvsphere_virtual_machine.poc["l-test-poc-3"]: Still creating... [01m00s elapsed][0m[0m
[0m[1mvsphere_virtual_machine.poc["l-test-poc-1"]: Still creating... [01m00s elapsed][0m[0m
[0m[1mvsphere_virtual_machine.poc["l-test-poc-3"]: Creation complete after 1m7s [id=42186e19-0b9b-7f31-e663-8cccff6b069a][0m
[0m[1mvsphere_virtual_machine.poc["l-test-poc-2"]: Still creating... [01m10s elapsed][0m[0m
[0m[1mvsphere_virtual_machine.poc["l-test-poc-1"]: Still creating... [01m10s elapsed][0m[0m
[0m[1mvsphere_virtual_machine.poc["l-test-poc-2"]: Creation complete after 1m11s [id=4218652b-de94-9e99-5f38-38c4bb205ead][0m
[0m[1mvsphere_virtual_machine.poc["l-test-poc-1"]: Creation complete after 1m17s [id=4218eca9-cd57-88df-35b0-8818ba1480fd][0m
[0m[1m[32m
Apply complete! Resources: 3 added, 0 changed, 0 destroyed.
[0m[0m[1m[32m
Outputs:

[0mvm_ips = {
  "l-test-poc-1" = "172.24.40.32"
  "l-test-poc-2" = "172.24.40.33"
  "l-test-poc-3" = "172.24.40.34"
}
vm_names = {
  "l-test-poc-1" = "l-test-poc-1"
  "l-test-poc-2" = "l-test-poc-2"
  "l-test-poc-3" = "l-test-poc-3"
}
vm_uuids = {
  "l-test-poc-1" = "4218eca9-cd57-88df-35b0-8818ba1480fd"
  "l-test-poc-2" = "4218652b-de94-9e99-5f38-38c4bb205ead"
  "l-test-poc-3" = "42186e19-0b9b-7f31-e663-8cccff6b069a"
}
for ip in 172.24.40.31 172.24.40.32 172.24.40.33 172.24.40.34; do ssh-keygen -R $ip || true; done
# Host 172.24.40.31 found: line 83
/Users/wn.lin/.ssh/known_hosts updated.
Original contents retained as /Users/wn.lin/.ssh/known_hosts.old
# Host 172.24.40.32 found: line 98
/Users/wn.lin/.ssh/known_hosts updated.
Original contents retained as /Users/wn.lin/.ssh/known_hosts.old
# Host 172.24.40.33 found: line 98
/Users/wn.lin/.ssh/known_hosts updated.
Original contents retained as /Users/wn.lin/.ssh/known_hosts.old
# Host 172.24.40.34 found: line 98
/Users/wn.lin/.ssh/known_hosts updated.
Original contents retained as /Users/wn.lin/.ssh/known_hosts.old
ssh -o LogLevel=ERROR -o StrictHostKeyChecking=accept-new root@172.24.40.31 \
	  'for ip in 172.24.40.32 172.24.40.33 172.24.40.34; do ssh-keygen -R $ip; done'
Host 172.24.40.32 not found in /root/.ssh/known_hosts
Host 172.24.40.33 not found in /root/.ssh/known_hosts
Host 172.24.40.34 not found in /root/.ssh/known_hosts
==> warming dnf metadata cache on IDC nodes (parallel)
  -> 172.24.40.32 cache ok
  -> 172.24.40.33 cache ok
  -> 172.24.40.34 cache ok
==> expanding root partition on IDC nodes (sda3 → 100G; parallel)
hostfile_replace_entries: link /Users/wn.lin/.ssh/known_hosts to /Users/wn.lin/.ssh/known_hosts.old: File exists
update_known_hosts: hostfile_replace_entries failed for /Users/wn.lin/.ssh/known_hosts: File exists

已安裝:
  cloud-utils-growpart-0.33-0.el8.noarch                                        


已安裝:
  cloud-utils-growpart-0.33-0.el8.noarch                                        


已安裝:
  cloud-utils-growpart-0.33-0.el8.noarch                                        

CHANGED: partition=3 start=3328000 old: size=58720256 end=62048255 new: size=206387167 end=209715166
CHANGED: partition=3 start=3328000 old: size=58720256 end=62048255 new: size=206387167 end=209715166
CHANGED: partition=3 start=3328000 old: size=58720256 end=62048255 new: size=206387167 end=209715166
meta-data=/dev/sda3              isize=512    agcount=4, agsize=1835008 blks
         =                       sectsz=512   attr=2, projid32bit=1
         =                       crc=1        finobt=1, sparse=1, rmapbt=0
         =                       reflink=1    bigtime=0 inobtcount=0
data     =                       bsize=4096   blocks=7340032, imaxpct=25
         =                       sunit=0      swidth=0 blks
naming   =version 2              bsize=4096   ascii-ci=0, ftype=1
log      =internal log           bsize=4096   blocks=3584, version=2
         =                       sectsz=512   sunit=0 blks, lazy-count=1
realtime =none                   extsz=4096   blocks=0, rtextents=0
data blocks changed from 7340032 to 25798395
meta-data=/dev/sda3              isize=512    agcount=4, agsize=1835008 blks
         =                       sectsz=512   attr=2, projid32bit=1
         =                       crc=1        finobt=1, sparse=1, rmapbt=0
         =                       reflink=1    bigtime=0 inobtcount=0
data     =                       bsize=4096   blocks=7340032, imaxpct=25
         =                       sunit=0      swidth=0 blks
naming   =version 2              bsize=4096   ascii-ci=0, ftype=1
log      =internal log           bsize=4096   blocks=3584, version=2
         =                       sectsz=512   sunit=0 blks, lazy-count=1
realtime =none                   extsz=4096   blocks=0, rtextents=0
data blocks changed from 7340032 to 25798395
檔案系統        容量  已用  可用 已用% 掛載點
/dev/sda3        99G  4.3G   95G    5% /
檔案系統        容量  已用  可用 已用% 掛載點
/dev/sda3        99G  4.3G   95G    5% /
  -> 172.24.40.33 growpart ok
  -> 172.24.40.32 growpart ok
meta-data=/dev/sda3              isize=512    agcount=4, agsize=1835008 blks
         =                       sectsz=512   attr=2, projid32bit=1
         =                       crc=1        finobt=1, sparse=1, rmapbt=0
         =                       reflink=1    bigtime=0 inobtcount=0
data     =                       bsize=4096   blocks=7340032, imaxpct=25
         =                       sunit=0      swidth=0 blks
naming   =version 2              bsize=4096   ascii-ci=0, ftype=1
log      =internal log           bsize=4096   blocks=3584, version=2
         =                       sectsz=512   sunit=0 blks, lazy-count=1
realtime =none                   extsz=4096   blocks=0, rtextents=0
data blocks changed from 7340032 to 25798395
檔案系統        容量  已用  可用 已用% 掛載點
/dev/sda3        99G  4.3G   95G    5% /
  -> 172.24.40.34 growpart ok
cd iac-gcp && terraform apply -auto-approve

Terraform used the selected providers to generate the following execution
plan. Resource actions are indicated with the following symbols:
  [32m+[0m create[0m

Terraform will perform the following actions:

[1m  # google_compute_instance.poc[0][0m will be created
[0m  [32m+[0m[0m resource "google_compute_instance" "poc" {
      [32m+[0m[0m allow_stopping_for_update = true
      [32m+[0m[0m can_ip_forward            = false
      [32m+[0m[0m cpu_platform              = (known after apply)
      [32m+[0m[0m creation_timestamp        = (known after apply)
      [32m+[0m[0m current_status            = (known after apply)
      [32m+[0m[0m deletion_protection       = false
      [32m+[0m[0m effective_labels          = {
          [32m+[0m[0m "goog-terraform-provisioned" = "true"
        }
      [32m+[0m[0m id                        = (known after apply)
      [32m+[0m[0m instance_id               = (known after apply)
      [32m+[0m[0m label_fingerprint         = (known after apply)
      [32m+[0m[0m machine_type              = "e2-standard-4"
      [32m+[0m[0m metadata                  = {
          [32m+[0m[0m "ssh-keys"       = (sensitive value)
          [32m+[0m[0m "startup-script" = <<-EOT
                #!/bin/bash
                set -e
                STARTUP_DONE="/var/lib/startup-done"
                [ -f "$STARTUP_DONE" ] && exit 0
                
                # Proxy (GCP -> gproxy; dnf 才連得到外網 repo)
                PROXY='http://gproxy.104-dev.com.tw:3128'
                NO_PROXY='localhost,127.0.0.1,10.0.0.0/8,172.16.0.0/12,192.168.0.0/16,.104-dev.com.tw'
                export http_proxy=$PROXY HTTPS_PROXY=$PROXY https_proxy=$PROXY HTTP_PROXY=$PROXY
                export no_proxy=$NO_PROXY NO_PROXY=$NO_PROXY
                grep -q '^proxy=' /etc/dnf/dnf.conf || echo "proxy=$PROXY" >> /etc/dnf/dnf.conf
                cat > /etc/profile.d/proxy.sh <<PROXYEOF
                export http_proxy=$PROXY HTTPS_PROXY=$PROXY https_proxy=$PROXY HTTP_PROXY=$PROXY
                export no_proxy=$NO_PROXY NO_PROXY=$NO_PROXY
                PROXYEOF
                chmod 644 /etc/profile.d/proxy.sh
                
                # SSH: allow root login
                sed -i 's/^PermitRootLogin.*/PermitRootLogin yes/' /etc/ssh/sshd_config
                systemctl restart sshd
                
                # SELinux / firewalld off
                setenforce 0 || true
                sed -i 's/^SELINUX=.*/SELINUX=disabled/' /etc/selinux/config
                systemctl disable --now firewalld || true
                
                # PowerTools + python3.12 (EPEL 留給 ansible 處理；gproxy 不放 fedoraproject metalink)
                dnf config-manager --set-enabled powertools
                dnf -y install python3.12 python3.12-pip
                alternatives --install /usr/bin/python3 python3 /usr/bin/python3.12 100
                alternatives --set python3 /usr/bin/python3.12
                
                # 共通工具 (僅 BaseOS/AppStream，jq/htop 需 EPEL 故略)
                # iperf3 為 wan-probe.sh opt-in mode (WAN_PROBE_IPERF=1) 預備 (phase-crossregion §6 #4)
                dnf -y install tar gzip rsync unzip lvm2 nmap-ncat bind-utils \
                               git wget tmux vim-enhanced iotop sysstat \
                               policycoreutils-python-utils perl chrony tuned \
                               iperf3
                
                systemctl enable --now chronyd
                systemctl enable --now tuned
                
                # iperf3 server for WAN probe (port 5201; GCP firewall by tag; sweep 結束後 disable)
                # NOTE: outer HCL <<-EOF closes at col 6 → HCL strips 6 → bash sees PROXYEOF /
                # UNIT_EOF terminators at col 0. col-0 [Unit] would defeat strip; indent to col 6.
                cat > /etc/systemd/system/iperf3-server.service <<'UNIT_EOF'
                [Unit]
                Description=iperf3 server (WAN probe)
                After=network-online.target
                
                [Service]
                ExecStart=/usr/bin/iperf3 -s -p 5201
                Restart=always
                RestartSec=5
                
                [Install]
                WantedBy=multi-user.target
                UNIT_EOF
                systemctl daemon-reload
                systemctl enable --now iperf3-server.service
                
                dnf clean all
                touch "$STARTUP_DONE"
            EOT
        }
      [32m+[0m[0m metadata_fingerprint      = (known after apply)
      [32m+[0m[0m min_cpu_platform          = (known after apply)
      [32m+[0m[0m name                      = "g-test-poc-1"
      [32m+[0m[0m project                   = "lab-service-project-dba"
      [32m+[0m[0m self_link                 = (known after apply)
      [32m+[0m[0m tags                      = [
          [32m+[0m[0m "zone-a-vm",
        ]
      [32m+[0m[0m tags_fingerprint          = (known after apply)
      [32m+[0m[0m terraform_labels          = {
          [32m+[0m[0m "goog-terraform-provisioned" = "true"
        }
      [32m+[0m[0m zone                      = "asia-east1-a"

      [32m+[0m[0m boot_disk {
          [32m+[0m[0m auto_delete                = true
          [32m+[0m[0m device_name                = "g-test-poc-1"
          [32m+[0m[0m disk_encryption_key_sha256 = (known after apply)
          [32m+[0m[0m guest_os_features          = (known after apply)
          [32m+[0m[0m kms_key_self_link          = (known after apply)
          [32m+[0m[0m mode                       = "READ_WRITE"
          [32m+[0m[0m source                     = (known after apply)

          [32m+[0m[0m initialize_params {
              [32m+[0m[0m architecture           = (known after apply)
              [32m+[0m[0m image                  = "projects/almalinux-cloud/global/images/family/almalinux-8"
              [32m+[0m[0m labels                 = (known after apply)
              [32m+[0m[0m provisioned_iops       = (known after apply)
              [32m+[0m[0m provisioned_throughput = (known after apply)
              [32m+[0m[0m resource_policies      = (known after apply)
              [32m+[0m[0m size                   = 100
              [32m+[0m[0m snapshot               = (known after apply)
              [32m+[0m[0m type                   = "pd-standard"
            }
        }

      [32m+[0m[0m confidential_instance_config (known after apply)

      [32m+[0m[0m guest_accelerator (known after apply)

      [32m+[0m[0m network_interface {
          [32m+[0m[0m internal_ipv6_prefix_length = (known after apply)
          [32m+[0m[0m ipv6_access_type            = (known after apply)
          [32m+[0m[0m ipv6_address                = (known after apply)
          [32m+[0m[0m name                        = (known after apply)
          [32m+[0m[0m network                     = (known after apply)
          [32m+[0m[0m network_attachment          = (known after apply)
          [32m+[0m[0m network_ip                  = "10.160.152.11"
          [32m+[0m[0m stack_type                  = (known after apply)
          [32m+[0m[0m subnetwork                  = "projects/lab-host-project-104/regions/asia-east1/subnetworks/lab-dba-subnet"
          [32m+[0m[0m subnetwork_project          = (known after apply)
        }

      [32m+[0m[0m reservation_affinity (known after apply)

      [32m+[0m[0m scheduling {
          [32m+[0m[0m automatic_restart   = true
          [32m+[0m[0m on_host_maintenance = "MIGRATE"
          [32m+[0m[0m preemptible         = false
          [32m+[0m[0m provisioning_model  = "STANDARD"
        }

      [32m+[0m[0m service_account {
          [32m+[0m[0m email  = "350556399058-compute@developer.gserviceaccount.com"
          [32m+[0m[0m scopes = [
              [32m+[0m[0m "https://www.googleapis.com/auth/devstorage.read_only",
              [32m+[0m[0m "https://www.googleapis.com/auth/logging.write",
              [32m+[0m[0m "https://www.googleapis.com/auth/monitoring.write",
              [32m+[0m[0m "https://www.googleapis.com/auth/service.management.readonly",
              [32m+[0m[0m "https://www.googleapis.com/auth/servicecontrol",
              [32m+[0m[0m "https://www.googleapis.com/auth/trace.append",
            ]
        }

      [32m+[0m[0m shielded_instance_config {
          [32m+[0m[0m enable_integrity_monitoring = true
          [32m+[0m[0m enable_secure_boot          = false
          [32m+[0m[0m enable_vtpm                 = true
        }
    }

[1m  # google_compute_instance.poc[1][0m will be created
[0m  [32m+[0m[0m resource "google_compute_instance" "poc" {
      [32m+[0m[0m allow_stopping_for_update = true
      [32m+[0m[0m can_ip_forward            = false
      [32m+[0m[0m cpu_platform              = (known after apply)
      [32m+[0m[0m creation_timestamp        = (known after apply)
      [32m+[0m[0m current_status            = (known after apply)
      [32m+[0m[0m deletion_protection       = false
      [32m+[0m[0m effective_labels          = {
          [32m+[0m[0m "goog-terraform-provisioned" = "true"
        }
      [32m+[0m[0m id                        = (known after apply)
      [32m+[0m[0m instance_id               = (known after apply)
      [32m+[0m[0m label_fingerprint         = (known after apply)
      [32m+[0m[0m machine_type              = "e2-standard-4"
      [32m+[0m[0m metadata                  = {
          [32m+[0m[0m "ssh-keys"       = (sensitive value)
          [32m+[0m[0m "startup-script" = <<-EOT
                #!/bin/bash
                set -e
                STARTUP_DONE="/var/lib/startup-done"
                [ -f "$STARTUP_DONE" ] && exit 0
                
                # Proxy (GCP -> gproxy; dnf 才連得到外網 repo)
                PROXY='http://gproxy.104-dev.com.tw:3128'
                NO_PROXY='localhost,127.0.0.1,10.0.0.0/8,172.16.0.0/12,192.168.0.0/16,.104-dev.com.tw'
                export http_proxy=$PROXY HTTPS_PROXY=$PROXY https_proxy=$PROXY HTTP_PROXY=$PROXY
                export no_proxy=$NO_PROXY NO_PROXY=$NO_PROXY
                grep -q '^proxy=' /etc/dnf/dnf.conf || echo "proxy=$PROXY" >> /etc/dnf/dnf.conf
                cat > /etc/profile.d/proxy.sh <<PROXYEOF
                export http_proxy=$PROXY HTTPS_PROXY=$PROXY https_proxy=$PROXY HTTP_PROXY=$PROXY
                export no_proxy=$NO_PROXY NO_PROXY=$NO_PROXY
                PROXYEOF
                chmod 644 /etc/profile.d/proxy.sh
                
                # SSH: allow root login
                sed -i 's/^PermitRootLogin.*/PermitRootLogin yes/' /etc/ssh/sshd_config
                systemctl restart sshd
                
                # SELinux / firewalld off
                setenforce 0 || true
                sed -i 's/^SELINUX=.*/SELINUX=disabled/' /etc/selinux/config
                systemctl disable --now firewalld || true
                
                # PowerTools + python3.12 (EPEL 留給 ansible 處理；gproxy 不放 fedoraproject metalink)
                dnf config-manager --set-enabled powertools
                dnf -y install python3.12 python3.12-pip
                alternatives --install /usr/bin/python3 python3 /usr/bin/python3.12 100
                alternatives --set python3 /usr/bin/python3.12
                
                # 共通工具 (僅 BaseOS/AppStream，jq/htop 需 EPEL 故略)
                # iperf3 為 wan-probe.sh opt-in mode (WAN_PROBE_IPERF=1) 預備 (phase-crossregion §6 #4)
                dnf -y install tar gzip rsync unzip lvm2 nmap-ncat bind-utils \
                               git wget tmux vim-enhanced iotop sysstat \
                               policycoreutils-python-utils perl chrony tuned \
                               iperf3
                
                systemctl enable --now chronyd
                systemctl enable --now tuned
                
                # iperf3 server for WAN probe (port 5201; GCP firewall by tag; sweep 結束後 disable)
                # NOTE: outer HCL <<-EOF closes at col 6 → HCL strips 6 → bash sees PROXYEOF /
                # UNIT_EOF terminators at col 0. col-0 [Unit] would defeat strip; indent to col 6.
                cat > /etc/systemd/system/iperf3-server.service <<'UNIT_EOF'
                [Unit]
                Description=iperf3 server (WAN probe)
                After=network-online.target
                
                [Service]
                ExecStart=/usr/bin/iperf3 -s -p 5201
                Restart=always
                RestartSec=5
                
                [Install]
                WantedBy=multi-user.target
                UNIT_EOF
                systemctl daemon-reload
                systemctl enable --now iperf3-server.service
                
                dnf clean all
                touch "$STARTUP_DONE"
            EOT
        }
      [32m+[0m[0m metadata_fingerprint      = (known after apply)
      [32m+[0m[0m min_cpu_platform          = (known after apply)
      [32m+[0m[0m name                      = "g-test-poc-2"
      [32m+[0m[0m project                   = "lab-service-project-dba"
      [32m+[0m[0m self_link                 = (known after apply)
      [32m+[0m[0m tags                      = [
          [32m+[0m[0m "zone-b-vm",
        ]
      [32m+[0m[0m tags_fingerprint          = (known after apply)
      [32m+[0m[0m terraform_labels          = {
          [32m+[0m[0m "goog-terraform-provisioned" = "true"
        }
      [32m+[0m[0m zone                      = "asia-east1-b"

      [32m+[0m[0m boot_disk {
          [32m+[0m[0m auto_delete                = true
          [32m+[0m[0m device_name                = "g-test-poc-2"
          [32m+[0m[0m disk_encryption_key_sha256 = (known after apply)
          [32m+[0m[0m guest_os_features          = (known after apply)
          [32m+[0m[0m kms_key_self_link          = (known after apply)
          [32m+[0m[0m mode                       = "READ_WRITE"
          [32m+[0m[0m source                     = (known after apply)

          [32m+[0m[0m initialize_params {
              [32m+[0m[0m architecture           = (known after apply)
              [32m+[0m[0m image                  = "projects/almalinux-cloud/global/images/family/almalinux-8"
              [32m+[0m[0m labels                 = (known after apply)
              [32m+[0m[0m provisioned_iops       = (known after apply)
              [32m+[0m[0m provisioned_throughput = (known after apply)
              [32m+[0m[0m resource_policies      = (known after apply)
              [32m+[0m[0m size                   = 100
              [32m+[0m[0m snapshot               = (known after apply)
              [32m+[0m[0m type                   = "pd-standard"
            }
        }

      [32m+[0m[0m confidential_instance_config (known after apply)

      [32m+[0m[0m guest_accelerator (known after apply)

      [32m+[0m[0m network_interface {
          [32m+[0m[0m internal_ipv6_prefix_length = (known after apply)
          [32m+[0m[0m ipv6_access_type            = (known after apply)
          [32m+[0m[0m ipv6_address                = (known after apply)
          [32m+[0m[0m name                        = (known after apply)
          [32m+[0m[0m network                     = (known after apply)
          [32m+[0m[0m network_attachment          = (known after apply)
          [32m+[0m[0m network_ip                  = "10.160.152.12"
          [32m+[0m[0m stack_type                  = (known after apply)
          [32m+[0m[0m subnetwork                  = "projects/lab-host-project-104/regions/asia-east1/subnetworks/lab-dba-subnet"
          [32m+[0m[0m subnetwork_project          = (known after apply)
        }

      [32m+[0m[0m reservation_affinity (known after apply)

      [32m+[0m[0m scheduling {
          [32m+[0m[0m automatic_restart   = true
          [32m+[0m[0m on_host_maintenance = "MIGRATE"
          [32m+[0m[0m preemptible         = false
          [32m+[0m[0m provisioning_model  = "STANDARD"
        }

      [32m+[0m[0m service_account {
          [32m+[0m[0m email  = "350556399058-compute@developer.gserviceaccount.com"
          [32m+[0m[0m scopes = [
              [32m+[0m[0m "https://www.googleapis.com/auth/devstorage.read_only",
              [32m+[0m[0m "https://www.googleapis.com/auth/logging.write",
              [32m+[0m[0m "https://www.googleapis.com/auth/monitoring.write",
              [32m+[0m[0m "https://www.googleapis.com/auth/service.management.readonly",
              [32m+[0m[0m "https://www.googleapis.com/auth/servicecontrol",
              [32m+[0m[0m "https://www.googleapis.com/auth/trace.append",
            ]
        }

      [32m+[0m[0m shielded_instance_config {
          [32m+[0m[0m enable_integrity_monitoring = true
          [32m+[0m[0m enable_secure_boot          = false
          [32m+[0m[0m enable_vtpm                 = true
        }
    }

[1m  # google_compute_instance.poc[2][0m will be created
[0m  [32m+[0m[0m resource "google_compute_instance" "poc" {
      [32m+[0m[0m allow_stopping_for_update = true
      [32m+[0m[0m can_ip_forward            = false
      [32m+[0m[0m cpu_platform              = (known after apply)
      [32m+[0m[0m creation_timestamp        = (known after apply)
      [32m+[0m[0m current_status            = (known after apply)
      [32m+[0m[0m deletion_protection       = false
      [32m+[0m[0m effective_labels          = {
          [32m+[0m[0m "goog-terraform-provisioned" = "true"
        }
      [32m+[0m[0m id                        = (known after apply)
      [32m+[0m[0m instance_id               = (known after apply)
      [32m+[0m[0m label_fingerprint         = (known after apply)
      [32m+[0m[0m machine_type              = "e2-standard-4"
      [32m+[0m[0m metadata                  = {
          [32m+[0m[0m "ssh-keys"       = (sensitive value)
          [32m+[0m[0m "startup-script" = <<-EOT
                #!/bin/bash
                set -e
                STARTUP_DONE="/var/lib/startup-done"
                [ -f "$STARTUP_DONE" ] && exit 0
                
                # Proxy (GCP -> gproxy; dnf 才連得到外網 repo)
                PROXY='http://gproxy.104-dev.com.tw:3128'
                NO_PROXY='localhost,127.0.0.1,10.0.0.0/8,172.16.0.0/12,192.168.0.0/16,.104-dev.com.tw'
                export http_proxy=$PROXY HTTPS_PROXY=$PROXY https_proxy=$PROXY HTTP_PROXY=$PROXY
                export no_proxy=$NO_PROXY NO_PROXY=$NO_PROXY
                grep -q '^proxy=' /etc/dnf/dnf.conf || echo "proxy=$PROXY" >> /etc/dnf/dnf.conf
                cat > /etc/profile.d/proxy.sh <<PROXYEOF
                export http_proxy=$PROXY HTTPS_PROXY=$PROXY https_proxy=$PROXY HTTP_PROXY=$PROXY
                export no_proxy=$NO_PROXY NO_PROXY=$NO_PROXY
                PROXYEOF
                chmod 644 /etc/profile.d/proxy.sh
                
                # SSH: allow root login
                sed -i 's/^PermitRootLogin.*/PermitRootLogin yes/' /etc/ssh/sshd_config
                systemctl restart sshd
                
                # SELinux / firewalld off
                setenforce 0 || true
                sed -i 's/^SELINUX=.*/SELINUX=disabled/' /etc/selinux/config
                systemctl disable --now firewalld || true
                
                # PowerTools + python3.12 (EPEL 留給 ansible 處理；gproxy 不放 fedoraproject metalink)
                dnf config-manager --set-enabled powertools
                dnf -y install python3.12 python3.12-pip
                alternatives --install /usr/bin/python3 python3 /usr/bin/python3.12 100
                alternatives --set python3 /usr/bin/python3.12
                
                # 共通工具 (僅 BaseOS/AppStream，jq/htop 需 EPEL 故略)
                # iperf3 為 wan-probe.sh opt-in mode (WAN_PROBE_IPERF=1) 預備 (phase-crossregion §6 #4)
                dnf -y install tar gzip rsync unzip lvm2 nmap-ncat bind-utils \
                               git wget tmux vim-enhanced iotop sysstat \
                               policycoreutils-python-utils perl chrony tuned \
                               iperf3
                
                systemctl enable --now chronyd
                systemctl enable --now tuned
                
                # iperf3 server for WAN probe (port 5201; GCP firewall by tag; sweep 結束後 disable)
                # NOTE: outer HCL <<-EOF closes at col 6 → HCL strips 6 → bash sees PROXYEOF /
                # UNIT_EOF terminators at col 0. col-0 [Unit] would defeat strip; indent to col 6.
                cat > /etc/systemd/system/iperf3-server.service <<'UNIT_EOF'
                [Unit]
                Description=iperf3 server (WAN probe)
                After=network-online.target
                
                [Service]
                ExecStart=/usr/bin/iperf3 -s -p 5201
                Restart=always
                RestartSec=5
                
                [Install]
                WantedBy=multi-user.target
                UNIT_EOF
                systemctl daemon-reload
                systemctl enable --now iperf3-server.service
                
                dnf clean all
                touch "$STARTUP_DONE"
            EOT
        }
      [32m+[0m[0m metadata_fingerprint      = (known after apply)
      [32m+[0m[0m min_cpu_platform          = (known after apply)
      [32m+[0m[0m name                      = "g-test-poc-3"
      [32m+[0m[0m project                   = "lab-service-project-dba"
      [32m+[0m[0m self_link                 = (known after apply)
      [32m+[0m[0m tags                      = [
          [32m+[0m[0m "zone-c-vm",
        ]
      [32m+[0m[0m tags_fingerprint          = (known after apply)
      [32m+[0m[0m terraform_labels          = {
          [32m+[0m[0m "goog-terraform-provisioned" = "true"
        }
      [32m+[0m[0m zone                      = "asia-east1-c"

      [32m+[0m[0m boot_disk {
          [32m+[0m[0m auto_delete                = true
          [32m+[0m[0m device_name                = "g-test-poc-3"
          [32m+[0m[0m disk_encryption_key_sha256 = (known after apply)
          [32m+[0m[0m guest_os_features          = (known after apply)
          [32m+[0m[0m kms_key_self_link          = (known after apply)
          [32m+[0m[0m mode                       = "READ_WRITE"
          [32m+[0m[0m source                     = (known after apply)

          [32m+[0m[0m initialize_params {
              [32m+[0m[0m architecture           = (known after apply)
              [32m+[0m[0m image                  = "projects/almalinux-cloud/global/images/family/almalinux-8"
              [32m+[0m[0m labels                 = (known after apply)
              [32m+[0m[0m provisioned_iops       = (known after apply)
              [32m+[0m[0m provisioned_throughput = (known after apply)
              [32m+[0m[0m resource_policies      = (known after apply)
              [32m+[0m[0m size                   = 100
              [32m+[0m[0m snapshot               = (known after apply)
              [32m+[0m[0m type                   = "pd-standard"
            }
        }

      [32m+[0m[0m confidential_instance_config (known after apply)

      [32m+[0m[0m guest_accelerator (known after apply)

      [32m+[0m[0m network_interface {
          [32m+[0m[0m internal_ipv6_prefix_length = (known after apply)
          [32m+[0m[0m ipv6_access_type            = (known after apply)
          [32m+[0m[0m ipv6_address                = (known after apply)
          [32m+[0m[0m name                        = (known after apply)
          [32m+[0m[0m network                     = (known after apply)
          [32m+[0m[0m network_attachment          = (known after apply)
          [32m+[0m[0m network_ip                  = "10.160.152.13"
          [32m+[0m[0m stack_type                  = (known after apply)
          [32m+[0m[0m subnetwork                  = "projects/lab-host-project-104/regions/asia-east1/subnetworks/lab-dba-subnet"
          [32m+[0m[0m subnetwork_project          = (known after apply)
        }

      [32m+[0m[0m reservation_affinity (known after apply)

      [32m+[0m[0m scheduling {
          [32m+[0m[0m automatic_restart   = true
          [32m+[0m[0m on_host_maintenance = "MIGRATE"
          [32m+[0m[0m preemptible         = false
          [32m+[0m[0m provisioning_model  = "STANDARD"
        }

      [32m+[0m[0m service_account {
          [32m+[0m[0m email  = "350556399058-compute@developer.gserviceaccount.com"
          [32m+[0m[0m scopes = [
              [32m+[0m[0m "https://www.googleapis.com/auth/devstorage.read_only",
              [32m+[0m[0m "https://www.googleapis.com/auth/logging.write",
              [32m+[0m[0m "https://www.googleapis.com/auth/monitoring.write",
              [32m+[0m[0m "https://www.googleapis.com/auth/service.management.readonly",
              [32m+[0m[0m "https://www.googleapis.com/auth/servicecontrol",
              [32m+[0m[0m "https://www.googleapis.com/auth/trace.append",
            ]
        }

      [32m+[0m[0m shielded_instance_config {
          [32m+[0m[0m enable_integrity_monitoring = true
          [32m+[0m[0m enable_secure_boot          = false
          [32m+[0m[0m enable_vtpm                 = true
        }
    }

[1m  # google_compute_instance.poc[3][0m will be created
[0m  [32m+[0m[0m resource "google_compute_instance" "poc" {
      [32m+[0m[0m allow_stopping_for_update = true
      [32m+[0m[0m can_ip_forward            = false
      [32m+[0m[0m cpu_platform              = (known after apply)
      [32m+[0m[0m creation_timestamp        = (known after apply)
      [32m+[0m[0m current_status            = (known after apply)
      [32m+[0m[0m deletion_protection       = false
      [32m+[0m[0m effective_labels          = {
          [32m+[0m[0m "goog-terraform-provisioned" = "true"
        }
      [32m+[0m[0m id                        = (known after apply)
      [32m+[0m[0m instance_id               = (known after apply)
      [32m+[0m[0m label_fingerprint         = (known after apply)
      [32m+[0m[0m machine_type              = "e2-standard-4"
      [32m+[0m[0m metadata                  = {
          [32m+[0m[0m "ssh-keys"       = (sensitive value)
          [32m+[0m[0m "startup-script" = <<-EOT
                #!/bin/bash
                set -e
                STARTUP_DONE="/var/lib/startup-done"
                [ -f "$STARTUP_DONE" ] && exit 0
                
                # Proxy (GCP -> gproxy; dnf 才連得到外網 repo)
                PROXY='http://gproxy.104-dev.com.tw:3128'
                NO_PROXY='localhost,127.0.0.1,10.0.0.0/8,172.16.0.0/12,192.168.0.0/16,.104-dev.com.tw'
                export http_proxy=$PROXY HTTPS_PROXY=$PROXY https_proxy=$PROXY HTTP_PROXY=$PROXY
                export no_proxy=$NO_PROXY NO_PROXY=$NO_PROXY
                grep -q '^proxy=' /etc/dnf/dnf.conf || echo "proxy=$PROXY" >> /etc/dnf/dnf.conf
                cat > /etc/profile.d/proxy.sh <<PROXYEOF
                export http_proxy=$PROXY HTTPS_PROXY=$PROXY https_proxy=$PROXY HTTP_PROXY=$PROXY
                export no_proxy=$NO_PROXY NO_PROXY=$NO_PROXY
                PROXYEOF
                chmod 644 /etc/profile.d/proxy.sh
                
                # SSH: allow root login
                sed -i 's/^PermitRootLogin.*/PermitRootLogin yes/' /etc/ssh/sshd_config
                systemctl restart sshd
                
                # SELinux / firewalld off
                setenforce 0 || true
                sed -i 's/^SELINUX=.*/SELINUX=disabled/' /etc/selinux/config
                systemctl disable --now firewalld || true
                
                # PowerTools + python3.12 (EPEL 留給 ansible 處理；gproxy 不放 fedoraproject metalink)
                dnf config-manager --set-enabled powertools
                dnf -y install python3.12 python3.12-pip
                alternatives --install /usr/bin/python3 python3 /usr/bin/python3.12 100
                alternatives --set python3 /usr/bin/python3.12
                
                # 共通工具 (僅 BaseOS/AppStream，jq/htop 需 EPEL 故略)
                # iperf3 為 wan-probe.sh opt-in mode (WAN_PROBE_IPERF=1) 預備 (phase-crossregion §6 #4)
                dnf -y install tar gzip rsync unzip lvm2 nmap-ncat bind-utils \
                               git wget tmux vim-enhanced iotop sysstat \
                               policycoreutils-python-utils perl chrony tuned \
                               iperf3
                
                systemctl enable --now chronyd
                systemctl enable --now tuned
                
                # iperf3 server for WAN probe (port 5201; GCP firewall by tag; sweep 結束後 disable)
                # NOTE: outer HCL <<-EOF closes at col 6 → HCL strips 6 → bash sees PROXYEOF /
                # UNIT_EOF terminators at col 0. col-0 [Unit] would defeat strip; indent to col 6.
                cat > /etc/systemd/system/iperf3-server.service <<'UNIT_EOF'
                [Unit]
                Description=iperf3 server (WAN probe)
                After=network-online.target
                
                [Service]
                ExecStart=/usr/bin/iperf3 -s -p 5201
                Restart=always
                RestartSec=5
                
                [Install]
                WantedBy=multi-user.target
                UNIT_EOF
                systemctl daemon-reload
                systemctl enable --now iperf3-server.service
                
                dnf clean all
                touch "$STARTUP_DONE"
            EOT
        }
      [32m+[0m[0m metadata_fingerprint      = (known after apply)
      [32m+[0m[0m min_cpu_platform          = (known after apply)
      [32m+[0m[0m name                      = "g-test-poc-4"
      [32m+[0m[0m project                   = "lab-service-project-dba"
      [32m+[0m[0m self_link                 = (known after apply)
      [32m+[0m[0m tags                      = [
          [32m+[0m[0m "zone-a-vm",
        ]
      [32m+[0m[0m tags_fingerprint          = (known after apply)
      [32m+[0m[0m terraform_labels          = {
          [32m+[0m[0m "goog-terraform-provisioned" = "true"
        }
      [32m+[0m[0m zone                      = "asia-east1-a"

      [32m+[0m[0m boot_disk {
          [32m+[0m[0m auto_delete                = true
          [32m+[0m[0m device_name                = "g-test-poc-4"
          [32m+[0m[0m disk_encryption_key_sha256 = (known after apply)
          [32m+[0m[0m guest_os_features          = (known after apply)
          [32m+[0m[0m kms_key_self_link          = (known after apply)
          [32m+[0m[0m mode                       = "READ_WRITE"
          [32m+[0m[0m source                     = (known after apply)

          [32m+[0m[0m initialize_params {
              [32m+[0m[0m architecture           = (known after apply)
              [32m+[0m[0m image                  = "projects/almalinux-cloud/global/images/family/almalinux-8"
              [32m+[0m[0m labels                 = (known after apply)
              [32m+[0m[0m provisioned_iops       = (known after apply)
              [32m+[0m[0m provisioned_throughput = (known after apply)
              [32m+[0m[0m resource_policies      = (known after apply)
              [32m+[0m[0m size                   = 100
              [32m+[0m[0m snapshot               = (known after apply)
              [32m+[0m[0m type                   = "pd-standard"
            }
        }

      [32m+[0m[0m confidential_instance_config (known after apply)

      [32m+[0m[0m guest_accelerator (known after apply)

      [32m+[0m[0m network_interface {
          [32m+[0m[0m internal_ipv6_prefix_length = (known after apply)
          [32m+[0m[0m ipv6_access_type            = (known after apply)
          [32m+[0m[0m ipv6_address                = (known after apply)
          [32m+[0m[0m name                        = (known after apply)
          [32m+[0m[0m network                     = (known after apply)
          [32m+[0m[0m network_attachment          = (known after apply)
          [32m+[0m[0m network_ip                  = "10.160.152.14"
          [32m+[0m[0m stack_type                  = (known after apply)
          [32m+[0m[0m subnetwork                  = "projects/lab-host-project-104/regions/asia-east1/subnetworks/lab-dba-subnet"
          [32m+[0m[0m subnetwork_project          = (known after apply)
        }

      [32m+[0m[0m reservation_affinity (known after apply)

      [32m+[0m[0m scheduling {
          [32m+[0m[0m automatic_restart   = true
          [32m+[0m[0m on_host_maintenance = "MIGRATE"
          [32m+[0m[0m preemptible         = false
          [32m+[0m[0m provisioning_model  = "STANDARD"
        }

      [32m+[0m[0m service_account {
          [32m+[0m[0m email  = "350556399058-compute@developer.gserviceaccount.com"
          [32m+[0m[0m scopes = [
              [32m+[0m[0m "https://www.googleapis.com/auth/devstorage.read_only",
              [32m+[0m[0m "https://www.googleapis.com/auth/logging.write",
              [32m+[0m[0m "https://www.googleapis.com/auth/monitoring.write",
              [32m+[0m[0m "https://www.googleapis.com/auth/service.management.readonly",
              [32m+[0m[0m "https://www.googleapis.com/auth/servicecontrol",
              [32m+[0m[0m "https://www.googleapis.com/auth/trace.append",
            ]
        }

      [32m+[0m[0m shielded_instance_config {
          [32m+[0m[0m enable_integrity_monitoring = true
          [32m+[0m[0m enable_secure_boot          = false
          [32m+[0m[0m enable_vtpm                 = true
        }
    }

[1m  # google_compute_instance.poc[4][0m will be created
[0m  [32m+[0m[0m resource "google_compute_instance" "poc" {
      [32m+[0m[0m allow_stopping_for_update = true
      [32m+[0m[0m can_ip_forward            = false
      [32m+[0m[0m cpu_platform              = (known after apply)
      [32m+[0m[0m creation_timestamp        = (known after apply)
      [32m+[0m[0m current_status            = (known after apply)
      [32m+[0m[0m deletion_protection       = false
      [32m+[0m[0m effective_labels          = {
          [32m+[0m[0m "goog-terraform-provisioned" = "true"
        }
      [32m+[0m[0m id                        = (known after apply)
      [32m+[0m[0m instance_id               = (known after apply)
      [32m+[0m[0m label_fingerprint         = (known after apply)
      [32m+[0m[0m machine_type              = "e2-standard-4"
      [32m+[0m[0m metadata                  = {
          [32m+[0m[0m "ssh-keys"       = (sensitive value)
          [32m+[0m[0m "startup-script" = <<-EOT
                #!/bin/bash
                set -e
                STARTUP_DONE="/var/lib/startup-done"
                [ -f "$STARTUP_DONE" ] && exit 0
                
                # Proxy (GCP -> gproxy; dnf 才連得到外網 repo)
                PROXY='http://gproxy.104-dev.com.tw:3128'
                NO_PROXY='localhost,127.0.0.1,10.0.0.0/8,172.16.0.0/12,192.168.0.0/16,.104-dev.com.tw'
                export http_proxy=$PROXY HTTPS_PROXY=$PROXY https_proxy=$PROXY HTTP_PROXY=$PROXY
                export no_proxy=$NO_PROXY NO_PROXY=$NO_PROXY
                grep -q '^proxy=' /etc/dnf/dnf.conf || echo "proxy=$PROXY" >> /etc/dnf/dnf.conf
                cat > /etc/profile.d/proxy.sh <<PROXYEOF
                export http_proxy=$PROXY HTTPS_PROXY=$PROXY https_proxy=$PROXY HTTP_PROXY=$PROXY
                export no_proxy=$NO_PROXY NO_PROXY=$NO_PROXY
                PROXYEOF
                chmod 644 /etc/profile.d/proxy.sh
                
                # SSH: allow root login
                sed -i 's/^PermitRootLogin.*/PermitRootLogin yes/' /etc/ssh/sshd_config
                systemctl restart sshd
                
                # SELinux / firewalld off
                setenforce 0 || true
                sed -i 's/^SELINUX=.*/SELINUX=disabled/' /etc/selinux/config
                systemctl disable --now firewalld || true
                
                # PowerTools + python3.12 (EPEL 留給 ansible 處理；gproxy 不放 fedoraproject metalink)
                dnf config-manager --set-enabled powertools
                dnf -y install python3.12 python3.12-pip
                alternatives --install /usr/bin/python3 python3 /usr/bin/python3.12 100
                alternatives --set python3 /usr/bin/python3.12
                
                # 共通工具 (僅 BaseOS/AppStream，jq/htop 需 EPEL 故略)
                # iperf3 為 wan-probe.sh opt-in mode (WAN_PROBE_IPERF=1) 預備 (phase-crossregion §6 #4)
                dnf -y install tar gzip rsync unzip lvm2 nmap-ncat bind-utils \
                               git wget tmux vim-enhanced iotop sysstat \
                               policycoreutils-python-utils perl chrony tuned \
                               iperf3
                
                systemctl enable --now chronyd
                systemctl enable --now tuned
                
                # iperf3 server for WAN probe (port 5201; GCP firewall by tag; sweep 結束後 disable)
                # NOTE: outer HCL <<-EOF closes at col 6 → HCL strips 6 → bash sees PROXYEOF /
                # UNIT_EOF terminators at col 0. col-0 [Unit] would defeat strip; indent to col 6.
                cat > /etc/systemd/system/iperf3-server.service <<'UNIT_EOF'
                [Unit]
                Description=iperf3 server (WAN probe)
                After=network-online.target
                
                [Service]
                ExecStart=/usr/bin/iperf3 -s -p 5201
                Restart=always
                RestartSec=5
                
                [Install]
                WantedBy=multi-user.target
                UNIT_EOF
                systemctl daemon-reload
                systemctl enable --now iperf3-server.service
                
                dnf clean all
                touch "$STARTUP_DONE"
            EOT
        }
      [32m+[0m[0m metadata_fingerprint      = (known after apply)
      [32m+[0m[0m min_cpu_platform          = (known after apply)
      [32m+[0m[0m name                      = "g-test-poc-5"
      [32m+[0m[0m project                   = "lab-service-project-dba"
      [32m+[0m[0m self_link                 = (known after apply)
      [32m+[0m[0m tags                      = [
          [32m+[0m[0m "zone-a-vm",
        ]
      [32m+[0m[0m tags_fingerprint          = (known after apply)
      [32m+[0m[0m terraform_labels          = {
          [32m+[0m[0m "goog-terraform-provisioned" = "true"
        }
      [32m+[0m[0m zone                      = "asia-east1-a"

      [32m+[0m[0m boot_disk {
          [32m+[0m[0m auto_delete                = true
          [32m+[0m[0m device_name                = "g-test-poc-5"
          [32m+[0m[0m disk_encryption_key_sha256 = (known after apply)
          [32m+[0m[0m guest_os_features          = (known after apply)
          [32m+[0m[0m kms_key_self_link          = (known after apply)
          [32m+[0m[0m mode                       = "READ_WRITE"
          [32m+[0m[0m source                     = (known after apply)

          [32m+[0m[0m initialize_params {
              [32m+[0m[0m architecture           = (known after apply)
              [32m+[0m[0m image                  = "projects/almalinux-cloud/global/images/family/almalinux-8"
              [32m+[0m[0m labels                 = (known after apply)
              [32m+[0m[0m provisioned_iops       = (known after apply)
              [32m+[0m[0m provisioned_throughput = (known after apply)
              [32m+[0m[0m resource_policies      = (known after apply)
              [32m+[0m[0m size                   = 100
              [32m+[0m[0m snapshot               = (known after apply)
              [32m+[0m[0m type                   = "pd-standard"
            }
        }

      [32m+[0m[0m confidential_instance_config (known after apply)

      [32m+[0m[0m guest_accelerator (known after apply)

      [32m+[0m[0m network_interface {
          [32m+[0m[0m internal_ipv6_prefix_length = (known after apply)
          [32m+[0m[0m ipv6_access_type            = (known after apply)
          [32m+[0m[0m ipv6_address                = (known after apply)
          [32m+[0m[0m name                        = (known after apply)
          [32m+[0m[0m network                     = (known after apply)
          [32m+[0m[0m network_attachment          = (known after apply)
          [32m+[0m[0m network_ip                  = "10.160.152.15"
          [32m+[0m[0m stack_type                  = (known after apply)
          [32m+[0m[0m subnetwork                  = "projects/lab-host-project-104/regions/asia-east1/subnetworks/lab-dba-subnet"
          [32m+[0m[0m subnetwork_project          = (known after apply)
        }

      [32m+[0m[0m reservation_affinity (known after apply)

      [32m+[0m[0m scheduling {
          [32m+[0m[0m automatic_restart   = true
          [32m+[0m[0m on_host_maintenance = "MIGRATE"
          [32m+[0m[0m preemptible         = false
          [32m+[0m[0m provisioning_model  = "STANDARD"
        }

      [32m+[0m[0m service_account {
          [32m+[0m[0m email  = "350556399058-compute@developer.gserviceaccount.com"
          [32m+[0m[0m scopes = [
              [32m+[0m[0m "https://www.googleapis.com/auth/devstorage.read_only",
              [32m+[0m[0m "https://www.googleapis.com/auth/logging.write",
              [32m+[0m[0m "https://www.googleapis.com/auth/monitoring.write",
              [32m+[0m[0m "https://www.googleapis.com/auth/service.management.readonly",
              [32m+[0m[0m "https://www.googleapis.com/auth/servicecontrol",
              [32m+[0m[0m "https://www.googleapis.com/auth/trace.append",
            ]
        }

      [32m+[0m[0m shielded_instance_config {
          [32m+[0m[0m enable_integrity_monitoring = true
          [32m+[0m[0m enable_secure_boot          = false
          [32m+[0m[0m enable_vtpm                 = true
        }
    }

[1mPlan:[0m 5 to add, 0 to change, 0 to destroy.
[0m
Changes to Outputs:
  [32m+[0m[0m host_ip_mapping = {
      [32m+[0m[0m g-test-poc-1 = "10.160.152.11"
      [32m+[0m[0m g-test-poc-2 = "10.160.152.12"
      [32m+[0m[0m g-test-poc-3 = "10.160.152.13"
      [32m+[0m[0m g-test-poc-4 = "10.160.152.14"
      [32m+[0m[0m g-test-poc-5 = "10.160.152.15"
    }
[0m[1mgoogle_compute_instance.poc[1]: Creating...[0m[0m
[0m[1mgoogle_compute_instance.poc[2]: Creating...[0m[0m
[0m[1mgoogle_compute_instance.poc[3]: Creating...[0m[0m
[0m[1mgoogle_compute_instance.poc[4]: Creating...[0m[0m
[0m[1mgoogle_compute_instance.poc[0]: Creating...[0m[0m
[0m[1mgoogle_compute_instance.poc[1]: Still creating... [00m10s elapsed][0m[0m
[0m[1mgoogle_compute_instance.poc[2]: Still creating... [00m10s elapsed][0m[0m
[0m[1mgoogle_compute_instance.poc[3]: Still creating... [00m10s elapsed][0m[0m
[0m[1mgoogle_compute_instance.poc[4]: Still creating... [00m10s elapsed][0m[0m
[0m[1mgoogle_compute_instance.poc[0]: Still creating... [00m10s elapsed][0m[0m
[0m[1mgoogle_compute_instance.poc[2]: Creation complete after 17s [id=projects/lab-service-project-dba/zones/asia-east1-c/instances/g-test-poc-3][0m
[0m[1mgoogle_compute_instance.poc[4]: Creation complete after 17s [id=projects/lab-service-project-dba/zones/asia-east1-a/instances/g-test-poc-5][0m
[0m[1mgoogle_compute_instance.poc[0]: Creation complete after 17s [id=projects/lab-service-project-dba/zones/asia-east1-a/instances/g-test-poc-1][0m
[0m[1mgoogle_compute_instance.poc[1]: Creation complete after 17s [id=projects/lab-service-project-dba/zones/asia-east1-b/instances/g-test-poc-2][0m
[0m[1mgoogle_compute_instance.poc[3]: Creation complete after 17s [id=projects/lab-service-project-dba/zones/asia-east1-a/instances/g-test-poc-4][0m
[0m[1m[32m
Apply complete! Resources: 5 added, 0 changed, 0 destroyed.
[0m[0m[1m[32m
Outputs:

[0mhost_ip_mapping = {
  "g-test-poc-1" = "10.160.152.11"
  "g-test-poc-2" = "10.160.152.12"
  "g-test-poc-3" = "10.160.152.13"
  "g-test-poc-4" = "10.160.152.14"
  "g-test-poc-5" = "10.160.152.15"
}
for port in 12211 12212 12213 12214 12215; do ssh-keygen -R "[localhost]:$port" || true; done
# Host [localhost]:12211 found: line 83
# Host [localhost]:12211 found: line 88
# Host [localhost]:12211 found: line 89
/Users/wn.lin/.ssh/known_hosts updated.
Original contents retained as /Users/wn.lin/.ssh/known_hosts.old
# Host [localhost]:12212 found: line 83
# Host [localhost]:12212 found: line 87
# Host [localhost]:12212 found: line 88
/Users/wn.lin/.ssh/known_hosts updated.
Original contents retained as /Users/wn.lin/.ssh/known_hosts.old
# Host [localhost]:12213 found: line 83
# Host [localhost]:12213 found: line 86
# Host [localhost]:12213 found: line 87
/Users/wn.lin/.ssh/known_hosts updated.
Original contents retained as /Users/wn.lin/.ssh/known_hosts.old
# Host [localhost]:12214 found: line 83
# Host [localhost]:12214 found: line 85
# Host [localhost]:12214 found: line 86
/Users/wn.lin/.ssh/known_hosts updated.
Original contents retained as /Users/wn.lin/.ssh/known_hosts.old
# Host [localhost]:12215 found: line 83
# Host [localhost]:12215 found: line 84
# Host [localhost]:12215 found: line 85
/Users/wn.lin/.ssh/known_hosts updated.
Original contents retained as /Users/wn.lin/.ssh/known_hosts.old
ssh -o LogLevel=ERROR -o StrictHostKeyChecking=accept-new root@172.24.40.31 \
	  'for ip in 10.160.152.11 10.160.152.12 10.160.152.13 10.160.152.14 10.160.152.15; do ssh-keygen -R $ip 2>/dev/null || true; done'
# Host 10.160.152.11 found: line 18
/root/.ssh/known_hosts updated.
Original contents retained as /root/.ssh/known_hosts.old
# Host 10.160.152.12 found: line 18
/root/.ssh/known_hosts updated.
Original contents retained as /root/.ssh/known_hosts.old
# Host 10.160.152.13 found: line 18
/root/.ssh/known_hosts updated.
Original contents retained as /root/.ssh/known_hosts.old
# Host 10.160.152.14 found: line 18
/root/.ssh/known_hosts updated.
Original contents retained as /root/.ssh/known_hosts.old
# Host 10.160.152.15 found: line 18
/root/.ssh/known_hosts updated.
Original contents retained as /root/.ssh/known_hosts.old
==> [end]   phase1-apply at 2026-06-22T10:11:23+0800
