2026/06/19 02:04:44 maxprocs: Leaving GOMAXPROCS=4: CPU quota undefined
[Current] DELIVERY - Takes(s): 9.4, Count: 40, TPM: 255.0, Sum(ms): 17169.9, Avg(ms): 430.3, 50th(ms): 335.5, 90th(ms): 704.6, 95th(ms): 872.4, 99th(ms): 1040.2, 99.9th(ms): 1040.2, Max(ms): 1040.2
[Current] NEW_ORDER - Takes(s): 9.7, Count: 436, TPM: 2703.9, Sum(ms): 265813.6, Avg(ms): 609.8, 50th(ms): 453.0, 90th(ms): 1275.1, 95th(ms): 1543.5, 99th(ms): 2281.7, 99.9th(ms): 2952.8, Max(ms): 2952.8
[Current] ORDER_STATUS - Takes(s): 9.8, Count: 35, TPM: 215.1, Sum(ms): 1326.3, Avg(ms): 38.1, 50th(ms): 44.0, 90th(ms): 44.0, 95th(ms): 46.1, 99th(ms): 71.3, 99.9th(ms): 71.3, Max(ms): 71.3
[Current] PAYMENT - Takes(s): 9.7, Count: 466, TPM: 2892.4, Sum(ms): 286357.8, Avg(ms): 614.2, 50th(ms): 503.3, 90th(ms): 1275.1, 95th(ms): 1543.5, 99th(ms): 2013.3, 99.9th(ms): 2684.4, Max(ms): 2684.4
[Current] STOCK_LEVEL - Takes(s): 9.7, Count: 42, TPM: 259.5, Sum(ms): 1820.1, Avg(ms): 43.4, 50th(ms): 39.8, 90th(ms): 56.6, 95th(ms): 75.5, 99th(ms): 125.8, 99.9th(ms): 125.8, Max(ms): 125.8
[Current] DELIVERY - Takes(s): 10.0, Count: 36, TPM: 216.2, Sum(ms): 14114.4, Avg(ms): 390.8, 50th(ms): 335.5, 90th(ms): 570.4, 95th(ms): 604.0, 99th(ms): 805.3, 99.9th(ms): 805.3, Max(ms): 805.3
[Current] NEW_ORDER - Takes(s): 10.0, Count: 508, TPM: 3056.0, Sum(ms): 377287.0, Avg(ms): 741.9, 50th(ms): 335.5, 90th(ms): 1409.3, 95th(ms): 2952.8, 99th(ms): 7516.2, 99.9th(ms): 13958.6, Max(ms): 15569.3
[Current] ORDER_STATUS - Takes(s): 9.9, Count: 40, TPM: 243.6, Sum(ms): 1394.6, Avg(ms): 34.8, 50th(ms): 39.8, 90th(ms): 44.0, 95th(ms): 46.1, 99th(ms): 48.2, 99.9th(ms): 48.2, Max(ms): 48.2
[Current] PAYMENT - Takes(s): 10.0, Count: 439, TPM: 2637.8, Sum(ms): 206164.2, Avg(ms): 470.0, 50th(ms): 419.4, 90th(ms): 872.4, 95th(ms): 1073.7, 99th(ms): 1811.9, 99.9th(ms): 2281.7, Max(ms): 2281.7
[Current] STOCK_LEVEL - Takes(s): 9.6, Count: 43, TPM: 268.5, Sum(ms): 1714.2, Avg(ms): 39.9, 50th(ms): 33.6, 90th(ms): 60.8, 95th(ms): 71.3, 99th(ms): 234.9, 99.9th(ms): 234.9, Max(ms): 234.9
[Current] DELIVERY - Takes(s): 9.8, Count: 32, TPM: 195.4, Sum(ms): 11430.6, Avg(ms): 357.2, 50th(ms): 318.8, 90th(ms): 604.0, 95th(ms): 637.5, 99th(ms): 805.3, 99.9th(ms): 805.3, Max(ms): 805.3
[Current] NEW_ORDER - Takes(s): 10.0, Count: 457, TPM: 2753.8, Sum(ms): 314520.3, Avg(ms): 689.6, 50th(ms): 130.0, 90th(ms): 1677.7, 95th(ms): 3758.1, 99th(ms): 7784.6, 99.9th(ms): 12884.9, Max(ms): 12884.9
[Current] ORDER_STATUS - Takes(s): 9.9, Count: 51, TPM: 307.8, Sum(ms): 1390.3, Avg(ms): 27.3, 50th(ms): 29.4, 90th(ms): 37.7, 95th(ms): 39.8, 99th(ms): 39.8, 99.9th(ms): 41.9, Max(ms): 41.9
[Current] PAYMENT - Takes(s): 10.0, Count: 439, TPM: 2639.4, Sum(ms): 261798.9, Avg(ms): 596.1, 50th(ms): 436.2, 90th(ms): 1275.1, 95th(ms): 1879.0, 99th(ms): 2550.1, 99.9th(ms): 2818.6, Max(ms): 2818.6
[Current] STOCK_LEVEL - Takes(s): 9.0, Count: 44, TPM: 293.6, Sum(ms): 940.4, Avg(ms): 21.4, 50th(ms): 15.7, 90th(ms): 41.9, 95th(ms): 50.3, 99th(ms): 62.9, 99.9th(ms): 62.9, Max(ms): 62.9
Finished
[Summary] DELIVERY - Takes(s): 33.8, Count: 108, TPM: 191.7, Sum(ms): 42714.8, Avg(ms): 395.5, 50th(ms): 335.5, 90th(ms): 604.0, 95th(ms): 805.3, 99th(ms): 1040.2, 99.9th(ms): 1040.2, Max(ms): 1040.2
[Summary] NEW_ORDER - Takes(s): 34.1, Count: 1436, TPM: 2528.9, Sum(ms): 1129310.0, Avg(ms): 773.3, 50th(ms): 335.5, 90th(ms): 1543.5, 95th(ms): 2952.8, 99th(ms): 8589.9, 99.9th(ms): 16106.1, Max(ms): 16106.1
[Summary] ORDER_STATUS - Takes(s): 34.2, Count: 126, TPM: 221.3, Sum(ms): 4111.2, Avg(ms): 32.7, 50th(ms): 35.7, 90th(ms): 44.0, 95th(ms): 46.1, 99th(ms): 60.8, 99.9th(ms): 71.3, Max(ms): 71.3
[Summary] PAYMENT - Takes(s): 34.1, Count: 1373, TPM: 2418.6, Sum(ms): 777963.7, Avg(ms): 566.6, 50th(ms): 453.0, 90th(ms): 1140.9, 95th(ms): 1476.4, 99th(ms): 2281.7, 99.9th(ms): 2684.4, Max(ms): 2818.6
[Summary] STOCK_LEVEL - Takes(s): 34.1, Count: 129, TPM: 226.9, Sum(ms): 4474.7, Avg(ms): 34.8, 50th(ms): 33.6, 90th(ms): 54.5, 95th(ms): 71.3, 99th(ms): 125.8, 99.9th(ms): 234.9, Max(ms): 234.9
tpmC: 2528.9, tpmTotal: 5587.4, efficiency: 4916.3%
