==> [start] phase7-ybdb-smoke at 2026-06-22T14:45:52+0800 (timeout=3600   s)
==> phase7-ybdb-smoke ts=run1-20260622T131459+0800 placement=P-A
** WARNING: connection is not using a post-quantum key exchange algorithm.
** This session may be vulnerable to "store now, decrypt later" attacks.
** The server may need to be upgraded. See https://openssh.com/pq.html
[14:45:52] INFO  gate root: /tmp/poc-tpcc/artifacts/X-CROSS/ybdb-vm-6node-P-A-rc-run1-20260622T131459+0800  (client=l-dbm-labroom-1, db-host=172.24.40.32, cluster-host=172.24.40.32)
[14:45:53] WARN  DB-host THP != [never] ([always] madvise never)
[14:45:53] WARN  DB-host vm.swappiness (30) > 5
[14:45:54] WARN  client (.31) artifacts FS available 14GB < 30GB
[14:45:54] INFO  gate done  (os_gate_pass=false  client=14GB  db-host=92GB)
[14:45:54] INFO  prepare root: /tmp/poc-tpcc/artifacts/X-CROSS/ybdb-vm-6node-P-A-rc-run1-20260622T131459+0800  db=ybdb iso=rc topo=vm-6node-P-A host=172.24.40.32 expected_shards=0
 pg_terminate_backend 
----------------------
(0 rows)

NOTICE:  database "tpcc" does not exist, skipping
DROP DATABASE
CREATE DATABASE
2026/06/22 14:45:58 maxprocs: Leaving GOMAXPROCS=4: CPU quota undefined
[14:45:58] INFO  drop+create done
[14:45:58] INFO  go-tpc tpcc prepare W=4 driver=postgres --no-check
creating table warehouse
creating table district
creating table customer
creating index idx_customer
creating table history
creating index idx_h_w_id
creating index idx_h_c_w_id
creating table new_order
creating table orders
creating index idx_order
creating table order_line
creating table stock
creating table item
load to item
load to warehouse in warehouse 1
load to stock in warehouse 1
load to district in warehouse 1
load to warehouse in warehouse 2
load to stock in warehouse 2
load to district in warehouse 2
load to warehouse in warehouse 3
load to stock in warehouse 3
load to district in warehouse 3
load to warehouse in warehouse 4
load to stock in warehouse 4
load to district in warehouse 4
load to customer in warehouse 1 district 1
load to history in warehouse 1 district 1
load to orders in warehouse 1 district 1
load to new_order in warehouse 1 district 1
load to order_line in warehouse 1 district 1
load to customer in warehouse 1 district 2
load to history in warehouse 1 district 2
load to orders in warehouse 1 district 2
load to new_order in warehouse 1 district 2
load to order_line in warehouse 1 district 2
load to customer in warehouse 1 district 3
load to history in warehouse 1 district 3
load to orders in warehouse 1 district 3
load to new_order in warehouse 1 district 3
load to order_line in warehouse 1 district 3
load to customer in warehouse 1 district 4
load to history in warehouse 1 district 4
load to orders in warehouse 1 district 4
load to new_order in warehouse 1 district 4
load to order_line in warehouse 1 district 4
load to customer in warehouse 1 district 5
load to history in warehouse 1 district 5
load to orders in warehouse 1 district 5
load to new_order in warehouse 1 district 5
load to order_line in warehouse 1 district 5
load to customer in warehouse 1 district 6
load to history in warehouse 1 district 6
load to orders in warehouse 1 district 6
load to new_order in warehouse 1 district 6
load to order_line in warehouse 1 district 6
load to customer in warehouse 1 district 7
load to history in warehouse 1 district 7
load to orders in warehouse 1 district 7
load to new_order in warehouse 1 district 7
load to order_line in warehouse 1 district 7
load to customer in warehouse 1 district 8
load to history in warehouse 1 district 8
load to orders in warehouse 1 district 8
load to new_order in warehouse 1 district 8
load to order_line in warehouse 1 district 8
load to customer in warehouse 1 district 9
load to history in warehouse 1 district 9
load to orders in warehouse 1 district 9
load to new_order in warehouse 1 district 9
load to order_line in warehouse 1 district 9
load to customer in warehouse 1 district 10
load to history in warehouse 1 district 10
load to orders in warehouse 1 district 10
load to new_order in warehouse 1 district 10
load to order_line in warehouse 1 district 10
load to customer in warehouse 2 district 1
load to history in warehouse 2 district 1
load to orders in warehouse 2 district 1
load to new_order in warehouse 2 district 1
load to order_line in warehouse 2 district 1
load to customer in warehouse 2 district 2
load to history in warehouse 2 district 2
load to orders in warehouse 2 district 2
load to new_order in warehouse 2 district 2
load to order_line in warehouse 2 district 2
load to customer in warehouse 2 district 3
load to history in warehouse 2 district 3
load to orders in warehouse 2 district 3
load to new_order in warehouse 2 district 3
load to order_line in warehouse 2 district 3
load to customer in warehouse 2 district 4
load to history in warehouse 2 district 4
load to orders in warehouse 2 district 4
load to new_order in warehouse 2 district 4
load to order_line in warehouse 2 district 4
load to customer in warehouse 2 district 5
load to history in warehouse 2 district 5
load to orders in warehouse 2 district 5
load to new_order in warehouse 2 district 5
load to order_line in warehouse 2 district 5
load to customer in warehouse 2 district 6
load to history in warehouse 2 district 6
load to orders in warehouse 2 district 6
load to new_order in warehouse 2 district 6
load to order_line in warehouse 2 district 6
load to customer in warehouse 2 district 7
load to history in warehouse 2 district 7
load to orders in warehouse 2 district 7
load to new_order in warehouse 2 district 7
load to order_line in warehouse 2 district 7
load to customer in warehouse 2 district 8
load to history in warehouse 2 district 8
load to orders in warehouse 2 district 8
load to new_order in warehouse 2 district 8
load to order_line in warehouse 2 district 8
load to customer in warehouse 2 district 9
load to history in warehouse 2 district 9
load to orders in warehouse 2 district 9
load to new_order in warehouse 2 district 9
load to order_line in warehouse 2 district 9
load to customer in warehouse 2 district 10
load to history in warehouse 2 district 10
load to orders in warehouse 2 district 10
load to new_order in warehouse 2 district 10
load to order_line in warehouse 2 district 10
load to customer in warehouse 3 district 1
load to history in warehouse 3 district 1
load to orders in warehouse 3 district 1
load to new_order in warehouse 3 district 1
load to order_line in warehouse 3 district 1
load to customer in warehouse 3 district 2
load to history in warehouse 3 district 2
load to orders in warehouse 3 district 2
load to new_order in warehouse 3 district 2
load to order_line in warehouse 3 district 2
load to customer in warehouse 3 district 3
load to history in warehouse 3 district 3
load to orders in warehouse 3 district 3
load to new_order in warehouse 3 district 3
load to order_line in warehouse 3 district 3
load to customer in warehouse 3 district 4
load to history in warehouse 3 district 4
load to orders in warehouse 3 district 4
load to new_order in warehouse 3 district 4
load to order_line in warehouse 3 district 4
load to customer in warehouse 3 district 5
load to history in warehouse 3 district 5
load to orders in warehouse 3 district 5
load to new_order in warehouse 3 district 5
load to order_line in warehouse 3 district 5
load to customer in warehouse 3 district 6
load to history in warehouse 3 district 6
load to orders in warehouse 3 district 6
load to new_order in warehouse 3 district 6
load to order_line in warehouse 3 district 6
load to customer in warehouse 3 district 7
load to history in warehouse 3 district 7
load to orders in warehouse 3 district 7
load to new_order in warehouse 3 district 7
load to order_line in warehouse 3 district 7
load to customer in warehouse 3 district 8
load to history in warehouse 3 district 8
load to orders in warehouse 3 district 8
load to new_order in warehouse 3 district 8
load to order_line in warehouse 3 district 8
load to customer in warehouse 3 district 9
load to history in warehouse 3 district 9
load to orders in warehouse 3 district 9
load to new_order in warehouse 3 district 9
load to order_line in warehouse 3 district 9
load to customer in warehouse 3 district 10
load to history in warehouse 3 district 10
load to orders in warehouse 3 district 10
load to new_order in warehouse 3 district 10
load to order_line in warehouse 3 district 10
load to customer in warehouse 4 district 1
load to history in warehouse 4 district 1
load to orders in warehouse 4 district 1
load to new_order in warehouse 4 district 1
load to order_line in warehouse 4 district 1
load to customer in warehouse 4 district 2
load to history in warehouse 4 district 2
load to orders in warehouse 4 district 2
load to new_order in warehouse 4 district 2
load to order_line in warehouse 4 district 2
load to customer in warehouse 4 district 3
load to history in warehouse 4 district 3
load to orders in warehouse 4 district 3
load to new_order in warehouse 4 district 3
load to order_line in warehouse 4 district 3
load to customer in warehouse 4 district 4
load to history in warehouse 4 district 4
load to orders in warehouse 4 district 4
load to new_order in warehouse 4 district 4
load to order_line in warehouse 4 district 4
load to customer in warehouse 4 district 5
load to history in warehouse 4 district 5
load to orders in warehouse 4 district 5
load to new_order in warehouse 4 district 5
load to order_line in warehouse 4 district 5
load to customer in warehouse 4 district 6
load to history in warehouse 4 district 6
load to orders in warehouse 4 district 6
load to new_order in warehouse 4 district 6
load to order_line in warehouse 4 district 6
load to customer in warehouse 4 district 7
load to history in warehouse 4 district 7
load to orders in warehouse 4 district 7
load to new_order in warehouse 4 district 7
load to order_line in warehouse 4 district 7
load to customer in warehouse 4 district 8
load to history in warehouse 4 district 8
load to orders in warehouse 4 district 8
load to new_order in warehouse 4 district 8
load to order_line in warehouse 4 district 8
load to customer in warehouse 4 district 9
load to history in warehouse 4 district 9
load to orders in warehouse 4 district 9
load to new_order in warehouse 4 district 9
load to order_line in warehouse 4 district 9
load to customer in warehouse 4 district 10
load to history in warehouse 4 district 10
load to orders in warehouse 4 district 10
load to new_order in warehouse 4 district 10
load to order_line in warehouse 4 district 10
Finished
[14:47:47] INFO  row-count verification (YBDB; go-tpc check-all skipped — 2025.2 stalls on 3.3.2.x cross-table aggregates)
    tbl     |  count  
------------+---------
 warehouse  |       4
 district   |      40
 customer   |  120000
 history    |  120000
 item       |  100000
 stock      |  400000
 new_order  |   36000
 orders     |  120000
 order_line | 1199910
(9 rows)

[14:47:47] INFO  quiesce 5 min
[14:52:47] INFO  ANALYZE
ANALYZE
[14:53:01] INFO  schema + EXPLAIN dump
==> post-prepare: verify load_balancer idle (Plan B deterministic gate)
[14:53:04] INFO  prepare done
gate FAIL: YBDB load_balancer not idle after 5min
make[1]: *** [phase7-ybdb-smoke] Error 1
[TIMEOUT/FAIL] phase7-ybdb-smoke exit=2 after 3600s
==> phase-cleanup-on-fail (kill leftover background)
make: *** [phase7-ybdb-smoke-safe] Error 2
