==> [start] phase2-bootstrap at 2026-06-22T13:27:55+0800 (timeout=600   s)
==> phase2-bootstrap: install go-tpc + rsync scripts + rsync ansible to .31
TPCC_CLIENT=root@172.24.40.31 TPCC_BASE=/tmp/poc-tpcc GOTPC_VERSION=v1.0.12 \
	  bash tests/common/bootstrap-client.sh
==> bootstrap TPC-C client: root@172.24.40.31  (base=/tmp/poc-tpcc)
** WARNING: connection is not using a post-quantum key exchange algorithm.
** This session may be vulnerable to "store now, decrypt later" attacks.
** The server may need to be upgraded. See https://openssh.com/pq.html
    remote go-tpc release: 1.0.12
** WARNING: connection is not using a post-quantum key exchange algorithm.
** This session may be vulnerable to "store now, decrypt later" attacks.
** The server may need to be upgraded. See https://openssh.com/pq.html
==> rsync scripts -> root@172.24.40.31:/tmp/poc-tpcc/scripts/
** WARNING: connection is not using a post-quantum key exchange algorithm.
** This session may be vulnerable to "store now, decrypt later" attacks.
** The server may need to be upgraded. See https://openssh.com/pq.html
** WARNING: connection is not using a post-quantum key exchange algorithm.
** This session may be vulnerable to "store now, decrypt later" attacks.
** The server may need to be upgraded. See https://openssh.com/pq.html
** WARNING: connection is not using a post-quantum key exchange algorithm.
** This session may be vulnerable to "store now, decrypt later" attacks.
** The server may need to be upgraded. See https://openssh.com/pq.html
go-tpc release: 1.0.12
path=/usr/local/bin/go-tpc
864cf82c57ffdfb74a8d75644dcf3b4943ca264e16f684618f340bb0e9ce719d  /usr/local/bin/go-tpc
==> bootstrap complete
ssh root@172.24.40.31 'mkdir -p /tmp/poc-tpcc/scripts/crossregion /tmp/poc/ansible /tmp/poc/tests'
** WARNING: connection is not using a post-quantum key exchange algorithm.
** This session may be vulnerable to "store now, decrypt later" attacks.
** The server may need to be upgraded. See https://openssh.com/pq.html
rsync -avz phase-crossregion/scripts/ 'root@172.24.40.31:/tmp/poc-tpcc/scripts/crossregion/'
** WARNING: connection is not using a post-quantum key exchange algorithm.
** This session may be vulnerable to "store now, decrypt later" attacks.
** The server may need to be upgraded. See https://openssh.com/pq.html
Transfer starting: 18 files
./
check-gcp-via-31.sh
cleanup-tidb.sh
cleanup-ybdb.sh
gate-chrony-cross-region.sh
idc-iperf3-bootstrap.sh
idc-vm-baseline-reset.sh
preflight-mac.sh
run-flow-2x.sh
run-vm6-aa.sh
run-vm6-failover-plan.sh
run-vm6-suite.sh
sweep-archive.sh
wan-probe.sh
chaos/
chaos/chaos-c1-node-down-plan.sh
chaos/chaos-c4-network-partition-plan.sh
chaos/chaos-c7-disk-slow-plan.sh

sent 44396 bytes  received 384 bytes  277963 bytes/sec
total size is 120811  speedup is 2.70
==> rsync ansible/ + tests/ to root@172.24.40.31:/tmp/poc/ (mirror Mac layout for relative-path SQL files)
rsync -avz --delete ansible/ 'root@172.24.40.31:/tmp/poc/ansible/'
** WARNING: connection is not using a post-quantum key exchange algorithm.
** This session may be vulnerable to "store now, decrypt later" attacks.
** The server may need to be upgraded. See https://openssh.com/pq.html
Transfer starting: 106 files

sent 5501 bytes  received 20 bytes  95025 bytes/sec
total size is 206266  speedup is 37.36
rsync -avz --delete tests/   'root@172.24.40.31:/tmp/poc/tests/'
** WARNING: connection is not using a post-quantum key exchange algorithm.
** This session may be vulnerable to "store now, decrypt later" attacks.
** The server may need to be upgraded. See https://openssh.com/pq.html
Transfer starting: 74 files

sent 3712 bytes  received 20 bytes  79235 bytes/sec
total size is 193112  speedup is 51.74
==> [end]   phase2-bootstrap at 2026-06-22T13:28:01+0800
