2026/06/22 15:19:22 maxprocs: Leaving GOMAXPROCS=4: CPU quota undefined
[2026-06-22 15:19:30] execute run failed, err exec SELECT d_next_o_id, d_tax FROM district WHERE d_id = ? AND d_w_id = ? FOR UPDATE failed pq: LookupByIdRpc(tablet: b44f56355abb45f9b429c0e0bd6c96e8, num_attempts: 3) failed: LookupByIdRpc(tablet: b44f56355abb45f9b429c0e0bd6c96e8, num_attempts: 3) timed out after deadline expired, passed 5.739s of 5.000s
[2026-06-22 15:19:30] execute run failed, err exec SELECT d_next_o_id, d_tax FROM district WHERE d_id = ? AND d_w_id = ? FOR UPDATE failed pq: LookupByIdRpc(tablet: b44f56355abb45f9b429c0e0bd6c96e8, num_attempts: 3) failed: LookupByIdRpc(tablet: b44f56355abb45f9b429c0e0bd6c96e8, num_attempts: 3) timed out after deadline expired, passed 5.739s of 5.000s
[2026-06-22 15:19:30] execute run failed, err exec SELECT d_next_o_id, d_tax FROM district WHERE d_id = ? AND d_w_id = ? FOR UPDATE failed pq: LookupByIdRpc(tablet: 534c188e7e3a40e9b7eaf495b3771885, num_attempts: 3) failed: LookupByIdRpc(tablet: 534c188e7e3a40e9b7eaf495b3771885, num_attempts: 3) timed out after deadline expired, passed 5.051s of 5.000s
[2026-06-22 15:19:30] execute run failed, err exec SELECT d_next_o_id, d_tax FROM district WHERE d_id = ? AND d_w_id = ? FOR UPDATE failed pq: LookupByIdRpc(tablet: 172f3e7f8ee8455cba235b7aa7e8d537, num_attempts: 3) failed: LookupByIdRpc(tablet: 172f3e7f8ee8455cba235b7aa7e8d537, num_attempts: 3) timed out after deadline expired, passed 5.827s of 5.000s
[2026-06-22 15:19:30] execute run failed, err exec SELECT d_next_o_id, d_tax FROM district WHERE d_id = ? AND d_w_id = ? FOR UPDATE failed pq: LookupByIdRpc(tablet: 172f3e7f8ee8455cba235b7aa7e8d537, num_attempts: 3) failed: LookupByIdRpc(tablet: 172f3e7f8ee8455cba235b7aa7e8d537, num_attempts: 3) timed out after deadline expired, passed 5.827s of 5.000s
[2026-06-22 15:19:30] execute run failed, err exec SELECT d_next_o_id, d_tax FROM district WHERE d_id = ? AND d_w_id = ? FOR UPDATE failed pq: LookupByIdRpc(tablet: 172f3e7f8ee8455cba235b7aa7e8d537, num_attempts: 3) failed: LookupByIdRpc(tablet: 172f3e7f8ee8455cba235b7aa7e8d537, num_attempts: 3) timed out after deadline expired, passed 5.827s of 5.000s
[2026-06-22 15:19:30] execute run failed, err exec SELECT d_next_o_id, d_tax FROM district WHERE d_id = ? AND d_w_id = ? FOR UPDATE failed pq: LookupByIdRpc(tablet: 172f3e7f8ee8455cba235b7aa7e8d537, num_attempts: 3) failed: LookupByIdRpc(tablet: 172f3e7f8ee8455cba235b7aa7e8d537, num_attempts: 3) timed out after deadline expired, passed 5.827s of 5.000s
[2026-06-22 15:19:30] execute run failed, err exec SELECT d_next_o_id, d_tax FROM district WHERE d_id = ? AND d_w_id = ? FOR UPDATE failed pq: LookupByIdRpc(tablet: 172f3e7f8ee8455cba235b7aa7e8d537, num_attempts: 3) failed: LookupByIdRpc(tablet: 172f3e7f8ee8455cba235b7aa7e8d537, num_attempts: 3) timed out after deadline expired, passed 5.827s of 5.000s
[2026-06-22 15:19:30] execute run failed, err exec SELECT d_next_o_id, d_tax FROM district WHERE d_id = ? AND d_w_id = ? FOR UPDATE failed pq: LookupByIdRpc(tablet: 172f3e7f8ee8455cba235b7aa7e8d537, num_attempts: 3) failed: LookupByIdRpc(tablet: 172f3e7f8ee8455cba235b7aa7e8d537, num_attempts: 3) timed out after deadline expired, passed 5.827s of 5.000s
execute run failed, err exec SELECT d_next_o_id, d_tax FROM district WHERE d_id = ? AND d_w_id = ? FOR UPDATE failed pq: LookupByIdRpc(tablet: b44f56355abb45f9b429c0e0bd6c96e8, num_attempts: 3) failed: LookupByIdRpc(tablet: b44f56355abb45f9b429c0e0bd6c96e8, num_attempts: 3) timed out after deadline expired, passed 5.739s of 5.000s
execute run failed, err exec SELECT d_next_o_id, d_tax FROM district WHERE d_id = ? AND d_w_id = ? FOR UPDATE failed pq: LookupByIdRpc(tablet: b44f56355abb45f9b429c0e0bd6c96e8, num_attempts: 3) failed: LookupByIdRpc(tablet: b44f56355abb45f9b429c0e0bd6c96e8, num_attempts: 3) timed out after deadline expired, passed 5.739s of 5.000s
execute run failed, err exec SELECT d_next_o_id, d_tax FROM district WHERE d_id = ? AND d_w_id = ? FOR UPDATE failed pq: LookupByIdRpc(tablet: 172f3e7f8ee8455cba235b7aa7e8d537, num_attempts: 3) failed: LookupByIdRpc(tablet: 172f3e7f8ee8455cba235b7aa7e8d537, num_attempts: 3) timed out after deadline expired, passed 5.827s of 5.000s
execute run failed, err exec SELECT d_next_o_id, d_tax FROM district WHERE d_id = ? AND d_w_id = ? FOR UPDATE failed pq: LookupByIdRpc(tablet: 534c188e7e3a40e9b7eaf495b3771885, num_attempts: 3) failed: LookupByIdRpc(tablet: 534c188e7e3a40e9b7eaf495b3771885, num_attempts: 3) timed out after deadline expired, passed 5.051s of 5.000s
execute run failed, err exec SELECT d_next_o_id, d_tax FROM district WHERE d_id = ? AND d_w_id = ? FOR UPDATE failed pq: LookupByIdRpc(tablet: 172f3e7f8ee8455cba235b7aa7e8d537, num_attempts: 3) failed: LookupByIdRpc(tablet: 172f3e7f8ee8455cba235b7aa7e8d537, num_attempts: 3) timed out after deadline expired, passed 5.827s of 5.000s
execute run failed, err exec SELECT d_next_o_id, d_tax FROM district WHERE d_id = ? AND d_w_id = ? FOR UPDATE failed pq: LookupByIdRpc(tablet: 172f3e7f8ee8455cba235b7aa7e8d537, num_attempts: 3) failed: LookupByIdRpc(tablet: 172f3e7f8ee8455cba235b7aa7e8d537, num_attempts: 3) timed out after deadline expired, passed 5.827s of 5.000s
execute run failed, err exec SELECT d_next_o_id, d_tax FROM district WHERE d_id = ? AND d_w_id = ? FOR UPDATE failed pq: LookupByIdRpc(tablet: 172f3e7f8ee8455cba235b7aa7e8d537, num_attempts: 3) failed: LookupByIdRpc(tablet: 172f3e7f8ee8455cba235b7aa7e8d537, num_attempts: 3) timed out after deadline expired, passed 5.827s of 5.000s
execute run failed, err exec SELECT d_next_o_id, d_tax FROM district WHERE d_id = ? AND d_w_id = ? FOR UPDATE failed pq: LookupByIdRpc(tablet: 172f3e7f8ee8455cba235b7aa7e8d537, num_attempts: 3) failed: LookupByIdRpc(tablet: 172f3e7f8ee8455cba235b7aa7e8d537, num_attempts: 3) timed out after deadline expired, passed 5.827s of 5.000s
execute run failed, err exec SELECT d_next_o_id, d_tax FROM district WHERE d_id = ? AND d_w_id = ? FOR UPDATE failed pq: LookupByIdRpc(tablet: 172f3e7f8ee8455cba235b7aa7e8d537, num_attempts: 3) failed: LookupByIdRpc(tablet: 172f3e7f8ee8455cba235b7aa7e8d537, num_attempts: 3) timed out after deadline expired, passed 5.827s of 5.000s
[Current] DELIVERY - Takes(s): 6.8, Count: 7, TPM: 61.9, Sum(ms): 12306.5, Avg(ms): 1756.1, 50th(ms): 1140.9, 90th(ms): 1946.2, 95th(ms): 7247.8, 99th(ms): 7247.8, 99.9th(ms): 7247.8, Max(ms): 7247.8
[Current] NEW_ORDER - Takes(s): 6.3, Count: 15, TPM: 142.6, Sum(ms): 47997.5, Avg(ms): 3183.2, 50th(ms): 1610.6, 90th(ms): 6710.9, 95th(ms): 6710.9, 99th(ms): 6710.9, 99.9th(ms): 6710.9, Max(ms): 6710.9
[Current] NEW_ORDER_ERR - Takes(s): 6.3, Count: 9, TPM: 85.6, Sum(ms): 54694.7, Avg(ms): 6039.8, 50th(ms): 6174.0, 90th(ms): 6174.0, 95th(ms): 6174.0, 99th(ms): 6174.0, 99.9th(ms): 6174.0, Max(ms): 6174.0
[Current] ORDER_STATUS - Takes(s): 7.0, Count: 2, TPM: 17.2, Sum(ms): 1310.7, Avg(ms): 658.5, 50th(ms): 436.2, 90th(ms): 906.0, 95th(ms): 906.0, 99th(ms): 906.0, 99.9th(ms): 906.0, Max(ms): 906.0
[Current] PAYMENT - Takes(s): 7.0, Count: 8, TPM: 68.3, Sum(ms): 26277.9, Avg(ms): 3284.1, 50th(ms): 939.5, 90th(ms): 6710.9, 95th(ms): 6710.9, 99th(ms): 6710.9, 99.9th(ms): 6710.9, Max(ms): 6710.9
[Current] STOCK_LEVEL - Takes(s): 7.1, Count: 2, TPM: 17.0, Sum(ms): 1530.2, Avg(ms): 755.0, 50th(ms): 771.8, 90th(ms): 771.8, 95th(ms): 771.8, 99th(ms): 771.8, 99.9th(ms): 771.8, Max(ms): 771.8
[Current] NEW_ORDER - Takes(s): 6.1, Count: 1, TPM: 9.9, Sum(ms): 21764.1, Avg(ms): 15837.7, 50th(ms): 16106.1, 90th(ms): 16106.1, 95th(ms): 16106.1, 99th(ms): 16106.1, 99.9th(ms): 16106.1, Max(ms): 16106.1
[2026-06-22 15:20:30] execute run failed, err pq: LookupByIdRpc(tablet: 534c188e7e3a40e9b7eaf495b3771885, num_attempts: 2) failed: LookupByIdRpc(tablet: 534c188e7e3a40e9b7eaf495b3771885, num_attempts: 2) timed out after deadline expired, passed 60.044s of 4.993s
[2026-06-22 15:20:30] execute run failed, err exec SELECT d_next_o_id, d_tax FROM district WHERE d_id = ? AND d_w_id = ? FOR UPDATE failed pq: LookupByIdRpc(tablet: 3bce61658df34a4793a84a4bcc5f782c, num_attempts: 2) failed: LookupByIdRpc(tablet: 3bce61658df34a4793a84a4bcc5f782c, num_attempts: 2) timed out after deadline expired, passed 60.042s of 4.957s
[2026-06-22 15:20:30] execute run failed, err exec SELECT d_next_o_id, d_tax FROM district WHERE d_id = ? AND d_w_id = ? FOR UPDATE failed pq: LookupByIdRpc(tablet: 3bce61658df34a4793a84a4bcc5f782c, num_attempts: 2) failed: LookupByIdRpc(tablet: 3bce61658df34a4793a84a4bcc5f782c, num_attempts: 2) timed out after deadline expired, passed 60.042s of 4.957s
[2026-06-22 15:20:30] execute run failed, err exec SELECT d_next_o_id, d_tax FROM district WHERE d_id = ? AND d_w_id = ? FOR UPDATE failed pq: LookupByIdRpc(tablet: 3bce61658df34a4793a84a4bcc5f782c, num_attempts: 2) failed: LookupByIdRpc(tablet: 3bce61658df34a4793a84a4bcc5f782c, num_attempts: 2) timed out after deadline expired, passed 60.042s of 4.957s
execute run failed, err pq: LookupByIdRpc(tablet: 534c188e7e3a40e9b7eaf495b3771885, num_attempts: 2) failed: LookupByIdRpc(tablet: 534c188e7e3a40e9b7eaf495b3771885, num_attempts: 2) timed out after deadline expired, passed 60.044s of 4.993s
execute run failed, err exec SELECT d_next_o_id, d_tax FROM district WHERE d_id = ? AND d_w_id = ? FOR UPDATE failed pq: LookupByIdRpc(tablet: 3bce61658df34a4793a84a4bcc5f782c, num_attempts: 2) failed: LookupByIdRpc(tablet: 3bce61658df34a4793a84a4bcc5f782c, num_attempts: 2) timed out after deadline expired, passed 60.042s of 4.957s
execute run failed, err exec SELECT d_next_o_id, d_tax FROM district WHERE d_id = ? AND d_w_id = ? FOR UPDATE failed pq: LookupByIdRpc(tablet: 3bce61658df34a4793a84a4bcc5f782c, num_attempts: 2) failed: LookupByIdRpc(tablet: 3bce61658df34a4793a84a4bcc5f782c, num_attempts: 2) timed out after deadline expired, passed 60.042s of 4.957s
execute run failed, err exec SELECT d_next_o_id, d_tax FROM district WHERE d_id = ? AND d_w_id = ? FOR UPDATE failed pq: LookupByIdRpc(tablet: 3bce61658df34a4793a84a4bcc5f782c, num_attempts: 2) failed: LookupByIdRpc(tablet: 3bce61658df34a4793a84a4bcc5f782c, num_attempts: 2) timed out after deadline expired, passed 60.042s of 4.957s
[Current] DELIVERY - Takes(s): 0.8, Count: 1, TPM: 77.9, Sum(ms): 67092.9, Avg(ms): 15837.7, 50th(ms): 16106.1, 90th(ms): 16106.1, 95th(ms): 16106.1, 99th(ms): 16106.1, 99.9th(ms): 16106.1, Max(ms): 16106.1
[Current] NEW_ORDER - Takes(s): 1.7, Count: 5, TPM: 174.2, Sum(ms): 134539.5, Avg(ms): 6540.4, 50th(ms): 604.0, 90th(ms): 16106.1, 95th(ms): 16106.1, 99th(ms): 16106.1, 99.9th(ms): 16106.1, Max(ms): 16106.1
[Current] NEW_ORDER_ERR - Takes(s): 1.7, Count: 3, TPM: 104.5, Sum(ms): 193227.9, Avg(ms): 15837.7, 50th(ms): 16106.1, 90th(ms): 16106.1, 95th(ms): 16106.1, 99th(ms): 16106.1, 99.9th(ms): 16106.1, Max(ms): 16106.1
[Current] ORDER_STATUS - Takes(s): 0.8, Count: 3, TPM: 216.6, Sum(ms): 1872.1, Avg(ms): 627.7, 50th(ms): 805.3, 90th(ms): 906.0, 95th(ms): 906.0, 99th(ms): 906.0, 99.9th(ms): 906.0, Max(ms): 906.0
[Current] PAYMENT - Takes(s): 1.7, Count: 4, TPM: 139.2, Sum(ms): 265328.9, Avg(ms): 15837.7, 50th(ms): 16106.1, 90th(ms): 16106.1, 95th(ms): 16106.1, 99th(ms): 16106.1, 99.9th(ms): 16106.1, Max(ms): 16106.1
[Current] STOCK_LEVEL_ERR - Takes(s): 1.7, Count: 1, TPM: 34.8, Sum(ms): 60030.3, Avg(ms): 15837.7, 50th(ms): 16106.1, 90th(ms): 16106.1, 95th(ms): 16106.1, 99th(ms): 16106.1, 99.9th(ms): 16106.1, Max(ms): 16106.1
[2026-06-22 15:20:45] execute run failed, err pq: LookupByIdRpc(tablet: 3bce61658df34a4793a84a4bcc5f782c, num_attempts: 2) failed: LookupByIdRpc(tablet: 3bce61658df34a4793a84a4bcc5f782c, num_attempts: 2) timed out after deadline expired, passed 15.051s of 4.998s
[2026-06-22 15:20:45] execute run failed, err exec SELECT d_next_o_id, d_tax FROM district WHERE d_id = ? AND d_w_id = ? FOR UPDATE failed pq: LookupByIdRpc(tablet: 534c188e7e3a40e9b7eaf495b3771885, num_attempts: 2) failed: LookupByIdRpc(tablet: 534c188e7e3a40e9b7eaf495b3771885, num_attempts: 2) timed out after deadline expired, passed 15.054s of 1.334s
execute run failed, err exec SELECT d_next_o_id, d_tax FROM district WHERE d_id = ? AND d_w_id = ? FOR UPDATE failed pq: LookupByIdRpc(tablet: 534c188e7e3a40e9b7eaf495b3771885, num_attempts: 2) failed: LookupByIdRpc(tablet: 534c188e7e3a40e9b7eaf495b3771885, num_attempts: 2) timed out after deadline expired, passed 15.054s of 1.334s
execute run failed, err pq: LookupByIdRpc(tablet: 3bce61658df34a4793a84a4bcc5f782c, num_attempts: 2) failed: LookupByIdRpc(tablet: 3bce61658df34a4793a84a4bcc5f782c, num_attempts: 2) timed out after deadline expired, passed 15.051s of 4.998s
[Current] NEW_ORDER - Takes(s): 6.7, Count: 3, TPM: 27.0, Sum(ms): 229814.3, Avg(ms): 15837.7, 50th(ms): 16106.1, 90th(ms): 16106.1, 95th(ms): 16106.1, 99th(ms): 16106.1, 99.9th(ms): 16106.1, Max(ms): 16106.1
[Current] NEW_ORDER_ERR - Takes(s): 6.7, Count: 1, TPM: 9.0, Sum(ms): 14100.5, Avg(ms): 14227.1, 50th(ms): 14495.5, 90th(ms): 14495.5, 95th(ms): 14495.5, 99th(ms): 14495.5, 99.9th(ms): 14495.5, Max(ms): 14495.5
[Current] ORDER_STATUS - Takes(s): 6.4, Count: 1, TPM: 9.4, Sum(ms): 256.4, Avg(ms): 255.9, 50th(ms): 260.0, 90th(ms): 260.0, 95th(ms): 260.0, 99th(ms): 260.0, 99.9th(ms): 260.0, Max(ms): 260.0
[Current] PAYMENT - Takes(s): 6.2, Count: 4, TPM: 38.6, Sum(ms): 326783.5, Avg(ms): 15837.7, 50th(ms): 16106.1, 90th(ms): 16106.1, 95th(ms): 16106.1, 99th(ms): 16106.1, 99.9th(ms): 16106.1, Max(ms): 16106.1
[Current] STOCK_LEVEL_ERR - Takes(s): 6.7, Count: 1, TPM: 9.0, Sum(ms): 13970.3, Avg(ms): 14227.1, 50th(ms): 14495.5, 90th(ms): 14495.5, 95th(ms): 14495.5, 99th(ms): 14495.5, 99.9th(ms): 14495.5, Max(ms): 14495.5
[2026-06-22 15:21:00] execute run failed, err exec SELECT d_next_o_id, d_tax FROM district WHERE d_id = ? AND d_w_id = ? FOR UPDATE failed pq: LookupByIdRpc(tablet: 3b507de3f6374e2fb92d0d6ef157c92a, num_attempts: 2) failed: LookupByIdRpc(tablet: 3b507de3f6374e2fb92d0d6ef157c92a, num_attempts: 2) timed out after deadline expired, passed 14.489s of 4.998s
[2026-06-22 15:21:00] execute run failed, err exec SELECT d_next_o_id, d_tax FROM district WHERE d_id = ? AND d_w_id = ? FOR UPDATE failed pq: LookupByIdRpc(tablet: b44f56355abb45f9b429c0e0bd6c96e8, num_attempts: 2) failed: LookupByIdRpc(tablet: b44f56355abb45f9b429c0e0bd6c96e8, num_attempts: 2) timed out after deadline expired, passed 15.050s of 1.316s
[2026-06-22 15:21:00] execute run failed, err pq: LookupByIdRpc(tablet: 172f3e7f8ee8455cba235b7aa7e8d537, num_attempts: 2) failed: LookupByIdRpc(tablet: 172f3e7f8ee8455cba235b7aa7e8d537, num_attempts: 2) timed out after deadline expired, passed 15.047s of 4.998s
[2026-06-22 15:21:00] execute run failed, err exec SELECT d_next_o_id, d_tax FROM district WHERE d_id = ? AND d_w_id = ? FOR UPDATE failed pq: LookupByIdRpc(tablet: 1bd5610b088d48e4b0f80b78ebd86fa0, num_attempts: 2) failed: LookupByIdRpc(tablet: 1bd5610b088d48e4b0f80b78ebd86fa0, num_attempts: 2) timed out after deadline expired, passed 15.050s of 1.297s
execute run failed, err exec SELECT d_next_o_id, d_tax FROM district WHERE d_id = ? AND d_w_id = ? FOR UPDATE failed pq: LookupByIdRpc(tablet: 3b507de3f6374e2fb92d0d6ef157c92a, num_attempts: 2) failed: LookupByIdRpc(tablet: 3b507de3f6374e2fb92d0d6ef157c92a, num_attempts: 2) timed out after deadline expired, passed 14.489s of 4.998s
execute run failed, err exec SELECT d_next_o_id, d_tax FROM district WHERE d_id = ? AND d_w_id = ? FOR UPDATE failed pq: LookupByIdRpc(tablet: b44f56355abb45f9b429c0e0bd6c96e8, num_attempts: 2) failed: LookupByIdRpc(tablet: b44f56355abb45f9b429c0e0bd6c96e8, num_attempts: 2) timed out after deadline expired, passed 15.050s of 1.316s
execute run failed, err exec SELECT d_next_o_id, d_tax FROM district WHERE d_id = ? AND d_w_id = ? FOR UPDATE failed pq: LookupByIdRpc(tablet: 1bd5610b088d48e4b0f80b78ebd86fa0, num_attempts: 2) failed: LookupByIdRpc(tablet: 1bd5610b088d48e4b0f80b78ebd86fa0, num_attempts: 2) timed out after deadline expired, passed 15.050s of 1.297s
execute run failed, err pq: LookupByIdRpc(tablet: 172f3e7f8ee8455cba235b7aa7e8d537, num_attempts: 2) failed: LookupByIdRpc(tablet: 172f3e7f8ee8455cba235b7aa7e8d537, num_attempts: 2) timed out after deadline expired, passed 15.047s of 4.998s
[Current] DELIVERY - Takes(s): 0.8, Count: 1, TPM: 73.8, Sum(ms): 97026.2, Avg(ms): 15837.7, 50th(ms): 16106.1, 90th(ms): 16106.1, 95th(ms): 16106.1, 99th(ms): 16106.1, 99.9th(ms): 16106.1, Max(ms): 16106.1
[Current] NEW_ORDER - Takes(s): 1.6, Count: 6, TPM: 221.7, Sum(ms): 98853.5, Avg(ms): 2984.5, 50th(ms): 503.3, 90th(ms): 704.6, 95th(ms): 16106.1, 99th(ms): 16106.1, 99.9th(ms): 16106.1, Max(ms): 16106.1
[Current] NEW_ORDER_ERR - Takes(s): 1.6, Count: 3, TPM: 110.8, Sum(ms): 43621.5, Avg(ms): 14585.0, 50th(ms): 15032.4, 90th(ms): 15032.4, 95th(ms): 15032.4, 99th(ms): 15032.4, 99.9th(ms): 15032.4, Max(ms): 15032.4
[Current] ORDER_STATUS - Takes(s): 1.6, Count: 1, TPM: 37.4, Sum(ms): 5.0, Avg(ms): 5.0, 50th(ms): 5.2, 90th(ms): 5.2, 95th(ms): 5.2, 99th(ms): 5.2, 99.9th(ms): 5.2, Max(ms): 5.2
[Current] PAYMENT - Takes(s): 1.6, Count: 5, TPM: 186.2, Sum(ms): 316955.3, Avg(ms): 12673.1, 50th(ms): 16106.1, 90th(ms): 16106.1, 95th(ms): 16106.1, 99th(ms): 16106.1, 99.9th(ms): 16106.1, Max(ms): 16106.1
[Current] STOCK_LEVEL_ERR - Takes(s): 1.6, Count: 1, TPM: 37.0, Sum(ms): 15037.3, Avg(ms): 15300.8, 50th(ms): 15569.3, 90th(ms): 15569.3, 95th(ms): 15569.3, 99th(ms): 15569.3, 99.9th(ms): 15569.3, Max(ms): 15569.3
[2026-06-22 15:21:15] execute run failed, err exec SELECT d_next_o_id, d_tax FROM district WHERE d_id = ? AND d_w_id = ? FOR UPDATE failed pq: LookupByIdRpc(tablet: 3b1bd336be7149969cbb023849ea6a06, num_attempts: 2) failed: LookupByIdRpc(tablet: 3b1bd336be7149969cbb023849ea6a06, num_attempts: 2) timed out after deadline expired, passed 15.047s of 1.763s
execute run failed, err exec SELECT d_next_o_id, d_tax FROM district WHERE d_id = ? AND d_w_id = ? FOR UPDATE failed pq: LookupByIdRpc(tablet: 3b1bd336be7149969cbb023849ea6a06, num_attempts: 2) failed: LookupByIdRpc(tablet: 3b1bd336be7149969cbb023849ea6a06, num_attempts: 2) timed out after deadline expired, passed 15.047s of 1.763s
[Current] DELIVERY - Takes(s): 6.0, Count: 1, TPM: 10.0, Sum(ms): 110990.1, Avg(ms): 15837.7, 50th(ms): 16106.1, 90th(ms): 16106.1, 95th(ms): 16106.1, 99th(ms): 16106.1, 99.9th(ms): 16106.1, Max(ms): 16106.1
[Current] NEW_ORDER - Takes(s): 6.6, Count: 2, TPM: 18.2, Sum(ms): 578.8, Avg(ms): 287.6, 50th(ms): 22.0, 90th(ms): 570.4, 95th(ms): 570.4, 99th(ms): 570.4, 99.9th(ms): 570.4, Max(ms): 570.4
[Current] NEW_ORDER_ERR - Takes(s): 6.6, Count: 1, TPM: 9.1, Sum(ms): 13568.0, Avg(ms): 13690.2, 50th(ms): 13958.6, 90th(ms): 13958.6, 95th(ms): 13958.6, 99th(ms): 13958.6, 99.9th(ms): 13958.6, Max(ms): 13958.6
[Current] PAYMENT - Takes(s): 6.3, Count: 4, TPM: 37.8, Sum(ms): 380064.5, Avg(ms): 15837.7, 50th(ms): 16106.1, 90th(ms): 16106.1, 95th(ms): 16106.1, 99th(ms): 16106.1, 99.9th(ms): 16106.1, Max(ms): 16106.1
[2026-06-22 15:21:30] execute run failed, err exec SELECT d_next_o_id, d_tax FROM district WHERE d_id = ? AND d_w_id = ? FOR UPDATE failed pq: LookupByIdRpc(tablet: 172f3e7f8ee8455cba235b7aa7e8d537, num_attempts: 2) failed: LookupByIdRpc(tablet: 172f3e7f8ee8455cba235b7aa7e8d537, num_attempts: 2) timed out after deadline expired, passed 15.037s of 1.689s
execute run failed, err exec SELECT d_next_o_id, d_tax FROM district WHERE d_id = ? AND d_w_id = ? FOR UPDATE failed pq: LookupByIdRpc(tablet: 172f3e7f8ee8455cba235b7aa7e8d537, num_attempts: 2) failed: LookupByIdRpc(tablet: 172f3e7f8ee8455cba235b7aa7e8d537, num_attempts: 2) timed out after deadline expired, passed 15.037s of 1.689s
[Current] DELIVERY - Takes(s): 1.0, Count: 1, TPM: 59.3, Sum(ms): 446.8, Avg(ms): 444.6, 50th(ms): 453.0, 90th(ms): 453.0, 95th(ms): 453.0, 99th(ms): 453.0, 99.9th(ms): 453.0, Max(ms): 453.0
[Current] NEW_ORDER - Takes(s): 1.5, Count: 4, TPM: 156.6, Sum(ms): 135645.0, Avg(ms): 7809.7, 50th(ms): 75.5, 90th(ms): 16106.1, 95th(ms): 16106.1, 99th(ms): 16106.1, 99.9th(ms): 16106.1, Max(ms): 16106.1
[Current] NEW_ORDER_ERR - Takes(s): 1.5, Count: 1, TPM: 39.1, Sum(ms): 14462.3, Avg(ms): 14227.1, 50th(ms): 14495.5, 90th(ms): 14495.5, 95th(ms): 14495.5, 99th(ms): 14495.5, 99.9th(ms): 14495.5, Max(ms): 14495.5
[Current] ORDER_STATUS - Takes(s): 0.6, Count: 1, TPM: 101.4, Sum(ms): 386.9, Avg(ms): 394.3, 50th(ms): 402.7, 90th(ms): 402.7, 95th(ms): 402.7, 99th(ms): 402.7, 99.9th(ms): 402.7, Max(ms): 402.7
[Current] PAYMENT - Takes(s): 1.5, Count: 6, TPM: 235.1, Sum(ms): 450838.4, Avg(ms): 15390.3, 50th(ms): 16106.1, 90th(ms): 16106.1, 95th(ms): 16106.1, 99th(ms): 16106.1, 99.9th(ms): 16106.1, Max(ms): 16106.1
[Current] STOCK_LEVEL - Takes(s): 0.3, Count: 1, TPM: 197.5, Sum(ms): 287.8, Avg(ms): 293.6, 50th(ms): 302.0, 90th(ms): 302.0, 95th(ms): 302.0, 99th(ms): 302.0, 99.9th(ms): 302.0, Max(ms): 302.0
[2026-06-22 15:21:45] execute run failed, err exec SELECT d_next_o_id, d_tax FROM district WHERE d_id = ? AND d_w_id = ? FOR UPDATE failed pq: LookupByIdRpc(tablet: 172f3e7f8ee8455cba235b7aa7e8d537, num_attempts: 2) failed: LookupByIdRpc(tablet: 172f3e7f8ee8455cba235b7aa7e8d537, num_attempts: 2) timed out after deadline expired, passed 15.011s of 4.984s
[2026-06-22 15:21:45] execute run failed, err exec SELECT d_next_o_id, d_tax FROM district WHERE d_id = ? AND d_w_id = ? FOR UPDATE failed pq: LookupByIdRpc(tablet: 534c188e7e3a40e9b7eaf495b3771885, num_attempts: 2) failed: LookupByIdRpc(tablet: 534c188e7e3a40e9b7eaf495b3771885, num_attempts: 2) timed out after deadline expired, passed 15.015s of 1.153s
[2026-06-22 15:21:45] execute run failed, err exec SELECT d_next_o_id, d_tax FROM district WHERE d_id = ? AND d_w_id = ? FOR UPDATE failed pq: LookupByIdRpc(tablet: 3b507de3f6374e2fb92d0d6ef157c92a, num_attempts: 2) failed: LookupByIdRpc(tablet: 3b507de3f6374e2fb92d0d6ef157c92a, num_attempts: 2) timed out after deadline expired, passed 15.013s of 0.658s
execute run failed, err exec SELECT d_next_o_id, d_tax FROM district WHERE d_id = ? AND d_w_id = ? FOR UPDATE failed pq: LookupByIdRpc(tablet: 3b507de3f6374e2fb92d0d6ef157c92a, num_attempts: 2) failed: LookupByIdRpc(tablet: 3b507de3f6374e2fb92d0d6ef157c92a, num_attempts: 2) timed out after deadline expired, passed 15.013s of 0.658s
execute run failed, err exec SELECT d_next_o_id, d_tax FROM district WHERE d_id = ? AND d_w_id = ? FOR UPDATE failed pq: LookupByIdRpc(tablet: 534c188e7e3a40e9b7eaf495b3771885, num_attempts: 2) failed: LookupByIdRpc(tablet: 534c188e7e3a40e9b7eaf495b3771885, num_attempts: 2) timed out after deadline expired, passed 15.015s of 1.153s
execute run failed, err exec SELECT d_next_o_id, d_tax FROM district WHERE d_id = ? AND d_w_id = ? FOR UPDATE failed pq: LookupByIdRpc(tablet: 172f3e7f8ee8455cba235b7aa7e8d537, num_attempts: 2) failed: LookupByIdRpc(tablet: 172f3e7f8ee8455cba235b7aa7e8d537, num_attempts: 2) timed out after deadline expired, passed 15.011s of 4.984s
[Current] DELIVERY - Takes(s): 5.9, Count: 1, TPM: 10.2, Sum(ms): 238.3, Avg(ms): 239.1, 50th(ms): 243.3, 90th(ms): 243.3, 95th(ms): 243.3, 99th(ms): 243.3, 99.9th(ms): 243.3, Max(ms): 243.3
[Current] NEW_ORDER - Takes(s): 6.5, Count: 4, TPM: 36.8, Sum(ms): 141077.9, Avg(ms): 4012.9, 50th(ms): 48.2, 90th(ms): 16106.1, 95th(ms): 16106.1, 99th(ms): 16106.1, 99.9th(ms): 16106.1, Max(ms): 16106.1
[Current] NEW_ORDER_ERR - Takes(s): 6.5, Count: 3, TPM: 27.6, Sum(ms): 42940.8, Avg(ms): 14406.0, 50th(ms): 15032.4, 90th(ms): 15032.4, 95th(ms): 15032.4, 99th(ms): 15032.4, 99.9th(ms): 15032.4, Max(ms): 15032.4
[Current] PAYMENT - Takes(s): 6.5, Count: 8, TPM: 73.7, Sum(ms): 599297.1, Avg(ms): 13457.1, 50th(ms): 15032.4, 90th(ms): 16106.1, 95th(ms): 16106.1, 99th(ms): 16106.1, 99.9th(ms): 16106.1, Max(ms): 16106.1
[Current] STOCK_LEVEL - Takes(s): 6.4, Count: 3, TPM: 28.1, Sum(ms): 333.0, Avg(ms): 111.6, 50th(ms): 88.1, 90th(ms): 243.3, 95th(ms): 243.3, 99th(ms): 243.3, 99.9th(ms): 243.3, Max(ms): 243.3
[2026-06-22 15:22:00] execute run failed, err exec SELECT d_next_o_id, d_tax FROM district WHERE d_id = ? AND d_w_id = ? FOR UPDATE failed pq: LookupByIdRpc(tablet: 172f3e7f8ee8455cba235b7aa7e8d537, num_attempts: 2) failed: LookupByIdRpc(tablet: 172f3e7f8ee8455cba235b7aa7e8d537, num_attempts: 2) timed out after deadline expired, passed 15.012s of 4.975s
[2026-06-22 15:22:00] execute run failed, err exec SELECT d_next_o_id, d_tax FROM district WHERE d_id = ? AND d_w_id = ? FOR UPDATE failed pq: LookupByIdRpc(tablet: 534c188e7e3a40e9b7eaf495b3771885, num_attempts: 2) failed: LookupByIdRpc(tablet: 534c188e7e3a40e9b7eaf495b3771885, num_attempts: 2) timed out after deadline expired, passed 15.008s of 1.140s
[2026-06-22 15:22:00] execute run failed, err exec SELECT d_next_o_id, d_tax FROM district WHERE d_id = ? AND d_w_id = ? FOR UPDATE failed pq: LookupByIdRpc(tablet: 3bce61658df34a4793a84a4bcc5f782c, num_attempts: 2) failed: LookupByIdRpc(tablet: 3bce61658df34a4793a84a4bcc5f782c, num_attempts: 2) timed out after deadline expired, passed 15.013s of 4.616s
execute run failed, err exec SELECT d_next_o_id, d_tax FROM district WHERE d_id = ? AND d_w_id = ? FOR UPDATE failed pq: LookupByIdRpc(tablet: 534c188e7e3a40e9b7eaf495b3771885, num_attempts: 2) failed: LookupByIdRpc(tablet: 534c188e7e3a40e9b7eaf495b3771885, num_attempts: 2) timed out after deadline expired, passed 15.008s of 1.140s
execute run failed, err exec SELECT d_next_o_id, d_tax FROM district WHERE d_id = ? AND d_w_id = ? FOR UPDATE failed pq: LookupByIdRpc(tablet: 172f3e7f8ee8455cba235b7aa7e8d537, num_attempts: 2) failed: LookupByIdRpc(tablet: 172f3e7f8ee8455cba235b7aa7e8d537, num_attempts: 2) timed out after deadline expired, passed 15.012s of 4.975s
execute run failed, err exec SELECT d_next_o_id, d_tax FROM district WHERE d_id = ? AND d_w_id = ? FOR UPDATE failed pq: LookupByIdRpc(tablet: 3bce61658df34a4793a84a4bcc5f782c, num_attempts: 2) failed: LookupByIdRpc(tablet: 3bce61658df34a4793a84a4bcc5f782c, num_attempts: 2) timed out after deadline expired, passed 15.013s of 4.616s
[Current] NEW_ORDER - Takes(s): 1.5, Count: 8, TPM: 318.3, Sum(ms): 30593.5, Avg(ms): 2110.8, 50th(ms): 50.3, 90th(ms): 469.8, 95th(ms): 16106.1, 99th(ms): 16106.1, 99.9th(ms): 16106.1, Max(ms): 16106.1
[Current] NEW_ORDER_ERR - Takes(s): 1.5, Count: 2, TPM: 79.6, Sum(ms): 29189.7, Avg(ms): 14764.0, 50th(ms): 15032.4, 90th(ms): 15032.4, 95th(ms): 15032.4, 99th(ms): 15032.4, 99.9th(ms): 15032.4, Max(ms): 15032.4
[Current] ORDER_STATUS - Takes(s): 1.5, Count: 1, TPM: 41.2, Sum(ms): 13.3, Avg(ms): 13.4, 50th(ms): 13.6, 90th(ms): 13.6, 95th(ms): 13.6, 99th(ms): 13.6, 99.9th(ms): 13.6, Max(ms): 13.6
[Current] PAYMENT - Takes(s): 1.5, Count: 3, TPM: 120.7, Sum(ms): 441083.1, Avg(ms): 15837.7, 50th(ms): 16106.1, 90th(ms): 16106.1, 95th(ms): 16106.1, 99th(ms): 16106.1, 99.9th(ms): 16106.1, Max(ms): 16106.1
[2026-06-22 15:22:15] execute run failed, err exec SELECT d_next_o_id, d_tax FROM district WHERE d_id = ? AND d_w_id = ? FOR UPDATE failed pq: LookupByIdRpc(tablet: 3bce61658df34a4793a84a4bcc5f782c, num_attempts: 2) failed: LookupByIdRpc(tablet: 3bce61658df34a4793a84a4bcc5f782c, num_attempts: 2) timed out after deadline expired, passed 15.048s of 5.000s
execute run failed, err exec SELECT d_next_o_id, d_tax FROM district WHERE d_id = ? AND d_w_id = ? FOR UPDATE failed pq: LookupByIdRpc(tablet: 3bce61658df34a4793a84a4bcc5f782c, num_attempts: 2) failed: LookupByIdRpc(tablet: 3bce61658df34a4793a84a4bcc5f782c, num_attempts: 2) timed out after deadline expired, passed 15.048s of 5.000s
[Current] NEW_ORDER - Takes(s): 6.5, Count: 1, TPM: 9.3, Sum(ms): 14865.1, Avg(ms): 14764.0, 50th(ms): 15032.4, 90th(ms): 15032.4, 95th(ms): 15032.4, 99th(ms): 15032.4, 99.9th(ms): 15032.4, Max(ms): 15032.4
[Current] NEW_ORDER_ERR - Takes(s): 6.5, Count: 1, TPM: 9.3, Sum(ms): 14936.4, Avg(ms): 14764.0, 50th(ms): 15032.4, 90th(ms): 15032.4, 95th(ms): 15032.4, 99th(ms): 15032.4, 99.9th(ms): 15032.4, Max(ms): 15032.4
[Current] PAYMENT - Takes(s): 6.3, Count: 3, TPM: 28.4, Sum(ms): 357565.4, Avg(ms): 15479.8, 50th(ms): 16106.1, 90th(ms): 16106.1, 95th(ms): 16106.1, 99th(ms): 16106.1, 99.9th(ms): 16106.1, Max(ms): 16106.1
[2026-06-22 15:22:30] execute run failed, err exec SELECT d_next_o_id, d_tax FROM district WHERE d_id = ? AND d_w_id = ? FOR UPDATE failed pq: LookupByIdRpc(tablet: 3bce61658df34a4793a84a4bcc5f782c, num_attempts: 2) failed: LookupByIdRpc(tablet: 3bce61658df34a4793a84a4bcc5f782c, num_attempts: 2) timed out after deadline expired, passed 15.031s of 4.564s
[2026-06-22 15:22:30] execute run failed, err exec SELECT d_next_o_id, d_tax FROM district WHERE d_id = ? AND d_w_id = ? FOR UPDATE failed pq: LookupByIdRpc(tablet: 3b507de3f6374e2fb92d0d6ef157c92a, num_attempts: 2) failed: LookupByIdRpc(tablet: 3b507de3f6374e2fb92d0d6ef157c92a, num_attempts: 2) timed out after deadline expired, passed 15.039s of 0.594s
[2026-06-22 15:22:30] execute run failed, err exec SELECT d_next_o_id, d_tax FROM district WHERE d_id = ? AND d_w_id = ? FOR UPDATE failed pq: LookupByIdRpc(tablet: 3b507de3f6374e2fb92d0d6ef157c92a, num_attempts: 2) failed: LookupByIdRpc(tablet: 3b507de3f6374e2fb92d0d6ef157c92a, num_attempts: 2) timed out after deadline expired, passed 15.039s of 0.594s
execute run failed, err exec SELECT d_next_o_id, d_tax FROM district WHERE d_id = ? AND d_w_id = ? FOR UPDATE failed pq: LookupByIdRpc(tablet: 3bce61658df34a4793a84a4bcc5f782c, num_attempts: 2) failed: LookupByIdRpc(tablet: 3bce61658df34a4793a84a4bcc5f782c, num_attempts: 2) timed out after deadline expired, passed 15.031s of 4.564s
execute run failed, err exec SELECT d_next_o_id, d_tax FROM district WHERE d_id = ? AND d_w_id = ? FOR UPDATE failed pq: LookupByIdRpc(tablet: 3b507de3f6374e2fb92d0d6ef157c92a, num_attempts: 2) failed: LookupByIdRpc(tablet: 3b507de3f6374e2fb92d0d6ef157c92a, num_attempts: 2) timed out after deadline expired, passed 15.039s of 0.594s
execute run failed, err exec SELECT d_next_o_id, d_tax FROM district WHERE d_id = ? AND d_w_id = ? FOR UPDATE failed pq: LookupByIdRpc(tablet: 3b507de3f6374e2fb92d0d6ef157c92a, num_attempts: 2) failed: LookupByIdRpc(tablet: 3b507de3f6374e2fb92d0d6ef157c92a, num_attempts: 2) timed out after deadline expired, passed 15.039s of 0.594s
[Current] DELIVERY - Takes(s): 0.4, Count: 1, TPM: 144.8, Sum(ms): 501.1, Avg(ms): 494.9, 50th(ms): 503.3, 90th(ms): 503.3, 95th(ms): 503.3, 99th(ms): 503.3, 99.9th(ms): 503.3, Max(ms): 503.3
[Current] NEW_ORDER - Takes(s): 1.4, Count: 2, TPM: 84.2, Sum(ms): 187015.3, Avg(ms): 7943.5, 50th(ms): 50.3, 90th(ms): 16106.1, 95th(ms): 16106.1, 99th(ms): 16106.1, 99.9th(ms): 16106.1, Max(ms): 16106.1
[Current] NEW_ORDER_ERR - Takes(s): 1.4, Count: 3, TPM: 126.3, Sum(ms): 43977.7, Avg(ms): 14764.0, 50th(ms): 15032.4, 90th(ms): 15032.4, 95th(ms): 15032.4, 99th(ms): 15032.4, 99.9th(ms): 15032.4, Max(ms): 15032.4
[Current] PAYMENT - Takes(s): 1.4, Count: 2, TPM: 84.8, Sum(ms): 284636.4, Avg(ms): 15837.7, 50th(ms): 16106.1, 90th(ms): 16106.1, 95th(ms): 16106.1, 99th(ms): 16106.1, 99.9th(ms): 16106.1, Max(ms): 16106.1
[2026-06-22 15:22:45] execute run failed, err exec SELECT d_next_o_id, d_tax FROM district WHERE d_id = ? AND d_w_id = ? FOR UPDATE failed pq: LookupByIdRpc(tablet: 3bce61658df34a4793a84a4bcc5f782c, num_attempts: 2) failed: LookupByIdRpc(tablet: 3bce61658df34a4793a84a4bcc5f782c, num_attempts: 2) timed out after deadline expired, passed 15.028s of 4.998s
execute run failed, err exec SELECT d_next_o_id, d_tax FROM district WHERE d_id = ? AND d_w_id = ? FOR UPDATE failed pq: LookupByIdRpc(tablet: 3bce61658df34a4793a84a4bcc5f782c, num_attempts: 2) failed: LookupByIdRpc(tablet: 3bce61658df34a4793a84a4bcc5f782c, num_attempts: 2) timed out after deadline expired, passed 15.028s of 4.998s
[Current] NEW_ORDER - Takes(s): 6.4, Count: 7, TPM: 65.7, Sum(ms): 15797.2, Avg(ms): 2223.4, 50th(ms): 46.1, 90th(ms): 62.9, 95th(ms): 15569.3, 99th(ms): 15569.3, 99.9th(ms): 15569.3, Max(ms): 15569.3
[Current] NEW_ORDER_ERR - Takes(s): 6.4, Count: 1, TPM: 9.4, Sum(ms): 89702.4, Avg(ms): 15837.7, 50th(ms): 16106.1, 90th(ms): 16106.1, 95th(ms): 16106.1, 99th(ms): 16106.1, 99.9th(ms): 16106.1, Max(ms): 16106.1
[Current] ORDER_STATUS - Takes(s): 5.7, Count: 1, TPM: 10.5, Sum(ms): 457.9, Avg(ms): 461.4, 50th(ms): 469.8, 90th(ms): 469.8, 95th(ms): 469.8, 99th(ms): 469.8, 99.9th(ms): 469.8, Max(ms): 469.8
[Current] PAYMENT - Takes(s): 6.4, Count: 6, TPM: 56.2, Sum(ms): 89710.3, Avg(ms): 5296.6, 50th(ms): 27.3, 90th(ms): 16106.1, 95th(ms): 16106.1, 99th(ms): 16106.1, 99.9th(ms): 16106.1, Max(ms): 16106.1
[2026-06-22 15:23:00] execute run failed, err exec SELECT d_next_o_id, d_tax FROM district WHERE d_id = ? AND d_w_id = ? FOR UPDATE failed pq: LookupByIdRpc(tablet: 3bce61658df34a4793a84a4bcc5f782c, num_attempts: 2) failed: LookupByIdRpc(tablet: 3bce61658df34a4793a84a4bcc5f782c, num_attempts: 2) timed out after deadline expired, passed 15.049s of 4.510s
[2026-06-22 15:23:00] execute run failed, err exec SELECT d_next_o_id, d_tax FROM district WHERE d_id = ? AND d_w_id = ? FOR UPDATE failed pq: LookupByIdRpc(tablet: 3bce61658df34a4793a84a4bcc5f782c, num_attempts: 2) failed: LookupByIdRpc(tablet: 3bce61658df34a4793a84a4bcc5f782c, num_attempts: 2) timed out after deadline expired, passed 15.049s of 4.510s
execute run failed, err exec SELECT d_next_o_id, d_tax FROM district WHERE d_id = ? AND d_w_id = ? FOR UPDATE failed pq: LookupByIdRpc(tablet: 3bce61658df34a4793a84a4bcc5f782c, num_attempts: 2) failed: LookupByIdRpc(tablet: 3bce61658df34a4793a84a4bcc5f782c, num_attempts: 2) timed out after deadline expired, passed 15.049s of 4.510s
execute run failed, err exec SELECT d_next_o_id, d_tax FROM district WHERE d_id = ? AND d_w_id = ? FOR UPDATE failed pq: LookupByIdRpc(tablet: 3bce61658df34a4793a84a4bcc5f782c, num_attempts: 2) failed: LookupByIdRpc(tablet: 3bce61658df34a4793a84a4bcc5f782c, num_attempts: 2) timed out after deadline expired, passed 15.049s of 4.510s
[Current] DELIVERY - Takes(s): 0.3, Count: 1, TPM: 192.4, Sum(ms): 296.9, Avg(ms): 293.6, 50th(ms): 302.0, 90th(ms): 302.0, 95th(ms): 302.0, 99th(ms): 302.0, 99.9th(ms): 302.0, Max(ms): 302.0
[Current] NEW_ORDER - Takes(s): 1.3, Count: 6, TPM: 267.0, Sum(ms): 269536.8, Avg(ms): 5301.2, 50th(ms): 32.5, 90th(ms): 16106.1, 95th(ms): 16106.1, 99th(ms): 16106.1, 99.9th(ms): 16106.1, Max(ms): 16106.1
[Current] NEW_ORDER_ERR - Takes(s): 1.3, Count: 2, TPM: 89.0, Sum(ms): 29321.2, Avg(ms): 14495.5, 50th(ms): 14495.5, 90th(ms): 15032.4, 95th(ms): 15032.4, 99th(ms): 15032.4, 99.9th(ms): 15032.4, Max(ms): 15032.4
[Current] ORDER_STATUS - Takes(s): 0.7, Count: 1, TPM: 89.7, Sum(ms): 676.9, Avg(ms): 687.9, 50th(ms): 704.6, 90th(ms): 704.6, 95th(ms): 704.6, 99th(ms): 704.6, 99.9th(ms): 704.6, Max(ms): 704.6
[Current] PAYMENT - Takes(s): 1.3, Count: 4, TPM: 178.3, Sum(ms): 334355.9, Avg(ms): 7925.4, 50th(ms): 13.6, 90th(ms): 16106.1, 95th(ms): 16106.1, 99th(ms): 16106.1, 99.9th(ms): 16106.1, Max(ms): 16106.1
[Current] STOCK_LEVEL - Takes(s): 0.7, Count: 1, TPM: 84.4, Sum(ms): 545.7, Avg(ms): 553.6, 50th(ms): 570.4, 90th(ms): 570.4, 95th(ms): 570.4, 99th(ms): 570.4, 99.9th(ms): 570.4, Max(ms): 570.4
[2026-06-22 15:23:15] execute run failed, err exec SELECT d_next_o_id, d_tax FROM district WHERE d_id = ? AND d_w_id = ? FOR UPDATE failed pq: LookupByIdRpc(tablet: 3bce61658df34a4793a84a4bcc5f782c, num_attempts: 2) failed: LookupByIdRpc(tablet: 3bce61658df34a4793a84a4bcc5f782c, num_attempts: 2) timed out after deadline expired, passed 15.002s of 4.964s
[2026-06-22 15:23:15] execute run failed, err exec SELECT d_next_o_id, d_tax FROM district WHERE d_id = ? AND d_w_id = ? FOR UPDATE failed pq: LookupByIdRpc(tablet: 3bce61658df34a4793a84a4bcc5f782c, num_attempts: 2) failed: LookupByIdRpc(tablet: 3bce61658df34a4793a84a4bcc5f782c, num_attempts: 2) timed out after deadline expired, passed 15.002s of 4.964s
execute run failed, err exec SELECT d_next_o_id, d_tax FROM district WHERE d_id = ? AND d_w_id = ? FOR UPDATE failed pq: LookupByIdRpc(tablet: 3bce61658df34a4793a84a4bcc5f782c, num_attempts: 2) failed: LookupByIdRpc(tablet: 3bce61658df34a4793a84a4bcc5f782c, num_attempts: 2) timed out after deadline expired, passed 15.002s of 4.964s
execute run failed, err exec SELECT d_next_o_id, d_tax FROM district WHERE d_id = ? AND d_w_id = ? FOR UPDATE failed pq: LookupByIdRpc(tablet: 3bce61658df34a4793a84a4bcc5f782c, num_attempts: 2) failed: LookupByIdRpc(tablet: 3bce61658df34a4793a84a4bcc5f782c, num_attempts: 2) timed out after deadline expired, passed 15.002s of 4.964s
[Current] NEW_ORDER - Takes(s): 6.4, Count: 4, TPM: 37.8, Sum(ms): 681.8, Avg(ms): 169.5, 50th(ms): 44.0, 90th(ms): 536.9, 95th(ms): 536.9, 99th(ms): 536.9, 99.9th(ms): 536.9, Max(ms): 536.9
[Current] NEW_ORDER_ERR - Takes(s): 6.4, Count: 2, TPM: 18.9, Sum(ms): 28494.3, Avg(ms): 14495.5, 50th(ms): 14495.5, 90th(ms): 15032.4, 95th(ms): 15032.4, 99th(ms): 15032.4, 99.9th(ms): 15032.4, Max(ms): 15032.4
[Current] PAYMENT - Takes(s): 6.3, Count: 5, TPM: 47.4, Sum(ms): 179402.9, Avg(ms): 6027.3, 50th(ms): 31.5, 90th(ms): 16106.1, 95th(ms): 16106.1, 99th(ms): 16106.1, 99.9th(ms): 16106.1, Max(ms): 16106.1
[2026-06-22 15:23:31] execute run failed, err exec SELECT d_next_o_id, d_tax FROM district WHERE d_id = ? AND d_w_id = ? FOR UPDATE failed pq: LookupByIdRpc(tablet: 534c188e7e3a40e9b7eaf495b3771885, num_attempts: 2) failed: LookupByIdRpc(tablet: 534c188e7e3a40e9b7eaf495b3771885, num_attempts: 2) timed out after deadline expired, passed 15.072s of 4.983s
execute run failed, err exec SELECT d_next_o_id, d_tax FROM district WHERE d_id = ? AND d_w_id = ? FOR UPDATE failed pq: LookupByIdRpc(tablet: 534c188e7e3a40e9b7eaf495b3771885, num_attempts: 2) failed: LookupByIdRpc(tablet: 534c188e7e3a40e9b7eaf495b3771885, num_attempts: 2) timed out after deadline expired, passed 15.072s of 4.983s
[Current] NEW_ORDER - Takes(s): 1.3, Count: 1, TPM: 47.0, Sum(ms): 519.4, Avg(ms): 511.7, 50th(ms): 520.1, 90th(ms): 520.1, 95th(ms): 520.1, 99th(ms): 520.1, 99.9th(ms): 520.1, Max(ms): 520.1
[Current] NEW_ORDER_ERR - Takes(s): 1.3, Count: 1, TPM: 47.0, Sum(ms): 14470.1, Avg(ms): 14227.1, 50th(ms): 14495.5, 90th(ms): 14495.5, 95th(ms): 14495.5, 99th(ms): 14495.5, 99.9th(ms): 14495.5, Max(ms): 14495.5
[Current] PAYMENT - Takes(s): 1.3, Count: 3, TPM: 141.1, Sum(ms): 276469.7, Avg(ms): 10563.4, 50th(ms): 16106.1, 90th(ms): 16106.1, 95th(ms): 16106.1, 99th(ms): 16106.1, 99.9th(ms): 16106.1, Max(ms): 16106.1
[2026-06-22 15:23:46] execute run failed, err exec SELECT d_next_o_id, d_tax FROM district WHERE d_id = ? AND d_w_id = ? FOR UPDATE failed pq: LookupByIdRpc(tablet: 172f3e7f8ee8455cba235b7aa7e8d537, num_attempts: 2) failed: LookupByIdRpc(tablet: 172f3e7f8ee8455cba235b7aa7e8d537, num_attempts: 2) timed out after deadline expired, passed 15.042s of 4.925s
execute run failed, err exec SELECT d_next_o_id, d_tax FROM district WHERE d_id = ? AND d_w_id = ? FOR UPDATE failed pq: LookupByIdRpc(tablet: 172f3e7f8ee8455cba235b7aa7e8d537, num_attempts: 2) failed: LookupByIdRpc(tablet: 172f3e7f8ee8455cba235b7aa7e8d537, num_attempts: 2) timed out after deadline expired, passed 15.042s of 4.925s
[Current] NEW_ORDER - Takes(s): 6.2, Count: 1, TPM: 9.6, Sum(ms): 61.4, Avg(ms): 61.9, 50th(ms): 62.9, 90th(ms): 62.9, 95th(ms): 62.9, 99th(ms): 62.9, 99.9th(ms): 62.9, Max(ms): 62.9
[Current] NEW_ORDER_ERR - Takes(s): 6.2, Count: 1, TPM: 9.6, Sum(ms): 15040.3, Avg(ms): 15300.8, 50th(ms): 15569.3, 90th(ms): 15569.3, 95th(ms): 15569.3, 99th(ms): 15569.3, 99.9th(ms): 15569.3, Max(ms): 15569.3
[Current] PAYMENT - Takes(s): 6.2, Count: 2, TPM: 19.2, Sum(ms): 88282.4, Avg(ms): 15032.4, 50th(ms): 14495.5, 90th(ms): 16106.1, 95th(ms): 16106.1, 99th(ms): 16106.1, 99.9th(ms): 16106.1, Max(ms): 16106.1
[2026-06-22 15:24:01] execute run failed, err pq: LookupByIdRpc(tablet: 3bce61658df34a4793a84a4bcc5f782c, num_attempts: 2) failed: LookupByIdRpc(tablet: 3bce61658df34a4793a84a4bcc5f782c, num_attempts: 2) timed out after deadline expired, passed 15.048s of 4.861s
execute run failed, err pq: LookupByIdRpc(tablet: 3bce61658df34a4793a84a4bcc5f782c, num_attempts: 2) failed: LookupByIdRpc(tablet: 3bce61658df34a4793a84a4bcc5f782c, num_attempts: 2) timed out after deadline expired, passed 15.048s of 4.861s
[Current] NEW_ORDER - Takes(s): 1.1, Count: 1, TPM: 53.9, Sum(ms): 67.1, Avg(ms): 69.2, 50th(ms): 71.3, 90th(ms): 71.3, 95th(ms): 71.3, 99th(ms): 71.3, 99.9th(ms): 71.3, Max(ms): 71.3
[Current] PAYMENT - Takes(s): 1.2, Count: 5, TPM: 254.3, Sum(ms): 412259.7, Avg(ms): 6350.3, 50th(ms): 35.7, 90th(ms): 16106.1, 95th(ms): 16106.1, 99th(ms): 16106.1, 99.9th(ms): 16106.1, Max(ms): 16106.1
[Current] STOCK_LEVEL_ERR - Takes(s): 1.2, Count: 1, TPM: 50.7, Sum(ms): 14907.6, Avg(ms): 14764.0, 50th(ms): 15032.4, 90th(ms): 15032.4, 95th(ms): 15032.4, 99th(ms): 15032.4, 99.9th(ms): 15032.4, Max(ms): 15032.4
[2026-06-22 15:24:16] execute run failed, err exec SELECT d_next_o_id, d_tax FROM district WHERE d_id = ? AND d_w_id = ? FOR UPDATE failed pq: LookupByIdRpc(tablet: 172f3e7f8ee8455cba235b7aa7e8d537, num_attempts: 2) failed: LookupByIdRpc(tablet: 172f3e7f8ee8455cba235b7aa7e8d537, num_attempts: 2) timed out after deadline expired, passed 15.069s of 4.835s
execute run failed, err exec SELECT d_next_o_id, d_tax FROM district WHERE d_id = ? AND d_w_id = ? FOR UPDATE failed pq: LookupByIdRpc(tablet: 172f3e7f8ee8455cba235b7aa7e8d537, num_attempts: 2) failed: LookupByIdRpc(tablet: 172f3e7f8ee8455cba235b7aa7e8d537, num_attempts: 2) timed out after deadline expired, passed 15.069s of 4.835s
[2026-06-22 15:24:31] execute run failed, err exec SELECT d_next_o_id, d_tax FROM district WHERE d_id = ? AND d_w_id = ? FOR UPDATE failed pq: LookupByIdRpc(tablet: 172f3e7f8ee8455cba235b7aa7e8d537, num_attempts: 2) failed: LookupByIdRpc(tablet: 172f3e7f8ee8455cba235b7aa7e8d537, num_attempts: 2) timed out after deadline expired, passed 15.046s of 4.769s
execute run failed, err exec SELECT d_next_o_id, d_tax FROM district WHERE d_id = ? AND d_w_id = ? FOR UPDATE failed pq: LookupByIdRpc(tablet: 172f3e7f8ee8455cba235b7aa7e8d537, num_attempts: 2) failed: LookupByIdRpc(tablet: 172f3e7f8ee8455cba235b7aa7e8d537, num_attempts: 2) timed out after deadline expired, passed 15.046s of 4.769s
Finished
[Summary] DELIVERY - Takes(s): 471.6, Count: 14, TPM: 1.8, Sum(ms): 288898.9, Avg(ms): 4377.0, 50th(ms): 503.3, 90th(ms): 16106.1, 95th(ms): 16106.1, 99th(ms): 16106.1, 99.9th(ms): 16106.1, Max(ms): 16106.1
[Summary] NEW_ORDER - Takes(s): 471.2, Count: 74, TPM: 9.4, Sum(ms): 1329544.7, Avg(ms): 4134.3, 50th(ms): 503.3, 90th(ms): 16106.1, 95th(ms): 16106.1, 99th(ms): 16106.1, 99.9th(ms): 16106.1, Max(ms): 16106.1
[Summary] NEW_ORDER_ERR - Takes(s): 471.2, Count: 37, TPM: 4.7, Sum(ms): 686111.2, Avg(ms): 12627.3, 50th(ms): 15032.4, 90th(ms): 15569.3, 95th(ms): 16106.1, 99th(ms): 16106.1, 99.9th(ms): 16106.1, Max(ms): 16106.1
[Summary] ORDER_STATUS - Takes(s): 471.8, Count: 11, TPM: 1.4, Sum(ms): 4979.1, Avg(ms): 456.2, 50th(ms): 436.2, 90th(ms): 906.0, 95th(ms): 906.0, 99th(ms): 906.0, 99.9th(ms): 906.0, Max(ms): 906.0
[Summary] PAYMENT - Takes(s): 471.9, Count: 99, TPM: 12.6, Sum(ms): 11645618.3, Avg(ms): 12004.5, 50th(ms): 16106.1, 90th(ms): 16106.1, 95th(ms): 16106.1, 99th(ms): 16106.1, 99.9th(ms): 16106.1, Max(ms): 16106.1
[Summary] STOCK_LEVEL - Takes(s): 471.9, Count: 7, TPM: 0.9, Sum(ms): 2696.6, Avg(ms): 384.6, 50th(ms): 302.0, 90th(ms): 771.8, 95th(ms): 771.8, 99th(ms): 771.8, 99.9th(ms): 771.8, Max(ms): 771.8
[Summary] STOCK_LEVEL_ERR - Takes(s): 471.9, Count: 4, TPM: 0.5, Sum(ms): 103945.4, Avg(ms): 15032.4, 50th(ms): 15032.4, 90th(ms): 16106.1, 95th(ms): 16106.1, 99th(ms): 16106.1, 99.9th(ms): 16106.1, Max(ms): 16106.1
tpmC: 9.4, tpmTotal: 26.1, efficiency: 18.3%
