2026/07/08 21:49:53 maxprocs: Leaving GOMAXPROCS=4: CPU quota undefined
[Current] DELIVERY - Takes(s): 9.8, Count: 58, TPM: 354.2, Sum(ms): 3158.4, Avg(ms): 54.5, 50th(ms): 46.1, 90th(ms): 79.7, 95th(ms): 100.7, 99th(ms): 151.0, 99.9th(ms): 167.8, Max(ms): 167.8
[Current] NEW_ORDER - Takes(s): 9.8, Count: 606, TPM: 3694.1, Sum(ms): 239963.0, Avg(ms): 395.9, 50th(ms): 226.5, 90th(ms): 805.3, 95th(ms): 1275.1, 99th(ms): 3892.3, 99.9th(ms): 5368.7, Max(ms): 6710.9
[Current] ORDER_STATUS - Takes(s): 9.7, Count: 63, TPM: 388.9, Sum(ms): 464.6, Avg(ms): 7.4, 50th(ms): 6.8, 90th(ms): 10.0, 95th(ms): 10.5, 99th(ms): 26.2, 99.9th(ms): 26.2, Max(ms): 26.2
[Current] PAYMENT - Takes(s): 9.9, Count: 664, TPM: 4036.1, Sum(ms): 217469.8, Avg(ms): 327.5, 50th(ms): 251.7, 90th(ms): 738.2, 95th(ms): 838.9, 99th(ms): 1006.6, 99.9th(ms): 1140.9, Max(ms): 1140.9
[Current] STOCK_LEVEL - Takes(s): 9.9, Count: 68, TPM: 413.4, Sum(ms): 947.0, Avg(ms): 13.9, 50th(ms): 10.5, 90th(ms): 19.9, 95th(ms): 48.2, 99th(ms): 50.3, 99.9th(ms): 83.9, Max(ms): 83.9
[Current] DELIVERY - Takes(s): 10.0, Count: 49, TPM: 295.2, Sum(ms): 2313.1, Avg(ms): 47.1, 50th(ms): 46.1, 90th(ms): 56.6, 95th(ms): 67.1, 99th(ms): 83.9, 99.9th(ms): 83.9, Max(ms): 83.9
[Current] NEW_ORDER - Takes(s): 10.0, Count: 629, TPM: 3774.9, Sum(ms): 461812.8, Avg(ms): 736.1, 50th(ms): 100.7, 90th(ms): 1208.0, 95th(ms): 3892.3, 99th(ms): 11811.2, 99.9th(ms): 14495.5, Max(ms): 16106.1
[Current] ORDER_STATUS - Takes(s): 10.0, Count: 62, TPM: 372.0, Sum(ms): 391.5, Avg(ms): 6.3, 50th(ms): 6.8, 90th(ms): 8.4, 95th(ms): 8.9, 99th(ms): 8.9, 99.9th(ms): 9.4, Max(ms): 9.4
[Current] PAYMENT - Takes(s): 10.0, Count: 629, TPM: 3777.5, Sum(ms): 86055.5, Avg(ms): 136.7, 50th(ms): 117.4, 90th(ms): 234.9, 95th(ms): 285.2, 99th(ms): 385.9, 99.9th(ms): 402.7, Max(ms): 486.5
[Current] STOCK_LEVEL - Takes(s): 9.4, Count: 48, TPM: 305.7, Sum(ms): 610.0, Avg(ms): 12.7, 50th(ms): 10.0, 90th(ms): 19.9, 95th(ms): 26.2, 99th(ms): 41.9, 99.9th(ms): 41.9, Max(ms): 41.9
[Current] DELIVERY - Takes(s): 9.6, Count: 65, TPM: 405.4, Sum(ms): 3879.7, Avg(ms): 59.6, 50th(ms): 48.2, 90th(ms): 100.7, 95th(ms): 109.1, 99th(ms): 151.0, 99.9th(ms): 176.2, Max(ms): 176.2
[Current] NEW_ORDER - Takes(s): 10.0, Count: 660, TPM: 3973.0, Sum(ms): 547930.8, Avg(ms): 809.3, 50th(ms): 113.2, 90th(ms): 1208.0, 95th(ms): 5100.3, 99th(ms): 15569.3, 99.9th(ms): 16106.1, Max(ms): 16106.1
[Current] ORDER_STATUS - Takes(s): 9.8, Count: 46, TPM: 280.9, Sum(ms): 313.9, Avg(ms): 6.8, 50th(ms): 6.8, 90th(ms): 8.9, 95th(ms): 10.0, 99th(ms): 15.7, 99.9th(ms): 15.7, Max(ms): 15.7
[Current] PAYMENT - Takes(s): 10.0, Count: 670, TPM: 4026.7, Sum(ms): 88045.4, Avg(ms): 131.4, 50th(ms): 113.2, 90th(ms): 234.9, 95th(ms): 285.2, 99th(ms): 352.3, 99.9th(ms): 402.7, Max(ms): 419.4
[Current] STOCK_LEVEL - Takes(s): 9.9, Count: 50, TPM: 302.0, Sum(ms): 638.0, Avg(ms): 12.8, 50th(ms): 10.0, 90th(ms): 16.8, 95th(ms): 32.5, 99th(ms): 71.3, 99.9th(ms): 71.3, Max(ms): 71.3
[Current] DELIVERY - Takes(s): 9.8, Count: 57, TPM: 349.2, Sum(ms): 3457.4, Avg(ms): 60.9, 50th(ms): 50.3, 90th(ms): 100.7, 95th(ms): 113.2, 99th(ms): 142.6, 99.9th(ms): 151.0, Max(ms): 151.0
[Current] NEW_ORDER - Takes(s): 10.0, Count: 755, TPM: 4543.5, Sum(ms): 434685.1, Avg(ms): 562.2, 50th(ms): 96.5, 90th(ms): 738.2, 95th(ms): 2952.8, 99th(ms): 10200.5, 99.9th(ms): 13958.6, Max(ms): 16106.1
[Current] ORDER_STATUS - Takes(s): 9.7, Count: 55, TPM: 340.8, Sum(ms): 384.6, Avg(ms): 7.0, 50th(ms): 7.3, 90th(ms): 9.4, 95th(ms): 10.5, 99th(ms): 11.5, 99.9th(ms): 15.7, Max(ms): 15.7
[Current] PAYMENT - Takes(s): 10.0, Count: 663, TPM: 3982.9, Sum(ms): 76269.6, Avg(ms): 115.1, 50th(ms): 100.7, 90th(ms): 192.9, 95th(ms): 226.5, 99th(ms): 318.8, 99.9th(ms): 419.4, Max(ms): 453.0
[Current] STOCK_LEVEL - Takes(s): 9.9, Count: 59, TPM: 358.5, Sum(ms): 897.3, Avg(ms): 15.2, 50th(ms): 12.1, 90th(ms): 29.4, 95th(ms): 35.7, 99th(ms): 41.9, 99.9th(ms): 65.0, Max(ms): 65.0
[Current] DELIVERY - Takes(s): 10.0, Count: 68, TPM: 408.7, Sum(ms): 3713.4, Avg(ms): 54.8, 50th(ms): 46.1, 90th(ms): 88.1, 95th(ms): 92.3, 99th(ms): 142.6, 99.9th(ms): 151.0, Max(ms): 151.0
[Current] NEW_ORDER - Takes(s): 10.0, Count: 724, TPM: 4348.2, Sum(ms): 588203.8, Avg(ms): 721.9, 50th(ms): 100.7, 90th(ms): 906.0, 95th(ms): 2684.4, 99th(ms): 16106.1, 99.9th(ms): 16106.1, Max(ms): 16106.1
[Current] ORDER_STATUS - Takes(s): 10.0, Count: 66, TPM: 397.5, Sum(ms): 458.0, Avg(ms): 6.9, 50th(ms): 7.3, 90th(ms): 8.9, 95th(ms): 10.0, 99th(ms): 11.0, 99.9th(ms): 12.1, Max(ms): 12.1
[Current] PAYMENT - Takes(s): 10.0, Count: 707, TPM: 4244.0, Sum(ms): 83239.6, Avg(ms): 117.9, 50th(ms): 104.9, 90th(ms): 201.3, 95th(ms): 234.9, 99th(ms): 302.0, 99.9th(ms): 335.5, Max(ms): 335.5
[Current] STOCK_LEVEL - Takes(s): 9.9, Count: 53, TPM: 320.1, Sum(ms): 784.2, Avg(ms): 14.8, 50th(ms): 10.5, 90th(ms): 26.2, 95th(ms): 41.9, 99th(ms): 65.0, 99.9th(ms): 75.5, Max(ms): 75.5
Finished
[Summary] DELIVERY - Takes(s): 63.6, Count: 380, TPM: 358.5, Sum(ms): 21375.8, Avg(ms): 56.3, 50th(ms): 48.2, 90th(ms): 92.3, 95th(ms): 104.9, 99th(ms): 151.0, 99.9th(ms): 176.2, Max(ms): 176.2
[Summary] NEW_ORDER - Takes(s): 63.6, Count: 4205, TPM: 3965.9, Sum(ms): 3229972.8, Avg(ms): 717.4, 50th(ms): 113.2, 90th(ms): 1006.6, 95th(ms): 3355.4, 99th(ms): 13958.6, 99.9th(ms): 16106.1, Max(ms): 16106.1
[Summary] ORDER_STATUS - Takes(s): 63.5, Count: 360, TPM: 340.2, Sum(ms): 2474.1, Avg(ms): 6.9, 50th(ms): 6.8, 90th(ms): 8.9, 95th(ms): 10.0, 99th(ms): 15.7, 99.9th(ms): 26.2, Max(ms): 26.2
[Summary] PAYMENT - Takes(s): 63.6, Count: 4042, TPM: 3810.5, Sum(ms): 627609.2, Avg(ms): 155.3, 50th(ms): 113.2, 90th(ms): 285.2, 95th(ms): 436.2, 99th(ms): 805.3, 99.9th(ms): 1040.2, Max(ms): 1140.9
[Summary] STOCK_LEVEL - Takes(s): 63.6, Count: 339, TPM: 319.6, Sum(ms): 4691.7, Avg(ms): 13.8, 50th(ms): 10.5, 90th(ms): 24.1, 95th(ms): 35.7, 99th(ms): 65.0, 99.9th(ms): 83.9, Max(ms): 83.9
tpmC: 3965.9, tpmTotal: 8794.6, efficiency: 30838.8%
