2026/06/19 05:00:15 maxprocs: Leaving GOMAXPROCS=4: CPU quota undefined
[Current] DELIVERY - Takes(s): 8.3, Count: 80, TPM: 578.3, Sum(ms): 23402.3, Avg(ms): 293.2, 50th(ms): 251.7, 90th(ms): 402.7, 95th(ms): 486.5, 99th(ms): 838.9, 99.9th(ms): 906.0, Max(ms): 906.0
[Current] NEW_ORDER - Takes(s): 8.4, Count: 934, TPM: 6646.8, Sum(ms): 338859.7, Avg(ms): 362.8, 50th(ms): 209.7, 90th(ms): 771.8, 95th(ms): 1140.9, 99th(ms): 2415.9, 99.9th(ms): 3221.2, Max(ms): 4295.0
[Current] ORDER_STATUS - Takes(s): 8.6, Count: 92, TPM: 639.6, Sum(ms): 10167.9, Avg(ms): 110.6, 50th(ms): 109.1, 90th(ms): 209.7, 95th(ms): 226.5, 99th(ms): 318.8, 99.9th(ms): 637.5, Max(ms): 637.5
[Current] PAYMENT - Takes(s): 8.8, Count: 859, TPM: 5886.8, Sum(ms): 172002.9, Avg(ms): 200.4, 50th(ms): 167.8, 90th(ms): 352.3, 95th(ms): 671.1, 99th(ms): 906.0, 99.9th(ms): 1140.9, Max(ms): 1275.1
[Current] STOCK_LEVEL - Takes(s): 8.6, Count: 76, TPM: 531.4, Sum(ms): 3978.5, Avg(ms): 52.3, 50th(ms): 29.4, 90th(ms): 113.2, 95th(ms): 159.4, 99th(ms): 302.0, 99.9th(ms): 318.8, Max(ms): 318.8
[Current] DELIVERY - Takes(s): 9.9, Count: 112, TPM: 678.8, Sum(ms): 26008.1, Avg(ms): 232.4, 50th(ms): 201.3, 90th(ms): 369.1, 95th(ms): 385.9, 99th(ms): 671.1, 99.9th(ms): 704.6, Max(ms): 704.6
[Current] NEW_ORDER - Takes(s): 10.0, Count: 1180, TPM: 7080.6, Sum(ms): 399101.3, Avg(ms): 338.2, 50th(ms): 209.7, 90th(ms): 738.2, 95th(ms): 1006.6, 99th(ms): 1811.9, 99.9th(ms): 2818.6, Max(ms): 3489.7
[Current] ORDER_STATUS - Takes(s): 9.9, Count: 118, TPM: 714.2, Sum(ms): 9695.9, Avg(ms): 82.1, 50th(ms): 71.3, 90th(ms): 167.8, 95th(ms): 176.2, 99th(ms): 218.1, 99.9th(ms): 226.5, Max(ms): 226.5
[Current] PAYMENT - Takes(s): 10.0, Count: 1176, TPM: 7063.2, Sum(ms): 205539.7, Avg(ms): 174.9, 50th(ms): 167.8, 90th(ms): 302.0, 95th(ms): 352.3, 99th(ms): 419.4, 99.9th(ms): 486.5, Max(ms): 520.1
[Current] STOCK_LEVEL - Takes(s): 10.0, Count: 106, TPM: 638.1, Sum(ms): 1977.8, Avg(ms): 18.6, 50th(ms): 15.7, 90th(ms): 32.5, 95th(ms): 39.8, 99th(ms): 54.5, 99.9th(ms): 56.6, Max(ms): 56.6
[Current] DELIVERY - Takes(s): 9.9, Count: 107, TPM: 645.7, Sum(ms): 24369.7, Avg(ms): 228.1, 50th(ms): 192.9, 90th(ms): 352.3, 95th(ms): 453.0, 99th(ms): 570.4, 99.9th(ms): 738.2, Max(ms): 738.2
[Current] NEW_ORDER - Takes(s): 10.0, Count: 1226, TPM: 7356.6, Sum(ms): 400320.9, Avg(ms): 326.9, 50th(ms): 209.7, 90th(ms): 738.2, 95th(ms): 1006.6, 99th(ms): 1811.9, 99.9th(ms): 2818.6, Max(ms): 3087.0
[Current] ORDER_STATUS - Takes(s): 9.9, Count: 121, TPM: 730.2, Sum(ms): 9129.8, Avg(ms): 75.6, 50th(ms): 67.1, 90th(ms): 159.4, 95th(ms): 176.2, 99th(ms): 192.9, 99.9th(ms): 268.4, Max(ms): 268.4
[Current] PAYMENT - Takes(s): 10.0, Count: 1221, TPM: 7327.0, Sum(ms): 199451.5, Avg(ms): 163.4, 50th(ms): 151.0, 90th(ms): 302.0, 95th(ms): 352.3, 99th(ms): 419.4, 99.9th(ms): 436.2, Max(ms): 453.0
[Current] STOCK_LEVEL - Takes(s): 9.9, Count: 119, TPM: 718.5, Sum(ms): 1922.9, Avg(ms): 16.2, 50th(ms): 14.7, 90th(ms): 24.1, 95th(ms): 27.3, 99th(ms): 33.6, 99.9th(ms): 46.1, Max(ms): 46.1
Finished
[Summary] DELIVERY - Takes(s): 28.6, Count: 305, TPM: 638.8, Sum(ms): 75632.1, Avg(ms): 248.4, 50th(ms): 218.1, 90th(ms): 385.9, 95th(ms): 453.0, 99th(ms): 738.2, 99.9th(ms): 906.0, Max(ms): 906.0
[Summary] NEW_ORDER - Takes(s): 28.8, Count: 3369, TPM: 7024.5, Sum(ms): 1156089.2, Avg(ms): 343.3, 50th(ms): 209.7, 90th(ms): 738.2, 95th(ms): 1073.7, 99th(ms): 1946.2, 99.9th(ms): 3087.0, Max(ms): 4295.0
[Summary] ORDER_STATUS - Takes(s): 29.0, Count: 333, TPM: 689.5, Sum(ms): 29234.6, Avg(ms): 87.9, 50th(ms): 71.3, 90th(ms): 167.8, 95th(ms): 184.5, 99th(ms): 251.7, 99.9th(ms): 637.5, Max(ms): 637.5
[Summary] PAYMENT - Takes(s): 29.1, Count: 3283, TPM: 6769.0, Sum(ms): 583601.8, Avg(ms): 177.9, 50th(ms): 159.4, 90th(ms): 302.0, 95th(ms): 369.1, 99th(ms): 704.6, 99.9th(ms): 1140.9, Max(ms): 1275.1
[Summary] STOCK_LEVEL - Takes(s): 28.9, Count: 301, TPM: 624.3, Sum(ms): 7879.2, Avg(ms): 26.2, 50th(ms): 16.8, 90th(ms): 41.9, 95th(ms): 75.5, 99th(ms): 243.3, 99.9th(ms): 318.8, Max(ms): 318.8
tpmC: 7024.5, tpmTotal: 15746.1, efficiency: 13655.6%
