SLF4J: Failed to load class "org.slf4j.impl.StaticLoggerBinder".
SLF4J: Defaulting to no-operation (NOP) logger implementation
SLF4J: See http://www.slf4j.org/codes.html#StaticLoggerBinder for further details.
01:00:35,005 (DBWorkload.java:217) INFO  - Configuration -> nodes: [172.24.40.32], port: 15433, startWH: 1, warehouses: 128, total warehouses across shards: 128, terminals: 1280, dbConnections: 32, loaderThreads: 10
01:00:35,246 (DBWorkload.java:247) INFO  - ======================================================================

{
    Benchmark = TPCC {BenchmarkModule}
    Configuration = config/workload_all.xml
    Driver = com.yugabyte.Driver
    URL = [172.24.40.32]
    Isolation = TRANSACTION_REPEATABLE_READ
    Scale Factor = 128
}

01:00:35,246 (DBWorkload.java:248) INFO  - ======================================================================
01:00:35,260 (DBWorkload.java:478) INFO  - Creating 1280 virtual terminals...
01:00:35,448 (DBWorkload.java:484) INFO  - Launching the TPCC Benchmark with 1 Phase...
01:00:35,828 (ThreadBench.java:310) INFO  - [0;1mPHASE START[0;0m :: [Workload=TPCC] [Serial=false] [Time=600] [WarmupTime=300] [Rate=10000] [Arrival=REGULAR] [Ratios=[45.0, 43.0, 4.0, 4.0, 4.0]] [ActiveWorkers=1280]
java.lang.RuntimeException: Unexpected fatal, error in 'Worker<109>' when executing 'Payment/02'
	at com.oltpbenchmark.api.Worker.doWork(Worker.java:599)
	at com.oltpbenchmark.api.Worker.run(Worker.java:368)
	at java.base/java.lang.Thread.run(Thread.java:829)
Caused by: java.sql.SQLTransientConnectionException: HikariPool-1 - Connection is not available, request timed out after 180000ms.
	at com.zaxxer.hikari.pool.HikariPool.createTimeoutException(HikariPool.java:695)
	at com.zaxxer.hikari.pool.HikariPool.getConnection(HikariPool.java:197)
	at com.zaxxer.hikari.pool.HikariPool.getConnection(HikariPool.java:162)
	at com.zaxxer.hikari.HikariDataSource.getConnection(HikariDataSource.java:100)
	at com.oltpbenchmark.api.Worker.doWork(Worker.java:483)
	... 2 more
java.lang.RuntimeException: Unexpected fatal, error in 'Worker<112>' when executing 'NewOrder/01'
	at com.oltpbenchmark.api.Worker.doWork(Worker.java:599)
	at com.oltpbenchmark.api.Worker.run(Worker.java:368)
	at java.base/java.lang.Thread.run(Thread.java:829)
Caused by: java.sql.SQLTransientConnectionException: HikariPool-1 - Connection is not available, request timed out after 180001ms.
	at com.zaxxer.hikari.pool.HikariPool.createTimeoutException(HikariPool.java:695)
	at com.zaxxer.hikari.pool.HikariPool.getConnection(HikariPool.java:197)
	at com.zaxxer.hikari.pool.HikariPool.getConnection(HikariPool.java:162)
	at com.zaxxer.hikari.HikariDataSource.getConnection(HikariDataSource.java:100)
	at com.oltpbenchmark.api.Worker.doWork(Worker.java:483)
	... 2 more
java.lang.RuntimeException: Unexpected fatal, error in 'Worker<115>' when executing 'NewOrder/01'
	at com.oltpbenchmark.api.Worker.doWork(Worker.java:599)
	at com.oltpbenchmark.api.Worker.run(Worker.java:368)
	at java.base/java.lang.Thread.run(Thread.java:829)
Caused by: java.sql.SQLTransientConnectionException: HikariPool-1 - Connection is not available, request timed out after 180000ms.
	at com.zaxxer.hikari.pool.HikariPool.createTimeoutException(HikariPool.java:695)
	at com.zaxxer.hikari.pool.HikariPool.getConnection(HikariPool.java:197)
	at com.zaxxer.hikari.pool.HikariPool.getConnection(HikariPool.java:162)
	at com.zaxxer.hikari.HikariDataSource.getConnection(HikariDataSource.java:100)
	at com.oltpbenchmark.api.Worker.doWork(Worker.java:483)
	... 2 more
java.lang.RuntimeException: Unexpected fatal, error in 'Worker<118>' when executing 'NewOrder/01'
	at com.oltpbenchmark.api.Worker.doWork(Worker.java:599)
	at com.oltpbenchmark.api.Worker.run(Worker.java:368)
	at java.base/java.lang.Thread.run(Thread.java:829)
Caused by: java.sql.SQLTransientConnectionException: HikariPool-1 - Connection is not available, request timed out after 180000ms.
	at com.zaxxer.hikari.pool.HikariPool.createTimeoutException(HikariPool.java:695)
	at com.zaxxer.hikari.pool.HikariPool.getConnection(HikariPool.java:197)
	at com.zaxxer.hikari.pool.HikariPool.getConnection(HikariPool.java:162)
	at com.zaxxer.hikari.HikariDataSource.getConnection(HikariDataSource.java:100)
	at com.oltpbenchmark.api.Worker.doWork(Worker.java:483)
	... 2 more
java.lang.RuntimeException: Unexpected fatal, error in 'Worker<280>' when executing 'NewOrder/01'
	at com.oltpbenchmark.api.Worker.doWork(Worker.java:599)
	at com.oltpbenchmark.api.Worker.run(Worker.java:368)
	at java.base/java.lang.Thread.run(Thread.java:829)
Caused by: java.sql.SQLTransientConnectionException: HikariPool-1 - Connection is not available, request timed out after 180000ms.
	at com.zaxxer.hikari.pool.HikariPool.createTimeoutException(HikariPool.java:695)
	at com.zaxxer.hikari.pool.HikariPool.getConnection(HikariPool.java:197)
	at com.zaxxer.hikari.pool.HikariPool.getConnection(HikariPool.java:162)
	at com.zaxxer.hikari.HikariDataSource.getConnection(HikariDataSource.java:100)
	at com.oltpbenchmark.api.Worker.doWork(Worker.java:483)
	... 2 more
java.lang.RuntimeException: Unexpected fatal, error in 'Worker<008>' when executing 'Payment/02'
	at com.oltpbenchmark.api.Worker.doWork(Worker.java:599)
	at com.oltpbenchmark.api.Worker.run(Worker.java:368)
	at java.base/java.lang.Thread.run(Thread.java:829)
Caused by: java.sql.SQLTransientConnectionException: HikariPool-1 - Connection is not available, request timed out after 180000ms.
	at com.zaxxer.hikari.pool.HikariPool.createTimeoutException(HikariPool.java:695)
	at com.zaxxer.hikari.pool.HikariPool.getConnection(HikariPool.java:197)
	at com.zaxxer.hikari.pool.HikariPool.getConnection(HikariPool.java:162)
	at com.zaxxer.hikari.HikariDataSource.getConnection(HikariDataSource.java:100)
	at com.oltpbenchmark.api.Worker.doWork(Worker.java:483)
	... 2 more
java.lang.RuntimeException: Unexpected fatal, error in 'Worker<007>' when executing 'Payment/02'
	at com.oltpbenchmark.api.Worker.doWork(Worker.java:599)
	at com.oltpbenchmark.api.Worker.run(Worker.java:368)
	at java.base/java.lang.Thread.run(Thread.java:829)
Caused by: java.sql.SQLTransientConnectionException: HikariPool-1 - Connection is not available, request timed out after 180000ms.
	at com.zaxxer.hikari.pool.HikariPool.createTimeoutException(HikariPool.java:695)
	at com.zaxxer.hikari.pool.HikariPool.getConnection(HikariPool.java:197)
	at com.zaxxer.hikari.pool.HikariPool.getConnection(HikariPool.java:162)
	at com.zaxxer.hikari.HikariDataSource.getConnection(HikariDataSource.java:100)
	at com.oltpbenchmark.api.Worker.doWork(Worker.java:483)
	... 2 more
java.lang.RuntimeException: Unexpected fatal, error in 'Worker<012>' when executing 'Payment/02'
	at com.oltpbenchmark.api.Worker.doWork(Worker.java:599)
	at com.oltpbenchmark.api.Worker.run(Worker.java:368)
	at java.base/java.lang.Thread.run(Thread.java:829)
Caused by: java.sql.SQLTransientConnectionException: HikariPool-1 - Connection is not available, request timed out after 180000ms.
	at com.zaxxer.hikari.pool.HikariPool.createTimeoutException(HikariPool.java:695)
	at com.zaxxer.hikari.pool.HikariPool.getConnection(HikariPool.java:197)
	at com.zaxxer.hikari.pool.HikariPool.getConnection(HikariPool.java:162)
	at com.zaxxer.hikari.HikariDataSource.getConnection(HikariDataSource.java:100)
	at com.oltpbenchmark.api.Worker.doWork(Worker.java:483)
	... 2 more
java.lang.RuntimeException: Unexpected fatal, error in 'Worker<378>' when executing 'NewOrder/01'
	at com.oltpbenchmark.api.Worker.doWork(Worker.java:599)
	at com.oltpbenchmark.api.Worker.run(Worker.java:368)
	at java.base/java.lang.Thread.run(Thread.java:829)
Caused by: java.sql.SQLTransientConnectionException: HikariPool-1 - Connection is not available, request timed out after 180000ms.
	at com.zaxxer.hikari.pool.HikariPool.createTimeoutException(HikariPool.java:695)
	at com.zaxxer.hikari.pool.HikariPool.getConnection(HikariPool.java:197)
	at com.zaxxer.hikari.pool.HikariPool.getConnection(HikariPool.java:162)
	at com.zaxxer.hikari.HikariDataSource.getConnection(HikariDataSource.java:100)
	at com.oltpbenchmark.api.Worker.doWork(Worker.java:483)
	... 2 more
java.lang.RuntimeException: Unexpected fatal, error in 'Worker<011>' when executing 'Payment/02'
	at com.oltpbenchmark.api.Worker.doWork(Worker.java:599)
	at com.oltpbenchmark.api.Worker.run(Worker.java:368)
	at java.base/java.lang.Thread.run(Thread.java:829)
Caused by: java.sql.SQLTransientConnectionException: HikariPool-1 - Connection is not available, request timed out after 180000ms.
	at com.zaxxer.hikari.pool.HikariPool.createTimeoutException(HikariPool.java:695)
	at com.zaxxer.hikari.pool.HikariPool.getConnection(HikariPool.java:197)
	at com.zaxxer.hikari.pool.HikariPool.getConnection(HikariPool.java:162)
	at com.zaxxer.hikari.HikariDataSource.getConnection(HikariDataSource.java:100)
	at com.oltpbenchmark.api.Worker.doWork(Worker.java:483)
	... 2 more
java.lang.RuntimeException: Unexpected fatal, error in 'Worker<004>' when executing 'Payment/02'
	at com.oltpbenchmark.api.Worker.doWork(Worker.java:599)
	at com.oltpbenchmark.api.Worker.run(Worker.java:368)
	at java.base/java.lang.Thread.run(Thread.java:829)
Caused by: java.sql.SQLTransientConnectionException: HikariPool-1 - Connection is not available, request timed out after 180001ms.
	at com.zaxxer.hikari.pool.HikariPool.createTimeoutException(HikariPool.java:695)
	at com.zaxxer.hikari.pool.HikariPool.getConnection(HikariPool.java:197)
	at com.zaxxer.hikari.pool.HikariPool.getConnection(HikariPool.java:162)
	at com.zaxxer.hikari.HikariDataSource.getConnection(HikariDataSource.java:100)
	at com.oltpbenchmark.api.Worker.doWork(Worker.java:483)
	... 2 more
java.lang.RuntimeException: Unexpected fatal, error in 'Worker<003>' when executing 'NewOrder/01'
	at com.oltpbenchmark.api.Worker.doWork(Worker.java:599)
	at com.oltpbenchmark.api.Worker.run(Worker.java:368)
	at java.base/java.lang.Thread.run(Thread.java:829)
Caused by: java.sql.SQLTransientConnectionException: HikariPool-1 - Connection is not available, request timed out after 180002ms.
	at com.zaxxer.hikari.pool.HikariPool.createTimeoutException(HikariPool.java:695)
	at com.zaxxer.hikari.pool.HikariPool.getConnection(HikariPool.java:197)
	at com.zaxxer.hikari.pool.HikariPool.getConnection(HikariPool.java:162)
	at com.zaxxer.hikari.HikariDataSource.getConnection(HikariDataSource.java:100)
	at com.oltpbenchmark.api.Worker.doWork(Worker.java:483)
	... 2 more
java.lang.RuntimeException: Unexpected fatal, error in 'Worker<009>' when executing 'NewOrder/01'
	at com.oltpbenchmark.api.Worker.doWork(Worker.java:599)
	at com.oltpbenchmark.api.Worker.run(Worker.java:368)
	at java.base/java.lang.Thread.run(Thread.java:829)
Caused by: java.sql.SQLTransientConnectionException: HikariPool-1 - Connection is not available, request timed out after 180000ms.
	at com.zaxxer.hikari.pool.HikariPool.createTimeoutException(HikariPool.java:695)
	at com.zaxxer.hikari.pool.HikariPool.getConnection(HikariPool.java:197)
	at com.zaxxer.hikari.pool.HikariPool.getConnection(HikariPool.java:162)
	at com.zaxxer.hikari.HikariDataSource.getConnection(HikariDataSource.java:100)
	at com.oltpbenchmark.api.Worker.doWork(Worker.java:483)
	... 2 more

real	3m1.202s
user	0m40.387s
sys	0m18.484s
