2026/04/28 09:15:01 maxprocs: Leaving GOMAXPROCS=4: CPU quota undefined
[Current] DELIVERY - Takes(s): 9.8, Count: 279, TPM: 1709.1, Sum(ms): 37418.5, Avg(ms): 134.2, 50th(ms): 134.2, 90th(ms): 167.8, 95th(ms): 184.5, 99th(ms): 218.1, 99.9th(ms): 243.3, Max(ms): 243.3
[Current] NEW_ORDER - Takes(s): 9.9, Count: 3167, TPM: 19184.0, Sum(ms): 162823.7, Avg(ms): 51.4, 50th(ms): 50.3, 90th(ms): 67.1, 95th(ms): 75.5, 99th(ms): 88.1, 99.9th(ms): 109.1, Max(ms): 121.6
[Current] ORDER_STATUS - Takes(s): 9.9, Count: 252, TPM: 1522.7, Sum(ms): 6030.7, Avg(ms): 24.0, 50th(ms): 22.0, 90th(ms): 35.7, 95th(ms): 44.0, 99th(ms): 52.4, 99.9th(ms): 52.4, Max(ms): 52.4
[Current] PAYMENT - Takes(s): 9.9, Count: 2944, TPM: 17786.9, Sum(ms): 93908.4, Avg(ms): 31.9, 50th(ms): 30.4, 90th(ms): 44.0, 95th(ms): 50.3, 99th(ms): 65.0, 99.9th(ms): 79.7, Max(ms): 100.7
[Current] STOCK_LEVEL - Takes(s): 9.9, Count: 252, TPM: 1531.6, Sum(ms): 8832.0, Avg(ms): 35.0, 50th(ms): 33.6, 90th(ms): 46.1, 95th(ms): 52.4, 99th(ms): 71.3, 99.9th(ms): 75.5, Max(ms): 75.5
[Current] DELIVERY - Takes(s): 10.0, Count: 296, TPM: 1779.9, Sum(ms): 39305.8, Avg(ms): 132.9, 50th(ms): 130.0, 90th(ms): 167.8, 95th(ms): 167.8, 99th(ms): 218.1, 99.9th(ms): 285.2, Max(ms): 285.2
[Current] NEW_ORDER - Takes(s): 10.0, Count: 3227, TPM: 19364.4, Sum(ms): 162012.6, Avg(ms): 50.2, 50th(ms): 50.3, 90th(ms): 65.0, 95th(ms): 71.3, 99th(ms): 83.9, 99.9th(ms): 100.7, Max(ms): 109.1
[Current] ORDER_STATUS - Takes(s): 10.0, Count: 272, TPM: 1639.9, Sum(ms): 6334.9, Avg(ms): 23.3, 50th(ms): 22.0, 90th(ms): 35.7, 95th(ms): 39.8, 99th(ms): 52.4, 99.9th(ms): 62.9, Max(ms): 62.9
[Current] PAYMENT - Takes(s): 10.0, Count: 3073, TPM: 18442.4, Sum(ms): 96013.0, Avg(ms): 31.3, 50th(ms): 30.4, 90th(ms): 41.9, 95th(ms): 48.2, 99th(ms): 62.9, 99.9th(ms): 88.1, Max(ms): 113.2
[Current] STOCK_LEVEL - Takes(s): 10.0, Count: 267, TPM: 1605.0, Sum(ms): 8998.2, Avg(ms): 33.7, 50th(ms): 32.5, 90th(ms): 48.2, 95th(ms): 50.3, 99th(ms): 52.4, 99.9th(ms): 60.8, Max(ms): 60.8
[Current] DELIVERY - Takes(s): 10.0, Count: 272, TPM: 1636.3, Sum(ms): 37008.2, Avg(ms): 136.3, 50th(ms): 134.2, 90th(ms): 167.8, 95th(ms): 184.5, 99th(ms): 243.3, 99.9th(ms): 268.4, Max(ms): 268.4
[Current] NEW_ORDER - Takes(s): 10.0, Count: 3128, TPM: 18776.0, Sum(ms): 164466.4, Avg(ms): 52.6, 50th(ms): 52.4, 90th(ms): 67.1, 95th(ms): 75.5, 99th(ms): 92.3, 99.9th(ms): 109.1, Max(ms): 130.0
[Current] ORDER_STATUS - Takes(s): 10.0, Count: 270, TPM: 1620.4, Sum(ms): 6531.6, Avg(ms): 24.2, 50th(ms): 22.0, 90th(ms): 41.9, 95th(ms): 48.2, 99th(ms): 58.7, 99.9th(ms): 71.3, Max(ms): 71.3
[Current] PAYMENT - Takes(s): 10.0, Count: 2908, TPM: 17448.6, Sum(ms): 93361.0, Avg(ms): 32.1, 50th(ms): 31.5, 90th(ms): 41.9, 95th(ms): 48.2, 99th(ms): 65.0, 99.9th(ms): 83.9, Max(ms): 104.9
[Current] STOCK_LEVEL - Takes(s): 10.0, Count: 274, TPM: 1649.9, Sum(ms): 10979.9, Avg(ms): 40.1, 50th(ms): 35.7, 90th(ms): 52.4, 95th(ms): 58.7, 99th(ms): 151.0, 99.9th(ms): 369.1, Max(ms): 369.1
[Current] DELIVERY - Takes(s): 10.0, Count: 261, TPM: 1568.2, Sum(ms): 35713.8, Avg(ms): 136.9, 50th(ms): 134.2, 90th(ms): 167.8, 95th(ms): 176.2, 99th(ms): 209.7, 99.9th(ms): 251.7, Max(ms): 251.7
[Current] NEW_ORDER - Takes(s): 10.0, Count: 3200, TPM: 19202.1, Sum(ms): 163164.1, Avg(ms): 51.0, 50th(ms): 50.3, 90th(ms): 67.1, 95th(ms): 75.5, 99th(ms): 88.1, 99.9th(ms): 117.4, Max(ms): 142.6
[Current] ORDER_STATUS - Takes(s): 10.0, Count: 289, TPM: 1734.2, Sum(ms): 6970.4, Avg(ms): 24.1, 50th(ms): 22.0, 90th(ms): 41.9, 95th(ms): 46.1, 99th(ms): 54.5, 99.9th(ms): 60.8, Max(ms): 60.8
[Current] PAYMENT - Takes(s): 10.0, Count: 3017, TPM: 18109.3, Sum(ms): 94691.3, Avg(ms): 31.4, 50th(ms): 29.4, 90th(ms): 41.9, 95th(ms): 48.2, 99th(ms): 67.1, 99.9th(ms): 92.3, Max(ms): 100.7
[Current] STOCK_LEVEL - Takes(s): 10.0, Count: 271, TPM: 1626.0, Sum(ms): 11793.5, Avg(ms): 43.4, 50th(ms): 35.7, 90th(ms): 54.5, 95th(ms): 92.3, 99th(ms): 226.5, 99.9th(ms): 402.7, Max(ms): 402.7
[Current] DELIVERY - Takes(s): 10.0, Count: 250, TPM: 1500.4, Sum(ms): 35387.8, Avg(ms): 141.5, 50th(ms): 142.6, 90th(ms): 176.2, 95th(ms): 184.5, 99th(ms): 234.9, 99.9th(ms): 251.7, Max(ms): 251.7
[Current] NEW_ORDER - Takes(s): 10.0, Count: 3104, TPM: 18627.8, Sum(ms): 163100.0, Avg(ms): 52.6, 50th(ms): 52.4, 90th(ms): 67.1, 95th(ms): 71.3, 99th(ms): 88.1, 99.9th(ms): 151.0, Max(ms): 167.8
[Current] ORDER_STATUS - Takes(s): 10.0, Count: 254, TPM: 1527.4, Sum(ms): 6749.5, Avg(ms): 26.6, 50th(ms): 24.1, 90th(ms): 44.0, 95th(ms): 52.4, 99th(ms): 54.5, 99.9th(ms): 60.8, Max(ms): 60.8
[Current] PAYMENT - Takes(s): 10.0, Count: 2965, TPM: 17791.0, Sum(ms): 96388.1, Avg(ms): 32.5, 50th(ms): 31.5, 90th(ms): 41.9, 95th(ms): 48.2, 99th(ms): 67.1, 99.9th(ms): 100.7, Max(ms): 117.4
[Current] STOCK_LEVEL - Takes(s): 10.0, Count: 280, TPM: 1683.1, Sum(ms): 10623.3, Avg(ms): 38.0, 50th(ms): 35.7, 90th(ms): 50.3, 95th(ms): 54.5, 99th(ms): 130.0, 99.9th(ms): 176.2, Max(ms): 176.2
[Current] DELIVERY - Takes(s): 9.9, Count: 243, TPM: 1466.4, Sum(ms): 37130.1, Avg(ms): 153.0, 50th(ms): 151.0, 90th(ms): 192.9, 95th(ms): 209.7, 99th(ms): 285.2, 99.9th(ms): 318.8, Max(ms): 318.8
[Current] NEW_ORDER - Takes(s): 10.0, Count: 2915, TPM: 17489.3, Sum(ms): 161475.0, Avg(ms): 55.4, 50th(ms): 54.5, 90th(ms): 71.3, 95th(ms): 79.7, 99th(ms): 92.3, 99.9th(ms): 121.6, Max(ms): 142.6
[Current] ORDER_STATUS - Takes(s): 9.9, Count: 256, TPM: 1544.6, Sum(ms): 7173.1, Avg(ms): 28.1, 50th(ms): 25.2, 90th(ms): 46.1, 95th(ms): 52.4, 99th(ms): 62.9, 99.9th(ms): 83.9, Max(ms): 83.9
[Current] PAYMENT - Takes(s): 10.0, Count: 2778, TPM: 16676.7, Sum(ms): 95338.5, Avg(ms): 34.3, 50th(ms): 33.6, 90th(ms): 46.1, 95th(ms): 50.3, 99th(ms): 71.3, 99.9th(ms): 100.7, Max(ms): 113.2
[Current] STOCK_LEVEL - Takes(s): 10.0, Count: 253, TPM: 1519.6, Sum(ms): 11616.3, Avg(ms): 45.9, 50th(ms): 41.9, 90th(ms): 62.9, 95th(ms): 71.3, 99th(ms): 109.1, 99.9th(ms): 419.4, Max(ms): 419.4
[Current] DELIVERY - Takes(s): 10.0, Count: 262, TPM: 1572.4, Sum(ms): 41808.9, Avg(ms): 159.6, 50th(ms): 159.4, 90th(ms): 192.9, 95th(ms): 209.7, 99th(ms): 243.3, 99.9th(ms): 268.4, Max(ms): 268.4
[Current] NEW_ORDER - Takes(s): 10.0, Count: 2917, TPM: 17505.5, Sum(ms): 159449.2, Avg(ms): 54.7, 50th(ms): 54.5, 90th(ms): 71.3, 95th(ms): 75.5, 99th(ms): 92.3, 99.9th(ms): 113.2, Max(ms): 142.6
[Current] ORDER_STATUS - Takes(s): 10.0, Count: 256, TPM: 1539.6, Sum(ms): 7081.4, Avg(ms): 27.7, 50th(ms): 24.1, 90th(ms): 48.2, 95th(ms): 56.6, 99th(ms): 71.3, 99.9th(ms): 92.3, Max(ms): 92.3
[Current] PAYMENT - Takes(s): 10.0, Count: 2745, TPM: 16470.8, Sum(ms): 95014.4, Avg(ms): 34.6, 50th(ms): 33.6, 90th(ms): 46.1, 95th(ms): 52.4, 99th(ms): 71.3, 99.9th(ms): 96.5, Max(ms): 117.4
[Current] STOCK_LEVEL - Takes(s): 10.0, Count: 236, TPM: 1416.0, Sum(ms): 9353.0, Avg(ms): 39.7, 50th(ms): 37.7, 90th(ms): 52.4, 95th(ms): 60.8, 99th(ms): 92.3, 99.9th(ms): 302.0, Max(ms): 302.0
[Current] DELIVERY - Takes(s): 10.0, Count: 257, TPM: 1547.2, Sum(ms): 39252.9, Avg(ms): 152.7, 50th(ms): 159.4, 90th(ms): 184.5, 95th(ms): 192.9, 99th(ms): 234.9, 99.9th(ms): 260.0, Max(ms): 260.0
[Current] NEW_ORDER - Takes(s): 10.0, Count: 2931, TPM: 17586.6, Sum(ms): 161475.0, Avg(ms): 55.1, 50th(ms): 54.5, 90th(ms): 71.3, 95th(ms): 75.5, 99th(ms): 92.3, 99.9th(ms): 109.1, Max(ms): 125.8
[Current] ORDER_STATUS - Takes(s): 9.9, Count: 219, TPM: 1325.0, Sum(ms): 5758.2, Avg(ms): 26.3, 50th(ms): 24.1, 90th(ms): 46.1, 95th(ms): 48.2, 99th(ms): 58.7, 99.9th(ms): 65.0, Max(ms): 65.0
[Current] PAYMENT - Takes(s): 10.0, Count: 2789, TPM: 16734.8, Sum(ms): 96451.1, Avg(ms): 34.6, 50th(ms): 33.6, 90th(ms): 46.1, 95th(ms): 52.4, 99th(ms): 71.3, 99.9th(ms): 104.9, Max(ms): 130.0
[Current] STOCK_LEVEL - Takes(s): 10.0, Count: 273, TPM: 1638.2, Sum(ms): 10080.5, Avg(ms): 36.9, 50th(ms): 37.7, 90th(ms): 50.3, 95th(ms): 52.4, 99th(ms): 62.9, 99.9th(ms): 96.5, Max(ms): 96.5
[Current] DELIVERY - Takes(s): 10.0, Count: 238, TPM: 1432.3, Sum(ms): 37677.9, Avg(ms): 158.3, 50th(ms): 159.4, 90th(ms): 192.9, 95th(ms): 209.7, 99th(ms): 268.4, 99.9th(ms): 285.2, Max(ms): 285.2
[Current] NEW_ORDER - Takes(s): 10.0, Count: 2703, TPM: 16220.8, Sum(ms): 154668.2, Avg(ms): 57.3, 50th(ms): 56.6, 90th(ms): 75.5, 95th(ms): 83.9, 99th(ms): 100.7, 99.9th(ms): 121.6, Max(ms): 134.2
[Current] ORDER_STATUS - Takes(s): 10.0, Count: 253, TPM: 1523.9, Sum(ms): 6901.9, Avg(ms): 27.3, 50th(ms): 25.2, 90th(ms): 44.0, 95th(ms): 52.4, 99th(ms): 62.9, 99.9th(ms): 79.7, Max(ms): 79.7
[Current] PAYMENT - Takes(s): 10.0, Count: 2633, TPM: 15806.3, Sum(ms): 92710.8, Avg(ms): 35.2, 50th(ms): 33.6, 90th(ms): 48.2, 95th(ms): 54.5, 99th(ms): 71.3, 99.9th(ms): 96.5, Max(ms): 134.2
[Current] STOCK_LEVEL - Takes(s): 10.0, Count: 261, TPM: 1567.7, Sum(ms): 20422.0, Avg(ms): 78.3, 50th(ms): 65.0, 90th(ms): 159.4, 95th(ms): 167.8, 99th(ms): 184.5, 99.9th(ms): 201.3, Max(ms): 201.3
[Current] DELIVERY - Takes(s): 10.0, Count: 253, TPM: 1520.2, Sum(ms): 41927.5, Avg(ms): 166.0, 50th(ms): 167.8, 90th(ms): 209.7, 95th(ms): 226.5, 99th(ms): 260.0, 99.9th(ms): 302.0, Max(ms): 302.0
[Current] NEW_ORDER - Takes(s): 10.0, Count: 2726, TPM: 16377.6, Sum(ms): 156937.1, Avg(ms): 57.6, 50th(ms): 56.6, 90th(ms): 75.5, 95th(ms): 79.7, 99th(ms): 92.3, 99.9th(ms): 113.2, Max(ms): 121.6
[Current] ORDER_STATUS - Takes(s): 10.0, Count: 215, TPM: 1290.2, Sum(ms): 6274.4, Avg(ms): 29.2, 50th(ms): 25.2, 90th(ms): 48.2, 95th(ms): 56.6, 99th(ms): 71.3, 99.9th(ms): 71.3, Max(ms): 71.3
[Current] PAYMENT - Takes(s): 10.0, Count: 2630, TPM: 15782.5, Sum(ms): 95598.7, Avg(ms): 36.4, 50th(ms): 35.7, 90th(ms): 48.2, 95th(ms): 56.6, 99th(ms): 79.7, 99.9th(ms): 104.9, Max(ms): 142.6
[Current] STOCK_LEVEL - Takes(s): 10.0, Count: 237, TPM: 1422.6, Sum(ms): 13138.7, Avg(ms): 55.5, 50th(ms): 48.2, 90th(ms): 88.1, 95th(ms): 104.9, 99th(ms): 260.0, 99.9th(ms): 402.7, Max(ms): 402.7
[Current] DELIVERY - Takes(s): 10.0, Count: 272, TPM: 1639.6, Sum(ms): 43453.3, Avg(ms): 159.8, 50th(ms): 159.4, 90th(ms): 201.3, 95th(ms): 226.5, 99th(ms): 285.2, 99.9th(ms): 402.7, Max(ms): 402.7
[Current] NEW_ORDER - Takes(s): 10.0, Count: 2813, TPM: 16881.6, Sum(ms): 158135.7, Avg(ms): 56.2, 50th(ms): 54.5, 90th(ms): 75.5, 95th(ms): 83.9, 99th(ms): 104.9, 99.9th(ms): 130.0, Max(ms): 142.6
[Current] ORDER_STATUS - Takes(s): 10.0, Count: 254, TPM: 1528.0, Sum(ms): 7108.4, Avg(ms): 27.9, 50th(ms): 25.2, 90th(ms): 48.2, 95th(ms): 54.5, 99th(ms): 65.0, 99.9th(ms): 67.1, Max(ms): 67.1
[Current] PAYMENT - Takes(s): 10.0, Count: 2676, TPM: 16059.4, Sum(ms): 92853.0, Avg(ms): 34.7, 50th(ms): 33.6, 90th(ms): 46.1, 95th(ms): 54.5, 99th(ms): 75.5, 99.9th(ms): 96.5, Max(ms): 113.2
[Current] STOCK_LEVEL - Takes(s): 10.0, Count: 262, TPM: 1574.5, Sum(ms): 11711.6, Avg(ms): 44.6, 50th(ms): 37.7, 90th(ms): 62.9, 95th(ms): 96.5, 99th(ms): 192.9, 99.9th(ms): 251.7, Max(ms): 251.7
[Current] DELIVERY - Takes(s): 10.0, Count: 254, TPM: 1524.8, Sum(ms): 40705.3, Avg(ms): 160.6, 50th(ms): 167.8, 90th(ms): 209.7, 95th(ms): 218.1, 99th(ms): 251.7, 99.9th(ms): 302.0, Max(ms): 302.0
[Current] NEW_ORDER - Takes(s): 10.0, Count: 2872, TPM: 17242.6, Sum(ms): 161762.0, Avg(ms): 56.4, 50th(ms): 56.6, 90th(ms): 75.5, 95th(ms): 79.7, 99th(ms): 96.5, 99.9th(ms): 125.8, Max(ms): 142.6
[Current] ORDER_STATUS - Takes(s): 10.0, Count: 249, TPM: 1494.2, Sum(ms): 7019.4, Avg(ms): 28.2, 50th(ms): 24.1, 90th(ms): 48.2, 95th(ms): 56.6, 99th(ms): 65.0, 99.9th(ms): 88.1, Max(ms): 88.1
[Current] PAYMENT - Takes(s): 10.0, Count: 2707, TPM: 16246.4, Sum(ms): 94754.4, Avg(ms): 35.0, 50th(ms): 33.6, 90th(ms): 48.2, 95th(ms): 54.5, 99th(ms): 71.3, 99.9th(ms): 104.9, Max(ms): 113.2
[Current] STOCK_LEVEL - Takes(s): 10.0, Count: 237, TPM: 1424.3, Sum(ms): 9440.9, Avg(ms): 39.9, 50th(ms): 37.7, 90th(ms): 58.7, 95th(ms): 71.3, 99th(ms): 104.9, 99.9th(ms): 159.4, Max(ms): 159.4
[Current] DELIVERY - Takes(s): 9.8, Count: 241, TPM: 1475.8, Sum(ms): 39765.3, Avg(ms): 164.9, 50th(ms): 167.8, 90th(ms): 201.3, 95th(ms): 218.1, 99th(ms): 352.3, 99.9th(ms): 419.4, Max(ms): 419.4
[Current] NEW_ORDER - Takes(s): 10.0, Count: 2744, TPM: 16467.8, Sum(ms): 156872.7, Avg(ms): 57.2, 50th(ms): 56.6, 90th(ms): 75.5, 95th(ms): 79.7, 99th(ms): 96.5, 99.9th(ms): 121.6, Max(ms): 184.5
[Current] ORDER_STATUS - Takes(s): 10.0, Count: 286, TPM: 1723.4, Sum(ms): 7786.0, Avg(ms): 27.2, 50th(ms): 24.1, 90th(ms): 46.1, 95th(ms): 50.3, 99th(ms): 62.9, 99.9th(ms): 71.3, Max(ms): 71.3
[Current] PAYMENT - Takes(s): 10.0, Count: 2702, TPM: 16219.5, Sum(ms): 97456.7, Avg(ms): 36.1, 50th(ms): 35.7, 90th(ms): 50.3, 95th(ms): 54.5, 99th(ms): 75.5, 99.9th(ms): 109.1, Max(ms): 130.0
[Current] STOCK_LEVEL - Takes(s): 10.0, Count: 258, TPM: 1549.8, Sum(ms): 11025.3, Avg(ms): 42.7, 50th(ms): 37.7, 90th(ms): 60.8, 95th(ms): 104.9, 99th(ms): 151.0, 99.9th(ms): 184.5, Max(ms): 184.5
[Current] DELIVERY - Takes(s): 10.0, Count: 271, TPM: 1631.9, Sum(ms): 39032.9, Avg(ms): 144.0, 50th(ms): 130.0, 90th(ms): 201.3, 95th(ms): 218.1, 99th(ms): 251.7, 99.9th(ms): 260.0, Max(ms): 260.0
[Current] NEW_ORDER - Takes(s): 10.0, Count: 3055, TPM: 18332.2, Sum(ms): 161146.9, Avg(ms): 52.8, 50th(ms): 50.3, 90th(ms): 75.5, 95th(ms): 79.7, 99th(ms): 96.5, 99.9th(ms): 113.2, Max(ms): 117.4
[Current] ORDER_STATUS - Takes(s): 10.0, Count: 254, TPM: 1524.8, Sum(ms): 6800.4, Avg(ms): 26.8, 50th(ms): 23.1, 90th(ms): 48.2, 95th(ms): 54.5, 99th(ms): 60.8, 99.9th(ms): 65.0, Max(ms): 65.0
[Current] PAYMENT - Takes(s): 10.0, Count: 2907, TPM: 17442.0, Sum(ms): 94232.3, Avg(ms): 32.4, 50th(ms): 30.4, 90th(ms): 48.2, 95th(ms): 52.4, 99th(ms): 71.3, 99.9th(ms): 92.3, Max(ms): 113.2
[Current] STOCK_LEVEL - Takes(s): 10.0, Count: 257, TPM: 1543.1, Sum(ms): 11827.6, Avg(ms): 46.0, 50th(ms): 33.6, 90th(ms): 100.7, 95th(ms): 121.6, 99th(ms): 167.8, 99.9th(ms): 184.5, Max(ms): 184.5
[Current] DELIVERY - Takes(s): 9.9, Count: 264, TPM: 1593.4, Sum(ms): 38954.8, Avg(ms): 147.6, 50th(ms): 134.2, 90th(ms): 209.7, 95th(ms): 243.3, 99th(ms): 285.2, 99.9th(ms): 302.0, Max(ms): 302.0
[Current] NEW_ORDER - Takes(s): 10.0, Count: 2992, TPM: 17952.6, Sum(ms): 161561.4, Avg(ms): 54.0, 50th(ms): 52.4, 90th(ms): 75.5, 95th(ms): 88.1, 99th(ms): 109.1, 99.9th(ms): 130.0, Max(ms): 142.6
[Current] ORDER_STATUS - Takes(s): 10.0, Count: 263, TPM: 1579.5, Sum(ms): 6436.1, Avg(ms): 24.5, 50th(ms): 22.0, 90th(ms): 41.9, 95th(ms): 48.2, 99th(ms): 58.7, 99.9th(ms): 65.0, Max(ms): 65.0
[Current] PAYMENT - Takes(s): 10.0, Count: 2807, TPM: 16848.0, Sum(ms): 92445.4, Avg(ms): 32.9, 50th(ms): 31.5, 90th(ms): 48.2, 95th(ms): 54.5, 99th(ms): 71.3, 99.9th(ms): 92.3, Max(ms): 109.1
[Current] STOCK_LEVEL - Takes(s): 10.0, Count: 260, TPM: 1565.0, Sum(ms): 13857.0, Avg(ms): 53.3, 50th(ms): 41.9, 90th(ms): 113.2, 95th(ms): 142.6, 99th(ms): 184.5, 99.9th(ms): 234.9, Max(ms): 234.9
[Current] DELIVERY - Takes(s): 10.0, Count: 298, TPM: 1790.2, Sum(ms): 40593.6, Avg(ms): 136.4, 50th(ms): 134.2, 90th(ms): 176.2, 95th(ms): 192.9, 99th(ms): 251.7, 99.9th(ms): 268.4, Max(ms): 268.4
[Current] NEW_ORDER - Takes(s): 10.0, Count: 3218, TPM: 19316.9, Sum(ms): 159067.0, Avg(ms): 49.4, 50th(ms): 48.2, 90th(ms): 62.9, 95th(ms): 71.3, 99th(ms): 88.1, 99.9th(ms): 104.9, Max(ms): 134.2
[Current] ORDER_STATUS - Takes(s): 10.0, Count: 293, TPM: 1766.5, Sum(ms): 6992.1, Avg(ms): 23.9, 50th(ms): 21.0, 90th(ms): 41.9, 95th(ms): 48.2, 99th(ms): 56.6, 99.9th(ms): 65.0, Max(ms): 65.0
[Current] PAYMENT - Takes(s): 10.0, Count: 3102, TPM: 18611.9, Sum(ms): 95232.4, Avg(ms): 30.7, 50th(ms): 29.4, 90th(ms): 41.9, 95th(ms): 48.2, 99th(ms): 62.9, 99.9th(ms): 92.3, Max(ms): 100.7
[Current] STOCK_LEVEL - Takes(s): 10.0, Count: 275, TPM: 1655.8, Sum(ms): 11426.4, Avg(ms): 41.6, 50th(ms): 32.5, 90th(ms): 83.9, 95th(ms): 104.9, 99th(ms): 134.2, 99.9th(ms): 184.5, Max(ms): 184.5
[Current] DELIVERY - Takes(s): 9.9, Count: 303, TPM: 1833.7, Sum(ms): 41980.8, Avg(ms): 138.7, 50th(ms): 134.2, 90th(ms): 176.2, 95th(ms): 209.7, 99th(ms): 234.9, 99.9th(ms): 302.0, Max(ms): 302.0
[Current] NEW_ORDER - Takes(s): 10.0, Count: 3214, TPM: 19295.0, Sum(ms): 159754.9, Avg(ms): 49.7, 50th(ms): 48.2, 90th(ms): 65.0, 95th(ms): 71.3, 99th(ms): 88.1, 99.9th(ms): 109.1, Max(ms): 125.8
[Current] ORDER_STATUS - Takes(s): 10.0, Count: 265, TPM: 1591.7, Sum(ms): 6254.9, Avg(ms): 23.6, 50th(ms): 22.0, 90th(ms): 39.8, 95th(ms): 44.0, 99th(ms): 52.4, 99.9th(ms): 58.7, Max(ms): 58.7
[Current] PAYMENT - Takes(s): 10.0, Count: 3054, TPM: 18329.6, Sum(ms): 94329.3, Avg(ms): 30.9, 50th(ms): 29.4, 90th(ms): 41.9, 95th(ms): 48.2, 99th(ms): 62.9, 99.9th(ms): 88.1, Max(ms): 92.3
[Current] STOCK_LEVEL - Takes(s): 10.0, Count: 285, TPM: 1717.3, Sum(ms): 9961.6, Avg(ms): 35.0, 50th(ms): 32.5, 90th(ms): 56.6, 95th(ms): 67.1, 99th(ms): 79.7, 99.9th(ms): 100.7, Max(ms): 100.7
[Current] DELIVERY - Takes(s): 10.0, Count: 249, TPM: 1494.5, Sum(ms): 37789.2, Avg(ms): 151.6, 50th(ms): 151.0, 90th(ms): 192.9, 95th(ms): 209.7, 99th(ms): 234.9, 99.9th(ms): 251.7, Max(ms): 251.7
[Current] NEW_ORDER - Takes(s): 10.0, Count: 2995, TPM: 17974.5, Sum(ms): 162758.1, Avg(ms): 54.4, 50th(ms): 54.5, 90th(ms): 71.3, 95th(ms): 79.7, 99th(ms): 96.5, 99.9th(ms): 113.2, Max(ms): 134.2
[Current] ORDER_STATUS - Takes(s): 10.0, Count: 300, TPM: 1802.7, Sum(ms): 7864.1, Avg(ms): 26.2, 50th(ms): 23.1, 90th(ms): 44.0, 95th(ms): 48.2, 99th(ms): 58.7, 99.9th(ms): 83.9, Max(ms): 83.9
[Current] PAYMENT - Takes(s): 10.0, Count: 2793, TPM: 16762.1, Sum(ms): 94206.3, Avg(ms): 33.7, 50th(ms): 32.5, 90th(ms): 46.1, 95th(ms): 52.4, 99th(ms): 71.3, 99.9th(ms): 88.1, Max(ms): 109.1
[Current] STOCK_LEVEL - Takes(s): 10.0, Count: 271, TPM: 1632.2, Sum(ms): 10336.9, Avg(ms): 38.2, 50th(ms): 35.7, 90th(ms): 52.4, 95th(ms): 60.8, 99th(ms): 92.3, 99.9th(ms): 125.8, Max(ms): 125.8
[Current] DELIVERY - Takes(s): 10.0, Count: 275, TPM: 1653.0, Sum(ms): 41168.2, Avg(ms): 149.8, 50th(ms): 151.0, 90th(ms): 192.9, 95th(ms): 218.1, 99th(ms): 285.2, 99.9th(ms): 318.8, Max(ms): 318.8
[Current] NEW_ORDER - Takes(s): 10.0, Count: 2914, TPM: 17491.6, Sum(ms): 157574.5, Avg(ms): 54.1, 50th(ms): 54.5, 90th(ms): 71.3, 95th(ms): 79.7, 99th(ms): 96.5, 99.9th(ms): 113.2, Max(ms): 151.0
[Current] ORDER_STATUS - Takes(s): 10.0, Count: 277, TPM: 1667.4, Sum(ms): 7170.6, Avg(ms): 25.9, 50th(ms): 24.1, 90th(ms): 44.0, 95th(ms): 50.3, 99th(ms): 56.6, 99.9th(ms): 71.3, Max(ms): 71.3
[Current] PAYMENT - Takes(s): 10.0, Count: 2910, TPM: 17472.7, Sum(ms): 96122.2, Avg(ms): 33.1, 50th(ms): 31.5, 90th(ms): 44.0, 95th(ms): 50.3, 99th(ms): 71.3, 99.9th(ms): 88.1, Max(ms): 92.3
[Current] STOCK_LEVEL - Takes(s): 10.0, Count: 297, TPM: 1783.5, Sum(ms): 10610.6, Avg(ms): 35.8, 50th(ms): 35.7, 90th(ms): 52.4, 95th(ms): 58.7, 99th(ms): 71.3, 99.9th(ms): 92.3, Max(ms): 92.3
[Current] DELIVERY - Takes(s): 10.0, Count: 259, TPM: 1561.7, Sum(ms): 38563.7, Avg(ms): 149.0, 50th(ms): 151.0, 90th(ms): 184.5, 95th(ms): 201.3, 99th(ms): 243.3, 99.9th(ms): 302.0, Max(ms): 302.0
[Current] NEW_ORDER - Takes(s): 10.0, Count: 2990, TPM: 17942.8, Sum(ms): 163055.2, Avg(ms): 54.5, 50th(ms): 54.5, 90th(ms): 71.3, 95th(ms): 79.7, 99th(ms): 96.5, 99.9th(ms): 117.4, Max(ms): 134.2
[Current] ORDER_STATUS - Takes(s): 9.8, Count: 270, TPM: 1659.9, Sum(ms): 6980.3, Avg(ms): 25.8, 50th(ms): 24.1, 90th(ms): 39.8, 95th(ms): 46.1, 99th(ms): 60.8, 99.9th(ms): 75.5, Max(ms): 75.5
[Current] PAYMENT - Takes(s): 10.0, Count: 2855, TPM: 17134.8, Sum(ms): 94782.4, Avg(ms): 33.2, 50th(ms): 32.5, 90th(ms): 46.1, 95th(ms): 50.3, 99th(ms): 65.0, 99.9th(ms): 88.1, Max(ms): 113.2
[Current] STOCK_LEVEL - Takes(s): 10.0, Count: 250, TPM: 1504.7, Sum(ms): 9215.9, Avg(ms): 36.9, 50th(ms): 33.6, 90th(ms): 52.4, 95th(ms): 62.9, 99th(ms): 134.2, 99.9th(ms): 192.9, Max(ms): 192.9
[Current] DELIVERY - Takes(s): 9.9, Count: 243, TPM: 1472.6, Sum(ms): 37505.4, Avg(ms): 154.8, 50th(ms): 151.0, 90th(ms): 201.3, 95th(ms): 218.1, 99th(ms): 318.8, 99.9th(ms): 352.3, Max(ms): 352.3
[Current] NEW_ORDER - Takes(s): 10.0, Count: 2938, TPM: 17628.3, Sum(ms): 165569.1, Avg(ms): 56.4, 50th(ms): 54.5, 90th(ms): 75.5, 95th(ms): 83.9, 99th(ms): 104.9, 99.9th(ms): 130.0, Max(ms): 142.6
[Current] ORDER_STATUS - Takes(s): 10.0, Count: 246, TPM: 1481.9, Sum(ms): 6864.3, Avg(ms): 27.9, 50th(ms): 25.2, 90th(ms): 46.1, 95th(ms): 50.3, 99th(ms): 62.9, 99.9th(ms): 79.7, Max(ms): 79.7
[Current] PAYMENT - Takes(s): 10.0, Count: 2784, TPM: 16709.0, Sum(ms): 95615.1, Avg(ms): 34.3, 50th(ms): 32.5, 90th(ms): 46.1, 95th(ms): 54.5, 99th(ms): 71.3, 99.9th(ms): 92.3, Max(ms): 121.6
[Current] STOCK_LEVEL - Takes(s): 10.0, Count: 214, TPM: 1285.9, Sum(ms): 7083.9, Avg(ms): 33.2, 50th(ms): 30.4, 90th(ms): 46.1, 95th(ms): 54.5, 99th(ms): 92.3, 99.9th(ms): 159.4, Max(ms): 159.4
[Current] DELIVERY - Takes(s): 10.0, Count: 251, TPM: 1509.9, Sum(ms): 40595.4, Avg(ms): 161.8, 50th(ms): 159.4, 90th(ms): 192.9, 95th(ms): 226.5, 99th(ms): 285.2, 99.9th(ms): 318.8, Max(ms): 318.8
[Current] NEW_ORDER - Takes(s): 10.0, Count: 2902, TPM: 17417.4, Sum(ms): 166245.7, Avg(ms): 57.3, 50th(ms): 56.6, 90th(ms): 75.5, 95th(ms): 79.7, 99th(ms): 96.5, 99.9th(ms): 121.6, Max(ms): 130.0
[Current] ORDER_STATUS - Takes(s): 10.0, Count: 239, TPM: 1435.4, Sum(ms): 6664.2, Avg(ms): 27.9, 50th(ms): 27.3, 90th(ms): 41.9, 95th(ms): 46.1, 99th(ms): 56.6, 99.9th(ms): 62.9, Max(ms): 62.9
[Current] PAYMENT - Takes(s): 10.0, Count: 2582, TPM: 15492.2, Sum(ms): 90985.2, Avg(ms): 35.3, 50th(ms): 33.6, 90th(ms): 46.1, 95th(ms): 52.4, 99th(ms): 75.5, 99.9th(ms): 92.3, Max(ms): 130.0
[Current] STOCK_LEVEL - Takes(s): 9.9, Count: 246, TPM: 1484.5, Sum(ms): 8029.5, Avg(ms): 32.6, 50th(ms): 32.5, 90th(ms): 46.1, 95th(ms): 50.3, 99th(ms): 60.8, 99.9th(ms): 71.3, Max(ms): 71.3
[Current] DELIVERY - Takes(s): 10.0, Count: 244, TPM: 1464.7, Sum(ms): 35405.0, Avg(ms): 145.2, 50th(ms): 142.6, 90th(ms): 201.3, 95th(ms): 209.7, 99th(ms): 251.7, 99.9th(ms): 419.4, Max(ms): 419.4
[Current] NEW_ORDER - Takes(s): 10.0, Count: 2970, TPM: 17821.7, Sum(ms): 164166.6, Avg(ms): 55.3, 50th(ms): 54.5, 90th(ms): 75.5, 95th(ms): 83.9, 99th(ms): 96.5, 99.9th(ms): 130.0, Max(ms): 130.0
[Current] ORDER_STATUS - Takes(s): 10.0, Count: 267, TPM: 1607.0, Sum(ms): 6923.4, Avg(ms): 25.9, 50th(ms): 24.1, 90th(ms): 39.8, 95th(ms): 46.1, 99th(ms): 52.4, 99.9th(ms): 58.7, Max(ms): 58.7
[Current] PAYMENT - Takes(s): 10.0, Count: 2882, TPM: 17292.9, Sum(ms): 98235.2, Avg(ms): 34.1, 50th(ms): 32.5, 90th(ms): 48.2, 95th(ms): 54.5, 99th(ms): 71.3, 99.9th(ms): 104.9, Max(ms): 125.8
[Current] STOCK_LEVEL - Takes(s): 9.9, Count: 221, TPM: 1333.3, Sum(ms): 7774.2, Avg(ms): 35.3, 50th(ms): 35.7, 90th(ms): 52.4, 95th(ms): 54.5, 99th(ms): 60.8, 99.9th(ms): 62.9, Max(ms): 62.9
[Current] DELIVERY - Takes(s): 10.0, Count: 276, TPM: 1660.5, Sum(ms): 42240.6, Avg(ms): 153.1, 50th(ms): 151.0, 90th(ms): 209.7, 95th(ms): 226.5, 99th(ms): 268.4, 99.9th(ms): 318.8, Max(ms): 318.8
[Current] NEW_ORDER - Takes(s): 10.0, Count: 2892, TPM: 17355.9, Sum(ms): 162080.3, Avg(ms): 56.0, 50th(ms): 54.5, 90th(ms): 75.5, 95th(ms): 83.9, 99th(ms): 104.9, 99.9th(ms): 125.8, Max(ms): 167.8
[Current] ORDER_STATUS - Takes(s): 10.0, Count: 267, TPM: 1602.9, Sum(ms): 7160.1, Avg(ms): 26.8, 50th(ms): 24.1, 90th(ms): 41.9, 95th(ms): 52.4, 99th(ms): 65.0, 99.9th(ms): 71.3, Max(ms): 71.3
[Current] PAYMENT - Takes(s): 10.0, Count: 2729, TPM: 16374.5, Sum(ms): 92821.0, Avg(ms): 34.0, 50th(ms): 32.5, 90th(ms): 48.2, 95th(ms): 54.5, 99th(ms): 71.3, 99.9th(ms): 92.3, Max(ms): 130.0
[Current] STOCK_LEVEL - Takes(s): 10.0, Count: 256, TPM: 1538.7, Sum(ms): 8520.0, Avg(ms): 33.2, 50th(ms): 32.5, 90th(ms): 46.1, 95th(ms): 52.4, 99th(ms): 65.0, 99.9th(ms): 71.3, Max(ms): 71.3
[Current] DELIVERY - Takes(s): 9.9, Count: 251, TPM: 1514.4, Sum(ms): 38059.7, Avg(ms): 151.4, 50th(ms): 151.0, 90th(ms): 201.3, 95th(ms): 209.7, 99th(ms): 234.9, 99.9th(ms): 285.2, Max(ms): 285.2
[Current] NEW_ORDER - Takes(s): 10.0, Count: 2828, TPM: 16974.2, Sum(ms): 160439.0, Avg(ms): 56.7, 50th(ms): 54.5, 90th(ms): 75.5, 95th(ms): 83.9, 99th(ms): 100.7, 99.9th(ms): 117.4, Max(ms): 134.2
[Current] ORDER_STATUS - Takes(s): 10.0, Count: 254, TPM: 1527.0, Sum(ms): 6870.6, Avg(ms): 27.0, 50th(ms): 25.2, 90th(ms): 41.9, 95th(ms): 48.2, 99th(ms): 54.5, 99.9th(ms): 62.9, Max(ms): 62.9
[Current] PAYMENT - Takes(s): 10.0, Count: 2764, TPM: 16596.5, Sum(ms): 95987.4, Avg(ms): 34.8, 50th(ms): 33.6, 90th(ms): 48.2, 95th(ms): 54.5, 99th(ms): 71.3, 99.9th(ms): 104.9, Max(ms): 130.0
[Current] STOCK_LEVEL - Takes(s): 9.9, Count: 260, TPM: 1568.9, Sum(ms): 11056.6, Avg(ms): 42.5, 50th(ms): 35.7, 90th(ms): 56.6, 95th(ms): 75.5, 99th(ms): 226.5, 99.9th(ms): 419.4, Max(ms): 419.4
[Current] DELIVERY - Takes(s): 9.9, Count: 265, TPM: 1598.7, Sum(ms): 41409.1, Avg(ms): 156.2, 50th(ms): 159.4, 90th(ms): 201.3, 95th(ms): 218.1, 99th(ms): 268.4, 99.9th(ms): 318.8, Max(ms): 318.8
[Current] NEW_ORDER - Takes(s): 10.0, Count: 2885, TPM: 17317.3, Sum(ms): 161655.6, Avg(ms): 56.0, 50th(ms): 56.6, 90th(ms): 71.3, 95th(ms): 79.7, 99th(ms): 92.3, 99.9th(ms): 117.4, Max(ms): 125.8
[Current] ORDER_STATUS - Takes(s): 10.0, Count: 235, TPM: 1412.0, Sum(ms): 5875.5, Avg(ms): 25.0, 50th(ms): 23.1, 90th(ms): 39.8, 95th(ms): 44.0, 99th(ms): 52.4, 99.9th(ms): 71.3, Max(ms): 71.3
[Current] PAYMENT - Takes(s): 10.0, Count: 2759, TPM: 16556.0, Sum(ms): 94911.3, Avg(ms): 34.4, 50th(ms): 33.6, 90th(ms): 46.1, 95th(ms): 52.4, 99th(ms): 71.3, 99.9th(ms): 88.1, Max(ms): 100.7
[Current] STOCK_LEVEL - Takes(s): 10.0, Count: 237, TPM: 1425.8, Sum(ms): 9263.2, Avg(ms): 39.1, 50th(ms): 37.7, 90th(ms): 56.6, 95th(ms): 67.1, 99th(ms): 100.7, 99.9th(ms): 176.2, Max(ms): 176.2
[Current] DELIVERY - Takes(s): 9.9, Count: 266, TPM: 1607.0, Sum(ms): 39665.9, Avg(ms): 149.3, 50th(ms): 151.0, 90th(ms): 184.5, 95th(ms): 201.3, 99th(ms): 268.4, 99.9th(ms): 369.1, Max(ms): 369.1
[Current] NEW_ORDER - Takes(s): 10.0, Count: 3054, TPM: 18325.6, Sum(ms): 163997.4, Avg(ms): 53.7, 50th(ms): 54.5, 90th(ms): 67.1, 95th(ms): 75.5, 99th(ms): 88.1, 99.9th(ms): 109.1, Max(ms): 117.4
[Current] ORDER_STATUS - Takes(s): 10.0, Count: 276, TPM: 1660.3, Sum(ms): 6685.6, Avg(ms): 24.2, 50th(ms): 24.1, 90th(ms): 35.7, 95th(ms): 39.8, 99th(ms): 48.2, 99.9th(ms): 67.1, Max(ms): 67.1
[Current] PAYMENT - Takes(s): 10.0, Count: 2779, TPM: 16674.3, Sum(ms): 92664.6, Avg(ms): 33.3, 50th(ms): 32.5, 90th(ms): 44.0, 95th(ms): 50.3, 99th(ms): 65.0, 99.9th(ms): 83.9, Max(ms): 96.5
[Current] STOCK_LEVEL - Takes(s): 10.0, Count: 279, TPM: 1678.2, Sum(ms): 9847.6, Avg(ms): 35.2, 50th(ms): 32.5, 90th(ms): 46.1, 95th(ms): 48.2, 99th(ms): 100.7, 99.9th(ms): 285.2, Max(ms): 285.2
[Current] DELIVERY - Takes(s): 10.0, Count: 261, TPM: 1567.8, Sum(ms): 38250.4, Avg(ms): 146.6, 50th(ms): 142.6, 90th(ms): 176.2, 95th(ms): 192.9, 99th(ms): 251.7, 99.9th(ms): 318.8, Max(ms): 318.8
[Current] NEW_ORDER - Takes(s): 10.0, Count: 3130, TPM: 18782.4, Sum(ms): 163551.8, Avg(ms): 52.3, 50th(ms): 52.4, 90th(ms): 67.1, 95th(ms): 75.5, 99th(ms): 92.3, 99.9th(ms): 117.4, Max(ms): 142.6
[Current] ORDER_STATUS - Takes(s): 10.0, Count: 291, TPM: 1750.5, Sum(ms): 7101.4, Avg(ms): 24.4, 50th(ms): 23.1, 90th(ms): 37.7, 95th(ms): 46.1, 99th(ms): 56.6, 99.9th(ms): 65.0, Max(ms): 65.0
[Current] PAYMENT - Takes(s): 10.0, Count: 2941, TPM: 17651.5, Sum(ms): 95116.8, Avg(ms): 32.4, 50th(ms): 31.5, 90th(ms): 41.9, 95th(ms): 48.2, 99th(ms): 71.3, 99.9th(ms): 88.1, Max(ms): 96.5
[Current] STOCK_LEVEL - Takes(s): 10.0, Count: 281, TPM: 1692.3, Sum(ms): 8818.7, Avg(ms): 31.4, 50th(ms): 29.4, 90th(ms): 46.1, 95th(ms): 52.4, 99th(ms): 88.1, 99.9th(ms): 109.1, Max(ms): 109.1
[Current] DELIVERY - Takes(s): 10.0, Count: 273, TPM: 1641.0, Sum(ms): 39962.3, Avg(ms): 146.6, 50th(ms): 142.6, 90th(ms): 184.5, 95th(ms): 192.9, 99th(ms): 260.0, 99.9th(ms): 318.8, Max(ms): 318.8
[Current] NEW_ORDER - Takes(s): 10.0, Count: 3090, TPM: 18545.9, Sum(ms): 158967.3, Avg(ms): 51.5, 50th(ms): 50.3, 90th(ms): 65.0, 95th(ms): 71.3, 99th(ms): 88.1, 99.9th(ms): 109.1, Max(ms): 134.2
[Current] ORDER_STATUS - Takes(s): 10.0, Count: 276, TPM: 1658.2, Sum(ms): 6694.0, Avg(ms): 24.3, 50th(ms): 23.1, 90th(ms): 35.7, 95th(ms): 41.9, 99th(ms): 56.6, 99.9th(ms): 71.3, Max(ms): 71.3
[Current] PAYMENT - Takes(s): 10.0, Count: 3064, TPM: 18391.2, Sum(ms): 99024.4, Avg(ms): 32.3, 50th(ms): 31.5, 90th(ms): 41.9, 95th(ms): 50.3, 99th(ms): 67.1, 99.9th(ms): 92.3, Max(ms): 104.9
[Current] STOCK_LEVEL - Takes(s): 10.0, Count: 256, TPM: 1537.8, Sum(ms): 7930.1, Avg(ms): 31.0, 50th(ms): 30.4, 90th(ms): 41.9, 95th(ms): 48.2, 99th(ms): 65.0, 99.9th(ms): 88.1, Max(ms): 88.1
[Current] DELIVERY - Takes(s): 10.0, Count: 304, TPM: 1827.5, Sum(ms): 44136.4, Avg(ms): 145.3, 50th(ms): 151.0, 90th(ms): 184.5, 95th(ms): 201.3, 99th(ms): 226.5, 99.9th(ms): 302.0, Max(ms): 302.0
[Current] NEW_ORDER - Takes(s): 10.0, Count: 3013, TPM: 18078.8, Sum(ms): 160155.5, Avg(ms): 53.2, 50th(ms): 52.4, 90th(ms): 71.3, 95th(ms): 75.5, 99th(ms): 88.1, 99.9th(ms): 109.1, Max(ms): 159.4
[Current] ORDER_STATUS - Takes(s): 10.0, Count: 264, TPM: 1584.4, Sum(ms): 6633.2, Avg(ms): 25.2, 50th(ms): 23.1, 90th(ms): 39.8, 95th(ms): 46.1, 99th(ms): 58.7, 99.9th(ms): 71.3, Max(ms): 71.3
[Current] PAYMENT - Takes(s): 10.0, Count: 2838, TPM: 17030.8, Sum(ms): 94007.7, Avg(ms): 33.1, 50th(ms): 31.5, 90th(ms): 46.1, 95th(ms): 50.3, 99th(ms): 71.3, 99.9th(ms): 92.3, Max(ms): 92.3
[Current] STOCK_LEVEL - Takes(s): 10.0, Count: 243, TPM: 1460.1, Sum(ms): 8178.7, Avg(ms): 33.7, 50th(ms): 33.6, 90th(ms): 46.1, 95th(ms): 50.3, 99th(ms): 65.0, 99.9th(ms): 75.5, Max(ms): 75.5
[Current] DELIVERY - Takes(s): 10.0, Count: 273, TPM: 1643.5, Sum(ms): 39902.3, Avg(ms): 146.4, 50th(ms): 142.6, 90th(ms): 184.5, 95th(ms): 192.9, 99th(ms): 260.0, 99.9th(ms): 285.2, Max(ms): 285.2
[Current] NEW_ORDER - Takes(s): 10.0, Count: 3144, TPM: 18869.6, Sum(ms): 163476.1, Avg(ms): 52.0, 50th(ms): 52.4, 90th(ms): 67.1, 95th(ms): 75.5, 99th(ms): 88.1, 99.9th(ms): 104.9, Max(ms): 134.2
[Current] ORDER_STATUS - Takes(s): 9.9, Count: 276, TPM: 1675.6, Sum(ms): 6579.0, Avg(ms): 23.8, 50th(ms): 22.0, 90th(ms): 37.7, 95th(ms): 39.8, 99th(ms): 54.5, 99.9th(ms): 67.1, Max(ms): 67.1
[Current] PAYMENT - Takes(s): 10.0, Count: 2887, TPM: 17322.3, Sum(ms): 93554.4, Avg(ms): 32.4, 50th(ms): 31.5, 90th(ms): 44.0, 95th(ms): 50.3, 99th(ms): 71.3, 99.9th(ms): 88.1, Max(ms): 100.7
[Current] STOCK_LEVEL - Takes(s): 10.0, Count: 277, TPM: 1665.2, Sum(ms): 9078.8, Avg(ms): 32.8, 50th(ms): 32.5, 90th(ms): 48.2, 95th(ms): 50.3, 99th(ms): 58.7, 99.9th(ms): 71.3, Max(ms): 71.3
[Current] DELIVERY - Takes(s): 10.0, Count: 255, TPM: 1532.9, Sum(ms): 34971.5, Avg(ms): 137.1, 50th(ms): 142.6, 90th(ms): 167.8, 95th(ms): 176.2, 99th(ms): 226.5, 99.9th(ms): 369.1, Max(ms): 369.1
[Current] NEW_ORDER - Takes(s): 10.0, Count: 3281, TPM: 19686.6, Sum(ms): 165642.1, Avg(ms): 50.5, 50th(ms): 50.3, 90th(ms): 65.0, 95th(ms): 71.3, 99th(ms): 92.3, 99.9th(ms): 117.4, Max(ms): 142.6
[Current] ORDER_STATUS - Takes(s): 10.0, Count: 276, TPM: 1659.0, Sum(ms): 6476.5, Avg(ms): 23.5, 50th(ms): 22.0, 90th(ms): 37.7, 95th(ms): 44.0, 99th(ms): 54.5, 99.9th(ms): 92.3, Max(ms): 92.3
[Current] PAYMENT - Takes(s): 10.0, Count: 3064, TPM: 18384.7, Sum(ms): 95386.0, Avg(ms): 31.1, 50th(ms): 30.4, 90th(ms): 41.9, 95th(ms): 48.2, 99th(ms): 62.9, 99.9th(ms): 83.9, Max(ms): 88.1
[Current] STOCK_LEVEL - Takes(s): 10.0, Count: 312, TPM: 1878.4, Sum(ms): 10057.1, Avg(ms): 32.3, 50th(ms): 32.5, 90th(ms): 44.0, 95th(ms): 48.2, 99th(ms): 54.5, 99.9th(ms): 60.8, Max(ms): 60.8
[Current] DELIVERY - Takes(s): 10.0, Count: 292, TPM: 1756.7, Sum(ms): 41557.6, Avg(ms): 142.4, 50th(ms): 142.6, 90th(ms): 184.5, 95th(ms): 201.3, 99th(ms): 243.3, 99.9th(ms): 318.8, Max(ms): 318.8
[Current] NEW_ORDER - Takes(s): 10.0, Count: 3173, TPM: 19049.9, Sum(ms): 162754.7, Avg(ms): 51.3, 50th(ms): 50.3, 90th(ms): 67.1, 95th(ms): 71.3, 99th(ms): 88.1, 99.9th(ms): 104.9, Max(ms): 117.4
[Current] ORDER_STATUS - Takes(s): 9.9, Count: 265, TPM: 1603.0, Sum(ms): 6511.4, Avg(ms): 24.6, 50th(ms): 23.1, 90th(ms): 37.7, 95th(ms): 46.1, 99th(ms): 52.4, 99.9th(ms): 56.6, Max(ms): 56.6
[Current] PAYMENT - Takes(s): 10.0, Count: 2955, TPM: 17738.2, Sum(ms): 94150.6, Avg(ms): 31.9, 50th(ms): 30.4, 90th(ms): 44.0, 95th(ms): 50.3, 99th(ms): 65.0, 99.9th(ms): 83.9, Max(ms): 92.3
[Current] STOCK_LEVEL - Takes(s): 10.0, Count: 241, TPM: 1447.2, Sum(ms): 7982.8, Avg(ms): 33.1, 50th(ms): 31.5, 90th(ms): 48.2, 95th(ms): 50.3, 99th(ms): 60.8, 99.9th(ms): 65.0, Max(ms): 65.0
[Current] DELIVERY - Takes(s): 9.9, Count: 265, TPM: 1613.3, Sum(ms): 37070.9, Avg(ms): 140.1, 50th(ms): 142.6, 90th(ms): 184.5, 95th(ms): 201.3, 99th(ms): 226.5, 99.9th(ms): 285.2, Max(ms): 285.2
[Current] NEW_ORDER - Takes(s): 10.0, Count: 3227, TPM: 19367.4, Sum(ms): 162590.1, Avg(ms): 50.4, 50th(ms): 50.3, 90th(ms): 65.0, 95th(ms): 71.3, 99th(ms): 83.9, 99.9th(ms): 100.7, Max(ms): 130.0
[Current] ORDER_STATUS - Takes(s): 10.0, Count: 301, TPM: 1808.9, Sum(ms): 6913.0, Avg(ms): 23.0, 50th(ms): 21.0, 90th(ms): 35.7, 95th(ms): 41.9, 99th(ms): 52.4, 99.9th(ms): 62.9, Max(ms): 62.9
[Current] PAYMENT - Takes(s): 10.0, Count: 3103, TPM: 18619.0, Sum(ms): 96175.4, Avg(ms): 31.0, 50th(ms): 29.4, 90th(ms): 41.9, 95th(ms): 48.2, 99th(ms): 62.9, 99.9th(ms): 79.7, Max(ms): 92.3
[Current] STOCK_LEVEL - Takes(s): 10.0, Count: 280, TPM: 1683.0, Sum(ms): 9631.5, Avg(ms): 34.4, 50th(ms): 33.6, 90th(ms): 46.1, 95th(ms): 52.4, 99th(ms): 75.5, 99.9th(ms): 226.5, Max(ms): 226.5
[Current] DELIVERY - Takes(s): 9.9, Count: 270, TPM: 1630.3, Sum(ms): 36354.4, Avg(ms): 134.9, 50th(ms): 142.6, 90th(ms): 159.4, 95th(ms): 176.2, 99th(ms): 209.7, 99.9th(ms): 226.5, Max(ms): 226.5
[Current] NEW_ORDER - Takes(s): 10.0, Count: 3141, TPM: 18846.1, Sum(ms): 159795.8, Avg(ms): 50.9, 50th(ms): 50.3, 90th(ms): 62.9, 95th(ms): 71.3, 99th(ms): 83.9, 99.9th(ms): 100.7, Max(ms): 134.2
[Current] ORDER_STATUS - Takes(s): 9.9, Count: 275, TPM: 1661.2, Sum(ms): 6626.5, Avg(ms): 24.1, 50th(ms): 22.0, 90th(ms): 37.7, 95th(ms): 46.1, 99th(ms): 54.5, 99.9th(ms): 62.9, Max(ms): 62.9
[Current] PAYMENT - Takes(s): 10.0, Count: 3094, TPM: 18567.0, Sum(ms): 96788.1, Avg(ms): 31.3, 50th(ms): 30.4, 90th(ms): 39.8, 95th(ms): 46.1, 99th(ms): 62.9, 99.9th(ms): 83.9, Max(ms): 96.5
[Current] STOCK_LEVEL - Takes(s): 10.0, Count: 295, TPM: 1771.9, Sum(ms): 12195.6, Avg(ms): 41.3, 50th(ms): 33.6, 90th(ms): 71.3, 95th(ms): 104.9, 99th(ms): 176.2, 99.9th(ms): 234.9, Max(ms): 234.9
[Current] DELIVERY - Takes(s): 10.0, Count: 277, TPM: 1664.1, Sum(ms): 38420.4, Avg(ms): 138.9, 50th(ms): 142.6, 90th(ms): 167.8, 95th(ms): 184.5, 99th(ms): 226.5, 99.9th(ms): 243.3, Max(ms): 243.3
[Current] NEW_ORDER - Takes(s): 10.0, Count: 3174, TPM: 19047.3, Sum(ms): 162811.0, Avg(ms): 51.3, 50th(ms): 50.3, 90th(ms): 65.0, 95th(ms): 71.3, 99th(ms): 88.1, 99.9th(ms): 104.9, Max(ms): 125.8
[Current] ORDER_STATUS - Takes(s): 10.0, Count: 267, TPM: 1605.3, Sum(ms): 6669.2, Avg(ms): 25.0, 50th(ms): 23.1, 90th(ms): 39.8, 95th(ms): 46.1, 99th(ms): 56.6, 99.9th(ms): 71.3, Max(ms): 71.3
[Current] PAYMENT - Takes(s): 10.0, Count: 2997, TPM: 17982.7, Sum(ms): 94303.1, Avg(ms): 31.5, 50th(ms): 30.4, 90th(ms): 41.9, 95th(ms): 48.2, 99th(ms): 62.9, 99.9th(ms): 88.1, Max(ms): 88.1
[Current] STOCK_LEVEL - Takes(s): 10.0, Count: 301, TPM: 1806.9, Sum(ms): 9776.5, Avg(ms): 32.5, 50th(ms): 32.5, 90th(ms): 46.1, 95th(ms): 50.3, 99th(ms): 71.3, 99.9th(ms): 96.5, Max(ms): 96.5
[Current] DELIVERY - Takes(s): 10.0, Count: 246, TPM: 1480.0, Sum(ms): 34438.3, Avg(ms): 140.3, 50th(ms): 142.6, 90th(ms): 167.8, 95th(ms): 176.2, 99th(ms): 226.5, 99.9th(ms): 285.2, Max(ms): 285.2
[Current] NEW_ORDER - Takes(s): 10.0, Count: 3241, TPM: 19449.0, Sum(ms): 164659.6, Avg(ms): 50.8, 50th(ms): 50.3, 90th(ms): 62.9, 95th(ms): 71.3, 99th(ms): 88.1, 99.9th(ms): 104.9, Max(ms): 121.6
[Current] ORDER_STATUS - Takes(s): 9.9, Count: 276, TPM: 1667.1, Sum(ms): 6594.9, Avg(ms): 23.9, 50th(ms): 23.1, 90th(ms): 37.7, 95th(ms): 44.0, 99th(ms): 52.4, 99.9th(ms): 62.9, Max(ms): 62.9
[Current] PAYMENT - Takes(s): 10.0, Count: 3068, TPM: 18416.8, Sum(ms): 96795.4, Avg(ms): 31.6, 50th(ms): 30.4, 90th(ms): 41.9, 95th(ms): 48.2, 99th(ms): 67.1, 99.9th(ms): 92.3, Max(ms): 109.1
[Current] STOCK_LEVEL - Takes(s): 10.0, Count: 311, TPM: 1868.8, Sum(ms): 9756.9, Avg(ms): 31.4, 50th(ms): 30.4, 90th(ms): 46.1, 95th(ms): 48.2, 99th(ms): 56.6, 99.9th(ms): 71.3, Max(ms): 71.3
[Current] DELIVERY - Takes(s): 10.0, Count: 263, TPM: 1584.0, Sum(ms): 38929.1, Avg(ms): 148.1, 50th(ms): 151.0, 90th(ms): 176.2, 95th(ms): 184.5, 99th(ms): 209.7, 99.9th(ms): 285.2, Max(ms): 285.2
[Current] NEW_ORDER - Takes(s): 10.0, Count: 3068, TPM: 18409.7, Sum(ms): 161578.8, Avg(ms): 52.6, 50th(ms): 52.4, 90th(ms): 71.3, 95th(ms): 75.5, 99th(ms): 83.9, 99.9th(ms): 100.7, Max(ms): 134.2
[Current] ORDER_STATUS - Takes(s): 10.0, Count: 274, TPM: 1648.1, Sum(ms): 7012.5, Avg(ms): 25.6, 50th(ms): 24.1, 90th(ms): 39.8, 95th(ms): 50.3, 99th(ms): 60.8, 99.9th(ms): 62.9, Max(ms): 62.9
[Current] PAYMENT - Takes(s): 10.0, Count: 2908, TPM: 17454.6, Sum(ms): 96601.2, Avg(ms): 33.2, 50th(ms): 32.5, 90th(ms): 44.0, 95th(ms): 50.3, 99th(ms): 65.0, 99.9th(ms): 96.5, Max(ms): 125.8
[Current] STOCK_LEVEL - Takes(s): 10.0, Count: 260, TPM: 1561.3, Sum(ms): 8474.2, Avg(ms): 32.6, 50th(ms): 31.5, 90th(ms): 48.2, 95th(ms): 52.4, 99th(ms): 60.8, 99.9th(ms): 92.3, Max(ms): 92.3
[Current] DELIVERY - Takes(s): 10.0, Count: 262, TPM: 1577.0, Sum(ms): 38860.3, Avg(ms): 148.3, 50th(ms): 151.0, 90th(ms): 176.2, 95th(ms): 192.9, 99th(ms): 218.1, 99.9th(ms): 402.7, Max(ms): 402.7
[Current] NEW_ORDER - Takes(s): 10.0, Count: 3070, TPM: 18426.1, Sum(ms): 161610.2, Avg(ms): 52.7, 50th(ms): 52.4, 90th(ms): 67.1, 95th(ms): 75.5, 99th(ms): 88.1, 99.9th(ms): 121.6, Max(ms): 142.6
[Current] ORDER_STATUS - Takes(s): 10.0, Count: 307, TPM: 1846.2, Sum(ms): 7989.5, Avg(ms): 26.0, 50th(ms): 24.1, 90th(ms): 41.9, 95th(ms): 50.3, 99th(ms): 56.6, 99.9th(ms): 71.3, Max(ms): 71.3
[Current] PAYMENT - Takes(s): 10.0, Count: 2906, TPM: 17436.9, Sum(ms): 96109.6, Avg(ms): 33.1, 50th(ms): 31.5, 90th(ms): 44.0, 95th(ms): 50.3, 99th(ms): 71.3, 99.9th(ms): 92.3, Max(ms): 96.5
[Current] STOCK_LEVEL - Takes(s): 10.0, Count: 254, TPM: 1527.5, Sum(ms): 7955.4, Avg(ms): 31.4, 50th(ms): 30.4, 90th(ms): 46.1, 95th(ms): 52.4, 99th(ms): 60.8, 99.9th(ms): 67.1, Max(ms): 67.1
[Current] DELIVERY - Takes(s): 9.9, Count: 272, TPM: 1643.6, Sum(ms): 40867.7, Avg(ms): 150.4, 50th(ms): 151.0, 90th(ms): 184.5, 95th(ms): 192.9, 99th(ms): 218.1, 99.9th(ms): 268.4, Max(ms): 268.4
[Current] NEW_ORDER - Takes(s): 10.0, Count: 3000, TPM: 18002.0, Sum(ms): 161844.4, Avg(ms): 53.9, 50th(ms): 54.5, 90th(ms): 71.3, 95th(ms): 75.5, 99th(ms): 88.1, 99.9th(ms): 109.1, Max(ms): 121.6
[Current] ORDER_STATUS - Takes(s): 10.0, Count: 230, TPM: 1384.4, Sum(ms): 5927.5, Avg(ms): 25.8, 50th(ms): 24.1, 90th(ms): 41.9, 95th(ms): 48.2, 99th(ms): 60.8, 99.9th(ms): 67.1, Max(ms): 67.1
[Current] PAYMENT - Takes(s): 10.0, Count: 2804, TPM: 16839.3, Sum(ms): 94149.6, Avg(ms): 33.6, 50th(ms): 32.5, 90th(ms): 44.0, 95th(ms): 50.3, 99th(ms): 65.0, 99.9th(ms): 88.1, Max(ms): 104.9
[Current] STOCK_LEVEL - Takes(s): 10.0, Count: 243, TPM: 1461.6, Sum(ms): 9952.1, Avg(ms): 41.0, 50th(ms): 33.6, 90th(ms): 83.9, 95th(ms): 104.9, 99th(ms): 142.6, 99.9th(ms): 151.0, Max(ms): 151.0
[Current] DELIVERY - Takes(s): 9.9, Count: 264, TPM: 1595.2, Sum(ms): 40096.9, Avg(ms): 151.9, 50th(ms): 151.0, 90th(ms): 192.9, 95th(ms): 209.7, 99th(ms): 260.0, 99.9th(ms): 285.2, Max(ms): 285.2
[Current] NEW_ORDER - Takes(s): 10.0, Count: 2956, TPM: 17736.6, Sum(ms): 160542.0, Avg(ms): 54.3, 50th(ms): 54.5, 90th(ms): 71.3, 95th(ms): 75.5, 99th(ms): 92.3, 99.9th(ms): 125.8, Max(ms): 151.0
[Current] ORDER_STATUS - Takes(s): 10.0, Count: 254, TPM: 1527.3, Sum(ms): 6497.6, Avg(ms): 25.6, 50th(ms): 24.1, 90th(ms): 39.8, 95th(ms): 41.9, 99th(ms): 50.3, 99.9th(ms): 56.6, Max(ms): 56.6
[Current] PAYMENT - Takes(s): 10.0, Count: 2802, TPM: 16818.8, Sum(ms): 95024.6, Avg(ms): 33.9, 50th(ms): 32.5, 90th(ms): 44.0, 95th(ms): 50.3, 99th(ms): 71.3, 99.9th(ms): 88.1, Max(ms): 96.5
[Current] STOCK_LEVEL - Takes(s): 9.9, Count: 262, TPM: 1582.4, Sum(ms): 10680.6, Avg(ms): 40.8, 50th(ms): 32.5, 90th(ms): 75.5, 95th(ms): 104.9, 99th(ms): 142.6, 99.9th(ms): 192.9, Max(ms): 192.9
[Current] DELIVERY - Takes(s): 10.0, Count: 242, TPM: 1453.7, Sum(ms): 37739.2, Avg(ms): 155.7, 50th(ms): 159.4, 90th(ms): 192.9, 95th(ms): 209.7, 99th(ms): 251.7, 99.9th(ms): 268.4, Max(ms): 268.4
[Current] NEW_ORDER - Takes(s): 10.0, Count: 2905, TPM: 17443.7, Sum(ms): 161104.5, Avg(ms): 55.5, 50th(ms): 54.5, 90th(ms): 71.3, 95th(ms): 79.7, 99th(ms): 96.5, 99.9th(ms): 109.1, Max(ms): 134.2
[Current] ORDER_STATUS - Takes(s): 10.0, Count: 248, TPM: 1494.5, Sum(ms): 6387.7, Avg(ms): 25.8, 50th(ms): 24.1, 90th(ms): 39.8, 95th(ms): 48.2, 99th(ms): 56.6, 99.9th(ms): 65.0, Max(ms): 65.0
[Current] PAYMENT - Takes(s): 10.0, Count: 2796, TPM: 16778.1, Sum(ms): 96806.4, Avg(ms): 34.6, 50th(ms): 33.6, 90th(ms): 46.1, 95th(ms): 54.5, 99th(ms): 71.3, 99.9th(ms): 88.1, Max(ms): 113.2
[Current] STOCK_LEVEL - Takes(s): 10.0, Count: 281, TPM: 1691.6, Sum(ms): 11020.0, Avg(ms): 39.2, 50th(ms): 30.4, 90th(ms): 83.9, 95th(ms): 109.1, 99th(ms): 142.6, 99.9th(ms): 201.3, Max(ms): 201.3
[Current] DELIVERY - Takes(s): 10.0, Count: 257, TPM: 1545.4, Sum(ms): 40106.4, Avg(ms): 156.4, 50th(ms): 159.4, 90th(ms): 184.5, 95th(ms): 201.3, 99th(ms): 260.0, 99.9th(ms): 302.0, Max(ms): 302.0
[Current] NEW_ORDER - Takes(s): 10.0, Count: 2995, TPM: 17979.8, Sum(ms): 163102.3, Avg(ms): 54.5, 50th(ms): 54.5, 90th(ms): 71.3, 95th(ms): 75.5, 99th(ms): 88.1, 99.9th(ms): 109.1, Max(ms): 125.8
[Current] ORDER_STATUS - Takes(s): 10.0, Count: 255, TPM: 1533.3, Sum(ms): 6665.6, Avg(ms): 26.2, 50th(ms): 24.1, 90th(ms): 44.0, 95th(ms): 50.3, 99th(ms): 58.7, 99.9th(ms): 67.1, Max(ms): 67.1
[Current] PAYMENT - Takes(s): 10.0, Count: 2749, TPM: 16495.0, Sum(ms): 93493.8, Avg(ms): 34.0, 50th(ms): 32.5, 90th(ms): 44.0, 95th(ms): 50.3, 99th(ms): 67.1, 99.9th(ms): 75.5, Max(ms): 96.5
[Current] STOCK_LEVEL - Takes(s): 10.0, Count: 241, TPM: 1452.3, Sum(ms): 9773.8, Avg(ms): 40.6, 50th(ms): 31.5, 90th(ms): 83.9, 95th(ms): 100.7, 99th(ms): 142.6, 99.9th(ms): 167.8, Max(ms): 167.8
[Current] DELIVERY - Takes(s): 10.0, Count: 285, TPM: 1711.9, Sum(ms): 42843.5, Avg(ms): 150.5, 50th(ms): 151.0, 90th(ms): 192.9, 95th(ms): 218.1, 99th(ms): 260.0, 99.9th(ms): 352.3, Max(ms): 352.3
[Current] NEW_ORDER - Takes(s): 10.0, Count: 2984, TPM: 17910.0, Sum(ms): 160569.9, Avg(ms): 53.8, 50th(ms): 52.4, 90th(ms): 71.3, 95th(ms): 79.7, 99th(ms): 92.3, 99.9th(ms): 113.2, Max(ms): 121.6
[Current] ORDER_STATUS - Takes(s): 10.0, Count: 266, TPM: 1600.9, Sum(ms): 6623.6, Avg(ms): 24.9, 50th(ms): 23.1, 90th(ms): 39.8, 95th(ms): 46.1, 99th(ms): 56.6, 99.9th(ms): 60.8, Max(ms): 60.8
[Current] PAYMENT - Takes(s): 10.0, Count: 2788, TPM: 16732.7, Sum(ms): 93525.9, Avg(ms): 33.6, 50th(ms): 32.5, 90th(ms): 46.1, 95th(ms): 52.4, 99th(ms): 71.3, 99.9th(ms): 83.9, Max(ms): 88.1
[Current] STOCK_LEVEL - Takes(s): 10.0, Count: 255, TPM: 1535.5, Sum(ms): 9375.7, Avg(ms): 36.8, 50th(ms): 31.5, 90th(ms): 60.8, 95th(ms): 79.7, 99th(ms): 121.6, 99.9th(ms): 209.7, Max(ms): 209.7
[Current] DELIVERY - Takes(s): 9.9, Count: 248, TPM: 1508.6, Sum(ms): 38120.6, Avg(ms): 153.9, 50th(ms): 159.4, 90th(ms): 192.9, 95th(ms): 209.7, 99th(ms): 302.0, 99.9th(ms): 335.5, Max(ms): 335.5
[Current] NEW_ORDER - Takes(s): 10.0, Count: 2966, TPM: 17808.4, Sum(ms): 162978.7, Avg(ms): 54.9, 50th(ms): 54.5, 90th(ms): 71.3, 95th(ms): 79.7, 99th(ms): 96.5, 99.9th(ms): 151.0, Max(ms): 167.8
[Current] ORDER_STATUS - Takes(s): 10.0, Count: 264, TPM: 1586.1, Sum(ms): 7069.9, Avg(ms): 26.8, 50th(ms): 24.1, 90th(ms): 46.1, 95th(ms): 52.4, 99th(ms): 71.3, 99.9th(ms): 88.1, Max(ms): 88.1
[Current] PAYMENT - Takes(s): 10.0, Count: 2840, TPM: 17040.4, Sum(ms): 96055.5, Avg(ms): 33.8, 50th(ms): 32.5, 90th(ms): 46.1, 95th(ms): 50.3, 99th(ms): 71.3, 99.9th(ms): 96.5, Max(ms): 104.9
[Current] STOCK_LEVEL - Takes(s): 10.0, Count: 254, TPM: 1525.9, Sum(ms): 8508.3, Avg(ms): 33.5, 50th(ms): 31.5, 90th(ms): 50.3, 95th(ms): 58.7, 99th(ms): 83.9, 99.9th(ms): 113.2, Max(ms): 113.2
[Current] DELIVERY - Takes(s): 10.0, Count: 264, TPM: 1588.9, Sum(ms): 39107.4, Avg(ms): 148.2, 50th(ms): 151.0, 90th(ms): 176.2, 95th(ms): 192.9, 99th(ms): 201.3, 99.9th(ms): 302.0, Max(ms): 302.0
[Current] NEW_ORDER - Takes(s): 10.0, Count: 3074, TPM: 18450.5, Sum(ms): 162511.1, Avg(ms): 52.9, 50th(ms): 52.4, 90th(ms): 67.1, 95th(ms): 71.3, 99th(ms): 88.1, 99.9th(ms): 104.9, Max(ms): 125.8
[Current] ORDER_STATUS - Takes(s): 10.0, Count: 265, TPM: 1590.1, Sum(ms): 6433.5, Avg(ms): 24.3, 50th(ms): 22.0, 90th(ms): 39.8, 95th(ms): 46.1, 99th(ms): 52.4, 99.9th(ms): 56.6, Max(ms): 56.6
[Current] PAYMENT - Takes(s): 10.0, Count: 2927, TPM: 17567.9, Sum(ms): 96451.0, Avg(ms): 33.0, 50th(ms): 31.5, 90th(ms): 44.0, 95th(ms): 50.3, 99th(ms): 71.3, 99.9th(ms): 88.1, Max(ms): 109.1
[Current] STOCK_LEVEL - Takes(s): 10.0, Count: 258, TPM: 1554.0, Sum(ms): 8160.2, Avg(ms): 31.7, 50th(ms): 28.3, 90th(ms): 44.0, 95th(ms): 54.5, 99th(ms): 113.2, 99.9th(ms): 159.4, Max(ms): 159.4
[Current] DELIVERY - Takes(s): 10.0, Count: 266, TPM: 1603.9, Sum(ms): 38724.0, Avg(ms): 145.9, 50th(ms): 142.6, 90th(ms): 176.2, 95th(ms): 201.3, 99th(ms): 285.2, 99.9th(ms): 318.8, Max(ms): 318.8
[Current] NEW_ORDER - Takes(s): 10.0, Count: 3073, TPM: 18438.4, Sum(ms): 163369.6, Avg(ms): 53.2, 50th(ms): 52.4, 90th(ms): 67.1, 95th(ms): 75.5, 99th(ms): 92.3, 99.9th(ms): 113.2, Max(ms): 142.6
[Current] ORDER_STATUS - Takes(s): 10.0, Count: 276, TPM: 1662.1, Sum(ms): 7040.7, Avg(ms): 25.5, 50th(ms): 23.1, 90th(ms): 44.0, 95th(ms): 50.3, 99th(ms): 56.6, 99.9th(ms): 60.8, Max(ms): 60.8
[Current] PAYMENT - Takes(s): 10.0, Count: 2869, TPM: 17224.8, Sum(ms): 93631.6, Avg(ms): 32.7, 50th(ms): 31.5, 90th(ms): 41.9, 95th(ms): 48.2, 99th(ms): 65.0, 99.9th(ms): 83.9, Max(ms): 100.7
[Current] STOCK_LEVEL - Takes(s): 9.9, Count: 279, TPM: 1689.3, Sum(ms): 9521.3, Avg(ms): 34.1, 50th(ms): 30.4, 90th(ms): 52.4, 95th(ms): 67.1, 99th(ms): 96.5, 99.9th(ms): 159.4, Max(ms): 159.4
[Current] DELIVERY - Takes(s): 10.0, Count: 277, TPM: 1666.1, Sum(ms): 42331.9, Avg(ms): 152.8, 50th(ms): 151.0, 90th(ms): 192.9, 95th(ms): 201.3, 99th(ms): 226.5, 99.9th(ms): 318.8, Max(ms): 318.8
[Current] NEW_ORDER - Takes(s): 10.0, Count: 2963, TPM: 17782.7, Sum(ms): 162023.0, Avg(ms): 54.7, 50th(ms): 54.5, 90th(ms): 71.3, 95th(ms): 75.5, 99th(ms): 88.1, 99.9th(ms): 109.1, Max(ms): 117.4
[Current] ORDER_STATUS - Takes(s): 10.0, Count: 224, TPM: 1347.3, Sum(ms): 5838.7, Avg(ms): 26.1, 50th(ms): 24.1, 90th(ms): 44.0, 95th(ms): 50.3, 99th(ms): 58.7, 99.9th(ms): 71.3, Max(ms): 71.3
[Current] PAYMENT - Takes(s): 10.0, Count: 2767, TPM: 16609.9, Sum(ms): 94384.0, Avg(ms): 34.1, 50th(ms): 32.5, 90th(ms): 46.1, 95th(ms): 52.4, 99th(ms): 67.1, 99.9th(ms): 88.1, Max(ms): 100.7
[Current] STOCK_LEVEL - Takes(s): 10.0, Count: 234, TPM: 1404.9, Sum(ms): 7892.2, Avg(ms): 33.8, 50th(ms): 32.5, 90th(ms): 48.2, 95th(ms): 54.5, 99th(ms): 79.7, 99.9th(ms): 96.5, Max(ms): 96.5
[Current] DELIVERY - Takes(s): 10.0, Count: 275, TPM: 1654.7, Sum(ms): 39220.4, Avg(ms): 142.5, 50th(ms): 142.6, 90th(ms): 176.2, 95th(ms): 192.9, 99th(ms): 243.3, 99.9th(ms): 385.9, Max(ms): 385.9
[Current] NEW_ORDER - Takes(s): 10.0, Count: 3193, TPM: 19166.2, Sum(ms): 163761.0, Avg(ms): 51.3, 50th(ms): 50.3, 90th(ms): 65.0, 95th(ms): 71.3, 99th(ms): 88.1, 99.9th(ms): 109.1, Max(ms): 117.4
[Current] ORDER_STATUS - Takes(s): 9.9, Count: 286, TPM: 1736.4, Sum(ms): 7163.5, Avg(ms): 25.0, 50th(ms): 23.1, 90th(ms): 41.9, 95th(ms): 46.1, 99th(ms): 56.6, 99.9th(ms): 75.5, Max(ms): 75.5
[Current] PAYMENT - Takes(s): 10.0, Count: 2942, TPM: 17654.0, Sum(ms): 94119.6, Avg(ms): 32.0, 50th(ms): 30.4, 90th(ms): 41.9, 95th(ms): 48.2, 99th(ms): 62.9, 99.9th(ms): 92.3, Max(ms): 113.2
[Current] STOCK_LEVEL - Takes(s): 10.0, Count: 290, TPM: 1741.1, Sum(ms): 8462.3, Avg(ms): 29.2, 50th(ms): 27.3, 90th(ms): 44.0, 95th(ms): 48.2, 99th(ms): 56.6, 99.9th(ms): 79.7, Max(ms): 79.7
[Current] DELIVERY - Takes(s): 10.0, Count: 280, TPM: 1683.2, Sum(ms): 38979.2, Avg(ms): 139.3, 50th(ms): 142.6, 90th(ms): 167.8, 95th(ms): 176.2, 99th(ms): 192.9, 99.9th(ms): 285.2, Max(ms): 285.2
[Current] NEW_ORDER - Takes(s): 10.0, Count: 3178, TPM: 19092.8, Sum(ms): 161603.6, Avg(ms): 50.9, 50th(ms): 50.3, 90th(ms): 62.9, 95th(ms): 71.3, 99th(ms): 83.9, 99.9th(ms): 104.9, Max(ms): 117.4
[Current] ORDER_STATUS - Takes(s): 9.9, Count: 253, TPM: 1534.4, Sum(ms): 6187.9, Avg(ms): 24.5, 50th(ms): 22.0, 90th(ms): 37.7, 95th(ms): 41.9, 99th(ms): 54.5, 99.9th(ms): 65.0, Max(ms): 65.0
[Current] PAYMENT - Takes(s): 10.0, Count: 3060, TPM: 18372.1, Sum(ms): 96173.5, Avg(ms): 31.4, 50th(ms): 30.4, 90th(ms): 41.9, 95th(ms): 46.1, 99th(ms): 62.9, 99.9th(ms): 83.9, Max(ms): 92.3
[Current] STOCK_LEVEL - Takes(s): 10.0, Count: 319, TPM: 1916.7, Sum(ms): 9107.4, Avg(ms): 28.6, 50th(ms): 28.3, 90th(ms): 39.8, 95th(ms): 44.0, 99th(ms): 50.3, 99.9th(ms): 54.5, Max(ms): 54.5
[Current] DELIVERY - Takes(s): 10.0, Count: 272, TPM: 1635.0, Sum(ms): 40696.1, Avg(ms): 149.6, 50th(ms): 151.0, 90th(ms): 184.5, 95th(ms): 184.5, 99th(ms): 251.7, 99.9th(ms): 260.0, Max(ms): 260.0
[Current] NEW_ORDER - Takes(s): 10.0, Count: 2973, TPM: 17845.3, Sum(ms): 157239.1, Avg(ms): 52.9, 50th(ms): 52.4, 90th(ms): 67.1, 95th(ms): 71.3, 99th(ms): 92.3, 99.9th(ms): 125.8, Max(ms): 151.0
[Current] ORDER_STATUS - Takes(s): 10.0, Count: 261, TPM: 1572.2, Sum(ms): 6767.6, Avg(ms): 26.0, 50th(ms): 25.2, 90th(ms): 41.9, 95th(ms): 44.0, 99th(ms): 50.3, 99.9th(ms): 54.5, Max(ms): 54.5
[Current] PAYMENT - Takes(s): 10.0, Count: 3011, TPM: 18067.7, Sum(ms): 99854.0, Avg(ms): 33.2, 50th(ms): 31.5, 90th(ms): 44.0, 95th(ms): 52.4, 99th(ms): 71.3, 99.9th(ms): 92.3, Max(ms): 104.9
[Current] STOCK_LEVEL - Takes(s): 10.0, Count: 288, TPM: 1730.1, Sum(ms): 8042.7, Avg(ms): 28.0, 50th(ms): 27.3, 90th(ms): 37.7, 95th(ms): 41.9, 99th(ms): 48.2, 99.9th(ms): 52.4, Max(ms): 52.4
[Current] DELIVERY - Takes(s): 9.9, Count: 236, TPM: 1428.3, Sum(ms): 36145.9, Avg(ms): 153.0, 50th(ms): 151.0, 90th(ms): 184.5, 95th(ms): 201.3, 99th(ms): 243.3, 99.9th(ms): 260.0, Max(ms): 260.0
[Current] NEW_ORDER - Takes(s): 10.0, Count: 3029, TPM: 18176.0, Sum(ms): 163454.7, Avg(ms): 54.0, 50th(ms): 54.5, 90th(ms): 71.3, 95th(ms): 75.5, 99th(ms): 92.3, 99.9th(ms): 125.8, Max(ms): 130.0
[Current] ORDER_STATUS - Takes(s): 10.0, Count: 253, TPM: 1520.0, Sum(ms): 6988.9, Avg(ms): 27.6, 50th(ms): 25.2, 90th(ms): 41.9, 95th(ms): 50.3, 99th(ms): 56.6, 99.9th(ms): 71.3, Max(ms): 71.3
[Current] PAYMENT - Takes(s): 10.0, Count: 2864, TPM: 17187.8, Sum(ms): 97257.8, Avg(ms): 34.0, 50th(ms): 32.5, 90th(ms): 44.0, 95th(ms): 52.4, 99th(ms): 75.5, 99.9th(ms): 96.5, Max(ms): 121.6
[Current] STOCK_LEVEL - Takes(s): 10.0, Count: 290, TPM: 1743.8, Sum(ms): 8457.4, Avg(ms): 29.2, 50th(ms): 28.3, 90th(ms): 41.9, 95th(ms): 46.1, 99th(ms): 56.6, 99.9th(ms): 96.5, Max(ms): 96.5
[Current] DELIVERY - Takes(s): 9.9, Count: 256, TPM: 1550.0, Sum(ms): 39390.0, Avg(ms): 153.9, 50th(ms): 151.0, 90th(ms): 201.3, 95th(ms): 226.5, 99th(ms): 260.0, 99.9th(ms): 302.0, Max(ms): 302.0
[Current] NEW_ORDER - Takes(s): 10.0, Count: 2829, TPM: 16987.3, Sum(ms): 162042.5, Avg(ms): 57.3, 50th(ms): 56.6, 90th(ms): 75.5, 95th(ms): 83.9, 99th(ms): 104.9, 99.9th(ms): 130.0, Max(ms): 151.0
[Current] ORDER_STATUS - Takes(s): 10.0, Count: 239, TPM: 1437.3, Sum(ms): 6579.0, Avg(ms): 27.5, 50th(ms): 25.2, 90th(ms): 44.0, 95th(ms): 52.4, 99th(ms): 67.1, 99.9th(ms): 104.9, Max(ms): 104.9
[Current] PAYMENT - Takes(s): 10.0, Count: 2572, TPM: 15432.9, Sum(ms): 88449.8, Avg(ms): 34.4, 50th(ms): 33.6, 90th(ms): 46.1, 95th(ms): 54.5, 99th(ms): 71.3, 99.9th(ms): 83.9, Max(ms): 109.1
[Current] STOCK_LEVEL - Takes(s): 10.0, Count: 250, TPM: 1504.6, Sum(ms): 16307.1, Avg(ms): 65.2, 50th(ms): 35.7, 90th(ms): 159.4, 95th(ms): 268.4, 99th(ms): 436.2, 99.9th(ms): 486.5, Max(ms): 486.5
[Current] DELIVERY - Takes(s): 9.9, Count: 226, TPM: 1370.9, Sum(ms): 37463.3, Avg(ms): 165.6, 50th(ms): 167.8, 90th(ms): 209.7, 95th(ms): 226.5, 99th(ms): 285.2, 99.9th(ms): 419.4, Max(ms): 419.4
[Current] NEW_ORDER - Takes(s): 10.0, Count: 2819, TPM: 16915.1, Sum(ms): 163164.5, Avg(ms): 57.9, 50th(ms): 56.6, 90th(ms): 75.5, 95th(ms): 83.9, 99th(ms): 100.7, 99.9th(ms): 117.4, Max(ms): 142.6
[Current] ORDER_STATUS - Takes(s): 10.0, Count: 265, TPM: 1591.3, Sum(ms): 7308.1, Avg(ms): 27.6, 50th(ms): 25.2, 90th(ms): 44.0, 95th(ms): 54.5, 99th(ms): 65.0, 99.9th(ms): 71.3, Max(ms): 71.3
[Current] PAYMENT - Takes(s): 10.0, Count: 2603, TPM: 15620.9, Sum(ms): 94292.1, Avg(ms): 36.2, 50th(ms): 35.7, 90th(ms): 48.2, 95th(ms): 54.5, 99th(ms): 71.3, 99.9th(ms): 88.1, Max(ms): 113.2
[Current] STOCK_LEVEL - Takes(s): 10.0, Count: 249, TPM: 1494.5, Sum(ms): 10816.3, Avg(ms): 43.4, 50th(ms): 35.7, 90th(ms): 62.9, 95th(ms): 104.9, 99th(ms): 209.7, 99.9th(ms): 335.5, Max(ms): 335.5
[Current] DELIVERY - Takes(s): 10.0, Count: 240, TPM: 1440.6, Sum(ms): 39203.0, Avg(ms): 163.8, 50th(ms): 167.8, 90th(ms): 201.3, 95th(ms): 243.3, 99th(ms): 268.4, 99.9th(ms): 369.1, Max(ms): 369.1
[Current] NEW_ORDER - Takes(s): 10.0, Count: 2758, TPM: 16554.3, Sum(ms): 161773.2, Avg(ms): 58.7, 50th(ms): 58.7, 90th(ms): 75.5, 95th(ms): 83.9, 99th(ms): 100.7, 99.9th(ms): 130.0, Max(ms): 151.0
[Current] ORDER_STATUS - Takes(s): 10.0, Count: 242, TPM: 1454.3, Sum(ms): 6836.3, Avg(ms): 28.2, 50th(ms): 26.2, 90th(ms): 41.9, 95th(ms): 48.2, 99th(ms): 62.9, 99.9th(ms): 71.3, Max(ms): 71.3
[Current] PAYMENT - Takes(s): 10.0, Count: 2586, TPM: 15524.6, Sum(ms): 93682.3, Avg(ms): 36.2, 50th(ms): 35.7, 90th(ms): 48.2, 95th(ms): 56.6, 99th(ms): 75.5, 99.9th(ms): 100.7, Max(ms): 134.2
[Current] STOCK_LEVEL - Takes(s): 10.0, Count: 260, TPM: 1565.1, Sum(ms): 11578.3, Avg(ms): 44.6, 50th(ms): 39.8, 90th(ms): 75.5, 95th(ms): 92.3, 99th(ms): 117.4, 99.9th(ms): 151.0, Max(ms): 151.0
[Current] DELIVERY - Takes(s): 10.0, Count: 252, TPM: 1513.5, Sum(ms): 39873.5, Avg(ms): 158.2, 50th(ms): 159.4, 90th(ms): 192.9, 95th(ms): 209.7, 99th(ms): 268.4, 99.9th(ms): 318.8, Max(ms): 318.8
[Current] NEW_ORDER - Takes(s): 10.0, Count: 2812, TPM: 16872.5, Sum(ms): 158806.6, Avg(ms): 56.5, 50th(ms): 56.6, 90th(ms): 75.5, 95th(ms): 79.7, 99th(ms): 96.5, 99.9th(ms): 134.2, Max(ms): 184.5
[Current] ORDER_STATUS - Takes(s): 10.0, Count: 251, TPM: 1507.6, Sum(ms): 6543.0, Avg(ms): 26.1, 50th(ms): 24.1, 90th(ms): 41.9, 95th(ms): 46.1, 99th(ms): 54.5, 99.9th(ms): 65.0, Max(ms): 65.0
[Current] PAYMENT - Takes(s): 10.0, Count: 2764, TPM: 16586.6, Sum(ms): 96246.4, Avg(ms): 34.8, 50th(ms): 33.6, 90th(ms): 46.1, 95th(ms): 54.5, 99th(ms): 71.3, 99.9th(ms): 96.5, Max(ms): 121.6
[Current] STOCK_LEVEL - Takes(s): 10.0, Count: 247, TPM: 1483.7, Sum(ms): 10928.0, Avg(ms): 44.3, 50th(ms): 39.8, 90th(ms): 71.3, 95th(ms): 79.7, 99th(ms): 184.5, 99.9th(ms): 234.9, Max(ms): 234.9
[Current] DELIVERY - Takes(s): 10.0, Count: 258, TPM: 1548.1, Sum(ms): 39452.5, Avg(ms): 153.1, 50th(ms): 151.0, 90th(ms): 201.3, 95th(ms): 209.7, 99th(ms): 243.3, 99.9th(ms): 335.5, Max(ms): 335.5
[Current] NEW_ORDER - Takes(s): 10.0, Count: 2734, TPM: 16405.2, Sum(ms): 157283.8, Avg(ms): 57.6, 50th(ms): 56.6, 90th(ms): 75.5, 95th(ms): 83.9, 99th(ms): 96.5, 99.9th(ms): 117.4, Max(ms): 125.8
[Current] ORDER_STATUS - Takes(s): 10.0, Count: 264, TPM: 1584.9, Sum(ms): 6952.5, Avg(ms): 26.4, 50th(ms): 25.2, 90th(ms): 41.9, 95th(ms): 48.2, 99th(ms): 54.5, 99.9th(ms): 62.9, Max(ms): 62.9
[Current] PAYMENT - Takes(s): 10.0, Count: 2739, TPM: 16435.4, Sum(ms): 94506.4, Avg(ms): 34.5, 50th(ms): 33.6, 90th(ms): 46.1, 95th(ms): 52.4, 99th(ms): 71.3, 99.9th(ms): 92.3, Max(ms): 109.1
[Current] STOCK_LEVEL - Takes(s): 9.9, Count: 244, TPM: 1481.5, Sum(ms): 15198.4, Avg(ms): 62.3, 50th(ms): 46.1, 90th(ms): 130.0, 95th(ms): 201.3, 99th(ms): 285.2, 99.9th(ms): 335.5, Max(ms): 335.5
[Current] DELIVERY - Takes(s): 9.9, Count: 299, TPM: 1807.0, Sum(ms): 42923.3, Avg(ms): 143.6, 50th(ms): 142.6, 90th(ms): 192.9, 95th(ms): 201.3, 99th(ms): 268.4, 99.9th(ms): 369.1, Max(ms): 369.1
[Current] NEW_ORDER - Takes(s): 10.0, Count: 2939, TPM: 17635.4, Sum(ms): 156513.9, Avg(ms): 53.3, 50th(ms): 52.4, 90th(ms): 71.3, 95th(ms): 79.7, 99th(ms): 96.5, 99.9th(ms): 125.8, Max(ms): 142.6
[Current] ORDER_STATUS - Takes(s): 10.0, Count: 265, TPM: 1592.3, Sum(ms): 6707.2, Avg(ms): 25.3, 50th(ms): 23.1, 90th(ms): 41.9, 95th(ms): 46.1, 99th(ms): 56.6, 99.9th(ms): 65.0, Max(ms): 65.0
[Current] PAYMENT - Takes(s): 10.0, Count: 2806, TPM: 16837.9, Sum(ms): 91747.7, Avg(ms): 32.7, 50th(ms): 31.5, 90th(ms): 46.1, 95th(ms): 52.4, 99th(ms): 67.1, 99.9th(ms): 96.5, Max(ms): 113.2
[Current] STOCK_LEVEL - Takes(s): 10.0, Count: 276, TPM: 1657.5, Sum(ms): 14315.7, Avg(ms): 51.9, 50th(ms): 39.8, 90th(ms): 92.3, 95th(ms): 117.4, 99th(ms): 218.1, 99.9th(ms): 285.2, Max(ms): 285.2
[Current] DELIVERY - Takes(s): 10.0, Count: 265, TPM: 1590.3, Sum(ms): 35774.8, Avg(ms): 135.2, 50th(ms): 134.2, 90th(ms): 167.8, 95th(ms): 176.2, 99th(ms): 226.5, 99.9th(ms): 285.2, Max(ms): 285.2
[Current] NEW_ORDER - Takes(s): 10.0, Count: 3252, TPM: 19512.1, Sum(ms): 165259.9, Avg(ms): 50.8, 50th(ms): 50.3, 90th(ms): 65.0, 95th(ms): 71.3, 99th(ms): 83.9, 99.9th(ms): 109.1, Max(ms): 117.4
[Current] ORDER_STATUS - Takes(s): 10.0, Count: 271, TPM: 1631.1, Sum(ms): 6635.8, Avg(ms): 24.5, 50th(ms): 23.1, 90th(ms): 39.8, 95th(ms): 44.0, 99th(ms): 52.4, 99.9th(ms): 56.6, Max(ms): 56.6
[Current] PAYMENT - Takes(s): 10.0, Count: 3045, TPM: 18275.2, Sum(ms): 94194.0, Avg(ms): 31.0, 50th(ms): 30.4, 90th(ms): 39.8, 95th(ms): 46.1, 99th(ms): 60.8, 99.9th(ms): 88.1, Max(ms): 104.9
[Current] STOCK_LEVEL - Takes(s): 9.9, Count: 277, TPM: 1676.5, Sum(ms): 10558.6, Avg(ms): 38.1, 50th(ms): 35.7, 90th(ms): 56.6, 95th(ms): 67.1, 99th(ms): 88.1, 99.9th(ms): 117.4, Max(ms): 117.4
Finished
[Summary] DELIVERY - Takes(s): 599.9, Count: 15847, TPM: 1585.1, Sum(ms): 2349428.2, Avg(ms): 148.3, 50th(ms): 151.0, 90th(ms): 192.9, 95th(ms): 209.7, 99th(ms): 260.0, 99.9th(ms): 335.5, Max(ms): 419.4
[Summary] NEW_ORDER - Takes(s): 600.0, Count: 180660, TPM: 18067.0, Sum(ms): 9697013.0, Avg(ms): 53.7, 50th(ms): 52.4, 90th(ms): 71.3, 95th(ms): 75.5, 99th(ms): 92.3, 99.9th(ms): 121.6, Max(ms): 184.5
[Summary] ORDER_STATUS - Takes(s): 600.0, Count: 15805, TPM: 1580.5, Sum(ms): 405654.5, Avg(ms): 25.7, 50th(ms): 23.1, 90th(ms): 41.9, 95th(ms): 48.2, 99th(ms): 60.8, 99.9th(ms): 71.3, Max(ms): 104.9
[Summary] PAYMENT - Takes(s): 600.0, Count: 171393, TPM: 17139.5, Sum(ms): 5692876.5, Avg(ms): 33.2, 50th(ms): 31.5, 90th(ms): 44.0, 95th(ms): 52.4, 99th(ms): 71.3, 99.9th(ms): 92.3, Max(ms): 142.6
[Summary] STOCK_LEVEL - Takes(s): 599.9, Count: 15834, TPM: 1583.6, Sum(ms): 614880.6, Avg(ms): 38.8, 50th(ms): 33.6, 90th(ms): 56.6, 95th(ms): 79.7, 99th(ms): 159.4, 99.9th(ms): 318.8, Max(ms): 486.5
tpmC: 18067.0, tpmTotal: 39955.7, efficiency: 1097.6%
