2026/04/28 09:05:00 maxprocs: Leaving GOMAXPROCS=4: CPU quota undefined
[Current] DELIVERY - Takes(s): 9.9, Count: 204, TPM: 1238.4, Sum(ms): 17987.7, Avg(ms): 88.1, 50th(ms): 88.1, 90th(ms): 100.7, 95th(ms): 109.1, 99th(ms): 121.6, 99.9th(ms): 151.0, Max(ms): 151.0
[Current] NEW_ORDER - Takes(s): 9.9, Count: 2380, TPM: 14382.6, Sum(ms): 82699.7, Avg(ms): 34.7, 50th(ms): 35.7, 90th(ms): 41.9, 95th(ms): 46.1, 99th(ms): 52.4, 99.9th(ms): 60.8, Max(ms): 65.0
[Current] ORDER_STATUS - Takes(s): 9.9, Count: 230, TPM: 1387.7, Sum(ms): 3712.9, Avg(ms): 16.2, 50th(ms): 15.7, 90th(ms): 23.1, 95th(ms): 28.3, 99th(ms): 35.7, 99.9th(ms): 37.7, Max(ms): 37.7
[Current] PAYMENT - Takes(s): 9.9, Count: 2273, TPM: 13717.6, Sum(ms): 45690.2, Avg(ms): 20.1, 50th(ms): 19.9, 90th(ms): 25.2, 95th(ms): 27.3, 99th(ms): 35.7, 99.9th(ms): 56.6, Max(ms): 79.7
[Current] STOCK_LEVEL - Takes(s): 9.8, Count: 219, TPM: 1337.0, Sum(ms): 4783.5, Avg(ms): 21.8, 50th(ms): 21.0, 90th(ms): 29.4, 95th(ms): 33.6, 99th(ms): 52.4, 99.9th(ms): 96.5, Max(ms): 96.5
[Current] DELIVERY - Takes(s): 9.9, Count: 215, TPM: 1298.8, Sum(ms): 18943.5, Avg(ms): 88.0, 50th(ms): 88.1, 90th(ms): 104.9, 95th(ms): 104.9, 99th(ms): 113.2, 99.9th(ms): 167.8, Max(ms): 167.8
[Current] NEW_ORDER - Takes(s): 10.0, Count: 2415, TPM: 14506.0, Sum(ms): 83188.4, Avg(ms): 34.5, 50th(ms): 35.7, 90th(ms): 44.0, 95th(ms): 46.1, 99th(ms): 52.4, 99.9th(ms): 67.1, Max(ms): 71.3
[Current] ORDER_STATUS - Takes(s): 10.0, Count: 210, TPM: 1261.7, Sum(ms): 3287.2, Avg(ms): 15.7, 50th(ms): 15.2, 90th(ms): 19.9, 95th(ms): 26.2, 99th(ms): 35.7, 99.9th(ms): 46.1, Max(ms): 46.1
[Current] PAYMENT - Takes(s): 10.0, Count: 2301, TPM: 13813.2, Sum(ms): 46112.7, Avg(ms): 20.0, 50th(ms): 19.9, 90th(ms): 24.1, 95th(ms): 27.3, 99th(ms): 37.7, 99.9th(ms): 52.4, Max(ms): 71.3
[Current] STOCK_LEVEL - Takes(s): 10.0, Count: 200, TPM: 1201.7, Sum(ms): 4353.5, Avg(ms): 21.7, 50th(ms): 21.0, 90th(ms): 30.4, 95th(ms): 33.6, 99th(ms): 39.8, 99.9th(ms): 54.5, Max(ms): 54.5
[Current] DELIVERY - Takes(s): 10.0, Count: 206, TPM: 1239.5, Sum(ms): 18468.9, Avg(ms): 89.6, 50th(ms): 92.3, 90th(ms): 104.9, 95th(ms): 109.1, 99th(ms): 121.6, 99.9th(ms): 159.4, Max(ms): 159.4
[Current] NEW_ORDER - Takes(s): 10.0, Count: 2365, TPM: 14197.6, Sum(ms): 83397.4, Avg(ms): 35.3, 50th(ms): 35.7, 90th(ms): 44.0, 95th(ms): 46.1, 99th(ms): 54.5, 99.9th(ms): 62.9, Max(ms): 65.0
[Current] ORDER_STATUS - Takes(s): 9.9, Count: 207, TPM: 1249.5, Sum(ms): 3246.7, Avg(ms): 15.7, 50th(ms): 14.7, 90th(ms): 21.0, 95th(ms): 28.3, 99th(ms): 35.7, 99.9th(ms): 50.3, Max(ms): 50.3
[Current] PAYMENT - Takes(s): 10.0, Count: 2204, TPM: 13231.6, Sum(ms): 45291.3, Avg(ms): 20.6, 50th(ms): 21.0, 90th(ms): 25.2, 95th(ms): 27.3, 99th(ms): 35.7, 99.9th(ms): 48.2, Max(ms): 50.3
[Current] STOCK_LEVEL - Takes(s): 10.0, Count: 203, TPM: 1219.0, Sum(ms): 5364.3, Avg(ms): 26.5, 50th(ms): 22.0, 90th(ms): 32.5, 95th(ms): 37.7, 99th(ms): 151.0, 99.9th(ms): 335.5, Max(ms): 335.5
[Current] DELIVERY - Takes(s): 10.0, Count: 231, TPM: 1387.9, Sum(ms): 20247.0, Avg(ms): 87.6, 50th(ms): 88.1, 90th(ms): 100.7, 95th(ms): 104.9, 99th(ms): 113.2, 99.9th(ms): 151.0, Max(ms): 151.0
[Current] NEW_ORDER - Takes(s): 10.0, Count: 2232, TPM: 13398.9, Sum(ms): 77615.4, Avg(ms): 34.8, 50th(ms): 35.7, 90th(ms): 44.0, 95th(ms): 46.1, 99th(ms): 54.5, 99.9th(ms): 67.1, Max(ms): 75.5
[Current] ORDER_STATUS - Takes(s): 10.0, Count: 234, TPM: 1404.6, Sum(ms): 3796.5, Avg(ms): 16.2, 50th(ms): 15.7, 90th(ms): 22.0, 95th(ms): 27.3, 99th(ms): 39.8, 99.9th(ms): 44.0, Max(ms): 44.0
[Current] PAYMENT - Takes(s): 10.0, Count: 2376, TPM: 14262.7, Sum(ms): 48220.6, Avg(ms): 20.3, 50th(ms): 19.9, 90th(ms): 25.2, 95th(ms): 27.3, 99th(ms): 37.7, 99.9th(ms): 58.7, Max(ms): 88.1
[Current] STOCK_LEVEL - Takes(s): 10.0, Count: 213, TPM: 1279.9, Sum(ms): 6214.3, Avg(ms): 29.2, 50th(ms): 22.0, 90th(ms): 32.5, 95th(ms): 79.7, 99th(ms): 226.5, 99.9th(ms): 268.4, Max(ms): 268.4
[Current] DELIVERY - Takes(s): 10.0, Count: 218, TPM: 1311.9, Sum(ms): 19095.1, Avg(ms): 87.5, 50th(ms): 88.1, 90th(ms): 104.9, 95th(ms): 104.9, 99th(ms): 117.4, 99.9th(ms): 134.2, Max(ms): 134.2
[Current] NEW_ORDER - Takes(s): 10.0, Count: 2331, TPM: 13988.7, Sum(ms): 81485.8, Avg(ms): 35.0, 50th(ms): 35.7, 90th(ms): 44.0, 95th(ms): 46.1, 99th(ms): 52.4, 99.9th(ms): 62.9, Max(ms): 75.5
[Current] ORDER_STATUS - Takes(s): 9.9, Count: 227, TPM: 1369.9, Sum(ms): 3618.1, Avg(ms): 16.0, 50th(ms): 15.2, 90th(ms): 21.0, 95th(ms): 26.2, 99th(ms): 37.7, 99.9th(ms): 41.9, Max(ms): 41.9
[Current] PAYMENT - Takes(s): 10.0, Count: 2195, TPM: 13170.8, Sum(ms): 45702.8, Avg(ms): 20.8, 50th(ms): 21.0, 90th(ms): 26.2, 95th(ms): 28.3, 99th(ms): 37.7, 99.9th(ms): 46.1, Max(ms): 50.3
[Current] STOCK_LEVEL - Takes(s): 10.0, Count: 211, TPM: 1266.2, Sum(ms): 6209.2, Avg(ms): 29.4, 50th(ms): 23.1, 90th(ms): 41.9, 95th(ms): 71.3, 99th(ms): 167.8, 99.9th(ms): 268.4, Max(ms): 268.4
[Current] DELIVERY - Takes(s): 10.0, Count: 196, TPM: 1181.8, Sum(ms): 18050.0, Avg(ms): 92.2, 50th(ms): 92.3, 90th(ms): 104.9, 95th(ms): 113.2, 99th(ms): 159.4, 99.9th(ms): 192.9, Max(ms): 192.9
[Current] NEW_ORDER - Takes(s): 10.0, Count: 2345, TPM: 14070.3, Sum(ms): 82341.1, Avg(ms): 35.1, 50th(ms): 35.7, 90th(ms): 44.0, 95th(ms): 46.1, 99th(ms): 54.5, 99.9th(ms): 75.5, Max(ms): 79.7
[Current] ORDER_STATUS - Takes(s): 10.0, Count: 213, TPM: 1278.0, Sum(ms): 3378.0, Avg(ms): 15.9, 50th(ms): 14.7, 90th(ms): 23.1, 95th(ms): 26.2, 99th(ms): 41.9, 99.9th(ms): 46.1, Max(ms): 46.1
[Current] PAYMENT - Takes(s): 10.0, Count: 2193, TPM: 13160.9, Sum(ms): 46266.0, Avg(ms): 21.1, 50th(ms): 21.0, 90th(ms): 26.2, 95th(ms): 28.3, 99th(ms): 39.8, 99.9th(ms): 65.0, Max(ms): 83.9
[Current] STOCK_LEVEL - Takes(s): 10.0, Count: 212, TPM: 1277.5, Sum(ms): 5891.6, Avg(ms): 27.8, 50th(ms): 24.1, 90th(ms): 41.9, 95th(ms): 50.3, 99th(ms): 92.3, 99.9th(ms): 142.6, Max(ms): 142.6
[Current] DELIVERY - Takes(s): 9.9, Count: 210, TPM: 1269.3, Sum(ms): 19164.7, Avg(ms): 91.2, 50th(ms): 92.3, 90th(ms): 109.1, 95th(ms): 117.4, 99th(ms): 130.0, 99.9th(ms): 151.0, Max(ms): 151.0
[Current] NEW_ORDER - Takes(s): 10.0, Count: 2295, TPM: 13777.9, Sum(ms): 80868.4, Avg(ms): 35.3, 50th(ms): 35.7, 90th(ms): 44.0, 95th(ms): 46.1, 99th(ms): 54.5, 99.9th(ms): 65.0, Max(ms): 67.1
[Current] ORDER_STATUS - Takes(s): 10.0, Count: 229, TPM: 1376.9, Sum(ms): 3725.0, Avg(ms): 16.3, 50th(ms): 15.2, 90th(ms): 23.1, 95th(ms): 26.2, 99th(ms): 39.8, 99.9th(ms): 44.0, Max(ms): 44.0
[Current] PAYMENT - Takes(s): 10.0, Count: 2214, TPM: 13293.0, Sum(ms): 46081.9, Avg(ms): 20.8, 50th(ms): 21.0, 90th(ms): 26.2, 95th(ms): 28.3, 99th(ms): 37.7, 99.9th(ms): 52.4, Max(ms): 75.5
[Current] STOCK_LEVEL - Takes(s): 10.0, Count: 206, TPM: 1236.2, Sum(ms): 6091.7, Avg(ms): 29.6, 50th(ms): 26.2, 90th(ms): 44.0, 95th(ms): 56.6, 99th(ms): 117.4, 99.9th(ms): 125.8, Max(ms): 125.8
[Current] DELIVERY - Takes(s): 10.0, Count: 190, TPM: 1142.6, Sum(ms): 17341.4, Avg(ms): 91.3, 50th(ms): 92.3, 90th(ms): 104.9, 95th(ms): 113.2, 99th(ms): 142.6, 99.9th(ms): 176.2, Max(ms): 176.2
[Current] NEW_ORDER - Takes(s): 10.0, Count: 2412, TPM: 14476.1, Sum(ms): 84013.8, Avg(ms): 34.9, 50th(ms): 35.7, 90th(ms): 44.0, 95th(ms): 46.1, 99th(ms): 54.5, 99.9th(ms): 75.5, Max(ms): 79.7
[Current] ORDER_STATUS - Takes(s): 10.0, Count: 206, TPM: 1241.0, Sum(ms): 3184.2, Avg(ms): 15.5, 50th(ms): 14.7, 90th(ms): 21.0, 95th(ms): 24.1, 99th(ms): 37.7, 99.9th(ms): 41.9, Max(ms): 41.9
[Current] PAYMENT - Takes(s): 10.0, Count: 2251, TPM: 13506.8, Sum(ms): 46850.8, Avg(ms): 20.8, 50th(ms): 21.0, 90th(ms): 26.2, 95th(ms): 28.3, 99th(ms): 39.8, 99.9th(ms): 50.3, Max(ms): 65.0
[Current] STOCK_LEVEL - Takes(s): 9.9, Count: 195, TPM: 1183.3, Sum(ms): 4826.3, Avg(ms): 24.8, 50th(ms): 23.1, 90th(ms): 35.7, 95th(ms): 39.8, 99th(ms): 60.8, 99.9th(ms): 79.7, Max(ms): 79.7
[Current] DELIVERY - Takes(s): 10.0, Count: 205, TPM: 1236.1, Sum(ms): 18047.7, Avg(ms): 88.1, 50th(ms): 88.1, 90th(ms): 104.9, 95th(ms): 104.9, 99th(ms): 109.1, 99.9th(ms): 125.8, Max(ms): 125.8
[Current] NEW_ORDER - Takes(s): 10.0, Count: 2408, TPM: 14453.1, Sum(ms): 82017.5, Avg(ms): 34.1, 50th(ms): 35.7, 90th(ms): 41.9, 95th(ms): 44.0, 99th(ms): 50.3, 99.9th(ms): 62.9, Max(ms): 79.7
[Current] ORDER_STATUS - Takes(s): 9.9, Count: 235, TPM: 1428.6, Sum(ms): 3792.9, Avg(ms): 16.1, 50th(ms): 15.2, 90th(ms): 22.0, 95th(ms): 31.5, 99th(ms): 37.7, 99.9th(ms): 39.8, Max(ms): 39.8
[Current] PAYMENT - Takes(s): 10.0, Count: 2299, TPM: 13802.4, Sum(ms): 47163.7, Avg(ms): 20.5, 50th(ms): 21.0, 90th(ms): 25.2, 95th(ms): 27.3, 99th(ms): 35.7, 99.9th(ms): 50.3, Max(ms): 54.5
[Current] STOCK_LEVEL - Takes(s): 10.0, Count: 200, TPM: 1203.4, Sum(ms): 4824.0, Avg(ms): 24.1, 50th(ms): 23.1, 90th(ms): 32.5, 95th(ms): 37.7, 99th(ms): 44.0, 99.9th(ms): 48.2, Max(ms): 48.2
[Current] DELIVERY - Takes(s): 10.0, Count: 222, TPM: 1336.6, Sum(ms): 19292.0, Avg(ms): 86.9, 50th(ms): 88.1, 90th(ms): 104.9, 95th(ms): 109.1, 99th(ms): 121.6, 99.9th(ms): 159.4, Max(ms): 159.4
[Current] NEW_ORDER - Takes(s): 10.0, Count: 2412, TPM: 14486.4, Sum(ms): 81284.5, Avg(ms): 33.7, 50th(ms): 33.6, 90th(ms): 41.9, 95th(ms): 44.0, 99th(ms): 52.4, 99.9th(ms): 62.9, Max(ms): 62.9
[Current] ORDER_STATUS - Takes(s): 10.0, Count: 211, TPM: 1266.9, Sum(ms): 3231.8, Avg(ms): 15.3, 50th(ms): 14.7, 90th(ms): 23.1, 95th(ms): 26.2, 99th(ms): 35.7, 99.9th(ms): 35.7, Max(ms): 35.7
[Current] PAYMENT - Takes(s): 10.0, Count: 2282, TPM: 13698.6, Sum(ms): 45528.8, Avg(ms): 20.0, 50th(ms): 19.9, 90th(ms): 25.2, 95th(ms): 26.2, 99th(ms): 33.6, 99.9th(ms): 48.2, Max(ms): 52.4
[Current] STOCK_LEVEL - Takes(s): 10.0, Count: 224, TPM: 1345.2, Sum(ms): 6526.2, Avg(ms): 29.1, 50th(ms): 24.1, 90th(ms): 35.7, 95th(ms): 41.9, 99th(ms): 209.7, 99.9th(ms): 260.0, Max(ms): 260.0
[Current] DELIVERY - Takes(s): 10.0, Count: 211, TPM: 1266.4, Sum(ms): 18118.6, Avg(ms): 85.8, 50th(ms): 88.1, 90th(ms): 100.7, 95th(ms): 109.1, 99th(ms): 121.6, 99.9th(ms): 142.6, Max(ms): 142.6
[Current] NEW_ORDER - Takes(s): 10.0, Count: 2457, TPM: 14742.1, Sum(ms): 82095.7, Avg(ms): 33.4, 50th(ms): 33.6, 90th(ms): 41.9, 95th(ms): 44.0, 99th(ms): 48.2, 99.9th(ms): 60.8, Max(ms): 75.5
[Current] ORDER_STATUS - Takes(s): 9.9, Count: 235, TPM: 1418.4, Sum(ms): 3565.1, Avg(ms): 15.2, 50th(ms): 14.2, 90th(ms): 21.0, 95th(ms): 27.3, 99th(ms): 35.7, 99.9th(ms): 37.7, Max(ms): 37.7
[Current] PAYMENT - Takes(s): 10.0, Count: 2311, TPM: 13871.2, Sum(ms): 45868.8, Avg(ms): 19.9, 50th(ms): 19.9, 90th(ms): 25.2, 95th(ms): 27.3, 99th(ms): 33.6, 99.9th(ms): 46.1, Max(ms): 52.4
[Current] STOCK_LEVEL - Takes(s): 10.0, Count: 242, TPM: 1454.5, Sum(ms): 6079.5, Avg(ms): 25.1, 50th(ms): 23.1, 90th(ms): 31.5, 95th(ms): 37.7, 99th(ms): 88.1, 99.9th(ms): 142.6, Max(ms): 142.6
[Current] DELIVERY - Takes(s): 10.0, Count: 200, TPM: 1202.1, Sum(ms): 17151.7, Avg(ms): 85.7, 50th(ms): 88.1, 90th(ms): 100.7, 95th(ms): 109.1, 99th(ms): 151.0, 99.9th(ms): 184.5, Max(ms): 184.5
[Current] NEW_ORDER - Takes(s): 10.0, Count: 2452, TPM: 14714.1, Sum(ms): 82556.9, Avg(ms): 33.7, 50th(ms): 33.6, 90th(ms): 41.9, 95th(ms): 44.0, 99th(ms): 50.3, 99.9th(ms): 71.3, Max(ms): 79.7
[Current] ORDER_STATUS - Takes(s): 10.0, Count: 220, TPM: 1323.7, Sum(ms): 3378.2, Avg(ms): 15.4, 50th(ms): 15.2, 90th(ms): 21.0, 95th(ms): 24.1, 99th(ms): 35.7, 99.9th(ms): 37.7, Max(ms): 37.7
[Current] PAYMENT - Takes(s): 10.0, Count: 2366, TPM: 14209.4, Sum(ms): 47352.3, Avg(ms): 20.0, 50th(ms): 19.9, 90th(ms): 25.2, 95th(ms): 27.3, 99th(ms): 37.7, 99.9th(ms): 56.6, Max(ms): 62.9
[Current] STOCK_LEVEL - Takes(s): 9.9, Count: 218, TPM: 1321.0, Sum(ms): 5375.3, Avg(ms): 24.7, 50th(ms): 24.1, 90th(ms): 31.5, 95th(ms): 35.7, 99th(ms): 41.9, 99.9th(ms): 121.6, Max(ms): 121.6
[Current] DELIVERY - Takes(s): 10.0, Count: 223, TPM: 1340.3, Sum(ms): 19082.8, Avg(ms): 85.6, 50th(ms): 88.1, 90th(ms): 100.7, 95th(ms): 104.9, 99th(ms): 130.0, 99.9th(ms): 142.6, Max(ms): 142.6
[Current] NEW_ORDER - Takes(s): 10.0, Count: 2434, TPM: 14610.6, Sum(ms): 80721.4, Avg(ms): 33.2, 50th(ms): 33.6, 90th(ms): 41.9, 95th(ms): 44.0, 99th(ms): 50.3, 99.9th(ms): 65.0, Max(ms): 71.3
[Current] ORDER_STATUS - Takes(s): 10.0, Count: 239, TPM: 1440.7, Sum(ms): 3633.1, Avg(ms): 15.2, 50th(ms): 14.7, 90th(ms): 19.9, 95th(ms): 24.1, 99th(ms): 35.7, 99.9th(ms): 37.7, Max(ms): 37.7
[Current] PAYMENT - Takes(s): 10.0, Count: 2389, TPM: 14355.8, Sum(ms): 46658.8, Avg(ms): 19.5, 50th(ms): 19.9, 90th(ms): 24.1, 95th(ms): 26.2, 99th(ms): 35.7, 99.9th(ms): 48.2, Max(ms): 75.5
[Current] STOCK_LEVEL - Takes(s): 10.0, Count: 210, TPM: 1261.4, Sum(ms): 5774.6, Avg(ms): 27.5, 50th(ms): 24.1, 90th(ms): 35.7, 95th(ms): 46.1, 99th(ms): 100.7, 99.9th(ms): 285.2, Max(ms): 285.2
[Current] DELIVERY - Takes(s): 9.9, Count: 209, TPM: 1262.8, Sum(ms): 17687.4, Avg(ms): 84.7, 50th(ms): 88.1, 90th(ms): 100.7, 95th(ms): 104.9, 99th(ms): 109.1, 99.9th(ms): 125.8, Max(ms): 125.8
[Current] NEW_ORDER - Takes(s): 10.0, Count: 2425, TPM: 14557.0, Sum(ms): 81431.6, Avg(ms): 33.6, 50th(ms): 33.6, 90th(ms): 41.9, 95th(ms): 44.0, 99th(ms): 50.3, 99.9th(ms): 60.8, Max(ms): 75.5
[Current] ORDER_STATUS - Takes(s): 9.8, Count: 213, TPM: 1303.4, Sum(ms): 3170.1, Avg(ms): 14.9, 50th(ms): 14.7, 90th(ms): 21.0, 95th(ms): 26.2, 99th(ms): 35.7, 99.9th(ms): 41.9, Max(ms): 41.9
[Current] PAYMENT - Takes(s): 10.0, Count: 2376, TPM: 14262.0, Sum(ms): 46966.3, Avg(ms): 19.8, 50th(ms): 19.9, 90th(ms): 24.1, 95th(ms): 26.2, 99th(ms): 35.7, 99.9th(ms): 48.2, Max(ms): 52.4
[Current] STOCK_LEVEL - Takes(s): 9.8, Count: 227, TPM: 1385.7, Sum(ms): 6555.6, Avg(ms): 28.9, 50th(ms): 24.1, 90th(ms): 35.7, 95th(ms): 46.1, 99th(ms): 192.9, 99.9th(ms): 251.7, Max(ms): 251.7
[Current] DELIVERY - Takes(s): 10.0, Count: 213, TPM: 1282.5, Sum(ms): 18267.7, Avg(ms): 85.8, 50th(ms): 88.1, 90th(ms): 100.7, 95th(ms): 109.1, 99th(ms): 117.4, 99.9th(ms): 184.5, Max(ms): 184.5
[Current] NEW_ORDER - Takes(s): 10.0, Count: 2468, TPM: 14817.4, Sum(ms): 82895.9, Avg(ms): 33.6, 50th(ms): 33.6, 90th(ms): 41.9, 95th(ms): 44.0, 99th(ms): 50.3, 99.9th(ms): 65.0, Max(ms): 71.3
[Current] ORDER_STATUS - Takes(s): 9.9, Count: 208, TPM: 1256.7, Sum(ms): 3148.8, Avg(ms): 15.1, 50th(ms): 14.7, 90th(ms): 21.0, 95th(ms): 24.1, 99th(ms): 37.7, 99.9th(ms): 39.8, Max(ms): 39.8
[Current] PAYMENT - Takes(s): 10.0, Count: 2320, TPM: 13920.9, Sum(ms): 45970.7, Avg(ms): 19.8, 50th(ms): 19.9, 90th(ms): 25.2, 95th(ms): 26.2, 99th(ms): 35.7, 99.9th(ms): 44.0, Max(ms): 54.5
[Current] STOCK_LEVEL - Takes(s): 9.9, Count: 216, TPM: 1305.0, Sum(ms): 5446.1, Avg(ms): 25.2, 50th(ms): 24.1, 90th(ms): 32.5, 95th(ms): 37.7, 99th(ms): 83.9, 99.9th(ms): 151.0, Max(ms): 151.0
[Current] DELIVERY - Takes(s): 10.0, Count: 214, TPM: 1285.9, Sum(ms): 18600.8, Avg(ms): 86.9, 50th(ms): 88.1, 90th(ms): 100.7, 95th(ms): 109.1, 99th(ms): 134.2, 99.9th(ms): 151.0, Max(ms): 151.0
[Current] NEW_ORDER - Takes(s): 10.0, Count: 2383, TPM: 14307.4, Sum(ms): 79718.2, Avg(ms): 33.5, 50th(ms): 33.6, 90th(ms): 41.9, 95th(ms): 44.0, 99th(ms): 54.5, 99.9th(ms): 71.3, Max(ms): 83.9
[Current] ORDER_STATUS - Takes(s): 9.9, Count: 250, TPM: 1511.1, Sum(ms): 3841.8, Avg(ms): 15.4, 50th(ms): 14.7, 90th(ms): 21.0, 95th(ms): 27.3, 99th(ms): 35.7, 99.9th(ms): 41.9, Max(ms): 41.9
[Current] PAYMENT - Takes(s): 10.0, Count: 2354, TPM: 14134.8, Sum(ms): 47239.3, Avg(ms): 20.1, 50th(ms): 19.9, 90th(ms): 25.2, 95th(ms): 28.3, 99th(ms): 41.9, 99.9th(ms): 52.4, Max(ms): 62.9
[Current] STOCK_LEVEL - Takes(s): 10.0, Count: 228, TPM: 1372.4, Sum(ms): 5994.9, Avg(ms): 26.3, 50th(ms): 24.1, 90th(ms): 32.5, 95th(ms): 39.8, 99th(ms): 62.9, 99.9th(ms): 285.2, Max(ms): 285.2
[Current] DELIVERY - Takes(s): 9.9, Count: 215, TPM: 1300.5, Sum(ms): 18558.0, Avg(ms): 86.3, 50th(ms): 88.1, 90th(ms): 100.7, 95th(ms): 104.9, 99th(ms): 125.8, 99.9th(ms): 167.8, Max(ms): 167.8
[Current] NEW_ORDER - Takes(s): 10.0, Count: 2472, TPM: 14838.9, Sum(ms): 81117.5, Avg(ms): 32.8, 50th(ms): 32.5, 90th(ms): 41.9, 95th(ms): 44.0, 99th(ms): 50.3, 99.9th(ms): 58.7, Max(ms): 71.3
[Current] ORDER_STATUS - Takes(s): 9.9, Count: 221, TPM: 1335.0, Sum(ms): 3362.0, Avg(ms): 15.2, 50th(ms): 14.2, 90th(ms): 22.0, 95th(ms): 25.2, 99th(ms): 33.6, 99.9th(ms): 39.8, Max(ms): 39.8
[Current] PAYMENT - Takes(s): 10.0, Count: 2342, TPM: 14057.6, Sum(ms): 45766.5, Avg(ms): 19.5, 50th(ms): 19.9, 90th(ms): 24.1, 95th(ms): 26.2, 99th(ms): 35.7, 99.9th(ms): 50.3, Max(ms): 54.5
[Current] STOCK_LEVEL - Takes(s): 10.0, Count: 215, TPM: 1295.0, Sum(ms): 7510.5, Avg(ms): 35.0, 50th(ms): 25.2, 90th(ms): 39.8, 95th(ms): 100.7, 99th(ms): 302.0, 99.9th(ms): 302.0, Max(ms): 302.0
[Current] DELIVERY - Takes(s): 10.0, Count: 223, TPM: 1341.3, Sum(ms): 20221.6, Avg(ms): 90.6, 50th(ms): 88.1, 90th(ms): 109.1, 95th(ms): 113.2, 99th(ms): 159.4, 99.9th(ms): 201.3, Max(ms): 201.3
[Current] NEW_ORDER - Takes(s): 10.0, Count: 2300, TPM: 13801.2, Sum(ms): 79234.0, Avg(ms): 34.5, 50th(ms): 35.7, 90th(ms): 44.0, 95th(ms): 46.1, 99th(ms): 52.4, 99.9th(ms): 67.1, Max(ms): 92.3
[Current] ORDER_STATUS - Takes(s): 10.0, Count: 225, TPM: 1351.2, Sum(ms): 3514.4, Avg(ms): 15.6, 50th(ms): 15.2, 90th(ms): 21.0, 95th(ms): 23.1, 99th(ms): 37.7, 99.9th(ms): 39.8, Max(ms): 39.8
[Current] PAYMENT - Takes(s): 10.0, Count: 2344, TPM: 14070.1, Sum(ms): 47347.0, Avg(ms): 20.2, 50th(ms): 19.9, 90th(ms): 25.2, 95th(ms): 27.3, 99th(ms): 35.7, 99.9th(ms): 48.2, Max(ms): 60.8
[Current] STOCK_LEVEL - Takes(s): 10.0, Count: 205, TPM: 1234.8, Sum(ms): 5659.8, Avg(ms): 27.6, 50th(ms): 25.2, 90th(ms): 37.7, 95th(ms): 56.6, 99th(ms): 79.7, 99.9th(ms): 100.7, Max(ms): 100.7
[Current] DELIVERY - Takes(s): 9.9, Count: 209, TPM: 1264.3, Sum(ms): 18218.1, Avg(ms): 87.0, 50th(ms): 88.1, 90th(ms): 100.7, 95th(ms): 104.9, 99th(ms): 113.2, 99.9th(ms): 159.4, Max(ms): 159.4
[Current] NEW_ORDER - Takes(s): 10.0, Count: 2476, TPM: 14859.9, Sum(ms): 83983.8, Avg(ms): 33.9, 50th(ms): 33.6, 90th(ms): 41.9, 95th(ms): 44.0, 99th(ms): 50.3, 99.9th(ms): 71.3, Max(ms): 79.7
[Current] ORDER_STATUS - Takes(s): 9.8, Count: 216, TPM: 1323.7, Sum(ms): 3261.2, Avg(ms): 15.1, 50th(ms): 14.2, 90th(ms): 21.0, 95th(ms): 26.2, 99th(ms): 31.5, 99.9th(ms): 32.5, Max(ms): 32.5
[Current] PAYMENT - Takes(s): 10.0, Count: 2273, TPM: 13638.1, Sum(ms): 45049.6, Avg(ms): 19.8, 50th(ms): 19.9, 90th(ms): 24.1, 95th(ms): 26.2, 99th(ms): 33.6, 99.9th(ms): 41.9, Max(ms): 50.3
[Current] STOCK_LEVEL - Takes(s): 10.0, Count: 210, TPM: 1265.6, Sum(ms): 5140.3, Avg(ms): 24.5, 50th(ms): 23.1, 90th(ms): 32.5, 95th(ms): 37.7, 99th(ms): 58.7, 99.9th(ms): 65.0, Max(ms): 65.0
[Current] DELIVERY - Takes(s): 9.9, Count: 205, TPM: 1237.3, Sum(ms): 18085.3, Avg(ms): 88.0, 50th(ms): 88.1, 90th(ms): 104.9, 95th(ms): 109.1, 99th(ms): 125.8, 99.9th(ms): 151.0, Max(ms): 151.0
[Current] NEW_ORDER - Takes(s): 10.0, Count: 2362, TPM: 14180.7, Sum(ms): 81754.5, Avg(ms): 34.6, 50th(ms): 35.7, 90th(ms): 44.0, 95th(ms): 46.1, 99th(ms): 56.6, 99.9th(ms): 88.1, Max(ms): 92.3
[Current] ORDER_STATUS - Takes(s): 10.0, Count: 214, TPM: 1284.4, Sum(ms): 3259.2, Avg(ms): 15.2, 50th(ms): 14.7, 90th(ms): 21.0, 95th(ms): 26.2, 99th(ms): 30.4, 99.9th(ms): 35.7, Max(ms): 35.7
[Current] PAYMENT - Takes(s): 10.0, Count: 2255, TPM: 13531.7, Sum(ms): 45372.6, Avg(ms): 20.1, 50th(ms): 19.9, 90th(ms): 25.2, 95th(ms): 27.3, 99th(ms): 33.6, 99.9th(ms): 48.2, Max(ms): 79.7
[Current] STOCK_LEVEL - Takes(s): 10.0, Count: 219, TPM: 1319.8, Sum(ms): 7124.5, Avg(ms): 32.5, 50th(ms): 25.2, 90th(ms): 37.7, 95th(ms): 58.7, 99th(ms): 226.5, 99.9th(ms): 302.0, Max(ms): 302.0
[Current] DELIVERY - Takes(s): 10.0, Count: 217, TPM: 1304.1, Sum(ms): 18979.1, Avg(ms): 87.5, 50th(ms): 88.1, 90th(ms): 104.9, 95th(ms): 109.1, 99th(ms): 117.4, 99.9th(ms): 134.2, Max(ms): 134.2
[Current] NEW_ORDER - Takes(s): 10.0, Count: 2360, TPM: 14167.2, Sum(ms): 80952.2, Avg(ms): 34.3, 50th(ms): 35.7, 90th(ms): 41.9, 95th(ms): 46.1, 99th(ms): 52.4, 99.9th(ms): 71.3, Max(ms): 75.5
[Current] ORDER_STATUS - Takes(s): 9.9, Count: 209, TPM: 1261.1, Sum(ms): 3213.8, Avg(ms): 15.4, 50th(ms): 15.2, 90th(ms): 21.0, 95th(ms): 25.2, 99th(ms): 32.5, 99.9th(ms): 39.8, Max(ms): 39.8
[Current] PAYMENT - Takes(s): 10.0, Count: 2327, TPM: 13964.5, Sum(ms): 46797.4, Avg(ms): 20.1, 50th(ms): 19.9, 90th(ms): 25.2, 95th(ms): 27.3, 99th(ms): 37.7, 99.9th(ms): 54.5, Max(ms): 71.3
[Current] STOCK_LEVEL - Takes(s): 9.9, Count: 212, TPM: 1289.6, Sum(ms): 5689.0, Avg(ms): 26.9, 50th(ms): 25.2, 90th(ms): 33.6, 95th(ms): 41.9, 99th(ms): 96.5, 99.9th(ms): 151.0, Max(ms): 151.0
[Current] DELIVERY - Takes(s): 9.8, Count: 215, TPM: 1312.8, Sum(ms): 19107.0, Avg(ms): 88.9, 50th(ms): 88.1, 90th(ms): 100.7, 95th(ms): 109.1, 99th(ms): 113.2, 99.9th(ms): 151.0, Max(ms): 151.0
[Current] NEW_ORDER - Takes(s): 10.0, Count: 2390, TPM: 14342.2, Sum(ms): 82284.8, Avg(ms): 34.4, 50th(ms): 35.7, 90th(ms): 41.9, 95th(ms): 44.0, 99th(ms): 50.3, 99.9th(ms): 60.8, Max(ms): 67.1
[Current] ORDER_STATUS - Takes(s): 10.0, Count: 220, TPM: 1326.6, Sum(ms): 3411.7, Avg(ms): 15.5, 50th(ms): 14.7, 90th(ms): 21.0, 95th(ms): 27.3, 99th(ms): 33.6, 99.9th(ms): 35.7, Max(ms): 35.7
[Current] PAYMENT - Takes(s): 10.0, Count: 2238, TPM: 13443.4, Sum(ms): 45414.1, Avg(ms): 20.3, 50th(ms): 19.9, 90th(ms): 25.2, 95th(ms): 27.3, 99th(ms): 35.7, 99.9th(ms): 50.3, Max(ms): 60.8
[Current] STOCK_LEVEL - Takes(s): 10.0, Count: 208, TPM: 1248.4, Sum(ms): 5484.7, Avg(ms): 26.4, 50th(ms): 24.1, 90th(ms): 37.7, 95th(ms): 50.3, 99th(ms): 75.5, 99.9th(ms): 79.7, Max(ms): 79.7
[Current] DELIVERY - Takes(s): 9.9, Count: 212, TPM: 1285.0, Sum(ms): 19461.6, Avg(ms): 91.9, 50th(ms): 92.3, 90th(ms): 109.1, 95th(ms): 113.2, 99th(ms): 130.0, 99.9th(ms): 142.6, Max(ms): 142.6
[Current] NEW_ORDER - Takes(s): 10.0, Count: 2337, TPM: 14027.4, Sum(ms): 82074.5, Avg(ms): 35.1, 50th(ms): 35.7, 90th(ms): 44.0, 95th(ms): 46.1, 99th(ms): 54.5, 99.9th(ms): 67.1, Max(ms): 75.5
[Current] ORDER_STATUS - Takes(s): 10.0, Count: 199, TPM: 1198.3, Sum(ms): 3186.0, Avg(ms): 16.0, 50th(ms): 15.7, 90th(ms): 21.0, 95th(ms): 23.1, 99th(ms): 35.7, 99.9th(ms): 37.7, Max(ms): 37.7
[Current] PAYMENT - Takes(s): 10.0, Count: 2200, TPM: 13205.2, Sum(ms): 45593.6, Avg(ms): 20.7, 50th(ms): 21.0, 90th(ms): 25.2, 95th(ms): 27.3, 99th(ms): 35.7, 99.9th(ms): 56.6, Max(ms): 62.9
[Current] STOCK_LEVEL - Takes(s): 10.0, Count: 199, TPM: 1194.3, Sum(ms): 5313.8, Avg(ms): 26.7, 50th(ms): 26.2, 90th(ms): 37.7, 95th(ms): 41.9, 99th(ms): 48.2, 99.9th(ms): 71.3, Max(ms): 71.3
[Current] DELIVERY - Takes(s): 10.0, Count: 204, TPM: 1226.6, Sum(ms): 19164.9, Avg(ms): 93.9, 50th(ms): 96.5, 90th(ms): 109.1, 95th(ms): 113.2, 99th(ms): 125.8, 99.9th(ms): 142.6, Max(ms): 142.6
[Current] NEW_ORDER - Takes(s): 10.0, Count: 2252, TPM: 13514.4, Sum(ms): 80389.0, Avg(ms): 35.7, 50th(ms): 35.7, 90th(ms): 44.0, 95th(ms): 48.2, 99th(ms): 54.5, 99.9th(ms): 71.3, Max(ms): 71.3
[Current] ORDER_STATUS - Takes(s): 9.9, Count: 197, TPM: 1192.5, Sum(ms): 3392.9, Avg(ms): 17.2, 50th(ms): 15.7, 90th(ms): 26.2, 95th(ms): 32.5, 99th(ms): 41.9, 99.9th(ms): 50.3, Max(ms): 50.3
[Current] PAYMENT - Takes(s): 10.0, Count: 2209, TPM: 13258.0, Sum(ms): 47140.8, Avg(ms): 21.3, 50th(ms): 21.0, 90th(ms): 26.2, 95th(ms): 29.4, 99th(ms): 37.7, 99.9th(ms): 46.1, Max(ms): 56.6
[Current] STOCK_LEVEL - Takes(s): 9.9, Count: 192, TPM: 1158.5, Sum(ms): 5800.1, Avg(ms): 30.2, 50th(ms): 28.3, 90th(ms): 41.9, 95th(ms): 56.6, 99th(ms): 71.3, 99.9th(ms): 96.5, Max(ms): 96.5
[Current] DELIVERY - Takes(s): 10.0, Count: 219, TPM: 1318.5, Sum(ms): 20613.5, Avg(ms): 94.1, 50th(ms): 96.5, 90th(ms): 109.1, 95th(ms): 113.2, 99th(ms): 121.6, 99.9th(ms): 130.0, Max(ms): 130.0
[Current] NEW_ORDER - Takes(s): 10.0, Count: 2188, TPM: 13135.2, Sum(ms): 78870.7, Avg(ms): 36.1, 50th(ms): 37.7, 90th(ms): 44.0, 95th(ms): 48.2, 99th(ms): 52.4, 99.9th(ms): 71.3, Max(ms): 88.1
[Current] ORDER_STATUS - Takes(s): 9.9, Count: 209, TPM: 1262.2, Sum(ms): 3476.3, Avg(ms): 16.6, 50th(ms): 15.7, 90th(ms): 23.1, 95th(ms): 27.3, 99th(ms): 41.9, 99.9th(ms): 44.0, Max(ms): 44.0
[Current] PAYMENT - Takes(s): 10.0, Count: 2132, TPM: 12803.2, Sum(ms): 46293.2, Avg(ms): 21.7, 50th(ms): 22.0, 90th(ms): 26.2, 95th(ms): 29.4, 99th(ms): 39.8, 99.9th(ms): 48.2, Max(ms): 54.5
[Current] STOCK_LEVEL - Takes(s): 10.0, Count: 225, TPM: 1350.0, Sum(ms): 6777.5, Avg(ms): 30.1, 50th(ms): 29.4, 90th(ms): 39.8, 95th(ms): 48.2, 99th(ms): 75.5, 99.9th(ms): 92.3, Max(ms): 92.3
[Current] DELIVERY - Takes(s): 9.9, Count: 208, TPM: 1261.6, Sum(ms): 18715.7, Avg(ms): 90.0, 50th(ms): 88.1, 90th(ms): 104.9, 95th(ms): 113.2, 99th(ms): 134.2, 99.9th(ms): 142.6, Max(ms): 142.6
[Current] NEW_ORDER - Takes(s): 10.0, Count: 2393, TPM: 14360.2, Sum(ms): 83333.6, Avg(ms): 34.9, 50th(ms): 35.7, 90th(ms): 44.0, 95th(ms): 46.1, 99th(ms): 52.4, 99.9th(ms): 65.0, Max(ms): 75.5
[Current] ORDER_STATUS - Takes(s): 10.0, Count: 219, TPM: 1315.0, Sum(ms): 3661.6, Avg(ms): 16.7, 50th(ms): 16.3, 90th(ms): 22.0, 95th(ms): 28.3, 99th(ms): 39.8, 99.9th(ms): 41.9, Max(ms): 41.9
[Current] PAYMENT - Takes(s): 10.0, Count: 2140, TPM: 12839.8, Sum(ms): 44449.0, Avg(ms): 20.8, 50th(ms): 21.0, 90th(ms): 26.2, 95th(ms): 27.3, 99th(ms): 33.6, 99.9th(ms): 44.0, Max(ms): 60.8
[Current] STOCK_LEVEL - Takes(s): 10.0, Count: 210, TPM: 1265.4, Sum(ms): 5625.2, Avg(ms): 26.8, 50th(ms): 27.3, 90th(ms): 35.7, 95th(ms): 39.8, 99th(ms): 44.0, 99.9th(ms): 56.6, Max(ms): 56.6
[Current] DELIVERY - Takes(s): 10.0, Count: 206, TPM: 1236.7, Sum(ms): 19336.6, Avg(ms): 93.8, 50th(ms): 96.5, 90th(ms): 117.4, 95th(ms): 121.6, 99th(ms): 142.6, 99.9th(ms): 176.2, Max(ms): 176.2
[Current] NEW_ORDER - Takes(s): 10.0, Count: 2229, TPM: 13381.8, Sum(ms): 80504.6, Avg(ms): 36.1, 50th(ms): 35.7, 90th(ms): 46.1, 95th(ms): 50.3, 99th(ms): 56.6, 99.9th(ms): 65.0, Max(ms): 75.5
[Current] ORDER_STATUS - Takes(s): 10.0, Count: 209, TPM: 1258.6, Sum(ms): 3552.1, Avg(ms): 17.0, 50th(ms): 16.3, 90th(ms): 24.1, 95th(ms): 29.4, 99th(ms): 37.7, 99.9th(ms): 50.3, Max(ms): 50.3
[Current] PAYMENT - Takes(s): 10.0, Count: 2184, TPM: 13113.1, Sum(ms): 47647.3, Avg(ms): 21.8, 50th(ms): 22.0, 90th(ms): 28.3, 95th(ms): 30.4, 99th(ms): 39.8, 99.9th(ms): 54.5, Max(ms): 65.0
[Current] STOCK_LEVEL - Takes(s): 10.0, Count: 182, TPM: 1095.9, Sum(ms): 4973.3, Avg(ms): 27.3, 50th(ms): 28.3, 90th(ms): 37.7, 95th(ms): 39.8, 99th(ms): 41.9, 99.9th(ms): 50.3, Max(ms): 50.3
[Current] DELIVERY - Takes(s): 10.0, Count: 206, TPM: 1240.3, Sum(ms): 19301.6, Avg(ms): 93.7, 50th(ms): 92.3, 90th(ms): 109.1, 95th(ms): 117.4, 99th(ms): 142.6, 99.9th(ms): 167.8, Max(ms): 167.8
[Current] NEW_ORDER - Takes(s): 10.0, Count: 2292, TPM: 13753.4, Sum(ms): 81492.9, Avg(ms): 35.6, 50th(ms): 35.7, 90th(ms): 44.0, 95th(ms): 48.2, 99th(ms): 54.5, 99.9th(ms): 67.1, Max(ms): 71.3
[Current] ORDER_STATUS - Takes(s): 9.9, Count: 220, TPM: 1331.6, Sum(ms): 3677.1, Avg(ms): 16.7, 50th(ms): 15.2, 90th(ms): 24.1, 95th(ms): 30.4, 99th(ms): 39.8, 99.9th(ms): 44.0, Max(ms): 44.0
[Current] PAYMENT - Takes(s): 10.0, Count: 2214, TPM: 13283.9, Sum(ms): 47199.4, Avg(ms): 21.3, 50th(ms): 21.0, 90th(ms): 27.3, 95th(ms): 29.4, 99th(ms): 37.7, 99.9th(ms): 52.4, Max(ms): 71.3
[Current] STOCK_LEVEL - Takes(s): 10.0, Count: 178, TPM: 1068.2, Sum(ms): 4574.5, Avg(ms): 25.7, 50th(ms): 25.2, 90th(ms): 35.7, 95th(ms): 37.7, 99th(ms): 39.8, 99.9th(ms): 48.2, Max(ms): 48.2
[Current] DELIVERY - Takes(s): 9.9, Count: 207, TPM: 1250.3, Sum(ms): 19177.1, Avg(ms): 92.6, 50th(ms): 92.3, 90th(ms): 109.1, 95th(ms): 113.2, 99th(ms): 151.0, 99.9th(ms): 151.0, Max(ms): 151.0
[Current] NEW_ORDER - Takes(s): 10.0, Count: 2263, TPM: 13599.0, Sum(ms): 80082.1, Avg(ms): 35.4, 50th(ms): 35.7, 90th(ms): 44.0, 95th(ms): 48.2, 99th(ms): 54.5, 99.9th(ms): 71.3, Max(ms): 71.3
[Current] ORDER_STATUS - Takes(s): 10.0, Count: 193, TPM: 1158.8, Sum(ms): 3192.3, Avg(ms): 16.6, 50th(ms): 15.7, 90th(ms): 24.1, 95th(ms): 29.4, 99th(ms): 41.9, 99.9th(ms): 46.1, Max(ms): 46.1
[Current] PAYMENT - Takes(s): 10.0, Count: 2250, TPM: 13501.4, Sum(ms): 48200.5, Avg(ms): 21.4, 50th(ms): 21.0, 90th(ms): 27.3, 95th(ms): 29.4, 99th(ms): 39.8, 99.9th(ms): 46.1, Max(ms): 56.6
[Current] STOCK_LEVEL - Takes(s): 9.9, Count: 200, TPM: 1206.5, Sum(ms): 5034.2, Avg(ms): 25.2, 50th(ms): 25.2, 90th(ms): 33.6, 95th(ms): 35.7, 99th(ms): 44.0, 99.9th(ms): 50.3, Max(ms): 50.3
[Current] DELIVERY - Takes(s): 10.0, Count: 188, TPM: 1130.0, Sum(ms): 18043.3, Avg(ms): 95.9, 50th(ms): 96.5, 90th(ms): 117.4, 95th(ms): 125.8, 99th(ms): 151.0, 99.9th(ms): 151.0, Max(ms): 151.0
[Current] NEW_ORDER - Takes(s): 10.0, Count: 2210, TPM: 13261.0, Sum(ms): 81860.9, Avg(ms): 37.1, 50th(ms): 37.7, 90th(ms): 46.1, 95th(ms): 52.4, 99th(ms): 62.9, 99.9th(ms): 75.5, Max(ms): 79.7
[Current] ORDER_STATUS - Takes(s): 10.0, Count: 215, TPM: 1293.8, Sum(ms): 3578.8, Avg(ms): 16.7, 50th(ms): 16.3, 90th(ms): 23.1, 95th(ms): 25.2, 99th(ms): 35.7, 99.9th(ms): 54.5, Max(ms): 54.5
[Current] PAYMENT - Takes(s): 10.0, Count: 2108, TPM: 12658.5, Sum(ms): 47139.1, Avg(ms): 22.4, 50th(ms): 22.0, 90th(ms): 28.3, 95th(ms): 31.5, 99th(ms): 39.8, 99.9th(ms): 52.4, Max(ms): 60.8
[Current] STOCK_LEVEL - Takes(s): 10.0, Count: 199, TPM: 1199.0, Sum(ms): 5284.8, Avg(ms): 26.5, 50th(ms): 26.2, 90th(ms): 37.7, 95th(ms): 39.8, 99th(ms): 48.2, 99.9th(ms): 52.4, Max(ms): 52.4
[Current] DELIVERY - Takes(s): 9.9, Count: 205, TPM: 1244.8, Sum(ms): 18898.8, Avg(ms): 92.2, 50th(ms): 92.3, 90th(ms): 109.1, 95th(ms): 117.4, 99th(ms): 125.8, 99.9th(ms): 167.8, Max(ms): 167.8
[Current] NEW_ORDER - Takes(s): 10.0, Count: 2311, TPM: 13866.6, Sum(ms): 81841.0, Avg(ms): 35.4, 50th(ms): 35.7, 90th(ms): 44.0, 95th(ms): 48.2, 99th(ms): 54.5, 99.9th(ms): 65.0, Max(ms): 67.1
[Current] ORDER_STATUS - Takes(s): 9.9, Count: 210, TPM: 1276.5, Sum(ms): 3517.9, Avg(ms): 16.7, 50th(ms): 15.7, 90th(ms): 23.1, 95th(ms): 28.3, 99th(ms): 48.2, 99.9th(ms): 54.5, Max(ms): 54.5
[Current] PAYMENT - Takes(s): 10.0, Count: 2157, TPM: 12944.8, Sum(ms): 46011.9, Avg(ms): 21.3, 50th(ms): 21.0, 90th(ms): 27.3, 95th(ms): 30.4, 99th(ms): 39.8, 99.9th(ms): 52.4, Max(ms): 60.8
[Current] STOCK_LEVEL - Takes(s): 10.0, Count: 205, TPM: 1232.3, Sum(ms): 5632.7, Avg(ms): 27.5, 50th(ms): 25.2, 90th(ms): 37.7, 95th(ms): 50.3, 99th(ms): 88.1, 99.9th(ms): 104.9, Max(ms): 104.9
[Current] DELIVERY - Takes(s): 10.0, Count: 210, TPM: 1261.4, Sum(ms): 20064.3, Avg(ms): 95.6, 50th(ms): 96.5, 90th(ms): 113.2, 95th(ms): 121.6, 99th(ms): 142.6, 99.9th(ms): 176.2, Max(ms): 176.2
[Current] NEW_ORDER - Takes(s): 10.0, Count: 2182, TPM: 13096.7, Sum(ms): 78738.1, Avg(ms): 36.1, 50th(ms): 37.7, 90th(ms): 46.1, 95th(ms): 48.2, 99th(ms): 54.5, 99.9th(ms): 62.9, Max(ms): 71.3
[Current] ORDER_STATUS - Takes(s): 10.0, Count: 181, TPM: 1090.6, Sum(ms): 2975.9, Avg(ms): 16.4, 50th(ms): 15.7, 90th(ms): 22.0, 95th(ms): 25.2, 99th(ms): 37.7, 99.9th(ms): 41.9, Max(ms): 41.9
[Current] PAYMENT - Takes(s): 10.0, Count: 2121, TPM: 12738.4, Sum(ms): 45991.5, Avg(ms): 21.7, 50th(ms): 22.0, 90th(ms): 27.3, 95th(ms): 29.4, 99th(ms): 37.7, 99.9th(ms): 50.3, Max(ms): 52.4
[Current] STOCK_LEVEL - Takes(s): 10.0, Count: 222, TPM: 1337.8, Sum(ms): 8190.0, Avg(ms): 36.9, 50th(ms): 28.3, 90th(ms): 79.7, 95th(ms): 92.3, 99th(ms): 100.7, 99.9th(ms): 117.4, Max(ms): 117.4
[Current] DELIVERY - Takes(s): 9.9, Count: 194, TPM: 1169.9, Sum(ms): 17728.2, Avg(ms): 91.5, 50th(ms): 92.3, 90th(ms): 113.2, 95th(ms): 117.4, 99th(ms): 134.2, 99.9th(ms): 151.0, Max(ms): 151.0
[Current] NEW_ORDER - Takes(s): 10.0, Count: 2345, TPM: 14076.4, Sum(ms): 82259.8, Avg(ms): 35.1, 50th(ms): 35.7, 90th(ms): 44.0, 95th(ms): 48.2, 99th(ms): 54.5, 99.9th(ms): 71.3, Max(ms): 75.5
[Current] ORDER_STATUS - Takes(s): 10.0, Count: 225, TPM: 1350.9, Sum(ms): 3754.1, Avg(ms): 16.7, 50th(ms): 15.7, 90th(ms): 22.0, 95th(ms): 27.3, 99th(ms): 44.0, 99.9th(ms): 50.3, Max(ms): 50.3
[Current] PAYMENT - Takes(s): 10.0, Count: 2237, TPM: 13429.2, Sum(ms): 47165.1, Avg(ms): 21.1, 50th(ms): 21.0, 90th(ms): 27.3, 95th(ms): 29.4, 99th(ms): 37.7, 99.9th(ms): 56.6, Max(ms): 58.7
[Current] STOCK_LEVEL - Takes(s): 10.0, Count: 197, TPM: 1187.1, Sum(ms): 5035.7, Avg(ms): 25.6, 50th(ms): 24.1, 90th(ms): 35.7, 95th(ms): 41.9, 99th(ms): 60.8, 99.9th(ms): 71.3, Max(ms): 71.3
[Current] DELIVERY - Takes(s): 10.0, Count: 234, TPM: 1410.5, Sum(ms): 20430.0, Avg(ms): 87.2, 50th(ms): 88.1, 90th(ms): 104.9, 95th(ms): 113.2, 99th(ms): 121.6, 99.9th(ms): 142.6, Max(ms): 142.6
[Current] NEW_ORDER - Takes(s): 10.0, Count: 2411, TPM: 14469.5, Sum(ms): 80503.2, Avg(ms): 33.4, 50th(ms): 33.6, 90th(ms): 41.9, 95th(ms): 44.0, 99th(ms): 50.3, 99.9th(ms): 60.8, Max(ms): 71.3
[Current] ORDER_STATUS - Takes(s): 9.9, Count: 220, TPM: 1332.8, Sum(ms): 3356.4, Avg(ms): 15.2, 50th(ms): 14.7, 90th(ms): 21.0, 95th(ms): 23.1, 99th(ms): 37.7, 99.9th(ms): 44.0, Max(ms): 44.0
[Current] PAYMENT - Takes(s): 10.0, Count: 2322, TPM: 13932.9, Sum(ms): 46650.1, Avg(ms): 20.1, 50th(ms): 19.9, 90th(ms): 25.2, 95th(ms): 27.3, 99th(ms): 33.6, 99.9th(ms): 50.3, Max(ms): 56.6
[Current] STOCK_LEVEL - Takes(s): 10.0, Count: 214, TPM: 1284.4, Sum(ms): 4758.3, Avg(ms): 22.2, 50th(ms): 22.0, 90th(ms): 29.4, 95th(ms): 30.4, 99th(ms): 33.6, 99.9th(ms): 37.7, Max(ms): 37.7
[Current] DELIVERY - Takes(s): 10.0, Count: 227, TPM: 1365.5, Sum(ms): 20398.2, Avg(ms): 90.0, 50th(ms): 92.3, 90th(ms): 109.1, 95th(ms): 117.4, 99th(ms): 142.6, 99.9th(ms): 142.6, Max(ms): 142.6
[Current] NEW_ORDER - Takes(s): 10.0, Count: 2383, TPM: 14299.1, Sum(ms): 81976.4, Avg(ms): 34.4, 50th(ms): 35.7, 90th(ms): 44.0, 95th(ms): 46.1, 99th(ms): 52.4, 99.9th(ms): 60.8, Max(ms): 71.3
[Current] ORDER_STATUS - Takes(s): 10.0, Count: 210, TPM: 1261.8, Sum(ms): 3110.2, Avg(ms): 14.8, 50th(ms): 14.7, 90th(ms): 19.9, 95th(ms): 22.0, 99th(ms): 33.6, 99.9th(ms): 41.9, Max(ms): 41.9
[Current] PAYMENT - Takes(s): 10.0, Count: 2275, TPM: 13652.4, Sum(ms): 46026.6, Avg(ms): 20.2, 50th(ms): 19.9, 90th(ms): 25.2, 95th(ms): 28.3, 99th(ms): 37.7, 99.9th(ms): 48.2, Max(ms): 58.7
[Current] STOCK_LEVEL - Takes(s): 10.0, Count: 192, TPM: 1152.3, Sum(ms): 4252.3, Avg(ms): 22.1, 50th(ms): 22.0, 90th(ms): 28.3, 95th(ms): 31.5, 99th(ms): 35.7, 99.9th(ms): 44.0, Max(ms): 44.0
[Current] DELIVERY - Takes(s): 10.0, Count: 195, TPM: 1173.1, Sum(ms): 17349.0, Avg(ms): 89.1, 50th(ms): 88.1, 90th(ms): 109.1, 95th(ms): 117.4, 99th(ms): 130.0, 99.9th(ms): 176.2, Max(ms): 176.2
[Current] NEW_ORDER - Takes(s): 10.0, Count: 2402, TPM: 14412.7, Sum(ms): 83222.0, Avg(ms): 34.7, 50th(ms): 35.7, 90th(ms): 44.0, 95th(ms): 46.1, 99th(ms): 54.5, 99.9th(ms): 71.3, Max(ms): 79.7
[Current] ORDER_STATUS - Takes(s): 9.9, Count: 237, TPM: 1439.6, Sum(ms): 3736.9, Avg(ms): 15.8, 50th(ms): 14.7, 90th(ms): 22.0, 95th(ms): 25.2, 99th(ms): 35.7, 99.9th(ms): 46.1, Max(ms): 46.1
[Current] PAYMENT - Takes(s): 10.0, Count: 2254, TPM: 13525.8, Sum(ms): 46505.3, Avg(ms): 20.6, 50th(ms): 19.9, 90th(ms): 26.2, 95th(ms): 29.4, 99th(ms): 37.7, 99.9th(ms): 56.6, Max(ms): 58.7
[Current] STOCK_LEVEL - Takes(s): 10.0, Count: 211, TPM: 1270.7, Sum(ms): 5112.5, Avg(ms): 24.2, 50th(ms): 23.1, 90th(ms): 32.5, 95th(ms): 37.7, 99th(ms): 88.1, 99.9th(ms): 117.4, Max(ms): 117.4
[Current] DELIVERY - Takes(s): 10.0, Count: 206, TPM: 1237.5, Sum(ms): 17530.3, Avg(ms): 85.1, 50th(ms): 88.1, 90th(ms): 100.7, 95th(ms): 104.9, 99th(ms): 130.0, 99.9th(ms): 184.5, Max(ms): 184.5
[Current] NEW_ORDER - Takes(s): 10.0, Count: 2495, TPM: 14971.1, Sum(ms): 82154.9, Avg(ms): 32.9, 50th(ms): 33.6, 90th(ms): 41.9, 95th(ms): 44.0, 99th(ms): 52.4, 99.9th(ms): 67.1, Max(ms): 79.7
[Current] ORDER_STATUS - Takes(s): 10.0, Count: 223, TPM: 1343.7, Sum(ms): 3344.2, Avg(ms): 15.0, 50th(ms): 14.2, 90th(ms): 23.1, 95th(ms): 27.3, 99th(ms): 39.8, 99.9th(ms): 41.9, Max(ms): 41.9
[Current] PAYMENT - Takes(s): 10.0, Count: 2373, TPM: 14246.5, Sum(ms): 46786.6, Avg(ms): 19.7, 50th(ms): 19.9, 90th(ms): 24.1, 95th(ms): 27.3, 99th(ms): 37.7, 99.9th(ms): 52.4, Max(ms): 54.5
[Current] STOCK_LEVEL - Takes(s): 10.0, Count: 233, TPM: 1399.0, Sum(ms): 5866.7, Avg(ms): 25.2, 50th(ms): 22.0, 90th(ms): 32.5, 95th(ms): 50.3, 99th(ms): 117.4, 99.9th(ms): 167.8, Max(ms): 167.8
[Current] DELIVERY - Takes(s): 10.0, Count: 205, TPM: 1234.2, Sum(ms): 17254.0, Avg(ms): 84.0, 50th(ms): 83.9, 90th(ms): 100.7, 95th(ms): 104.9, 99th(ms): 113.2, 99.9th(ms): 134.2, Max(ms): 134.2
[Current] NEW_ORDER - Takes(s): 10.0, Count: 2489, TPM: 14939.7, Sum(ms): 82648.4, Avg(ms): 33.2, 50th(ms): 33.6, 90th(ms): 41.9, 95th(ms): 44.0, 99th(ms): 50.3, 99.9th(ms): 67.1, Max(ms): 75.5
[Current] ORDER_STATUS - Takes(s): 10.0, Count: 207, TPM: 1243.1, Sum(ms): 3153.9, Avg(ms): 15.2, 50th(ms): 14.7, 90th(ms): 21.0, 95th(ms): 24.1, 99th(ms): 35.7, 99.9th(ms): 39.8, Max(ms): 39.8
[Current] PAYMENT - Takes(s): 10.0, Count: 2413, TPM: 14492.5, Sum(ms): 47537.7, Avg(ms): 19.7, 50th(ms): 19.9, 90th(ms): 24.1, 95th(ms): 27.3, 99th(ms): 35.7, 99.9th(ms): 48.2, Max(ms): 52.4
[Current] STOCK_LEVEL - Takes(s): 9.9, Count: 216, TPM: 1307.0, Sum(ms): 5045.3, Avg(ms): 23.4, 50th(ms): 22.0, 90th(ms): 29.4, 95th(ms): 37.7, 99th(ms): 75.5, 99.9th(ms): 88.1, Max(ms): 88.1
[Current] DELIVERY - Takes(s): 10.0, Count: 236, TPM: 1416.8, Sum(ms): 20165.4, Avg(ms): 85.3, 50th(ms): 88.1, 90th(ms): 100.7, 95th(ms): 104.9, 99th(ms): 121.6, 99.9th(ms): 142.6, Max(ms): 142.6
[Current] NEW_ORDER - Takes(s): 10.0, Count: 2469, TPM: 14819.3, Sum(ms): 80623.3, Avg(ms): 32.7, 50th(ms): 32.5, 90th(ms): 39.8, 95th(ms): 44.0, 99th(ms): 50.3, 99.9th(ms): 65.0, Max(ms): 71.3
[Current] ORDER_STATUS - Takes(s): 9.8, Count: 218, TPM: 1328.3, Sum(ms): 3237.8, Avg(ms): 14.9, 50th(ms): 14.2, 90th(ms): 19.9, 95th(ms): 23.1, 99th(ms): 32.5, 99.9th(ms): 33.6, Max(ms): 33.6
[Current] PAYMENT - Takes(s): 10.0, Count: 2340, TPM: 14039.6, Sum(ms): 45068.2, Avg(ms): 19.3, 50th(ms): 18.9, 90th(ms): 24.1, 95th(ms): 26.2, 99th(ms): 35.7, 99.9th(ms): 46.1, Max(ms): 71.3
[Current] STOCK_LEVEL - Takes(s): 10.0, Count: 258, TPM: 1553.1, Sum(ms): 6793.6, Avg(ms): 26.3, 50th(ms): 23.1, 90th(ms): 31.5, 95th(ms): 46.1, 99th(ms): 113.2, 99.9th(ms): 285.2, Max(ms): 285.2
[Current] DELIVERY - Takes(s): 10.0, Count: 218, TPM: 1311.3, Sum(ms): 18808.4, Avg(ms): 86.3, 50th(ms): 88.1, 90th(ms): 100.7, 95th(ms): 104.9, 99th(ms): 130.0, 99.9th(ms): 151.0, Max(ms): 151.0
[Current] NEW_ORDER - Takes(s): 10.0, Count: 2467, TPM: 14805.6, Sum(ms): 82065.0, Avg(ms): 33.3, 50th(ms): 33.6, 90th(ms): 41.9, 95th(ms): 44.0, 99th(ms): 54.5, 99.9th(ms): 75.5, Max(ms): 79.7
[Current] ORDER_STATUS - Takes(s): 10.0, Count: 204, TPM: 1227.9, Sum(ms): 2979.9, Avg(ms): 14.6, 50th(ms): 14.2, 90th(ms): 19.9, 95th(ms): 23.1, 99th(ms): 32.5, 99.9th(ms): 33.6, Max(ms): 33.6
[Current] PAYMENT - Takes(s): 10.0, Count: 2379, TPM: 14275.3, Sum(ms): 46871.5, Avg(ms): 19.7, 50th(ms): 19.9, 90th(ms): 24.1, 95th(ms): 27.3, 99th(ms): 33.6, 99.9th(ms): 54.5, Max(ms): 79.7
[Current] STOCK_LEVEL - Takes(s): 10.0, Count: 217, TPM: 1303.5, Sum(ms): 4977.2, Avg(ms): 22.9, 50th(ms): 22.0, 90th(ms): 32.5, 95th(ms): 37.7, 99th(ms): 48.2, 99.9th(ms): 52.4, Max(ms): 52.4
[Current] DELIVERY - Takes(s): 10.0, Count: 235, TPM: 1415.7, Sum(ms): 20342.0, Avg(ms): 86.6, 50th(ms): 88.1, 90th(ms): 100.7, 95th(ms): 104.9, 99th(ms): 117.4, 99.9th(ms): 167.8, Max(ms): 167.8
[Current] NEW_ORDER - Takes(s): 10.0, Count: 2442, TPM: 14653.8, Sum(ms): 82309.5, Avg(ms): 33.7, 50th(ms): 33.6, 90th(ms): 41.9, 95th(ms): 44.0, 99th(ms): 52.4, 99.9th(ms): 65.0, Max(ms): 75.5
[Current] ORDER_STATUS - Takes(s): 10.0, Count: 191, TPM: 1149.3, Sum(ms): 3006.5, Avg(ms): 15.7, 50th(ms): 14.7, 90th(ms): 21.0, 95th(ms): 27.3, 99th(ms): 37.7, 99.9th(ms): 48.2, Max(ms): 48.2
[Current] PAYMENT - Takes(s): 10.0, Count: 2285, TPM: 13714.2, Sum(ms): 45403.8, Avg(ms): 19.9, 50th(ms): 19.9, 90th(ms): 25.2, 95th(ms): 27.3, 99th(ms): 37.7, 99.9th(ms): 48.2, Max(ms): 58.7
[Current] STOCK_LEVEL - Takes(s): 10.0, Count: 201, TPM: 1207.5, Sum(ms): 4996.0, Avg(ms): 24.9, 50th(ms): 24.1, 90th(ms): 31.5, 95th(ms): 37.7, 99th(ms): 56.6, 99.9th(ms): 134.2, Max(ms): 134.2
[Current] DELIVERY - Takes(s): 9.9, Count: 238, TPM: 1439.4, Sum(ms): 20662.0, Avg(ms): 86.9, 50th(ms): 88.1, 90th(ms): 100.7, 95th(ms): 109.1, 99th(ms): 125.8, 99.9th(ms): 159.4, Max(ms): 159.4
[Current] NEW_ORDER - Takes(s): 10.0, Count: 2458, TPM: 14754.5, Sum(ms): 81752.0, Avg(ms): 33.3, 50th(ms): 33.6, 90th(ms): 41.9, 95th(ms): 44.0, 99th(ms): 50.3, 99.9th(ms): 65.0, Max(ms): 75.5
[Current] ORDER_STATUS - Takes(s): 9.9, Count: 223, TPM: 1353.7, Sum(ms): 3345.5, Avg(ms): 15.0, 50th(ms): 13.6, 90th(ms): 19.9, 95th(ms): 30.4, 99th(ms): 39.8, 99.9th(ms): 48.2, Max(ms): 48.2
[Current] PAYMENT - Takes(s): 10.0, Count: 2253, TPM: 13521.0, Sum(ms): 44257.4, Avg(ms): 19.6, 50th(ms): 19.9, 90th(ms): 24.1, 95th(ms): 26.2, 99th(ms): 33.6, 99.9th(ms): 48.2, Max(ms): 56.6
[Current] STOCK_LEVEL - Takes(s): 10.0, Count: 230, TPM: 1380.7, Sum(ms): 5499.4, Avg(ms): 23.9, 50th(ms): 23.1, 90th(ms): 30.4, 95th(ms): 35.7, 99th(ms): 58.7, 99.9th(ms): 88.1, Max(ms): 88.1
[Current] DELIVERY - Takes(s): 10.0, Count: 233, TPM: 1400.8, Sum(ms): 20169.9, Avg(ms): 86.6, 50th(ms): 88.1, 90th(ms): 100.7, 95th(ms): 104.9, 99th(ms): 117.4, 99.9th(ms): 125.8, Max(ms): 125.8
[Current] NEW_ORDER - Takes(s): 10.0, Count: 2410, TPM: 14460.4, Sum(ms): 81233.8, Avg(ms): 33.7, 50th(ms): 33.6, 90th(ms): 41.9, 95th(ms): 44.0, 99th(ms): 52.4, 99.9th(ms): 60.8, Max(ms): 71.3
[Current] ORDER_STATUS - Takes(s): 9.9, Count: 209, TPM: 1263.9, Sum(ms): 3159.0, Avg(ms): 15.1, 50th(ms): 14.7, 90th(ms): 21.0, 95th(ms): 25.2, 99th(ms): 29.4, 99.9th(ms): 54.5, Max(ms): 54.5
[Current] PAYMENT - Takes(s): 10.0, Count: 2309, TPM: 13856.4, Sum(ms): 46026.2, Avg(ms): 19.9, 50th(ms): 19.9, 90th(ms): 25.2, 95th(ms): 27.3, 99th(ms): 35.7, 99.9th(ms): 48.2, Max(ms): 56.6
[Current] STOCK_LEVEL - Takes(s): 10.0, Count: 226, TPM: 1359.2, Sum(ms): 5187.8, Avg(ms): 23.0, 50th(ms): 23.1, 90th(ms): 30.4, 95th(ms): 32.5, 99th(ms): 37.7, 99.9th(ms): 62.9, Max(ms): 62.9
[Current] DELIVERY - Takes(s): 10.0, Count: 228, TPM: 1368.5, Sum(ms): 19765.1, Avg(ms): 86.8, 50th(ms): 88.1, 90th(ms): 100.7, 95th(ms): 109.1, 99th(ms): 151.0, 99.9th(ms): 192.9, Max(ms): 192.9
[Current] NEW_ORDER - Takes(s): 10.0, Count: 2445, TPM: 14680.4, Sum(ms): 81209.7, Avg(ms): 33.2, 50th(ms): 33.6, 90th(ms): 41.9, 95th(ms): 44.0, 99th(ms): 50.3, 99.9th(ms): 65.0, Max(ms): 65.0
[Current] ORDER_STATUS - Takes(s): 10.0, Count: 214, TPM: 1285.8, Sum(ms): 3286.8, Avg(ms): 15.4, 50th(ms): 14.2, 90th(ms): 21.0, 95th(ms): 25.2, 99th(ms): 46.1, 99.9th(ms): 52.4, Max(ms): 52.4
[Current] PAYMENT - Takes(s): 10.0, Count: 2329, TPM: 13980.3, Sum(ms): 46118.5, Avg(ms): 19.8, 50th(ms): 19.9, 90th(ms): 24.1, 95th(ms): 27.3, 99th(ms): 35.7, 99.9th(ms): 52.4, Max(ms): 54.5
[Current] STOCK_LEVEL - Takes(s): 10.0, Count: 230, TPM: 1380.0, Sum(ms): 5570.0, Avg(ms): 24.2, 50th(ms): 23.1, 90th(ms): 31.5, 95th(ms): 35.7, 99th(ms): 46.1, 99.9th(ms): 67.1, Max(ms): 67.1
[Current] DELIVERY - Takes(s): 9.9, Count: 244, TPM: 1479.0, Sum(ms): 21187.3, Avg(ms): 86.9, 50th(ms): 88.1, 90th(ms): 100.7, 95th(ms): 104.9, 99th(ms): 134.2, 99.9th(ms): 251.7, Max(ms): 251.7
[Current] NEW_ORDER - Takes(s): 10.0, Count: 2486, TPM: 14917.3, Sum(ms): 80763.5, Avg(ms): 32.5, 50th(ms): 32.5, 90th(ms): 39.8, 95th(ms): 41.9, 99th(ms): 50.3, 99.9th(ms): 60.8, Max(ms): 65.0
[Current] ORDER_STATUS - Takes(s): 9.9, Count: 224, TPM: 1352.9, Sum(ms): 3443.8, Avg(ms): 15.4, 50th(ms): 14.7, 90th(ms): 22.0, 95th(ms): 25.2, 99th(ms): 39.8, 99.9th(ms): 41.9, Max(ms): 41.9
[Current] PAYMENT - Takes(s): 10.0, Count: 2351, TPM: 14106.8, Sum(ms): 45908.3, Avg(ms): 19.5, 50th(ms): 19.9, 90th(ms): 24.1, 95th(ms): 26.2, 99th(ms): 35.7, 99.9th(ms): 50.3, Max(ms): 67.1
[Current] STOCK_LEVEL - Takes(s): 9.9, Count: 197, TPM: 1188.5, Sum(ms): 4493.9, Avg(ms): 22.8, 50th(ms): 23.1, 90th(ms): 29.4, 95th(ms): 31.5, 99th(ms): 39.8, 99.9th(ms): 44.0, Max(ms): 44.0
[Current] DELIVERY - Takes(s): 10.0, Count: 248, TPM: 1489.6, Sum(ms): 21155.2, Avg(ms): 85.3, 50th(ms): 88.1, 90th(ms): 100.7, 95th(ms): 104.9, 99th(ms): 113.2, 99.9th(ms): 121.6, Max(ms): 121.6
[Current] NEW_ORDER - Takes(s): 10.0, Count: 2445, TPM: 14682.6, Sum(ms): 79845.0, Avg(ms): 32.7, 50th(ms): 32.5, 90th(ms): 39.8, 95th(ms): 44.0, 99th(ms): 50.3, 99.9th(ms): 60.8, Max(ms): 65.0
[Current] ORDER_STATUS - Takes(s): 9.9, Count: 214, TPM: 1291.0, Sum(ms): 3149.9, Avg(ms): 14.7, 50th(ms): 14.7, 90th(ms): 19.9, 95th(ms): 23.1, 99th(ms): 28.3, 99.9th(ms): 37.7, Max(ms): 37.7
[Current] PAYMENT - Takes(s): 10.0, Count: 2339, TPM: 14038.1, Sum(ms): 45244.4, Avg(ms): 19.3, 50th(ms): 18.9, 90th(ms): 24.1, 95th(ms): 26.2, 99th(ms): 32.5, 99.9th(ms): 46.1, Max(ms): 56.6
[Current] STOCK_LEVEL - Takes(s): 9.9, Count: 224, TPM: 1358.0, Sum(ms): 6549.4, Avg(ms): 29.2, 50th(ms): 23.1, 90th(ms): 30.4, 95th(ms): 67.1, 99th(ms): 251.7, 99.9th(ms): 285.2, Max(ms): 285.2
[Current] DELIVERY - Takes(s): 9.9, Count: 225, TPM: 1358.5, Sum(ms): 19523.5, Avg(ms): 86.7, 50th(ms): 88.1, 90th(ms): 104.9, 95th(ms): 109.1, 99th(ms): 125.8, 99.9th(ms): 151.0, Max(ms): 151.0
[Current] NEW_ORDER - Takes(s): 10.0, Count: 2476, TPM: 14868.3, Sum(ms): 83343.3, Avg(ms): 33.7, 50th(ms): 33.6, 90th(ms): 41.9, 95th(ms): 44.0, 99th(ms): 52.4, 99.9th(ms): 65.0, Max(ms): 75.5
[Current] ORDER_STATUS - Takes(s): 9.9, Count: 230, TPM: 1390.0, Sum(ms): 3577.3, Avg(ms): 15.6, 50th(ms): 14.2, 90th(ms): 22.0, 95th(ms): 29.4, 99th(ms): 37.7, 99.9th(ms): 39.8, Max(ms): 39.8
[Current] PAYMENT - Takes(s): 10.0, Count: 2221, TPM: 13326.0, Sum(ms): 44136.2, Avg(ms): 19.9, 50th(ms): 19.9, 90th(ms): 25.2, 95th(ms): 27.3, 99th(ms): 32.5, 99.9th(ms): 46.1, Max(ms): 56.6
[Current] STOCK_LEVEL - Takes(s): 9.9, Count: 215, TPM: 1308.8, Sum(ms): 5200.7, Avg(ms): 24.2, 50th(ms): 23.1, 90th(ms): 32.5, 95th(ms): 35.7, 99th(ms): 56.6, 99.9th(ms): 113.2, Max(ms): 113.2
[Current] DELIVERY - Takes(s): 10.0, Count: 211, TPM: 1268.3, Sum(ms): 20054.2, Avg(ms): 95.0, 50th(ms): 96.5, 90th(ms): 113.2, 95th(ms): 117.4, 99th(ms): 130.0, 99.9th(ms): 134.2, Max(ms): 134.2
[Current] NEW_ORDER - Takes(s): 10.0, Count: 2211, TPM: 13267.5, Sum(ms): 80616.9, Avg(ms): 36.5, 50th(ms): 37.7, 90th(ms): 46.1, 95th(ms): 48.2, 99th(ms): 58.7, 99.9th(ms): 75.5, Max(ms): 92.3
[Current] ORDER_STATUS - Takes(s): 9.9, Count: 202, TPM: 1220.0, Sum(ms): 3331.6, Avg(ms): 16.5, 50th(ms): 15.7, 90th(ms): 23.1, 95th(ms): 26.2, 99th(ms): 41.9, 99.9th(ms): 54.5, Max(ms): 54.5
[Current] PAYMENT - Takes(s): 10.0, Count: 2129, TPM: 12785.7, Sum(ms): 45979.6, Avg(ms): 21.6, 50th(ms): 21.0, 90th(ms): 27.3, 95th(ms): 30.4, 99th(ms): 39.8, 99.9th(ms): 50.3, Max(ms): 54.5
[Current] STOCK_LEVEL - Takes(s): 9.8, Count: 190, TPM: 1161.4, Sum(ms): 5627.5, Avg(ms): 29.6, 50th(ms): 28.3, 90th(ms): 39.8, 95th(ms): 46.1, 99th(ms): 56.6, 99.9th(ms): 62.9, Max(ms): 62.9
[Current] DELIVERY - Takes(s): 10.0, Count: 205, TPM: 1232.7, Sum(ms): 19741.6, Avg(ms): 96.2, 50th(ms): 96.5, 90th(ms): 109.1, 95th(ms): 117.4, 99th(ms): 167.8, 99.9th(ms): 302.0, Max(ms): 302.0
[Current] NEW_ORDER - Takes(s): 10.0, Count: 2262, TPM: 13576.7, Sum(ms): 79895.5, Avg(ms): 35.3, 50th(ms): 35.7, 90th(ms): 44.0, 95th(ms): 46.1, 99th(ms): 52.4, 99.9th(ms): 62.9, Max(ms): 71.3
[Current] ORDER_STATUS - Takes(s): 9.9, Count: 210, TPM: 1268.3, Sum(ms): 3509.5, Avg(ms): 16.7, 50th(ms): 15.7, 90th(ms): 23.1, 95th(ms): 30.4, 99th(ms): 46.1, 99.9th(ms): 56.6, Max(ms): 56.6
[Current] PAYMENT - Takes(s): 10.0, Count: 2218, TPM: 13311.9, Sum(ms): 47005.8, Avg(ms): 21.2, 50th(ms): 21.0, 90th(ms): 26.2, 95th(ms): 28.3, 99th(ms): 37.7, 99.9th(ms): 54.5, Max(ms): 54.5
[Current] STOCK_LEVEL - Takes(s): 10.0, Count: 215, TPM: 1290.4, Sum(ms): 5790.3, Avg(ms): 26.9, 50th(ms): 26.2, 90th(ms): 35.7, 95th(ms): 37.7, 99th(ms): 46.1, 99.9th(ms): 62.9, Max(ms): 62.9
[Current] DELIVERY - Takes(s): 9.9, Count: 194, TPM: 1170.8, Sum(ms): 19829.7, Avg(ms): 102.4, 50th(ms): 104.9, 90th(ms): 121.6, 95th(ms): 125.8, 99th(ms): 134.2, 99.9th(ms): 142.6, Max(ms): 142.6
[Current] NEW_ORDER - Takes(s): 10.0, Count: 2156, TPM: 12937.7, Sum(ms): 82598.5, Avg(ms): 38.3, 50th(ms): 39.8, 90th(ms): 48.2, 95th(ms): 50.3, 99th(ms): 58.7, 99.9th(ms): 71.3, Max(ms): 83.9
[Current] ORDER_STATUS - Takes(s): 10.0, Count: 182, TPM: 1095.0, Sum(ms): 3400.6, Avg(ms): 18.7, 50th(ms): 18.9, 90th(ms): 25.2, 95th(ms): 28.3, 99th(ms): 48.2, 99.9th(ms): 52.4, Max(ms): 52.4
[Current] PAYMENT - Takes(s): 10.0, Count: 1981, TPM: 11893.2, Sum(ms): 45140.9, Avg(ms): 22.8, 50th(ms): 23.1, 90th(ms): 28.3, 95th(ms): 30.4, 99th(ms): 39.8, 99.9th(ms): 50.3, Max(ms): 65.0
[Current] STOCK_LEVEL - Takes(s): 9.9, Count: 187, TPM: 1129.2, Sum(ms): 4848.1, Avg(ms): 25.9, 50th(ms): 25.2, 90th(ms): 33.6, 95th(ms): 37.7, 99th(ms): 50.3, 99.9th(ms): 62.9, Max(ms): 62.9
[Current] DELIVERY - Takes(s): 10.0, Count: 211, TPM: 1269.8, Sum(ms): 20870.2, Avg(ms): 99.0, 50th(ms): 100.7, 90th(ms): 117.4, 95th(ms): 125.8, 99th(ms): 134.2, 99.9th(ms): 176.2, Max(ms): 176.2
[Current] NEW_ORDER - Takes(s): 10.0, Count: 2163, TPM: 12989.8, Sum(ms): 80912.6, Avg(ms): 37.4, 50th(ms): 37.7, 90th(ms): 46.1, 95th(ms): 50.3, 99th(ms): 56.6, 99.9th(ms): 62.9, Max(ms): 62.9
[Current] ORDER_STATUS - Takes(s): 10.0, Count: 205, TPM: 1231.5, Sum(ms): 3595.6, Avg(ms): 17.5, 50th(ms): 17.8, 90th(ms): 24.1, 95th(ms): 28.3, 99th(ms): 39.8, 99.9th(ms): 44.0, Max(ms): 44.0
[Current] PAYMENT - Takes(s): 10.0, Count: 2039, TPM: 12238.8, Sum(ms): 45610.0, Avg(ms): 22.4, 50th(ms): 22.0, 90th(ms): 28.3, 95th(ms): 30.4, 99th(ms): 37.7, 99.9th(ms): 50.3, Max(ms): 52.4
[Current] STOCK_LEVEL - Takes(s): 10.0, Count: 188, TPM: 1128.1, Sum(ms): 4871.5, Avg(ms): 25.9, 50th(ms): 26.2, 90th(ms): 33.6, 95th(ms): 37.7, 99th(ms): 41.9, 99.9th(ms): 44.0, Max(ms): 44.0
[Current] DELIVERY - Takes(s): 9.9, Count: 195, TPM: 1181.7, Sum(ms): 18290.1, Avg(ms): 93.8, 50th(ms): 92.3, 90th(ms): 109.1, 95th(ms): 113.2, 99th(ms): 125.8, 99.9th(ms): 142.6, Max(ms): 142.6
[Current] NEW_ORDER - Takes(s): 10.0, Count: 2278, TPM: 13672.7, Sum(ms): 81427.6, Avg(ms): 35.8, 50th(ms): 35.7, 90th(ms): 44.0, 95th(ms): 48.2, 99th(ms): 54.5, 99.9th(ms): 65.0, Max(ms): 75.5
[Current] ORDER_STATUS - Takes(s): 10.0, Count: 225, TPM: 1353.2, Sum(ms): 3936.4, Avg(ms): 17.5, 50th(ms): 16.3, 90th(ms): 24.1, 95th(ms): 31.5, 99th(ms): 50.3, 99.9th(ms): 54.5, Max(ms): 54.5
[Current] PAYMENT - Takes(s): 10.0, Count: 2163, TPM: 12987.5, Sum(ms): 47050.4, Avg(ms): 21.8, 50th(ms): 22.0, 90th(ms): 27.3, 95th(ms): 29.4, 99th(ms): 39.8, 99.9th(ms): 50.3, Max(ms): 58.7
[Current] STOCK_LEVEL - Takes(s): 10.0, Count: 198, TPM: 1189.2, Sum(ms): 5233.7, Avg(ms): 26.4, 50th(ms): 26.2, 90th(ms): 35.7, 95th(ms): 37.7, 99th(ms): 48.2, 99.9th(ms): 56.6, Max(ms): 56.6
[Current] DELIVERY - Takes(s): 10.0, Count: 211, TPM: 1268.9, Sum(ms): 19170.9, Avg(ms): 90.8, 50th(ms): 92.3, 90th(ms): 104.9, 95th(ms): 113.2, 99th(ms): 167.8, 99.9th(ms): 176.2, Max(ms): 176.2
[Current] NEW_ORDER - Takes(s): 10.0, Count: 2394, TPM: 14363.8, Sum(ms): 81182.8, Avg(ms): 33.9, 50th(ms): 33.6, 90th(ms): 41.9, 95th(ms): 44.0, 99th(ms): 52.4, 99.9th(ms): 65.0, Max(ms): 75.5
[Current] ORDER_STATUS - Takes(s): 9.9, Count: 194, TPM: 1176.7, Sum(ms): 3036.2, Avg(ms): 15.7, 50th(ms): 15.2, 90th(ms): 22.0, 95th(ms): 24.1, 99th(ms): 31.5, 99.9th(ms): 37.7, Max(ms): 37.7
[Current] PAYMENT - Takes(s): 10.0, Count: 2331, TPM: 13992.6, Sum(ms): 47143.5, Avg(ms): 20.2, 50th(ms): 19.9, 90th(ms): 25.2, 95th(ms): 27.3, 99th(ms): 35.7, 99.9th(ms): 46.1, Max(ms): 54.5
[Current] STOCK_LEVEL - Takes(s): 10.0, Count: 217, TPM: 1306.1, Sum(ms): 5319.8, Avg(ms): 24.5, 50th(ms): 24.1, 90th(ms): 32.5, 95th(ms): 35.7, 99th(ms): 44.0, 99.9th(ms): 44.0, Max(ms): 44.0
[Current] DELIVERY - Takes(s): 10.0, Count: 236, TPM: 1421.7, Sum(ms): 20610.9, Avg(ms): 87.3, 50th(ms): 88.1, 90th(ms): 104.9, 95th(ms): 109.1, 99th(ms): 121.6, 99.9th(ms): 142.6, Max(ms): 142.6
[Current] NEW_ORDER - Takes(s): 10.0, Count: 2434, TPM: 14607.3, Sum(ms): 81274.5, Avg(ms): 33.4, 50th(ms): 33.6, 90th(ms): 41.9, 95th(ms): 44.0, 99th(ms): 50.3, 99.9th(ms): 60.8, Max(ms): 65.0
[Current] ORDER_STATUS - Takes(s): 10.0, Count: 207, TPM: 1245.6, Sum(ms): 3203.9, Avg(ms): 15.5, 50th(ms): 14.7, 90th(ms): 19.9, 95th(ms): 28.3, 99th(ms): 37.7, 99.9th(ms): 39.8, Max(ms): 39.8
[Current] PAYMENT - Takes(s): 10.0, Count: 2290, TPM: 13752.2, Sum(ms): 45800.5, Avg(ms): 20.0, 50th(ms): 19.9, 90th(ms): 25.2, 95th(ms): 27.3, 99th(ms): 35.7, 99.9th(ms): 44.0, Max(ms): 50.3
[Current] STOCK_LEVEL - Takes(s): 9.8, Count: 220, TPM: 1342.6, Sum(ms): 4977.6, Avg(ms): 22.6, 50th(ms): 23.1, 90th(ms): 28.3, 95th(ms): 30.4, 99th(ms): 35.7, 99.9th(ms): 37.7, Max(ms): 37.7
[Current] DELIVERY - Takes(s): 9.9, Count: 214, TPM: 1298.6, Sum(ms): 18510.4, Avg(ms): 86.6, 50th(ms): 88.1, 90th(ms): 100.7, 95th(ms): 104.9, 99th(ms): 125.8, 99.9th(ms): 142.6, Max(ms): 142.6
[Current] NEW_ORDER - Takes(s): 10.0, Count: 2462, TPM: 14775.0, Sum(ms): 81276.6, Avg(ms): 33.0, 50th(ms): 33.6, 90th(ms): 41.9, 95th(ms): 44.0, 99th(ms): 50.3, 99.9th(ms): 65.0, Max(ms): 75.5
[Current] ORDER_STATUS - Takes(s): 9.9, Count: 224, TPM: 1350.8, Sum(ms): 3450.1, Avg(ms): 15.4, 50th(ms): 14.7, 90th(ms): 22.0, 95th(ms): 27.3, 99th(ms): 35.7, 99.9th(ms): 44.0, Max(ms): 44.0
[Current] PAYMENT - Takes(s): 10.0, Count: 2413, TPM: 14482.3, Sum(ms): 47188.6, Avg(ms): 19.6, 50th(ms): 19.9, 90th(ms): 24.1, 95th(ms): 26.2, 99th(ms): 33.6, 99.9th(ms): 44.0, Max(ms): 52.4
[Current] STOCK_LEVEL - Takes(s): 10.0, Count: 221, TPM: 1327.9, Sum(ms): 5232.6, Avg(ms): 23.6, 50th(ms): 23.1, 90th(ms): 30.4, 95th(ms): 33.6, 99th(ms): 56.6, 99.9th(ms): 75.5, Max(ms): 75.5
[Current] DELIVERY - Takes(s): 10.0, Count: 219, TPM: 1317.3, Sum(ms): 19216.9, Avg(ms): 87.8, 50th(ms): 88.1, 90th(ms): 104.9, 95th(ms): 109.1, 99th(ms): 125.8, 99.9th(ms): 159.4, Max(ms): 159.4
[Current] NEW_ORDER - Takes(s): 10.0, Count: 2477, TPM: 14861.8, Sum(ms): 82362.8, Avg(ms): 33.3, 50th(ms): 33.6, 90th(ms): 41.9, 95th(ms): 44.0, 99th(ms): 52.4, 99.9th(ms): 65.0, Max(ms): 75.5
[Current] ORDER_STATUS - Takes(s): 10.0, Count: 195, TPM: 1173.3, Sum(ms): 2985.8, Avg(ms): 15.3, 50th(ms): 14.7, 90th(ms): 21.0, 95th(ms): 26.2, 99th(ms): 37.7, 99.9th(ms): 39.8, Max(ms): 39.8
[Current] PAYMENT - Takes(s): 10.0, Count: 2299, TPM: 13804.9, Sum(ms): 45927.2, Avg(ms): 20.0, 50th(ms): 19.9, 90th(ms): 25.2, 95th(ms): 28.3, 99th(ms): 35.7, 99.9th(ms): 54.5, Max(ms): 67.1
[Current] STOCK_LEVEL - Takes(s): 10.0, Count: 218, TPM: 1314.2, Sum(ms): 5292.0, Avg(ms): 24.2, 50th(ms): 23.1, 90th(ms): 30.4, 95th(ms): 32.5, 99th(ms): 41.9, 99.9th(ms): 226.5, Max(ms): 226.5
[Current] DELIVERY - Takes(s): 9.9, Count: 237, TPM: 1429.4, Sum(ms): 20580.2, Avg(ms): 86.9, 50th(ms): 88.1, 90th(ms): 100.7, 95th(ms): 109.1, 99th(ms): 113.2, 99.9th(ms): 151.0, Max(ms): 151.0
[Current] NEW_ORDER - Takes(s): 10.0, Count: 2449, TPM: 14700.9, Sum(ms): 80666.9, Avg(ms): 33.0, 50th(ms): 33.6, 90th(ms): 39.8, 95th(ms): 44.0, 99th(ms): 48.2, 99.9th(ms): 56.6, Max(ms): 67.1
[Current] ORDER_STATUS - Takes(s): 9.9, Count: 204, TPM: 1233.6, Sum(ms): 3056.7, Avg(ms): 15.0, 50th(ms): 14.2, 90th(ms): 19.9, 95th(ms): 23.1, 99th(ms): 35.7, 99.9th(ms): 44.0, Max(ms): 44.0
[Current] PAYMENT - Takes(s): 10.0, Count: 2305, TPM: 13830.6, Sum(ms): 44801.2, Avg(ms): 19.4, 50th(ms): 19.9, 90th(ms): 24.1, 95th(ms): 26.2, 99th(ms): 35.7, 99.9th(ms): 50.3, Max(ms): 56.6
[Current] STOCK_LEVEL - Takes(s): 9.9, Count: 219, TPM: 1321.4, Sum(ms): 6567.5, Avg(ms): 30.0, 50th(ms): 23.1, 90th(ms): 33.6, 95th(ms): 71.3, 99th(ms): 209.7, 99.9th(ms): 243.3, Max(ms): 243.3
[Current] DELIVERY - Takes(s): 10.0, Count: 223, TPM: 1342.5, Sum(ms): 19446.5, Avg(ms): 87.2, 50th(ms): 88.1, 90th(ms): 104.9, 95th(ms): 104.9, 99th(ms): 121.6, 99.9th(ms): 125.8, Max(ms): 125.8
[Current] NEW_ORDER - Takes(s): 10.0, Count: 2383, TPM: 14302.3, Sum(ms): 79218.8, Avg(ms): 33.3, 50th(ms): 33.6, 90th(ms): 41.9, 95th(ms): 44.0, 99th(ms): 50.3, 99.9th(ms): 58.7, Max(ms): 60.8
[Current] ORDER_STATUS - Takes(s): 10.0, Count: 209, TPM: 1256.7, Sum(ms): 3051.1, Avg(ms): 14.6, 50th(ms): 14.2, 90th(ms): 19.9, 95th(ms): 24.1, 99th(ms): 32.5, 99.9th(ms): 35.7, Max(ms): 35.7
[Current] PAYMENT - Takes(s): 10.0, Count: 2486, TPM: 14921.8, Sum(ms): 48927.2, Avg(ms): 19.7, 50th(ms): 19.9, 90th(ms): 24.1, 95th(ms): 26.2, 99th(ms): 35.7, 99.9th(ms): 52.4, Max(ms): 56.6
[Current] STOCK_LEVEL - Takes(s): 9.9, Count: 214, TPM: 1293.3, Sum(ms): 5046.1, Avg(ms): 23.6, 50th(ms): 23.1, 90th(ms): 29.4, 95th(ms): 31.5, 99th(ms): 46.1, 99.9th(ms): 56.6, Max(ms): 56.6
[Current] DELIVERY - Takes(s): 10.0, Count: 215, TPM: 1292.8, Sum(ms): 18439.4, Avg(ms): 85.9, 50th(ms): 88.1, 90th(ms): 100.7, 95th(ms): 104.9, 99th(ms): 113.2, 99.9th(ms): 117.4, Max(ms): 117.4
[Current] NEW_ORDER - Takes(s): 10.0, Count: 2514, TPM: 15100.5, Sum(ms): 82994.2, Avg(ms): 33.0, 50th(ms): 33.6, 90th(ms): 39.8, 95th(ms): 41.9, 99th(ms): 50.3, 99.9th(ms): 62.9, Max(ms): 75.5
[Current] ORDER_STATUS - Takes(s): 10.0, Count: 257, TPM: 1544.5, Sum(ms): 3914.1, Avg(ms): 15.2, 50th(ms): 14.7, 90th(ms): 21.0, 95th(ms): 27.3, 99th(ms): 37.7, 99.9th(ms): 44.0, Max(ms): 44.0
[Current] PAYMENT - Takes(s): 10.0, Count: 2286, TPM: 13720.7, Sum(ms): 44894.5, Avg(ms): 19.6, 50th(ms): 19.9, 90th(ms): 24.1, 95th(ms): 26.2, 99th(ms): 35.7, 99.9th(ms): 50.3, Max(ms): 54.5
[Current] STOCK_LEVEL - Takes(s): 9.9, Count: 227, TPM: 1374.7, Sum(ms): 5374.0, Avg(ms): 23.7, 50th(ms): 23.1, 90th(ms): 30.4, 95th(ms): 33.6, 99th(ms): 58.7, 99.9th(ms): 71.3, Max(ms): 71.3
Finished
[Summary] DELIVERY - Takes(s): 600.0, Count: 12880, TPM: 1288.1, Sum(ms): 1149458.3, Avg(ms): 89.2, 50th(ms): 88.1, 90th(ms): 104.9, 95th(ms): 113.2, 99th(ms): 130.0, 99.9th(ms): 176.2, Max(ms): 302.0
[Summary] NEW_ORDER - Takes(s): 600.0, Count: 142360, TPM: 14236.0, Sum(ms): 4887864.9, Avg(ms): 34.4, 50th(ms): 35.7, 90th(ms): 44.0, 95th(ms): 46.1, 99th(ms): 52.4, 99.9th(ms): 67.1, Max(ms): 92.3
[Summary] ORDER_STATUS - Takes(s): 600.0, Count: 12909, TPM: 1290.9, Sum(ms): 203487.9, Avg(ms): 15.8, 50th(ms): 15.2, 90th(ms): 22.0, 95th(ms): 27.3, 99th(ms): 37.7, 99.9th(ms): 50.3, Max(ms): 56.6
[Summary] PAYMENT - Takes(s): 600.0, Count: 136079, TPM: 13607.6, Sum(ms): 2776087.8, Avg(ms): 20.4, 50th(ms): 19.9, 90th(ms): 25.2, 95th(ms): 28.3, 99th(ms): 37.7, 99.9th(ms): 52.4, Max(ms): 88.1
[Summary] STOCK_LEVEL - Takes(s): 599.9, Count: 12684, TPM: 1268.6, Sum(ms): 332772.6, Avg(ms): 26.2, 50th(ms): 24.1, 90th(ms): 35.7, 95th(ms): 39.8, 99th(ms): 92.3, 99.9th(ms): 260.0, Max(ms): 335.5
tpmC: 14236.0, tpmTotal: 31691.1, efficiency: 864.8%
