2026/04/28 09:35:01 maxprocs: Leaving GOMAXPROCS=4: CPU quota undefined
[Current] DELIVERY - Takes(s): 9.4, Count: 313, TPM: 1992.2, Sum(ms): 150909.2, Avg(ms): 482.5, 50th(ms): 453.0, 90th(ms): 704.6, 95th(ms): 805.3, 99th(ms): 1040.2, 99.9th(ms): 1140.9, Max(ms): 1140.9
[Current] NEW_ORDER - Takes(s): 9.7, Count: 3406, TPM: 21132.8, Sum(ms): 582817.1, Avg(ms): 171.2, 50th(ms): 159.4, 90th(ms): 251.7, 95th(ms): 285.2, 99th(ms): 369.1, 99.9th(ms): 503.3, Max(ms): 604.0
[Current] ORDER_STATUS - Takes(s): 9.7, Count: 300, TPM: 1859.5, Sum(ms): 20936.0, Avg(ms): 69.7, 50th(ms): 67.1, 90th(ms): 109.1, 95th(ms): 117.4, 99th(ms): 142.6, 99.9th(ms): 209.7, Max(ms): 209.7
[Current] PAYMENT - Takes(s): 9.7, Count: 3288, TPM: 20328.5, Sum(ms): 422896.9, Avg(ms): 128.6, 50th(ms): 113.2, 90th(ms): 209.7, 95th(ms): 251.7, 99th(ms): 369.1, 99.9th(ms): 536.9, Max(ms): 637.5
[Current] STOCK_LEVEL - Takes(s): 9.7, Count: 305, TPM: 1889.7, Sum(ms): 19583.4, Avg(ms): 64.1, 50th(ms): 62.9, 90th(ms): 92.3, 95th(ms): 100.7, 99th(ms): 130.0, 99.9th(ms): 134.2, Max(ms): 134.2
[Current] DELIVERY - Takes(s): 10.0, Count: 314, TPM: 1892.9, Sum(ms): 176080.7, Avg(ms): 561.4, 50th(ms): 503.3, 90th(ms): 906.0, 95th(ms): 1006.6, 99th(ms): 1208.0, 99.9th(ms): 1543.5, Max(ms): 1543.5
[Current] NEW_ORDER - Takes(s): 10.0, Count: 3612, TPM: 21674.4, Sum(ms): 612052.9, Avg(ms): 169.5, 50th(ms): 159.4, 90th(ms): 260.0, 95th(ms): 302.0, 99th(ms): 385.9, 99.9th(ms): 520.1, Max(ms): 604.0
[Current] ORDER_STATUS - Takes(s): 10.0, Count: 316, TPM: 1899.6, Sum(ms): 23585.8, Avg(ms): 74.7, 50th(ms): 67.1, 90th(ms): 121.6, 95th(ms): 151.0, 99th(ms): 192.9, 99.9th(ms): 226.5, Max(ms): 226.5
[Current] PAYMENT - Takes(s): 10.0, Count: 3340, TPM: 20045.7, Sum(ms): 414269.2, Avg(ms): 124.1, 50th(ms): 109.1, 90th(ms): 209.7, 95th(ms): 251.7, 99th(ms): 335.5, 99.9th(ms): 469.8, Max(ms): 536.9
[Current] STOCK_LEVEL - Takes(s): 10.0, Count: 314, TPM: 1890.3, Sum(ms): 23530.5, Avg(ms): 74.9, 50th(ms): 71.3, 90th(ms): 117.4, 95th(ms): 130.0, 99th(ms): 167.8, 99.9th(ms): 184.5, Max(ms): 184.5
[Current] DELIVERY - Takes(s): 10.0, Count: 303, TPM: 1818.4, Sum(ms): 178712.7, Avg(ms): 588.6, 50th(ms): 536.9, 90th(ms): 906.0, 95th(ms): 1040.2, 99th(ms): 1342.2, 99.9th(ms): 1476.4, Max(ms): 1476.4
[Current] NEW_ORDER - Takes(s): 10.0, Count: 3391, TPM: 20363.2, Sum(ms): 604660.5, Avg(ms): 178.4, 50th(ms): 159.4, 90th(ms): 285.2, 95th(ms): 302.0, 99th(ms): 369.1, 99.9th(ms): 520.1, Max(ms): 671.1
[Current] ORDER_STATUS - Takes(s): 10.0, Count: 290, TPM: 1748.1, Sum(ms): 23589.5, Avg(ms): 81.3, 50th(ms): 75.5, 90th(ms): 134.2, 95th(ms): 151.0, 99th(ms): 192.9, 99.9th(ms): 209.7, Max(ms): 209.7
[Current] PAYMENT - Takes(s): 10.0, Count: 3220, TPM: 19337.3, Sum(ms): 416584.7, Avg(ms): 129.4, 50th(ms): 117.4, 90th(ms): 209.7, 95th(ms): 251.7, 99th(ms): 352.3, 99.9th(ms): 469.8, Max(ms): 536.9
[Current] STOCK_LEVEL - Takes(s): 10.0, Count: 304, TPM: 1831.0, Sum(ms): 24891.7, Avg(ms): 81.9, 50th(ms): 79.7, 90th(ms): 117.4, 95th(ms): 130.0, 99th(ms): 167.8, 99.9th(ms): 201.3, Max(ms): 201.3
[Current] DELIVERY - Takes(s): 10.0, Count: 328, TPM: 1970.8, Sum(ms): 186083.6, Avg(ms): 568.1, 50th(ms): 520.1, 90th(ms): 838.9, 95th(ms): 939.5, 99th(ms): 1342.2, 99.9th(ms): 1543.5, Max(ms): 1543.5
[Current] NEW_ORDER - Takes(s): 10.0, Count: 3386, TPM: 20317.5, Sum(ms): 591030.0, Avg(ms): 174.7, 50th(ms): 167.8, 90th(ms): 251.7, 95th(ms): 285.2, 99th(ms): 369.1, 99.9th(ms): 469.8, Max(ms): 604.0
[Current] ORDER_STATUS - Takes(s): 10.0, Count: 300, TPM: 1802.4, Sum(ms): 23114.0, Avg(ms): 77.1, 50th(ms): 75.5, 90th(ms): 113.2, 95th(ms): 121.6, 99th(ms): 159.4, 99.9th(ms): 226.5, Max(ms): 226.5
[Current] PAYMENT - Takes(s): 10.0, Count: 3359, TPM: 20162.8, Sum(ms): 438617.4, Avg(ms): 130.6, 50th(ms): 113.2, 90th(ms): 218.1, 95th(ms): 251.7, 99th(ms): 352.3, 99.9th(ms): 436.2, Max(ms): 486.5
[Current] STOCK_LEVEL - Takes(s): 9.9, Count: 273, TPM: 1656.2, Sum(ms): 19524.9, Avg(ms): 71.6, 50th(ms): 71.3, 90th(ms): 109.1, 95th(ms): 121.6, 99th(ms): 134.2, 99.9th(ms): 184.5, Max(ms): 184.5
[Current] DELIVERY - Takes(s): 9.9, Count: 280, TPM: 1697.0, Sum(ms): 159156.9, Avg(ms): 569.3, 50th(ms): 570.4, 90th(ms): 738.2, 95th(ms): 838.9, 99th(ms): 1275.1, 99.9th(ms): 1610.6, Max(ms): 1610.6
[Current] NEW_ORDER - Takes(s): 10.0, Count: 3449, TPM: 20702.8, Sum(ms): 614622.2, Avg(ms): 178.3, 50th(ms): 176.2, 90th(ms): 251.7, 95th(ms): 285.2, 99th(ms): 369.1, 99.9th(ms): 503.3, Max(ms): 570.4
[Current] ORDER_STATUS - Takes(s): 10.0, Count: 310, TPM: 1862.4, Sum(ms): 24154.8, Avg(ms): 77.9, 50th(ms): 75.5, 90th(ms): 113.2, 95th(ms): 130.0, 99th(ms): 151.0, 99.9th(ms): 201.3, Max(ms): 201.3
[Current] PAYMENT - Takes(s): 10.0, Count: 3341, TPM: 20054.2, Sum(ms): 439992.2, Avg(ms): 131.7, 50th(ms): 117.4, 90th(ms): 209.7, 95th(ms): 251.7, 99th(ms): 335.5, 99.9th(ms): 436.2, Max(ms): 604.0
[Current] STOCK_LEVEL - Takes(s): 10.0, Count: 296, TPM: 1776.8, Sum(ms): 22606.2, Avg(ms): 76.3, 50th(ms): 75.5, 90th(ms): 109.1, 95th(ms): 121.6, 99th(ms): 142.6, 99.9th(ms): 218.1, Max(ms): 218.1
[Current] DELIVERY - Takes(s): 10.0, Count: 268, TPM: 1608.1, Sum(ms): 161115.0, Avg(ms): 601.0, 50th(ms): 570.4, 90th(ms): 872.4, 95th(ms): 1140.9, 99th(ms): 1342.2, 99.9th(ms): 1946.2, Max(ms): 1946.2
[Current] NEW_ORDER - Takes(s): 10.0, Count: 3328, TPM: 19970.4, Sum(ms): 615312.0, Avg(ms): 185.0, 50th(ms): 167.8, 90th(ms): 268.4, 95th(ms): 318.8, 99th(ms): 486.5, 99.9th(ms): 637.5, Max(ms): 771.8
[Current] ORDER_STATUS - Takes(s): 9.9, Count: 289, TPM: 1754.7, Sum(ms): 24359.3, Avg(ms): 84.2, 50th(ms): 75.5, 90th(ms): 134.2, 95th(ms): 159.4, 99th(ms): 243.3, 99.9th(ms): 369.1, Max(ms): 369.1
[Current] PAYMENT - Takes(s): 10.0, Count: 3157, TPM: 18944.3, Sum(ms): 417999.4, Avg(ms): 132.4, 50th(ms): 117.4, 90th(ms): 226.5, 95th(ms): 268.4, 99th(ms): 385.9, 99.9th(ms): 536.9, Max(ms): 570.4
[Current] STOCK_LEVEL - Takes(s): 10.0, Count: 310, TPM: 1860.5, Sum(ms): 33586.3, Avg(ms): 108.4, 50th(ms): 92.3, 90th(ms): 201.3, 95th(ms): 234.9, 99th(ms): 318.8, 99.9th(ms): 352.3, Max(ms): 352.3
[Current] DELIVERY - Takes(s): 9.9, Count: 321, TPM: 1942.1, Sum(ms): 182737.3, Avg(ms): 569.5, 50th(ms): 536.9, 90th(ms): 771.8, 95th(ms): 906.0, 99th(ms): 1275.1, 99.9th(ms): 1476.4, Max(ms): 1476.4
[Current] NEW_ORDER - Takes(s): 10.0, Count: 3439, TPM: 20634.4, Sum(ms): 594250.3, Avg(ms): 172.8, 50th(ms): 167.8, 90th(ms): 251.7, 95th(ms): 285.2, 99th(ms): 385.9, 99.9th(ms): 520.1, Max(ms): 570.4
[Current] ORDER_STATUS - Takes(s): 10.0, Count: 290, TPM: 1742.8, Sum(ms): 22889.0, Avg(ms): 78.9, 50th(ms): 75.5, 90th(ms): 121.6, 95th(ms): 134.2, 99th(ms): 167.8, 99.9th(ms): 226.5, Max(ms): 226.5
[Current] PAYMENT - Takes(s): 10.0, Count: 3352, TPM: 20117.6, Sum(ms): 428866.0, Avg(ms): 127.9, 50th(ms): 113.2, 90th(ms): 209.7, 95th(ms): 243.3, 99th(ms): 335.5, 99.9th(ms): 671.1, Max(ms): 1006.6
[Current] STOCK_LEVEL - Takes(s): 10.0, Count: 283, TPM: 1698.1, Sum(ms): 21922.8, Avg(ms): 77.6, 50th(ms): 71.3, 90th(ms): 121.6, 95th(ms): 151.0, 99th(ms): 201.3, 99.9th(ms): 268.4, Max(ms): 268.4
[Current] DELIVERY - Takes(s): 10.0, Count: 287, TPM: 1724.3, Sum(ms): 165801.2, Avg(ms): 577.7, 50th(ms): 503.3, 90th(ms): 872.4, 95th(ms): 1006.6, 99th(ms): 1275.1, 99.9th(ms): 1409.3, Max(ms): 1409.3
[Current] NEW_ORDER - Takes(s): 10.0, Count: 3400, TPM: 20402.0, Sum(ms): 603353.9, Avg(ms): 177.5, 50th(ms): 167.8, 90th(ms): 260.0, 95th(ms): 302.0, 99th(ms): 352.3, 99.9th(ms): 453.0, Max(ms): 570.4
[Current] ORDER_STATUS - Takes(s): 10.0, Count: 318, TPM: 1908.4, Sum(ms): 25672.3, Avg(ms): 80.8, 50th(ms): 75.5, 90th(ms): 130.0, 95th(ms): 142.6, 99th(ms): 167.8, 99.9th(ms): 192.9, Max(ms): 192.9
[Current] PAYMENT - Takes(s): 10.0, Count: 3331, TPM: 19986.6, Sum(ms): 431299.3, Avg(ms): 129.5, 50th(ms): 117.4, 90th(ms): 209.7, 95th(ms): 243.3, 99th(ms): 335.5, 99.9th(ms): 469.8, Max(ms): 604.0
[Current] STOCK_LEVEL - Takes(s): 10.0, Count: 310, TPM: 1860.2, Sum(ms): 23773.5, Avg(ms): 76.7, 50th(ms): 71.3, 90th(ms): 117.4, 95th(ms): 130.0, 99th(ms): 176.2, 99.9th(ms): 184.5, Max(ms): 184.5
[Current] DELIVERY - Takes(s): 10.0, Count: 291, TPM: 1747.2, Sum(ms): 171738.7, Avg(ms): 590.7, 50th(ms): 570.4, 90th(ms): 805.3, 95th(ms): 939.5, 99th(ms): 1140.9, 99.9th(ms): 1610.6, Max(ms): 1610.6
[Current] NEW_ORDER - Takes(s): 10.0, Count: 3323, TPM: 19938.4, Sum(ms): 613564.9, Avg(ms): 184.7, 50th(ms): 176.2, 90th(ms): 251.7, 95th(ms): 302.0, 99th(ms): 369.1, 99.9th(ms): 503.3, Max(ms): 520.1
[Current] ORDER_STATUS - Takes(s): 10.0, Count: 284, TPM: 1708.9, Sum(ms): 23553.9, Avg(ms): 83.1, 50th(ms): 79.7, 90th(ms): 121.6, 95th(ms): 134.2, 99th(ms): 159.4, 99.9th(ms): 184.5, Max(ms): 184.5
[Current] PAYMENT - Takes(s): 10.0, Count: 3141, TPM: 18852.4, Sum(ms): 421135.2, Avg(ms): 134.0, 50th(ms): 121.6, 90th(ms): 209.7, 95th(ms): 251.7, 99th(ms): 369.1, 99.9th(ms): 486.5, Max(ms): 570.4
[Current] STOCK_LEVEL - Takes(s): 9.8, Count: 276, TPM: 1694.1, Sum(ms): 21959.3, Avg(ms): 79.6, 50th(ms): 75.5, 90th(ms): 113.2, 95th(ms): 130.0, 99th(ms): 201.3, 99.9th(ms): 226.5, Max(ms): 226.5
[Current] DELIVERY - Takes(s): 10.0, Count: 315, TPM: 1891.2, Sum(ms): 188235.9, Avg(ms): 598.0, 50th(ms): 570.4, 90th(ms): 872.4, 95th(ms): 939.5, 99th(ms): 1543.5, 99.9th(ms): 1610.6, Max(ms): 1610.6
[Current] NEW_ORDER - Takes(s): 10.0, Count: 3291, TPM: 19752.5, Sum(ms): 584010.7, Avg(ms): 177.5, 50th(ms): 167.8, 90th(ms): 251.7, 95th(ms): 302.0, 99th(ms): 369.1, 99.9th(ms): 503.3, Max(ms): 604.0
[Current] ORDER_STATUS - Takes(s): 9.9, Count: 270, TPM: 1638.2, Sum(ms): 22650.1, Avg(ms): 84.0, 50th(ms): 79.7, 90th(ms): 130.0, 95th(ms): 151.0, 99th(ms): 184.5, 99.9th(ms): 218.1, Max(ms): 218.1
[Current] PAYMENT - Takes(s): 10.0, Count: 3300, TPM: 19806.4, Sum(ms): 433216.1, Avg(ms): 131.3, 50th(ms): 117.4, 90th(ms): 218.1, 95th(ms): 251.7, 99th(ms): 352.3, 99.9th(ms): 486.5, Max(ms): 604.0
[Current] STOCK_LEVEL - Takes(s): 10.0, Count: 299, TPM: 1798.4, Sum(ms): 21728.1, Avg(ms): 72.7, 50th(ms): 71.3, 90th(ms): 104.9, 95th(ms): 121.6, 99th(ms): 151.0, 99.9th(ms): 243.3, Max(ms): 243.3
[Current] DELIVERY - Takes(s): 10.0, Count: 305, TPM: 1831.0, Sum(ms): 175058.4, Avg(ms): 574.0, 50th(ms): 570.4, 90th(ms): 838.9, 95th(ms): 973.1, 99th(ms): 1140.9, 99.9th(ms): 1811.9, Max(ms): 1811.9
[Current] NEW_ORDER - Takes(s): 10.0, Count: 3421, TPM: 20531.9, Sum(ms): 607041.0, Avg(ms): 177.5, 50th(ms): 176.2, 90th(ms): 251.7, 95th(ms): 285.2, 99th(ms): 402.7, 99.9th(ms): 503.3, Max(ms): 536.9
[Current] ORDER_STATUS - Takes(s): 10.0, Count: 318, TPM: 1909.1, Sum(ms): 25310.6, Avg(ms): 79.7, 50th(ms): 79.7, 90th(ms): 117.4, 95th(ms): 134.2, 99th(ms): 159.4, 99.9th(ms): 201.3, Max(ms): 201.3
[Current] PAYMENT - Takes(s): 10.0, Count: 3283, TPM: 19705.1, Sum(ms): 424991.5, Avg(ms): 129.5, 50th(ms): 117.4, 90th(ms): 209.7, 95th(ms): 251.7, 99th(ms): 385.9, 99.9th(ms): 486.5, Max(ms): 570.4
[Current] STOCK_LEVEL - Takes(s): 10.0, Count: 319, TPM: 1919.1, Sum(ms): 26228.7, Avg(ms): 82.3, 50th(ms): 75.5, 90th(ms): 130.0, 95th(ms): 159.4, 99th(ms): 209.7, 99.9th(ms): 251.7, Max(ms): 251.7
[Current] DELIVERY - Takes(s): 9.9, Count: 307, TPM: 1854.6, Sum(ms): 187175.9, Avg(ms): 609.3, 50th(ms): 570.4, 90th(ms): 906.0, 95th(ms): 1006.6, 99th(ms): 1275.1, 99.9th(ms): 1610.6, Max(ms): 1610.6
[Current] NEW_ORDER - Takes(s): 10.0, Count: 3287, TPM: 19725.3, Sum(ms): 606625.3, Avg(ms): 184.7, 50th(ms): 176.2, 90th(ms): 268.4, 95th(ms): 302.0, 99th(ms): 385.9, 99.9th(ms): 570.4, Max(ms): 704.6
[Current] ORDER_STATUS - Takes(s): 10.0, Count: 294, TPM: 1769.1, Sum(ms): 25247.8, Avg(ms): 85.9, 50th(ms): 83.9, 90th(ms): 130.0, 95th(ms): 151.0, 99th(ms): 176.2, 99.9th(ms): 184.5, Max(ms): 184.5
[Current] PAYMENT - Takes(s): 10.0, Count: 3086, TPM: 18517.4, Sum(ms): 410078.9, Avg(ms): 133.0, 50th(ms): 117.4, 90th(ms): 218.1, 95th(ms): 251.7, 99th(ms): 335.5, 99.9th(ms): 453.0, Max(ms): 503.3
[Current] STOCK_LEVEL - Takes(s): 10.0, Count: 306, TPM: 1839.0, Sum(ms): 25036.7, Avg(ms): 82.0, 50th(ms): 79.7, 90th(ms): 121.6, 95th(ms): 134.2, 99th(ms): 209.7, 99.9th(ms): 285.2, Max(ms): 285.2
[Current] DELIVERY - Takes(s): 10.0, Count: 309, TPM: 1858.8, Sum(ms): 176438.0, Avg(ms): 570.7, 50th(ms): 536.9, 90th(ms): 805.3, 95th(ms): 906.0, 99th(ms): 1073.7, 99.9th(ms): 1476.4, Max(ms): 1476.4
[Current] NEW_ORDER - Takes(s): 10.0, Count: 3398, TPM: 20389.3, Sum(ms): 603842.8, Avg(ms): 177.8, 50th(ms): 167.8, 90th(ms): 260.0, 95th(ms): 302.0, 99th(ms): 385.9, 99.9th(ms): 486.5, Max(ms): 604.0
[Current] ORDER_STATUS - Takes(s): 10.0, Count: 298, TPM: 1788.3, Sum(ms): 23118.2, Avg(ms): 77.6, 50th(ms): 75.5, 90th(ms): 117.4, 95th(ms): 130.0, 99th(ms): 159.4, 99.9th(ms): 192.9, Max(ms): 192.9
[Current] PAYMENT - Takes(s): 10.0, Count: 3347, TPM: 20107.8, Sum(ms): 423195.4, Avg(ms): 126.5, 50th(ms): 113.2, 90th(ms): 209.7, 95th(ms): 243.3, 99th(ms): 352.3, 99.9th(ms): 469.8, Max(ms): 570.4
[Current] STOCK_LEVEL - Takes(s): 10.0, Count: 312, TPM: 1876.3, Sum(ms): 23565.7, Avg(ms): 75.6, 50th(ms): 75.5, 90th(ms): 109.1, 95th(ms): 121.6, 99th(ms): 159.4, 99.9th(ms): 226.5, Max(ms): 226.5
[Current] DELIVERY - Takes(s): 10.0, Count: 309, TPM: 1854.4, Sum(ms): 186936.3, Avg(ms): 604.7, 50th(ms): 570.4, 90th(ms): 872.4, 95th(ms): 1040.2, 99th(ms): 1543.5, 99.9th(ms): 1677.7, Max(ms): 1677.7
[Current] NEW_ORDER - Takes(s): 10.0, Count: 3440, TPM: 20646.0, Sum(ms): 604519.2, Avg(ms): 175.8, 50th(ms): 167.8, 90th(ms): 234.9, 95th(ms): 268.4, 99th(ms): 385.9, 99.9th(ms): 503.3, Max(ms): 570.4
[Current] ORDER_STATUS - Takes(s): 10.0, Count: 304, TPM: 1828.3, Sum(ms): 23724.9, Avg(ms): 78.0, 50th(ms): 75.5, 90th(ms): 113.2, 95th(ms): 121.6, 99th(ms): 151.0, 99.9th(ms): 201.3, Max(ms): 201.3
[Current] PAYMENT - Takes(s): 10.0, Count: 3266, TPM: 19616.5, Sum(ms): 414722.9, Avg(ms): 127.1, 50th(ms): 113.2, 90th(ms): 201.3, 95th(ms): 234.9, 99th(ms): 318.8, 99.9th(ms): 453.0, Max(ms): 503.3
[Current] STOCK_LEVEL - Takes(s): 9.9, Count: 320, TPM: 1932.8, Sum(ms): 24440.5, Avg(ms): 76.4, 50th(ms): 71.3, 90th(ms): 113.2, 95th(ms): 125.8, 99th(ms): 159.4, 99.9th(ms): 251.7, Max(ms): 251.7
[Current] DELIVERY - Takes(s): 9.9, Count: 330, TPM: 2002.5, Sum(ms): 195786.6, Avg(ms): 593.8, 50th(ms): 604.0, 90th(ms): 872.4, 95th(ms): 1006.6, 99th(ms): 1208.0, 99.9th(ms): 1275.1, Max(ms): 1275.1
[Current] NEW_ORDER - Takes(s): 10.0, Count: 3261, TPM: 19566.0, Sum(ms): 600729.3, Avg(ms): 184.3, 50th(ms): 176.2, 90th(ms): 285.2, 95th(ms): 318.8, 99th(ms): 402.7, 99.9th(ms): 503.3, Max(ms): 637.5
[Current] ORDER_STATUS - Takes(s): 10.0, Count: 286, TPM: 1724.2, Sum(ms): 23467.2, Avg(ms): 82.1, 50th(ms): 79.7, 90th(ms): 121.6, 95th(ms): 142.6, 99th(ms): 192.9, 99.9th(ms): 226.5, Max(ms): 226.5
[Current] PAYMENT - Takes(s): 10.0, Count: 3067, TPM: 18403.5, Sum(ms): 407209.2, Avg(ms): 132.8, 50th(ms): 117.4, 90th(ms): 218.1, 95th(ms): 260.0, 99th(ms): 369.1, 99.9th(ms): 520.1, Max(ms): 570.4
[Current] STOCK_LEVEL - Takes(s): 10.0, Count: 325, TPM: 1955.7, Sum(ms): 25747.7, Avg(ms): 79.3, 50th(ms): 75.5, 90th(ms): 113.2, 95th(ms): 142.6, 99th(ms): 184.5, 99.9th(ms): 226.5, Max(ms): 226.5
[Current] DELIVERY - Takes(s): 9.9, Count: 333, TPM: 2010.9, Sum(ms): 183047.6, Avg(ms): 549.6, 50th(ms): 536.9, 90th(ms): 738.2, 95th(ms): 838.9, 99th(ms): 1208.0, 99.9th(ms): 1476.4, Max(ms): 1476.4
[Current] NEW_ORDER - Takes(s): 10.0, Count: 3598, TPM: 21607.1, Sum(ms): 611477.9, Avg(ms): 170.0, 50th(ms): 167.8, 90th(ms): 226.5, 95th(ms): 260.0, 99th(ms): 335.5, 99.9th(ms): 385.9, Max(ms): 469.8
[Current] ORDER_STATUS - Takes(s): 10.0, Count: 324, TPM: 1949.6, Sum(ms): 24188.0, Avg(ms): 74.7, 50th(ms): 75.5, 90th(ms): 109.1, 95th(ms): 117.4, 99th(ms): 134.2, 99.9th(ms): 159.4, Max(ms): 159.4
[Current] PAYMENT - Takes(s): 10.0, Count: 3336, TPM: 20033.7, Sum(ms): 405385.7, Avg(ms): 121.6, 50th(ms): 109.1, 90th(ms): 184.5, 95th(ms): 226.5, 99th(ms): 302.0, 99.9th(ms): 419.4, Max(ms): 469.8
[Current] STOCK_LEVEL - Takes(s): 10.0, Count: 345, TPM: 2073.3, Sum(ms): 25347.5, Avg(ms): 73.6, 50th(ms): 71.3, 90th(ms): 100.7, 95th(ms): 117.4, 99th(ms): 159.4, 99.9th(ms): 201.3, Max(ms): 201.3
[Current] DELIVERY - Takes(s): 10.0, Count: 292, TPM: 1753.9, Sum(ms): 159685.0, Avg(ms): 547.0, 50th(ms): 520.1, 90th(ms): 771.8, 95th(ms): 838.9, 99th(ms): 1040.2, 99.9th(ms): 1275.1, Max(ms): 1275.1
[Current] NEW_ORDER - Takes(s): 10.0, Count: 3667, TPM: 22014.9, Sum(ms): 618812.1, Avg(ms): 168.8, 50th(ms): 167.8, 90th(ms): 234.9, 95th(ms): 268.4, 99th(ms): 335.5, 99.9th(ms): 436.2, Max(ms): 704.6
[Current] ORDER_STATUS - Takes(s): 10.0, Count: 336, TPM: 2023.9, Sum(ms): 25651.3, Avg(ms): 76.3, 50th(ms): 75.5, 90th(ms): 109.1, 95th(ms): 125.8, 99th(ms): 159.4, 99.9th(ms): 184.5, Max(ms): 184.5
[Current] PAYMENT - Takes(s): 10.0, Count: 3544, TPM: 21276.0, Sum(ms): 426665.0, Avg(ms): 120.5, 50th(ms): 109.1, 90th(ms): 192.9, 95th(ms): 218.1, 99th(ms): 302.0, 99.9th(ms): 453.0, Max(ms): 536.9
[Current] STOCK_LEVEL - Takes(s): 9.9, Count: 363, TPM: 2198.9, Sum(ms): 26864.0, Avg(ms): 74.0, 50th(ms): 71.3, 90th(ms): 100.7, 95th(ms): 121.6, 99th(ms): 201.3, 99.9th(ms): 285.2, Max(ms): 285.2
[Current] DELIVERY - Takes(s): 9.9, Count: 298, TPM: 1798.9, Sum(ms): 172444.3, Avg(ms): 579.2, 50th(ms): 536.9, 90th(ms): 872.4, 95th(ms): 1073.7, 99th(ms): 1409.3, 99.9th(ms): 1543.5, Max(ms): 1543.5
[Current] NEW_ORDER - Takes(s): 10.0, Count: 3424, TPM: 20558.0, Sum(ms): 601537.2, Avg(ms): 175.7, 50th(ms): 167.8, 90th(ms): 260.0, 95th(ms): 318.8, 99th(ms): 385.9, 99.9th(ms): 536.9, Max(ms): 637.5
[Current] ORDER_STATUS - Takes(s): 10.0, Count: 300, TPM: 1805.0, Sum(ms): 23998.1, Avg(ms): 80.0, 50th(ms): 75.5, 90th(ms): 121.6, 95th(ms): 134.2, 99th(ms): 209.7, 99.9th(ms): 285.2, Max(ms): 285.2
[Current] PAYMENT - Takes(s): 10.0, Count: 3434, TPM: 20609.6, Sum(ms): 429293.1, Avg(ms): 125.0, 50th(ms): 109.1, 90th(ms): 209.7, 95th(ms): 243.3, 99th(ms): 335.5, 99.9th(ms): 469.8, Max(ms): 570.4
[Current] STOCK_LEVEL - Takes(s): 10.0, Count: 309, TPM: 1859.6, Sum(ms): 23975.2, Avg(ms): 77.6, 50th(ms): 75.5, 90th(ms): 113.2, 95th(ms): 130.0, 99th(ms): 159.4, 99.9th(ms): 234.9, Max(ms): 234.9
[Current] DELIVERY - Takes(s): 10.0, Count: 311, TPM: 1869.2, Sum(ms): 176829.8, Avg(ms): 568.8, 50th(ms): 570.4, 90th(ms): 771.8, 95th(ms): 906.0, 99th(ms): 1275.1, 99.9th(ms): 1476.4, Max(ms): 1476.4
[Current] NEW_ORDER - Takes(s): 10.0, Count: 3551, TPM: 21306.1, Sum(ms): 614641.7, Avg(ms): 173.1, 50th(ms): 167.8, 90th(ms): 243.3, 95th(ms): 268.4, 99th(ms): 352.3, 99.9th(ms): 436.2, Max(ms): 838.9
[Current] ORDER_STATUS - Takes(s): 10.0, Count: 315, TPM: 1897.0, Sum(ms): 24711.6, Avg(ms): 78.5, 50th(ms): 79.7, 90th(ms): 117.4, 95th(ms): 134.2, 99th(ms): 159.4, 99.9th(ms): 184.5, Max(ms): 184.5
[Current] PAYMENT - Takes(s): 10.0, Count: 3264, TPM: 19583.5, Sum(ms): 408289.2, Avg(ms): 125.1, 50th(ms): 113.2, 90th(ms): 192.9, 95th(ms): 234.9, 99th(ms): 318.8, 99.9th(ms): 419.4, Max(ms): 604.0
[Current] STOCK_LEVEL - Takes(s): 10.0, Count: 333, TPM: 2007.4, Sum(ms): 25298.2, Avg(ms): 76.0, 50th(ms): 75.5, 90th(ms): 104.9, 95th(ms): 117.4, 99th(ms): 151.0, 99.9th(ms): 176.2, Max(ms): 176.2
[Current] DELIVERY - Takes(s): 9.9, Count: 299, TPM: 1804.3, Sum(ms): 172367.1, Avg(ms): 576.6, 50th(ms): 536.9, 90th(ms): 872.4, 95th(ms): 1040.2, 99th(ms): 1342.2, 99.9th(ms): 1543.5, Max(ms): 1543.5
[Current] NEW_ORDER - Takes(s): 10.0, Count: 3510, TPM: 21076.7, Sum(ms): 626853.1, Avg(ms): 178.7, 50th(ms): 167.8, 90th(ms): 260.0, 95th(ms): 302.0, 99th(ms): 419.4, 99.9th(ms): 536.9, Max(ms): 704.6
[Current] ORDER_STATUS - Takes(s): 10.0, Count: 308, TPM: 1855.1, Sum(ms): 24331.9, Avg(ms): 79.1, 50th(ms): 75.5, 90th(ms): 121.6, 95th(ms): 142.6, 99th(ms): 167.8, 99.9th(ms): 192.9, Max(ms): 192.9
[Current] PAYMENT - Takes(s): 10.0, Count: 3244, TPM: 19464.1, Sum(ms): 408502.9, Avg(ms): 125.9, 50th(ms): 113.2, 90th(ms): 201.3, 95th(ms): 243.3, 99th(ms): 352.3, 99.9th(ms): 520.1, Max(ms): 637.5
[Current] STOCK_LEVEL - Takes(s): 10.0, Count: 285, TPM: 1710.2, Sum(ms): 22287.0, Avg(ms): 78.2, 50th(ms): 75.5, 90th(ms): 113.2, 95th(ms): 130.0, 99th(ms): 151.0, 99.9th(ms): 176.2, Max(ms): 176.2
[Current] DELIVERY - Takes(s): 10.0, Count: 297, TPM: 1785.8, Sum(ms): 179789.7, Avg(ms): 606.2, 50th(ms): 570.4, 90th(ms): 838.9, 95th(ms): 1040.2, 99th(ms): 1543.5, 99.9th(ms): 2013.3, Max(ms): 2013.3
[Current] NEW_ORDER - Takes(s): 10.0, Count: 3285, TPM: 19716.0, Sum(ms): 596439.9, Avg(ms): 181.6, 50th(ms): 176.2, 90th(ms): 268.4, 95th(ms): 302.0, 99th(ms): 385.9, 99.9th(ms): 453.0, Max(ms): 570.4
[Current] ORDER_STATUS - Takes(s): 10.0, Count: 303, TPM: 1818.1, Sum(ms): 24366.5, Avg(ms): 80.5, 50th(ms): 75.5, 90th(ms): 121.6, 95th(ms): 142.6, 99th(ms): 184.5, 99.9th(ms): 192.9, Max(ms): 192.9
[Current] PAYMENT - Takes(s): 10.0, Count: 3247, TPM: 19486.7, Sum(ms): 421210.3, Avg(ms): 129.8, 50th(ms): 117.4, 90th(ms): 209.7, 95th(ms): 251.7, 99th(ms): 352.3, 99.9th(ms): 486.5, Max(ms): 637.5
[Current] STOCK_LEVEL - Takes(s): 10.0, Count: 324, TPM: 1946.3, Sum(ms): 26846.6, Avg(ms): 82.8, 50th(ms): 79.7, 90th(ms): 117.4, 95th(ms): 125.8, 99th(ms): 151.0, 99.9th(ms): 184.5, Max(ms): 184.5
[Current] DELIVERY - Takes(s): 10.0, Count: 313, TPM: 1879.5, Sum(ms): 182191.5, Avg(ms): 582.4, 50th(ms): 503.3, 90th(ms): 872.4, 95th(ms): 939.5, 99th(ms): 1342.2, 99.9th(ms): 1543.5, Max(ms): 1543.5
[Current] NEW_ORDER - Takes(s): 10.0, Count: 3353, TPM: 20129.1, Sum(ms): 600608.8, Avg(ms): 179.2, 50th(ms): 167.8, 90th(ms): 268.4, 95th(ms): 318.8, 99th(ms): 419.4, 99.9th(ms): 520.1, Max(ms): 570.4
[Current] ORDER_STATUS - Takes(s): 10.0, Count: 297, TPM: 1790.6, Sum(ms): 24129.6, Avg(ms): 81.3, 50th(ms): 75.5, 90th(ms): 121.6, 95th(ms): 167.8, 99th(ms): 218.1, 99.9th(ms): 268.4, Max(ms): 268.4
[Current] PAYMENT - Takes(s): 10.0, Count: 3333, TPM: 19998.1, Sum(ms): 422443.7, Avg(ms): 126.8, 50th(ms): 109.1, 90th(ms): 209.7, 95th(ms): 251.7, 99th(ms): 352.3, 99.9th(ms): 503.3, Max(ms): 738.2
[Current] STOCK_LEVEL - Takes(s): 9.9, Count: 309, TPM: 1864.7, Sum(ms): 26044.8, Avg(ms): 84.3, 50th(ms): 75.5, 90th(ms): 117.4, 95th(ms): 151.0, 99th(ms): 436.2, 99.9th(ms): 503.3, Max(ms): 503.3
[Current] DELIVERY - Takes(s): 10.0, Count: 315, TPM: 1894.2, Sum(ms): 177914.3, Avg(ms): 565.1, 50th(ms): 570.4, 90th(ms): 805.3, 95th(ms): 973.1, 99th(ms): 1208.0, 99.9th(ms): 1275.1, Max(ms): 1275.1
[Current] NEW_ORDER - Takes(s): 10.0, Count: 3433, TPM: 20605.4, Sum(ms): 606095.8, Avg(ms): 176.6, 50th(ms): 167.8, 90th(ms): 260.0, 95th(ms): 285.2, 99th(ms): 385.9, 99.9th(ms): 486.5, Max(ms): 704.6
[Current] ORDER_STATUS - Takes(s): 9.9, Count: 305, TPM: 1844.5, Sum(ms): 24508.7, Avg(ms): 80.3, 50th(ms): 75.5, 90th(ms): 125.8, 95th(ms): 142.6, 99th(ms): 176.2, 99.9th(ms): 226.5, Max(ms): 226.5
[Current] PAYMENT - Takes(s): 10.0, Count: 3334, TPM: 20012.3, Sum(ms): 419696.0, Avg(ms): 125.9, 50th(ms): 113.2, 90th(ms): 201.3, 95th(ms): 243.3, 99th(ms): 352.3, 99.9th(ms): 453.0, Max(ms): 503.3
[Current] STOCK_LEVEL - Takes(s): 9.9, Count: 315, TPM: 1900.2, Sum(ms): 25660.4, Avg(ms): 81.6, 50th(ms): 79.7, 90th(ms): 121.6, 95th(ms): 134.2, 99th(ms): 201.3, 99.9th(ms): 302.0, Max(ms): 302.0
[Current] DELIVERY - Takes(s): 10.0, Count: 301, TPM: 1806.9, Sum(ms): 176791.1, Avg(ms): 587.9, 50th(ms): 503.3, 90th(ms): 939.5, 95th(ms): 1140.9, 99th(ms): 1275.1, 99.9th(ms): 1543.5, Max(ms): 1543.5
[Current] NEW_ORDER - Takes(s): 10.0, Count: 3271, TPM: 19631.6, Sum(ms): 596961.7, Avg(ms): 182.6, 50th(ms): 167.8, 90th(ms): 285.2, 95th(ms): 318.8, 99th(ms): 419.4, 99.9th(ms): 486.5, Max(ms): 570.4
[Current] ORDER_STATUS - Takes(s): 10.0, Count: 284, TPM: 1708.9, Sum(ms): 22224.1, Avg(ms): 78.3, 50th(ms): 75.5, 90th(ms): 121.6, 95th(ms): 134.2, 99th(ms): 167.8, 99.9th(ms): 243.3, Max(ms): 243.3
[Current] PAYMENT - Takes(s): 10.0, Count: 3233, TPM: 19402.4, Sum(ms): 417128.8, Avg(ms): 129.0, 50th(ms): 117.4, 90th(ms): 209.7, 95th(ms): 251.7, 99th(ms): 352.3, 99.9th(ms): 436.2, Max(ms): 637.5
[Current] STOCK_LEVEL - Takes(s): 9.9, Count: 315, TPM: 1900.0, Sum(ms): 37673.1, Avg(ms): 119.5, 50th(ms): 96.5, 90th(ms): 243.3, 95th(ms): 318.8, 99th(ms): 402.7, 99.9th(ms): 486.5, Max(ms): 486.5
[Current] DELIVERY - Takes(s): 9.9, Count: 310, TPM: 1869.4, Sum(ms): 177274.9, Avg(ms): 573.0, 50th(ms): 503.3, 90th(ms): 838.9, 95th(ms): 973.1, 99th(ms): 1208.0, 99.9th(ms): 1409.3, Max(ms): 1409.3
[Current] NEW_ORDER - Takes(s): 10.0, Count: 3430, TPM: 20602.9, Sum(ms): 610641.4, Avg(ms): 178.1, 50th(ms): 159.4, 90th(ms): 268.4, 95th(ms): 302.0, 99th(ms): 385.9, 99.9th(ms): 486.5, Max(ms): 604.0
[Current] ORDER_STATUS - Takes(s): 10.0, Count: 278, TPM: 1668.3, Sum(ms): 22342.8, Avg(ms): 80.5, 50th(ms): 75.5, 90th(ms): 134.2, 95th(ms): 151.0, 99th(ms): 176.2, 99.9th(ms): 234.9, Max(ms): 234.9
[Current] PAYMENT - Takes(s): 10.0, Count: 3151, TPM: 18919.6, Sum(ms): 412257.8, Avg(ms): 130.9, 50th(ms): 113.2, 90th(ms): 218.1, 95th(ms): 260.0, 99th(ms): 369.1, 99.9th(ms): 570.4, Max(ms): 637.5
[Current] STOCK_LEVEL - Takes(s): 9.9, Count: 309, TPM: 1879.0, Sum(ms): 30678.5, Avg(ms): 99.3, 50th(ms): 88.1, 90th(ms): 167.8, 95th(ms): 209.7, 99th(ms): 302.0, 99.9th(ms): 335.5, Max(ms): 335.5
[Current] DELIVERY - Takes(s): 10.0, Count: 283, TPM: 1699.0, Sum(ms): 179872.4, Avg(ms): 635.5, 50th(ms): 604.0, 90th(ms): 872.4, 95th(ms): 1040.2, 99th(ms): 1543.5, 99.9th(ms): 1744.8, Max(ms): 1744.8
[Current] NEW_ORDER - Takes(s): 10.0, Count: 3284, TPM: 19710.7, Sum(ms): 621133.6, Avg(ms): 189.2, 50th(ms): 184.5, 90th(ms): 268.4, 95th(ms): 318.8, 99th(ms): 402.7, 99.9th(ms): 536.9, Max(ms): 771.8
[Current] ORDER_STATUS - Takes(s): 10.0, Count: 295, TPM: 1771.7, Sum(ms): 24419.9, Avg(ms): 82.7, 50th(ms): 79.7, 90th(ms): 117.4, 95th(ms): 134.2, 99th(ms): 167.8, 99.9th(ms): 234.9, Max(ms): 234.9
[Current] PAYMENT - Takes(s): 10.0, Count: 3046, TPM: 18281.8, Sum(ms): 406852.7, Avg(ms): 133.6, 50th(ms): 121.6, 90th(ms): 209.7, 95th(ms): 251.7, 99th(ms): 335.5, 99.9th(ms): 570.4, Max(ms): 671.1
[Current] STOCK_LEVEL - Takes(s): 10.0, Count: 280, TPM: 1686.6, Sum(ms): 22308.6, Avg(ms): 79.7, 50th(ms): 75.5, 90th(ms): 113.2, 95th(ms): 125.8, 99th(ms): 167.8, 99.9th(ms): 176.2, Max(ms): 176.2
[Current] DELIVERY - Takes(s): 10.0, Count: 288, TPM: 1733.3, Sum(ms): 186393.2, Avg(ms): 647.1, 50th(ms): 604.0, 90th(ms): 1006.6, 95th(ms): 1140.9, 99th(ms): 1476.4, 99.9th(ms): 1744.8, Max(ms): 1744.8
[Current] NEW_ORDER - Takes(s): 10.0, Count: 3052, TPM: 18321.5, Sum(ms): 607347.9, Avg(ms): 199.0, 50th(ms): 184.5, 90th(ms): 302.0, 95th(ms): 352.3, 99th(ms): 469.8, 99.9th(ms): 671.1, Max(ms): 704.6
[Current] ORDER_STATUS - Takes(s): 10.0, Count: 300, TPM: 1800.2, Sum(ms): 26420.1, Avg(ms): 88.2, 50th(ms): 83.9, 90th(ms): 142.6, 95th(ms): 167.8, 99th(ms): 201.3, 99.9th(ms): 251.7, Max(ms): 251.7
[Current] PAYMENT - Takes(s): 10.0, Count: 2922, TPM: 17535.4, Sum(ms): 409804.0, Avg(ms): 140.3, 50th(ms): 125.8, 90th(ms): 226.5, 95th(ms): 285.2, 99th(ms): 402.7, 99.9th(ms): 570.4, Max(ms): 838.9
[Current] STOCK_LEVEL - Takes(s): 10.0, Count: 261, TPM: 1566.7, Sum(ms): 22901.6, Avg(ms): 87.9, 50th(ms): 83.9, 90th(ms): 134.2, 95th(ms): 167.8, 99th(ms): 201.3, 99.9th(ms): 226.5, Max(ms): 226.5
[Current] DELIVERY - Takes(s): 10.0, Count: 279, TPM: 1676.3, Sum(ms): 172807.8, Avg(ms): 618.5, 50th(ms): 604.0, 90th(ms): 906.0, 95th(ms): 1140.9, 99th(ms): 1543.5, 99.9th(ms): 1811.9, Max(ms): 1811.9
[Current] NEW_ORDER - Takes(s): 10.0, Count: 3195, TPM: 19169.9, Sum(ms): 608892.3, Avg(ms): 190.6, 50th(ms): 184.5, 90th(ms): 285.2, 95th(ms): 335.5, 99th(ms): 436.2, 99.9th(ms): 570.4, Max(ms): 738.2
[Current] ORDER_STATUS - Takes(s): 10.0, Count: 310, TPM: 1860.7, Sum(ms): 27171.8, Avg(ms): 87.7, 50th(ms): 79.7, 90th(ms): 134.2, 95th(ms): 167.8, 99th(ms): 234.9, 99.9th(ms): 302.0, Max(ms): 302.0
[Current] PAYMENT - Takes(s): 10.0, Count: 3035, TPM: 18210.2, Sum(ms): 412556.4, Avg(ms): 136.0, 50th(ms): 121.6, 90th(ms): 226.5, 95th(ms): 260.0, 99th(ms): 385.9, 99.9th(ms): 503.3, Max(ms): 771.8
[Current] STOCK_LEVEL - Takes(s): 9.9, Count: 288, TPM: 1745.4, Sum(ms): 24950.4, Avg(ms): 86.8, 50th(ms): 79.7, 90th(ms): 134.2, 95th(ms): 159.4, 99th(ms): 218.1, 99.9th(ms): 285.2, Max(ms): 285.2
[Current] DELIVERY - Takes(s): 10.0, Count: 302, TPM: 1812.1, Sum(ms): 185953.1, Avg(ms): 615.4, 50th(ms): 486.5, 90th(ms): 939.5, 95th(ms): 1140.9, 99th(ms): 1409.3, 99.9th(ms): 1744.8, Max(ms): 1744.8
[Current] NEW_ORDER - Takes(s): 10.0, Count: 3254, TPM: 19524.5, Sum(ms): 607326.0, Avg(ms): 186.8, 50th(ms): 159.4, 90th(ms): 302.0, 95th(ms): 352.3, 99th(ms): 436.2, 99.9th(ms): 570.4, Max(ms): 805.3
[Current] ORDER_STATUS - Takes(s): 10.0, Count: 294, TPM: 1765.9, Sum(ms): 24783.6, Avg(ms): 84.4, 50th(ms): 75.5, 90th(ms): 151.0, 95th(ms): 159.4, 99th(ms): 243.3, 99.9th(ms): 268.4, Max(ms): 268.4
[Current] PAYMENT - Takes(s): 10.0, Count: 3088, TPM: 18530.0, Sum(ms): 411116.3, Avg(ms): 133.2, 50th(ms): 113.2, 90th(ms): 226.5, 95th(ms): 285.2, 99th(ms): 369.1, 99.9th(ms): 604.0, Max(ms): 771.8
[Current] STOCK_LEVEL - Takes(s): 10.0, Count: 296, TPM: 1782.6, Sum(ms): 25416.9, Avg(ms): 85.9, 50th(ms): 79.7, 90th(ms): 142.6, 95th(ms): 159.4, 99th(ms): 201.3, 99.9th(ms): 243.3, Max(ms): 243.3
[Current] DELIVERY - Takes(s): 10.0, Count: 261, TPM: 1568.3, Sum(ms): 165476.0, Avg(ms): 634.3, 50th(ms): 570.4, 90th(ms): 973.1, 95th(ms): 1040.2, 99th(ms): 1342.2, 99.9th(ms): 1946.2, Max(ms): 1946.2
[Current] NEW_ORDER - Takes(s): 10.0, Count: 3107, TPM: 18643.1, Sum(ms): 616899.2, Avg(ms): 198.6, 50th(ms): 184.5, 90th(ms): 302.0, 95th(ms): 352.3, 99th(ms): 469.8, 99.9th(ms): 637.5, Max(ms): 1208.0
[Current] ORDER_STATUS - Takes(s): 10.0, Count: 285, TPM: 1710.9, Sum(ms): 25610.0, Avg(ms): 89.9, 50th(ms): 83.9, 90th(ms): 151.0, 95th(ms): 184.5, 99th(ms): 234.9, 99.9th(ms): 285.2, Max(ms): 285.2
[Current] PAYMENT - Takes(s): 10.0, Count: 2977, TPM: 17864.2, Sum(ms): 421543.0, Avg(ms): 141.6, 50th(ms): 121.6, 90th(ms): 234.9, 95th(ms): 285.2, 99th(ms): 402.7, 99.9th(ms): 503.3, Max(ms): 604.0
[Current] STOCK_LEVEL - Takes(s): 10.0, Count: 266, TPM: 1597.0, Sum(ms): 22645.0, Avg(ms): 85.2, 50th(ms): 83.9, 90th(ms): 125.8, 95th(ms): 142.6, 99th(ms): 159.4, 99.9th(ms): 226.5, Max(ms): 226.5
[Current] DELIVERY - Takes(s): 10.0, Count: 295, TPM: 1771.7, Sum(ms): 192273.1, Avg(ms): 652.2, 50th(ms): 570.4, 90th(ms): 1006.6, 95th(ms): 1140.9, 99th(ms): 1610.6, 99.9th(ms): 2080.4, Max(ms): 2080.4
[Current] NEW_ORDER - Takes(s): 10.0, Count: 3194, TPM: 19193.2, Sum(ms): 594034.1, Avg(ms): 186.1, 50th(ms): 176.2, 90th(ms): 285.2, 95th(ms): 318.8, 99th(ms): 402.7, 99.9th(ms): 520.1, Max(ms): 604.0
[Current] ORDER_STATUS - Takes(s): 9.9, Count: 251, TPM: 1518.7, Sum(ms): 20315.4, Avg(ms): 80.9, 50th(ms): 79.7, 90th(ms): 121.6, 95th(ms): 142.6, 99th(ms): 184.5, 99.9th(ms): 209.7, Max(ms): 209.7
[Current] PAYMENT - Takes(s): 10.0, Count: 3080, TPM: 18489.6, Sum(ms): 420889.7, Avg(ms): 136.6, 50th(ms): 117.4, 90th(ms): 226.5, 95th(ms): 268.4, 99th(ms): 369.1, 99.9th(ms): 570.4, Max(ms): 805.3
[Current] STOCK_LEVEL - Takes(s): 9.9, Count: 280, TPM: 1689.2, Sum(ms): 22605.6, Avg(ms): 80.8, 50th(ms): 79.7, 90th(ms): 113.2, 95th(ms): 125.8, 99th(ms): 176.2, 99.9th(ms): 234.9, Max(ms): 234.9
[Current] DELIVERY - Takes(s): 10.0, Count: 319, TPM: 1922.4, Sum(ms): 194742.5, Avg(ms): 610.2, 50th(ms): 604.0, 90th(ms): 973.1, 95th(ms): 1140.9, 99th(ms): 1476.4, 99.9th(ms): 1610.6, Max(ms): 1610.6
[Current] NEW_ORDER - Takes(s): 10.0, Count: 3415, TPM: 20499.6, Sum(ms): 615293.6, Avg(ms): 180.2, 50th(ms): 176.2, 90th(ms): 268.4, 95th(ms): 318.8, 99th(ms): 402.7, 99.9th(ms): 469.8, Max(ms): 637.5
[Current] ORDER_STATUS - Takes(s): 9.9, Count: 314, TPM: 1899.8, Sum(ms): 25832.5, Avg(ms): 82.3, 50th(ms): 75.5, 90th(ms): 130.0, 95th(ms): 151.0, 99th(ms): 184.5, 99.9th(ms): 218.1, Max(ms): 218.1
[Current] PAYMENT - Takes(s): 10.0, Count: 3178, TPM: 19071.0, Sum(ms): 403209.6, Avg(ms): 126.9, 50th(ms): 117.4, 90th(ms): 209.7, 95th(ms): 243.3, 99th(ms): 318.8, 99.9th(ms): 453.0, Max(ms): 503.3
[Current] STOCK_LEVEL - Takes(s): 9.9, Count: 304, TPM: 1836.6, Sum(ms): 23037.0, Avg(ms): 75.8, 50th(ms): 71.3, 90th(ms): 109.1, 95th(ms): 125.8, 99th(ms): 167.8, 99.9th(ms): 218.1, Max(ms): 218.1
[Current] DELIVERY - Takes(s): 10.0, Count: 270, TPM: 1623.9, Sum(ms): 159112.3, Avg(ms): 589.7, 50th(ms): 570.4, 90th(ms): 906.0, 95th(ms): 939.5, 99th(ms): 1275.1, 99.9th(ms): 1409.3, Max(ms): 1409.3
[Current] NEW_ORDER - Takes(s): 10.0, Count: 3413, TPM: 20479.3, Sum(ms): 634991.8, Avg(ms): 186.1, 50th(ms): 176.2, 90th(ms): 285.2, 95th(ms): 318.8, 99th(ms): 385.9, 99.9th(ms): 486.5, Max(ms): 536.9
[Current] ORDER_STATUS - Takes(s): 10.0, Count: 298, TPM: 1793.9, Sum(ms): 23986.4, Avg(ms): 80.5, 50th(ms): 75.5, 90th(ms): 125.8, 95th(ms): 151.0, 99th(ms): 167.8, 99.9th(ms): 218.1, Max(ms): 218.1
[Current] PAYMENT - Takes(s): 10.0, Count: 3092, TPM: 18553.1, Sum(ms): 414355.9, Avg(ms): 134.1, 50th(ms): 121.6, 90th(ms): 218.1, 95th(ms): 260.0, 99th(ms): 352.3, 99.9th(ms): 469.8, Max(ms): 520.1
[Current] STOCK_LEVEL - Takes(s): 10.0, Count: 281, TPM: 1688.9, Sum(ms): 23400.8, Avg(ms): 83.3, 50th(ms): 79.7, 90th(ms): 121.6, 95th(ms): 142.6, 99th(ms): 209.7, 99.9th(ms): 302.0, Max(ms): 302.0
[Current] DELIVERY - Takes(s): 10.0, Count: 305, TPM: 1832.7, Sum(ms): 171701.2, Avg(ms): 563.1, 50th(ms): 520.1, 90th(ms): 771.8, 95th(ms): 872.4, 99th(ms): 1409.3, 99.9th(ms): 1610.6, Max(ms): 1610.6
[Current] NEW_ORDER - Takes(s): 10.0, Count: 3520, TPM: 21128.9, Sum(ms): 604126.2, Avg(ms): 171.7, 50th(ms): 167.8, 90th(ms): 243.3, 95th(ms): 285.2, 99th(ms): 369.1, 99.9th(ms): 469.8, Max(ms): 570.4
[Current] ORDER_STATUS - Takes(s): 10.0, Count: 315, TPM: 1897.6, Sum(ms): 24861.3, Avg(ms): 79.1, 50th(ms): 75.5, 90th(ms): 121.6, 95th(ms): 142.6, 99th(ms): 167.8, 99.9th(ms): 184.5, Max(ms): 184.5
[Current] PAYMENT - Takes(s): 10.0, Count: 3414, TPM: 20491.0, Sum(ms): 416578.0, Avg(ms): 122.1, 50th(ms): 109.1, 90th(ms): 192.9, 95th(ms): 234.9, 99th(ms): 318.8, 99.9th(ms): 536.9, Max(ms): 671.1
[Current] STOCK_LEVEL - Takes(s): 10.0, Count: 324, TPM: 1945.5, Sum(ms): 26425.8, Avg(ms): 81.6, 50th(ms): 75.5, 90th(ms): 125.8, 95th(ms): 142.6, 99th(ms): 176.2, 99.9th(ms): 352.3, Max(ms): 352.3
[Current] DELIVERY - Takes(s): 10.0, Count: 287, TPM: 1728.3, Sum(ms): 199859.3, Avg(ms): 697.0, 50th(ms): 570.4, 90th(ms): 1140.9, 95th(ms): 1275.1, 99th(ms): 1811.9, 99.9th(ms): 2415.9, Max(ms): 2415.9
[Current] NEW_ORDER - Takes(s): 10.0, Count: 3137, TPM: 18834.3, Sum(ms): 589861.8, Avg(ms): 188.1, 50th(ms): 176.2, 90th(ms): 285.2, 95th(ms): 352.3, 99th(ms): 453.0, 99.9th(ms): 536.9, Max(ms): 604.0
[Current] ORDER_STATUS - Takes(s): 10.0, Count: 298, TPM: 1794.4, Sum(ms): 25364.3, Avg(ms): 85.2, 50th(ms): 79.7, 90th(ms): 134.2, 95th(ms): 176.2, 99th(ms): 201.3, 99.9th(ms): 268.4, Max(ms): 268.4
[Current] PAYMENT - Takes(s): 10.0, Count: 3041, TPM: 18258.3, Sum(ms): 418464.6, Avg(ms): 137.6, 50th(ms): 117.4, 90th(ms): 234.9, 95th(ms): 285.2, 99th(ms): 385.9, 99.9th(ms): 520.1, Max(ms): 704.6
[Current] STOCK_LEVEL - Takes(s): 9.9, Count: 282, TPM: 1712.8, Sum(ms): 22365.9, Avg(ms): 79.3, 50th(ms): 75.5, 90th(ms): 117.4, 95th(ms): 142.6, 99th(ms): 184.5, 99.9th(ms): 192.9, Max(ms): 192.9
[Current] DELIVERY - Takes(s): 10.0, Count: 300, TPM: 1802.3, Sum(ms): 192273.2, Avg(ms): 640.3, 50th(ms): 604.0, 90th(ms): 906.0, 95th(ms): 1073.7, 99th(ms): 1275.1, 99.9th(ms): 1476.4, Max(ms): 1476.4
[Current] NEW_ORDER - Takes(s): 10.0, Count: 3270, TPM: 19642.4, Sum(ms): 614918.5, Avg(ms): 188.1, 50th(ms): 184.5, 90th(ms): 260.0, 95th(ms): 302.0, 99th(ms): 385.9, 99.9th(ms): 469.8, Max(ms): 536.9
[Current] ORDER_STATUS - Takes(s): 9.9, Count: 280, TPM: 1689.0, Sum(ms): 23114.8, Avg(ms): 82.5, 50th(ms): 79.7, 90th(ms): 121.6, 95th(ms): 142.6, 99th(ms): 209.7, 99.9th(ms): 251.7, Max(ms): 251.7
[Current] PAYMENT - Takes(s): 10.0, Count: 2966, TPM: 17814.7, Sum(ms): 402648.1, Avg(ms): 135.8, 50th(ms): 121.6, 90th(ms): 218.1, 95th(ms): 251.7, 99th(ms): 352.3, 99.9th(ms): 453.0, Max(ms): 520.1
[Current] STOCK_LEVEL - Takes(s): 10.0, Count: 308, TPM: 1852.1, Sum(ms): 24928.7, Avg(ms): 81.0, 50th(ms): 79.7, 90th(ms): 113.2, 95th(ms): 130.0, 99th(ms): 167.8, 99.9th(ms): 167.8, Max(ms): 167.8
[Current] DELIVERY - Takes(s): 10.0, Count: 308, TPM: 1853.2, Sum(ms): 179407.7, Avg(ms): 583.3, 50th(ms): 570.4, 90th(ms): 838.9, 95th(ms): 973.1, 99th(ms): 1208.0, 99.9th(ms): 1543.5, Max(ms): 1543.5
[Current] NEW_ORDER - Takes(s): 10.0, Count: 3391, TPM: 20346.0, Sum(ms): 607270.8, Avg(ms): 179.1, 50th(ms): 167.8, 90th(ms): 260.0, 95th(ms): 318.8, 99th(ms): 419.4, 99.9th(ms): 486.5, Max(ms): 637.5
[Current] ORDER_STATUS - Takes(s): 10.0, Count: 295, TPM: 1773.0, Sum(ms): 22755.5, Avg(ms): 77.3, 50th(ms): 75.5, 90th(ms): 113.2, 95th(ms): 130.0, 99th(ms): 184.5, 99.9th(ms): 260.0, Max(ms): 260.0
[Current] PAYMENT - Takes(s): 10.0, Count: 3278, TPM: 19673.8, Sum(ms): 422933.8, Avg(ms): 129.0, 50th(ms): 113.2, 90th(ms): 209.7, 95th(ms): 251.7, 99th(ms): 352.3, 99.9th(ms): 536.9, Max(ms): 604.0
[Current] STOCK_LEVEL - Takes(s): 9.9, Count: 270, TPM: 1637.1, Sum(ms): 19067.7, Avg(ms): 70.8, 50th(ms): 71.3, 90th(ms): 92.3, 95th(ms): 100.7, 99th(ms): 134.2, 99.9th(ms): 142.6, Max(ms): 142.6
[Current] DELIVERY - Takes(s): 10.0, Count: 305, TPM: 1832.8, Sum(ms): 180910.6, Avg(ms): 593.1, 50th(ms): 570.4, 90th(ms): 805.3, 95th(ms): 973.1, 99th(ms): 1275.1, 99.9th(ms): 1610.6, Max(ms): 1610.6
[Current] NEW_ORDER - Takes(s): 10.0, Count: 3364, TPM: 20184.8, Sum(ms): 606408.7, Avg(ms): 180.3, 50th(ms): 176.2, 90th(ms): 251.7, 95th(ms): 302.0, 99th(ms): 385.9, 99.9th(ms): 503.3, Max(ms): 604.0
[Current] ORDER_STATUS - Takes(s): 9.9, Count: 298, TPM: 1798.6, Sum(ms): 23104.2, Avg(ms): 77.7, 50th(ms): 79.7, 90th(ms): 109.1, 95th(ms): 125.8, 99th(ms): 159.4, 99.9th(ms): 192.9, Max(ms): 192.9
[Current] PAYMENT - Takes(s): 10.0, Count: 3264, TPM: 19585.4, Sum(ms): 425875.1, Avg(ms): 130.5, 50th(ms): 113.2, 90th(ms): 209.7, 95th(ms): 251.7, 99th(ms): 335.5, 99.9th(ms): 469.8, Max(ms): 570.4
[Current] STOCK_LEVEL - Takes(s): 9.9, Count: 278, TPM: 1682.7, Sum(ms): 20520.1, Avg(ms): 73.8, 50th(ms): 71.3, 90th(ms): 100.7, 95th(ms): 113.2, 99th(ms): 134.2, 99.9th(ms): 159.4, Max(ms): 159.4
[Current] DELIVERY - Takes(s): 10.0, Count: 302, TPM: 1817.7, Sum(ms): 183514.8, Avg(ms): 607.6, 50th(ms): 570.4, 90th(ms): 838.9, 95th(ms): 939.5, 99th(ms): 1208.0, 99.9th(ms): 1476.4, Max(ms): 1476.4
[Current] NEW_ORDER - Takes(s): 10.0, Count: 3253, TPM: 19522.6, Sum(ms): 601003.8, Avg(ms): 184.8, 50th(ms): 176.2, 90th(ms): 260.0, 95th(ms): 302.0, 99th(ms): 352.3, 99.9th(ms): 469.8, Max(ms): 570.4
[Current] ORDER_STATUS - Takes(s): 10.0, Count: 305, TPM: 1830.6, Sum(ms): 26144.9, Avg(ms): 85.7, 50th(ms): 83.9, 90th(ms): 121.6, 95th(ms): 134.2, 99th(ms): 176.2, 99.9th(ms): 192.9, Max(ms): 192.9
[Current] PAYMENT - Takes(s): 10.0, Count: 3137, TPM: 18822.2, Sum(ms): 417443.8, Avg(ms): 133.1, 50th(ms): 117.4, 90th(ms): 209.7, 95th(ms): 243.3, 99th(ms): 352.3, 99.9th(ms): 469.8, Max(ms): 570.4
[Current] STOCK_LEVEL - Takes(s): 10.0, Count: 296, TPM: 1776.2, Sum(ms): 23039.7, Avg(ms): 77.9, 50th(ms): 75.5, 90th(ms): 104.9, 95th(ms): 117.4, 99th(ms): 134.2, 99.9th(ms): 159.4, Max(ms): 159.4
[Current] DELIVERY - Takes(s): 10.0, Count: 310, TPM: 1866.8, Sum(ms): 175322.4, Avg(ms): 565.6, 50th(ms): 520.1, 90th(ms): 805.3, 95th(ms): 939.5, 99th(ms): 1208.0, 99.9th(ms): 1409.3, Max(ms): 1409.3
[Current] NEW_ORDER - Takes(s): 10.0, Count: 3604, TPM: 21670.1, Sum(ms): 603353.5, Avg(ms): 167.5, 50th(ms): 159.4, 90th(ms): 234.9, 95th(ms): 268.4, 99th(ms): 335.5, 99.9th(ms): 419.4, Max(ms): 604.0
[Current] ORDER_STATUS - Takes(s): 9.9, Count: 338, TPM: 2038.7, Sum(ms): 24955.0, Avg(ms): 73.9, 50th(ms): 71.3, 90th(ms): 109.1, 95th(ms): 121.6, 99th(ms): 159.4, 99.9th(ms): 176.2, Max(ms): 176.2
[Current] PAYMENT - Takes(s): 10.0, Count: 3563, TPM: 21382.7, Sum(ms): 427534.3, Avg(ms): 120.0, 50th(ms): 109.1, 90th(ms): 184.5, 95th(ms): 218.1, 99th(ms): 302.0, 99.9th(ms): 369.1, Max(ms): 436.2
[Current] STOCK_LEVEL - Takes(s): 9.9, Count: 317, TPM: 1924.7, Sum(ms): 22671.8, Avg(ms): 71.5, 50th(ms): 67.1, 90th(ms): 100.7, 95th(ms): 109.1, 99th(ms): 142.6, 99.9th(ms): 192.9, Max(ms): 192.9
[Current] DELIVERY - Takes(s): 10.0, Count: 342, TPM: 2054.8, Sum(ms): 189481.7, Avg(ms): 554.1, 50th(ms): 503.3, 90th(ms): 771.8, 95th(ms): 939.5, 99th(ms): 1275.1, 99.9th(ms): 1543.5, Max(ms): 1543.5
[Current] NEW_ORDER - Takes(s): 10.0, Count: 3606, TPM: 21651.6, Sum(ms): 600320.8, Avg(ms): 166.6, 50th(ms): 159.4, 90th(ms): 234.9, 95th(ms): 268.4, 99th(ms): 352.3, 99.9th(ms): 453.0, Max(ms): 604.0
[Current] ORDER_STATUS - Takes(s): 9.9, Count: 312, TPM: 1892.9, Sum(ms): 22638.3, Avg(ms): 72.6, 50th(ms): 71.3, 90th(ms): 109.1, 95th(ms): 117.4, 99th(ms): 159.4, 99.9th(ms): 192.9, Max(ms): 192.9
[Current] PAYMENT - Takes(s): 10.0, Count: 3476, TPM: 20858.8, Sum(ms): 415515.6, Avg(ms): 119.6, 50th(ms): 104.9, 90th(ms): 184.5, 95th(ms): 226.5, 99th(ms): 318.8, 99.9th(ms): 469.8, Max(ms): 536.9
[Current] STOCK_LEVEL - Takes(s): 10.0, Count: 331, TPM: 1988.8, Sum(ms): 23327.9, Avg(ms): 70.4, 50th(ms): 71.3, 90th(ms): 96.5, 95th(ms): 104.9, 99th(ms): 134.2, 99.9th(ms): 167.8, Max(ms): 167.8
[Current] DELIVERY - Takes(s): 10.0, Count: 323, TPM: 1938.1, Sum(ms): 192357.6, Avg(ms): 595.8, 50th(ms): 570.4, 90th(ms): 805.3, 95th(ms): 906.0, 99th(ms): 1073.7, 99.9th(ms): 1543.5, Max(ms): 1543.5
[Current] NEW_ORDER - Takes(s): 10.0, Count: 3345, TPM: 20076.6, Sum(ms): 602769.0, Avg(ms): 180.2, 50th(ms): 167.8, 90th(ms): 260.0, 95th(ms): 302.0, 99th(ms): 385.9, 99.9th(ms): 536.9, Max(ms): 973.1
[Current] ORDER_STATUS - Takes(s): 10.0, Count: 302, TPM: 1819.4, Sum(ms): 25051.6, Avg(ms): 83.0, 50th(ms): 83.9, 90th(ms): 113.2, 95th(ms): 134.2, 99th(ms): 192.9, 99.9th(ms): 251.7, Max(ms): 251.7
[Current] PAYMENT - Takes(s): 10.0, Count: 3184, TPM: 19114.5, Sum(ms): 410319.2, Avg(ms): 128.9, 50th(ms): 113.2, 90th(ms): 209.7, 95th(ms): 243.3, 99th(ms): 335.5, 99.9th(ms): 536.9, Max(ms): 637.5
[Current] STOCK_LEVEL - Takes(s): 10.0, Count: 307, TPM: 1843.2, Sum(ms): 23839.0, Avg(ms): 77.7, 50th(ms): 79.7, 90th(ms): 109.1, 95th(ms): 113.2, 99th(ms): 130.0, 99.9th(ms): 151.0, Max(ms): 151.0
[Current] DELIVERY - Takes(s): 10.0, Count: 294, TPM: 1770.9, Sum(ms): 157020.9, Avg(ms): 535.2, 50th(ms): 520.1, 90th(ms): 704.6, 95th(ms): 805.3, 99th(ms): 973.1, 99.9th(ms): 1208.0, Max(ms): 1208.0
[Current] NEW_ORDER - Takes(s): 10.0, Count: 3768, TPM: 22608.3, Sum(ms): 621090.9, Avg(ms): 164.9, 50th(ms): 159.4, 90th(ms): 226.5, 95th(ms): 251.7, 99th(ms): 318.8, 99.9th(ms): 419.4, Max(ms): 453.0
[Current] ORDER_STATUS - Takes(s): 10.0, Count: 324, TPM: 1946.5, Sum(ms): 23647.7, Avg(ms): 73.1, 50th(ms): 71.3, 90th(ms): 109.1, 95th(ms): 125.8, 99th(ms): 151.0, 99.9th(ms): 209.7, Max(ms): 209.7
[Current] PAYMENT - Takes(s): 10.0, Count: 3609, TPM: 21656.5, Sum(ms): 427813.5, Avg(ms): 118.6, 50th(ms): 109.1, 90th(ms): 184.5, 95th(ms): 218.1, 99th(ms): 285.2, 99.9th(ms): 369.1, Max(ms): 436.2
[Current] STOCK_LEVEL - Takes(s): 9.9, Count: 344, TPM: 2076.5, Sum(ms): 23769.2, Avg(ms): 69.1, 50th(ms): 71.3, 90th(ms): 92.3, 95th(ms): 100.7, 99th(ms): 117.4, 99.9th(ms): 125.8, Max(ms): 125.8
[Current] DELIVERY - Takes(s): 9.9, Count: 294, TPM: 1775.6, Sum(ms): 160581.2, Avg(ms): 546.7, 50th(ms): 536.9, 90th(ms): 771.8, 95th(ms): 838.9, 99th(ms): 1073.7, 99.9th(ms): 1476.4, Max(ms): 1476.4
[Current] NEW_ORDER - Takes(s): 10.0, Count: 3656, TPM: 21936.7, Sum(ms): 619078.5, Avg(ms): 169.5, 50th(ms): 167.8, 90th(ms): 243.3, 95th(ms): 285.2, 99th(ms): 335.5, 99.9th(ms): 436.2, Max(ms): 637.5
[Current] ORDER_STATUS - Takes(s): 10.0, Count: 332, TPM: 1996.4, Sum(ms): 24938.5, Avg(ms): 75.2, 50th(ms): 75.5, 90th(ms): 113.2, 95th(ms): 125.8, 99th(ms): 151.0, 99.9th(ms): 192.9, Max(ms): 192.9
[Current] PAYMENT - Takes(s): 10.0, Count: 3544, TPM: 21264.8, Sum(ms): 428523.9, Avg(ms): 121.0, 50th(ms): 109.1, 90th(ms): 192.9, 95th(ms): 226.5, 99th(ms): 302.0, 99.9th(ms): 369.1, Max(ms): 453.0
[Current] STOCK_LEVEL - Takes(s): 9.9, Count: 309, TPM: 1867.2, Sum(ms): 22745.9, Avg(ms): 73.6, 50th(ms): 75.5, 90th(ms): 100.7, 95th(ms): 109.1, 99th(ms): 125.8, 99.9th(ms): 142.6, Max(ms): 142.6
[Current] DELIVERY - Takes(s): 10.0, Count: 350, TPM: 2107.9, Sum(ms): 195855.3, Avg(ms): 560.2, 50th(ms): 536.9, 90th(ms): 771.8, 95th(ms): 906.0, 99th(ms): 1140.9, 99.9th(ms): 1543.5, Max(ms): 1543.5
[Current] NEW_ORDER - Takes(s): 10.0, Count: 3580, TPM: 21513.5, Sum(ms): 601183.1, Avg(ms): 168.0, 50th(ms): 159.4, 90th(ms): 234.9, 95th(ms): 268.4, 99th(ms): 335.5, 99.9th(ms): 402.7, Max(ms): 503.3
[Current] ORDER_STATUS - Takes(s): 10.0, Count: 316, TPM: 1896.4, Sum(ms): 23836.3, Avg(ms): 75.5, 50th(ms): 71.3, 90th(ms): 109.1, 95th(ms): 125.8, 99th(ms): 159.4, 99.9th(ms): 192.9, Max(ms): 192.9
[Current] PAYMENT - Takes(s): 10.0, Count: 3417, TPM: 20513.7, Sum(ms): 404955.3, Avg(ms): 118.6, 50th(ms): 109.1, 90th(ms): 184.5, 95th(ms): 218.1, 99th(ms): 285.2, 99.9th(ms): 385.9, Max(ms): 419.4
[Current] STOCK_LEVEL - Takes(s): 10.0, Count: 329, TPM: 1976.7, Sum(ms): 25030.0, Avg(ms): 76.1, 50th(ms): 75.5, 90th(ms): 104.9, 95th(ms): 113.2, 99th(ms): 142.6, 99.9th(ms): 151.0, Max(ms): 151.0
[Current] DELIVERY - Takes(s): 10.0, Count: 328, TPM: 1973.2, Sum(ms): 182400.6, Avg(ms): 556.5, 50th(ms): 520.1, 90th(ms): 805.3, 95th(ms): 906.0, 99th(ms): 1140.9, 99.9th(ms): 1409.3, Max(ms): 1409.3
[Current] NEW_ORDER - Takes(s): 10.0, Count: 3496, TPM: 20983.4, Sum(ms): 602152.8, Avg(ms): 172.3, 50th(ms): 159.4, 90th(ms): 243.3, 95th(ms): 285.2, 99th(ms): 369.1, 99.9th(ms): 520.1, Max(ms): 738.2
[Current] ORDER_STATUS - Takes(s): 10.0, Count: 304, TPM: 1831.9, Sum(ms): 22770.1, Avg(ms): 74.9, 50th(ms): 71.3, 90th(ms): 117.4, 95th(ms): 130.0, 99th(ms): 167.8, 99.9th(ms): 192.9, Max(ms): 192.9
[Current] PAYMENT - Takes(s): 10.0, Count: 3384, TPM: 20304.7, Sum(ms): 418976.5, Avg(ms): 123.8, 50th(ms): 109.1, 90th(ms): 201.3, 95th(ms): 234.9, 99th(ms): 335.5, 99.9th(ms): 436.2, Max(ms): 520.1
[Current] STOCK_LEVEL - Takes(s): 10.0, Count: 302, TPM: 1816.8, Sum(ms): 22562.9, Avg(ms): 74.7, 50th(ms): 75.5, 90th(ms): 100.7, 95th(ms): 121.6, 99th(ms): 142.6, 99.9th(ms): 151.0, Max(ms): 151.0
[Current] DELIVERY - Takes(s): 10.0, Count: 339, TPM: 2035.5, Sum(ms): 190778.9, Avg(ms): 562.9, 50th(ms): 520.1, 90th(ms): 838.9, 95th(ms): 1006.6, 99th(ms): 1208.0, 99.9th(ms): 2281.7, Max(ms): 2281.7
[Current] NEW_ORDER - Takes(s): 10.0, Count: 3524, TPM: 21148.0, Sum(ms): 605701.3, Avg(ms): 172.0, 50th(ms): 167.8, 90th(ms): 243.3, 95th(ms): 285.2, 99th(ms): 385.9, 99.9th(ms): 520.1, Max(ms): 570.4
[Current] ORDER_STATUS - Takes(s): 10.0, Count: 327, TPM: 1970.8, Sum(ms): 25124.3, Avg(ms): 76.9, 50th(ms): 75.5, 90th(ms): 113.2, 95th(ms): 130.0, 99th(ms): 184.5, 99.9th(ms): 234.9, Max(ms): 234.9
[Current] PAYMENT - Takes(s): 10.0, Count: 3371, TPM: 20226.4, Sum(ms): 406507.0, Avg(ms): 120.6, 50th(ms): 109.1, 90th(ms): 192.9, 95th(ms): 226.5, 99th(ms): 318.8, 99.9th(ms): 419.4, Max(ms): 486.5
[Current] STOCK_LEVEL - Takes(s): 10.0, Count: 304, TPM: 1826.8, Sum(ms): 23925.1, Avg(ms): 78.7, 50th(ms): 71.3, 90th(ms): 109.1, 95th(ms): 125.8, 99th(ms): 251.7, 99.9th(ms): 352.3, Max(ms): 352.3
[Current] DELIVERY - Takes(s): 10.0, Count: 310, TPM: 1860.9, Sum(ms): 184277.1, Avg(ms): 594.8, 50th(ms): 570.4, 90th(ms): 838.9, 95th(ms): 973.1, 99th(ms): 1140.9, 99.9th(ms): 1342.2, Max(ms): 1342.2
[Current] NEW_ORDER - Takes(s): 10.0, Count: 3429, TPM: 20574.3, Sum(ms): 605171.5, Avg(ms): 176.6, 50th(ms): 167.8, 90th(ms): 251.7, 95th(ms): 285.2, 99th(ms): 352.3, 99.9th(ms): 419.4, Max(ms): 570.4
[Current] ORDER_STATUS - Takes(s): 10.0, Count: 293, TPM: 1763.0, Sum(ms): 22807.1, Avg(ms): 77.8, 50th(ms): 75.5, 90th(ms): 117.4, 95th(ms): 125.8, 99th(ms): 159.4, 99.9th(ms): 192.9, Max(ms): 192.9
[Current] PAYMENT - Takes(s): 10.0, Count: 3293, TPM: 19759.2, Sum(ms): 419969.7, Avg(ms): 127.6, 50th(ms): 117.4, 90th(ms): 201.3, 95th(ms): 234.9, 99th(ms): 335.5, 99.9th(ms): 419.4, Max(ms): 469.8
[Current] STOCK_LEVEL - Takes(s): 10.0, Count: 306, TPM: 1836.6, Sum(ms): 25227.3, Avg(ms): 82.5, 50th(ms): 79.7, 90th(ms): 117.4, 95th(ms): 125.8, 99th(ms): 151.0, 99.9th(ms): 184.5, Max(ms): 184.5
[Current] DELIVERY - Takes(s): 10.0, Count: 298, TPM: 1789.7, Sum(ms): 173255.5, Avg(ms): 581.8, 50th(ms): 570.4, 90th(ms): 805.3, 95th(ms): 939.5, 99th(ms): 1208.0, 99.9th(ms): 1543.5, Max(ms): 1543.5
[Current] NEW_ORDER - Takes(s): 10.0, Count: 3491, TPM: 20945.9, Sum(ms): 614793.1, Avg(ms): 176.1, 50th(ms): 167.8, 90th(ms): 243.3, 95th(ms): 285.2, 99th(ms): 352.3, 99.9th(ms): 469.8, Max(ms): 536.9
[Current] ORDER_STATUS - Takes(s): 10.0, Count: 313, TPM: 1878.9, Sum(ms): 25162.8, Avg(ms): 80.4, 50th(ms): 79.7, 90th(ms): 113.2, 95th(ms): 125.8, 99th(ms): 159.4, 99.9th(ms): 209.7, Max(ms): 209.7
[Current] PAYMENT - Takes(s): 10.0, Count: 3310, TPM: 19859.7, Sum(ms): 411364.9, Avg(ms): 124.3, 50th(ms): 113.2, 90th(ms): 192.9, 95th(ms): 226.5, 99th(ms): 318.8, 99.9th(ms): 453.0, Max(ms): 520.1
[Current] STOCK_LEVEL - Takes(s): 9.9, Count: 308, TPM: 1858.0, Sum(ms): 23973.4, Avg(ms): 77.9, 50th(ms): 79.7, 90th(ms): 109.1, 95th(ms): 121.6, 99th(ms): 142.6, 99.9th(ms): 151.0, Max(ms): 151.0
[Current] DELIVERY - Takes(s): 10.0, Count: 289, TPM: 1736.0, Sum(ms): 177533.2, Avg(ms): 614.7, 50th(ms): 570.4, 90th(ms): 906.0, 95th(ms): 1040.2, 99th(ms): 1140.9, 99.9th(ms): 1811.9, Max(ms): 1811.9
[Current] NEW_ORDER - Takes(s): 10.0, Count: 3242, TPM: 19454.0, Sum(ms): 593813.4, Avg(ms): 183.2, 50th(ms): 176.2, 90th(ms): 260.0, 95th(ms): 318.8, 99th(ms): 402.7, 99.9th(ms): 570.4, Max(ms): 604.0
[Current] ORDER_STATUS - Takes(s): 10.0, Count: 272, TPM: 1635.6, Sum(ms): 21717.1, Avg(ms): 79.8, 50th(ms): 79.7, 90th(ms): 121.6, 95th(ms): 130.0, 99th(ms): 176.2, 99.9th(ms): 184.5, Max(ms): 184.5
[Current] PAYMENT - Takes(s): 10.0, Count: 3279, TPM: 19674.4, Sum(ms): 440050.2, Avg(ms): 134.2, 50th(ms): 117.4, 90th(ms): 218.1, 95th(ms): 260.0, 99th(ms): 385.9, 99.9th(ms): 570.4, Max(ms): 570.4
[Current] STOCK_LEVEL - Takes(s): 10.0, Count: 276, TPM: 1658.6, Sum(ms): 22889.6, Avg(ms): 83.0, 50th(ms): 79.7, 90th(ms): 121.6, 95th(ms): 151.0, 99th(ms): 176.2, 99.9th(ms): 226.5, Max(ms): 226.5
[Current] DELIVERY - Takes(s): 10.0, Count: 277, TPM: 1662.9, Sum(ms): 171743.2, Avg(ms): 620.1, 50th(ms): 604.0, 90th(ms): 906.0, 95th(ms): 1073.7, 99th(ms): 1275.1, 99.9th(ms): 1811.9, Max(ms): 1811.9
[Current] NEW_ORDER - Takes(s): 10.0, Count: 3242, TPM: 19454.3, Sum(ms): 618693.1, Avg(ms): 190.9, 50th(ms): 184.5, 90th(ms): 268.4, 95th(ms): 318.8, 99th(ms): 469.8, 99.9th(ms): 604.0, Max(ms): 1208.0
[Current] ORDER_STATUS - Takes(s): 10.0, Count: 280, TPM: 1681.7, Sum(ms): 23853.7, Avg(ms): 85.2, 50th(ms): 83.9, 90th(ms): 121.6, 95th(ms): 151.0, 99th(ms): 218.1, 99.9th(ms): 302.0, Max(ms): 302.0
[Current] PAYMENT - Takes(s): 10.0, Count: 3069, TPM: 18430.5, Sum(ms): 410875.2, Avg(ms): 134.0, 50th(ms): 117.4, 90th(ms): 218.1, 95th(ms): 260.0, 99th(ms): 352.3, 99.9th(ms): 503.3, Max(ms): 570.4
[Current] STOCK_LEVEL - Takes(s): 10.0, Count: 292, TPM: 1755.6, Sum(ms): 28898.8, Avg(ms): 99.0, 50th(ms): 88.1, 90th(ms): 167.8, 95th(ms): 192.9, 99th(ms): 234.9, 99.9th(ms): 285.2, Max(ms): 285.2
[Current] DELIVERY - Takes(s): 9.9, Count: 283, TPM: 1709.3, Sum(ms): 172649.7, Avg(ms): 611.4, 50th(ms): 570.4, 90th(ms): 872.4, 95th(ms): 1073.7, 99th(ms): 1409.3, 99.9th(ms): 2013.3, Max(ms): 2013.3
[Current] NEW_ORDER - Takes(s): 10.0, Count: 3370, TPM: 20224.5, Sum(ms): 604393.1, Avg(ms): 179.4, 50th(ms): 167.8, 90th(ms): 260.0, 95th(ms): 302.0, 99th(ms): 369.1, 99.9th(ms): 520.1, Max(ms): 604.0
[Current] ORDER_STATUS - Takes(s): 10.0, Count: 297, TPM: 1788.5, Sum(ms): 23751.1, Avg(ms): 80.0, 50th(ms): 75.5, 90th(ms): 117.4, 95th(ms): 130.0, 99th(ms): 192.9, 99.9th(ms): 218.1, Max(ms): 218.1
[Current] PAYMENT - Takes(s): 10.0, Count: 3324, TPM: 19947.8, Sum(ms): 430143.4, Avg(ms): 129.5, 50th(ms): 113.2, 90th(ms): 209.7, 95th(ms): 243.3, 99th(ms): 335.5, 99.9th(ms): 469.8, Max(ms): 671.1
[Current] STOCK_LEVEL - Takes(s): 10.0, Count: 300, TPM: 1802.2, Sum(ms): 22651.0, Avg(ms): 75.5, 50th(ms): 71.3, 90th(ms): 104.9, 95th(ms): 121.6, 99th(ms): 167.8, 99.9th(ms): 176.2, Max(ms): 176.2
[Current] DELIVERY - Takes(s): 10.0, Count: 288, TPM: 1729.3, Sum(ms): 167805.6, Avg(ms): 582.4, 50th(ms): 570.4, 90th(ms): 805.3, 95th(ms): 939.5, 99th(ms): 1208.0, 99.9th(ms): 1342.2, Max(ms): 1342.2
[Current] NEW_ORDER - Takes(s): 10.0, Count: 3338, TPM: 20037.9, Sum(ms): 596587.8, Avg(ms): 178.8, 50th(ms): 176.2, 90th(ms): 251.7, 95th(ms): 302.0, 99th(ms): 369.1, 99.9th(ms): 486.5, Max(ms): 570.4
[Current] ORDER_STATUS - Takes(s): 9.9, Count: 318, TPM: 1921.2, Sum(ms): 24756.4, Avg(ms): 77.9, 50th(ms): 75.5, 90th(ms): 109.1, 95th(ms): 130.0, 99th(ms): 192.9, 99.9th(ms): 226.5, Max(ms): 226.5
[Current] PAYMENT - Takes(s): 10.0, Count: 3433, TPM: 20608.4, Sum(ms): 439405.2, Avg(ms): 128.0, 50th(ms): 113.2, 90th(ms): 209.7, 95th(ms): 243.3, 99th(ms): 335.5, 99.9th(ms): 503.3, Max(ms): 637.5
[Current] STOCK_LEVEL - Takes(s): 10.0, Count: 287, TPM: 1722.4, Sum(ms): 20468.7, Avg(ms): 71.4, 50th(ms): 71.3, 90th(ms): 96.5, 95th(ms): 104.9, 99th(ms): 134.2, 99.9th(ms): 167.8, Max(ms): 167.8
[Current] DELIVERY - Takes(s): 10.0, Count: 309, TPM: 1855.4, Sum(ms): 179395.3, Avg(ms): 580.1, 50th(ms): 570.4, 90th(ms): 805.3, 95th(ms): 872.4, 99th(ms): 1275.1, 99.9th(ms): 2415.9, Max(ms): 2415.9
[Current] NEW_ORDER - Takes(s): 10.0, Count: 3485, TPM: 20920.5, Sum(ms): 615346.3, Avg(ms): 176.6, 50th(ms): 167.8, 90th(ms): 243.3, 95th(ms): 285.2, 99th(ms): 335.5, 99.9th(ms): 436.2, Max(ms): 520.1
[Current] ORDER_STATUS - Takes(s): 9.9, Count: 297, TPM: 1792.4, Sum(ms): 23025.5, Avg(ms): 77.5, 50th(ms): 75.5, 90th(ms): 113.2, 95th(ms): 125.8, 99th(ms): 167.8, 99.9th(ms): 176.2, Max(ms): 176.2
[Current] PAYMENT - Takes(s): 10.0, Count: 3245, TPM: 19470.1, Sum(ms): 411412.4, Avg(ms): 126.8, 50th(ms): 113.2, 90th(ms): 201.3, 95th(ms): 234.9, 99th(ms): 318.8, 99.9th(ms): 402.7, Max(ms): 453.0
[Current] STOCK_LEVEL - Takes(s): 9.9, Count: 289, TPM: 1743.9, Sum(ms): 21702.9, Avg(ms): 75.2, 50th(ms): 75.5, 90th(ms): 100.7, 95th(ms): 113.2, 99th(ms): 125.8, 99.9th(ms): 151.0, Max(ms): 151.0
[Current] DELIVERY - Takes(s): 10.0, Count: 317, TPM: 1904.7, Sum(ms): 190797.7, Avg(ms): 602.2, 50th(ms): 570.4, 90th(ms): 838.9, 95th(ms): 973.1, 99th(ms): 1275.1, 99.9th(ms): 1476.4, Max(ms): 1476.4
[Current] NEW_ORDER - Takes(s): 10.0, Count: 3385, TPM: 20324.3, Sum(ms): 612810.4, Avg(ms): 181.1, 50th(ms): 176.2, 90th(ms): 251.7, 95th(ms): 302.0, 99th(ms): 385.9, 99.9th(ms): 469.8, Max(ms): 536.9
[Current] ORDER_STATUS - Takes(s): 10.0, Count: 276, TPM: 1659.1, Sum(ms): 21885.5, Avg(ms): 79.2, 50th(ms): 75.5, 90th(ms): 121.6, 95th(ms): 134.2, 99th(ms): 184.5, 99.9th(ms): 209.7, Max(ms): 209.7
[Current] PAYMENT - Takes(s): 10.0, Count: 3180, TPM: 19084.2, Sum(ms): 408873.1, Avg(ms): 128.6, 50th(ms): 113.2, 90th(ms): 201.3, 95th(ms): 243.3, 99th(ms): 318.8, 99.9th(ms): 503.3, Max(ms): 1006.6
[Current] STOCK_LEVEL - Takes(s): 9.9, Count: 282, TPM: 1708.0, Sum(ms): 22310.7, Avg(ms): 79.3, 50th(ms): 75.5, 90th(ms): 109.1, 95th(ms): 125.8, 99th(ms): 151.0, 99.9th(ms): 192.9, Max(ms): 192.9
[Current] DELIVERY - Takes(s): 9.9, Count: 290, TPM: 1760.5, Sum(ms): 180798.6, Avg(ms): 624.3, 50th(ms): 570.4, 90th(ms): 906.0, 95th(ms): 1040.2, 99th(ms): 1342.2, 99.9th(ms): 1677.7, Max(ms): 1677.7
[Current] NEW_ORDER - Takes(s): 10.0, Count: 3250, TPM: 19536.1, Sum(ms): 606461.1, Avg(ms): 186.7, 50th(ms): 176.2, 90th(ms): 285.2, 95th(ms): 318.8, 99th(ms): 402.7, 99.9th(ms): 486.5, Max(ms): 570.4
[Current] ORDER_STATUS - Takes(s): 10.0, Count: 284, TPM: 1707.7, Sum(ms): 24424.2, Avg(ms): 86.1, 50th(ms): 83.9, 90th(ms): 121.6, 95th(ms): 151.0, 99th(ms): 184.5, 99.9th(ms): 192.9, Max(ms): 192.9
[Current] PAYMENT - Takes(s): 10.0, Count: 3103, TPM: 18618.3, Sum(ms): 417708.2, Avg(ms): 134.6, 50th(ms): 117.4, 90th(ms): 218.1, 95th(ms): 268.4, 99th(ms): 385.9, 99.9th(ms): 486.5, Max(ms): 570.4
[Current] STOCK_LEVEL - Takes(s): 10.0, Count: 305, TPM: 1837.5, Sum(ms): 23585.2, Avg(ms): 77.3, 50th(ms): 75.5, 90th(ms): 109.1, 95th(ms): 117.4, 99th(ms): 142.6, 99.9th(ms): 159.4, Max(ms): 159.4
[Current] DELIVERY - Takes(s): 10.0, Count: 299, TPM: 1794.5, Sum(ms): 166513.3, Avg(ms): 557.1, 50th(ms): 536.9, 90th(ms): 771.8, 95th(ms): 906.0, 99th(ms): 1140.9, 99.9th(ms): 1275.1, Max(ms): 1275.1
[Current] NEW_ORDER - Takes(s): 10.0, Count: 3496, TPM: 20999.8, Sum(ms): 614838.4, Avg(ms): 176.0, 50th(ms): 167.8, 90th(ms): 251.7, 95th(ms): 285.2, 99th(ms): 419.4, 99.9th(ms): 536.9, Max(ms): 637.5
[Current] ORDER_STATUS - Takes(s): 10.0, Count: 303, TPM: 1819.6, Sum(ms): 24565.6, Avg(ms): 81.1, 50th(ms): 79.7, 90th(ms): 117.4, 95th(ms): 130.0, 99th(ms): 176.2, 99.9th(ms): 218.1, Max(ms): 218.1
[Current] PAYMENT - Takes(s): 10.0, Count: 3370, TPM: 20242.8, Sum(ms): 422968.7, Avg(ms): 125.5, 50th(ms): 113.2, 90th(ms): 201.3, 95th(ms): 234.9, 99th(ms): 318.8, 99.9th(ms): 469.8, Max(ms): 570.4
[Current] STOCK_LEVEL - Takes(s): 10.0, Count: 305, TPM: 1836.1, Sum(ms): 22204.5, Avg(ms): 72.8, 50th(ms): 71.3, 90th(ms): 100.7, 95th(ms): 109.1, 99th(ms): 142.6, 99.9th(ms): 167.8, Max(ms): 167.8
[Current] DELIVERY - Takes(s): 10.0, Count: 303, TPM: 1819.5, Sum(ms): 167995.3, Avg(ms): 554.3, 50th(ms): 520.1, 90th(ms): 838.9, 95th(ms): 906.0, 99th(ms): 1140.9, 99.9th(ms): 1476.4, Max(ms): 1476.4
[Current] NEW_ORDER - Takes(s): 10.0, Count: 3646, TPM: 21889.2, Sum(ms): 624810.9, Avg(ms): 171.5, 50th(ms): 159.4, 90th(ms): 251.7, 95th(ms): 285.2, 99th(ms): 369.1, 99.9th(ms): 453.0, Max(ms): 604.0
[Current] ORDER_STATUS - Takes(s): 10.0, Count: 347, TPM: 2088.4, Sum(ms): 26346.4, Avg(ms): 76.0, 50th(ms): 71.3, 90th(ms): 113.2, 95th(ms): 130.0, 99th(ms): 176.2, 99.9th(ms): 226.5, Max(ms): 226.5
[Current] PAYMENT - Takes(s): 10.0, Count: 3408, TPM: 20451.5, Sum(ms): 410737.8, Avg(ms): 120.6, 50th(ms): 109.1, 90th(ms): 192.9, 95th(ms): 226.5, 99th(ms): 318.8, 99.9th(ms): 419.4, Max(ms): 436.2
[Current] STOCK_LEVEL - Takes(s): 10.0, Count: 339, TPM: 2036.3, Sum(ms): 25004.6, Avg(ms): 73.8, 50th(ms): 71.3, 90th(ms): 104.9, 95th(ms): 121.6, 99th(ms): 184.5, 99.9th(ms): 234.9, Max(ms): 234.9
[Current] DELIVERY - Takes(s): 10.0, Count: 304, TPM: 1830.8, Sum(ms): 171069.0, Avg(ms): 563.1, 50th(ms): 520.1, 90th(ms): 805.3, 95th(ms): 872.4, 99th(ms): 1140.9, 99.9th(ms): 1342.2, Max(ms): 1342.2
[Current] NEW_ORDER - Takes(s): 10.0, Count: 3412, TPM: 20476.3, Sum(ms): 602614.8, Avg(ms): 176.7, 50th(ms): 167.8, 90th(ms): 260.0, 95th(ms): 302.0, 99th(ms): 385.9, 99.9th(ms): 503.3, Max(ms): 536.9
[Current] ORDER_STATUS - Takes(s): 10.0, Count: 311, TPM: 1870.5, Sum(ms): 24475.9, Avg(ms): 78.8, 50th(ms): 75.5, 90th(ms): 117.4, 95th(ms): 142.6, 99th(ms): 201.3, 99.9th(ms): 234.9, Max(ms): 234.9
[Current] PAYMENT - Takes(s): 10.0, Count: 3431, TPM: 20619.7, Sum(ms): 430611.5, Avg(ms): 125.6, 50th(ms): 109.1, 90th(ms): 201.3, 95th(ms): 234.9, 99th(ms): 335.5, 99.9th(ms): 469.8, Max(ms): 671.1
[Current] STOCK_LEVEL - Takes(s): 10.0, Count: 288, TPM: 1730.1, Sum(ms): 21943.5, Avg(ms): 76.3, 50th(ms): 71.3, 90th(ms): 109.1, 95th(ms): 130.0, 99th(ms): 176.2, 99.9th(ms): 226.5, Max(ms): 226.5
Finished
[Summary] DELIVERY - Takes(s): 599.9, Count: 18218, TPM: 1822.2, Sum(ms): 10680835.0, Avg(ms): 586.5, 50th(ms): 570.4, 90th(ms): 838.9, 95th(ms): 1006.6, 99th(ms): 1342.2, 99.9th(ms): 1811.9, Max(ms): 2415.9
[Summary] NEW_ORDER - Takes(s): 600.1, Count: 203972, TPM: 20393.9, Sum(ms): 36427946.2, Avg(ms): 178.7, 50th(ms): 167.8, 90th(ms): 260.0, 95th(ms): 302.0, 99th(ms): 385.9, 99.9th(ms): 520.1, Max(ms): 1208.0
[Summary] ORDER_STATUS - Takes(s): 600.1, Count: 18126, TPM: 1812.3, Sum(ms): 1444836.9, Avg(ms): 79.7, 50th(ms): 75.5, 90th(ms): 121.6, 95th(ms): 142.6, 99th(ms): 184.5, 99.9th(ms): 251.7, Max(ms): 369.1
[Summary] PAYMENT - Takes(s): 600.1, Count: 195880, TPM: 19583.7, Sum(ms): 25144116.8, Avg(ms): 128.4, 50th(ms): 113.2, 90th(ms): 209.7, 95th(ms): 243.3, 99th(ms): 352.3, 99.9th(ms): 486.5, Max(ms): 1006.6
[Summary] STOCK_LEVEL - Takes(s): 600.1, Count: 18209, TPM: 1820.6, Sum(ms): 1446377.5, Avg(ms): 79.5, 50th(ms): 75.5, 90th(ms): 113.2, 95th(ms): 134.2, 99th(ms): 201.3, 99.9th(ms): 335.5, Max(ms): 503.3
tpmC: 20393.9, tpmTotal: 45432.6, efficiency: 1238.9%
