2026/04/28 09:25:01 maxprocs: Leaving GOMAXPROCS=4: CPU quota undefined
[Current] DELIVERY - Takes(s): 9.7, Count: 303, TPM: 1876.8, Sum(ms): 76631.4, Avg(ms): 253.2, 50th(ms): 251.7, 90th(ms): 318.8, 95th(ms): 369.1, 99th(ms): 486.5, 99.9th(ms): 671.1, Max(ms): 671.1
[Current] NEW_ORDER - Takes(s): 9.9, Count: 3702, TPM: 22532.2, Sum(ms): 317499.3, Avg(ms): 85.8, 50th(ms): 83.9, 90th(ms): 113.2, 95th(ms): 125.8, 99th(ms): 159.4, 99.9th(ms): 192.9, Max(ms): 335.5
[Current] ORDER_STATUS - Takes(s): 9.8, Count: 312, TPM: 1906.4, Sum(ms): 12019.0, Avg(ms): 38.6, 50th(ms): 37.7, 90th(ms): 56.6, 95th(ms): 65.0, 99th(ms): 79.7, 99.9th(ms): 92.3, Max(ms): 92.3
[Current] PAYMENT - Takes(s): 9.9, Count: 3437, TPM: 20879.5, Sum(ms): 192892.3, Avg(ms): 56.1, 50th(ms): 52.4, 90th(ms): 79.7, 95th(ms): 92.3, 99th(ms): 125.8, 99.9th(ms): 184.5, Max(ms): 251.7
[Current] STOCK_LEVEL - Takes(s): 9.9, Count: 361, TPM: 2198.0, Sum(ms): 17219.5, Avg(ms): 47.8, 50th(ms): 48.2, 90th(ms): 67.1, 95th(ms): 79.7, 99th(ms): 92.3, 99.9th(ms): 104.9, Max(ms): 104.9
[Current] DELIVERY - Takes(s): 10.0, Count: 327, TPM: 1965.5, Sum(ms): 82526.5, Avg(ms): 252.7, 50th(ms): 251.7, 90th(ms): 335.5, 95th(ms): 369.1, 99th(ms): 486.5, 99.9th(ms): 570.4, Max(ms): 570.4
[Current] NEW_ORDER - Takes(s): 10.0, Count: 3704, TPM: 22227.5, Sum(ms): 315858.3, Avg(ms): 85.3, 50th(ms): 83.9, 90th(ms): 117.4, 95th(ms): 130.0, 99th(ms): 159.4, 99.9th(ms): 201.3, Max(ms): 218.1
[Current] ORDER_STATUS - Takes(s): 10.0, Count: 338, TPM: 2031.5, Sum(ms): 12822.4, Avg(ms): 38.0, 50th(ms): 37.7, 90th(ms): 58.7, 95th(ms): 62.9, 99th(ms): 75.5, 99.9th(ms): 96.5, Max(ms): 96.5
[Current] PAYMENT - Takes(s): 10.0, Count: 3550, TPM: 21311.5, Sum(ms): 197262.8, Avg(ms): 55.6, 50th(ms): 52.4, 90th(ms): 79.7, 95th(ms): 92.3, 99th(ms): 125.8, 99.9th(ms): 184.5, Max(ms): 226.5
[Current] STOCK_LEVEL - Takes(s): 10.0, Count: 343, TPM: 2061.9, Sum(ms): 16586.9, Avg(ms): 48.3, 50th(ms): 48.2, 90th(ms): 71.3, 95th(ms): 75.5, 99th(ms): 96.5, 99.9th(ms): 104.9, Max(ms): 104.9
[Current] DELIVERY - Takes(s): 9.9, Count: 298, TPM: 1800.0, Sum(ms): 74028.1, Avg(ms): 248.7, 50th(ms): 234.9, 90th(ms): 352.3, 95th(ms): 385.9, 99th(ms): 453.0, 99.9th(ms): 637.5, Max(ms): 637.5
[Current] NEW_ORDER - Takes(s): 10.0, Count: 3846, TPM: 23077.4, Sum(ms): 329565.6, Avg(ms): 85.7, 50th(ms): 83.9, 90th(ms): 117.4, 95th(ms): 134.2, 99th(ms): 167.8, 99.9th(ms): 209.7, Max(ms): 536.9
[Current] ORDER_STATUS - Takes(s): 9.9, Count: 346, TPM: 2089.9, Sum(ms): 12952.4, Avg(ms): 37.4, 50th(ms): 35.7, 90th(ms): 56.6, 95th(ms): 60.8, 99th(ms): 75.5, 99.9th(ms): 83.9, Max(ms): 83.9
[Current] PAYMENT - Takes(s): 10.0, Count: 3551, TPM: 21308.5, Sum(ms): 194566.6, Avg(ms): 54.8, 50th(ms): 50.3, 90th(ms): 79.7, 95th(ms): 92.3, 99th(ms): 125.8, 99.9th(ms): 184.5, Max(ms): 385.9
[Current] STOCK_LEVEL - Takes(s): 10.0, Count: 327, TPM: 1964.9, Sum(ms): 15362.6, Avg(ms): 47.0, 50th(ms): 46.1, 90th(ms): 65.0, 95th(ms): 75.5, 99th(ms): 83.9, 99.9th(ms): 92.3, Max(ms): 92.3
[Current] DELIVERY - Takes(s): 10.0, Count: 331, TPM: 1991.0, Sum(ms): 83765.9, Avg(ms): 253.5, 50th(ms): 251.7, 90th(ms): 318.8, 95th(ms): 369.1, 99th(ms): 436.2, 99.9th(ms): 503.3, Max(ms): 503.3
[Current] NEW_ORDER - Takes(s): 10.0, Count: 3671, TPM: 22028.2, Sum(ms): 308738.1, Avg(ms): 84.1, 50th(ms): 83.9, 90th(ms): 109.1, 95th(ms): 117.4, 99th(ms): 151.0, 99.9th(ms): 184.5, Max(ms): 226.5
[Current] ORDER_STATUS - Takes(s): 10.0, Count: 323, TPM: 1945.5, Sum(ms): 11894.4, Avg(ms): 36.8, 50th(ms): 35.7, 90th(ms): 54.5, 95th(ms): 60.8, 99th(ms): 71.3, 99.9th(ms): 88.1, Max(ms): 88.1
[Current] PAYMENT - Takes(s): 10.0, Count: 3693, TPM: 22162.5, Sum(ms): 206190.3, Avg(ms): 55.8, 50th(ms): 52.4, 90th(ms): 79.7, 95th(ms): 92.3, 99th(ms): 125.8, 99.9th(ms): 184.5, Max(ms): 243.3
[Current] STOCK_LEVEL - Takes(s): 10.0, Count: 321, TPM: 1927.5, Sum(ms): 15274.1, Avg(ms): 47.6, 50th(ms): 46.1, 90th(ms): 60.8, 95th(ms): 65.0, 99th(ms): 79.7, 99.9th(ms): 520.1, Max(ms): 520.1
[Current] DELIVERY - Takes(s): 10.0, Count: 327, TPM: 1970.5, Sum(ms): 85552.4, Avg(ms): 261.8, 50th(ms): 251.7, 90th(ms): 335.5, 95th(ms): 402.7, 99th(ms): 570.4, 99.9th(ms): 771.8, Max(ms): 771.8
[Current] NEW_ORDER - Takes(s): 10.0, Count: 3601, TPM: 21609.7, Sum(ms): 309188.7, Avg(ms): 85.9, 50th(ms): 83.9, 90th(ms): 113.2, 95th(ms): 125.8, 99th(ms): 159.4, 99.9th(ms): 209.7, Max(ms): 234.9
[Current] ORDER_STATUS - Takes(s): 10.0, Count: 330, TPM: 1981.2, Sum(ms): 12302.5, Avg(ms): 37.3, 50th(ms): 35.7, 90th(ms): 54.5, 95th(ms): 58.7, 99th(ms): 75.5, 99.9th(ms): 92.3, Max(ms): 92.3
[Current] PAYMENT - Takes(s): 10.0, Count: 3590, TPM: 21543.3, Sum(ms): 204604.3, Avg(ms): 57.0, 50th(ms): 52.4, 90th(ms): 83.9, 95th(ms): 100.7, 99th(ms): 130.0, 99.9th(ms): 176.2, Max(ms): 192.9
[Current] STOCK_LEVEL - Takes(s): 9.9, Count: 319, TPM: 1934.7, Sum(ms): 14714.1, Avg(ms): 46.1, 50th(ms): 46.1, 90th(ms): 58.7, 95th(ms): 67.1, 99th(ms): 79.7, 99.9th(ms): 201.3, Max(ms): 201.3
[Current] DELIVERY - Takes(s): 10.0, Count: 320, TPM: 1922.4, Sum(ms): 81005.9, Avg(ms): 253.2, 50th(ms): 251.7, 90th(ms): 318.8, 95th(ms): 352.3, 99th(ms): 486.5, 99.9th(ms): 570.4, Max(ms): 570.4
[Current] NEW_ORDER - Takes(s): 10.0, Count: 3626, TPM: 21768.1, Sum(ms): 309111.5, Avg(ms): 85.3, 50th(ms): 83.9, 90th(ms): 113.2, 95th(ms): 125.8, 99th(ms): 159.4, 99.9th(ms): 201.3, Max(ms): 251.7
[Current] ORDER_STATUS - Takes(s): 9.9, Count: 362, TPM: 2183.6, Sum(ms): 13621.6, Avg(ms): 37.6, 50th(ms): 35.7, 90th(ms): 54.5, 95th(ms): 60.8, 99th(ms): 71.3, 99.9th(ms): 130.0, Max(ms): 130.0
[Current] PAYMENT - Takes(s): 10.0, Count: 3628, TPM: 21770.7, Sum(ms): 206570.3, Avg(ms): 57.0, 50th(ms): 52.4, 90th(ms): 83.9, 95th(ms): 100.7, 99th(ms): 125.8, 99.9th(ms): 167.8, Max(ms): 243.3
[Current] STOCK_LEVEL - Takes(s): 10.0, Count: 342, TPM: 2061.4, Sum(ms): 15733.8, Avg(ms): 46.0, 50th(ms): 46.1, 90th(ms): 65.0, 95th(ms): 71.3, 99th(ms): 79.7, 99.9th(ms): 159.4, Max(ms): 159.4
[Current] DELIVERY - Takes(s): 10.0, Count: 317, TPM: 1907.0, Sum(ms): 86145.4, Avg(ms): 272.3, 50th(ms): 268.4, 90th(ms): 335.5, 95th(ms): 369.1, 99th(ms): 469.8, 99.9th(ms): 671.1, Max(ms): 671.1
[Current] NEW_ORDER - Takes(s): 10.0, Count: 3529, TPM: 21192.2, Sum(ms): 319425.8, Avg(ms): 90.5, 50th(ms): 88.1, 90th(ms): 117.4, 95th(ms): 134.2, 99th(ms): 184.5, 99.9th(ms): 218.1, Max(ms): 302.0
[Current] ORDER_STATUS - Takes(s): 10.0, Count: 304, TPM: 1828.0, Sum(ms): 12532.1, Avg(ms): 41.2, 50th(ms): 39.8, 90th(ms): 62.9, 95th(ms): 71.3, 99th(ms): 88.1, 99.9th(ms): 113.2, Max(ms): 113.2
[Current] PAYMENT - Takes(s): 10.0, Count: 3242, TPM: 19460.1, Sum(ms): 193454.0, Avg(ms): 59.7, 50th(ms): 56.6, 90th(ms): 88.1, 95th(ms): 100.7, 99th(ms): 142.6, 99.9th(ms): 184.5, Max(ms): 226.5
[Current] STOCK_LEVEL - Takes(s): 10.0, Count: 280, TPM: 1684.0, Sum(ms): 14920.2, Avg(ms): 53.3, 50th(ms): 50.3, 90th(ms): 71.3, 95th(ms): 79.7, 99th(ms): 218.1, 99.9th(ms): 243.3, Max(ms): 243.3
[Current] DELIVERY - Takes(s): 10.0, Count: 338, TPM: 2032.7, Sum(ms): 89894.2, Avg(ms): 266.1, 50th(ms): 260.0, 90th(ms): 335.5, 95th(ms): 369.1, 99th(ms): 486.5, 99.9th(ms): 536.9, Max(ms): 536.9
[Current] NEW_ORDER - Takes(s): 10.0, Count: 3515, TPM: 21091.1, Sum(ms): 304986.3, Avg(ms): 86.8, 50th(ms): 83.9, 90th(ms): 113.2, 95th(ms): 125.8, 99th(ms): 159.4, 99.9th(ms): 201.3, Max(ms): 260.0
[Current] ORDER_STATUS - Takes(s): 9.9, Count: 305, TPM: 1844.1, Sum(ms): 11971.3, Avg(ms): 39.3, 50th(ms): 37.7, 90th(ms): 60.8, 95th(ms): 67.1, 99th(ms): 75.5, 99.9th(ms): 83.9, Max(ms): 83.9
[Current] PAYMENT - Takes(s): 10.0, Count: 3478, TPM: 20869.7, Sum(ms): 204588.3, Avg(ms): 58.8, 50th(ms): 54.5, 90th(ms): 88.1, 95th(ms): 100.7, 99th(ms): 134.2, 99.9th(ms): 184.5, Max(ms): 201.3
[Current] STOCK_LEVEL - Takes(s): 10.0, Count: 320, TPM: 1922.9, Sum(ms): 15373.2, Avg(ms): 48.0, 50th(ms): 46.1, 90th(ms): 65.0, 95th(ms): 75.5, 99th(ms): 96.5, 99.9th(ms): 125.8, Max(ms): 125.8
[Current] DELIVERY - Takes(s): 10.0, Count: 325, TPM: 1950.6, Sum(ms): 90011.2, Avg(ms): 277.1, 50th(ms): 268.4, 90th(ms): 352.3, 95th(ms): 419.4, 99th(ms): 570.4, 99.9th(ms): 604.0, Max(ms): 604.0
[Current] NEW_ORDER - Takes(s): 10.0, Count: 3437, TPM: 20623.6, Sum(ms): 309069.7, Avg(ms): 90.0, 50th(ms): 88.1, 90th(ms): 117.4, 95th(ms): 130.0, 99th(ms): 167.8, 99.9th(ms): 234.9, Max(ms): 285.2
[Current] ORDER_STATUS - Takes(s): 9.9, Count: 284, TPM: 1725.2, Sum(ms): 12031.5, Avg(ms): 42.4, 50th(ms): 39.8, 90th(ms): 62.9, 95th(ms): 71.3, 99th(ms): 92.3, 99.9th(ms): 117.4, Max(ms): 117.4
[Current] PAYMENT - Takes(s): 10.0, Count: 3307, TPM: 19843.3, Sum(ms): 197768.2, Avg(ms): 59.8, 50th(ms): 56.6, 90th(ms): 83.9, 95th(ms): 100.7, 99th(ms): 134.2, 99.9th(ms): 176.2, Max(ms): 192.9
[Current] STOCK_LEVEL - Takes(s): 9.9, Count: 335, TPM: 2026.3, Sum(ms): 17443.2, Avg(ms): 52.0, 50th(ms): 52.4, 90th(ms): 75.5, 95th(ms): 83.9, 99th(ms): 100.7, 99.9th(ms): 142.6, Max(ms): 142.6
[Current] DELIVERY - Takes(s): 9.9, Count: 322, TPM: 1944.9, Sum(ms): 90985.3, Avg(ms): 282.4, 50th(ms): 268.4, 90th(ms): 352.3, 95th(ms): 402.7, 99th(ms): 570.4, 99.9th(ms): 671.1, Max(ms): 671.1
[Current] NEW_ORDER - Takes(s): 10.0, Count: 3360, TPM: 20160.8, Sum(ms): 308323.8, Avg(ms): 91.8, 50th(ms): 88.1, 90th(ms): 121.6, 95th(ms): 142.6, 99th(ms): 176.2, 99.9th(ms): 218.1, Max(ms): 260.0
[Current] ORDER_STATUS - Takes(s): 9.9, Count: 316, TPM: 1909.7, Sum(ms): 13533.2, Avg(ms): 42.8, 50th(ms): 41.9, 90th(ms): 62.9, 95th(ms): 71.3, 99th(ms): 96.5, 99.9th(ms): 130.0, Max(ms): 130.0
[Current] PAYMENT - Takes(s): 10.0, Count: 3209, TPM: 19255.0, Sum(ms): 197874.3, Avg(ms): 61.7, 50th(ms): 56.6, 90th(ms): 92.3, 95th(ms): 104.9, 99th(ms): 142.6, 99.9th(ms): 192.9, Max(ms): 243.3
[Current] STOCK_LEVEL - Takes(s): 10.0, Count: 308, TPM: 1853.8, Sum(ms): 15077.3, Avg(ms): 49.0, 50th(ms): 48.2, 90th(ms): 71.3, 95th(ms): 75.5, 99th(ms): 96.5, 99.9th(ms): 109.1, Max(ms): 109.1
[Current] DELIVERY - Takes(s): 10.0, Count: 289, TPM: 1734.3, Sum(ms): 86020.2, Avg(ms): 297.7, 50th(ms): 285.2, 90th(ms): 402.7, 95th(ms): 469.8, 99th(ms): 604.0, 99.9th(ms): 704.6, Max(ms): 704.6
[Current] NEW_ORDER - Takes(s): 10.0, Count: 3208, TPM: 19254.8, Sum(ms): 306352.9, Avg(ms): 95.5, 50th(ms): 92.3, 90th(ms): 125.8, 95th(ms): 151.0, 99th(ms): 184.5, 99.9th(ms): 234.9, Max(ms): 260.0
[Current] ORDER_STATUS - Takes(s): 10.0, Count: 288, TPM: 1730.4, Sum(ms): 12255.2, Avg(ms): 42.7, 50th(ms): 39.8, 90th(ms): 71.3, 95th(ms): 79.7, 99th(ms): 96.5, 99.9th(ms): 134.2, Max(ms): 134.2
[Current] PAYMENT - Takes(s): 10.0, Count: 3041, TPM: 18249.2, Sum(ms): 195924.8, Avg(ms): 64.4, 50th(ms): 60.8, 90th(ms): 96.5, 95th(ms): 113.2, 99th(ms): 151.0, 99.9th(ms): 201.3, Max(ms): 243.3
[Current] STOCK_LEVEL - Takes(s): 9.9, Count: 300, TPM: 1820.7, Sum(ms): 25066.3, Avg(ms): 83.5, 50th(ms): 65.0, 90th(ms): 167.8, 95th(ms): 192.9, 99th(ms): 260.0, 99.9th(ms): 369.1, Max(ms): 369.1
[Current] DELIVERY - Takes(s): 10.0, Count: 298, TPM: 1790.0, Sum(ms): 87229.0, Avg(ms): 292.9, 50th(ms): 285.2, 90th(ms): 385.9, 95th(ms): 453.0, 99th(ms): 520.1, 99.9th(ms): 805.3, Max(ms): 805.3
[Current] NEW_ORDER - Takes(s): 10.0, Count: 3276, TPM: 19673.9, Sum(ms): 310912.9, Avg(ms): 94.9, 50th(ms): 92.3, 90th(ms): 125.8, 95th(ms): 142.6, 99th(ms): 176.2, 99.9th(ms): 218.1, Max(ms): 369.1
[Current] ORDER_STATUS - Takes(s): 10.0, Count: 288, TPM: 1732.3, Sum(ms): 12683.8, Avg(ms): 44.0, 50th(ms): 41.9, 90th(ms): 67.1, 95th(ms): 79.7, 99th(ms): 92.3, 99.9th(ms): 113.2, Max(ms): 113.2
[Current] PAYMENT - Takes(s): 10.0, Count: 3133, TPM: 18819.4, Sum(ms): 199105.9, Avg(ms): 63.6, 50th(ms): 58.7, 90th(ms): 92.3, 95th(ms): 109.1, 99th(ms): 142.6, 99.9th(ms): 218.1, Max(ms): 251.7
[Current] STOCK_LEVEL - Takes(s): 10.0, Count: 300, TPM: 1806.2, Sum(ms): 17194.9, Avg(ms): 57.3, 50th(ms): 50.3, 90th(ms): 92.3, 95th(ms): 125.8, 99th(ms): 167.8, 99.9th(ms): 184.5, Max(ms): 184.5
[Current] DELIVERY - Takes(s): 10.0, Count: 290, TPM: 1740.7, Sum(ms): 86885.9, Avg(ms): 299.7, 50th(ms): 302.0, 90th(ms): 385.9, 95th(ms): 469.8, 99th(ms): 671.1, 99.9th(ms): 906.0, Max(ms): 906.0
[Current] NEW_ORDER - Takes(s): 10.0, Count: 3301, TPM: 19810.3, Sum(ms): 319227.0, Avg(ms): 96.7, 50th(ms): 96.5, 90th(ms): 130.0, 95th(ms): 142.6, 99th(ms): 184.5, 99.9th(ms): 243.3, Max(ms): 385.9
[Current] ORDER_STATUS - Takes(s): 9.9, Count: 272, TPM: 1640.6, Sum(ms): 11878.7, Avg(ms): 43.7, 50th(ms): 39.8, 90th(ms): 67.1, 95th(ms): 75.5, 99th(ms): 88.1, 99.9th(ms): 100.7, Max(ms): 100.7
[Current] PAYMENT - Takes(s): 10.0, Count: 3044, TPM: 18265.2, Sum(ms): 194276.4, Avg(ms): 63.9, 50th(ms): 60.8, 90th(ms): 92.3, 95th(ms): 109.1, 99th(ms): 142.6, 99.9th(ms): 201.3, Max(ms): 302.0
[Current] STOCK_LEVEL - Takes(s): 10.0, Count: 283, TPM: 1702.0, Sum(ms): 16011.6, Avg(ms): 56.6, 50th(ms): 52.4, 90th(ms): 83.9, 95th(ms): 121.6, 99th(ms): 151.0, 99.9th(ms): 176.2, Max(ms): 176.2
[Current] DELIVERY - Takes(s): 10.0, Count: 294, TPM: 1768.7, Sum(ms): 74102.3, Avg(ms): 251.6, 50th(ms): 243.3, 90th(ms): 335.5, 95th(ms): 385.9, 99th(ms): 469.8, 99.9th(ms): 570.4, Max(ms): 570.4
[Current] NEW_ORDER - Takes(s): 10.0, Count: 3464, TPM: 20787.2, Sum(ms): 314120.7, Avg(ms): 90.7, 50th(ms): 88.1, 90th(ms): 125.8, 95th(ms): 142.6, 99th(ms): 184.5, 99.9th(ms): 268.4, Max(ms): 302.0
[Current] ORDER_STATUS - Takes(s): 9.9, Count: 298, TPM: 1797.2, Sum(ms): 11053.3, Avg(ms): 37.1, 50th(ms): 35.7, 90th(ms): 56.6, 95th(ms): 65.0, 99th(ms): 83.9, 99.9th(ms): 104.9, Max(ms): 104.9
[Current] PAYMENT - Takes(s): 10.0, Count: 3299, TPM: 19793.9, Sum(ms): 212478.1, Avg(ms): 64.5, 50th(ms): 58.7, 90th(ms): 100.7, 95th(ms): 117.4, 99th(ms): 167.8, 99.9th(ms): 285.2, Max(ms): 402.7
[Current] STOCK_LEVEL - Takes(s): 10.0, Count: 302, TPM: 1816.8, Sum(ms): 16928.7, Avg(ms): 56.1, 50th(ms): 46.1, 90th(ms): 96.5, 95th(ms): 142.6, 99th(ms): 243.3, 99.9th(ms): 402.7, Max(ms): 402.7
[Current] DELIVERY - Takes(s): 10.0, Count: 278, TPM: 1671.3, Sum(ms): 80721.1, Avg(ms): 290.9, 50th(ms): 285.2, 90th(ms): 385.9, 95th(ms): 486.5, 99th(ms): 637.5, 99.9th(ms): 671.1, Max(ms): 671.1
[Current] NEW_ORDER - Takes(s): 10.0, Count: 3344, TPM: 20065.5, Sum(ms): 316616.4, Avg(ms): 94.7, 50th(ms): 92.3, 90th(ms): 130.0, 95th(ms): 151.0, 99th(ms): 201.3, 99.9th(ms): 285.2, Max(ms): 302.0
[Current] ORDER_STATUS - Takes(s): 10.0, Count: 317, TPM: 1906.0, Sum(ms): 13504.5, Avg(ms): 42.6, 50th(ms): 39.8, 90th(ms): 67.1, 95th(ms): 79.7, 99th(ms): 96.5, 99.9th(ms): 151.0, Max(ms): 151.0
[Current] PAYMENT - Takes(s): 10.0, Count: 3129, TPM: 18794.8, Sum(ms): 195568.8, Avg(ms): 62.5, 50th(ms): 56.6, 90th(ms): 92.3, 95th(ms): 117.4, 99th(ms): 151.0, 99.9th(ms): 226.5, Max(ms): 285.2
[Current] STOCK_LEVEL - Takes(s): 10.0, Count: 302, TPM: 1819.3, Sum(ms): 17993.5, Avg(ms): 59.6, 50th(ms): 54.5, 90th(ms): 92.3, 95th(ms): 125.8, 99th(ms): 192.9, 99.9th(ms): 234.9, Max(ms): 234.9
[Current] DELIVERY - Takes(s): 10.0, Count: 307, TPM: 1842.3, Sum(ms): 88311.6, Avg(ms): 287.9, 50th(ms): 268.4, 90th(ms): 402.7, 95th(ms): 469.8, 99th(ms): 604.0, 99.9th(ms): 906.0, Max(ms): 906.0
[Current] NEW_ORDER - Takes(s): 10.0, Count: 3302, TPM: 19820.7, Sum(ms): 309777.6, Avg(ms): 93.9, 50th(ms): 88.1, 90th(ms): 130.0, 95th(ms): 151.0, 99th(ms): 184.5, 99.9th(ms): 226.5, Max(ms): 285.2
[Current] ORDER_STATUS - Takes(s): 10.0, Count: 290, TPM: 1742.8, Sum(ms): 12152.5, Avg(ms): 41.9, 50th(ms): 39.8, 90th(ms): 65.0, 95th(ms): 75.5, 99th(ms): 96.5, 99.9th(ms): 104.9, Max(ms): 104.9
[Current] PAYMENT - Takes(s): 10.0, Count: 3231, TPM: 19392.7, Sum(ms): 201454.2, Avg(ms): 62.4, 50th(ms): 56.6, 90th(ms): 96.5, 95th(ms): 109.1, 99th(ms): 151.0, 99.9th(ms): 184.5, Max(ms): 226.5
[Current] STOCK_LEVEL - Takes(s): 9.9, Count: 281, TPM: 1703.9, Sum(ms): 16255.1, Avg(ms): 57.8, 50th(ms): 54.5, 90th(ms): 83.9, 95th(ms): 100.7, 99th(ms): 201.3, 99.9th(ms): 243.3, Max(ms): 243.3
[Current] DELIVERY - Takes(s): 10.0, Count: 281, TPM: 1690.9, Sum(ms): 75407.8, Avg(ms): 268.7, 50th(ms): 251.7, 90th(ms): 419.4, 95th(ms): 436.2, 99th(ms): 469.8, 99.9th(ms): 671.1, Max(ms): 671.1
[Current] NEW_ORDER - Takes(s): 10.0, Count: 3279, TPM: 19676.0, Sum(ms): 313956.5, Avg(ms): 95.7, 50th(ms): 92.3, 90th(ms): 134.2, 95th(ms): 151.0, 99th(ms): 184.5, 99.9th(ms): 234.9, Max(ms): 251.7
[Current] ORDER_STATUS - Takes(s): 9.9, Count: 279, TPM: 1688.9, Sum(ms): 10940.9, Avg(ms): 39.2, 50th(ms): 35.7, 90th(ms): 62.9, 95th(ms): 71.3, 99th(ms): 83.9, 99.9th(ms): 113.2, Max(ms): 113.2
[Current] PAYMENT - Takes(s): 10.0, Count: 3104, TPM: 18638.5, Sum(ms): 205955.1, Avg(ms): 66.4, 50th(ms): 60.8, 90th(ms): 100.7, 95th(ms): 121.6, 99th(ms): 159.4, 99.9th(ms): 201.3, Max(ms): 285.2
[Current] STOCK_LEVEL - Takes(s): 10.0, Count: 322, TPM: 1938.9, Sum(ms): 21915.2, Avg(ms): 68.1, 50th(ms): 60.8, 90th(ms): 104.9, 95th(ms): 176.2, 99th(ms): 251.7, 99.9th(ms): 318.8, Max(ms): 318.8
[Current] DELIVERY - Takes(s): 10.0, Count: 288, TPM: 1736.3, Sum(ms): 88396.2, Avg(ms): 306.7, 50th(ms): 302.0, 90th(ms): 419.4, 95th(ms): 486.5, 99th(ms): 604.0, 99.9th(ms): 671.1, Max(ms): 671.1
[Current] NEW_ORDER - Takes(s): 10.0, Count: 3094, TPM: 18564.8, Sum(ms): 310263.3, Avg(ms): 100.3, 50th(ms): 96.5, 90th(ms): 142.6, 95th(ms): 159.4, 99th(ms): 209.7, 99.9th(ms): 285.2, Max(ms): 302.0
[Current] ORDER_STATUS - Takes(s): 9.9, Count: 286, TPM: 1727.4, Sum(ms): 12926.7, Avg(ms): 45.2, 50th(ms): 41.9, 90th(ms): 71.3, 95th(ms): 79.7, 99th(ms): 92.3, 99.9th(ms): 134.2, Max(ms): 134.2
[Current] PAYMENT - Takes(s): 10.0, Count: 2973, TPM: 17839.2, Sum(ms): 198497.4, Avg(ms): 66.8, 50th(ms): 60.8, 90th(ms): 100.7, 95th(ms): 117.4, 99th(ms): 159.4, 99.9th(ms): 226.5, Max(ms): 285.2
[Current] STOCK_LEVEL - Takes(s): 10.0, Count: 270, TPM: 1623.6, Sum(ms): 16045.1, Avg(ms): 59.5, 50th(ms): 54.5, 90th(ms): 92.3, 95th(ms): 104.9, 99th(ms): 151.0, 99.9th(ms): 192.9, Max(ms): 192.9
[Current] DELIVERY - Takes(s): 10.0, Count: 271, TPM: 1630.5, Sum(ms): 81433.6, Avg(ms): 300.5, 50th(ms): 302.0, 90th(ms): 402.7, 95th(ms): 436.2, 99th(ms): 604.0, 99.9th(ms): 671.1, Max(ms): 671.1
[Current] NEW_ORDER - Takes(s): 10.0, Count: 3146, TPM: 18876.6, Sum(ms): 318392.7, Avg(ms): 101.2, 50th(ms): 96.5, 90th(ms): 142.6, 95th(ms): 159.4, 99th(ms): 201.3, 99.9th(ms): 251.7, Max(ms): 302.0
[Current] ORDER_STATUS - Takes(s): 10.0, Count: 278, TPM: 1670.6, Sum(ms): 13117.6, Avg(ms): 47.3, 50th(ms): 44.0, 90th(ms): 71.3, 95th(ms): 88.1, 99th(ms): 113.2, 99.9th(ms): 121.6, Max(ms): 121.6
[Current] PAYMENT - Takes(s): 10.0, Count: 2953, TPM: 17717.1, Sum(ms): 197731.7, Avg(ms): 67.0, 50th(ms): 62.9, 90th(ms): 100.7, 95th(ms): 117.4, 99th(ms): 167.8, 99.9th(ms): 260.0, Max(ms): 285.2
[Current] STOCK_LEVEL - Takes(s): 10.0, Count: 268, TPM: 1614.4, Sum(ms): 15824.0, Avg(ms): 59.1, 50th(ms): 52.4, 90th(ms): 92.3, 95th(ms): 121.6, 99th(ms): 176.2, 99.9th(ms): 209.7, Max(ms): 209.7
[Current] DELIVERY - Takes(s): 9.9, Count: 286, TPM: 1730.9, Sum(ms): 90433.7, Avg(ms): 316.4, 50th(ms): 302.0, 90th(ms): 453.0, 95th(ms): 536.9, 99th(ms): 637.5, 99.9th(ms): 805.3, Max(ms): 805.3
[Current] NEW_ORDER - Takes(s): 10.0, Count: 3047, TPM: 18290.1, Sum(ms): 313558.4, Avg(ms): 102.9, 50th(ms): 96.5, 90th(ms): 151.0, 95th(ms): 167.8, 99th(ms): 234.9, 99.9th(ms): 302.0, Max(ms): 352.3
[Current] ORDER_STATUS - Takes(s): 10.0, Count: 268, TPM: 1609.6, Sum(ms): 12392.1, Avg(ms): 46.3, 50th(ms): 44.0, 90th(ms): 75.5, 95th(ms): 83.9, 99th(ms): 92.3, 99.9th(ms): 117.4, Max(ms): 117.4
[Current] PAYMENT - Takes(s): 10.0, Count: 2910, TPM: 17480.7, Sum(ms): 194868.2, Avg(ms): 67.0, 50th(ms): 60.8, 90th(ms): 100.7, 95th(ms): 121.6, 99th(ms): 176.2, 99.9th(ms): 234.9, Max(ms): 352.3
[Current] STOCK_LEVEL - Takes(s): 10.0, Count: 252, TPM: 1513.4, Sum(ms): 14278.6, Avg(ms): 56.7, 50th(ms): 52.4, 90th(ms): 83.9, 95th(ms): 109.1, 99th(ms): 142.6, 99.9th(ms): 209.7, Max(ms): 209.7
[Current] DELIVERY - Takes(s): 10.0, Count: 268, TPM: 1608.3, Sum(ms): 83031.7, Avg(ms): 309.6, 50th(ms): 285.2, 90th(ms): 453.0, 95th(ms): 604.0, 99th(ms): 738.2, 99.9th(ms): 838.9, Max(ms): 838.9
[Current] NEW_ORDER - Takes(s): 10.0, Count: 3040, TPM: 18250.9, Sum(ms): 310236.7, Avg(ms): 102.1, 50th(ms): 92.3, 90th(ms): 159.4, 95th(ms): 184.5, 99th(ms): 243.3, 99.9th(ms): 318.8, Max(ms): 352.3
[Current] ORDER_STATUS - Takes(s): 10.0, Count: 266, TPM: 1600.0, Sum(ms): 12211.0, Avg(ms): 46.0, 50th(ms): 44.0, 90th(ms): 71.3, 95th(ms): 83.9, 99th(ms): 109.1, 99.9th(ms): 121.6, Max(ms): 121.6
[Current] PAYMENT - Takes(s): 10.0, Count: 3050, TPM: 18318.4, Sum(ms): 205668.6, Avg(ms): 67.4, 50th(ms): 60.8, 90th(ms): 109.1, 95th(ms): 125.8, 99th(ms): 167.8, 99.9th(ms): 218.1, Max(ms): 251.7
[Current] STOCK_LEVEL - Takes(s): 10.0, Count: 273, TPM: 1642.0, Sum(ms): 15982.3, Avg(ms): 58.6, 50th(ms): 52.4, 90th(ms): 100.7, 95th(ms): 117.4, 99th(ms): 176.2, 99.9th(ms): 226.5, Max(ms): 226.5
[Current] DELIVERY - Takes(s): 9.9, Count: 309, TPM: 1869.0, Sum(ms): 89746.3, Avg(ms): 290.8, 50th(ms): 285.2, 90th(ms): 385.9, 95th(ms): 419.4, 99th(ms): 503.3, 99.9th(ms): 671.1, Max(ms): 671.1
[Current] NEW_ORDER - Takes(s): 10.0, Count: 3290, TPM: 19741.0, Sum(ms): 314361.7, Avg(ms): 95.6, 50th(ms): 92.3, 90th(ms): 125.8, 95th(ms): 151.0, 99th(ms): 192.9, 99.9th(ms): 243.3, Max(ms): 402.7
[Current] ORDER_STATUS - Takes(s): 10.0, Count: 318, TPM: 1910.0, Sum(ms): 13928.0, Avg(ms): 43.8, 50th(ms): 41.9, 90th(ms): 65.0, 95th(ms): 75.5, 99th(ms): 92.3, 99.9th(ms): 109.1, Max(ms): 109.1
[Current] PAYMENT - Takes(s): 10.0, Count: 3080, TPM: 18480.3, Sum(ms): 193428.9, Avg(ms): 62.8, 50th(ms): 58.7, 90th(ms): 92.3, 95th(ms): 104.9, 99th(ms): 142.6, 99.9th(ms): 184.5, Max(ms): 243.3
[Current] STOCK_LEVEL - Takes(s): 10.0, Count: 289, TPM: 1740.2, Sum(ms): 14681.5, Avg(ms): 50.8, 50th(ms): 48.2, 90th(ms): 71.3, 95th(ms): 100.7, 99th(ms): 142.6, 99.9th(ms): 167.8, Max(ms): 167.8
[Current] DELIVERY - Takes(s): 10.0, Count: 313, TPM: 1879.3, Sum(ms): 82882.9, Avg(ms): 265.2, 50th(ms): 260.0, 90th(ms): 369.1, 95th(ms): 402.7, 99th(ms): 486.5, 99.9th(ms): 604.0, Max(ms): 604.0
[Current] NEW_ORDER - Takes(s): 10.0, Count: 3499, TPM: 21004.0, Sum(ms): 315268.5, Avg(ms): 90.1, 50th(ms): 88.1, 90th(ms): 121.6, 95th(ms): 142.6, 99th(ms): 167.8, 99.9th(ms): 192.9, Max(ms): 226.5
[Current] ORDER_STATUS - Takes(s): 9.9, Count: 308, TPM: 1857.7, Sum(ms): 12555.1, Avg(ms): 40.7, 50th(ms): 39.8, 90th(ms): 62.9, 95th(ms): 71.3, 99th(ms): 96.5, 99.9th(ms): 117.4, Max(ms): 117.4
[Current] PAYMENT - Takes(s): 10.0, Count: 3256, TPM: 19545.3, Sum(ms): 193319.0, Avg(ms): 59.4, 50th(ms): 56.6, 90th(ms): 88.1, 95th(ms): 100.7, 99th(ms): 142.6, 99.9th(ms): 192.9, Max(ms): 251.7
[Current] STOCK_LEVEL - Takes(s): 10.0, Count: 304, TPM: 1825.9, Sum(ms): 22101.3, Avg(ms): 72.7, 50th(ms): 52.4, 90th(ms): 142.6, 95th(ms): 234.9, 99th(ms): 352.3, 99.9th(ms): 453.0, Max(ms): 453.0
[Current] DELIVERY - Takes(s): 10.0, Count: 291, TPM: 1749.9, Sum(ms): 77687.0, Avg(ms): 266.9, 50th(ms): 234.9, 90th(ms): 385.9, 95th(ms): 419.4, 99th(ms): 637.5, 99.9th(ms): 704.6, Max(ms): 704.6
[Current] NEW_ORDER - Takes(s): 10.0, Count: 3330, TPM: 19984.0, Sum(ms): 312205.6, Avg(ms): 93.8, 50th(ms): 88.1, 90th(ms): 142.6, 95th(ms): 151.0, 99th(ms): 209.7, 99.9th(ms): 285.2, Max(ms): 335.5
[Current] ORDER_STATUS - Takes(s): 10.0, Count: 291, TPM: 1752.2, Sum(ms): 11946.9, Avg(ms): 41.0, 50th(ms): 37.7, 90th(ms): 67.1, 95th(ms): 75.5, 99th(ms): 100.7, 99.9th(ms): 113.2, Max(ms): 113.2
[Current] PAYMENT - Takes(s): 10.0, Count: 3278, TPM: 19670.7, Sum(ms): 201177.4, Avg(ms): 61.4, 50th(ms): 54.5, 90th(ms): 96.5, 95th(ms): 113.2, 99th(ms): 159.4, 99.9th(ms): 209.7, Max(ms): 268.4
[Current] STOCK_LEVEL - Takes(s): 10.0, Count: 324, TPM: 1949.3, Sum(ms): 22634.9, Avg(ms): 69.9, 50th(ms): 56.6, 90th(ms): 125.8, 95th(ms): 159.4, 99th(ms): 243.3, 99.9th(ms): 369.1, Max(ms): 369.1
[Current] DELIVERY - Takes(s): 9.9, Count: 280, TPM: 1694.1, Sum(ms): 77363.0, Avg(ms): 276.0, 50th(ms): 251.7, 90th(ms): 402.7, 95th(ms): 453.0, 99th(ms): 520.1, 99.9th(ms): 604.0, Max(ms): 604.0
[Current] NEW_ORDER - Takes(s): 10.0, Count: 3350, TPM: 20101.3, Sum(ms): 320618.8, Avg(ms): 95.8, 50th(ms): 92.3, 90th(ms): 142.6, 95th(ms): 159.4, 99th(ms): 209.7, 99.9th(ms): 251.7, Max(ms): 318.8
[Current] ORDER_STATUS - Takes(s): 10.0, Count: 313, TPM: 1885.1, Sum(ms): 13114.2, Avg(ms): 41.9, 50th(ms): 39.8, 90th(ms): 65.0, 95th(ms): 71.3, 99th(ms): 92.3, 99.9th(ms): 109.1, Max(ms): 109.1
[Current] PAYMENT - Takes(s): 10.0, Count: 3146, TPM: 18882.5, Sum(ms): 199590.3, Avg(ms): 63.5, 50th(ms): 58.7, 90th(ms): 100.7, 95th(ms): 117.4, 99th(ms): 159.4, 99.9th(ms): 218.1, Max(ms): 302.0
[Current] STOCK_LEVEL - Takes(s): 10.0, Count: 311, TPM: 1870.6, Sum(ms): 17593.6, Avg(ms): 56.6, 50th(ms): 54.5, 90th(ms): 79.7, 95th(ms): 100.7, 99th(ms): 125.8, 99.9th(ms): 167.8, Max(ms): 167.8
[Current] DELIVERY - Takes(s): 10.0, Count: 312, TPM: 1881.2, Sum(ms): 81593.7, Avg(ms): 261.3, 50th(ms): 234.9, 90th(ms): 402.7, 95th(ms): 453.0, 99th(ms): 570.4, 99.9th(ms): 637.5, Max(ms): 637.5
[Current] NEW_ORDER - Takes(s): 10.0, Count: 3293, TPM: 19757.9, Sum(ms): 311411.2, Avg(ms): 94.6, 50th(ms): 88.1, 90th(ms): 142.6, 95th(ms): 159.4, 99th(ms): 209.7, 99.9th(ms): 251.7, Max(ms): 318.8
[Current] ORDER_STATUS - Takes(s): 10.0, Count: 306, TPM: 1840.0, Sum(ms): 11960.6, Avg(ms): 39.1, 50th(ms): 35.7, 90th(ms): 65.0, 95th(ms): 75.5, 99th(ms): 104.9, 99.9th(ms): 113.2, Max(ms): 113.2
[Current] PAYMENT - Takes(s): 10.0, Count: 3167, TPM: 19003.3, Sum(ms): 205091.2, Avg(ms): 64.8, 50th(ms): 56.6, 90th(ms): 100.7, 95th(ms): 121.6, 99th(ms): 167.8, 99.9th(ms): 218.1, Max(ms): 260.0
[Current] STOCK_LEVEL - Takes(s): 10.0, Count: 282, TPM: 1700.3, Sum(ms): 16000.9, Avg(ms): 56.8, 50th(ms): 54.5, 90th(ms): 83.9, 95th(ms): 92.3, 99th(ms): 113.2, 99.9th(ms): 151.0, Max(ms): 151.0
[Current] DELIVERY - Takes(s): 9.9, Count: 303, TPM: 1827.1, Sum(ms): 80903.1, Avg(ms): 267.1, 50th(ms): 243.3, 90th(ms): 385.9, 95th(ms): 419.4, 99th(ms): 604.0, 99.9th(ms): 704.6, Max(ms): 704.6
[Current] NEW_ORDER - Takes(s): 10.0, Count: 3527, TPM: 21164.9, Sum(ms): 325312.1, Avg(ms): 92.3, 50th(ms): 88.1, 90th(ms): 130.0, 95th(ms): 151.0, 99th(ms): 201.3, 99.9th(ms): 251.7, Max(ms): 285.2
[Current] ORDER_STATUS - Takes(s): 10.0, Count: 296, TPM: 1776.1, Sum(ms): 12707.5, Avg(ms): 43.0, 50th(ms): 39.8, 90th(ms): 67.1, 95th(ms): 75.5, 99th(ms): 109.1, 99.9th(ms): 167.8, Max(ms): 167.8
[Current] PAYMENT - Takes(s): 10.0, Count: 3249, TPM: 19501.8, Sum(ms): 192498.7, Avg(ms): 59.3, 50th(ms): 54.5, 90th(ms): 88.1, 95th(ms): 109.1, 99th(ms): 142.6, 99.9th(ms): 218.1, Max(ms): 335.5
[Current] STOCK_LEVEL - Takes(s): 10.0, Count: 276, TPM: 1656.9, Sum(ms): 15097.8, Avg(ms): 54.7, 50th(ms): 54.5, 90th(ms): 75.5, 95th(ms): 88.1, 99th(ms): 104.9, 99.9th(ms): 130.0, Max(ms): 130.0
[Current] DELIVERY - Takes(s): 9.9, Count: 274, TPM: 1656.5, Sum(ms): 73755.9, Avg(ms): 269.3, 50th(ms): 268.4, 90th(ms): 352.3, 95th(ms): 402.7, 99th(ms): 536.9, 99.9th(ms): 604.0, Max(ms): 604.0
[Current] NEW_ORDER - Takes(s): 10.0, Count: 3569, TPM: 21414.1, Sum(ms): 322866.2, Avg(ms): 90.5, 50th(ms): 88.1, 90th(ms): 125.8, 95th(ms): 142.6, 99th(ms): 184.5, 99.9th(ms): 226.5, Max(ms): 243.3
[Current] ORDER_STATUS - Takes(s): 9.9, Count: 299, TPM: 1809.3, Sum(ms): 12149.0, Avg(ms): 40.6, 50th(ms): 39.8, 90th(ms): 62.9, 95th(ms): 71.3, 99th(ms): 83.9, 99.9th(ms): 117.4, Max(ms): 117.4
[Current] PAYMENT - Takes(s): 10.0, Count: 3389, TPM: 20334.2, Sum(ms): 201514.4, Avg(ms): 59.5, 50th(ms): 54.5, 90th(ms): 88.1, 95th(ms): 104.9, 99th(ms): 142.6, 99.9th(ms): 192.9, Max(ms): 218.1
[Current] STOCK_LEVEL - Takes(s): 10.0, Count: 301, TPM: 1810.7, Sum(ms): 15516.0, Avg(ms): 51.6, 50th(ms): 50.3, 90th(ms): 71.3, 95th(ms): 75.5, 99th(ms): 92.3, 99.9th(ms): 109.1, Max(ms): 109.1
[Current] DELIVERY - Takes(s): 9.9, Count: 332, TPM: 2014.5, Sum(ms): 84410.8, Avg(ms): 254.3, 50th(ms): 251.7, 90th(ms): 335.5, 95th(ms): 402.7, 99th(ms): 486.5, 99.9th(ms): 503.3, Max(ms): 503.3
[Current] NEW_ORDER - Takes(s): 10.0, Count: 3633, TPM: 21804.9, Sum(ms): 314928.6, Avg(ms): 86.7, 50th(ms): 83.9, 90th(ms): 117.4, 95th(ms): 134.2, 99th(ms): 167.8, 99.9th(ms): 201.3, Max(ms): 234.9
[Current] ORDER_STATUS - Takes(s): 10.0, Count: 324, TPM: 1949.6, Sum(ms): 12012.2, Avg(ms): 37.1, 50th(ms): 35.7, 90th(ms): 54.5, 95th(ms): 62.9, 99th(ms): 83.9, 99.9th(ms): 100.7, Max(ms): 100.7
[Current] PAYMENT - Takes(s): 10.0, Count: 3497, TPM: 20987.0, Sum(ms): 196157.0, Avg(ms): 56.1, 50th(ms): 52.4, 90th(ms): 79.7, 95th(ms): 96.5, 99th(ms): 134.2, 99.9th(ms): 184.5, Max(ms): 209.7
[Current] STOCK_LEVEL - Takes(s): 10.0, Count: 313, TPM: 1880.3, Sum(ms): 18833.1, Avg(ms): 60.2, 50th(ms): 50.3, 90th(ms): 71.3, 95th(ms): 109.1, 99th(ms): 486.5, 99.9th(ms): 570.4, Max(ms): 570.4
[Current] DELIVERY - Takes(s): 9.9, Count: 323, TPM: 1958.1, Sum(ms): 86943.2, Avg(ms): 269.2, 50th(ms): 260.0, 90th(ms): 385.9, 95th(ms): 419.4, 99th(ms): 503.3, 99.9th(ms): 520.1, Max(ms): 520.1
[Current] NEW_ORDER - Takes(s): 10.0, Count: 3389, TPM: 20351.2, Sum(ms): 313474.9, Avg(ms): 92.5, 50th(ms): 88.1, 90th(ms): 134.2, 95th(ms): 151.0, 99th(ms): 192.9, 99.9th(ms): 260.0, Max(ms): 637.5
[Current] ORDER_STATUS - Takes(s): 9.9, Count: 306, TPM: 1857.4, Sum(ms): 12663.7, Avg(ms): 41.4, 50th(ms): 39.8, 90th(ms): 62.9, 95th(ms): 71.3, 99th(ms): 88.1, 99.9th(ms): 109.1, Max(ms): 109.1
[Current] PAYMENT - Takes(s): 10.0, Count: 3251, TPM: 19508.1, Sum(ms): 196768.9, Avg(ms): 60.5, 50th(ms): 54.5, 90th(ms): 92.3, 95th(ms): 109.1, 99th(ms): 151.0, 99.9th(ms): 209.7, Max(ms): 234.9
[Current] STOCK_LEVEL - Takes(s): 10.0, Count: 282, TPM: 1695.2, Sum(ms): 16100.6, Avg(ms): 57.2, 50th(ms): 56.6, 90th(ms): 79.7, 95th(ms): 88.1, 99th(ms): 113.2, 99.9th(ms): 176.2, Max(ms): 176.2
[Current] DELIVERY - Takes(s): 10.0, Count: 293, TPM: 1759.3, Sum(ms): 83830.0, Avg(ms): 286.2, 50th(ms): 285.2, 90th(ms): 402.7, 95th(ms): 469.8, 99th(ms): 671.1, 99.9th(ms): 771.8, Max(ms): 771.8
[Current] NEW_ORDER - Takes(s): 10.0, Count: 3410, TPM: 20474.7, Sum(ms): 314390.6, Avg(ms): 92.2, 50th(ms): 88.1, 90th(ms): 125.8, 95th(ms): 142.6, 99th(ms): 184.5, 99.9th(ms): 226.5, Max(ms): 243.3
[Current] ORDER_STATUS - Takes(s): 9.9, Count: 283, TPM: 1711.4, Sum(ms): 11737.1, Avg(ms): 41.5, 50th(ms): 39.8, 90th(ms): 62.9, 95th(ms): 71.3, 99th(ms): 88.1, 99.9th(ms): 96.5, Max(ms): 96.5
[Current] PAYMENT - Takes(s): 10.0, Count: 3290, TPM: 19760.0, Sum(ms): 197730.1, Avg(ms): 60.1, 50th(ms): 56.6, 90th(ms): 88.1, 95th(ms): 104.9, 99th(ms): 134.2, 99.9th(ms): 184.5, Max(ms): 234.9
[Current] STOCK_LEVEL - Takes(s): 10.0, Count: 333, TPM: 1998.7, Sum(ms): 18439.5, Avg(ms): 55.4, 50th(ms): 54.5, 90th(ms): 79.7, 95th(ms): 88.1, 99th(ms): 109.1, 99.9th(ms): 142.6, Max(ms): 142.6
[Current] DELIVERY - Takes(s): 10.0, Count: 297, TPM: 1782.0, Sum(ms): 80551.4, Avg(ms): 271.2, 50th(ms): 268.4, 90th(ms): 335.5, 95th(ms): 369.1, 99th(ms): 453.0, 99.9th(ms): 570.4, Max(ms): 570.4
[Current] NEW_ORDER - Takes(s): 10.0, Count: 3508, TPM: 21048.0, Sum(ms): 315831.9, Avg(ms): 90.1, 50th(ms): 88.1, 90th(ms): 117.4, 95th(ms): 130.0, 99th(ms): 159.4, 99.9th(ms): 192.9, Max(ms): 209.7
[Current] ORDER_STATUS - Takes(s): 10.0, Count: 266, TPM: 1602.3, Sum(ms): 10770.0, Avg(ms): 40.5, 50th(ms): 39.8, 90th(ms): 56.6, 95th(ms): 62.9, 99th(ms): 79.7, 99.9th(ms): 113.2, Max(ms): 113.2
[Current] PAYMENT - Takes(s): 10.0, Count: 3374, TPM: 20259.9, Sum(ms): 202873.4, Avg(ms): 60.2, 50th(ms): 56.6, 90th(ms): 83.9, 95th(ms): 100.7, 99th(ms): 134.2, 99.9th(ms): 184.5, Max(ms): 234.9
[Current] STOCK_LEVEL - Takes(s): 10.0, Count: 311, TPM: 1872.7, Sum(ms): 17837.9, Avg(ms): 57.4, 50th(ms): 54.5, 90th(ms): 79.7, 95th(ms): 88.1, 99th(ms): 176.2, 99.9th(ms): 209.7, Max(ms): 209.7
[Current] DELIVERY - Takes(s): 9.8, Count: 266, TPM: 1621.1, Sum(ms): 77417.7, Avg(ms): 290.9, 50th(ms): 268.4, 90th(ms): 385.9, 95th(ms): 486.5, 99th(ms): 872.4, 99.9th(ms): 973.1, Max(ms): 973.1
[Current] NEW_ORDER - Takes(s): 10.0, Count: 3267, TPM: 19610.9, Sum(ms): 313654.8, Avg(ms): 96.1, 50th(ms): 92.3, 90th(ms): 130.0, 95th(ms): 159.4, 99th(ms): 285.2, 99.9th(ms): 419.4, Max(ms): 570.4
[Current] ORDER_STATUS - Takes(s): 10.0, Count: 281, TPM: 1691.1, Sum(ms): 11879.4, Avg(ms): 42.3, 50th(ms): 39.8, 90th(ms): 62.9, 95th(ms): 71.3, 99th(ms): 104.9, 99.9th(ms): 130.0, Max(ms): 130.0
[Current] PAYMENT - Takes(s): 10.0, Count: 3166, TPM: 18999.9, Sum(ms): 205401.3, Avg(ms): 64.9, 50th(ms): 58.7, 90th(ms): 100.7, 95th(ms): 125.8, 99th(ms): 201.3, 99.9th(ms): 268.4, Max(ms): 318.8
[Current] STOCK_LEVEL - Takes(s): 10.0, Count: 294, TPM: 1764.6, Sum(ms): 17126.9, Avg(ms): 58.3, 50th(ms): 56.6, 90th(ms): 79.7, 95th(ms): 92.3, 99th(ms): 125.8, 99.9th(ms): 176.2, Max(ms): 176.2
[Current] DELIVERY - Takes(s): 9.9, Count: 337, TPM: 2035.7, Sum(ms): 88127.5, Avg(ms): 261.2, 50th(ms): 251.7, 90th(ms): 335.5, 95th(ms): 402.7, 99th(ms): 637.5, 99.9th(ms): 738.2, Max(ms): 738.2
[Current] NEW_ORDER - Takes(s): 10.0, Count: 3552, TPM: 21313.6, Sum(ms): 305276.5, Avg(ms): 86.0, 50th(ms): 83.9, 90th(ms): 113.2, 95th(ms): 125.8, 99th(ms): 159.4, 99.9th(ms): 201.3, Max(ms): 218.1
[Current] ORDER_STATUS - Takes(s): 10.0, Count: 328, TPM: 1971.8, Sum(ms): 12480.2, Avg(ms): 38.1, 50th(ms): 37.7, 90th(ms): 54.5, 95th(ms): 62.9, 99th(ms): 79.7, 99.9th(ms): 92.3, Max(ms): 92.3
[Current] PAYMENT - Takes(s): 10.0, Count: 3533, TPM: 21207.7, Sum(ms): 205167.5, Avg(ms): 58.1, 50th(ms): 54.5, 90th(ms): 83.9, 95th(ms): 100.7, 99th(ms): 130.0, 99.9th(ms): 176.2, Max(ms): 201.3
[Current] STOCK_LEVEL - Takes(s): 10.0, Count: 298, TPM: 1788.7, Sum(ms): 14710.6, Avg(ms): 49.4, 50th(ms): 48.2, 90th(ms): 67.1, 95th(ms): 71.3, 99th(ms): 79.7, 99.9th(ms): 88.1, Max(ms): 88.1
[Current] DELIVERY - Takes(s): 10.0, Count: 298, TPM: 1788.9, Sum(ms): 78652.8, Avg(ms): 264.1, 50th(ms): 260.0, 90th(ms): 335.5, 95th(ms): 402.7, 99th(ms): 486.5, 99.9th(ms): 503.3, Max(ms): 503.3
[Current] NEW_ORDER - Takes(s): 10.0, Count: 3624, TPM: 21751.6, Sum(ms): 319289.4, Avg(ms): 88.1, 50th(ms): 88.1, 90th(ms): 117.4, 95th(ms): 130.0, 99th(ms): 159.4, 99.9th(ms): 192.9, Max(ms): 268.4
[Current] ORDER_STATUS - Takes(s): 10.0, Count: 324, TPM: 1953.7, Sum(ms): 12461.9, Avg(ms): 38.5, 50th(ms): 37.7, 90th(ms): 58.7, 95th(ms): 65.0, 99th(ms): 79.7, 99.9th(ms): 100.7, Max(ms): 100.7
[Current] PAYMENT - Takes(s): 10.0, Count: 3422, TPM: 20539.8, Sum(ms): 198563.8, Avg(ms): 58.1, 50th(ms): 54.5, 90th(ms): 83.9, 95th(ms): 100.7, 99th(ms): 134.2, 99.9th(ms): 226.5, Max(ms): 251.7
[Current] STOCK_LEVEL - Takes(s): 10.0, Count: 340, TPM: 2043.4, Sum(ms): 17708.0, Avg(ms): 52.1, 50th(ms): 52.4, 90th(ms): 71.3, 95th(ms): 75.5, 99th(ms): 88.1, 99.9th(ms): 104.9, Max(ms): 104.9
[Current] DELIVERY - Takes(s): 10.0, Count: 327, TPM: 1962.4, Sum(ms): 85637.4, Avg(ms): 262.2, 50th(ms): 260.0, 90th(ms): 335.5, 95th(ms): 385.9, 99th(ms): 436.2, 99.9th(ms): 637.5, Max(ms): 637.5
[Current] NEW_ORDER - Takes(s): 10.0, Count: 3566, TPM: 21403.5, Sum(ms): 317299.9, Avg(ms): 89.0, 50th(ms): 88.1, 90th(ms): 117.4, 95th(ms): 134.2, 99th(ms): 167.8, 99.9th(ms): 201.3, Max(ms): 234.9
[Current] ORDER_STATUS - Takes(s): 10.0, Count: 292, TPM: 1756.6, Sum(ms): 11447.0, Avg(ms): 39.2, 50th(ms): 39.8, 90th(ms): 56.6, 95th(ms): 60.8, 99th(ms): 75.5, 99.9th(ms): 83.9, Max(ms): 83.9
[Current] PAYMENT - Takes(s): 10.0, Count: 3321, TPM: 19936.3, Sum(ms): 195514.9, Avg(ms): 58.9, 50th(ms): 54.5, 90th(ms): 83.9, 95th(ms): 96.5, 99th(ms): 134.2, 99.9th(ms): 176.2, Max(ms): 209.7
[Current] STOCK_LEVEL - Takes(s): 9.9, Count: 315, TPM: 1913.6, Sum(ms): 16251.0, Avg(ms): 51.6, 50th(ms): 52.4, 90th(ms): 71.3, 95th(ms): 75.5, 99th(ms): 88.1, 99.9th(ms): 88.1, Max(ms): 88.1
[Current] DELIVERY - Takes(s): 9.9, Count: 294, TPM: 1774.1, Sum(ms): 83927.0, Avg(ms): 285.4, 50th(ms): 285.2, 90th(ms): 385.9, 95th(ms): 419.4, 99th(ms): 570.4, 99.9th(ms): 838.9, Max(ms): 838.9
[Current] NEW_ORDER - Takes(s): 10.0, Count: 3304, TPM: 19823.8, Sum(ms): 312576.7, Avg(ms): 94.6, 50th(ms): 92.3, 90th(ms): 125.8, 95th(ms): 142.6, 99th(ms): 167.8, 99.9th(ms): 218.1, Max(ms): 234.9
[Current] ORDER_STATUS - Takes(s): 10.0, Count: 279, TPM: 1674.4, Sum(ms): 11710.9, Avg(ms): 42.0, 50th(ms): 39.8, 90th(ms): 60.8, 95th(ms): 75.5, 99th(ms): 88.1, 99.9th(ms): 96.5, Max(ms): 96.5
[Current] PAYMENT - Takes(s): 10.0, Count: 3220, TPM: 19319.9, Sum(ms): 201475.5, Avg(ms): 62.6, 50th(ms): 58.7, 90th(ms): 88.1, 95th(ms): 104.9, 99th(ms): 142.6, 99.9th(ms): 218.1, Max(ms): 260.0
[Current] STOCK_LEVEL - Takes(s): 9.9, Count: 299, TPM: 1807.2, Sum(ms): 17028.0, Avg(ms): 57.0, 50th(ms): 54.5, 90th(ms): 75.5, 95th(ms): 88.1, 99th(ms): 109.1, 99.9th(ms): 130.0, Max(ms): 130.0
[Current] DELIVERY - Takes(s): 9.9, Count: 300, TPM: 1823.0, Sum(ms): 89037.4, Avg(ms): 297.3, 50th(ms): 285.2, 90th(ms): 419.4, 95th(ms): 486.5, 99th(ms): 637.5, 99.9th(ms): 738.2, Max(ms): 738.2
[Current] NEW_ORDER - Takes(s): 10.0, Count: 3220, TPM: 19324.4, Sum(ms): 304958.6, Avg(ms): 94.8, 50th(ms): 92.3, 90th(ms): 125.8, 95th(ms): 142.6, 99th(ms): 201.3, 99.9th(ms): 251.7, Max(ms): 260.0
[Current] ORDER_STATUS - Takes(s): 9.9, Count: 282, TPM: 1702.2, Sum(ms): 11851.5, Avg(ms): 42.0, 50th(ms): 41.9, 90th(ms): 60.8, 95th(ms): 67.1, 99th(ms): 79.7, 99.9th(ms): 88.1, Max(ms): 88.1
[Current] PAYMENT - Takes(s): 10.0, Count: 3152, TPM: 18919.7, Sum(ms): 200986.6, Avg(ms): 63.8, 50th(ms): 58.7, 90th(ms): 96.5, 95th(ms): 113.2, 99th(ms): 151.0, 99.9th(ms): 184.5, Max(ms): 209.7
[Current] STOCK_LEVEL - Takes(s): 10.0, Count: 319, TPM: 1914.3, Sum(ms): 18847.6, Avg(ms): 59.1, 50th(ms): 58.7, 90th(ms): 79.7, 95th(ms): 88.1, 99th(ms): 104.9, 99.9th(ms): 121.6, Max(ms): 121.6
[Current] DELIVERY - Takes(s): 9.9, Count: 288, TPM: 1737.2, Sum(ms): 84760.2, Avg(ms): 293.8, 50th(ms): 285.2, 90th(ms): 436.2, 95th(ms): 486.5, 99th(ms): 570.4, 99.9th(ms): 704.6, Max(ms): 704.6
[Current] NEW_ORDER - Takes(s): 10.0, Count: 3259, TPM: 19564.1, Sum(ms): 320361.6, Avg(ms): 98.3, 50th(ms): 92.3, 90th(ms): 142.6, 95th(ms): 159.4, 99th(ms): 201.3, 99.9th(ms): 285.2, Max(ms): 318.8
[Current] ORDER_STATUS - Takes(s): 10.0, Count: 236, TPM: 1418.0, Sum(ms): 9975.3, Avg(ms): 42.3, 50th(ms): 39.8, 90th(ms): 62.9, 95th(ms): 71.3, 99th(ms): 92.3, 99.9th(ms): 100.7, Max(ms): 100.7
[Current] PAYMENT - Takes(s): 10.0, Count: 2999, TPM: 17997.5, Sum(ms): 194205.4, Avg(ms): 64.8, 50th(ms): 60.8, 90th(ms): 96.5, 95th(ms): 113.2, 99th(ms): 159.4, 99.9th(ms): 201.3, Max(ms): 251.7
[Current] STOCK_LEVEL - Takes(s): 10.0, Count: 282, TPM: 1694.0, Sum(ms): 17665.6, Avg(ms): 62.8, 50th(ms): 62.9, 90th(ms): 83.9, 95th(ms): 96.5, 99th(ms): 109.1, 99.9th(ms): 121.6, Max(ms): 121.6
[Current] DELIVERY - Takes(s): 10.0, Count: 304, TPM: 1826.4, Sum(ms): 83194.1, Avg(ms): 273.9, 50th(ms): 268.4, 90th(ms): 352.3, 95th(ms): 419.4, 99th(ms): 486.5, 99.9th(ms): 604.0, Max(ms): 604.0
[Current] NEW_ORDER - Takes(s): 10.0, Count: 3330, TPM: 19986.2, Sum(ms): 305116.4, Avg(ms): 91.6, 50th(ms): 88.1, 90th(ms): 125.8, 95th(ms): 142.6, 99th(ms): 176.2, 99.9th(ms): 218.1, Max(ms): 285.2
[Current] ORDER_STATUS - Takes(s): 10.0, Count: 332, TPM: 1996.3, Sum(ms): 13086.6, Avg(ms): 39.5, 50th(ms): 37.7, 90th(ms): 58.7, 95th(ms): 65.0, 99th(ms): 79.7, 99.9th(ms): 121.6, Max(ms): 121.6
[Current] PAYMENT - Takes(s): 10.0, Count: 3381, TPM: 20292.7, Sum(ms): 204941.7, Avg(ms): 60.6, 50th(ms): 56.6, 90th(ms): 92.3, 95th(ms): 104.9, 99th(ms): 142.6, 99.9th(ms): 209.7, Max(ms): 285.2
[Current] STOCK_LEVEL - Takes(s): 9.9, Count: 332, TPM: 2006.1, Sum(ms): 20439.7, Avg(ms): 61.5, 50th(ms): 60.8, 90th(ms): 88.1, 95th(ms): 92.3, 99th(ms): 109.1, 99.9th(ms): 117.4, Max(ms): 117.4
[Current] DELIVERY - Takes(s): 10.0, Count: 298, TPM: 1794.2, Sum(ms): 81382.5, Avg(ms): 273.4, 50th(ms): 268.4, 90th(ms): 369.1, 95th(ms): 419.4, 99th(ms): 503.3, 99.9th(ms): 637.5, Max(ms): 637.5
[Current] NEW_ORDER - Takes(s): 10.0, Count: 3354, TPM: 20141.9, Sum(ms): 315045.8, Avg(ms): 93.9, 50th(ms): 92.3, 90th(ms): 130.0, 95th(ms): 151.0, 99th(ms): 176.2, 99.9th(ms): 209.7, Max(ms): 234.9
[Current] ORDER_STATUS - Takes(s): 10.0, Count: 303, TPM: 1821.3, Sum(ms): 12716.1, Avg(ms): 42.0, 50th(ms): 39.8, 90th(ms): 65.0, 95th(ms): 75.5, 99th(ms): 96.5, 99.9th(ms): 113.2, Max(ms): 113.2
[Current] PAYMENT - Takes(s): 10.0, Count: 3175, TPM: 19054.5, Sum(ms): 192625.8, Avg(ms): 60.7, 50th(ms): 56.6, 90th(ms): 92.3, 95th(ms): 104.9, 99th(ms): 134.2, 99.9th(ms): 167.8, Max(ms): 184.5
[Current] STOCK_LEVEL - Takes(s): 10.0, Count: 305, TPM: 1836.7, Sum(ms): 25177.1, Avg(ms): 82.7, 50th(ms): 67.1, 90th(ms): 159.4, 95th(ms): 201.3, 99th(ms): 260.0, 99.9th(ms): 302.0, Max(ms): 302.0
[Current] DELIVERY - Takes(s): 9.9, Count: 276, TPM: 1672.9, Sum(ms): 79965.3, Avg(ms): 289.4, 50th(ms): 285.2, 90th(ms): 369.1, 95th(ms): 402.7, 99th(ms): 604.0, 99.9th(ms): 671.1, Max(ms): 671.1
[Current] NEW_ORDER - Takes(s): 10.0, Count: 3233, TPM: 19412.2, Sum(ms): 317044.0, Avg(ms): 98.1, 50th(ms): 92.3, 90th(ms): 134.2, 95th(ms): 159.4, 99th(ms): 226.5, 99.9th(ms): 318.8, Max(ms): 419.4
[Current] ORDER_STATUS - Takes(s): 10.0, Count: 281, TPM: 1687.6, Sum(ms): 13045.4, Avg(ms): 46.4, 50th(ms): 41.9, 90th(ms): 67.1, 95th(ms): 88.1, 99th(ms): 142.6, 99.9th(ms): 176.2, Max(ms): 176.2
[Current] PAYMENT - Takes(s): 10.0, Count: 3019, TPM: 18133.6, Sum(ms): 195174.9, Avg(ms): 64.7, 50th(ms): 58.7, 90th(ms): 96.5, 95th(ms): 117.4, 99th(ms): 167.8, 99.9th(ms): 226.5, Max(ms): 251.7
[Current] STOCK_LEVEL - Takes(s): 10.0, Count: 271, TPM: 1628.0, Sum(ms): 19173.7, Avg(ms): 70.8, 50th(ms): 60.8, 90th(ms): 121.6, 95th(ms): 159.4, 99th(ms): 209.7, 99.9th(ms): 243.3, Max(ms): 243.3
[Current] DELIVERY - Takes(s): 10.0, Count: 299, TPM: 1796.5, Sum(ms): 89601.9, Avg(ms): 299.9, 50th(ms): 285.2, 90th(ms): 402.7, 95th(ms): 469.8, 99th(ms): 570.4, 99.9th(ms): 671.1, Max(ms): 671.1
[Current] NEW_ORDER - Takes(s): 10.0, Count: 3262, TPM: 19573.2, Sum(ms): 314055.7, Avg(ms): 96.3, 50th(ms): 96.5, 90th(ms): 130.0, 95th(ms): 142.6, 99th(ms): 184.5, 99.9th(ms): 218.1, Max(ms): 226.5
[Current] ORDER_STATUS - Takes(s): 10.0, Count: 308, TPM: 1851.6, Sum(ms): 14034.6, Avg(ms): 45.6, 50th(ms): 41.9, 90th(ms): 65.0, 95th(ms): 71.3, 99th(ms): 100.7, 99.9th(ms): 486.5, Max(ms): 486.5
[Current] PAYMENT - Takes(s): 10.0, Count: 3023, TPM: 18149.1, Sum(ms): 194116.4, Avg(ms): 64.2, 50th(ms): 58.7, 90th(ms): 96.5, 95th(ms): 109.1, 99th(ms): 151.0, 99.9th(ms): 218.1, Max(ms): 234.9
[Current] STOCK_LEVEL - Takes(s): 10.0, Count: 291, TPM: 1746.5, Sum(ms): 15384.2, Avg(ms): 52.9, 50th(ms): 50.3, 90th(ms): 75.5, 95th(ms): 92.3, 99th(ms): 134.2, 99.9th(ms): 159.4, Max(ms): 159.4
[Current] DELIVERY - Takes(s): 10.0, Count: 249, TPM: 1497.8, Sum(ms): 74481.2, Avg(ms): 299.3, 50th(ms): 285.2, 90th(ms): 402.7, 95th(ms): 469.8, 99th(ms): 570.4, 99.9th(ms): 738.2, Max(ms): 738.2
[Current] NEW_ORDER - Takes(s): 10.0, Count: 3245, TPM: 19493.5, Sum(ms): 320868.8, Avg(ms): 98.9, 50th(ms): 96.5, 90th(ms): 134.2, 95th(ms): 159.4, 99th(ms): 192.9, 99.9th(ms): 268.4, Max(ms): 285.2
[Current] ORDER_STATUS - Takes(s): 9.9, Count: 264, TPM: 1601.4, Sum(ms): 12180.9, Avg(ms): 46.1, 50th(ms): 44.0, 90th(ms): 75.5, 95th(ms): 83.9, 99th(ms): 100.7, 99.9th(ms): 117.4, Max(ms): 117.4
[Current] PAYMENT - Takes(s): 10.0, Count: 3112, TPM: 18682.2, Sum(ms): 203383.3, Avg(ms): 65.4, 50th(ms): 60.8, 90th(ms): 96.5, 95th(ms): 117.4, 99th(ms): 159.4, 99.9th(ms): 251.7, Max(ms): 302.0
[Current] STOCK_LEVEL - Takes(s): 9.9, Count: 260, TPM: 1577.7, Sum(ms): 14993.2, Avg(ms): 57.7, 50th(ms): 54.5, 90th(ms): 83.9, 95th(ms): 104.9, 99th(ms): 142.6, 99.9th(ms): 176.2, Max(ms): 176.2
[Current] DELIVERY - Takes(s): 10.0, Count: 263, TPM: 1581.1, Sum(ms): 78977.0, Avg(ms): 300.6, 50th(ms): 302.0, 90th(ms): 402.7, 95th(ms): 436.2, 99th(ms): 536.9, 99.9th(ms): 704.6, Max(ms): 704.6
[Current] NEW_ORDER - Takes(s): 10.0, Count: 3193, TPM: 19166.5, Sum(ms): 318870.4, Avg(ms): 99.9, 50th(ms): 96.5, 90th(ms): 134.2, 95th(ms): 151.0, 99th(ms): 192.9, 99.9th(ms): 226.5, Max(ms): 285.2
[Current] ORDER_STATUS - Takes(s): 10.0, Count: 265, TPM: 1591.4, Sum(ms): 11762.3, Avg(ms): 44.5, 50th(ms): 41.9, 90th(ms): 67.1, 95th(ms): 79.7, 99th(ms): 92.3, 99.9th(ms): 109.1, Max(ms): 109.1
[Current] PAYMENT - Takes(s): 10.0, Count: 3051, TPM: 18306.1, Sum(ms): 201635.4, Avg(ms): 66.1, 50th(ms): 60.8, 90th(ms): 96.5, 95th(ms): 117.4, 99th(ms): 151.0, 99.9th(ms): 192.9, Max(ms): 218.1
[Current] STOCK_LEVEL - Takes(s): 10.0, Count: 255, TPM: 1531.8, Sum(ms): 14713.0, Avg(ms): 57.7, 50th(ms): 54.5, 90th(ms): 83.9, 95th(ms): 100.7, 99th(ms): 151.0, 99.9th(ms): 218.1, Max(ms): 218.1
[Current] DELIVERY - Takes(s): 10.0, Count: 293, TPM: 1765.1, Sum(ms): 86111.2, Avg(ms): 294.3, 50th(ms): 285.2, 90th(ms): 369.1, 95th(ms): 469.8, 99th(ms): 570.4, 99.9th(ms): 771.8, Max(ms): 771.8
[Current] NEW_ORDER - Takes(s): 10.0, Count: 3210, TPM: 19262.9, Sum(ms): 314138.0, Avg(ms): 97.9, 50th(ms): 96.5, 90th(ms): 130.0, 95th(ms): 142.6, 99th(ms): 184.5, 99.9th(ms): 226.5, Max(ms): 251.7
[Current] ORDER_STATUS - Takes(s): 9.9, Count: 262, TPM: 1583.8, Sum(ms): 11310.2, Avg(ms): 43.1, 50th(ms): 41.9, 90th(ms): 62.9, 95th(ms): 71.3, 99th(ms): 79.7, 99.9th(ms): 130.0, Max(ms): 130.0
[Current] PAYMENT - Takes(s): 10.0, Count: 3094, TPM: 18571.0, Sum(ms): 198546.8, Avg(ms): 64.2, 50th(ms): 60.8, 90th(ms): 92.3, 95th(ms): 109.1, 99th(ms): 142.6, 99.9th(ms): 192.9, Max(ms): 209.7
[Current] STOCK_LEVEL - Takes(s): 10.0, Count: 284, TPM: 1706.8, Sum(ms): 16762.1, Avg(ms): 59.0, 50th(ms): 52.4, 90th(ms): 88.1, 95th(ms): 121.6, 99th(ms): 184.5, 99.9th(ms): 226.5, Max(ms): 226.5
[Current] DELIVERY - Takes(s): 9.9, Count: 297, TPM: 1796.2, Sum(ms): 87908.2, Avg(ms): 296.2, 50th(ms): 285.2, 90th(ms): 385.9, 95th(ms): 436.2, 99th(ms): 570.4, 99.9th(ms): 671.1, Max(ms): 671.1
[Current] NEW_ORDER - Takes(s): 10.0, Count: 3092, TPM: 18559.0, Sum(ms): 309395.6, Avg(ms): 100.1, 50th(ms): 96.5, 90th(ms): 142.6, 95th(ms): 159.4, 99th(ms): 201.3, 99.9th(ms): 285.2, Max(ms): 369.1
[Current] ORDER_STATUS - Takes(s): 9.9, Count: 285, TPM: 1719.4, Sum(ms): 12809.4, Avg(ms): 45.0, 50th(ms): 44.0, 90th(ms): 65.0, 95th(ms): 71.3, 99th(ms): 88.1, 99.9th(ms): 109.1, Max(ms): 109.1
[Current] PAYMENT - Takes(s): 10.0, Count: 2979, TPM: 17874.1, Sum(ms): 196389.8, Avg(ms): 66.0, 50th(ms): 60.8, 90th(ms): 96.5, 95th(ms): 117.4, 99th(ms): 159.4, 99.9th(ms): 209.7, Max(ms): 260.0
[Current] STOCK_LEVEL - Takes(s): 10.0, Count: 297, TPM: 1788.2, Sum(ms): 17882.7, Avg(ms): 60.3, 50th(ms): 54.5, 90th(ms): 83.9, 95th(ms): 117.4, 99th(ms): 201.3, 99.9th(ms): 268.4, Max(ms): 268.4
[Current] DELIVERY - Takes(s): 10.0, Count: 280, TPM: 1682.3, Sum(ms): 80153.8, Avg(ms): 286.4, 50th(ms): 268.4, 90th(ms): 385.9, 95th(ms): 436.2, 99th(ms): 536.9, 99.9th(ms): 671.1, Max(ms): 671.1
[Current] NEW_ORDER - Takes(s): 10.0, Count: 3229, TPM: 19376.3, Sum(ms): 320987.4, Avg(ms): 99.4, 50th(ms): 96.5, 90th(ms): 142.6, 95th(ms): 159.4, 99th(ms): 226.5, 99.9th(ms): 302.0, Max(ms): 318.8
[Current] ORDER_STATUS - Takes(s): 10.0, Count: 274, TPM: 1644.4, Sum(ms): 11980.7, Avg(ms): 43.7, 50th(ms): 41.9, 90th(ms): 65.0, 95th(ms): 71.3, 99th(ms): 96.5, 99.9th(ms): 151.0, Max(ms): 151.0
[Current] PAYMENT - Takes(s): 10.0, Count: 3071, TPM: 18427.8, Sum(ms): 198585.7, Avg(ms): 64.7, 50th(ms): 60.8, 90th(ms): 96.5, 95th(ms): 113.2, 99th(ms): 159.4, 99.9th(ms): 209.7, Max(ms): 234.9
[Current] STOCK_LEVEL - Takes(s): 10.0, Count: 241, TPM: 1447.5, Sum(ms): 15993.8, Avg(ms): 66.4, 50th(ms): 58.7, 90th(ms): 109.1, 95th(ms): 151.0, 99th(ms): 201.3, 99.9th(ms): 226.5, Max(ms): 226.5
[Current] DELIVERY - Takes(s): 9.9, Count: 288, TPM: 1752.7, Sum(ms): 86488.9, Avg(ms): 300.8, 50th(ms): 285.2, 90th(ms): 402.7, 95th(ms): 453.0, 99th(ms): 738.2, 99.9th(ms): 939.5, Max(ms): 939.5
[Current] NEW_ORDER - Takes(s): 10.0, Count: 3209, TPM: 19257.8, Sum(ms): 310796.1, Avg(ms): 96.8, 50th(ms): 96.5, 90th(ms): 134.2, 95th(ms): 151.0, 99th(ms): 184.5, 99.9th(ms): 234.9, Max(ms): 369.1
[Current] ORDER_STATUS - Takes(s): 10.0, Count: 291, TPM: 1751.6, Sum(ms): 12843.0, Avg(ms): 44.2, 50th(ms): 41.9, 90th(ms): 65.0, 95th(ms): 71.3, 99th(ms): 92.3, 99.9th(ms): 100.7, Max(ms): 100.7
[Current] PAYMENT - Takes(s): 10.0, Count: 3130, TPM: 18781.4, Sum(ms): 200049.4, Avg(ms): 63.9, 50th(ms): 58.7, 90th(ms): 96.5, 95th(ms): 113.2, 99th(ms): 151.0, 99.9th(ms): 218.1, Max(ms): 302.0
[Current] STOCK_LEVEL - Takes(s): 9.9, Count: 285, TPM: 1719.3, Sum(ms): 16988.1, Avg(ms): 59.6, 50th(ms): 54.5, 90th(ms): 92.3, 95th(ms): 113.2, 99th(ms): 167.8, 99.9th(ms): 192.9, Max(ms): 192.9
[Current] DELIVERY - Takes(s): 9.9, Count: 287, TPM: 1733.9, Sum(ms): 82963.9, Avg(ms): 289.2, 50th(ms): 285.2, 90th(ms): 385.9, 95th(ms): 436.2, 99th(ms): 570.4, 99.9th(ms): 771.8, Max(ms): 771.8
[Current] NEW_ORDER - Takes(s): 10.0, Count: 3247, TPM: 19500.8, Sum(ms): 311208.7, Avg(ms): 95.9, 50th(ms): 92.3, 90th(ms): 130.0, 95th(ms): 151.0, 99th(ms): 176.2, 99.9th(ms): 226.5, Max(ms): 268.4
[Current] ORDER_STATUS - Takes(s): 10.0, Count: 304, TPM: 1824.0, Sum(ms): 12693.5, Avg(ms): 41.8, 50th(ms): 39.8, 90th(ms): 62.9, 95th(ms): 71.3, 99th(ms): 83.9, 99.9th(ms): 109.1, Max(ms): 109.1
[Current] PAYMENT - Takes(s): 10.0, Count: 3227, TPM: 19365.8, Sum(ms): 201651.4, Avg(ms): 62.5, 50th(ms): 58.7, 90th(ms): 92.3, 95th(ms): 109.1, 99th(ms): 151.0, 99.9th(ms): 234.9, Max(ms): 268.4
[Current] STOCK_LEVEL - Takes(s): 10.0, Count: 289, TPM: 1734.9, Sum(ms): 17308.9, Avg(ms): 60.0, 50th(ms): 58.7, 90th(ms): 83.9, 95th(ms): 96.5, 99th(ms): 121.6, 99.9th(ms): 159.4, Max(ms): 159.4
[Current] DELIVERY - Takes(s): 9.9, Count: 285, TPM: 1722.2, Sum(ms): 87367.5, Avg(ms): 306.9, 50th(ms): 302.0, 90th(ms): 402.7, 95th(ms): 453.0, 99th(ms): 604.0, 99.9th(ms): 738.2, Max(ms): 738.2
[Current] NEW_ORDER - Takes(s): 10.0, Count: 3083, TPM: 18502.6, Sum(ms): 310870.2, Avg(ms): 100.8, 50th(ms): 100.7, 90th(ms): 134.2, 95th(ms): 151.0, 99th(ms): 192.9, 99.9th(ms): 226.5, Max(ms): 352.3
[Current] ORDER_STATUS - Takes(s): 9.9, Count: 246, TPM: 1483.7, Sum(ms): 10980.3, Avg(ms): 44.6, 50th(ms): 41.9, 90th(ms): 71.3, 95th(ms): 75.5, 99th(ms): 100.7, 99.9th(ms): 104.9, Max(ms): 104.9
[Current] PAYMENT - Takes(s): 10.0, Count: 3017, TPM: 18104.4, Sum(ms): 197723.2, Avg(ms): 65.6, 50th(ms): 60.8, 90th(ms): 96.5, 95th(ms): 109.1, 99th(ms): 142.6, 99.9th(ms): 176.2, Max(ms): 218.1
[Current] STOCK_LEVEL - Takes(s): 10.0, Count: 289, TPM: 1734.8, Sum(ms): 16681.1, Avg(ms): 57.7, 50th(ms): 58.7, 90th(ms): 79.7, 95th(ms): 88.1, 99th(ms): 113.2, 99.9th(ms): 117.4, Max(ms): 117.4
[Current] DELIVERY - Takes(s): 9.9, Count: 298, TPM: 1801.9, Sum(ms): 88700.4, Avg(ms): 297.9, 50th(ms): 285.2, 90th(ms): 369.1, 95th(ms): 436.2, 99th(ms): 520.1, 99.9th(ms): 637.5, Max(ms): 637.5
[Current] NEW_ORDER - Takes(s): 10.0, Count: 3167, TPM: 19003.3, Sum(ms): 314249.5, Avg(ms): 99.2, 50th(ms): 96.5, 90th(ms): 130.0, 95th(ms): 151.0, 99th(ms): 192.9, 99.9th(ms): 234.9, Max(ms): 302.0
[Current] ORDER_STATUS - Takes(s): 9.9, Count: 307, TPM: 1852.1, Sum(ms): 13910.4, Avg(ms): 45.3, 50th(ms): 44.0, 90th(ms): 65.0, 95th(ms): 75.5, 99th(ms): 96.5, 99.9th(ms): 104.9, Max(ms): 104.9
[Current] PAYMENT - Takes(s): 10.0, Count: 2967, TPM: 17805.4, Sum(ms): 196066.2, Avg(ms): 66.1, 50th(ms): 60.8, 90th(ms): 96.5, 95th(ms): 113.2, 99th(ms): 159.4, 99.9th(ms): 192.9, Max(ms): 226.5
[Current] STOCK_LEVEL - Takes(s): 10.0, Count: 287, TPM: 1722.8, Sum(ms): 16118.0, Avg(ms): 56.2, 50th(ms): 54.5, 90th(ms): 75.5, 95th(ms): 83.9, 99th(ms): 113.2, 99.9th(ms): 151.0, Max(ms): 151.0
[Current] DELIVERY - Takes(s): 9.9, Count: 270, TPM: 1643.6, Sum(ms): 73492.6, Avg(ms): 272.1, 50th(ms): 268.4, 90th(ms): 352.3, 95th(ms): 402.7, 99th(ms): 536.9, 99.9th(ms): 570.4, Max(ms): 570.4
[Current] NEW_ORDER - Takes(s): 10.0, Count: 3488, TPM: 20947.5, Sum(ms): 321768.9, Avg(ms): 92.3, 50th(ms): 92.3, 90th(ms): 125.8, 95th(ms): 142.6, 99th(ms): 184.5, 99.9th(ms): 226.5, Max(ms): 251.7
[Current] ORDER_STATUS - Takes(s): 10.0, Count: 299, TPM: 1799.3, Sum(ms): 12422.7, Avg(ms): 41.5, 50th(ms): 39.8, 90th(ms): 60.8, 95th(ms): 65.0, 99th(ms): 92.3, 99.9th(ms): 100.7, Max(ms): 100.7
[Current] PAYMENT - Takes(s): 10.0, Count: 3247, TPM: 19500.4, Sum(ms): 199809.9, Avg(ms): 61.6, 50th(ms): 56.6, 90th(ms): 88.1, 95th(ms): 109.1, 99th(ms): 151.0, 99.9th(ms): 192.9, Max(ms): 218.1
[Current] STOCK_LEVEL - Takes(s): 10.0, Count: 317, TPM: 1904.0, Sum(ms): 16695.7, Avg(ms): 52.7, 50th(ms): 52.4, 90th(ms): 71.3, 95th(ms): 75.5, 99th(ms): 96.5, 99.9th(ms): 117.4, Max(ms): 117.4
[Current] DELIVERY - Takes(s): 10.0, Count: 289, TPM: 1742.5, Sum(ms): 87113.5, Avg(ms): 301.9, 50th(ms): 302.0, 90th(ms): 385.9, 95th(ms): 469.8, 99th(ms): 536.9, 99.9th(ms): 604.0, Max(ms): 604.0
[Current] NEW_ORDER - Takes(s): 10.0, Count: 3039, TPM: 18236.4, Sum(ms): 306217.1, Avg(ms): 100.8, 50th(ms): 96.5, 90th(ms): 134.2, 95th(ms): 151.0, 99th(ms): 209.7, 99.9th(ms): 260.0, Max(ms): 302.0
[Current] ORDER_STATUS - Takes(s): 10.0, Count: 295, TPM: 1770.6, Sum(ms): 12913.0, Avg(ms): 43.8, 50th(ms): 41.9, 90th(ms): 62.9, 95th(ms): 79.7, 99th(ms): 88.1, 99.9th(ms): 109.1, Max(ms): 109.1
[Current] PAYMENT - Takes(s): 10.0, Count: 3116, TPM: 18698.2, Sum(ms): 203140.9, Avg(ms): 65.2, 50th(ms): 60.8, 90th(ms): 92.3, 95th(ms): 113.2, 99th(ms): 151.0, 99.9th(ms): 218.1, Max(ms): 251.7
[Current] STOCK_LEVEL - Takes(s): 10.0, Count: 294, TPM: 1765.4, Sum(ms): 17011.6, Avg(ms): 57.9, 50th(ms): 56.6, 90th(ms): 79.7, 95th(ms): 88.1, 99th(ms): 113.2, 99.9th(ms): 142.6, Max(ms): 142.6
[Current] DELIVERY - Takes(s): 10.0, Count: 292, TPM: 1752.8, Sum(ms): 89843.7, Avg(ms): 307.7, 50th(ms): 302.0, 90th(ms): 436.2, 95th(ms): 469.8, 99th(ms): 738.2, 99.9th(ms): 1073.7, Max(ms): 1073.7
[Current] NEW_ORDER - Takes(s): 10.0, Count: 3098, TPM: 18594.9, Sum(ms): 315257.1, Avg(ms): 101.8, 50th(ms): 100.7, 90th(ms): 142.6, 95th(ms): 159.4, 99th(ms): 201.3, 99.9th(ms): 260.0, Max(ms): 419.4
[Current] ORDER_STATUS - Takes(s): 10.0, Count: 299, TPM: 1801.3, Sum(ms): 13316.5, Avg(ms): 44.5, 50th(ms): 44.0, 90th(ms): 67.1, 95th(ms): 75.5, 99th(ms): 92.3, 99.9th(ms): 125.8, Max(ms): 125.8
[Current] PAYMENT - Takes(s): 10.0, Count: 2896, TPM: 17390.0, Sum(ms): 191938.5, Avg(ms): 66.3, 50th(ms): 60.8, 90th(ms): 96.5, 95th(ms): 113.2, 99th(ms): 151.0, 99.9th(ms): 184.5, Max(ms): 218.1
[Current] STOCK_LEVEL - Takes(s): 10.0, Count: 282, TPM: 1695.8, Sum(ms): 16080.9, Avg(ms): 57.1, 50th(ms): 58.7, 90th(ms): 79.7, 95th(ms): 83.9, 99th(ms): 100.7, 99.9th(ms): 109.1, Max(ms): 109.1
[Current] DELIVERY - Takes(s): 10.0, Count: 283, TPM: 1698.3, Sum(ms): 85721.0, Avg(ms): 303.2, 50th(ms): 302.0, 90th(ms): 402.7, 95th(ms): 453.0, 99th(ms): 570.4, 99.9th(ms): 604.0, Max(ms): 604.0
[Current] NEW_ORDER - Takes(s): 10.0, Count: 2952, TPM: 17712.7, Sum(ms): 311099.8, Avg(ms): 105.4, 50th(ms): 100.7, 90th(ms): 151.0, 95th(ms): 167.8, 99th(ms): 243.3, 99.9th(ms): 352.3, Max(ms): 436.2
[Current] ORDER_STATUS - Takes(s): 10.0, Count: 258, TPM: 1549.6, Sum(ms): 12392.4, Avg(ms): 48.1, 50th(ms): 46.1, 90th(ms): 71.3, 95th(ms): 83.9, 99th(ms): 130.0, 99.9th(ms): 192.9, Max(ms): 192.9
[Current] PAYMENT - Takes(s): 10.0, Count: 2812, TPM: 16873.4, Sum(ms): 205485.9, Avg(ms): 73.1, 50th(ms): 65.0, 90th(ms): 113.2, 95th(ms): 142.6, 99th(ms): 226.5, 99.9th(ms): 302.0, Max(ms): 318.8
[Current] STOCK_LEVEL - Takes(s): 10.0, Count: 236, TPM: 1418.1, Sum(ms): 12643.5, Avg(ms): 53.6, 50th(ms): 52.4, 90th(ms): 75.5, 95th(ms): 79.7, 99th(ms): 104.9, 99.9th(ms): 234.9, Max(ms): 234.9
[Current] DELIVERY - Takes(s): 10.0, Count: 290, TPM: 1747.1, Sum(ms): 81455.8, Avg(ms): 281.1, 50th(ms): 268.4, 90th(ms): 385.9, 95th(ms): 469.8, 99th(ms): 637.5, 99.9th(ms): 738.2, Max(ms): 738.2
[Current] NEW_ORDER - Takes(s): 10.0, Count: 3226, TPM: 19359.6, Sum(ms): 313741.7, Avg(ms): 97.3, 50th(ms): 92.3, 90th(ms): 142.6, 95th(ms): 159.4, 99th(ms): 209.7, 99.9th(ms): 251.7, Max(ms): 302.0
[Current] ORDER_STATUS - Takes(s): 10.0, Count: 270, TPM: 1625.4, Sum(ms): 11315.0, Avg(ms): 41.9, 50th(ms): 39.8, 90th(ms): 67.1, 95th(ms): 75.5, 99th(ms): 92.3, 99.9th(ms): 109.1, Max(ms): 109.1
[Current] PAYMENT - Takes(s): 10.0, Count: 3085, TPM: 18518.7, Sum(ms): 202363.6, Avg(ms): 65.6, 50th(ms): 60.8, 90th(ms): 96.5, 95th(ms): 117.4, 99th(ms): 167.8, 99.9th(ms): 209.7, Max(ms): 243.3
[Current] STOCK_LEVEL - Takes(s): 10.0, Count: 291, TPM: 1754.6, Sum(ms): 17600.7, Avg(ms): 60.6, 50th(ms): 54.5, 90th(ms): 92.3, 95th(ms): 100.7, 99th(ms): 234.9, 99.9th(ms): 318.8, Max(ms): 318.8
[Current] DELIVERY - Takes(s): 10.0, Count: 264, TPM: 1584.4, Sum(ms): 82417.6, Avg(ms): 312.5, 50th(ms): 302.0, 90th(ms): 402.7, 95th(ms): 469.8, 99th(ms): 520.1, 99.9th(ms): 805.3, Max(ms): 805.3
[Current] NEW_ORDER - Takes(s): 10.0, Count: 3075, TPM: 18454.6, Sum(ms): 316022.5, Avg(ms): 102.8, 50th(ms): 100.7, 90th(ms): 142.6, 95th(ms): 159.4, 99th(ms): 192.9, 99.9th(ms): 243.3, Max(ms): 285.2
[Current] ORDER_STATUS - Takes(s): 10.0, Count: 308, TPM: 1848.6, Sum(ms): 14424.4, Avg(ms): 46.8, 50th(ms): 44.0, 90th(ms): 67.1, 95th(ms): 79.7, 99th(ms): 96.5, 99.9th(ms): 121.6, Max(ms): 121.6
[Current] PAYMENT - Takes(s): 10.0, Count: 2931, TPM: 17586.3, Sum(ms): 201420.8, Avg(ms): 68.8, 50th(ms): 62.9, 90th(ms): 100.7, 95th(ms): 121.6, 99th(ms): 159.4, 99.9th(ms): 209.7, Max(ms): 251.7
[Current] STOCK_LEVEL - Takes(s): 10.0, Count: 229, TPM: 1377.0, Sum(ms): 12836.3, Avg(ms): 56.1, 50th(ms): 54.5, 90th(ms): 79.7, 95th(ms): 88.1, 99th(ms): 121.6, 99.9th(ms): 151.0, Max(ms): 151.0
[Current] DELIVERY - Takes(s): 10.0, Count: 283, TPM: 1699.2, Sum(ms): 82736.5, Avg(ms): 292.2, 50th(ms): 285.2, 90th(ms): 385.9, 95th(ms): 453.0, 99th(ms): 536.9, 99.9th(ms): 604.0, Max(ms): 604.0
[Current] NEW_ORDER - Takes(s): 10.0, Count: 3223, TPM: 19338.0, Sum(ms): 313570.1, Avg(ms): 97.3, 50th(ms): 96.5, 90th(ms): 130.0, 95th(ms): 151.0, 99th(ms): 184.5, 99.9th(ms): 226.5, Max(ms): 260.0
[Current] ORDER_STATUS - Takes(s): 10.0, Count: 290, TPM: 1747.5, Sum(ms): 13013.2, Avg(ms): 44.9, 50th(ms): 44.0, 90th(ms): 65.0, 95th(ms): 75.5, 99th(ms): 104.9, 99.9th(ms): 117.4, Max(ms): 117.4
[Current] PAYMENT - Takes(s): 10.0, Count: 3119, TPM: 18715.5, Sum(ms): 201028.2, Avg(ms): 64.5, 50th(ms): 60.8, 90th(ms): 92.3, 95th(ms): 113.2, 99th(ms): 142.6, 99.9th(ms): 192.9, Max(ms): 209.7
[Current] STOCK_LEVEL - Takes(s): 10.0, Count: 316, TPM: 1898.7, Sum(ms): 15725.2, Avg(ms): 49.7, 50th(ms): 50.3, 90th(ms): 67.1, 95th(ms): 75.5, 99th(ms): 88.1, 99.9th(ms): 92.3, Max(ms): 92.3
[Current] DELIVERY - Takes(s): 10.0, Count: 281, TPM: 1689.1, Sum(ms): 84444.8, Avg(ms): 300.4, 50th(ms): 285.2, 90th(ms): 419.4, 95th(ms): 486.5, 99th(ms): 570.4, 99.9th(ms): 637.5, Max(ms): 637.5
[Current] NEW_ORDER - Takes(s): 10.0, Count: 3127, TPM: 18769.9, Sum(ms): 314222.2, Avg(ms): 100.5, 50th(ms): 96.5, 90th(ms): 134.2, 95th(ms): 159.4, 99th(ms): 192.9, 99.9th(ms): 251.7, Max(ms): 285.2
[Current] ORDER_STATUS - Takes(s): 10.0, Count: 282, TPM: 1699.2, Sum(ms): 12911.5, Avg(ms): 45.8, 50th(ms): 44.0, 90th(ms): 67.1, 95th(ms): 75.5, 99th(ms): 92.3, 99.9th(ms): 113.2, Max(ms): 113.2
[Current] PAYMENT - Takes(s): 10.0, Count: 3016, TPM: 18109.5, Sum(ms): 200363.2, Avg(ms): 66.4, 50th(ms): 60.8, 90th(ms): 100.7, 95th(ms): 117.4, 99th(ms): 159.4, 99.9th(ms): 201.3, Max(ms): 251.7
[Current] STOCK_LEVEL - Takes(s): 10.0, Count: 261, TPM: 1570.3, Sum(ms): 13715.9, Avg(ms): 52.6, 50th(ms): 52.4, 90th(ms): 75.5, 95th(ms): 79.7, 99th(ms): 96.5, 99.9th(ms): 109.1, Max(ms): 109.1
Finished
[Summary] DELIVERY - Takes(s): 599.8, Count: 17770, TPM: 1777.5, Sum(ms): 5005570.3, Avg(ms): 281.8, 50th(ms): 268.4, 90th(ms): 385.9, 95th(ms): 436.2, 99th(ms): 570.4, 99.9th(ms): 771.8, Max(ms): 1073.7
[Summary] NEW_ORDER - Takes(s): 600.0, Count: 200195, TPM: 20019.8, Sum(ms): 18846719.3, Avg(ms): 94.2, 50th(ms): 92.3, 90th(ms): 130.0, 95th(ms): 151.0, 99th(ms): 192.9, 99.9th(ms): 260.0, Max(ms): 637.5
[Summary] ORDER_STATUS - Takes(s): 600.0, Count: 17707, TPM: 1770.8, Sum(ms): 744332.3, Avg(ms): 42.0, 50th(ms): 39.8, 90th(ms): 62.9, 95th(ms): 75.5, 99th(ms): 92.3, 99.9th(ms): 130.0, Max(ms): 486.5
[Summary] PAYMENT - Takes(s): 600.0, Count: 191835, TPM: 19183.2, Sum(ms): 11966949.0, Avg(ms): 62.4, 50th(ms): 58.7, 90th(ms): 92.3, 95th(ms): 109.1, 99th(ms): 151.0, 99.9th(ms): 218.1, Max(ms): 402.7
[Summary] STOCK_LEVEL - Takes(s): 600.0, Count: 17795, TPM: 1779.5, Sum(ms): 1015335.2, Avg(ms): 57.1, 50th(ms): 52.4, 90th(ms): 83.9, 95th(ms): 100.7, 99th(ms): 176.2, 99.9th(ms): 335.5, Max(ms): 570.4
tpmC: 20019.8, tpmTotal: 44530.9, efficiency: 1216.2%
