+ ./tpccbenchmark -c config/workload_all.xml --execute=true --nodes=172.24.40.32 --warehouses=128 --num-connections=128 --warmup-time-secs=300
SLF4J: Failed to load class "org.slf4j.impl.StaticLoggerBinder".
SLF4J: Defaulting to no-operation (NOP) logger implementation
SLF4J: See http://www.slf4j.org/codes.html#StaticLoggerBinder for further details.
12:49:58,071 (DBWorkload.java:217) INFO  - Configuration -> nodes: [172.24.40.32], port: 15433, startWH: 1, warehouses: 128, total warehouses across shards: 128, terminals: 1280, dbConnections: 128, loaderThreads: 10
12:49:58,271 (DBWorkload.java:247) INFO  - ======================================================================

{
    Benchmark = TPCC {BenchmarkModule}
    Configuration = config/workload_all.xml
    Driver = com.yugabyte.Driver
    URL = [172.24.40.32]
    Isolation = TRANSACTION_REPEATABLE_READ
    Scale Factor = 128
}

12:49:58,271 (DBWorkload.java:248) INFO  - ======================================================================
12:49:58,286 (DBWorkload.java:478) INFO  - Creating 1280 virtual terminals...
12:49:58,486 (DBWorkload.java:484) INFO  - Launching the TPCC Benchmark with 1 Phase...
12:49:59,085 (ThreadBench.java:310) INFO  - [0;1mPHASE START[0;0m :: [Workload=TPCC] [Serial=false] [Time=600] [WarmupTime=300] [Rate=10000] [Arrival=REGULAR] [Ratios=[45.0, 43.0, 4.0, 4.0, 4.0]] [ActiveWorkers=1280]
12:54:59,084 (ThreadBench.java:456) INFO  - [0;1mMEASURE[0;0m :: Warmup complete, starting measurements.
13:04:59,085 (ThreadBench.java:414) INFO  - [0;1mTERMINATE[0;0m :: Waiting for all terminals to finish ..
13:06:24,739 (ThreadBench.java:473) INFO  - Attempting to stop worker threads and collect measurements
13:06:24,740 (ThreadBench.java:224) INFO  - Starting WatchDogThread
13:06:24,769 (DBWorkload.java:521) INFO  - ======================================================================
13:06:24,773 (DBWorkload.java:532) INFO  - 
================RESULTS================
             TPM-C |            1651.20
        Efficiency |            100.31%
Throughput (req/s) |              61.03

13:06:24,806 (DBWorkload.java:699) INFO  - 
======================LATENCIES (INCLUDE RETRY ATTEMPTS)=====================
 Transaction |  Count   | Avg. Latency | P99 Latency | Connection Acq Latency
    NewOrder |    16512 |        16.50 |       26.67 |                   0.38
     Payment |    15804 |         9.37 |       15.23 |                   0.38
 OrderStatus |     1388 |         4.66 |       10.36 |                   0.38
    Delivery |     1452 |        52.19 |      117.15 |                   0.39
  StockLevel |     1462 |         7.23 |       40.24 |                   0.40
        All  |    36618 |        14.02 |       75.39 |                   0.38

13:06:24,889 (DBWorkload.java:643) INFO  - 
=======================WORKER TASK LATENCIES=======================
 Transaction |     Task     |  Count   | Avg. Latency | P99 Latency
    NewOrder |   Fetch Work |    16512 |         0.00 |        0.00
    NewOrder |       Keying |    16512 |     18000.09 |    18000.15
    NewOrder |Op With Retry |    16512 |        16.90 |       27.26
    NewOrder |     Thinking |    16512 |     11817.49 |    54848.10
     Payment |   Fetch Work |    15822 |         0.00 |        0.00
     Payment |       Keying |    15822 |      3000.10 |     3000.15
     Payment |Op With Retry |    15822 |         9.76 |       15.96
     Payment |     Thinking |    15822 |     12040.69 |    56643.08
 OrderStatus |   Fetch Work |     1388 |         0.00 |        0.00
 OrderStatus |       Keying |     1388 |      2000.09 |     2000.14
 OrderStatus |Op With Retry |     1388 |         5.07 |       11.05
 OrderStatus |     Thinking |     1388 |     10046.23 |    49646.07
    Delivery |   Fetch Work |     1453 |         0.00 |        0.00
    Delivery |       Keying |     1453 |      2000.09 |     2000.15
    Delivery |Op With Retry |     1453 |        52.57 |      117.63
    Delivery |     Thinking |     1453 |      4934.33 |    21584.07
  StockLevel |   Fetch Work |     1462 |         0.00 |        0.00
  StockLevel |       Keying |     1462 |      2000.09 |     2000.16
  StockLevel |Op With Retry |     1462 |         7.64 |       40.67
  StockLevel |     Thinking |     1462 |      4962.23 |    23620.15
        All  |   Fetch Work |    36637 |         0.00 |        0.00
        All  |       Keying |    36637 |      9643.02 |    18000.13
        All  |Op with Retry |    36637 |        14.41 |       75.67
        All  |     Thinking |    36637 |     11300.24 |    54293.06
        All  |          All |    36637 |     20957.67 |    66938.14

13:06:24,922 (JsonMetricsHelper.java:102) INFO  - Output json data into file: /tmp/tpcc/results/json/output.json
13:06:24,925 (DBWorkload.java:456) INFO  - Output Raw data into file: results/oltpbench.4.csv

real	16m27.294s
user	2m3.095s
sys	0m12.795s
