+ ./tpccbenchmark -c config/workload_all.xml --execute=true --nodes=172.24.40.32 --warehouses=128 --num-connections=64 --warmup-time-secs=300
SLF4J: Failed to load class "org.slf4j.impl.StaticLoggerBinder".
SLF4J: Defaulting to no-operation (NOP) logger implementation
SLF4J: See http://www.slf4j.org/codes.html#StaticLoggerBinder for further details.
12:33:33,296 (DBWorkload.java:217) INFO  - Configuration -> nodes: [172.24.40.32], port: 15433, startWH: 1, warehouses: 128, total warehouses across shards: 128, terminals: 1280, dbConnections: 64, loaderThreads: 10
12:33:33,478 (DBWorkload.java:247) INFO  - ======================================================================

{
    Benchmark = TPCC {BenchmarkModule}
    Configuration = config/workload_all.xml
    Driver = com.yugabyte.Driver
    URL = [172.24.40.32]
    Isolation = TRANSACTION_REPEATABLE_READ
    Scale Factor = 128
}

12:33:33,478 (DBWorkload.java:248) INFO  - ======================================================================
12:33:33,490 (DBWorkload.java:478) INFO  - Creating 1280 virtual terminals...
12:33:33,677 (DBWorkload.java:484) INFO  - Launching the TPCC Benchmark with 1 Phase...
12:33:34,348 (ThreadBench.java:310) INFO  - [0;1mPHASE START[0;0m :: [Workload=TPCC] [Serial=false] [Time=600] [WarmupTime=300] [Rate=10000] [Arrival=REGULAR] [Ratios=[45.0, 43.0, 4.0, 4.0, 4.0]] [ActiveWorkers=1280]
12:38:34,346 (ThreadBench.java:456) INFO  - [0;1mMEASURE[0;0m :: Warmup complete, starting measurements.
12:48:34,347 (ThreadBench.java:414) INFO  - [0;1mTERMINATE[0;0m :: Waiting for all terminals to finish ..
12:49:57,464 (ThreadBench.java:473) INFO  - Attempting to stop worker threads and collect measurements
12:49:57,465 (ThreadBench.java:224) INFO  - Starting WatchDogThread
12:49:57,499 (DBWorkload.java:521) INFO  - ======================================================================
12:49:57,504 (DBWorkload.java:532) INFO  - 
================RESULTS================
             TPM-C |            1637.00
        Efficiency |             99.45%
Throughput (req/s) |              60.73

12:49:57,545 (DBWorkload.java:699) INFO  - 
======================LATENCIES (INCLUDE RETRY ATTEMPTS)=====================
 Transaction |  Count   | Avg. Latency | P99 Latency | Connection Acq Latency
    NewOrder |    16370 |        15.41 |       23.97 |                   0.36
     Payment |    15749 |         9.01 |       13.93 |                   0.36
 OrderStatus |     1436 |         4.20 |        8.20 |                   0.36
    Delivery |     1435 |        49.62 |      105.07 |                   0.36
  StockLevel |     1448 |         5.49 |       11.35 |                   0.35
        All  |    36438 |        13.15 |       70.26 |                   0.36

12:49:57,613 (DBWorkload.java:643) INFO  - 
=======================WORKER TASK LATENCIES=======================
 Transaction |     Task     |  Count   | Avg. Latency | P99 Latency
    NewOrder |   Fetch Work |    16370 |         0.00 |        0.00
    NewOrder |       Keying |    16370 |     18000.09 |    18000.14
    NewOrder |Op With Retry |    16370 |        15.80 |       25.01
    NewOrder |     Thinking |    16370 |     12043.37 |    54807.08
     Payment |   Fetch Work |    15769 |         0.00 |        0.00
     Payment |       Keying |    15769 |      3000.09 |     3000.15
     Payment |Op With Retry |    15769 |         9.38 |       14.46
     Payment |     Thinking |    15769 |     12045.92 |    56802.06
 OrderStatus |   Fetch Work |     1436 |         0.00 |        0.00
 OrderStatus |       Keying |     1436 |      2000.09 |     2000.15
 OrderStatus |Op With Retry |     1436 |         4.57 |        8.67
 OrderStatus |     Thinking |     1436 |     10276.11 |    49937.09
    Delivery |   Fetch Work |     1435 |         0.00 |        0.00
    Delivery |       Keying |     1435 |      2000.09 |     2000.15
    Delivery |Op With Retry |     1435 |        49.99 |      105.44
    Delivery |     Thinking |     1435 |      5052.75 |    24587.07
  StockLevel |   Fetch Work |     1448 |         0.00 |        0.00
  StockLevel |       Keying |     1448 |      2000.09 |     2000.15
  StockLevel |Op With Retry |     1448 |         5.86 |       11.79
  StockLevel |     Thinking |     1448 |      5119.92 |    22680.09
        All  |   Fetch Work |    36458 |         0.00 |        0.00
        All  |       Keying |    36458 |      9616.77 |    18000.12
        All  |Op with Retry |    36458 |        13.53 |       70.64
        All  |     Thinking |    36458 |     11424.73 |    54553.08
        All  |          All |    36458 |     21055.04 |    67100.96

12:49:57,646 (JsonMetricsHelper.java:102) INFO  - Output json data into file: /tmp/tpcc/results/json/output.json
12:49:57,649 (DBWorkload.java:456) INFO  - Output Raw data into file: results/oltpbench.3.csv

real	16m24.759s
user	1m58.578s
sys	0m11.917s
