+ ./tpccbenchmark -c config/workload_all.xml --execute=true --nodes=172.24.40.32 --warehouses=128 --num-connections=32 --warmup-time-secs=300
SLF4J: Failed to load class "org.slf4j.impl.StaticLoggerBinder".
SLF4J: Defaulting to no-operation (NOP) logger implementation
SLF4J: See http://www.slf4j.org/codes.html#StaticLoggerBinder for further details.
12:16:47,176 (DBWorkload.java:217) INFO  - Configuration -> nodes: [172.24.40.32], port: 15433, startWH: 1, warehouses: 128, total warehouses across shards: 128, terminals: 1280, dbConnections: 32, loaderThreads: 10
12:16:47,352 (DBWorkload.java:247) INFO  - ======================================================================

{
    Benchmark = TPCC {BenchmarkModule}
    Configuration = config/workload_all.xml
    Driver = com.yugabyte.Driver
    URL = [172.24.40.32]
    Isolation = TRANSACTION_REPEATABLE_READ
    Scale Factor = 128
}

12:16:47,352 (DBWorkload.java:248) INFO  - ======================================================================
12:16:47,364 (DBWorkload.java:478) INFO  - Creating 1280 virtual terminals...
12:16:47,538 (DBWorkload.java:484) INFO  - Launching the TPCC Benchmark with 1 Phase...
12:16:48,137 (ThreadBench.java:310) INFO  - [0;1mPHASE START[0;0m :: [Workload=TPCC] [Serial=false] [Time=600] [WarmupTime=300] [Rate=10000] [Arrival=REGULAR] [Ratios=[45.0, 43.0, 4.0, 4.0, 4.0]] [ActiveWorkers=1280]
12:21:48,135 (ThreadBench.java:456) INFO  - [0;1mMEASURE[0;0m :: Warmup complete, starting measurements.
12:31:48,136 (ThreadBench.java:414) INFO  - [0;1mTERMINATE[0;0m :: Waiting for all terminals to finish ..
12:33:32,683 (ThreadBench.java:473) INFO  - Attempting to stop worker threads and collect measurements
12:33:32,684 (ThreadBench.java:224) INFO  - Starting WatchDogThread
12:33:32,722 (DBWorkload.java:521) INFO  - ======================================================================
12:33:32,730 (DBWorkload.java:532) INFO  - 
================RESULTS================
             TPM-C |            1641.00
        Efficiency |             99.69%
Throughput (req/s) |              60.59

12:33:32,772 (DBWorkload.java:699) INFO  - 
======================LATENCIES (INCLUDE RETRY ATTEMPTS)=====================
 Transaction |  Count   | Avg. Latency | P99 Latency | Connection Acq Latency
    NewOrder |    16410 |        14.83 |       23.67 |                   0.33
     Payment |    15491 |         8.71 |       13.34 |                   0.33
 OrderStatus |     1443 |         4.01 |        7.07 |                   0.33
    Delivery |     1498 |        48.02 |      105.08 |                   0.33
  StockLevel |     1513 |         6.51 |       60.72 |                   0.33
        All  |    36355 |        12.81 |       70.56 |                   0.33

12:33:32,839 (DBWorkload.java:643) INFO  - 
=======================WORKER TASK LATENCIES=======================
 Transaction |     Task     |  Count   | Avg. Latency | P99 Latency
    NewOrder |   Fetch Work |    16410 |         0.00 |        0.00
    NewOrder |       Keying |    16410 |     18000.09 |    18000.15
    NewOrder |Op With Retry |    16410 |        15.18 |       24.17
    NewOrder |     Thinking |    16410 |     12138.26 |    56273.09
     Payment |   Fetch Work |    15510 |         0.00 |        0.00
     Payment |       Keying |    15510 |      3000.09 |     3000.15
     Payment |Op With Retry |    15510 |         9.06 |       13.77
     Payment |     Thinking |    15510 |     12020.74 |    55398.10
 OrderStatus |   Fetch Work |     1443 |         0.00 |        0.00
 OrderStatus |       Keying |     1443 |      2000.09 |     2000.14
 OrderStatus |Op With Retry |     1443 |         4.36 |        7.50
 OrderStatus |     Thinking |     1443 |     10421.64 |    45440.12
    Delivery |   Fetch Work |     1498 |         0.00 |        0.00
    Delivery |       Keying |     1498 |      2000.09 |     2000.15
    Delivery |Op With Retry |     1498 |        48.37 |      105.40
    Delivery |     Thinking |     1498 |      5093.05 |    23997.07
  StockLevel |   Fetch Work |     1513 |         0.00 |        0.00
  StockLevel |       Keying |     1513 |      2000.08 |     2000.14
  StockLevel |Op With Retry |     1513 |         6.86 |       61.19
  StockLevel |     Thinking |     1513 |      4912.57 |    21294.08
        All  |   Fetch Work |    36374 |         0.00 |        0.00
        All  |       Keying |    36374 |      9644.83 |    18000.13
        All  |Op with Retry |    36374 |        13.16 |       70.92
        All  |     Thinking |    36374 |     11429.34 |    54849.08
        All  |          All |    36374 |     21087.34 |    67535.25

12:33:32,872 (JsonMetricsHelper.java:102) INFO  - Output json data into file: /tmp/tpcc/results/json/output.json
12:33:32,875 (DBWorkload.java:456) INFO  - Output Raw data into file: results/oltpbench.2.csv

real	16m46.101s
user	2m24.606s
sys	0m12.439s
