2026/06/20 22:23:33 maxprocs: Leaving GOMAXPROCS=4: CPU quota undefined
[Current] DELIVERY - Takes(s): 8.4, Count: 3, TPM: 21.5, Sum(ms): 2854.8, Avg(ms): 950.7, 50th(ms): 805.3, 90th(ms): 1476.4, 95th(ms): 1476.4, 99th(ms): 1476.4, 99.9th(ms): 1476.4, Max(ms): 1476.4
[Current] NEW_ORDER - Takes(s): 8.8, Count: 21, TPM: 143.2, Sum(ms): 7487.6, Avg(ms): 355.6, 50th(ms): 369.1, 90th(ms): 637.5, 95th(ms): 637.5, 99th(ms): 738.2, 99.9th(ms): 738.2, Max(ms): 738.2
[Current] ORDER_STATUS - Takes(s): 8.9, Count: 9, TPM: 60.6, Sum(ms): 1089.9, Avg(ms): 121.8, 50th(ms): 56.6, 90th(ms): 234.9, 95th(ms): 268.4, 99th(ms): 268.4, 99.9th(ms): 268.4, Max(ms): 268.4
[Current] PAYMENT - Takes(s): 8.9, Count: 4, TPM: 26.9, Sum(ms): 1236.0, Avg(ms): 307.2, 50th(ms): 302.0, 90th(ms): 352.3, 95th(ms): 352.3, 99th(ms): 352.3, 99.9th(ms): 352.3, Max(ms): 352.3
[Current] STOCK_LEVEL - Takes(s): 8.9, Count: 3, TPM: 20.2, Sum(ms): 586.6, Avg(ms): 194.3, 50th(ms): 184.5, 90th(ms): 234.9, 95th(ms): 234.9, 99th(ms): 234.9, 99.9th(ms): 234.9, Max(ms): 234.9
[2026-06-20 22:23:48] execute run failed, err exec SELECT c_discount, c_last, c_credit, w_tax FROM customer, warehouse WHERE w_id = ? AND c_w_id = w_id AND c_d_id = ? AND c_id = ?(wID=1,dID=4,cID=1142) failed pq: LookupByIdRpc(tablet: 9ee6ee8da46b484cabd855e033f147b6, num_attempts: 2) failed: LookupByIdRpc(tablet: 9ee6ee8da46b484cabd855e033f147b6, num_attempts: 2) timed out after deadline expired, passed 15.027s of 0.185s
[2026-06-20 22:23:48] execute run failed, err exec SELECT c_discount, c_last, c_credit, w_tax FROM customer, warehouse WHERE w_id = ? AND c_w_id = w_id AND c_d_id = ? AND c_id = ?(wID=1,dID=3,cID=2672) failed pq: LookupByIdRpc(tablet: 9ee6ee8da46b484cabd855e033f147b6, num_attempts: 2) failed: LookupByIdRpc(tablet: 9ee6ee8da46b484cabd855e033f147b6, num_attempts: 2) timed out after deadline expired, passed 15.027s of 0.185s
[2026-06-20 22:23:48] execute run failed, err exec SELECT c_discount, c_last, c_credit, w_tax FROM customer, warehouse WHERE w_id = ? AND c_w_id = w_id AND c_d_id = ? AND c_id = ?(wID=1,dID=10,cID=2086) failed pq: LookupByIdRpc(tablet: 9ee6ee8da46b484cabd855e033f147b6, num_attempts: 2) failed: LookupByIdRpc(tablet: 9ee6ee8da46b484cabd855e033f147b6, num_attempts: 2) timed out after deadline expired, passed 15.027s of 0.185s
[2026-06-20 22:23:48] execute run failed, err exec SELECT c_discount, c_last, c_credit, w_tax FROM customer, warehouse WHERE w_id = ? AND c_w_id = w_id AND c_d_id = ? AND c_id = ?(wID=1,dID=3,cID=1913) failed pq: LookupByIdRpc(tablet: 9ee6ee8da46b484cabd855e033f147b6, num_attempts: 2) failed: LookupByIdRpc(tablet: 9ee6ee8da46b484cabd855e033f147b6, num_attempts: 2) timed out after deadline expired, passed 15.027s of 0.185s
[2026-06-20 22:23:48] execute run failed, err exec SELECT c_discount, c_last, c_credit, w_tax FROM customer, warehouse WHERE w_id = ? AND c_w_id = w_id AND c_d_id = ? AND c_id = ?(wID=1,dID=8,cID=2414) failed pq: LookupByIdRpc(tablet: 9ee6ee8da46b484cabd855e033f147b6, num_attempts: 2) failed: LookupByIdRpc(tablet: 9ee6ee8da46b484cabd855e033f147b6, num_attempts: 2) timed out after deadline expired, passed 15.027s of 0.185s
[2026-06-20 22:23:48] execute run failed, err exec SELECT c_discount, c_last, c_credit, w_tax FROM customer, warehouse WHERE w_id = ? AND c_w_id = w_id AND c_d_id = ? AND c_id = ?(wID=1,dID=4,cID=1594) failed pq: LookupByIdRpc(tablet: 9ee6ee8da46b484cabd855e033f147b6, num_attempts: 2) failed: LookupByIdRpc(tablet: 9ee6ee8da46b484cabd855e033f147b6, num_attempts: 2) timed out after deadline expired, passed 15.027s of 0.185s
[2026-06-20 22:23:48] execute run failed, err exec SELECT c_discount, c_last, c_credit, w_tax FROM customer, warehouse WHERE w_id = ? AND c_w_id = w_id AND c_d_id = ? AND c_id = ?(wID=1,dID=6,cID=1637) failed pq: LookupByIdRpc(tablet: 9ee6ee8da46b484cabd855e033f147b6, num_attempts: 2) failed: LookupByIdRpc(tablet: 9ee6ee8da46b484cabd855e033f147b6, num_attempts: 2) timed out after deadline expired, passed 15.027s of 0.185s
[2026-06-20 22:23:48] execute run failed, err exec SELECT c_discount, c_last, c_credit, w_tax FROM customer, warehouse WHERE w_id = ? AND c_w_id = w_id AND c_d_id = ? AND c_id = ?(wID=1,dID=10,cID=2681) failed pq: LookupByIdRpc(tablet: 9ee6ee8da46b484cabd855e033f147b6, num_attempts: 2) failed: LookupByIdRpc(tablet: 9ee6ee8da46b484cabd855e033f147b6, num_attempts: 2) timed out after deadline expired, passed 15.027s of 0.185s
[2026-06-20 22:23:48] execute run failed, err exec SELECT c_discount, c_last, c_credit, w_tax FROM customer, warehouse WHERE w_id = ? AND c_w_id = w_id AND c_d_id = ? AND c_id = ?(wID=1,dID=1,cID=1098) failed pq: LookupByIdRpc(tablet: 9ee6ee8da46b484cabd855e033f147b6, num_attempts: 2) failed: LookupByIdRpc(tablet: 9ee6ee8da46b484cabd855e033f147b6, num_attempts: 2) timed out after deadline expired, passed 15.027s of 0.185s
[2026-06-20 22:23:48] execute run failed, err exec SELECT c_discount, c_last, c_credit, w_tax FROM customer, warehouse WHERE w_id = ? AND c_w_id = w_id AND c_d_id = ? AND c_id = ?(wID=1,dID=6,cID=1784) failed pq: LookupByIdRpc(tablet: 9ee6ee8da46b484cabd855e033f147b6, num_attempts: 2) failed: LookupByIdRpc(tablet: 9ee6ee8da46b484cabd855e033f147b6, num_attempts: 2) timed out after deadline expired, passed 15.027s of 0.185s
[2026-06-20 22:23:48] execute run failed, err exec SELECT c_discount, c_last, c_credit, w_tax FROM customer, warehouse WHERE w_id = ? AND c_w_id = w_id AND c_d_id = ? AND c_id = ?(wID=1,dID=3,cID=2554) failed pq: LookupByIdRpc(tablet: 9ee6ee8da46b484cabd855e033f147b6, num_attempts: 2) failed: LookupByIdRpc(tablet: 9ee6ee8da46b484cabd855e033f147b6, num_attempts: 2) timed out after deadline expired, passed 15.027s of 0.185s
[2026-06-20 22:23:48] execute run failed, err exec SELECT c_discount, c_last, c_credit, w_tax FROM customer, warehouse WHERE w_id = ? AND c_w_id = w_id AND c_d_id = ? AND c_id = ?(wID=1,dID=9,cID=2164) failed pq: LookupByIdRpc(tablet: 9ee6ee8da46b484cabd855e033f147b6, num_attempts: 2) failed: LookupByIdRpc(tablet: 9ee6ee8da46b484cabd855e033f147b6, num_attempts: 2) timed out after deadline expired, passed 15.027s of 0.185s
[2026-06-20 22:23:48] execute run failed, err exec SELECT c_discount, c_last, c_credit, w_tax FROM customer, warehouse WHERE w_id = ? AND c_w_id = w_id AND c_d_id = ? AND c_id = ?(wID=1,dID=8,cID=1658) failed pq: LookupByIdRpc(tablet: 9ee6ee8da46b484cabd855e033f147b6, num_attempts: 2) failed: LookupByIdRpc(tablet: 9ee6ee8da46b484cabd855e033f147b6, num_attempts: 2) timed out after deadline expired, passed 15.027s of 0.185s
execute run failed, err exec SELECT c_discount, c_last, c_credit, w_tax FROM customer, warehouse WHERE w_id = ? AND c_w_id = w_id AND c_d_id = ? AND c_id = ?(wID=1,dID=10,cID=2086) failed pq: LookupByIdRpc(tablet: 9ee6ee8da46b484cabd855e033f147b6, num_attempts: 2) failed: LookupByIdRpc(tablet: 9ee6ee8da46b484cabd855e033f147b6, num_attempts: 2) timed out after deadline expired, passed 15.027s of 0.185s
execute run failed, err exec SELECT c_discount, c_last, c_credit, w_tax FROM customer, warehouse WHERE w_id = ? AND c_w_id = w_id AND c_d_id = ? AND c_id = ?(wID=1,dID=6,cID=1637) failed pq: LookupByIdRpc(tablet: 9ee6ee8da46b484cabd855e033f147b6, num_attempts: 2) failed: LookupByIdRpc(tablet: 9ee6ee8da46b484cabd855e033f147b6, num_attempts: 2) timed out after deadline expired, passed 15.027s of 0.185s
execute run failed, err exec SELECT c_discount, c_last, c_credit, w_tax FROM customer, warehouse WHERE w_id = ? AND c_w_id = w_id AND c_d_id = ? AND c_id = ?(wID=1,dID=10,cID=2681) failed pq: LookupByIdRpc(tablet: 9ee6ee8da46b484cabd855e033f147b6, num_attempts: 2) failed: LookupByIdRpc(tablet: 9ee6ee8da46b484cabd855e033f147b6, num_attempts: 2) timed out after deadline expired, passed 15.027s of 0.185s
execute run failed, err exec SELECT c_discount, c_last, c_credit, w_tax FROM customer, warehouse WHERE w_id = ? AND c_w_id = w_id AND c_d_id = ? AND c_id = ?(wID=1,dID=6,cID=1784) failed pq: LookupByIdRpc(tablet: 9ee6ee8da46b484cabd855e033f147b6, num_attempts: 2) failed: LookupByIdRpc(tablet: 9ee6ee8da46b484cabd855e033f147b6, num_attempts: 2) timed out after deadline expired, passed 15.027s of 0.185s
execute run failed, err exec SELECT c_discount, c_last, c_credit, w_tax FROM customer, warehouse WHERE w_id = ? AND c_w_id = w_id AND c_d_id = ? AND c_id = ?(wID=1,dID=9,cID=2164) failed pq: LookupByIdRpc(tablet: 9ee6ee8da46b484cabd855e033f147b6, num_attempts: 2) failed: LookupByIdRpc(tablet: 9ee6ee8da46b484cabd855e033f147b6, num_attempts: 2) timed out after deadline expired, passed 15.027s of 0.185s
execute run failed, err exec SELECT c_discount, c_last, c_credit, w_tax FROM customer, warehouse WHERE w_id = ? AND c_w_id = w_id AND c_d_id = ? AND c_id = ?(wID=1,dID=3,cID=2554) failed pq: LookupByIdRpc(tablet: 9ee6ee8da46b484cabd855e033f147b6, num_attempts: 2) failed: LookupByIdRpc(tablet: 9ee6ee8da46b484cabd855e033f147b6, num_attempts: 2) timed out after deadline expired, passed 15.027s of 0.185s
execute run failed, err exec SELECT c_discount, c_last, c_credit, w_tax FROM customer, warehouse WHERE w_id = ? AND c_w_id = w_id AND c_d_id = ? AND c_id = ?(wID=1,dID=8,cID=2414) failed pq: LookupByIdRpc(tablet: 9ee6ee8da46b484cabd855e033f147b6, num_attempts: 2) failed: LookupByIdRpc(tablet: 9ee6ee8da46b484cabd855e033f147b6, num_attempts: 2) timed out after deadline expired, passed 15.027s of 0.185s
execute run failed, err exec SELECT c_discount, c_last, c_credit, w_tax FROM customer, warehouse WHERE w_id = ? AND c_w_id = w_id AND c_d_id = ? AND c_id = ?(wID=1,dID=3,cID=2672) failed pq: LookupByIdRpc(tablet: 9ee6ee8da46b484cabd855e033f147b6, num_attempts: 2) failed: LookupByIdRpc(tablet: 9ee6ee8da46b484cabd855e033f147b6, num_attempts: 2) timed out after deadline expired, passed 15.027s of 0.185s
execute run failed, err exec SELECT c_discount, c_last, c_credit, w_tax FROM customer, warehouse WHERE w_id = ? AND c_w_id = w_id AND c_d_id = ? AND c_id = ?(wID=1,dID=4,cID=1594) failed pq: LookupByIdRpc(tablet: 9ee6ee8da46b484cabd855e033f147b6, num_attempts: 2) failed: LookupByIdRpc(tablet: 9ee6ee8da46b484cabd855e033f147b6, num_attempts: 2) timed out after deadline expired, passed 15.027s of 0.185s
execute run failed, err exec SELECT c_discount, c_last, c_credit, w_tax FROM customer, warehouse WHERE w_id = ? AND c_w_id = w_id AND c_d_id = ? AND c_id = ?(wID=1,dID=1,cID=1098) failed pq: LookupByIdRpc(tablet: 9ee6ee8da46b484cabd855e033f147b6, num_attempts: 2) failed: LookupByIdRpc(tablet: 9ee6ee8da46b484cabd855e033f147b6, num_attempts: 2) timed out after deadline expired, passed 15.027s of 0.185s
execute run failed, err exec SELECT c_discount, c_last, c_credit, w_tax FROM customer, warehouse WHERE w_id = ? AND c_w_id = w_id AND c_d_id = ? AND c_id = ?(wID=1,dID=8,cID=1658) failed pq: LookupByIdRpc(tablet: 9ee6ee8da46b484cabd855e033f147b6, num_attempts: 2) failed: LookupByIdRpc(tablet: 9ee6ee8da46b484cabd855e033f147b6, num_attempts: 2) timed out after deadline expired, passed 15.027s of 0.185s
execute run failed, err exec SELECT c_discount, c_last, c_credit, w_tax FROM customer, warehouse WHERE w_id = ? AND c_w_id = w_id AND c_d_id = ? AND c_id = ?(wID=1,dID=4,cID=1142) failed pq: LookupByIdRpc(tablet: 9ee6ee8da46b484cabd855e033f147b6, num_attempts: 2) failed: LookupByIdRpc(tablet: 9ee6ee8da46b484cabd855e033f147b6, num_attempts: 2) timed out after deadline expired, passed 15.027s of 0.185s
execute run failed, err exec SELECT c_discount, c_last, c_credit, w_tax FROM customer, warehouse WHERE w_id = ? AND c_w_id = w_id AND c_d_id = ? AND c_id = ?(wID=1,dID=3,cID=1913) failed pq: LookupByIdRpc(tablet: 9ee6ee8da46b484cabd855e033f147b6, num_attempts: 2) failed: LookupByIdRpc(tablet: 9ee6ee8da46b484cabd855e033f147b6, num_attempts: 2) timed out after deadline expired, passed 15.027s of 0.185s
[Current] NEW_ORDER - Takes(s): 5.0, Count: 6, TPM: 71.5, Sum(ms): 71819.5, Avg(ms): 11966.7, 50th(ms): 14495.5, 90th(ms): 15032.4, 95th(ms): 15032.4, 99th(ms): 15032.4, 99.9th(ms): 15032.4, Max(ms): 15032.4
[Current] NEW_ORDER_ERR - Takes(s): 5.0, Count: 13, TPM: 155.0, Sum(ms): 180671.8, Avg(ms): 13896.7, 50th(ms): 13958.6, 90th(ms): 14495.5, 95th(ms): 14495.5, 99th(ms): 14495.5, 99.9th(ms): 14495.5, Max(ms): 14495.5
[Current] PAYMENT - Takes(s): 5.0, Count: 5, TPM: 60.2, Sum(ms): 70589.2, Avg(ms): 14227.1, 50th(ms): 14495.5, 90th(ms): 14495.5, 95th(ms): 14495.5, 99th(ms): 14495.5, 99.9th(ms): 14495.5, Max(ms): 14495.5
[Current] STOCK_LEVEL - Takes(s): 4.8, Count: 1, TPM: 12.5, Sum(ms): 31.1, Avg(ms): 30.9, 50th(ms): 31.5, 90th(ms): 31.5, 95th(ms): 31.5, 99th(ms): 31.5, 99.9th(ms): 31.5, Max(ms): 31.5
[2026-06-20 22:24:03] execute run failed, err exec SELECT c_discount, c_last, c_credit, w_tax FROM customer, warehouse WHERE w_id = ? AND c_w_id = w_id AND c_d_id = ? AND c_id = ?(wID=3,dID=7,cID=138) failed pq: LookupByIdRpc(tablet: 9ee6ee8da46b484cabd855e033f147b6, num_attempts: 2) failed: LookupByIdRpc(tablet: 9ee6ee8da46b484cabd855e033f147b6, num_attempts: 2) timed out after deadline expired, passed 15.055s of 0.159s
execute run failed, err exec SELECT c_discount, c_last, c_credit, w_tax FROM customer, warehouse WHERE w_id = ? AND c_w_id = w_id AND c_d_id = ? AND c_id = ?(wID=3,dID=7,cID=138) failed pq: LookupByIdRpc(tablet: 9ee6ee8da46b484cabd855e033f147b6, num_attempts: 2) failed: LookupByIdRpc(tablet: 9ee6ee8da46b484cabd855e033f147b6, num_attempts: 2) timed out after deadline expired, passed 15.055s of 0.159s
[2026-06-20 22:33:36] execute run failed, err exec UPDATE district SET d_ytd = d_ytd + ? WHERE d_w_id = ? AND d_id = ? failed pq: Timed out waiting kResponseSent, state: kProcessingRequest
[2026-06-20 22:33:36] execute run failed, err exec UPDATE district SET d_ytd = d_ytd + ? WHERE d_w_id = ? AND d_id = ? failed pq: Timed out waiting kResponseSent, state: kProcessingRequest
[2026-06-20 22:33:36] execute run failed, err exec UPDATE district SET d_ytd = d_ytd + ? WHERE d_w_id = ? AND d_id = ? failed pq: Timed out waiting kResponseSent, state: kProcessingRequest
[2026-06-20 22:33:36] execute run failed, err exec SELECT d_next_o_id, d_tax FROM district WHERE d_id = ? AND d_w_id = ? FOR UPDATE failed pq: Timed out waiting kResponseSent, state: kProcessingRequest
[2026-06-20 22:33:36] execute run failed, err exec UPDATE district SET d_ytd = d_ytd + ? WHERE d_w_id = ? AND d_id = ? failed pq: Timed out waiting kResponseSent, state: kProcessingRequest
[2026-06-20 22:33:36] execute run failed, err exec UPDATE district SET d_ytd = d_ytd + ? WHERE d_w_id = ? AND d_id = ? failed pq: Timed out waiting kResponseSent, state: kProcessingRequest
[2026-06-20 22:33:36] execute run failed, err exec UPDATE district SET d_ytd = d_ytd + ? WHERE d_w_id = ? AND d_id = ? failed pq: Timed out waiting kResponseSent, state: kProcessingRequest
[2026-06-20 22:33:36] execute run failed, err exec SELECT d_next_o_id, d_tax FROM district WHERE d_id = ? AND d_w_id = ? FOR UPDATE failed pq: Timed out waiting kResponseSent, state: kProcessingRequest
[2026-06-20 22:33:36] execute run failed, err exec SELECT d_next_o_id, d_tax FROM district WHERE d_id = ? AND d_w_id = ? FOR UPDATE failed pq: Timed out waiting kResponseSent, state: kProcessingRequest
[2026-06-20 22:33:36] execute run failed, err exec SELECT d_next_o_id, d_tax FROM district WHERE d_id = ? AND d_w_id = ? FOR UPDATE failed pq: Timed out waiting kResponseSent, state: kProcessingRequest
[2026-06-20 22:33:36] execute run failed, err exec UPDATE warehouse SET w_ytd = w_ytd + ? WHERE w_id = ? failed pq: Timed out waiting kResponseSent, state: kProcessingRequest
[2026-06-20 22:33:36] execute run failed, err exec UPDATE warehouse SET w_ytd = w_ytd + ? WHERE w_id = ? failed pq: Timed out waiting kResponseSent, state: kProcessingRequest
[2026-06-20 22:33:36] execute run failed, err exec SELECT d_next_o_id, d_tax FROM district WHERE d_id = ? AND d_w_id = ? FOR UPDATE failed pq: Timed out waiting kResponseSent, state: kProcessingRequest
[2026-06-20 22:33:36] execute run failed, err exec SELECT d_next_o_id, d_tax FROM district WHERE d_id = ? AND d_w_id = ? FOR UPDATE failed pq: Timed out waiting kResponseSent, state: kProcessingRequest
[2026-06-20 22:33:36] execute run failed, err exec UPDATE warehouse SET w_ytd = w_ytd + ? WHERE w_id = ? failed pq: Timed out waiting kResponseSent, state: kProcessingRequest
execute run failed, err exec UPDATE district SET d_ytd = d_ytd + ? WHERE d_w_id = ? AND d_id = ? failed pq: Timed out waiting kResponseSent, state: kProcessingRequest
[2026-06-20 22:33:36] execute run failed, err exec UPDATE warehouse SET w_ytd = w_ytd + ? WHERE w_id = ? failed pq: Timed out waiting kResponseSent, state: kProcessingRequest
execute run failed, err exec UPDATE district SET d_ytd = d_ytd + ? WHERE d_w_id = ? AND d_id = ? failed pq: Timed out waiting kResponseSent, state: kProcessingRequest
execute run failed, err exec UPDATE warehouse SET w_ytd = w_ytd + ? WHERE w_id = ? failed pq: Timed out waiting kResponseSent, state: kProcessingRequest
execute run failed, err exec UPDATE district SET d_ytd = d_ytd + ? WHERE d_w_id = ? AND d_id = ? failed pq: Timed out waiting kResponseSent, state: kProcessingRequest
execute run failed, err exec UPDATE district SET d_ytd = d_ytd + ? WHERE d_w_id = ? AND d_id = ? failed pq: Timed out waiting kResponseSent, state: kProcessingRequest
execute run failed, err exec SELECT d_next_o_id, d_tax FROM district WHERE d_id = ? AND d_w_id = ? FOR UPDATE failed pq: Timed out waiting kResponseSent, state: kProcessingRequest
execute run failed, err exec SELECT d_next_o_id, d_tax FROM district WHERE d_id = ? AND d_w_id = ? FOR UPDATE failed pq: Timed out waiting kResponseSent, state: kProcessingRequest
execute run failed, err exec UPDATE warehouse SET w_ytd = w_ytd + ? WHERE w_id = ? failed pq: Timed out waiting kResponseSent, state: kProcessingRequest
execute run failed, err exec SELECT d_next_o_id, d_tax FROM district WHERE d_id = ? AND d_w_id = ? FOR UPDATE failed pq: Timed out waiting kResponseSent, state: kProcessingRequest
execute run failed, err exec SELECT d_next_o_id, d_tax FROM district WHERE d_id = ? AND d_w_id = ? FOR UPDATE failed pq: Timed out waiting kResponseSent, state: kProcessingRequest
execute run failed, err exec UPDATE district SET d_ytd = d_ytd + ? WHERE d_w_id = ? AND d_id = ? failed pq: Timed out waiting kResponseSent, state: kProcessingRequest
execute run failed, err exec SELECT d_next_o_id, d_tax FROM district WHERE d_id = ? AND d_w_id = ? FOR UPDATE failed pq: Timed out waiting kResponseSent, state: kProcessingRequest
execute run failed, err exec SELECT d_next_o_id, d_tax FROM district WHERE d_id = ? AND d_w_id = ? FOR UPDATE failed pq: Timed out waiting kResponseSent, state: kProcessingRequest
execute run failed, err exec UPDATE district SET d_ytd = d_ytd + ? WHERE d_w_id = ? AND d_id = ? failed pq: Timed out waiting kResponseSent, state: kProcessingRequest
execute run failed, err exec UPDATE warehouse SET w_ytd = w_ytd + ? WHERE w_id = ? failed pq: Timed out waiting kResponseSent, state: kProcessingRequest
[2026-06-20 22:33:36] execute run failed, err exec UPDATE district SET d_ytd = d_ytd + ? WHERE d_w_id = ? AND d_id = ? failed pq: Timed out waiting kResponseSent, state: kProcessingRequest
[2026-06-20 22:33:36] execute run failed, err exec UPDATE district SET d_ytd = d_ytd + ? WHERE d_w_id = ? AND d_id = ? failed pq: Timed out waiting kResponseSent, state: kProcessingRequest
[2026-06-20 22:33:36] execute run failed, err exec UPDATE district SET d_ytd = d_ytd + ? WHERE d_w_id = ? AND d_id = ? failed pq: Timed out waiting kResponseSent, state: kProcessingRequest
[2026-06-20 22:33:36] execute run failed, err exec UPDATE district SET d_ytd = d_ytd + ? WHERE d_w_id = ? AND d_id = ? failed pq: Timed out waiting kResponseSent, state: kProcessingRequest
[2026-06-20 22:33:36] execute run failed, err exec SELECT d_next_o_id, d_tax FROM district WHERE d_id = ? AND d_w_id = ? FOR UPDATE failed pq: Timed out waiting kResponseSent, state: kProcessingRequest
[2026-06-20 22:33:36] execute run failed, err exec SELECT d_next_o_id, d_tax FROM district WHERE d_id = ? AND d_w_id = ? FOR UPDATE failed pq: Timed out waiting kResponseSent, state: kProcessingRequest
[2026-06-20 22:33:36] execute run failed, err exec SELECT d_next_o_id, d_tax FROM district WHERE d_id = ? AND d_w_id = ? FOR UPDATE failed pq: Timed out waiting kResponseSent, state: kProcessingRequest
[2026-06-20 22:33:36] execute run failed, err exec UPDATE warehouse SET w_ytd = w_ytd + ? WHERE w_id = ? failed pq: Timed out waiting kResponseSent, state: kProcessingRequest
[2026-06-20 22:33:36] execute run failed, err exec UPDATE warehouse SET w_ytd = w_ytd + ? WHERE w_id = ? failed pq: Timed out waiting kResponseSent, state: kProcessingRequest
[2026-06-20 22:33:36] execute run failed, err exec UPDATE warehouse SET w_ytd = w_ytd + ? WHERE w_id = ? failed pq: Timed out waiting kResponseSent, state: kProcessingRequest
[2026-06-20 22:33:36] execute run failed, err exec UPDATE warehouse SET w_ytd = w_ytd + ? WHERE w_id = ? failed pq: Timed out waiting kResponseSent, state: kProcessingRequest
[2026-06-20 22:33:36] execute run failed, err exec SELECT d_next_o_id, d_tax FROM district WHERE d_id = ? AND d_w_id = ? FOR UPDATE failed pq: Timed out waiting kResponseSent, state: kProcessingRequest
[2026-06-20 22:33:36] execute run failed, err exec UPDATE warehouse SET w_ytd = w_ytd + ? WHERE w_id = ? failed pq: Timed out waiting kResponseSent, state: kProcessingRequest
[2026-06-20 22:33:36] execute run failed, err exec UPDATE warehouse SET w_ytd = w_ytd + ? WHERE w_id = ? failed pq: Timed out waiting kResponseSent, state: kProcessingRequest
[2026-06-20 22:33:36] execute run failed, err exec UPDATE warehouse SET w_ytd = w_ytd + ? WHERE w_id = ? failed pq: Timed out waiting kResponseSent, state: kProcessingRequest
[2026-06-20 22:33:36] execute run failed, err exec UPDATE warehouse SET w_ytd = w_ytd + ? WHERE w_id = ? failed pq: Timed out waiting kResponseSent, state: kProcessingRequest
[2026-06-20 22:33:36] execute run failed, err exec UPDATE warehouse SET w_ytd = w_ytd + ? WHERE w_id = ? failed pq: Timed out waiting kResponseSent, state: kProcessingRequest
[2026-06-20 22:33:36] execute run failed, err exec UPDATE warehouse SET w_ytd = w_ytd + ? WHERE w_id = ? failed pq: Timed out waiting kResponseSent, state: kProcessingRequest
[2026-06-20 22:33:36] execute run failed, err exec UPDATE warehouse SET w_ytd = w_ytd + ? WHERE w_id = ? failed pq: Timed out waiting kResponseSent, state: kProcessingRequest
[2026-06-20 22:33:36] execute run failed, err exec UPDATE warehouse SET w_ytd = w_ytd + ? WHERE w_id = ? failed pq: Timed out waiting kResponseSent, state: kProcessingRequest
execute run failed, err exec UPDATE warehouse SET w_ytd = w_ytd + ? WHERE w_id = ? failed pq: Timed out waiting kResponseSent, state: kProcessingRequest
execute run failed, err exec SELECT d_next_o_id, d_tax FROM district WHERE d_id = ? AND d_w_id = ? FOR UPDATE failed pq: Timed out waiting kResponseSent, state: kProcessingRequest
execute run failed, err exec SELECT d_next_o_id, d_tax FROM district WHERE d_id = ? AND d_w_id = ? FOR UPDATE failed pq: Timed out waiting kResponseSent, state: kProcessingRequest
execute run failed, err exec UPDATE warehouse SET w_ytd = w_ytd + ? WHERE w_id = ? failed pq: Timed out waiting kResponseSent, state: kProcessingRequest
execute run failed, err exec SELECT d_next_o_id, d_tax FROM district WHERE d_id = ? AND d_w_id = ? FOR UPDATE failed pq: Timed out waiting kResponseSent, state: kProcessingRequest
execute run failed, err exec UPDATE warehouse SET w_ytd = w_ytd + ? WHERE w_id = ? failed pq: Timed out waiting kResponseSent, state: kProcessingRequest
execute run failed, err exec UPDATE district SET d_ytd = d_ytd + ? WHERE d_w_id = ? AND d_id = ? failed pq: Timed out waiting kResponseSent, state: kProcessingRequest
execute run failed, err exec UPDATE district SET d_ytd = d_ytd + ? WHERE d_w_id = ? AND d_id = ? failed pq: Timed out waiting kResponseSent, state: kProcessingRequest
execute run failed, err exec UPDATE warehouse SET w_ytd = w_ytd + ? WHERE w_id = ? failed pq: Timed out waiting kResponseSent, state: kProcessingRequest
execute run failed, err exec UPDATE warehouse SET w_ytd = w_ytd + ? WHERE w_id = ? failed pq: Timed out waiting kResponseSent, state: kProcessingRequest
execute run failed, err exec UPDATE warehouse SET w_ytd = w_ytd + ? WHERE w_id = ? failed pq: Timed out waiting kResponseSent, state: kProcessingRequest
execute run failed, err exec UPDATE warehouse SET w_ytd = w_ytd + ? WHERE w_id = ? failed pq: Timed out waiting kResponseSent, state: kProcessingRequest
execute run failed, err exec UPDATE district SET d_ytd = d_ytd + ? WHERE d_w_id = ? AND d_id = ? failed pq: Timed out waiting kResponseSent, state: kProcessingRequest
execute run failed, err exec UPDATE warehouse SET w_ytd = w_ytd + ? WHERE w_id = ? failed pq: Timed out waiting kResponseSent, state: kProcessingRequest
execute run failed, err exec SELECT d_next_o_id, d_tax FROM district WHERE d_id = ? AND d_w_id = ? FOR UPDATE failed pq: Timed out waiting kResponseSent, state: kProcessingRequest
execute run failed, err exec UPDATE warehouse SET w_ytd = w_ytd + ? WHERE w_id = ? failed pq: Timed out waiting kResponseSent, state: kProcessingRequest
execute run failed, err exec UPDATE district SET d_ytd = d_ytd + ? WHERE d_w_id = ? AND d_id = ? failed pq: Timed out waiting kResponseSent, state: kProcessingRequest
execute run failed, err exec UPDATE warehouse SET w_ytd = w_ytd + ? WHERE w_id = ? failed pq: Timed out waiting kResponseSent, state: kProcessingRequest
execute run failed, err exec UPDATE warehouse SET w_ytd = w_ytd + ? WHERE w_id = ? failed pq: Timed out waiting kResponseSent, state: kProcessingRequest
execute run failed, err exec UPDATE warehouse SET w_ytd = w_ytd + ? WHERE w_id = ? failed pq: Timed out waiting kResponseSent, state: kProcessingRequest
execute run failed, err exec UPDATE warehouse SET w_ytd = w_ytd + ? WHERE w_id = ? failed pq: Timed out waiting kResponseSent, state: kProcessingRequest
[2026-06-20 22:33:37] execute run failed, err exec UPDATE warehouse SET w_ytd = w_ytd + ? WHERE w_id = ? failed pq: Timed out waiting kResponseSent, state: kProcessingRequest
[2026-06-20 22:33:37] execute run failed, err exec UPDATE warehouse SET w_ytd = w_ytd + ? WHERE w_id = ? failed pq: Timed out waiting kResponseSent, state: kProcessingRequest
execute run failed, err exec UPDATE warehouse SET w_ytd = w_ytd + ? WHERE w_id = ? failed pq: Timed out waiting kResponseSent, state: kProcessingRequest
execute run failed, err exec UPDATE warehouse SET w_ytd = w_ytd + ? WHERE w_id = ? failed pq: Timed out waiting kResponseSent, state: kProcessingRequest
[2026-06-20 22:33:50] execute run failed, err exec UPDATE district SET d_ytd = d_ytd + ? WHERE d_w_id = ? AND d_id = ? failed pq: Timed out waiting kResponseSent, state: kProcessingRequest
[2026-06-20 22:33:50] execute run failed, err exec UPDATE district SET d_ytd = d_ytd + ? WHERE d_w_id = ? AND d_id = ? failed pq: Timed out waiting kResponseSent, state: kProcessingRequest
[2026-06-20 22:33:50] execute run failed, err exec SELECT d_next_o_id, d_tax FROM district WHERE d_id = ? AND d_w_id = ? FOR UPDATE failed pq: Timed out waiting kResponseSent, state: kProcessingRequest
[2026-06-20 22:33:50] execute run failed, err exec SELECT d_next_o_id, d_tax FROM district WHERE d_id = ? AND d_w_id = ? FOR UPDATE failed pq: Timed out waiting kResponseSent, state: kProcessingRequest
[2026-06-20 22:33:50] execute run failed, err exec UPDATE warehouse SET w_ytd = w_ytd + ? WHERE w_id = ? failed pq: Timed out waiting kResponseSent, state: kProcessingRequest
[2026-06-20 22:33:50] execute run failed, err exec UPDATE warehouse SET w_ytd = w_ytd + ? WHERE w_id = ? failed pq: Timed out waiting kResponseSent, state: kProcessingRequest
[2026-06-20 22:33:50] execute run failed, err exec UPDATE warehouse SET w_ytd = w_ytd + ? WHERE w_id = ? failed pq: Timed out waiting kResponseSent, state: kProcessingRequest
[2026-06-20 22:33:50] execute run failed, err exec UPDATE warehouse SET w_ytd = w_ytd + ? WHERE w_id = ? failed pq: Timed out waiting kResponseSent, state: kProcessingRequest
[2026-06-20 22:33:50] execute run failed, err exec UPDATE warehouse SET w_ytd = w_ytd + ? WHERE w_id = ? failed pq: Timed out waiting kResponseSent, state: kProcessingRequest
[2026-06-20 22:33:50] execute run failed, err exec UPDATE warehouse SET w_ytd = w_ytd + ? WHERE w_id = ? failed pq: Timed out waiting kResponseSent, state: kProcessingRequest
execute run failed, err exec UPDATE district SET d_ytd = d_ytd + ? WHERE d_w_id = ? AND d_id = ? failed pq: Timed out waiting kResponseSent, state: kProcessingRequest
execute run failed, err exec SELECT d_next_o_id, d_tax FROM district WHERE d_id = ? AND d_w_id = ? FOR UPDATE failed pq: Timed out waiting kResponseSent, state: kProcessingRequest
execute run failed, err exec UPDATE district SET d_ytd = d_ytd + ? WHERE d_w_id = ? AND d_id = ? failed pq: Timed out waiting kResponseSent, state: kProcessingRequest
execute run failed, err exec UPDATE warehouse SET w_ytd = w_ytd + ? WHERE w_id = ? failed pq: Timed out waiting kResponseSent, state: kProcessingRequest
execute run failed, err exec UPDATE warehouse SET w_ytd = w_ytd + ? WHERE w_id = ? failed pq: Timed out waiting kResponseSent, state: kProcessingRequest
execute run failed, err exec UPDATE warehouse SET w_ytd = w_ytd + ? WHERE w_id = ? failed pq: Timed out waiting kResponseSent, state: kProcessingRequest
execute run failed, err exec UPDATE warehouse SET w_ytd = w_ytd + ? WHERE w_id = ? failed pq: Timed out waiting kResponseSent, state: kProcessingRequest
execute run failed, err exec UPDATE warehouse SET w_ytd = w_ytd + ? WHERE w_id = ? failed pq: Timed out waiting kResponseSent, state: kProcessingRequest
execute run failed, err exec SELECT d_next_o_id, d_tax FROM district WHERE d_id = ? AND d_w_id = ? FOR UPDATE failed pq: Timed out waiting kResponseSent, state: kProcessingRequest
execute run failed, err exec UPDATE warehouse SET w_ytd = w_ytd + ? WHERE w_id = ? failed pq: Timed out waiting kResponseSent, state: kProcessingRequest
[2026-06-20 22:43:38] execute run failed, err exec UPDATE warehouse SET w_ytd = w_ytd + ? WHERE w_id = ? failed pq: Timed out waiting kResponseSent, state: kProcessingRequest
execute run failed, err exec UPDATE warehouse SET w_ytd = w_ytd + ? WHERE w_id = ? failed pq: Timed out waiting kResponseSent, state: kProcessingRequest
[2026-06-20 22:43:39] execute run failed, err exec UPDATE warehouse SET w_ytd = w_ytd + ? WHERE w_id = ? failed pq: Timed out waiting kResponseSent, state: kProcessingRequest
execute run failed, err exec UPDATE warehouse SET w_ytd = w_ytd + ? WHERE w_id = ? failed pq: Timed out waiting kResponseSent, state: kProcessingRequest
Finished
[Summary] DELIVERY - Takes(s): 1204.3, Count: 3, TPM: 0.1, Sum(ms): 2854.8, Avg(ms): 950.7, 50th(ms): 805.3, 90th(ms): 1476.4, 95th(ms): 1476.4, 99th(ms): 1476.4, 99.9th(ms): 1476.4, Max(ms): 1476.4
[Summary] NEW_ORDER - Takes(s): 1204.7, Count: 27, TPM: 1.3, Sum(ms): 79307.1, Avg(ms): 2935.9, 50th(ms): 385.9, 90th(ms): 14495.5, 95th(ms): 15032.4, 99th(ms): 15032.4, 99.9th(ms): 15032.4, Max(ms): 15032.4
[Summary] NEW_ORDER_ERR - Takes(s): 1204.7, Count: 26, TPM: 1.3, Sum(ms): 7445328.2, Avg(ms): 14825.9, 50th(ms): 14495.5, 90th(ms): 16106.1, 95th(ms): 16106.1, 99th(ms): 16106.1, 99.9th(ms): 16106.1, Max(ms): 16106.1
[Summary] ORDER_STATUS - Takes(s): 1204.8, Count: 9, TPM: 0.4, Sum(ms): 1089.9, Avg(ms): 121.8, 50th(ms): 56.6, 90th(ms): 234.9, 95th(ms): 268.4, 99th(ms): 268.4, 99.9th(ms): 268.4, Max(ms): 268.4
[Summary] PAYMENT - Takes(s): 1204.8, Count: 9, TPM: 0.4, Sum(ms): 71825.2, Avg(ms): 8040.5, 50th(ms): 14495.5, 90th(ms): 14495.5, 95th(ms): 14495.5, 99th(ms): 14495.5, 99.9th(ms): 14495.5, Max(ms): 14495.5
[Summary] PAYMENT_ERR - Takes(s): 1204.8, Count: 38, TPM: 1.9, Sum(ms): 24060948.9, Avg(ms): 15837.7, 50th(ms): 16106.1, 90th(ms): 16106.1, 95th(ms): 16106.1, 99th(ms): 16106.1, 99.9th(ms): 16106.1, Max(ms): 16106.1
[Summary] STOCK_LEVEL - Takes(s): 1204.9, Count: 4, TPM: 0.2, Sum(ms): 617.7, Avg(ms): 153.5, 50th(ms): 176.2, 90th(ms): 234.9, 95th(ms): 234.9, 99th(ms): 234.9, 99.9th(ms): 234.9, Max(ms): 234.9
tpmC: 1.3, tpmTotal: 2.6, efficiency: 2.6%
