2026/06/22 23:46:45 maxprocs: Leaving GOMAXPROCS=4: CPU quota undefined
[Current] DELIVERY - Takes(s): 6.9, Count: 8, TPM: 69.5, Sum(ms): 5288.3, Avg(ms): 666.2, 50th(ms): 570.4, 90th(ms): 1208.0, 95th(ms): 1208.0, 99th(ms): 1208.0, 99.9th(ms): 1208.0, Max(ms): 1208.0
[Current] NEW_ORDER - Takes(s): 6.8, Count: 61, TPM: 535.4, Sum(ms): 71095.4, Avg(ms): 1169.5, 50th(ms): 436.2, 90th(ms): 3892.3, 95th(ms): 5368.7, 99th(ms): 7784.6, 99.9th(ms): 7784.6, Max(ms): 7784.6
[Current] ORDER_STATUS - Takes(s): 7.2, Count: 8, TPM: 66.4, Sum(ms): 3761.8, Avg(ms): 472.1, 50th(ms): 243.3, 90th(ms): 838.9, 95th(ms): 872.4, 99th(ms): 872.4, 99.9th(ms): 872.4, Max(ms): 872.4
[Current] PAYMENT - Takes(s): 7.0, Count: 47, TPM: 401.1, Sum(ms): 78982.0, Avg(ms): 1689.0, 50th(ms): 1140.9, 90th(ms): 4295.0, 95th(ms): 6442.5, 99th(ms): 8053.1, 99.9th(ms): 8053.1, Max(ms): 8053.1
[Current] STOCK_LEVEL - Takes(s): 7.3, Count: 5, TPM: 41.0, Sum(ms): 2679.5, Avg(ms): 535.2, 50th(ms): 738.2, 90th(ms): 771.8, 95th(ms): 771.8, 99th(ms): 771.8, 99.9th(ms): 771.8, Max(ms): 771.8
[Current] NEW_ORDER - Takes(s): 9.9, Count: 3, TPM: 18.2, Sum(ms): 163.1, Avg(ms): 54.0, 50th(ms): 41.9, 90th(ms): 96.5, 95th(ms): 96.5, 99th(ms): 96.5, 99.9th(ms): 96.5, Max(ms): 96.5
[Current] ORDER_STATUS - Takes(s): 9.9, Count: 1, TPM: 6.1, Sum(ms): 226.3, Avg(ms): 222.3, 50th(ms): 226.5, 90th(ms): 226.5, 95th(ms): 226.5, 99th(ms): 226.5, 99.9th(ms): 226.5, Max(ms): 226.5
[Current] PAYMENT - Takes(s): 9.9, Count: 8, TPM: 48.4, Sum(ms): 15395.4, Avg(ms): 1935.3, 50th(ms): 13.1, 90th(ms): 6979.3, 95th(ms): 8589.9, 99th(ms): 8589.9, 99.9th(ms): 8589.9, Max(ms): 8589.9
[Current] STOCK_LEVEL - Takes(s): 10.0, Count: 1, TPM: 6.0, Sum(ms): 215.3, Avg(ms): 213.9, 50th(ms): 218.1, 90th(ms): 218.1, 95th(ms): 218.1, 99th(ms): 218.1, 99.9th(ms): 218.1, Max(ms): 218.1
[2026-06-22 23:47:10] execute run failed, err exec SELECT d_next_o_id, d_tax FROM district WHERE d_id = ? AND d_w_id = ? FOR UPDATE failed pq: LookupByIdRpc(tablet: d5f6666897464f9ca376a87d765c04cf, num_attempts: 2) failed: LookupByIdRpc(tablet: d5f6666897464f9ca376a87d765c04cf, num_attempts: 2) timed out after deadline expired, passed 15.042s of 4.946s
execute run failed, err exec SELECT d_next_o_id, d_tax FROM district WHERE d_id = ? AND d_w_id = ? FOR UPDATE failed pq: LookupByIdRpc(tablet: d5f6666897464f9ca376a87d765c04cf, num_attempts: 2) failed: LookupByIdRpc(tablet: d5f6666897464f9ca376a87d765c04cf, num_attempts: 2) timed out after deadline expired, passed 15.042s of 4.946s
[Current] DELIVERY - Takes(s): 5.1, Count: 3, TPM: 35.3, Sum(ms): 1037.1, Avg(ms): 344.3, 50th(ms): 436.2, 90th(ms): 570.4, 95th(ms): 570.4, 99th(ms): 570.4, 99.9th(ms): 570.4, Max(ms): 570.4
[Current] NEW_ORDER - Takes(s): 5.8, Count: 11, TPM: 114.6, Sum(ms): 102709.3, Avg(ms): 7192.6, 50th(ms): 486.5, 90th(ms): 16106.1, 95th(ms): 16106.1, 99th(ms): 16106.1, 99.9th(ms): 16106.1, Max(ms): 16106.1
[Current] NEW_ORDER_ERR - Takes(s): 5.8, Count: 1, TPM: 10.4, Sum(ms): 19099.3, Avg(ms): 15837.7, 50th(ms): 16106.1, 90th(ms): 16106.1, 95th(ms): 16106.1, 99th(ms): 16106.1, 99.9th(ms): 16106.1, Max(ms): 16106.1
[Current] ORDER_STATUS - Takes(s): 5.3, Count: 2, TPM: 22.7, Sum(ms): 240.8, Avg(ms): 121.5, 50th(ms): 12.6, 90th(ms): 234.9, 95th(ms): 234.9, 99th(ms): 234.9, 99.9th(ms): 234.9, Max(ms): 234.9
[Current] PAYMENT - Takes(s): 5.7, Count: 25, TPM: 261.2, Sum(ms): 203161.7, Avg(ms): 6339.0, 50th(ms): 121.6, 90th(ms): 16106.1, 95th(ms): 16106.1, 99th(ms): 16106.1, 99.9th(ms): 16106.1, Max(ms): 16106.1
[Current] STOCK_LEVEL - Takes(s): 5.2, Count: 1, TPM: 11.5, Sum(ms): 480.7, Avg(ms): 478.2, 50th(ms): 486.5, 90th(ms): 486.5, 95th(ms): 486.5, 99th(ms): 486.5, 99.9th(ms): 486.5, Max(ms): 486.5
[2026-06-22 23:47:25] execute run failed, err exec SELECT d_next_o_id, d_tax FROM district WHERE d_id = ? AND d_w_id = ? FOR UPDATE failed pq: LookupByIdRpc(tablet: d5f6666897464f9ca376a87d765c04cf, num_attempts: 2) failed: LookupByIdRpc(tablet: d5f6666897464f9ca376a87d765c04cf, num_attempts: 2) timed out after deadline expired, passed 15.015s of 4.906s
execute run failed, err exec SELECT d_next_o_id, d_tax FROM district WHERE d_id = ? AND d_w_id = ? FOR UPDATE failed pq: LookupByIdRpc(tablet: d5f6666897464f9ca376a87d765c04cf, num_attempts: 2) failed: LookupByIdRpc(tablet: d5f6666897464f9ca376a87d765c04cf, num_attempts: 2) timed out after deadline expired, passed 15.015s of 4.906s
[Current] DELIVERY - Takes(s): 0.5, Count: 3, TPM: 351.0, Sum(ms): 691.1, Avg(ms): 229.3, 50th(ms): 209.7, 90th(ms): 285.2, 95th(ms): 285.2, 99th(ms): 285.2, 99.9th(ms): 285.2, Max(ms): 285.2
[Current] NEW_ORDER - Takes(s): 0.7, Count: 30, TPM: 2436.2, Sum(ms): 226181.7, Avg(ms): 3695.1, 50th(ms): 35.7, 90th(ms): 16106.1, 95th(ms): 16106.1, 99th(ms): 16106.1, 99.9th(ms): 16106.1, Max(ms): 16106.1
[Current] NEW_ORDER_ERR - Takes(s): 0.7, Count: 1, TPM: 81.2, Sum(ms): 13789.0, Avg(ms): 13690.2, 50th(ms): 13958.6, 90th(ms): 13958.6, 95th(ms): 13958.6, 99th(ms): 13958.6, 99.9th(ms): 13958.6, Max(ms): 13958.6
[Current] PAYMENT - Takes(s): 0.7, Count: 20, TPM: 1661.3, Sum(ms): 100909.7, Avg(ms): 3684.5, 50th(ms): 14.7, 90th(ms): 15032.4, 95th(ms): 16106.1, 99th(ms): 16106.1, 99.9th(ms): 16106.1, Max(ms): 16106.1
[Current] STOCK_LEVEL - Takes(s): 0.4, Count: 2, TPM: 287.6, Sum(ms): 282.7, Avg(ms): 143.7, 50th(ms): 75.5, 90th(ms): 218.1, 95th(ms): 218.1, 99th(ms): 218.1, 99.9th(ms): 218.1, Max(ms): 218.1
[Current] DELIVERY - Takes(s): 9.6, Count: 1, TPM: 6.3, Sum(ms): 434.3, Avg(ms): 427.8, 50th(ms): 436.2, 90th(ms): 436.2, 95th(ms): 436.2, 99th(ms): 436.2, 99.9th(ms): 436.2, Max(ms): 436.2
[Current] NEW_ORDER - Takes(s): 9.5, Count: 2, TPM: 12.6, Sum(ms): 60.9, Avg(ms): 30.1, 50th(ms): 26.2, 90th(ms): 35.7, 95th(ms): 35.7, 99th(ms): 35.7, 99.9th(ms): 35.7, Max(ms): 35.7
[Current] PAYMENT - Takes(s): 10.0, Count: 4, TPM: 24.0, Sum(ms): 50.5, Avg(ms): 12.6, 50th(ms): 12.6, 90th(ms): 13.6, 95th(ms): 13.6, 99th(ms): 13.6, 99.9th(ms): 13.6, Max(ms): 13.6
[Current] STOCK_LEVEL - Takes(s): 9.4, Count: 1, TPM: 6.4, Sum(ms): 71.8, Avg(ms): 73.4, 50th(ms): 75.5, 90th(ms): 75.5, 95th(ms): 75.5, 99th(ms): 75.5, 99.9th(ms): 75.5, Max(ms): 75.5
[Current] DELIVERY - Takes(s): 5.2, Count: 3, TPM: 34.4, Sum(ms): 1162.4, Avg(ms): 388.7, 50th(ms): 436.2, 90th(ms): 453.0, 95th(ms): 453.0, 99th(ms): 453.0, 99.9th(ms): 453.0, Max(ms): 453.0
[Current] NEW_ORDER - Takes(s): 5.7, Count: 20, TPM: 210.2, Sum(ms): 106526.7, Avg(ms): 2412.1, 50th(ms): 50.3, 90th(ms): 15032.4, 95th(ms): 16106.1, 99th(ms): 16106.1, 99.9th(ms): 16106.1, Max(ms): 16106.1
[Current] ORDER_STATUS - Takes(s): 5.7, Count: 4, TPM: 42.0, Sum(ms): 785.0, Avg(ms): 200.7, 50th(ms): 88.1, 90th(ms): 637.5, 95th(ms): 637.5, 99th(ms): 637.5, 99.9th(ms): 637.5, Max(ms): 637.5
[Current] PAYMENT - Takes(s): 5.7, Count: 20, TPM: 209.8, Sum(ms): 283451.1, Avg(ms): 5483.3, 50th(ms): 130.0, 90th(ms): 16106.1, 95th(ms): 16106.1, 99th(ms): 16106.1, 99.9th(ms): 16106.1, Max(ms): 16106.1
[Current] STOCK_LEVEL - Takes(s): 5.6, Count: 3, TPM: 31.9, Sum(ms): 654.3, Avg(ms): 221.2, 50th(ms): 226.5, 90th(ms): 385.9, 95th(ms): 385.9, 99th(ms): 385.9, 99.9th(ms): 385.9, Max(ms): 385.9
[Current] NEW_ORDER - Takes(s): 0.6, Count: 15, TPM: 1479.1, Sum(ms): 217278.9, Avg(ms): 4144.7, 50th(ms): 39.8, 90th(ms): 16106.1, 95th(ms): 16106.1, 99th(ms): 16106.1, 99.9th(ms): 16106.1, Max(ms): 16106.1
[Current] ORDER_STATUS - Takes(s): 0.6, Count: 5, TPM: 499.3, Sum(ms): 540.3, Avg(ms): 108.8, 50th(ms): 56.6, 90th(ms): 385.9, 95th(ms): 385.9, 99th(ms): 385.9, 99.9th(ms): 385.9, Max(ms): 385.9
[Current] PAYMENT - Takes(s): 0.6, Count: 19, TPM: 1763.3, Sum(ms): 339888.0, Avg(ms): 7260.5, 50th(ms): 121.6, 90th(ms): 16106.1, 95th(ms): 16106.1, 99th(ms): 16106.1, 99.9th(ms): 16106.1, Max(ms): 16106.1
[Current] STOCK_LEVEL - Takes(s): 0.6, Count: 3, TPM: 299.3, Sum(ms): 639.3, Avg(ms): 213.5, 50th(ms): 226.5, 90th(ms): 419.4, 95th(ms): 419.4, 99th(ms): 419.4, 99.9th(ms): 419.4, Max(ms): 419.4
[Current] NEW_ORDER - Takes(s): 5.6, Count: 16, TPM: 171.6, Sum(ms): 104614.8, Avg(ms): 2967.9, 50th(ms): 44.0, 90th(ms): 15569.3, 95th(ms): 16106.1, 99th(ms): 16106.1, 99.9th(ms): 16106.1, Max(ms): 16106.1
[Current] PAYMENT - Takes(s): 5.6, Count: 10, TPM: 106.9, Sum(ms): 59224.4, Avg(ms): 3073.7, 50th(ms): 15.7, 90th(ms): 15032.4, 95th(ms): 16106.1, 99th(ms): 16106.1, 99.9th(ms): 16106.1, Max(ms): 16106.1
[Current] NEW_ORDER - Takes(s): 0.5, Count: 14, TPM: 1562.4, Sum(ms): 156408.5, Avg(ms): 2306.0, 50th(ms): 50.3, 90th(ms): 16106.1, 95th(ms): 16106.1, 99th(ms): 16106.1, 99.9th(ms): 16106.1, Max(ms): 16106.1
[Current] PAYMENT - Takes(s): 0.5, Count: 17, TPM: 1865.4, Sum(ms): 231427.5, Avg(ms): 5485.6, 50th(ms): 26.2, 90th(ms): 16106.1, 95th(ms): 16106.1, 99th(ms): 16106.1, 99.9th(ms): 16106.1, Max(ms): 16106.1
[Current] DELIVERY - Takes(s): 9.6, Count: 1, TPM: 6.3, Sum(ms): 212.2, Avg(ms): 213.9, 50th(ms): 218.1, 90th(ms): 218.1, 95th(ms): 218.1, 99th(ms): 218.1, 99.9th(ms): 218.1, Max(ms): 218.1
[Current] NEW_ORDER - Takes(s): 9.8, Count: 4, TPM: 24.4, Sum(ms): 470.0, Avg(ms): 118.1, 50th(ms): 39.8, 90th(ms): 369.1, 95th(ms): 369.1, 99th(ms): 369.1, 99.9th(ms): 369.1, Max(ms): 369.1
[Current] ORDER_STATUS - Takes(s): 9.8, Count: 2, TPM: 12.3, Sum(ms): 344.3, Avg(ms): 173.9, 50th(ms): 4.2, 90th(ms): 352.3, 95th(ms): 352.3, 99th(ms): 352.3, 99.9th(ms): 352.3, Max(ms): 352.3
[Current] PAYMENT - Takes(s): 9.8, Count: 4, TPM: 24.5, Sum(ms): 51.3, Avg(ms): 12.7, 50th(ms): 13.1, 90th(ms): 13.6, 95th(ms): 13.6, 99th(ms): 13.6, 99.9th(ms): 13.6, Max(ms): 13.6
[Current] NEW_ORDER - Takes(s): 0.4, Count: 9, TPM: 1281.0, Sum(ms): 368655.3, Avg(ms): 5304.5, 50th(ms): 44.0, 90th(ms): 16106.1, 95th(ms): 16106.1, 99th(ms): 16106.1, 99.9th(ms): 16106.1, Max(ms): 16106.1
[Current] PAYMENT - Takes(s): 0.4, Count: 6, TPM: 823.1, Sum(ms): 194998.8, Avg(ms): 5289.7, 50th(ms): 16.3, 90th(ms): 16106.1, 95th(ms): 16106.1, 99th(ms): 16106.1, 99.9th(ms): 16106.1, Max(ms): 16106.1
[Current] DELIVERY - Takes(s): 5.0, Count: 3, TPM: 36.4, Sum(ms): 1296.0, Avg(ms): 427.8, 50th(ms): 436.2, 90th(ms): 436.2, 95th(ms): 436.2, 99th(ms): 436.2, 99.9th(ms): 436.2, Max(ms): 436.2
[Current] NEW_ORDER - Takes(s): 5.4, Count: 22, TPM: 245.0, Sum(ms): 719659.8, Avg(ms): 3651.5, 50th(ms): 41.9, 90th(ms): 16106.1, 95th(ms): 16106.1, 99th(ms): 16106.1, 99.9th(ms): 16106.1, Max(ms): 16106.1
[Current] ORDER_STATUS - Takes(s): 4.4, Count: 1, TPM: 13.7, Sum(ms): 88.7, Avg(ms): 90.2, 50th(ms): 92.3, 90th(ms): 92.3, 95th(ms): 92.3, 99th(ms): 92.3, 99.9th(ms): 92.3, Max(ms): 92.3
[Current] PAYMENT - Takes(s): 5.4, Count: 23, TPM: 255.4, Sum(ms): 200511.0, Avg(ms): 1984.9, 50th(ms): 14.7, 90th(ms): 15032.4, 95th(ms): 15032.4, 99th(ms): 16106.1, 99.9th(ms): 16106.1, Max(ms): 16106.1
[Current] STOCK_LEVEL - Takes(s): 4.7, Count: 1, TPM: 12.9, Sum(ms): 723.9, Avg(ms): 721.4, 50th(ms): 738.2, 90th(ms): 738.2, 95th(ms): 738.2, 99th(ms): 738.2, 99.9th(ms): 738.2, Max(ms): 738.2
[Current] DELIVERY - Takes(s): 0.1, Count: 1, TPM: 595.4, Sum(ms): 51.4, Avg(ms): 51.4, 50th(ms): 52.4, 90th(ms): 52.4, 95th(ms): 52.4, 99th(ms): 52.4, 99.9th(ms): 52.4, Max(ms): 52.4
[Current] NEW_ORDER - Takes(s): 0.3, Count: 12, TPM: 2159.5, Sum(ms): 89971.8, Avg(ms): 1377.7, 50th(ms): 46.1, 90th(ms): 209.7, 95th(ms): 209.7, 99th(ms): 16106.1, 99.9th(ms): 16106.1, Max(ms): 16106.1
[Current] ORDER_STATUS - Takes(s): 0.3, Count: 2, TPM: 423.7, Sum(ms): 81.6, Avg(ms): 40.2, 50th(ms): 7.3, 90th(ms): 75.5, 95th(ms): 75.5, 99th(ms): 75.5, 99.9th(ms): 75.5, Max(ms): 75.5
[Current] PAYMENT - Takes(s): 0.4, Count: 6, TPM: 985.3, Sum(ms): 393379.1, Avg(ms): 10204.6, 50th(ms): 15032.4, 90th(ms): 16106.1, 95th(ms): 16106.1, 99th(ms): 16106.1, 99.9th(ms): 16106.1, Max(ms): 16106.1
[Current] STOCK_LEVEL - Takes(s): 0.0, Count: 1, TPM: 10600.9, Sum(ms): 63.5, Avg(ms): 64.0, 50th(ms): 65.0, 90th(ms): 65.0, 95th(ms): 65.0, 99th(ms): 65.0, 99.9th(ms): 65.0, Max(ms): 65.0
[Current] DELIVERY - Takes(s): 10.0, Count: 2, TPM: 12.0, Sum(ms): 267.4, Avg(ms): 132.6, 50th(ms): 60.8, 90th(ms): 209.7, 95th(ms): 209.7, 99th(ms): 209.7, 99.9th(ms): 209.7, Max(ms): 209.7
[Current] NEW_ORDER - Takes(s): 10.0, Count: 4, TPM: 24.0, Sum(ms): 136.5, Avg(ms): 34.1, 50th(ms): 32.5, 90th(ms): 44.0, 95th(ms): 44.0, 99th(ms): 44.0, 99.9th(ms): 44.0, Max(ms): 44.0
[Current] PAYMENT - Takes(s): 10.0, Count: 4, TPM: 24.1, Sum(ms): 54.1, Avg(ms): 13.5, 50th(ms): 12.6, 90th(ms): 15.7, 95th(ms): 15.7, 99th(ms): 15.7, 99.9th(ms): 15.7, Max(ms): 15.7
[Current] STOCK_LEVEL - Takes(s): 9.9, Count: 2, TPM: 12.1, Sum(ms): 67.6, Avg(ms): 33.7, 50th(ms): 5.8, 90th(ms): 62.9, 95th(ms): 62.9, 99th(ms): 62.9, 99.9th(ms): 62.9, Max(ms): 62.9
[2026-06-22 23:50:10] execute run failed, err exec SELECT d_next_o_id, d_tax FROM district WHERE d_id = ? AND d_w_id = ? FOR UPDATE failed pq: LookupByIdRpc(tablet: d5f6666897464f9ca376a87d765c04cf, num_attempts: 2) failed: LookupByIdRpc(tablet: d5f6666897464f9ca376a87d765c04cf, num_attempts: 2) timed out after deadline expired, passed 15.074s of 4.592s
execute run failed, err exec SELECT d_next_o_id, d_tax FROM district WHERE d_id = ? AND d_w_id = ? FOR UPDATE failed pq: LookupByIdRpc(tablet: d5f6666897464f9ca376a87d765c04cf, num_attempts: 2) failed: LookupByIdRpc(tablet: d5f6666897464f9ca376a87d765c04cf, num_attempts: 2) timed out after deadline expired, passed 15.074s of 4.592s
[Current] NEW_ORDER - Takes(s): 5.3, Count: 7, TPM: 79.0, Sum(ms): 542067.6, Avg(ms): 6814.8, 50th(ms): 60.8, 90th(ms): 16106.1, 95th(ms): 16106.1, 99th(ms): 16106.1, 99.9th(ms): 16106.1, Max(ms): 16106.1
[Current] NEW_ORDER_ERR - Takes(s): 5.3, Count: 1, TPM: 11.3, Sum(ms): 14858.7, Avg(ms): 14764.0, 50th(ms): 15032.4, 90th(ms): 15032.4, 95th(ms): 15032.4, 99th(ms): 15032.4, 99.9th(ms): 15032.4, Max(ms): 15032.4
[Current] ORDER_STATUS - Takes(s): 5.1, Count: 1, TPM: 11.9, Sum(ms): 229.9, Avg(ms): 230.7, 50th(ms): 234.9, 90th(ms): 234.9, 95th(ms): 234.9, 99th(ms): 234.9, 99.9th(ms): 234.9, Max(ms): 234.9
[Current] PAYMENT - Takes(s): 5.3, Count: 7, TPM: 79.5, Sum(ms): 269731.3, Avg(ms): 6812.2, 50th(ms): 125.8, 90th(ms): 16106.1, 95th(ms): 16106.1, 99th(ms): 16106.1, 99.9th(ms): 16106.1, Max(ms): 16106.1
[2026-06-22 23:50:25] execute run failed, err exec SELECT d_next_o_id, d_tax FROM district WHERE d_id = ? AND d_w_id = ? FOR UPDATE failed pq: LookupByIdRpc(tablet: d5f6666897464f9ca376a87d765c04cf, num_attempts: 2) failed: LookupByIdRpc(tablet: d5f6666897464f9ca376a87d765c04cf, num_attempts: 2) timed out after deadline expired, passed 15.109s of 4.524s
execute run failed, err exec SELECT d_next_o_id, d_tax FROM district WHERE d_id = ? AND d_w_id = ? FOR UPDATE failed pq: LookupByIdRpc(tablet: d5f6666897464f9ca376a87d765c04cf, num_attempts: 2) failed: LookupByIdRpc(tablet: d5f6666897464f9ca376a87d765c04cf, num_attempts: 2) timed out after deadline expired, passed 15.109s of 4.524s
[Current] NEW_ORDER - Takes(s): 0.2, Count: 9, TPM: 2722.6, Sum(ms): 286258.2, Avg(ms): 5202.1, 50th(ms): 75.5, 90th(ms): 16106.1, 95th(ms): 16106.1, 99th(ms): 16106.1, 99.9th(ms): 16106.1, Max(ms): 16106.1
[Current] NEW_ORDER_ERR - Takes(s): 0.2, Count: 1, TPM: 302.4, Sum(ms): 14457.6, Avg(ms): 14227.1, 50th(ms): 14495.5, 90th(ms): 14495.5, 95th(ms): 14495.5, 99th(ms): 14495.5, 99.9th(ms): 14495.5, Max(ms): 14495.5
[Current] PAYMENT - Takes(s): 0.2, Count: 5, TPM: 1950.8, Sum(ms): 440282.7, Avg(ms): 9512.3, 50th(ms): 16106.1, 90th(ms): 16106.1, 95th(ms): 16106.1, 99th(ms): 16106.1, 99.9th(ms): 16106.1, Max(ms): 16106.1
[Current] DELIVERY - Takes(s): 9.6, Count: 1, TPM: 6.2, Sum(ms): 428.4, Avg(ms): 427.8, 50th(ms): 436.2, 90th(ms): 436.2, 95th(ms): 436.2, 99th(ms): 436.2, 99.9th(ms): 436.2, Max(ms): 436.2
[Current] NEW_ORDER - Takes(s): 10.0, Count: 18, TPM: 107.9, Sum(ms): 45850.0, Avg(ms): 933.7, 50th(ms): 50.3, 90th(ms): 113.2, 95th(ms): 151.0, 99th(ms): 16106.1, 99.9th(ms): 16106.1, Max(ms): 16106.1
[Current] ORDER_STATUS - Takes(s): 9.4, Count: 2, TPM: 12.8, Sum(ms): 9.0, Avg(ms): 4.7, 50th(ms): 4.7, 90th(ms): 5.2, 95th(ms): 5.2, 99th(ms): 5.2, 99.9th(ms): 5.2, Max(ms): 5.2
[Current] PAYMENT - Takes(s): 10.0, Count: 23, TPM: 138.0, Sum(ms): 344.8, Avg(ms): 15.0, 50th(ms): 15.2, 90th(ms): 16.8, 95th(ms): 17.8, 99th(ms): 18.9, 99.9th(ms): 18.9, Max(ms): 18.9
[2026-06-22 23:50:40] execute run failed, err exec SELECT d_next_o_id, d_tax FROM district WHERE d_id = ? AND d_w_id = ? FOR UPDATE failed pq: LookupByIdRpc(tablet: d5f6666897464f9ca376a87d765c04cf, num_attempts: 2) failed: LookupByIdRpc(tablet: d5f6666897464f9ca376a87d765c04cf, num_attempts: 2) timed out after deadline expired, passed 15.116s of 4.922s
[2026-06-22 23:50:40] execute run failed, err exec SELECT d_next_o_id, d_tax FROM district WHERE d_id = ? AND d_w_id = ? FOR UPDATE failed pq: LookupByIdRpc(tablet: d5f6666897464f9ca376a87d765c04cf, num_attempts: 2) failed: LookupByIdRpc(tablet: d5f6666897464f9ca376a87d765c04cf, num_attempts: 2) timed out after deadline expired, passed 15.116s of 4.922s
execute run failed, err exec SELECT d_next_o_id, d_tax FROM district WHERE d_id = ? AND d_w_id = ? FOR UPDATE failed pq: LookupByIdRpc(tablet: d5f6666897464f9ca376a87d765c04cf, num_attempts: 2) failed: LookupByIdRpc(tablet: d5f6666897464f9ca376a87d765c04cf, num_attempts: 2) timed out after deadline expired, passed 15.116s of 4.922s
execute run failed, err exec SELECT d_next_o_id, d_tax FROM district WHERE d_id = ? AND d_w_id = ? FOR UPDATE failed pq: LookupByIdRpc(tablet: d5f6666897464f9ca376a87d765c04cf, num_attempts: 2) failed: LookupByIdRpc(tablet: d5f6666897464f9ca376a87d765c04cf, num_attempts: 2) timed out after deadline expired, passed 15.116s of 4.922s
[Current] DELIVERY - Takes(s): 4.2, Count: 1, TPM: 14.2, Sum(ms): 427.9, Avg(ms): 427.8, 50th(ms): 436.2, 90th(ms): 436.2, 95th(ms): 436.2, 99th(ms): 436.2, 99.9th(ms): 436.2, Max(ms): 436.2
[Current] NEW_ORDER - Takes(s): 5.1, Count: 7, TPM: 82.5, Sum(ms): 241045.3, Avg(ms): 6808.7, 50th(ms): 50.3, 90th(ms): 16106.1, 95th(ms): 16106.1, 99th(ms): 16106.1, 99.9th(ms): 16106.1, Max(ms): 16106.1
[Current] NEW_ORDER_ERR - Takes(s): 5.1, Count: 1, TPM: 11.8, Sum(ms): 14875.0, Avg(ms): 14764.0, 50th(ms): 15032.4, 90th(ms): 15032.4, 95th(ms): 15032.4, 99th(ms): 15032.4, 99.9th(ms): 15032.4, Max(ms): 15032.4
[Current] ORDER_STATUS - Takes(s): 4.8, Count: 2, TPM: 25.0, Sum(ms): 235.7, Avg(ms): 117.3, 50th(ms): 4.2, 90th(ms): 234.9, 95th(ms): 234.9, 99th(ms): 234.9, 99.9th(ms): 234.9, Max(ms): 234.9
[Current] PAYMENT - Takes(s): 5.1, Count: 11, TPM: 130.5, Sum(ms): 45387.8, Avg(ms): 1452.9, 50th(ms): 13.1, 90th(ms): 23.1, 95th(ms): 23.1, 99th(ms): 16106.1, 99.9th(ms): 16106.1, Max(ms): 16106.1
[Current] STOCK_LEVEL - Takes(s): 4.7, Count: 1, TPM: 12.9, Sum(ms): 73.9, Avg(ms): 73.4, 50th(ms): 75.5, 90th(ms): 75.5, 95th(ms): 75.5, 99th(ms): 75.5, 99.9th(ms): 75.5, Max(ms): 75.5
[2026-06-22 23:50:55] execute run failed, err exec SELECT d_next_o_id, d_tax FROM district WHERE d_id = ? AND d_w_id = ? FOR UPDATE failed pq: LookupByIdRpc(tablet: d5f6666897464f9ca376a87d765c04cf, num_attempts: 2) failed: LookupByIdRpc(tablet: d5f6666897464f9ca376a87d765c04cf, num_attempts: 2) timed out after deadline expired, passed 15.089s of 4.995s
execute run failed, err exec SELECT d_next_o_id, d_tax FROM district WHERE d_id = ? AND d_w_id = ? FOR UPDATE failed pq: LookupByIdRpc(tablet: d5f6666897464f9ca376a87d765c04cf, num_attempts: 2) failed: LookupByIdRpc(tablet: d5f6666897464f9ca376a87d765c04cf, num_attempts: 2) timed out after deadline expired, passed 15.089s of 4.995s
[Current] NEW_ORDER_ERR - Takes(s): 10.0, Count: 1, TPM: 6.0, Sum(ms): 14977.8, Avg(ms): 14764.0, 50th(ms): 15032.4, 90th(ms): 15032.4, 95th(ms): 15032.4, 99th(ms): 15032.4, 99.9th(ms): 15032.4, Max(ms): 15032.4
[Current] NEW_ORDER - Takes(s): 4.9, Count: 1, TPM: 12.2, Sum(ms): 89516.7, Avg(ms): 15837.7, 50th(ms): 16106.1, 90th(ms): 16106.1, 95th(ms): 16106.1, 99th(ms): 16106.1, 99.9th(ms): 16106.1, Max(ms): 16106.1
[Current] PAYMENT - Takes(s): 4.9, Count: 1, TPM: 12.3, Sum(ms): 23.1, Avg(ms): 23.6, 50th(ms): 24.1, 90th(ms): 24.1, 95th(ms): 24.1, 99th(ms): 24.1, 99.9th(ms): 24.1, Max(ms): 24.1
[Current] NEW_ORDER - Takes(s): 9.8, Count: 8, TPM: 49.0, Sum(ms): 450072.7, Avg(ms): 3982.7, 50th(ms): 31.5, 90th(ms): 16106.1, 95th(ms): 16106.1, 99th(ms): 16106.1, 99.9th(ms): 16106.1, Max(ms): 16106.1
[Current] ORDER_STATUS - Takes(s): 9.4, Count: 1, TPM: 6.4, Sum(ms): 233.0, Avg(ms): 230.7, 50th(ms): 234.9, 90th(ms): 234.9, 95th(ms): 234.9, 99th(ms): 234.9, 99.9th(ms): 234.9, Max(ms): 234.9
[Current] PAYMENT - Takes(s): 9.7, Count: 8, TPM: 49.5, Sum(ms): 116.3, Avg(ms): 14.6, 50th(ms): 14.2, 90th(ms): 15.7, 95th(ms): 21.0, 99th(ms): 21.0, 99.9th(ms): 21.0, Max(ms): 21.0
[Current] STOCK_LEVEL - Takes(s): 9.3, Count: 1, TPM: 6.5, Sum(ms): 72.0, Avg(ms): 73.4, 50th(ms): 75.5, 90th(ms): 75.5, 95th(ms): 75.5, 99th(ms): 75.5, 99.9th(ms): 75.5, Max(ms): 75.5
[2026-06-22 23:56:50] execute run failed, err exec UPDATE district SET d_ytd = d_ytd + ? WHERE d_w_id = ? AND d_id = ? failed pq: Timed out waiting kResponseSent, state: kProcessingRequest
execute run failed, err exec UPDATE district SET d_ytd = d_ytd + ? WHERE d_w_id = ? AND d_id = ? failed pq: Timed out waiting kResponseSent, state: kProcessingRequest
[2026-06-22 23:56:56] execute run failed, err exec SELECT d_next_o_id, d_tax FROM district WHERE d_id = ? AND d_w_id = ? FOR UPDATE failed pq: Timed out waiting kResponseSent, state: kProcessingRequest
execute run failed, err exec SELECT d_next_o_id, d_tax FROM district WHERE d_id = ? AND d_w_id = ? FOR UPDATE failed pq: Timed out waiting kResponseSent, state: kProcessingRequest
[2026-06-22 23:56:57] execute run failed, err exec UPDATE district SET d_ytd = d_ytd + ? WHERE d_w_id = ? AND d_id = ? failed pq: Timed out waiting kResponseSent, state: kProcessingRequest
execute run failed, err exec UPDATE district SET d_ytd = d_ytd + ? WHERE d_w_id = ? AND d_id = ? failed pq: Timed out waiting kResponseSent, state: kProcessingRequest
[2026-06-22 23:57:27] execute run failed, err exec UPDATE district SET d_ytd = d_ytd + ? WHERE d_w_id = ? AND d_id = ? failed pq: Timed out waiting kResponseSent, state: kProcessingRequest
[2026-06-22 23:57:27] execute run failed, err exec UPDATE district SET d_ytd = d_ytd + ? WHERE d_w_id = ? AND d_id = ? failed pq: Timed out waiting kResponseSent, state: kProcessingRequest
execute run failed, err exec UPDATE district SET d_ytd = d_ytd + ? WHERE d_w_id = ? AND d_id = ? failed pq: Timed out waiting kResponseSent, state: kProcessingRequest
execute run failed, err exec UPDATE district SET d_ytd = d_ytd + ? WHERE d_w_id = ? AND d_id = ? failed pq: Timed out waiting kResponseSent, state: kProcessingRequest
[2026-06-22 23:57:42] execute run failed, err exec UPDATE district SET d_ytd = d_ytd + ? WHERE d_w_id = ? AND d_id = ? failed pq: Timed out waiting kResponseSent, state: kProcessingRequest
execute run failed, err exec UPDATE district SET d_ytd = d_ytd + ? WHERE d_w_id = ? AND d_id = ? failed pq: Timed out waiting kResponseSent, state: kProcessingRequest
[2026-06-22 23:57:43] execute run failed, err exec UPDATE district SET d_ytd = d_ytd + ? WHERE d_w_id = ? AND d_id = ? failed pq: Timed out waiting kResponseSent, state: kProcessingRequest
execute run failed, err exec UPDATE district SET d_ytd = d_ytd + ? WHERE d_w_id = ? AND d_id = ? failed pq: Timed out waiting kResponseSent, state: kProcessingRequest
[2026-06-22 23:57:57] execute run failed, err exec UPDATE district SET d_ytd = d_ytd + ? WHERE d_w_id = ? AND d_id = ? failed pq: Timed out waiting kResponseSent, state: kProcessingRequest
execute run failed, err exec UPDATE district SET d_ytd = d_ytd + ? WHERE d_w_id = ? AND d_id = ? failed pq: Timed out waiting kResponseSent, state: kProcessingRequest
[2026-06-22 23:58:27] execute run failed, err exec SELECT d_next_o_id, d_tax FROM district WHERE d_id = ? AND d_w_id = ? FOR UPDATE failed pq: Timed out waiting kResponseSent, state: kProcessingRequest
execute run failed, err exec SELECT d_next_o_id, d_tax FROM district WHERE d_id = ? AND d_w_id = ? FOR UPDATE failed pq: Timed out waiting kResponseSent, state: kProcessingRequest
[2026-06-22 23:59:27] execute run failed, err exec UPDATE district SET d_ytd = d_ytd + ? WHERE d_w_id = ? AND d_id = ? failed pq: Timed out waiting kResponseSent, state: kProcessingRequest
execute run failed, err exec UPDATE district SET d_ytd = d_ytd + ? WHERE d_w_id = ? AND d_id = ? failed pq: Timed out waiting kResponseSent, state: kProcessingRequest
[2026-06-22 23:59:57] execute run failed, err exec UPDATE district SET d_ytd = d_ytd + ? WHERE d_w_id = ? AND d_id = ? failed pq: Timed out waiting kResponseSent, state: kProcessingRequest
execute run failed, err exec UPDATE district SET d_ytd = d_ytd + ? WHERE d_w_id = ? AND d_id = ? failed pq: Timed out waiting kResponseSent, state: kProcessingRequest
[2026-06-23 00:00:27] execute run failed, err exec UPDATE district SET d_ytd = d_ytd + ? WHERE d_w_id = ? AND d_id = ? failed pq: Timed out waiting kResponseSent, state: kProcessingRequest
execute run failed, err exec UPDATE district SET d_ytd = d_ytd + ? WHERE d_w_id = ? AND d_id = ? failed pq: Timed out waiting kResponseSent, state: kProcessingRequest
Finished
[Summary] DELIVERY - Takes(s): 850.6, Count: 27, TPM: 1.9, Sum(ms): 11296.5, Avg(ms): 419.0, 50th(ms): 436.2, 90th(ms): 570.4, 95th(ms): 1208.0, 99th(ms): 1208.0, 99.9th(ms): 1208.0, Max(ms): 1208.0
[Summary] NEW_ORDER - Takes(s): 850.6, Count: 313, TPM: 22.1, Sum(ms): 27213875.6, Avg(ms): 4591.5, 50th(ms): 54.5, 90th(ms): 16106.1, 95th(ms): 16106.1, 99th(ms): 16106.1, 99.9th(ms): 16106.1, Max(ms): 16106.1
[Summary] NEW_ORDER_ERR - Takes(s): 850.6, Count: 9, TPM: 0.6, Sum(ms): 1346347.9, Avg(ms): 14942.9, 50th(ms): 15032.4, 90th(ms): 16106.1, 95th(ms): 16106.1, 99th(ms): 16106.1, 99.9th(ms): 16106.1, Max(ms): 16106.1
[Summary] ORDER_STATUS - Takes(s): 850.9, Count: 31, TPM: 2.2, Sum(ms): 6776.6, Avg(ms): 219.8, 50th(ms): 92.3, 90th(ms): 738.2, 95th(ms): 838.9, 99th(ms): 872.4, 99.9th(ms): 872.4, Max(ms): 872.4
[Summary] PAYMENT - Takes(s): 850.7, Count: 273, TPM: 19.3, Sum(ms): 4791799.0, Avg(ms): 3766.7, 50th(ms): 18.9, 90th(ms): 16106.1, 95th(ms): 16106.1, 99th(ms): 16106.1, 99.9th(ms): 16106.1, Max(ms): 16106.1
[Summary] PAYMENT_ERR - Takes(s): 850.7, Count: 10, TPM: 0.7, Sum(ms): 6016842.5, Avg(ms): 15837.7, 50th(ms): 16106.1, 90th(ms): 16106.1, 95th(ms): 16106.1, 99th(ms): 16106.1, 99.9th(ms): 16106.1, Max(ms): 16106.1
[Summary] STOCK_LEVEL - Takes(s): 851.0, Count: 22, TPM: 1.6, Sum(ms): 6024.5, Avg(ms): 274.2, 50th(ms): 218.1, 90th(ms): 738.2, 95th(ms): 738.2, 99th(ms): 771.8, 99.9th(ms): 771.8, Max(ms): 771.8
tpmC: 22.1, tpmTotal: 47.0, efficiency: 42.9%
