key	pretty	split_enforced_until
\xf289b3	/43	2262-04-11 23:47:16.854776
\xf289de	/86	2262-04-11 23:47:16.854776
key	pretty	split_enforced_until
\xf389b389	/43/1	2262-04-11 23:47:16.854776
\xf389de89	/86/1	2262-04-11 23:47:16.854776
key	pretty	split_enforced_until
\xf489b38989	/43/1/1	2262-04-11 23:47:16.854776
\xf489de8989	/86/1/1	2262-04-11 23:47:16.854776
key	pretty	split_enforced_until
\xf66e89b389f70835	/43/1/2101	2262-04-11 23:47:16.854776
\xf66e89de89f70835	/86/1/2101	2262-04-11 23:47:16.854776
key	pretty	split_enforced_until
\xf66f89b38989	/43/1/1	2262-04-11 23:47:16.854776
\xf66f89de8989	/86/1/1	2262-04-11 23:47:16.854776
key	pretty	split_enforced_until
\xf67089b3898989	/43/1/1/1	2262-04-11 23:47:16.854776
\xf67089de898989	/86/1/1/1	2262-04-11 23:47:16.854776
key	pretty	split_enforced_until
\xf67189b389	/43/1	2262-04-11 23:47:16.854776
\xf67189de89	/86/1	2262-04-11 23:47:16.854776
key	pretty	split_enforced_until
\xf67289f78236	/33334	2262-04-11 23:47:16.854776
\xf67289f801046b	/66667	2262-04-11 23:47:16.854776
ERROR: could not parse "00000086" as type int: strconv.ParseInt: parsing "00000086": invalid syntax
SQLSTATE: 22P02
Failed running "sql"
