2026/06/22 22:35:23 maxprocs: Leaving GOMAXPROCS=4: CPU quota undefined
[Current] DELIVERY - Takes(s): 9.7, Count: 99, TPM: 611.0, Sum(ms): 9831.5, Avg(ms): 99.4, 50th(ms): 83.9, 90th(ms): 159.4, 95th(ms): 176.2, 99th(ms): 243.3, 99.9th(ms): 260.0, Max(ms): 260.0
[Current] NEW_ORDER - Takes(s): 9.8, Count: 1156, TPM: 7088.3, Sum(ms): 318856.6, Avg(ms): 275.6, 50th(ms): 109.1, 90th(ms): 604.0, 95th(ms): 1040.2, 99th(ms): 2550.1, 99.9th(ms): 5100.3, Max(ms): 5637.1
[Current] ORDER_STATUS - Takes(s): 9.8, Count: 96, TPM: 584.9, Sum(ms): 982.4, Avg(ms): 10.2, 50th(ms): 9.4, 90th(ms): 13.1, 95th(ms): 16.8, 99th(ms): 30.4, 99.9th(ms): 41.9, Max(ms): 41.9
[Current] PAYMENT - Takes(s): 9.8, Count: 1102, TPM: 6734.4, Sum(ms): 250941.5, Avg(ms): 227.8, 50th(ms): 176.2, 90th(ms): 469.8, 95th(ms): 604.0, 99th(ms): 906.0, 99.9th(ms): 1140.9, Max(ms): 1208.0
[Current] STOCK_LEVEL - Takes(s): 9.7, Count: 108, TPM: 667.9, Sum(ms): 3620.1, Avg(ms): 33.5, 50th(ms): 19.9, 90th(ms): 71.3, 95th(ms): 96.5, 99th(ms): 209.7, 99.9th(ms): 209.7, Max(ms): 209.7
[Current] DELIVERY - Takes(s): 9.9, Count: 113, TPM: 685.0, Sum(ms): 12415.9, Avg(ms): 110.1, 50th(ms): 92.3, 90th(ms): 176.2, 95th(ms): 226.5, 99th(ms): 302.0, 99.9th(ms): 318.8, Max(ms): 318.8
[Current] NEW_ORDER - Takes(s): 10.0, Count: 1219, TPM: 7314.4, Sum(ms): 398250.2, Avg(ms): 326.9, 50th(ms): 125.8, 90th(ms): 771.8, 95th(ms): 1275.1, 99th(ms): 2415.9, 99.9th(ms): 8589.9, Max(ms): 11811.2
[Current] ORDER_STATUS - Takes(s): 9.8, Count: 106, TPM: 649.2, Sum(ms): 1012.2, Avg(ms): 9.6, 50th(ms): 8.4, 90th(ms): 14.7, 95th(ms): 16.8, 99th(ms): 21.0, 99.9th(ms): 31.5, Max(ms): 31.5
[Current] PAYMENT - Takes(s): 10.0, Count: 1129, TPM: 6776.4, Sum(ms): 234157.7, Avg(ms): 207.4, 50th(ms): 176.2, 90th(ms): 385.9, 95th(ms): 536.9, 99th(ms): 838.9, 99.9th(ms): 1140.9, Max(ms): 1140.9
[Current] STOCK_LEVEL - Takes(s): 10.0, Count: 103, TPM: 620.4, Sum(ms): 2528.9, Avg(ms): 24.5, 50th(ms): 16.8, 90th(ms): 56.6, 95th(ms): 62.9, 99th(ms): 71.3, 99.9th(ms): 92.3, Max(ms): 92.3
[Current] DELIVERY - Takes(s): 10.0, Count: 113, TPM: 680.3, Sum(ms): 10616.5, Avg(ms): 93.9, 50th(ms): 83.9, 90th(ms): 159.4, 95th(ms): 167.8, 99th(ms): 192.9, 99.9th(ms): 201.3, Max(ms): 201.3
[Current] NEW_ORDER - Takes(s): 10.0, Count: 1384, TPM: 8305.0, Sum(ms): 364988.1, Avg(ms): 263.9, 50th(ms): 88.1, 90th(ms): 570.4, 95th(ms): 973.1, 99th(ms): 2684.4, 99.9th(ms): 9126.8, Max(ms): 11274.3
[Current] ORDER_STATUS - Takes(s): 9.9, Count: 115, TPM: 694.6, Sum(ms): 1053.9, Avg(ms): 9.2, 50th(ms): 8.9, 90th(ms): 13.1, 95th(ms): 15.2, 99th(ms): 17.8, 99.9th(ms): 28.3, Max(ms): 28.3
[Current] PAYMENT - Takes(s): 10.0, Count: 1420, TPM: 8522.2, Sum(ms): 225585.7, Avg(ms): 158.9, 50th(ms): 125.8, 90th(ms): 335.5, 95th(ms): 419.4, 99th(ms): 604.0, 99.9th(ms): 805.3, Max(ms): 838.9
[Current] STOCK_LEVEL - Takes(s): 9.9, Count: 138, TPM: 838.4, Sum(ms): 2589.5, Avg(ms): 18.8, 50th(ms): 12.6, 90th(ms): 32.5, 95th(ms): 71.3, 99th(ms): 121.6, 99.9th(ms): 125.8, Max(ms): 125.8
[Current] DELIVERY - Takes(s): 9.8, Count: 112, TPM: 684.6, Sum(ms): 6971.4, Avg(ms): 62.4, 50th(ms): 58.7, 90th(ms): 83.9, 95th(ms): 100.7, 99th(ms): 121.6, 99.9th(ms): 130.0, Max(ms): 130.0
[Current] NEW_ORDER - Takes(s): 10.0, Count: 1357, TPM: 8155.0, Sum(ms): 421823.0, Avg(ms): 309.0, 50th(ms): 88.1, 90th(ms): 453.0, 95th(ms): 1006.6, 99th(ms): 5905.6, 99.9th(ms): 12884.9, Max(ms): 16106.1
[Current] ORDER_STATUS - Takes(s): 10.0, Count: 119, TPM: 717.1, Sum(ms): 1165.1, Avg(ms): 9.8, 50th(ms): 10.0, 90th(ms): 13.6, 95th(ms): 14.7, 99th(ms): 16.3, 99.9th(ms): 16.8, Max(ms): 16.8
[Current] PAYMENT - Takes(s): 10.0, Count: 1340, TPM: 8045.7, Sum(ms): 206302.0, Avg(ms): 154.2, 50th(ms): 117.4, 90th(ms): 318.8, 95th(ms): 419.4, 99th(ms): 805.3, 99.9th(ms): 1140.9, Max(ms): 1275.1
[Current] STOCK_LEVEL - Takes(s): 10.0, Count: 116, TPM: 698.0, Sum(ms): 2050.0, Avg(ms): 17.7, 50th(ms): 11.5, 90th(ms): 31.5, 95th(ms): 50.3, 99th(ms): 113.2, 99.9th(ms): 151.0, Max(ms): 151.0
[Current] DELIVERY - Takes(s): 9.9, Count: 122, TPM: 738.4, Sum(ms): 9728.4, Avg(ms): 79.8, 50th(ms): 71.3, 90th(ms): 125.8, 95th(ms): 151.0, 99th(ms): 201.3, 99.9th(ms): 234.9, Max(ms): 234.9
[Current] NEW_ORDER - Takes(s): 10.0, Count: 1458, TPM: 8749.3, Sum(ms): 447264.2, Avg(ms): 302.7, 50th(ms): 104.9, 90th(ms): 503.3, 95th(ms): 1140.9, 99th(ms): 3758.1, 99.9th(ms): 16106.1, Max(ms): 16106.1
[Current] ORDER_STATUS - Takes(s): 10.0, Count: 91, TPM: 546.6, Sum(ms): 1100.1, Avg(ms): 12.1, 50th(ms): 11.0, 90th(ms): 19.9, 95th(ms): 21.0, 99th(ms): 26.2, 99.9th(ms): 41.9, Max(ms): 41.9
[Current] PAYMENT - Takes(s): 10.0, Count: 1432, TPM: 8595.7, Sum(ms): 192471.5, Avg(ms): 134.5, 50th(ms): 104.9, 90th(ms): 302.0, 95th(ms): 385.9, 99th(ms): 520.1, 99.9th(ms): 805.3, Max(ms): 838.9
[Current] STOCK_LEVEL - Takes(s): 9.9, Count: 121, TPM: 730.1, Sum(ms): 2329.5, Avg(ms): 19.3, 50th(ms): 15.2, 90th(ms): 33.6, 95th(ms): 54.5, 99th(ms): 79.7, 99.9th(ms): 83.9, Max(ms): 83.9
[Current] DELIVERY - Takes(s): 10.0, Count: 123, TPM: 739.2, Sum(ms): 7601.0, Avg(ms): 61.6, 50th(ms): 56.6, 90th(ms): 92.3, 95th(ms): 104.9, 99th(ms): 130.0, 99.9th(ms): 159.4, Max(ms): 159.4
[Current] NEW_ORDER - Takes(s): 10.0, Count: 1424, TPM: 8556.7, Sum(ms): 392445.1, Avg(ms): 275.9, 50th(ms): 79.7, 90th(ms): 436.2, 95th(ms): 973.1, 99th(ms): 5368.7, 99.9th(ms): 10200.5, Max(ms): 10737.4
[Current] ORDER_STATUS - Takes(s): 10.0, Count: 139, TPM: 836.8, Sum(ms): 1426.0, Avg(ms): 10.3, 50th(ms): 10.0, 90th(ms): 14.2, 95th(ms): 16.3, 99th(ms): 21.0, 99.9th(ms): 22.0, Max(ms): 22.0
[Current] PAYMENT - Takes(s): 10.0, Count: 1459, TPM: 8769.9, Sum(ms): 181591.0, Avg(ms): 124.4, 50th(ms): 83.9, 90th(ms): 285.2, 95th(ms): 402.7, 99th(ms): 637.5, 99.9th(ms): 1006.6, Max(ms): 1140.9
[Current] STOCK_LEVEL - Takes(s): 10.0, Count: 116, TPM: 698.1, Sum(ms): 2170.3, Avg(ms): 18.7, 50th(ms): 12.1, 90th(ms): 33.6, 95th(ms): 50.3, 99th(ms): 151.0, 99.9th(ms): 184.5, Max(ms): 184.5
[Current] DELIVERY - Takes(s): 9.8, Count: 117, TPM: 716.0, Sum(ms): 10172.6, Avg(ms): 87.0, 50th(ms): 79.7, 90th(ms): 130.0, 95th(ms): 142.6, 99th(ms): 184.5, 99.9th(ms): 243.3, Max(ms): 243.3
[Current] NEW_ORDER - Takes(s): 10.0, Count: 1386, TPM: 8319.3, Sum(ms): 446023.4, Avg(ms): 321.9, 50th(ms): 79.7, 90th(ms): 503.3, 95th(ms): 1275.1, 99th(ms): 5368.7, 99.9th(ms): 11274.3, Max(ms): 14495.5
[Current] ORDER_STATUS - Takes(s): 9.8, Count: 103, TPM: 632.4, Sum(ms): 1217.1, Avg(ms): 11.8, 50th(ms): 11.5, 90th(ms): 16.8, 95th(ms): 21.0, 99th(ms): 25.2, 99.9th(ms): 27.3, Max(ms): 27.3
[Current] PAYMENT - Takes(s): 10.0, Count: 1332, TPM: 7994.3, Sum(ms): 222884.3, Avg(ms): 167.5, 50th(ms): 104.9, 90th(ms): 402.7, 95th(ms): 570.4, 99th(ms): 1208.0, 99.9th(ms): 1677.7, Max(ms): 1677.7
[Current] STOCK_LEVEL - Takes(s): 10.0, Count: 120, TPM: 720.7, Sum(ms): 1856.1, Avg(ms): 15.5, 50th(ms): 12.6, 90th(ms): 32.5, 95th(ms): 35.7, 99th(ms): 48.2, 99.9th(ms): 67.1, Max(ms): 67.1
[Current] DELIVERY - Takes(s): 9.9, Count: 148, TPM: 892.7, Sum(ms): 13369.5, Avg(ms): 90.4, 50th(ms): 83.9, 90th(ms): 134.2, 95th(ms): 167.8, 99th(ms): 184.5, 99.9th(ms): 226.5, Max(ms): 226.5
[Current] NEW_ORDER - Takes(s): 10.0, Count: 1487, TPM: 8924.4, Sum(ms): 418602.2, Avg(ms): 281.3, 50th(ms): 79.7, 90th(ms): 469.8, 95th(ms): 1040.2, 99th(ms): 4160.7, 99.9th(ms): 12348.0, Max(ms): 13958.6
[Current] ORDER_STATUS - Takes(s): 10.0, Count: 130, TPM: 783.6, Sum(ms): 1522.7, Avg(ms): 11.7, 50th(ms): 11.5, 90th(ms): 16.3, 95th(ms): 18.9, 99th(ms): 24.1, 99.9th(ms): 48.2, Max(ms): 48.2
[Current] PAYMENT - Takes(s): 10.0, Count: 1351, TPM: 8112.2, Sum(ms): 206581.8, Avg(ms): 153.0, 50th(ms): 109.1, 90th(ms): 335.5, 95th(ms): 453.0, 99th(ms): 771.8, 99.9th(ms): 1073.7, Max(ms): 1140.9
[Current] STOCK_LEVEL - Takes(s): 9.9, Count: 139, TPM: 842.8, Sum(ms): 2348.4, Avg(ms): 16.9, 50th(ms): 13.1, 90th(ms): 27.3, 95th(ms): 44.0, 99th(ms): 83.9, 99.9th(ms): 117.4, Max(ms): 117.4
[Current] DELIVERY - Takes(s): 9.7, Count: 141, TPM: 873.2, Sum(ms): 12149.4, Avg(ms): 86.1, 50th(ms): 75.5, 90th(ms): 142.6, 95th(ms): 167.8, 99th(ms): 192.9, 99.9th(ms): 243.3, Max(ms): 243.3
[Current] NEW_ORDER - Takes(s): 10.0, Count: 1544, TPM: 9264.2, Sum(ms): 417531.1, Avg(ms): 270.6, 50th(ms): 71.3, 90th(ms): 453.0, 95th(ms): 1040.2, 99th(ms): 4563.4, 99.9th(ms): 10200.5, Max(ms): 11274.3
[Current] ORDER_STATUS - Takes(s): 9.9, Count: 155, TPM: 938.3, Sum(ms): 1613.1, Avg(ms): 10.4, 50th(ms): 10.5, 90th(ms): 13.6, 95th(ms): 14.7, 99th(ms): 18.9, 99.9th(ms): 27.3, Max(ms): 27.3
[Current] PAYMENT - Takes(s): 10.0, Count: 1479, TPM: 8876.0, Sum(ms): 188181.2, Avg(ms): 127.3, 50th(ms): 83.9, 90th(ms): 302.0, 95th(ms): 402.7, 99th(ms): 637.5, 99.9th(ms): 805.3, Max(ms): 872.4
[Current] STOCK_LEVEL - Takes(s): 9.9, Count: 151, TPM: 911.4, Sum(ms): 2020.3, Avg(ms): 13.4, 50th(ms): 11.0, 90th(ms): 19.9, 95th(ms): 25.2, 99th(ms): 56.6, 99.9th(ms): 113.2, Max(ms): 113.2
[Current] DELIVERY - Takes(s): 9.9, Count: 130, TPM: 786.6, Sum(ms): 10542.2, Avg(ms): 81.1, 50th(ms): 71.3, 90th(ms): 117.4, 95th(ms): 142.6, 99th(ms): 184.5, 99.9th(ms): 209.7, Max(ms): 209.7
[Current] NEW_ORDER - Takes(s): 10.0, Count: 1397, TPM: 8383.0, Sum(ms): 393557.8, Avg(ms): 282.6, 50th(ms): 67.1, 90th(ms): 469.8, 95th(ms): 1073.7, 99th(ms): 5637.1, 99.9th(ms): 11274.3, Max(ms): 14495.5
[Current] ORDER_STATUS - Takes(s): 10.0, Count: 128, TPM: 768.6, Sum(ms): 1326.5, Avg(ms): 10.4, 50th(ms): 10.5, 90th(ms): 14.7, 95th(ms): 18.9, 99th(ms): 24.1, 99.9th(ms): 25.2, Max(ms): 25.2
[Current] PAYMENT - Takes(s): 10.0, Count: 1389, TPM: 8333.8, Sum(ms): 188097.8, Avg(ms): 135.5, 50th(ms): 92.3, 90th(ms): 335.5, 95th(ms): 453.0, 99th(ms): 671.1, 99.9th(ms): 906.0, Max(ms): 939.5
[Current] STOCK_LEVEL - Takes(s): 10.0, Count: 135, TPM: 813.9, Sum(ms): 1835.9, Avg(ms): 13.6, 50th(ms): 10.5, 90th(ms): 22.0, 95th(ms): 30.4, 99th(ms): 50.3, 99.9th(ms): 92.3, Max(ms): 92.3
[Current] DELIVERY - Takes(s): 10.0, Count: 128, TPM: 771.4, Sum(ms): 10836.8, Avg(ms): 84.7, 50th(ms): 71.3, 90th(ms): 134.2, 95th(ms): 159.4, 99th(ms): 192.9, 99.9th(ms): 192.9, Max(ms): 192.9
[Current] NEW_ORDER - Takes(s): 10.0, Count: 1551, TPM: 9308.6, Sum(ms): 492332.7, Avg(ms): 315.1, 50th(ms): 67.1, 90th(ms): 486.5, 95th(ms): 1208.0, 99th(ms): 4831.8, 99.9th(ms): 16106.1, Max(ms): 16106.1
[Current] ORDER_STATUS - Takes(s): 9.9, Count: 127, TPM: 767.5, Sum(ms): 1354.5, Avg(ms): 10.7, 50th(ms): 10.0, 90th(ms): 15.7, 95th(ms): 17.8, 99th(ms): 21.0, 99.9th(ms): 23.1, Max(ms): 23.1
[Current] PAYMENT - Takes(s): 10.0, Count: 1390, TPM: 8348.8, Sum(ms): 164793.3, Avg(ms): 118.6, 50th(ms): 88.1, 90th(ms): 268.4, 95th(ms): 369.1, 99th(ms): 503.3, 99.9th(ms): 671.1, Max(ms): 704.6
[Current] STOCK_LEVEL - Takes(s): 9.9, Count: 136, TPM: 821.3, Sum(ms): 1568.6, Avg(ms): 11.5, 50th(ms): 10.5, 90th(ms): 17.8, 95th(ms): 18.9, 99th(ms): 37.7, 99.9th(ms): 37.7, Max(ms): 37.7
[Current] DELIVERY - Takes(s): 9.8, Count: 143, TPM: 873.5, Sum(ms): 11385.6, Avg(ms): 79.7, 50th(ms): 71.3, 90th(ms): 121.6, 95th(ms): 134.2, 99th(ms): 167.8, 99.9th(ms): 176.2, Max(ms): 176.2
[Current] NEW_ORDER - Takes(s): 10.0, Count: 1543, TPM: 9262.4, Sum(ms): 436819.3, Avg(ms): 282.7, 50th(ms): 75.5, 90th(ms): 453.0, 95th(ms): 872.4, 99th(ms): 4563.4, 99.9th(ms): 11811.2, Max(ms): 16106.1
[Current] ORDER_STATUS - Takes(s): 10.0, Count: 162, TPM: 973.0, Sum(ms): 1612.1, Avg(ms): 9.9, 50th(ms): 10.0, 90th(ms): 13.1, 95th(ms): 14.7, 99th(ms): 21.0, 99.9th(ms): 27.3, Max(ms): 27.3
[Current] PAYMENT - Takes(s): 10.0, Count: 1565, TPM: 9390.2, Sum(ms): 203250.5, Avg(ms): 130.0, 50th(ms): 96.5, 90th(ms): 285.2, 95th(ms): 385.9, 99th(ms): 570.4, 99.9th(ms): 738.2, Max(ms): 872.4
[Current] STOCK_LEVEL - Takes(s): 9.9, Count: 153, TPM: 927.3, Sum(ms): 2173.6, Avg(ms): 14.2, 50th(ms): 10.5, 90th(ms): 22.0, 95th(ms): 29.4, 99th(ms): 58.7, 99.9th(ms): 176.2, Max(ms): 176.2
[Current] DELIVERY - Takes(s): 10.0, Count: 136, TPM: 818.0, Sum(ms): 12200.5, Avg(ms): 89.7, 50th(ms): 83.9, 90th(ms): 130.0, 95th(ms): 142.6, 99th(ms): 218.1, 99.9th(ms): 234.9, Max(ms): 234.9
[Current] NEW_ORDER - Takes(s): 10.0, Count: 1390, TPM: 8342.9, Sum(ms): 404087.6, Avg(ms): 288.8, 50th(ms): 79.7, 90th(ms): 503.3, 95th(ms): 906.0, 99th(ms): 3892.3, 99.9th(ms): 16106.1, Max(ms): 16106.1
[Current] ORDER_STATUS - Takes(s): 10.0, Count: 137, TPM: 822.5, Sum(ms): 1630.6, Avg(ms): 11.9, 50th(ms): 11.5, 90th(ms): 16.3, 95th(ms): 18.9, 99th(ms): 22.0, 99.9th(ms): 27.3, Max(ms): 27.3
[Current] PAYMENT - Takes(s): 10.0, Count: 1330, TPM: 7998.0, Sum(ms): 227078.9, Avg(ms): 170.7, 50th(ms): 109.1, 90th(ms): 419.4, 95th(ms): 570.4, 99th(ms): 906.0, 99.9th(ms): 1140.9, Max(ms): 1140.9
[Current] STOCK_LEVEL - Takes(s): 10.0, Count: 143, TPM: 858.2, Sum(ms): 2099.8, Avg(ms): 14.7, 50th(ms): 12.1, 90th(ms): 27.3, 95th(ms): 33.6, 99th(ms): 48.2, 99.9th(ms): 65.0, Max(ms): 65.0
[Current] DELIVERY - Takes(s): 9.9, Count: 117, TPM: 708.1, Sum(ms): 9961.7, Avg(ms): 85.3, 50th(ms): 79.7, 90th(ms): 117.4, 95th(ms): 151.0, 99th(ms): 234.9, 99.9th(ms): 234.9, Max(ms): 234.9
[Current] NEW_ORDER - Takes(s): 10.0, Count: 1397, TPM: 8390.3, Sum(ms): 405748.3, Avg(ms): 290.6, 50th(ms): 75.5, 90th(ms): 520.1, 95th(ms): 1208.0, 99th(ms): 4160.7, 99.9th(ms): 11274.3, Max(ms): 11811.2
[Current] ORDER_STATUS - Takes(s): 10.0, Count: 136, TPM: 816.9, Sum(ms): 1424.6, Avg(ms): 10.5, 50th(ms): 10.5, 90th(ms): 14.2, 95th(ms): 15.2, 99th(ms): 26.2, 99.9th(ms): 35.7, Max(ms): 35.7
[Current] PAYMENT - Takes(s): 10.0, Count: 1368, TPM: 8209.5, Sum(ms): 190930.7, Avg(ms): 139.5, 50th(ms): 100.7, 90th(ms): 318.8, 95th(ms): 436.2, 99th(ms): 671.1, 99.9th(ms): 805.3, Max(ms): 872.4
[Current] STOCK_LEVEL - Takes(s): 10.0, Count: 136, TPM: 817.9, Sum(ms): 1903.5, Avg(ms): 14.0, 50th(ms): 11.0, 90th(ms): 22.0, 95th(ms): 31.5, 99th(ms): 92.3, 99.9th(ms): 104.9, Max(ms): 104.9
[Current] DELIVERY - Takes(s): 9.8, Count: 127, TPM: 779.6, Sum(ms): 10706.1, Avg(ms): 84.2, 50th(ms): 75.5, 90th(ms): 130.0, 95th(ms): 159.4, 99th(ms): 209.7, 99.9th(ms): 285.2, Max(ms): 285.2
[Current] NEW_ORDER - Takes(s): 10.0, Count: 1500, TPM: 9005.2, Sum(ms): 455475.0, Avg(ms): 301.3, 50th(ms): 67.1, 90th(ms): 503.3, 95th(ms): 1073.7, 99th(ms): 5637.1, 99.9th(ms): 14495.5, Max(ms): 16106.1
[Current] ORDER_STATUS - Takes(s): 9.8, Count: 149, TPM: 911.1, Sum(ms): 1526.2, Avg(ms): 10.2, 50th(ms): 10.0, 90th(ms): 14.7, 95th(ms): 16.8, 99th(ms): 24.1, 99.9th(ms): 28.3, Max(ms): 28.3
[Current] PAYMENT - Takes(s): 10.0, Count: 1475, TPM: 8855.1, Sum(ms): 184849.9, Avg(ms): 125.3, 50th(ms): 83.9, 90th(ms): 285.2, 95th(ms): 402.7, 99th(ms): 570.4, 99.9th(ms): 738.2, Max(ms): 738.2
[Current] STOCK_LEVEL - Takes(s): 9.9, Count: 144, TPM: 868.7, Sum(ms): 2506.8, Avg(ms): 17.4, 50th(ms): 11.5, 90th(ms): 28.3, 95th(ms): 58.7, 99th(ms): 125.8, 99.9th(ms): 142.6, Max(ms): 142.6
[Current] DELIVERY - Takes(s): 9.9, Count: 131, TPM: 792.1, Sum(ms): 11347.4, Avg(ms): 86.8, 50th(ms): 79.7, 90th(ms): 125.8, 95th(ms): 159.4, 99th(ms): 209.7, 99.9th(ms): 218.1, Max(ms): 218.1
[Current] NEW_ORDER - Takes(s): 10.0, Count: 1474, TPM: 8846.9, Sum(ms): 421359.4, Avg(ms): 282.4, 50th(ms): 79.7, 90th(ms): 453.0, 95th(ms): 1040.2, 99th(ms): 3355.4, 99.9th(ms): 15032.4, Max(ms): 16106.1
[Current] ORDER_STATUS - Takes(s): 10.0, Count: 141, TPM: 846.7, Sum(ms): 1497.3, Avg(ms): 10.6, 50th(ms): 10.5, 90th(ms): 14.7, 95th(ms): 16.3, 99th(ms): 17.8, 99.9th(ms): 26.2, Max(ms): 26.2
[Current] PAYMENT - Takes(s): 10.0, Count: 1447, TPM: 8684.0, Sum(ms): 191804.2, Avg(ms): 132.6, 50th(ms): 96.5, 90th(ms): 285.2, 95th(ms): 402.7, 99th(ms): 637.5, 99.9th(ms): 1140.9, Max(ms): 1275.1
[Current] STOCK_LEVEL - Takes(s): 10.0, Count: 115, TPM: 690.7, Sum(ms): 1593.3, Avg(ms): 13.9, 50th(ms): 11.5, 90th(ms): 22.0, 95th(ms): 28.3, 99th(ms): 52.4, 99.9th(ms): 56.6, Max(ms): 56.6
[Current] DELIVERY - Takes(s): 10.0, Count: 131, TPM: 789.9, Sum(ms): 11612.6, Avg(ms): 88.9, 50th(ms): 79.7, 90th(ms): 130.0, 95th(ms): 159.4, 99th(ms): 226.5, 99.9th(ms): 243.3, Max(ms): 243.3
[Current] NEW_ORDER - Takes(s): 10.0, Count: 1532, TPM: 9192.9, Sum(ms): 444893.7, Avg(ms): 290.0, 50th(ms): 75.5, 90th(ms): 453.0, 95th(ms): 973.1, 99th(ms): 5637.1, 99.9th(ms): 11811.2, Max(ms): 16106.1
[Current] ORDER_STATUS - Takes(s): 9.7, Count: 150, TPM: 924.1, Sum(ms): 1551.3, Avg(ms): 10.3, 50th(ms): 10.0, 90th(ms): 14.7, 95th(ms): 15.7, 99th(ms): 19.9, 99.9th(ms): 25.2, Max(ms): 25.2
[Current] PAYMENT - Takes(s): 10.0, Count: 1476, TPM: 8856.8, Sum(ms): 185387.3, Avg(ms): 125.7, 50th(ms): 100.7, 90th(ms): 268.4, 95th(ms): 369.1, 99th(ms): 520.1, 99.9th(ms): 771.8, Max(ms): 805.3
[Current] STOCK_LEVEL - Takes(s): 10.0, Count: 131, TPM: 786.3, Sum(ms): 1903.2, Avg(ms): 14.5, 50th(ms): 11.0, 90th(ms): 22.0, 95th(ms): 28.3, 99th(ms): 92.3, 99.9th(ms): 121.6, Max(ms): 121.6
[Current] DELIVERY - Takes(s): 10.0, Count: 114, TPM: 686.9, Sum(ms): 9403.0, Avg(ms): 82.5, 50th(ms): 75.5, 90th(ms): 104.9, 95th(ms): 134.2, 99th(ms): 285.2, 99.9th(ms): 318.8, Max(ms): 318.8
[Current] NEW_ORDER - Takes(s): 10.0, Count: 1480, TPM: 8887.2, Sum(ms): 383665.4, Avg(ms): 259.6, 50th(ms): 71.3, 90th(ms): 486.5, 95th(ms): 1040.2, 99th(ms): 3623.9, 99.9th(ms): 12884.9, Max(ms): 13958.6
[Current] ORDER_STATUS - Takes(s): 9.9, Count: 113, TPM: 686.9, Sum(ms): 1201.1, Avg(ms): 10.6, 50th(ms): 10.5, 90th(ms): 15.7, 95th(ms): 17.8, 99th(ms): 23.1, 99.9th(ms): 28.3, Max(ms): 28.3
[Current] PAYMENT - Takes(s): 10.0, Count: 1422, TPM: 8535.2, Sum(ms): 194865.2, Avg(ms): 137.1, 50th(ms): 92.3, 90th(ms): 318.8, 95th(ms): 469.8, 99th(ms): 704.6, 99.9th(ms): 939.5, Max(ms): 939.5
[Current] STOCK_LEVEL - Takes(s): 9.9, Count: 139, TPM: 840.6, Sum(ms): 2198.5, Avg(ms): 15.8, 50th(ms): 10.5, 90th(ms): 22.0, 95th(ms): 37.7, 99th(ms): 142.6, 99.9th(ms): 176.2, Max(ms): 176.2
[Current] DELIVERY - Takes(s): 9.9, Count: 139, TPM: 838.3, Sum(ms): 11569.0, Avg(ms): 83.3, 50th(ms): 75.5, 90th(ms): 125.8, 95th(ms): 151.0, 99th(ms): 167.8, 99.9th(ms): 184.5, Max(ms): 184.5
[Current] NEW_ORDER - Takes(s): 10.0, Count: 1547, TPM: 9283.4, Sum(ms): 489941.6, Avg(ms): 307.8, 50th(ms): 71.3, 90th(ms): 520.1, 95th(ms): 1208.0, 99th(ms): 4831.8, 99.9th(ms): 13958.6, Max(ms): 16106.1
[Current] ORDER_STATUS - Takes(s): 10.0, Count: 124, TPM: 746.3, Sum(ms): 1191.1, Avg(ms): 9.6, 50th(ms): 10.0, 90th(ms): 12.6, 95th(ms): 14.2, 99th(ms): 17.8, 99.9th(ms): 18.9, Max(ms): 18.9
[Current] PAYMENT - Takes(s): 10.0, Count: 1496, TPM: 8977.5, Sum(ms): 191293.3, Avg(ms): 128.0, 50th(ms): 83.9, 90th(ms): 302.0, 95th(ms): 419.4, 99th(ms): 637.5, 99.9th(ms): 805.3, Max(ms): 805.3
[Current] STOCK_LEVEL - Takes(s): 9.9, Count: 144, TPM: 870.0, Sum(ms): 1963.6, Avg(ms): 13.6, 50th(ms): 11.0, 90th(ms): 22.0, 95th(ms): 27.3, 99th(ms): 88.1, 99.9th(ms): 100.7, Max(ms): 100.7
[Current] DELIVERY - Takes(s): 10.0, Count: 121, TPM: 727.9, Sum(ms): 8852.8, Avg(ms): 73.0, 50th(ms): 67.1, 90th(ms): 96.5, 95th(ms): 121.6, 99th(ms): 176.2, 99.9th(ms): 226.5, Max(ms): 226.5
[Current] NEW_ORDER - Takes(s): 10.0, Count: 1437, TPM: 8635.1, Sum(ms): 383971.5, Avg(ms): 266.9, 50th(ms): 75.5, 90th(ms): 453.0, 95th(ms): 906.0, 99th(ms): 4295.0, 99.9th(ms): 11274.3, Max(ms): 12348.0
[Current] ORDER_STATUS - Takes(s): 9.9, Count: 123, TPM: 742.6, Sum(ms): 1021.7, Avg(ms): 8.3, 50th(ms): 7.9, 90th(ms): 11.5, 95th(ms): 12.6, 99th(ms): 16.3, 99.9th(ms): 28.3, Max(ms): 28.3
[Current] PAYMENT - Takes(s): 10.0, Count: 1375, TPM: 8255.9, Sum(ms): 177571.7, Avg(ms): 129.2, 50th(ms): 96.5, 90th(ms): 302.0, 95th(ms): 369.1, 99th(ms): 536.9, 99.9th(ms): 637.5, Max(ms): 671.1
[Current] STOCK_LEVEL - Takes(s): 9.9, Count: 125, TPM: 756.3, Sum(ms): 1685.9, Avg(ms): 13.5, 50th(ms): 11.0, 90th(ms): 23.1, 95th(ms): 31.5, 99th(ms): 44.0, 99.9th(ms): 117.4, Max(ms): 117.4
[Current] DELIVERY - Takes(s): 9.9, Count: 113, TPM: 682.8, Sum(ms): 8211.6, Avg(ms): 72.6, 50th(ms): 67.1, 90th(ms): 100.7, 95th(ms): 121.6, 99th(ms): 151.0, 99.9th(ms): 209.7, Max(ms): 209.7
[Current] NEW_ORDER - Takes(s): 10.0, Count: 1421, TPM: 8529.5, Sum(ms): 401849.5, Avg(ms): 282.6, 50th(ms): 71.3, 90th(ms): 419.4, 95th(ms): 973.1, 99th(ms): 5905.6, 99.9th(ms): 13421.8, Max(ms): 15569.3
[Current] ORDER_STATUS - Takes(s): 9.7, Count: 114, TPM: 705.7, Sum(ms): 961.3, Avg(ms): 8.5, 50th(ms): 8.4, 90th(ms): 12.1, 95th(ms): 12.6, 99th(ms): 22.0, 99.9th(ms): 27.3, Max(ms): 27.3
[Current] PAYMENT - Takes(s): 10.0, Count: 1373, TPM: 8246.2, Sum(ms): 162824.0, Avg(ms): 118.7, 50th(ms): 71.3, 90th(ms): 285.2, 95th(ms): 385.9, 99th(ms): 704.6, 99.9th(ms): 1006.6, Max(ms): 1006.6
[Current] STOCK_LEVEL - Takes(s): 10.0, Count: 130, TPM: 781.8, Sum(ms): 1633.2, Avg(ms): 12.6, 50th(ms): 11.0, 90th(ms): 18.9, 95th(ms): 26.2, 99th(ms): 41.9, 99.9th(ms): 56.6, Max(ms): 56.6
[Current] DELIVERY - Takes(s): 10.0, Count: 128, TPM: 768.7, Sum(ms): 9840.3, Avg(ms): 77.0, 50th(ms): 71.3, 90th(ms): 109.1, 95th(ms): 142.6, 99th(ms): 176.2, 99.9th(ms): 192.9, Max(ms): 192.9
[Current] NEW_ORDER - Takes(s): 10.0, Count: 1431, TPM: 8619.3, Sum(ms): 551533.9, Avg(ms): 363.9, 50th(ms): 79.7, 90th(ms): 453.0, 95th(ms): 1140.9, 99th(ms): 9663.7, 99.9th(ms): 16106.1, Max(ms): 16106.1
[Current] ORDER_STATUS - Takes(s): 9.8, Count: 135, TPM: 827.2, Sum(ms): 1202.6, Avg(ms): 8.9, 50th(ms): 8.4, 90th(ms): 14.2, 95th(ms): 14.7, 99th(ms): 23.1, 99.9th(ms): 30.4, Max(ms): 30.4
[Current] PAYMENT - Takes(s): 10.0, Count: 1311, TPM: 7874.2, Sum(ms): 183381.4, Avg(ms): 140.0, 50th(ms): 83.9, 90th(ms): 335.5, 95th(ms): 469.8, 99th(ms): 805.3, 99.9th(ms): 1073.7, Max(ms): 1140.9
[Current] STOCK_LEVEL - Takes(s): 9.9, Count: 130, TPM: 785.1, Sum(ms): 2114.7, Avg(ms): 16.3, 50th(ms): 11.5, 90th(ms): 25.2, 95th(ms): 39.8, 99th(ms): 113.2, 99.9th(ms): 184.5, Max(ms): 184.5
[Current] DELIVERY - Takes(s): 9.9, Count: 131, TPM: 790.3, Sum(ms): 11487.5, Avg(ms): 87.3, 50th(ms): 75.5, 90th(ms): 142.6, 95th(ms): 159.4, 99th(ms): 260.0, 99.9th(ms): 335.5, Max(ms): 335.5
[Current] NEW_ORDER - Takes(s): 10.0, Count: 1397, TPM: 8388.7, Sum(ms): 422431.7, Avg(ms): 301.7, 50th(ms): 92.3, 90th(ms): 570.4, 95th(ms): 1006.6, 99th(ms): 4831.8, 99.9th(ms): 11274.3, Max(ms): 15032.4
[Current] ORDER_STATUS - Takes(s): 10.0, Count: 117, TPM: 704.0, Sum(ms): 1077.5, Avg(ms): 9.2, 50th(ms): 8.9, 90th(ms): 12.6, 95th(ms): 14.2, 99th(ms): 21.0, 99.9th(ms): 21.0, Max(ms): 21.0
[Current] PAYMENT - Takes(s): 10.0, Count: 1340, TPM: 8044.9, Sum(ms): 187610.0, Avg(ms): 140.1, 50th(ms): 104.9, 90th(ms): 302.0, 95th(ms): 402.7, 99th(ms): 604.0, 99.9th(ms): 805.3, Max(ms): 906.0
[Current] STOCK_LEVEL - Takes(s): 10.0, Count: 111, TPM: 668.7, Sum(ms): 1915.5, Avg(ms): 17.2, 50th(ms): 12.6, 90th(ms): 26.2, 95th(ms): 39.8, 99th(ms): 100.7, 99.9th(ms): 130.0, Max(ms): 130.0
[Current] DELIVERY - Takes(s): 10.0, Count: 123, TPM: 738.3, Sum(ms): 9667.2, Avg(ms): 78.7, 50th(ms): 71.3, 90th(ms): 113.2, 95th(ms): 142.6, 99th(ms): 151.0, 99.9th(ms): 218.1, Max(ms): 218.1
[Current] NEW_ORDER - Takes(s): 10.0, Count: 1398, TPM: 8391.2, Sum(ms): 417221.4, Avg(ms): 292.5, 50th(ms): 83.9, 90th(ms): 536.9, 95th(ms): 1040.2, 99th(ms): 3758.1, 99.9th(ms): 12348.0, Max(ms): 16106.1
[Current] ORDER_STATUS - Takes(s): 9.8, Count: 126, TPM: 772.5, Sum(ms): 1150.0, Avg(ms): 9.1, 50th(ms): 8.4, 90th(ms): 12.6, 95th(ms): 14.2, 99th(ms): 22.0, 99.9th(ms): 37.7, Max(ms): 37.7
[Current] PAYMENT - Takes(s): 10.0, Count: 1304, TPM: 7846.3, Sum(ms): 195324.1, Avg(ms): 149.9, 50th(ms): 100.7, 90th(ms): 352.3, 95th(ms): 453.0, 99th(ms): 771.8, 99.9th(ms): 1040.2, Max(ms): 1208.0
[Current] STOCK_LEVEL - Takes(s): 9.7, Count: 140, TPM: 867.8, Sum(ms): 2041.7, Avg(ms): 14.6, 50th(ms): 12.6, 90th(ms): 22.0, 95th(ms): 29.4, 99th(ms): 52.4, 99.9th(ms): 75.5, Max(ms): 75.5
[Current] DELIVERY - Takes(s): 10.0, Count: 114, TPM: 684.7, Sum(ms): 9045.6, Avg(ms): 79.4, 50th(ms): 71.3, 90th(ms): 125.8, 95th(ms): 142.6, 99th(ms): 184.5, 99.9th(ms): 201.3, Max(ms): 201.3
[Current] NEW_ORDER - Takes(s): 10.0, Count: 1528, TPM: 9175.6, Sum(ms): 496835.1, Avg(ms): 311.1, 50th(ms): 83.9, 90th(ms): 453.0, 95th(ms): 872.4, 99th(ms): 6710.9, 99.9th(ms): 16106.1, Max(ms): 16106.1
[Current] ORDER_STATUS - Takes(s): 10.0, Count: 120, TPM: 723.3, Sum(ms): 1108.2, Avg(ms): 9.2, 50th(ms): 8.4, 90th(ms): 14.2, 95th(ms): 16.3, 99th(ms): 28.3, 99.9th(ms): 37.7, Max(ms): 37.7
[Current] PAYMENT - Takes(s): 10.0, Count: 1393, TPM: 8366.3, Sum(ms): 187971.0, Avg(ms): 135.0, 50th(ms): 96.5, 90th(ms): 318.8, 95th(ms): 402.7, 99th(ms): 570.4, 99.9th(ms): 838.9, Max(ms): 872.4
[Current] STOCK_LEVEL - Takes(s): 10.0, Count: 129, TPM: 776.1, Sum(ms): 1817.6, Avg(ms): 14.1, 50th(ms): 12.6, 90th(ms): 21.0, 95th(ms): 28.3, 99th(ms): 41.9, 99.9th(ms): 75.5, Max(ms): 75.5
[Current] DELIVERY - Takes(s): 10.0, Count: 118, TPM: 709.3, Sum(ms): 8730.5, Avg(ms): 74.1, 50th(ms): 71.3, 90th(ms): 96.5, 95th(ms): 134.2, 99th(ms): 176.2, 99.9th(ms): 184.5, Max(ms): 184.5
[Current] NEW_ORDER - Takes(s): 10.0, Count: 1389, TPM: 8346.6, Sum(ms): 378096.0, Avg(ms): 272.2, 50th(ms): 79.7, 90th(ms): 637.5, 95th(ms): 1140.9, 99th(ms): 3221.2, 99.9th(ms): 12884.9, Max(ms): 14495.5
[Current] ORDER_STATUS - Takes(s): 9.9, Count: 117, TPM: 706.5, Sum(ms): 1034.8, Avg(ms): 8.9, 50th(ms): 8.4, 90th(ms): 13.1, 95th(ms): 15.2, 99th(ms): 18.9, 99.9th(ms): 28.3, Max(ms): 28.3
[Current] PAYMENT - Takes(s): 10.0, Count: 1403, TPM: 8430.6, Sum(ms): 202468.6, Avg(ms): 144.3, 50th(ms): 96.5, 90th(ms): 352.3, 95th(ms): 453.0, 99th(ms): 671.1, 99.9th(ms): 939.5, Max(ms): 1040.2
[Current] STOCK_LEVEL - Takes(s): 9.9, Count: 127, TPM: 768.0, Sum(ms): 1990.0, Avg(ms): 15.6, 50th(ms): 12.1, 90th(ms): 24.1, 95th(ms): 39.8, 99th(ms): 75.5, 99.9th(ms): 125.8, Max(ms): 125.8
[Current] DELIVERY - Takes(s): 9.9, Count: 135, TPM: 819.5, Sum(ms): 10729.2, Avg(ms): 79.6, 50th(ms): 71.3, 90th(ms): 121.6, 95th(ms): 159.4, 99th(ms): 192.9, 99.9th(ms): 218.1, Max(ms): 218.1
[Current] NEW_ORDER - Takes(s): 10.0, Count: 1429, TPM: 8578.0, Sum(ms): 440265.7, Avg(ms): 306.6, 50th(ms): 79.7, 90th(ms): 453.0, 95th(ms): 1140.9, 99th(ms): 5368.7, 99.9th(ms): 14495.5, Max(ms): 16106.1
[Current] ORDER_STATUS - Takes(s): 9.9, Count: 124, TPM: 749.4, Sum(ms): 1057.3, Avg(ms): 8.5, 50th(ms): 8.4, 90th(ms): 11.5, 95th(ms): 13.6, 99th(ms): 16.3, 99.9th(ms): 16.8, Max(ms): 16.8
[Current] PAYMENT - Takes(s): 10.0, Count: 1418, TPM: 8512.0, Sum(ms): 187799.9, Avg(ms): 132.4, 50th(ms): 92.3, 90th(ms): 302.0, 95th(ms): 436.2, 99th(ms): 704.6, 99.9th(ms): 1073.7, Max(ms): 1073.7
[Current] STOCK_LEVEL - Takes(s): 9.9, Count: 125, TPM: 755.4, Sum(ms): 1609.2, Avg(ms): 12.9, 50th(ms): 11.0, 90th(ms): 19.9, 95th(ms): 26.2, 99th(ms): 44.0, 99.9th(ms): 83.9, Max(ms): 83.9
[Current] DELIVERY - Takes(s): 10.0, Count: 135, TPM: 812.7, Sum(ms): 10931.9, Avg(ms): 81.0, 50th(ms): 71.3, 90th(ms): 130.0, 95th(ms): 167.8, 99th(ms): 268.4, 99.9th(ms): 335.5, Max(ms): 335.5
[Current] NEW_ORDER - Takes(s): 10.0, Count: 1438, TPM: 8632.8, Sum(ms): 430718.9, Avg(ms): 293.8, 50th(ms): 79.7, 90th(ms): 436.2, 95th(ms): 973.1, 99th(ms): 4295.0, 99.9th(ms): 16106.1, Max(ms): 16106.1
[Current] ORDER_STATUS - Takes(s): 10.0, Count: 120, TPM: 720.5, Sum(ms): 1125.2, Avg(ms): 9.4, 50th(ms): 8.9, 90th(ms): 13.1, 95th(ms): 15.2, 99th(ms): 24.1, 99.9th(ms): 25.2, Max(ms): 25.2
[Current] PAYMENT - Takes(s): 10.0, Count: 1343, TPM: 8062.2, Sum(ms): 182995.4, Avg(ms): 136.3, 50th(ms): 100.7, 90th(ms): 318.8, 95th(ms): 419.4, 99th(ms): 637.5, 99.9th(ms): 771.8, Max(ms): 906.0
[Current] STOCK_LEVEL - Takes(s): 10.0, Count: 129, TPM: 776.7, Sum(ms): 1887.9, Avg(ms): 14.6, 50th(ms): 12.1, 90th(ms): 21.0, 95th(ms): 25.2, 99th(ms): 96.5, 99.9th(ms): 109.1, Max(ms): 109.1
[Current] DELIVERY - Takes(s): 10.0, Count: 123, TPM: 741.3, Sum(ms): 10287.3, Avg(ms): 83.7, 50th(ms): 71.3, 90th(ms): 121.6, 95th(ms): 159.4, 99th(ms): 226.5, 99.9th(ms): 302.0, Max(ms): 302.0
[Current] NEW_ORDER - Takes(s): 10.0, Count: 1493, TPM: 8977.8, Sum(ms): 447160.6, Avg(ms): 296.8, 50th(ms): 83.9, 90th(ms): 436.2, 95th(ms): 939.5, 99th(ms): 5100.3, 99.9th(ms): 16106.1, Max(ms): 16106.1
[Current] ORDER_STATUS - Takes(s): 9.9, Count: 125, TPM: 756.9, Sum(ms): 1189.8, Avg(ms): 9.5, 50th(ms): 8.4, 90th(ms): 15.2, 95th(ms): 17.8, 99th(ms): 21.0, 99.9th(ms): 26.2, Max(ms): 26.2
[Current] PAYMENT - Takes(s): 10.0, Count: 1312, TPM: 7874.0, Sum(ms): 170210.4, Avg(ms): 129.7, 50th(ms): 92.3, 90th(ms): 285.2, 95th(ms): 369.1, 99th(ms): 671.1, 99.9th(ms): 906.0, Max(ms): 1073.7
[Current] STOCK_LEVEL - Takes(s): 10.0, Count: 136, TPM: 819.2, Sum(ms): 2097.8, Avg(ms): 15.4, 50th(ms): 13.1, 90th(ms): 24.1, 95th(ms): 30.4, 99th(ms): 54.5, 99.9th(ms): 79.7, Max(ms): 79.7
[Current] DELIVERY - Takes(s): 10.0, Count: 132, TPM: 792.3, Sum(ms): 10363.0, Avg(ms): 78.5, 50th(ms): 71.3, 90th(ms): 117.4, 95th(ms): 142.6, 99th(ms): 201.3, 99.9th(ms): 209.7, Max(ms): 209.7
[Current] NEW_ORDER - Takes(s): 10.0, Count: 1367, TPM: 8202.7, Sum(ms): 451525.1, Avg(ms): 317.9, 50th(ms): 71.3, 90th(ms): 570.4, 95th(ms): 1275.1, 99th(ms): 4831.8, 99.9th(ms): 16106.1, Max(ms): 16106.1
[Current] ORDER_STATUS - Takes(s): 9.9, Count: 123, TPM: 743.4, Sum(ms): 1061.8, Avg(ms): 8.6, 50th(ms): 7.9, 90th(ms): 12.6, 95th(ms): 15.2, 99th(ms): 16.8, 99.9th(ms): 21.0, Max(ms): 21.0
[Current] PAYMENT - Takes(s): 10.0, Count: 1357, TPM: 8146.6, Sum(ms): 187393.5, Avg(ms): 138.0, 50th(ms): 79.7, 90th(ms): 335.5, 95th(ms): 469.8, 99th(ms): 771.8, 99.9th(ms): 1140.9, Max(ms): 1140.9
[Current] STOCK_LEVEL - Takes(s): 9.9, Count: 110, TPM: 665.5, Sum(ms): 1539.8, Avg(ms): 14.0, 50th(ms): 12.1, 90th(ms): 22.0, 95th(ms): 27.3, 99th(ms): 37.7, 99.9th(ms): 39.8, Max(ms): 39.8
Finished
[Summary] DELIVERY - Takes(s): 307.5, Count: 3757, TPM: 733.1, Sum(ms): 310567.8, Avg(ms): 82.7, 50th(ms): 75.5, 90th(ms): 125.8, 95th(ms): 159.4, 99th(ms): 209.7, 99.9th(ms): 302.0, Max(ms): 335.5
[Summary] NEW_ORDER - Takes(s): 307.6, Count: 43003, TPM: 8389.3, Sum(ms): 12910660.8, Avg(ms): 297.1, 50th(ms): 79.7, 90th(ms): 503.3, 95th(ms): 1073.7, 99th(ms): 4831.8, 99.9th(ms): 14495.5, Max(ms): 16106.1
[Summary] ORDER_STATUS - Takes(s): 307.6, Count: 3765, TPM: 734.4, Sum(ms): 37398.0, Avg(ms): 9.9, 50th(ms): 9.4, 90th(ms): 14.7, 95th(ms): 16.3, 99th(ms): 23.1, 99.9th(ms): 37.7, Max(ms): 48.2
[Summary] PAYMENT - Takes(s): 307.6, Count: 41346, TPM: 8065.2, Sum(ms): 5859130.2, Avg(ms): 141.8, 50th(ms): 100.7, 90th(ms): 318.8, 95th(ms): 436.2, 99th(ms): 704.6, 99.9th(ms): 1073.7, Max(ms): 1677.7
[Summary] STOCK_LEVEL - Takes(s): 307.5, Count: 3880, TPM: 757.1, Sum(ms): 61592.9, Avg(ms): 15.9, 50th(ms): 11.5, 90th(ms): 27.3, 95th(ms): 39.8, 99th(ms): 92.3, 99.9th(ms): 184.5, Max(ms): 209.7
tpmC: 8389.3, tpmTotal: 18679.1, efficiency: 16308.9%
