2026/06/19 01:55:51 maxprocs: Leaving GOMAXPROCS=4: CPU quota undefined
creating table warehouse
creating table district
creating table customer
creating index idx_customer
creating table history
creating index idx_h_w_id
creating index idx_h_c_w_id
creating table new_order
creating table orders
creating index idx_order
creating table order_line
creating table stock
creating table item
load to item
load to warehouse in warehouse 1
load to stock in warehouse 1
load to district in warehouse 1
load to warehouse in warehouse 2
load to stock in warehouse 2
load to district in warehouse 2
load to warehouse in warehouse 3
load to stock in warehouse 3
load to district in warehouse 3
load to warehouse in warehouse 4
load to stock in warehouse 4
load to district in warehouse 4
load to customer in warehouse 1 district 1
load to history in warehouse 1 district 1
load to orders in warehouse 1 district 1
load to new_order in warehouse 1 district 1
load to order_line in warehouse 1 district 1
load to customer in warehouse 1 district 2
load to history in warehouse 1 district 2
load to orders in warehouse 1 district 2
load to new_order in warehouse 1 district 2
load to order_line in warehouse 1 district 2
load to customer in warehouse 1 district 3
load to history in warehouse 1 district 3
load to orders in warehouse 1 district 3
load to new_order in warehouse 1 district 3
load to order_line in warehouse 1 district 3
load to customer in warehouse 1 district 4
load to history in warehouse 1 district 4
load to orders in warehouse 1 district 4
load to new_order in warehouse 1 district 4
load to order_line in warehouse 1 district 4
load to customer in warehouse 1 district 5
load to history in warehouse 1 district 5
load to orders in warehouse 1 district 5
load to new_order in warehouse 1 district 5
load to order_line in warehouse 1 district 5
load to customer in warehouse 1 district 6
load to history in warehouse 1 district 6
load to orders in warehouse 1 district 6
load to new_order in warehouse 1 district 6
load to order_line in warehouse 1 district 6
load to customer in warehouse 1 district 7
load to history in warehouse 1 district 7
load to orders in warehouse 1 district 7
load to new_order in warehouse 1 district 7
load to order_line in warehouse 1 district 7
load to customer in warehouse 1 district 8
load to history in warehouse 1 district 8
load to orders in warehouse 1 district 8
load to new_order in warehouse 1 district 8
load to order_line in warehouse 1 district 8
load to customer in warehouse 1 district 9
load to history in warehouse 1 district 9
load to orders in warehouse 1 district 9
load to new_order in warehouse 1 district 9
load to order_line in warehouse 1 district 9
load to customer in warehouse 1 district 10
load to history in warehouse 1 district 10
load to orders in warehouse 1 district 10
load to new_order in warehouse 1 district 10
load to order_line in warehouse 1 district 10
load to customer in warehouse 2 district 1
load to history in warehouse 2 district 1
load to orders in warehouse 2 district 1
load to new_order in warehouse 2 district 1
load to order_line in warehouse 2 district 1
load to customer in warehouse 2 district 2
load to history in warehouse 2 district 2
load to orders in warehouse 2 district 2
load to new_order in warehouse 2 district 2
load to order_line in warehouse 2 district 2
load to customer in warehouse 2 district 3
load to history in warehouse 2 district 3
load to orders in warehouse 2 district 3
load to new_order in warehouse 2 district 3
load to order_line in warehouse 2 district 3
load to customer in warehouse 2 district 4
load to history in warehouse 2 district 4
load to orders in warehouse 2 district 4
load to new_order in warehouse 2 district 4
load to order_line in warehouse 2 district 4
load to customer in warehouse 2 district 5
load to history in warehouse 2 district 5
load to orders in warehouse 2 district 5
load to new_order in warehouse 2 district 5
load to order_line in warehouse 2 district 5
load to customer in warehouse 2 district 6
load to history in warehouse 2 district 6
load to orders in warehouse 2 district 6
load to new_order in warehouse 2 district 6
load to order_line in warehouse 2 district 6
load to customer in warehouse 2 district 7
load to history in warehouse 2 district 7
load to orders in warehouse 2 district 7
load to new_order in warehouse 2 district 7
load to order_line in warehouse 2 district 7
load to customer in warehouse 2 district 8
load to history in warehouse 2 district 8
load to orders in warehouse 2 district 8
load to new_order in warehouse 2 district 8
load to order_line in warehouse 2 district 8
load to customer in warehouse 2 district 9
load to history in warehouse 2 district 9
load to orders in warehouse 2 district 9
load to new_order in warehouse 2 district 9
load to order_line in warehouse 2 district 9
load to customer in warehouse 2 district 10
load to history in warehouse 2 district 10
load to orders in warehouse 2 district 10
load to new_order in warehouse 2 district 10
load to order_line in warehouse 2 district 10
load to customer in warehouse 3 district 1
load to history in warehouse 3 district 1
load to orders in warehouse 3 district 1
load to new_order in warehouse 3 district 1
load to order_line in warehouse 3 district 1
load to customer in warehouse 3 district 2
load to history in warehouse 3 district 2
load to orders in warehouse 3 district 2
load to new_order in warehouse 3 district 2
load to order_line in warehouse 3 district 2
load to customer in warehouse 3 district 3
load to history in warehouse 3 district 3
load to orders in warehouse 3 district 3
load to new_order in warehouse 3 district 3
load to order_line in warehouse 3 district 3
load to customer in warehouse 3 district 4
load to history in warehouse 3 district 4
load to orders in warehouse 3 district 4
load to new_order in warehouse 3 district 4
load to order_line in warehouse 3 district 4
load to customer in warehouse 3 district 5
load to history in warehouse 3 district 5
load to orders in warehouse 3 district 5
load to new_order in warehouse 3 district 5
load to order_line in warehouse 3 district 5
load to customer in warehouse 3 district 6
load to history in warehouse 3 district 6
load to orders in warehouse 3 district 6
load to new_order in warehouse 3 district 6
load to order_line in warehouse 3 district 6
load to customer in warehouse 3 district 7
load to history in warehouse 3 district 7
load to orders in warehouse 3 district 7
load to new_order in warehouse 3 district 7
load to order_line in warehouse 3 district 7
load to customer in warehouse 3 district 8
load to history in warehouse 3 district 8
load to orders in warehouse 3 district 8
load to new_order in warehouse 3 district 8
load to order_line in warehouse 3 district 8
load to customer in warehouse 3 district 9
load to history in warehouse 3 district 9
load to orders in warehouse 3 district 9
load to new_order in warehouse 3 district 9
load to order_line in warehouse 3 district 9
load to customer in warehouse 3 district 10
load to history in warehouse 3 district 10
load to orders in warehouse 3 district 10
load to new_order in warehouse 3 district 10
load to order_line in warehouse 3 district 10
load to customer in warehouse 4 district 1
load to history in warehouse 4 district 1
load to orders in warehouse 4 district 1
load to new_order in warehouse 4 district 1
load to order_line in warehouse 4 district 1
load to customer in warehouse 4 district 2
load to history in warehouse 4 district 2
load to orders in warehouse 4 district 2
load to new_order in warehouse 4 district 2
load to order_line in warehouse 4 district 2
load to customer in warehouse 4 district 3
load to history in warehouse 4 district 3
load to orders in warehouse 4 district 3
load to new_order in warehouse 4 district 3
load to order_line in warehouse 4 district 3
load to customer in warehouse 4 district 4
load to history in warehouse 4 district 4
load to orders in warehouse 4 district 4
load to new_order in warehouse 4 district 4
load to order_line in warehouse 4 district 4
load to customer in warehouse 4 district 5
load to history in warehouse 4 district 5
load to orders in warehouse 4 district 5
load to new_order in warehouse 4 district 5
load to order_line in warehouse 4 district 5
load to customer in warehouse 4 district 6
load to history in warehouse 4 district 6
load to orders in warehouse 4 district 6
load to new_order in warehouse 4 district 6
load to order_line in warehouse 4 district 6
load to customer in warehouse 4 district 7
load to history in warehouse 4 district 7
load to orders in warehouse 4 district 7
load to new_order in warehouse 4 district 7
load to order_line in warehouse 4 district 7
load to customer in warehouse 4 district 8
load to history in warehouse 4 district 8
load to orders in warehouse 4 district 8
load to new_order in warehouse 4 district 8
load to order_line in warehouse 4 district 8
load to customer in warehouse 4 district 9
load to history in warehouse 4 district 9
load to orders in warehouse 4 district 9
load to new_order in warehouse 4 district 9
load to order_line in warehouse 4 district 9
load to customer in warehouse 4 district 10
load to history in warehouse 4 district 10
load to orders in warehouse 4 district 10
load to new_order in warehouse 4 district 10
load to order_line in warehouse 4 district 10
begin to check warehouse 1 at condition 3.3.2.2
begin to check warehouse 1 at condition 3.3.2.5
begin to check warehouse 1 at condition 3.3.2.7
begin to check warehouse 1 at condition 3.3.2.8
begin to check warehouse 1 at condition 3.3.2.11
begin to check warehouse 1 at condition 3.3.2.12
check prepare failed, err check warehouse 1 at condition 3.3.2.12 failed exec SELECT count(*) FROM (SELECT  c.c_id, c.c_d_id, c.c_balance c1, c_ytd_payment, 
		(SELECT sum(ol_amount) FROM orders, order_line 
		WHERE OL_W_ID=O_W_ID AND OL_D_ID = O_D_ID AND OL_O_ID = O_ID AND OL_DELIVERY_D IS NOT NULL AND 
		O_W_ID=? AND O_D_ID=c.C_D_ID AND O_C_ID=c.C_ID) sm FROM customer c WHERE  c.c_w_id = ?) t1 
		WHERE c1+c_ytd_payment <> sm failed pq: joinreader-mem: memory budget exceeded: 14278656 bytes requested, 55215936 currently allocated, 0 bytes in budget
Finished
