2026/04/27 13:16:12 maxprocs: Leaving GOMAXPROCS=4: CPU quota undefined
[Current] DELIVERY - Takes(s): 9.2, Count: 218, TPM: 1421.7, Sum(ms): 143067.7, Avg(ms): 656.0, 50th(ms): 604.0, 90th(ms): 906.0, 95th(ms): 1040.2, 99th(ms): 1409.3, 99.9th(ms): 1476.4, Max(ms): 1476.4
[Current] NEW_ORDER - Takes(s): 9.6, Count: 2808, TPM: 17492.5, Sum(ms): 593826.2, Avg(ms): 211.6, 50th(ms): 201.3, 90th(ms): 302.0, 95th(ms): 335.5, 99th(ms): 419.4, 99.9th(ms): 536.9, Max(ms): 570.4
[Current] ORDER_STATUS - Takes(s): 9.7, Count: 241, TPM: 1487.9, Sum(ms): 22549.5, Avg(ms): 93.6, 50th(ms): 92.3, 90th(ms): 142.6, 95th(ms): 159.4, 99th(ms): 192.9, 99.9th(ms): 260.0, Max(ms): 260.0
[Current] PAYMENT - Takes(s): 9.7, Count: 2792, TPM: 17248.5, Sum(ms): 416446.3, Avg(ms): 149.2, 50th(ms): 134.2, 90th(ms): 226.5, 95th(ms): 285.2, 99th(ms): 419.4, 99.9th(ms): 503.3, Max(ms): 671.1
[Current] STOCK_LEVEL - Takes(s): 9.6, Count: 247, TPM: 1537.1, Sum(ms): 26195.7, Avg(ms): 106.1, 50th(ms): 92.3, 90th(ms): 167.8, 95th(ms): 201.3, 99th(ms): 285.2, 99.9th(ms): 385.9, Max(ms): 385.9
[Current] DELIVERY - Takes(s): 9.8, Count: 249, TPM: 1520.8, Sum(ms): 161345.5, Avg(ms): 647.9, 50th(ms): 637.5, 90th(ms): 906.0, 95th(ms): 1040.2, 99th(ms): 1342.2, 99.9th(ms): 1543.5, Max(ms): 1543.5
[Current] NEW_ORDER - Takes(s): 10.0, Count: 3044, TPM: 18272.6, Sum(ms): 615657.2, Avg(ms): 202.4, 50th(ms): 192.9, 90th(ms): 302.0, 95th(ms): 352.3, 99th(ms): 436.2, 99.9th(ms): 520.1, Max(ms): 604.0
[Current] ORDER_STATUS - Takes(s): 10.0, Count: 282, TPM: 1693.1, Sum(ms): 24841.8, Avg(ms): 88.1, 50th(ms): 83.9, 90th(ms): 134.2, 95th(ms): 151.0, 99th(ms): 218.1, 99.9th(ms): 226.5, Max(ms): 226.5
[Current] PAYMENT - Takes(s): 10.0, Count: 2807, TPM: 16860.5, Sum(ms): 419063.9, Avg(ms): 149.4, 50th(ms): 130.0, 90th(ms): 243.3, 95th(ms): 302.0, 99th(ms): 402.7, 99.9th(ms): 570.4, Max(ms): 738.2
[Current] STOCK_LEVEL - Takes(s): 9.9, Count: 288, TPM: 1739.7, Sum(ms): 28113.4, Avg(ms): 97.7, 50th(ms): 88.1, 90th(ms): 159.4, 95th(ms): 209.7, 99th(ms): 260.0, 99.9th(ms): 419.4, Max(ms): 419.4
[Current] DELIVERY - Takes(s): 10.0, Count: 291, TPM: 1746.1, Sum(ms): 197758.7, Avg(ms): 679.2, 50th(ms): 637.5, 90th(ms): 906.0, 95th(ms): 1140.9, 99th(ms): 1409.3, 99.9th(ms): 1476.4, Max(ms): 1476.4
[Current] NEW_ORDER - Takes(s): 10.0, Count: 3016, TPM: 18098.7, Sum(ms): 611963.9, Avg(ms): 203.0, 50th(ms): 201.3, 90th(ms): 285.2, 95th(ms): 318.8, 99th(ms): 402.7, 99.9th(ms): 604.0, Max(ms): 838.9
[Current] ORDER_STATUS - Takes(s): 10.0, Count: 232, TPM: 1398.7, Sum(ms): 20963.3, Avg(ms): 90.4, 50th(ms): 88.1, 90th(ms): 142.6, 95th(ms): 159.4, 99th(ms): 184.5, 99.9th(ms): 201.3, Max(ms): 201.3
[Current] PAYMENT - Takes(s): 10.0, Count: 2791, TPM: 16746.5, Sum(ms): 404501.4, Avg(ms): 145.0, 50th(ms): 130.0, 90th(ms): 226.5, 95th(ms): 268.4, 99th(ms): 369.1, 99.9th(ms): 486.5, Max(ms): 671.1
[Current] STOCK_LEVEL - Takes(s): 10.0, Count: 277, TPM: 1669.4, Sum(ms): 23507.8, Avg(ms): 85.0, 50th(ms): 79.7, 90th(ms): 121.6, 95th(ms): 142.6, 99th(ms): 226.5, 99.9th(ms): 285.2, Max(ms): 285.2
[Current] DELIVERY - Takes(s): 10.0, Count: 287, TPM: 1724.1, Sum(ms): 196564.5, Avg(ms): 683.9, 50th(ms): 637.5, 90th(ms): 973.1, 95th(ms): 1275.1, 99th(ms): 1677.7, 99.9th(ms): 2013.3, Max(ms): 2013.3
[Current] NEW_ORDER - Takes(s): 10.0, Count: 2932, TPM: 17595.9, Sum(ms): 598434.2, Avg(ms): 204.1, 50th(ms): 192.9, 90th(ms): 285.2, 95th(ms): 335.5, 99th(ms): 453.0, 99.9th(ms): 520.1, Max(ms): 637.5
[Current] ORDER_STATUS - Takes(s): 9.9, Count: 244, TPM: 1477.4, Sum(ms): 21246.4, Avg(ms): 87.1, 50th(ms): 83.9, 90th(ms): 130.0, 95th(ms): 151.0, 99th(ms): 192.9, 99.9th(ms): 226.5, Max(ms): 226.5
[Current] PAYMENT - Takes(s): 10.0, Count: 2818, TPM: 16913.3, Sum(ms): 416847.1, Avg(ms): 147.9, 50th(ms): 130.0, 90th(ms): 234.9, 95th(ms): 285.2, 99th(ms): 385.9, 99.9th(ms): 604.0, Max(ms): 838.9
[Current] STOCK_LEVEL - Takes(s): 10.0, Count: 245, TPM: 1472.3, Sum(ms): 22240.0, Avg(ms): 90.6, 50th(ms): 83.9, 90th(ms): 142.6, 95th(ms): 167.8, 99th(ms): 268.4, 99.9th(ms): 402.7, Max(ms): 402.7
[Current] DELIVERY - Takes(s): 9.9, Count: 280, TPM: 1693.0, Sum(ms): 175321.2, Avg(ms): 626.6, 50th(ms): 604.0, 90th(ms): 872.4, 95th(ms): 1006.6, 99th(ms): 1208.0, 99.9th(ms): 1409.3, Max(ms): 1409.3
[Current] NEW_ORDER - Takes(s): 10.0, Count: 3094, TPM: 18566.2, Sum(ms): 615866.3, Avg(ms): 199.1, 50th(ms): 192.9, 90th(ms): 285.2, 95th(ms): 318.8, 99th(ms): 402.7, 99.9th(ms): 520.1, Max(ms): 637.5
[Current] ORDER_STATUS - Takes(s): 10.0, Count: 268, TPM: 1609.2, Sum(ms): 23796.2, Avg(ms): 88.8, 50th(ms): 88.1, 90th(ms): 130.0, 95th(ms): 167.8, 99th(ms): 184.5, 99.9th(ms): 201.3, Max(ms): 201.3
[Current] PAYMENT - Takes(s): 10.0, Count: 2910, TPM: 17481.8, Sum(ms): 411756.4, Avg(ms): 141.5, 50th(ms): 125.8, 90th(ms): 226.5, 95th(ms): 268.4, 99th(ms): 369.1, 99.9th(ms): 637.5, Max(ms): 805.3
[Current] STOCK_LEVEL - Takes(s): 10.0, Count: 262, TPM: 1576.6, Sum(ms): 27545.8, Avg(ms): 105.1, 50th(ms): 92.3, 90th(ms): 176.2, 95th(ms): 226.5, 99th(ms): 268.4, 99.9th(ms): 285.2, Max(ms): 285.2
[Current] DELIVERY - Takes(s): 10.0, Count: 300, TPM: 1806.9, Sum(ms): 174761.1, Avg(ms): 582.9, 50th(ms): 570.4, 90th(ms): 738.2, 95th(ms): 939.5, 99th(ms): 1208.0, 99.9th(ms): 1275.1, Max(ms): 1275.1
[Current] NEW_ORDER - Takes(s): 10.0, Count: 3356, TPM: 20144.8, Sum(ms): 607720.8, Avg(ms): 181.1, 50th(ms): 176.2, 90th(ms): 243.3, 95th(ms): 285.2, 99th(ms): 369.1, 99.9th(ms): 453.0, Max(ms): 570.4
[Current] ORDER_STATUS - Takes(s): 10.0, Count: 291, TPM: 1748.0, Sum(ms): 23242.6, Avg(ms): 79.8, 50th(ms): 75.5, 90th(ms): 117.4, 95th(ms): 134.2, 99th(ms): 167.8, 99.9th(ms): 184.5, Max(ms): 184.5
[Current] PAYMENT - Takes(s): 10.0, Count: 3262, TPM: 19606.5, Sum(ms): 422638.7, Avg(ms): 129.6, 50th(ms): 117.4, 90th(ms): 201.3, 95th(ms): 243.3, 99th(ms): 335.5, 99.9th(ms): 436.2, Max(ms): 536.9
[Current] STOCK_LEVEL - Takes(s): 10.0, Count: 305, TPM: 1831.0, Sum(ms): 25239.7, Avg(ms): 82.8, 50th(ms): 79.7, 90th(ms): 125.8, 95th(ms): 151.0, 99th(ms): 184.5, 99.9th(ms): 243.3, Max(ms): 243.3
[Current] DELIVERY - Takes(s): 10.0, Count: 288, TPM: 1729.5, Sum(ms): 164498.1, Avg(ms): 571.7, 50th(ms): 570.4, 90th(ms): 805.3, 95th(ms): 872.4, 99th(ms): 1040.2, 99.9th(ms): 1208.0, Max(ms): 1208.0
[Current] NEW_ORDER - Takes(s): 10.0, Count: 3446, TPM: 20685.5, Sum(ms): 624697.3, Avg(ms): 181.4, 50th(ms): 176.2, 90th(ms): 251.7, 95th(ms): 285.2, 99th(ms): 369.1, 99.9th(ms): 469.8, Max(ms): 570.4
[Current] ORDER_STATUS - Takes(s): 10.0, Count: 289, TPM: 1739.2, Sum(ms): 23829.2, Avg(ms): 82.5, 50th(ms): 79.7, 90th(ms): 125.8, 95th(ms): 142.6, 99th(ms): 167.8, 99.9th(ms): 302.0, Max(ms): 302.0
[Current] PAYMENT - Takes(s): 10.0, Count: 3237, TPM: 19426.3, Sum(ms): 415521.5, Avg(ms): 128.4, 50th(ms): 113.2, 90th(ms): 201.3, 95th(ms): 243.3, 99th(ms): 335.5, 99.9th(ms): 436.2, Max(ms): 570.4
[Current] STOCK_LEVEL - Takes(s): 10.0, Count: 316, TPM: 1900.5, Sum(ms): 24350.5, Avg(ms): 77.1, 50th(ms): 75.5, 90th(ms): 109.1, 95th(ms): 125.8, 99th(ms): 151.0, 99.9th(ms): 226.5, Max(ms): 226.5
[Current] DELIVERY - Takes(s): 9.9, Count: 303, TPM: 1828.0, Sum(ms): 183447.1, Avg(ms): 606.0, 50th(ms): 570.4, 90th(ms): 906.0, 95th(ms): 1040.2, 99th(ms): 1208.0, 99.9th(ms): 1543.5, Max(ms): 1543.5
[Current] NEW_ORDER - Takes(s): 10.0, Count: 3384, TPM: 20305.9, Sum(ms): 617558.5, Avg(ms): 182.5, 50th(ms): 176.2, 90th(ms): 260.0, 95th(ms): 302.0, 99th(ms): 402.7, 99.9th(ms): 503.3, Max(ms): 536.9
[Current] ORDER_STATUS - Takes(s): 10.0, Count: 255, TPM: 1530.4, Sum(ms): 19906.0, Avg(ms): 78.1, 50th(ms): 71.3, 90th(ms): 121.6, 95th(ms): 142.6, 99th(ms): 184.5, 99.9th(ms): 218.1, Max(ms): 218.1
[Current] PAYMENT - Takes(s): 10.0, Count: 3185, TPM: 19111.3, Sum(ms): 410689.9, Avg(ms): 129.0, 50th(ms): 113.2, 90th(ms): 209.7, 95th(ms): 251.7, 99th(ms): 352.3, 99.9th(ms): 436.2, Max(ms): 536.9
[Current] STOCK_LEVEL - Takes(s): 10.0, Count: 274, TPM: 1649.2, Sum(ms): 20734.5, Avg(ms): 75.7, 50th(ms): 71.3, 90th(ms): 117.4, 95th(ms): 130.0, 99th(ms): 159.4, 99.9th(ms): 184.5, Max(ms): 184.5
[Current] DELIVERY - Takes(s): 10.0, Count: 305, TPM: 1832.9, Sum(ms): 179022.7, Avg(ms): 586.8, 50th(ms): 570.4, 90th(ms): 805.3, 95th(ms): 872.4, 99th(ms): 1342.2, 99.9th(ms): 1811.9, Max(ms): 1811.9
[Current] NEW_ORDER - Takes(s): 10.0, Count: 3387, TPM: 20357.8, Sum(ms): 601613.6, Avg(ms): 177.7, 50th(ms): 167.8, 90th(ms): 251.7, 95th(ms): 285.2, 99th(ms): 369.1, 99.9th(ms): 453.0, Max(ms): 469.8
[Current] ORDER_STATUS - Takes(s): 9.9, Count: 310, TPM: 1875.7, Sum(ms): 25052.9, Avg(ms): 80.9, 50th(ms): 79.7, 90th(ms): 125.8, 95th(ms): 142.6, 99th(ms): 176.2, 99.9th(ms): 285.2, Max(ms): 285.2
[Current] PAYMENT - Takes(s): 10.0, Count: 3317, TPM: 19901.9, Sum(ms): 422275.2, Avg(ms): 127.3, 50th(ms): 113.2, 90th(ms): 201.3, 95th(ms): 234.9, 99th(ms): 318.8, 99.9th(ms): 385.9, Max(ms): 453.0
[Current] STOCK_LEVEL - Takes(s): 10.0, Count: 325, TPM: 1952.3, Sum(ms): 24529.9, Avg(ms): 75.5, 50th(ms): 75.5, 90th(ms): 109.1, 95th(ms): 125.8, 99th(ms): 159.4, 99.9th(ms): 218.1, Max(ms): 218.1
[Current] DELIVERY - Takes(s): 10.0, Count: 322, TPM: 1938.5, Sum(ms): 191400.8, Avg(ms): 594.9, 50th(ms): 570.4, 90th(ms): 805.3, 95th(ms): 939.5, 99th(ms): 1476.4, 99.9th(ms): 1811.9, Max(ms): 1811.9
[Current] NEW_ORDER - Takes(s): 10.0, Count: 3314, TPM: 19890.8, Sum(ms): 597604.8, Avg(ms): 180.4, 50th(ms): 167.8, 90th(ms): 260.0, 95th(ms): 302.0, 99th(ms): 385.9, 99.9th(ms): 486.5, Max(ms): 738.2
[Current] ORDER_STATUS - Takes(s): 10.0, Count: 287, TPM: 1726.5, Sum(ms): 22740.8, Avg(ms): 79.2, 50th(ms): 75.5, 90th(ms): 117.4, 95th(ms): 142.6, 99th(ms): 167.8, 99.9th(ms): 251.7, Max(ms): 251.7
[Current] PAYMENT - Takes(s): 10.0, Count: 3236, TPM: 19422.5, Sum(ms): 416161.2, Avg(ms): 128.7, 50th(ms): 117.4, 90th(ms): 201.3, 95th(ms): 243.3, 99th(ms): 318.8, 99.9th(ms): 402.7, Max(ms): 453.0
[Current] STOCK_LEVEL - Takes(s): 10.0, Count: 279, TPM: 1677.5, Sum(ms): 20994.5, Avg(ms): 75.3, 50th(ms): 75.5, 90th(ms): 104.9, 95th(ms): 121.6, 99th(ms): 151.0, 99.9th(ms): 201.3, Max(ms): 201.3
[Current] DELIVERY - Takes(s): 10.0, Count: 254, TPM: 1529.2, Sum(ms): 171472.1, Avg(ms): 675.5, 50th(ms): 637.5, 90th(ms): 939.5, 95th(ms): 1040.2, 99th(ms): 1409.3, 99.9th(ms): 1476.4, Max(ms): 1476.4
[Current] NEW_ORDER - Takes(s): 10.0, Count: 3045, TPM: 18272.3, Sum(ms): 619206.3, Avg(ms): 203.4, 50th(ms): 192.9, 90th(ms): 285.2, 95th(ms): 335.5, 99th(ms): 436.2, 99.9th(ms): 604.0, Max(ms): 1073.7
[Current] ORDER_STATUS - Takes(s): 10.0, Count: 283, TPM: 1698.5, Sum(ms): 26068.4, Avg(ms): 92.1, 50th(ms): 88.1, 90th(ms): 142.6, 95th(ms): 167.8, 99th(ms): 192.9, 99.9th(ms): 260.0, Max(ms): 260.0
[Current] PAYMENT - Takes(s): 10.0, Count: 2840, TPM: 17040.3, Sum(ms): 414783.2, Avg(ms): 146.1, 50th(ms): 130.0, 90th(ms): 234.9, 95th(ms): 285.2, 99th(ms): 385.9, 99.9th(ms): 469.8, Max(ms): 671.1
[Current] STOCK_LEVEL - Takes(s): 9.9, Count: 287, TPM: 1738.1, Sum(ms): 22483.3, Avg(ms): 78.3, 50th(ms): 75.5, 90th(ms): 113.2, 95th(ms): 121.6, 99th(ms): 159.4, 99.9th(ms): 184.5, Max(ms): 184.5
[Current] DELIVERY - Takes(s): 10.0, Count: 325, TPM: 1955.7, Sum(ms): 202372.0, Avg(ms): 622.2, 50th(ms): 604.0, 90th(ms): 872.4, 95th(ms): 939.5, 99th(ms): 1275.1, 99.9th(ms): 1476.4, Max(ms): 1476.4
[Current] NEW_ORDER - Takes(s): 10.0, Count: 3146, TPM: 18882.1, Sum(ms): 606462.3, Avg(ms): 192.8, 50th(ms): 184.5, 90th(ms): 285.2, 95th(ms): 318.8, 99th(ms): 385.9, 99.9th(ms): 520.1, Max(ms): 536.9
[Current] ORDER_STATUS - Takes(s): 10.0, Count: 280, TPM: 1681.3, Sum(ms): 23989.1, Avg(ms): 85.7, 50th(ms): 83.9, 90th(ms): 134.2, 95th(ms): 151.0, 99th(ms): 167.8, 99.9th(ms): 226.5, Max(ms): 226.5
[Current] PAYMENT - Takes(s): 10.0, Count: 2950, TPM: 17702.0, Sum(ms): 404875.2, Avg(ms): 137.3, 50th(ms): 121.6, 90th(ms): 218.1, 95th(ms): 260.0, 99th(ms): 352.3, 99.9th(ms): 436.2, Max(ms): 637.5
[Current] STOCK_LEVEL - Takes(s): 10.0, Count: 246, TPM: 1477.0, Sum(ms): 19912.8, Avg(ms): 80.9, 50th(ms): 79.7, 90th(ms): 121.6, 95th(ms): 134.2, 99th(ms): 176.2, 99.9th(ms): 192.9, Max(ms): 192.9
[Current] DELIVERY - Takes(s): 10.0, Count: 278, TPM: 1673.4, Sum(ms): 172300.5, Avg(ms): 620.8, 50th(ms): 570.4, 90th(ms): 906.0, 95th(ms): 1140.9, 99th(ms): 1275.1, 99.9th(ms): 1677.7, Max(ms): 1677.7
[Current] NEW_ORDER - Takes(s): 10.0, Count: 3167, TPM: 19003.8, Sum(ms): 617448.5, Avg(ms): 195.1, 50th(ms): 184.5, 90th(ms): 285.2, 95th(ms): 352.3, 99th(ms): 453.0, 99.9th(ms): 570.4, Max(ms): 805.3
[Current] ORDER_STATUS - Takes(s): 10.0, Count: 284, TPM: 1706.4, Sum(ms): 24021.6, Avg(ms): 84.6, 50th(ms): 83.9, 90th(ms): 125.8, 95th(ms): 142.6, 99th(ms): 218.1, 99.9th(ms): 352.3, Max(ms): 352.3
[Current] PAYMENT - Takes(s): 10.0, Count: 3024, TPM: 18143.8, Sum(ms): 417208.1, Avg(ms): 137.9, 50th(ms): 121.6, 90th(ms): 226.5, 95th(ms): 268.4, 99th(ms): 385.9, 99.9th(ms): 536.9, Max(ms): 872.4
[Current] STOCK_LEVEL - Takes(s): 10.0, Count: 288, TPM: 1731.0, Sum(ms): 25805.0, Avg(ms): 89.6, 50th(ms): 83.9, 90th(ms): 134.2, 95th(ms): 167.8, 99th(ms): 209.7, 99.9th(ms): 234.9, Max(ms): 234.9
[Current] DELIVERY - Takes(s): 9.9, Count: 279, TPM: 1687.2, Sum(ms): 177150.1, Avg(ms): 634.9, 50th(ms): 604.0, 90th(ms): 906.0, 95th(ms): 1040.2, 99th(ms): 1409.3, 99.9th(ms): 1610.6, Max(ms): 1610.6
[Current] NEW_ORDER - Takes(s): 10.0, Count: 3247, TPM: 19484.7, Sum(ms): 609157.4, Avg(ms): 187.6, 50th(ms): 184.5, 90th(ms): 260.0, 95th(ms): 302.0, 99th(ms): 402.7, 99.9th(ms): 520.1, Max(ms): 738.2
[Current] ORDER_STATUS - Takes(s): 10.0, Count: 260, TPM: 1563.4, Sum(ms): 21861.0, Avg(ms): 84.1, 50th(ms): 83.9, 90th(ms): 121.6, 95th(ms): 134.2, 99th(ms): 167.8, 99.9th(ms): 209.7, Max(ms): 209.7
[Current] PAYMENT - Takes(s): 10.0, Count: 3156, TPM: 18939.4, Sum(ms): 419614.3, Avg(ms): 133.0, 50th(ms): 121.6, 90th(ms): 209.7, 95th(ms): 243.3, 99th(ms): 335.5, 99.9th(ms): 436.2, Max(ms): 520.1
[Current] STOCK_LEVEL - Takes(s): 9.9, Count: 264, TPM: 1598.7, Sum(ms): 20577.9, Avg(ms): 77.8, 50th(ms): 75.5, 90th(ms): 113.2, 95th(ms): 134.2, 99th(ms): 142.6, 99.9th(ms): 184.5, Max(ms): 184.5
[Current] DELIVERY - Takes(s): 10.0, Count: 298, TPM: 1789.7, Sum(ms): 157387.2, Avg(ms): 528.0, 50th(ms): 520.1, 90th(ms): 671.1, 95th(ms): 771.8, 99th(ms): 939.5, 99.9th(ms): 1208.0, Max(ms): 1208.0
[Current] NEW_ORDER - Takes(s): 10.0, Count: 3438, TPM: 20650.0, Sum(ms): 602799.3, Avg(ms): 175.3, 50th(ms): 167.8, 90th(ms): 243.3, 95th(ms): 285.2, 99th(ms): 369.1, 99.9th(ms): 503.3, Max(ms): 704.6
[Current] ORDER_STATUS - Takes(s): 10.0, Count: 300, TPM: 1805.5, Sum(ms): 22079.9, Avg(ms): 73.7, 50th(ms): 71.3, 90th(ms): 113.2, 95th(ms): 121.6, 99th(ms): 176.2, 99.9th(ms): 251.7, Max(ms): 251.7
[Current] PAYMENT - Takes(s): 10.0, Count: 3330, TPM: 19989.0, Sum(ms): 452985.5, Avg(ms): 136.1, 50th(ms): 117.4, 90th(ms): 226.5, 95th(ms): 268.4, 99th(ms): 369.1, 99.9th(ms): 469.8, Max(ms): 536.9
[Current] STOCK_LEVEL - Takes(s): 10.0, Count: 306, TPM: 1838.7, Sum(ms): 21274.3, Avg(ms): 69.5, 50th(ms): 71.3, 90th(ms): 96.5, 95th(ms): 113.2, 99th(ms): 130.0, 99.9th(ms): 142.6, Max(ms): 142.6
[Current] DELIVERY - Takes(s): 9.9, Count: 287, TPM: 1737.2, Sum(ms): 172380.9, Avg(ms): 600.5, 50th(ms): 570.4, 90th(ms): 872.4, 95th(ms): 1006.6, 99th(ms): 1208.0, 99.9th(ms): 1476.4, Max(ms): 1476.4
[Current] NEW_ORDER - Takes(s): 10.0, Count: 3317, TPM: 19902.4, Sum(ms): 624704.9, Avg(ms): 188.3, 50th(ms): 176.2, 90th(ms): 268.4, 95th(ms): 318.8, 99th(ms): 385.9, 99.9th(ms): 503.3, Max(ms): 604.0
[Current] ORDER_STATUS - Takes(s): 10.0, Count: 276, TPM: 1660.5, Sum(ms): 21654.5, Avg(ms): 78.5, 50th(ms): 75.5, 90th(ms): 117.4, 95th(ms): 125.8, 99th(ms): 167.8, 99.9th(ms): 176.2, Max(ms): 176.2
[Current] PAYMENT - Takes(s): 10.0, Count: 2971, TPM: 17826.3, Sum(ms): 411272.7, Avg(ms): 138.5, 50th(ms): 121.6, 90th(ms): 218.1, 95th(ms): 260.0, 99th(ms): 352.3, 99.9th(ms): 453.0, Max(ms): 486.5
[Current] STOCK_LEVEL - Takes(s): 10.0, Count: 244, TPM: 1468.7, Sum(ms): 17541.9, Avg(ms): 71.9, 50th(ms): 67.1, 90th(ms): 100.7, 95th(ms): 109.1, 99th(ms): 142.6, 99.9th(ms): 159.4, Max(ms): 159.4
[Current] DELIVERY - Takes(s): 9.9, Count: 289, TPM: 1749.8, Sum(ms): 195683.3, Avg(ms): 677.9, 50th(ms): 637.5, 90th(ms): 973.1, 95th(ms): 1140.9, 99th(ms): 1543.5, 99.9th(ms): 1879.0, Max(ms): 1879.0
[Current] NEW_ORDER - Takes(s): 10.0, Count: 2999, TPM: 17996.1, Sum(ms): 616798.3, Avg(ms): 205.7, 50th(ms): 201.3, 90th(ms): 302.0, 95th(ms): 352.3, 99th(ms): 436.2, 99.9th(ms): 570.4, Max(ms): 671.1
[Current] ORDER_STATUS - Takes(s): 10.0, Count: 258, TPM: 1553.9, Sum(ms): 21914.5, Avg(ms): 84.9, 50th(ms): 83.9, 90th(ms): 130.0, 95th(ms): 142.6, 99th(ms): 167.8, 99.9th(ms): 192.9, Max(ms): 192.9
[Current] PAYMENT - Takes(s): 10.0, Count: 2764, TPM: 16592.1, Sum(ms): 402048.7, Avg(ms): 145.5, 50th(ms): 130.0, 90th(ms): 226.5, 95th(ms): 285.2, 99th(ms): 385.9, 99.9th(ms): 520.1, Max(ms): 1140.9
[Current] STOCK_LEVEL - Takes(s): 9.9, Count: 270, TPM: 1634.3, Sum(ms): 25635.0, Avg(ms): 95.0, 50th(ms): 88.1, 90th(ms): 142.6, 95th(ms): 184.5, 99th(ms): 226.5, 99.9th(ms): 260.0, Max(ms): 260.0
[Current] DELIVERY - Takes(s): 9.9, Count: 289, TPM: 1748.4, Sum(ms): 180854.6, Avg(ms): 626.2, 50th(ms): 604.0, 90th(ms): 872.4, 95th(ms): 1073.7, 99th(ms): 1409.3, 99.9th(ms): 2147.5, Max(ms): 2147.5
[Current] NEW_ORDER - Takes(s): 10.0, Count: 3090, TPM: 18538.4, Sum(ms): 607501.6, Avg(ms): 196.7, 50th(ms): 184.5, 90th(ms): 285.2, 95th(ms): 335.5, 99th(ms): 419.4, 99.9th(ms): 604.0, Max(ms): 906.0
[Current] ORDER_STATUS - Takes(s): 10.0, Count: 284, TPM: 1711.1, Sum(ms): 24528.8, Avg(ms): 86.4, 50th(ms): 83.9, 90th(ms): 134.2, 95th(ms): 151.0, 99th(ms): 218.1, 99.9th(ms): 268.4, Max(ms): 268.4
[Current] PAYMENT - Takes(s): 10.0, Count: 2978, TPM: 17867.1, Sum(ms): 416790.8, Avg(ms): 140.0, 50th(ms): 125.8, 90th(ms): 226.5, 95th(ms): 268.4, 99th(ms): 402.7, 99.9th(ms): 570.4, Max(ms): 704.6
[Current] STOCK_LEVEL - Takes(s): 10.0, Count: 264, TPM: 1589.0, Sum(ms): 22416.1, Avg(ms): 85.0, 50th(ms): 83.9, 90th(ms): 121.6, 95th(ms): 134.2, 99th(ms): 192.9, 99.9th(ms): 243.3, Max(ms): 243.3
[Current] DELIVERY - Takes(s): 9.8, Count: 259, TPM: 1585.5, Sum(ms): 178711.2, Avg(ms): 689.5, 50th(ms): 637.5, 90th(ms): 939.5, 95th(ms): 1275.1, 99th(ms): 1409.3, 99.9th(ms): 2550.1, Max(ms): 2550.1
[Current] NEW_ORDER - Takes(s): 10.0, Count: 2941, TPM: 17652.4, Sum(ms): 594467.4, Avg(ms): 202.2, 50th(ms): 192.9, 90th(ms): 285.2, 95th(ms): 335.5, 99th(ms): 453.0, 99.9th(ms): 570.4, Max(ms): 671.1
[Current] ORDER_STATUS - Takes(s): 10.0, Count: 281, TPM: 1693.4, Sum(ms): 25666.9, Avg(ms): 91.3, 50th(ms): 88.1, 90th(ms): 134.2, 95th(ms): 151.0, 99th(ms): 209.7, 99.9th(ms): 260.0, Max(ms): 260.0
[Current] PAYMENT - Takes(s): 10.0, Count: 2863, TPM: 17190.1, Sum(ms): 424997.9, Avg(ms): 148.5, 50th(ms): 130.0, 90th(ms): 243.3, 95th(ms): 285.2, 99th(ms): 385.9, 99.9th(ms): 604.0, Max(ms): 671.1
[Current] STOCK_LEVEL - Takes(s): 10.0, Count: 242, TPM: 1457.3, Sum(ms): 19919.6, Avg(ms): 82.2, 50th(ms): 83.9, 90th(ms): 117.4, 95th(ms): 125.8, 99th(ms): 151.0, 99.9th(ms): 176.2, Max(ms): 176.2
[Current] DELIVERY - Takes(s): 9.9, Count: 271, TPM: 1640.8, Sum(ms): 172378.9, Avg(ms): 636.1, 50th(ms): 604.0, 90th(ms): 906.0, 95th(ms): 1040.2, 99th(ms): 1275.1, 99.9th(ms): 1476.4, Max(ms): 1476.4
[Current] NEW_ORDER - Takes(s): 10.0, Count: 3121, TPM: 18753.2, Sum(ms): 613919.8, Avg(ms): 196.8, 50th(ms): 184.5, 90th(ms): 285.2, 95th(ms): 318.8, 99th(ms): 453.0, 99.9th(ms): 604.0, Max(ms): 604.0
[Current] ORDER_STATUS - Takes(s): 10.0, Count: 318, TPM: 1909.6, Sum(ms): 25971.0, Avg(ms): 81.6, 50th(ms): 79.7, 90th(ms): 117.4, 95th(ms): 130.0, 99th(ms): 184.5, 99.9th(ms): 234.9, Max(ms): 234.9
[Current] PAYMENT - Takes(s): 10.0, Count: 3019, TPM: 18128.1, Sum(ms): 425362.6, Avg(ms): 140.9, 50th(ms): 125.8, 90th(ms): 226.5, 95th(ms): 268.4, 99th(ms): 385.9, 99.9th(ms): 604.0, Max(ms): 671.1
[Current] STOCK_LEVEL - Takes(s): 9.9, Count: 320, TPM: 1931.3, Sum(ms): 27628.0, Avg(ms): 86.4, 50th(ms): 83.9, 90th(ms): 130.0, 95th(ms): 142.6, 99th(ms): 184.5, 99.9th(ms): 201.3, Max(ms): 201.3
[Current] DELIVERY - Takes(s): 9.9, Count: 278, TPM: 1686.9, Sum(ms): 184923.7, Avg(ms): 666.3, 50th(ms): 637.5, 90th(ms): 939.5, 95th(ms): 1073.7, 99th(ms): 1476.4, 99.9th(ms): 1946.2, Max(ms): 1946.2
[Current] NEW_ORDER - Takes(s): 10.0, Count: 3056, TPM: 18351.8, Sum(ms): 607828.5, Avg(ms): 199.0, 50th(ms): 192.9, 90th(ms): 285.2, 95th(ms): 335.5, 99th(ms): 419.4, 99.9th(ms): 520.1, Max(ms): 1275.1
[Current] ORDER_STATUS - Takes(s): 10.0, Count: 296, TPM: 1784.6, Sum(ms): 26184.7, Avg(ms): 88.5, 50th(ms): 83.9, 90th(ms): 130.0, 95th(ms): 159.4, 99th(ms): 201.3, 99.9th(ms): 302.0, Max(ms): 302.0
[Current] PAYMENT - Takes(s): 10.0, Count: 2917, TPM: 17517.4, Sum(ms): 407832.7, Avg(ms): 139.8, 50th(ms): 125.8, 90th(ms): 226.5, 95th(ms): 260.0, 99th(ms): 352.3, 99.9th(ms): 453.0, Max(ms): 570.4
[Current] STOCK_LEVEL - Takes(s): 9.9, Count: 283, TPM: 1716.1, Sum(ms): 24494.1, Avg(ms): 86.6, 50th(ms): 83.9, 90th(ms): 125.8, 95th(ms): 142.6, 99th(ms): 184.5, 99.9th(ms): 251.7, Max(ms): 251.7
[Current] DELIVERY - Takes(s): 9.9, Count: 256, TPM: 1545.6, Sum(ms): 158907.4, Avg(ms): 620.5, 50th(ms): 604.0, 90th(ms): 906.0, 95th(ms): 1006.6, 99th(ms): 1140.9, 99.9th(ms): 1275.1, Max(ms): 1275.1
[Current] NEW_ORDER - Takes(s): 10.0, Count: 2982, TPM: 17893.9, Sum(ms): 621093.4, Avg(ms): 208.4, 50th(ms): 192.9, 90th(ms): 302.0, 95th(ms): 369.1, 99th(ms): 486.5, 99.9th(ms): 637.5, Max(ms): 738.2
[Current] ORDER_STATUS - Takes(s): 10.0, Count: 251, TPM: 1508.5, Sum(ms): 22474.8, Avg(ms): 89.6, 50th(ms): 83.9, 90th(ms): 142.6, 95th(ms): 176.2, 99th(ms): 226.5, 99.9th(ms): 335.5, Max(ms): 335.5
[Current] PAYMENT - Takes(s): 10.0, Count: 2812, TPM: 16875.1, Sum(ms): 419646.8, Avg(ms): 149.3, 50th(ms): 130.0, 90th(ms): 251.7, 95th(ms): 302.0, 99th(ms): 402.7, 99.9th(ms): 520.1, Max(ms): 570.4
[Current] STOCK_LEVEL - Takes(s): 10.0, Count: 253, TPM: 1522.3, Sum(ms): 24789.4, Avg(ms): 98.1, 50th(ms): 92.3, 90th(ms): 142.6, 95th(ms): 167.8, 99th(ms): 218.1, 99.9th(ms): 369.1, Max(ms): 369.1
[Current] DELIVERY - Takes(s): 9.9, Count: 273, TPM: 1653.6, Sum(ms): 191970.4, Avg(ms): 702.5, 50th(ms): 671.1, 90th(ms): 973.1, 95th(ms): 1140.9, 99th(ms): 1342.2, 99.9th(ms): 1677.7, Max(ms): 1677.7
[Current] NEW_ORDER - Takes(s): 10.0, Count: 2796, TPM: 16799.1, Sum(ms): 600456.7, Avg(ms): 214.7, 50th(ms): 209.7, 90th(ms): 285.2, 95th(ms): 335.5, 99th(ms): 453.0, 99.9th(ms): 604.0, Max(ms): 671.1
[Current] ORDER_STATUS - Takes(s): 9.9, Count: 244, TPM: 1472.7, Sum(ms): 22852.0, Avg(ms): 93.8, 50th(ms): 92.3, 90th(ms): 142.6, 95th(ms): 159.4, 99th(ms): 192.9, 99.9th(ms): 285.2, Max(ms): 285.2
[Current] PAYMENT - Takes(s): 10.0, Count: 2700, TPM: 16228.5, Sum(ms): 422212.7, Avg(ms): 156.4, 50th(ms): 142.6, 90th(ms): 251.7, 95th(ms): 302.0, 99th(ms): 385.9, 99.9th(ms): 570.4, Max(ms): 771.8
[Current] STOCK_LEVEL - Takes(s): 10.0, Count: 250, TPM: 1501.5, Sum(ms): 23033.4, Avg(ms): 92.0, 50th(ms): 92.3, 90th(ms): 134.2, 95th(ms): 142.6, 99th(ms): 167.8, 99.9th(ms): 209.7, Max(ms): 209.7
[Current] DELIVERY - Takes(s): 9.9, Count: 241, TPM: 1455.3, Sum(ms): 153960.3, Avg(ms): 638.6, 50th(ms): 604.0, 90th(ms): 973.1, 95th(ms): 1140.9, 99th(ms): 1342.2, 99.9th(ms): 1476.4, Max(ms): 1476.4
[Current] NEW_ORDER - Takes(s): 9.9, Count: 2925, TPM: 17642.4, Sum(ms): 621083.3, Avg(ms): 212.3, 50th(ms): 201.3, 90th(ms): 318.8, 95th(ms): 369.1, 99th(ms): 469.8, 99.9th(ms): 671.1, Max(ms): 838.9
[Current] ORDER_STATUS - Takes(s): 10.0, Count: 258, TPM: 1548.7, Sum(ms): 23353.6, Avg(ms): 90.5, 50th(ms): 83.9, 90th(ms): 151.0, 95th(ms): 167.8, 99th(ms): 218.1, 99.9th(ms): 335.5, Max(ms): 335.5
[Current] PAYMENT - Takes(s): 9.9, Count: 2787, TPM: 16816.9, Sum(ms): 429124.9, Avg(ms): 154.0, 50th(ms): 134.2, 90th(ms): 251.7, 95th(ms): 302.0, 99th(ms): 419.4, 99.9th(ms): 520.1, Max(ms): 570.4
[Current] STOCK_LEVEL - Takes(s): 9.9, Count: 241, TPM: 1455.8, Sum(ms): 24289.2, Avg(ms): 100.9, 50th(ms): 92.3, 90th(ms): 167.8, 95th(ms): 176.2, 99th(ms): 209.7, 99.9th(ms): 243.3, Max(ms): 243.3
[Current] DELIVERY - Takes(s): 10.0, Count: 258, TPM: 1552.5, Sum(ms): 175025.1, Avg(ms): 678.4, 50th(ms): 637.5, 90th(ms): 1040.2, 95th(ms): 1140.9, 99th(ms): 1409.3, 99.9th(ms): 1879.0, Max(ms): 1879.0
[Current] NEW_ORDER - Takes(s): 10.0, Count: 3032, TPM: 18212.1, Sum(ms): 599766.2, Avg(ms): 198.0, 50th(ms): 192.9, 90th(ms): 285.2, 95th(ms): 335.5, 99th(ms): 453.0, 99.9th(ms): 536.9, Max(ms): 637.5
[Current] ORDER_STATUS - Takes(s): 10.0, Count: 260, TPM: 1560.5, Sum(ms): 23048.2, Avg(ms): 88.6, 50th(ms): 83.9, 90th(ms): 130.0, 95th(ms): 142.6, 99th(ms): 184.5, 99.9th(ms): 268.4, Max(ms): 268.4
[Current] PAYMENT - Takes(s): 10.0, Count: 3015, TPM: 18115.8, Sum(ms): 433096.6, Avg(ms): 143.7, 50th(ms): 130.0, 90th(ms): 234.9, 95th(ms): 285.2, 99th(ms): 369.1, 99.9th(ms): 486.5, Max(ms): 604.0
[Current] STOCK_LEVEL - Takes(s): 10.0, Count: 279, TPM: 1674.5, Sum(ms): 22781.1, Avg(ms): 81.7, 50th(ms): 79.7, 90th(ms): 117.4, 95th(ms): 142.6, 99th(ms): 167.8, 99.9th(ms): 218.1, Max(ms): 218.1
[Current] DELIVERY - Takes(s): 10.0, Count: 271, TPM: 1628.8, Sum(ms): 186950.1, Avg(ms): 689.4, 50th(ms): 637.5, 90th(ms): 973.1, 95th(ms): 1140.9, 99th(ms): 1744.8, 99.9th(ms): 2281.7, Max(ms): 2281.7
[Current] NEW_ORDER - Takes(s): 10.0, Count: 3075, TPM: 18454.2, Sum(ms): 608067.1, Avg(ms): 197.8, 50th(ms): 192.9, 90th(ms): 268.4, 95th(ms): 302.0, 99th(ms): 385.9, 99.9th(ms): 469.8, Max(ms): 570.4
[Current] ORDER_STATUS - Takes(s): 9.9, Count: 265, TPM: 1612.6, Sum(ms): 24298.3, Avg(ms): 91.7, 50th(ms): 88.1, 90th(ms): 142.6, 95th(ms): 151.0, 99th(ms): 159.4, 99.9th(ms): 192.9, Max(ms): 192.9
[Current] PAYMENT - Takes(s): 10.0, Count: 2898, TPM: 17415.7, Sum(ms): 412595.4, Avg(ms): 142.4, 50th(ms): 130.0, 90th(ms): 226.5, 95th(ms): 268.4, 99th(ms): 352.3, 99.9th(ms): 469.8, Max(ms): 503.3
[Current] STOCK_LEVEL - Takes(s): 10.0, Count: 276, TPM: 1658.6, Sum(ms): 21442.3, Avg(ms): 77.6, 50th(ms): 79.7, 90th(ms): 109.1, 95th(ms): 117.4, 99th(ms): 142.6, 99.9th(ms): 184.5, Max(ms): 184.5
[Current] DELIVERY - Takes(s): 10.0, Count: 280, TPM: 1686.9, Sum(ms): 176367.8, Avg(ms): 631.1, 50th(ms): 604.0, 90th(ms): 872.4, 95th(ms): 973.1, 99th(ms): 1208.0, 99.9th(ms): 1946.2, Max(ms): 1946.2
[Current] NEW_ORDER - Takes(s): 10.0, Count: 3127, TPM: 18769.0, Sum(ms): 606282.3, Avg(ms): 193.9, 50th(ms): 184.5, 90th(ms): 285.2, 95th(ms): 318.8, 99th(ms): 402.7, 99.9th(ms): 520.1, Max(ms): 671.1
[Current] ORDER_STATUS - Takes(s): 10.0, Count: 256, TPM: 1538.0, Sum(ms): 22191.9, Avg(ms): 86.6, 50th(ms): 83.9, 90th(ms): 130.0, 95th(ms): 142.6, 99th(ms): 167.8, 99.9th(ms): 192.9, Max(ms): 192.9
[Current] PAYMENT - Takes(s): 10.0, Count: 2971, TPM: 17827.8, Sum(ms): 420225.8, Avg(ms): 141.5, 50th(ms): 125.8, 90th(ms): 226.5, 95th(ms): 268.4, 99th(ms): 369.1, 99.9th(ms): 520.1, Max(ms): 671.1
[Current] STOCK_LEVEL - Takes(s): 10.0, Count: 271, TPM: 1626.5, Sum(ms): 27671.0, Avg(ms): 102.1, 50th(ms): 88.1, 90th(ms): 176.2, 95th(ms): 218.1, 99th(ms): 302.0, 99.9th(ms): 352.3, Max(ms): 352.3
[Current] DELIVERY - Takes(s): 9.9, Count: 306, TPM: 1855.7, Sum(ms): 204827.9, Avg(ms): 669.2, 50th(ms): 637.5, 90th(ms): 973.1, 95th(ms): 1140.9, 99th(ms): 1476.4, 99.9th(ms): 1677.7, Max(ms): 1677.7
[Current] NEW_ORDER - Takes(s): 10.0, Count: 3031, TPM: 18190.0, Sum(ms): 594955.1, Avg(ms): 196.4, 50th(ms): 184.5, 90th(ms): 285.2, 95th(ms): 335.5, 99th(ms): 402.7, 99.9th(ms): 520.1, Max(ms): 536.9
[Current] ORDER_STATUS - Takes(s): 10.0, Count: 258, TPM: 1552.7, Sum(ms): 23225.7, Avg(ms): 90.1, 50th(ms): 83.9, 90th(ms): 142.6, 95th(ms): 159.4, 99th(ms): 201.3, 99.9th(ms): 318.8, Max(ms): 318.8
[Current] PAYMENT - Takes(s): 10.0, Count: 2888, TPM: 17332.7, Sum(ms): 410970.8, Avg(ms): 142.3, 50th(ms): 125.8, 90th(ms): 234.9, 95th(ms): 285.2, 99th(ms): 369.1, 99.9th(ms): 469.8, Max(ms): 805.3
[Current] STOCK_LEVEL - Takes(s): 10.0, Count: 262, TPM: 1576.8, Sum(ms): 23405.3, Avg(ms): 89.3, 50th(ms): 83.9, 90th(ms): 130.0, 95th(ms): 142.6, 99th(ms): 184.5, 99.9th(ms): 209.7, Max(ms): 209.7
[Current] DELIVERY - Takes(s): 10.0, Count: 283, TPM: 1703.9, Sum(ms): 193008.7, Avg(ms): 681.6, 50th(ms): 604.0, 90th(ms): 1040.2, 95th(ms): 1208.0, 99th(ms): 1610.6, 99.9th(ms): 1946.2, Max(ms): 1946.2
[Current] NEW_ORDER - Takes(s): 10.0, Count: 2963, TPM: 17780.0, Sum(ms): 579385.5, Avg(ms): 195.6, 50th(ms): 184.5, 90th(ms): 302.0, 95th(ms): 335.5, 99th(ms): 419.4, 99.9th(ms): 604.0, Max(ms): 1073.7
[Current] ORDER_STATUS - Takes(s): 10.0, Count: 280, TPM: 1683.0, Sum(ms): 23670.0, Avg(ms): 84.7, 50th(ms): 83.9, 90th(ms): 130.0, 95th(ms): 142.6, 99th(ms): 167.8, 99.9th(ms): 218.1, Max(ms): 218.1
[Current] PAYMENT - Takes(s): 10.0, Count: 3017, TPM: 18108.0, Sum(ms): 440664.0, Avg(ms): 146.1, 50th(ms): 130.0, 90th(ms): 234.9, 95th(ms): 285.2, 99th(ms): 385.9, 99.9th(ms): 604.0, Max(ms): 906.0
[Current] STOCK_LEVEL - Takes(s): 9.9, Count: 230, TPM: 1389.7, Sum(ms): 18752.3, Avg(ms): 81.4, 50th(ms): 79.7, 90th(ms): 117.4, 95th(ms): 142.6, 99th(ms): 184.5, 99.9th(ms): 201.3, Max(ms): 201.3
[Current] DELIVERY - Takes(s): 10.0, Count: 292, TPM: 1754.5, Sum(ms): 181412.4, Avg(ms): 621.8, 50th(ms): 604.0, 90th(ms): 872.4, 95th(ms): 973.1, 99th(ms): 1275.1, 99.9th(ms): 1342.2, Max(ms): 1342.2
[Current] NEW_ORDER - Takes(s): 10.0, Count: 3235, TPM: 19444.8, Sum(ms): 604990.9, Avg(ms): 187.1, 50th(ms): 184.5, 90th(ms): 251.7, 95th(ms): 285.2, 99th(ms): 369.1, 99.9th(ms): 570.4, Max(ms): 738.2
[Current] ORDER_STATUS - Takes(s): 10.0, Count: 315, TPM: 1893.0, Sum(ms): 28617.3, Avg(ms): 90.9, 50th(ms): 88.1, 90th(ms): 134.2, 95th(ms): 167.8, 99th(ms): 192.9, 99.9th(ms): 201.3, Max(ms): 201.3
[Current] PAYMENT - Takes(s): 10.0, Count: 3017, TPM: 18121.5, Sum(ms): 415435.1, Avg(ms): 137.7, 50th(ms): 125.8, 90th(ms): 218.1, 95th(ms): 251.7, 99th(ms): 352.3, 99.9th(ms): 536.9, Max(ms): 838.9
[Current] STOCK_LEVEL - Takes(s): 10.0, Count: 254, TPM: 1524.3, Sum(ms): 20267.0, Avg(ms): 79.7, 50th(ms): 79.7, 90th(ms): 113.2, 95th(ms): 121.6, 99th(ms): 151.0, 99.9th(ms): 159.4, Max(ms): 159.4
[Current] DELIVERY - Takes(s): 9.9, Count: 278, TPM: 1686.1, Sum(ms): 175367.1, Avg(ms): 631.6, 50th(ms): 570.4, 90th(ms): 906.0, 95th(ms): 1073.7, 99th(ms): 1543.5, 99.9th(ms): 2415.9, Max(ms): 2415.9
[Current] NEW_ORDER - Takes(s): 10.0, Count: 3155, TPM: 18930.7, Sum(ms): 614401.0, Avg(ms): 194.8, 50th(ms): 184.5, 90th(ms): 285.2, 95th(ms): 335.5, 99th(ms): 469.8, 99.9th(ms): 637.5, Max(ms): 805.3
[Current] ORDER_STATUS - Takes(s): 10.0, Count: 300, TPM: 1801.6, Sum(ms): 26039.4, Avg(ms): 86.8, 50th(ms): 83.9, 90th(ms): 134.2, 95th(ms): 151.0, 99th(ms): 209.7, 99.9th(ms): 352.3, Max(ms): 352.3
[Current] PAYMENT - Takes(s): 10.0, Count: 3015, TPM: 18090.4, Sum(ms): 412128.9, Avg(ms): 136.7, 50th(ms): 121.6, 90th(ms): 218.1, 95th(ms): 260.0, 99th(ms): 369.1, 99.9th(ms): 503.3, Max(ms): 637.5
[Current] STOCK_LEVEL - Takes(s): 10.0, Count: 281, TPM: 1690.5, Sum(ms): 22785.9, Avg(ms): 81.1, 50th(ms): 79.7, 90th(ms): 113.2, 95th(ms): 125.8, 99th(ms): 159.4, 99.9th(ms): 335.5, Max(ms): 335.5
[Current] DELIVERY - Takes(s): 10.0, Count: 314, TPM: 1884.4, Sum(ms): 196686.9, Avg(ms): 626.4, 50th(ms): 604.0, 90th(ms): 838.9, 95th(ms): 1140.9, 99th(ms): 1476.4, 99.9th(ms): 1879.0, Max(ms): 1879.0
[Current] NEW_ORDER - Takes(s): 10.0, Count: 3147, TPM: 18886.5, Sum(ms): 614767.8, Avg(ms): 195.4, 50th(ms): 184.5, 90th(ms): 285.2, 95th(ms): 335.5, 99th(ms): 469.8, 99.9th(ms): 604.0, Max(ms): 738.2
[Current] ORDER_STATUS - Takes(s): 9.9, Count: 266, TPM: 1608.4, Sum(ms): 23057.2, Avg(ms): 86.7, 50th(ms): 83.9, 90th(ms): 130.0, 95th(ms): 159.4, 99th(ms): 268.4, 99.9th(ms): 318.8, Max(ms): 318.8
[Current] PAYMENT - Takes(s): 10.0, Count: 2841, TPM: 17068.3, Sum(ms): 398090.6, Avg(ms): 140.2, 50th(ms): 121.6, 90th(ms): 226.5, 95th(ms): 285.2, 99th(ms): 402.7, 99.9th(ms): 503.3, Max(ms): 704.6
[Current] STOCK_LEVEL - Takes(s): 10.0, Count: 299, TPM: 1796.6, Sum(ms): 24055.8, Avg(ms): 80.6, 50th(ms): 79.7, 90th(ms): 117.4, 95th(ms): 134.2, 99th(ms): 159.4, 99.9th(ms): 167.8, Max(ms): 167.8
[Current] DELIVERY - Takes(s): 9.9, Count: 290, TPM: 1750.1, Sum(ms): 173535.2, Avg(ms): 598.8, 50th(ms): 570.4, 90th(ms): 906.0, 95th(ms): 1040.2, 99th(ms): 1208.0, 99.9th(ms): 1543.5, Max(ms): 1543.5
[Current] NEW_ORDER - Takes(s): 10.0, Count: 3262, TPM: 19580.5, Sum(ms): 606635.2, Avg(ms): 186.1, 50th(ms): 176.2, 90th(ms): 285.2, 95th(ms): 335.5, 99th(ms): 419.4, 99.9th(ms): 604.0, Max(ms): 872.4
[Current] ORDER_STATUS - Takes(s): 9.9, Count: 294, TPM: 1779.5, Sum(ms): 24361.4, Avg(ms): 82.8, 50th(ms): 79.7, 90th(ms): 117.4, 95th(ms): 142.6, 99th(ms): 218.1, 99.9th(ms): 285.2, Max(ms): 285.2
[Current] PAYMENT - Takes(s): 10.0, Count: 3077, TPM: 18475.3, Sum(ms): 432355.9, Avg(ms): 140.5, 50th(ms): 121.6, 90th(ms): 234.9, 95th(ms): 285.2, 99th(ms): 402.7, 99.9th(ms): 536.9, Max(ms): 771.8
[Current] STOCK_LEVEL - Takes(s): 9.8, Count: 270, TPM: 1645.0, Sum(ms): 20288.9, Avg(ms): 75.2, 50th(ms): 71.3, 90th(ms): 117.4, 95th(ms): 130.0, 99th(ms): 176.2, 99.9th(ms): 218.1, Max(ms): 218.1
[Current] DELIVERY - Takes(s): 10.0, Count: 275, TPM: 1652.5, Sum(ms): 164864.1, Avg(ms): 599.8, 50th(ms): 570.4, 90th(ms): 906.0, 95th(ms): 973.1, 99th(ms): 1208.0, 99.9th(ms): 1476.4, Max(ms): 1476.4
[Current] NEW_ORDER - Takes(s): 10.0, Count: 3182, TPM: 19098.7, Sum(ms): 610151.4, Avg(ms): 191.9, 50th(ms): 176.2, 90th(ms): 302.0, 95th(ms): 335.5, 99th(ms): 436.2, 99.9th(ms): 604.0, Max(ms): 637.5
[Current] ORDER_STATUS - Takes(s): 9.9, Count: 306, TPM: 1845.3, Sum(ms): 26376.2, Avg(ms): 86.3, 50th(ms): 79.7, 90th(ms): 130.0, 95th(ms): 167.8, 99th(ms): 243.3, 99.9th(ms): 318.8, Max(ms): 318.8
[Current] PAYMENT - Takes(s): 10.0, Count: 3061, TPM: 18378.2, Sum(ms): 429175.5, Avg(ms): 140.2, 50th(ms): 121.6, 90th(ms): 234.9, 95th(ms): 285.2, 99th(ms): 402.7, 99.9th(ms): 520.1, Max(ms): 704.6
[Current] STOCK_LEVEL - Takes(s): 10.0, Count: 273, TPM: 1640.9, Sum(ms): 20511.8, Avg(ms): 75.2, 50th(ms): 71.3, 90th(ms): 113.2, 95th(ms): 130.0, 99th(ms): 192.9, 99.9th(ms): 234.9, Max(ms): 234.9
[Current] DELIVERY - Takes(s): 10.0, Count: 270, TPM: 1624.7, Sum(ms): 183847.0, Avg(ms): 680.6, 50th(ms): 637.5, 90th(ms): 1040.2, 95th(ms): 1140.9, 99th(ms): 1476.4, 99.9th(ms): 1744.8, Max(ms): 1744.8
[Current] NEW_ORDER - Takes(s): 10.0, Count: 2994, TPM: 17977.1, Sum(ms): 605620.1, Avg(ms): 202.4, 50th(ms): 184.5, 90th(ms): 302.0, 95th(ms): 352.3, 99th(ms): 469.8, 99.9th(ms): 637.5, Max(ms): 973.1
[Current] ORDER_STATUS - Takes(s): 10.0, Count: 245, TPM: 1472.8, Sum(ms): 21600.2, Avg(ms): 88.2, 50th(ms): 83.9, 90th(ms): 134.2, 95th(ms): 159.4, 99th(ms): 218.1, 99.9th(ms): 243.3, Max(ms): 243.3
[Current] PAYMENT - Takes(s): 10.0, Count: 2882, TPM: 17292.2, Sum(ms): 417945.7, Avg(ms): 145.1, 50th(ms): 125.8, 90th(ms): 234.9, 95th(ms): 285.2, 99th(ms): 402.7, 99.9th(ms): 637.5, Max(ms): 872.4
[Current] STOCK_LEVEL - Takes(s): 10.0, Count: 262, TPM: 1577.2, Sum(ms): 23323.0, Avg(ms): 89.1, 50th(ms): 83.9, 90th(ms): 134.2, 95th(ms): 151.0, 99th(ms): 209.7, 99.9th(ms): 318.8, Max(ms): 318.8
[Current] DELIVERY - Takes(s): 10.0, Count: 257, TPM: 1542.2, Sum(ms): 162970.6, Avg(ms): 633.8, 50th(ms): 604.0, 90th(ms): 872.4, 95th(ms): 1040.2, 99th(ms): 1409.3, 99.9th(ms): 1879.0, Max(ms): 1879.0
[Current] NEW_ORDER - Takes(s): 10.0, Count: 3077, TPM: 18472.2, Sum(ms): 616505.4, Avg(ms): 200.4, 50th(ms): 192.9, 90th(ms): 285.2, 95th(ms): 335.5, 99th(ms): 453.0, 99.9th(ms): 570.4, Max(ms): 738.2
[Current] ORDER_STATUS - Takes(s): 10.0, Count: 258, TPM: 1549.7, Sum(ms): 21851.3, Avg(ms): 84.7, 50th(ms): 79.7, 90th(ms): 130.0, 95th(ms): 151.0, 99th(ms): 192.9, 99.9th(ms): 234.9, Max(ms): 234.9
[Current] PAYMENT - Takes(s): 10.0, Count: 2983, TPM: 17900.2, Sum(ms): 431784.3, Avg(ms): 144.8, 50th(ms): 130.0, 90th(ms): 234.9, 95th(ms): 285.2, 99th(ms): 385.9, 99.9th(ms): 503.3, Max(ms): 671.1
[Current] STOCK_LEVEL - Takes(s): 9.9, Count: 260, TPM: 1569.0, Sum(ms): 28766.9, Avg(ms): 110.9, 50th(ms): 100.7, 90th(ms): 176.2, 95th(ms): 243.3, 99th(ms): 352.3, 99.9th(ms): 385.9, Max(ms): 385.9
[Current] DELIVERY - Takes(s): 9.9, Count: 253, TPM: 1527.6, Sum(ms): 157357.0, Avg(ms): 621.4, 50th(ms): 570.4, 90th(ms): 939.5, 95th(ms): 1140.9, 99th(ms): 1476.4, 99.9th(ms): 2013.3, Max(ms): 2013.3
[Current] NEW_ORDER - Takes(s): 10.0, Count: 2921, TPM: 17528.2, Sum(ms): 607045.3, Avg(ms): 207.8, 50th(ms): 192.9, 90th(ms): 318.8, 95th(ms): 385.9, 99th(ms): 520.1, 99.9th(ms): 671.1, Max(ms): 805.3
[Current] ORDER_STATUS - Takes(s): 9.9, Count: 282, TPM: 1712.4, Sum(ms): 23940.9, Avg(ms): 84.9, 50th(ms): 79.7, 90th(ms): 142.6, 95th(ms): 151.0, 99th(ms): 209.7, 99.9th(ms): 302.0, Max(ms): 302.0
[Current] PAYMENT - Takes(s): 10.0, Count: 2849, TPM: 17096.0, Sum(ms): 431749.8, Avg(ms): 151.6, 50th(ms): 130.0, 90th(ms): 260.0, 95th(ms): 318.8, 99th(ms): 436.2, 99.9th(ms): 704.6, Max(ms): 973.1
[Current] STOCK_LEVEL - Takes(s): 10.0, Count: 288, TPM: 1728.3, Sum(ms): 33015.1, Avg(ms): 114.8, 50th(ms): 96.5, 90th(ms): 209.7, 95th(ms): 285.2, 99th(ms): 352.3, 99.9th(ms): 419.4, Max(ms): 419.4
[Current] DELIVERY - Takes(s): 9.9, Count: 270, TPM: 1629.8, Sum(ms): 171167.9, Avg(ms): 634.2, 50th(ms): 604.0, 90th(ms): 939.5, 95th(ms): 1073.7, 99th(ms): 1208.0, 99.9th(ms): 1476.4, Max(ms): 1476.4
[Current] NEW_ORDER - Takes(s): 10.0, Count: 2959, TPM: 17756.0, Sum(ms): 597814.3, Avg(ms): 202.1, 50th(ms): 192.9, 90th(ms): 285.2, 95th(ms): 335.5, 99th(ms): 436.2, 99.9th(ms): 570.4, Max(ms): 637.5
[Current] ORDER_STATUS - Takes(s): 9.9, Count: 277, TPM: 1677.2, Sum(ms): 23549.9, Avg(ms): 85.2, 50th(ms): 79.7, 90th(ms): 130.0, 95th(ms): 151.0, 99th(ms): 184.5, 99.9th(ms): 302.0, Max(ms): 302.0
[Current] PAYMENT - Takes(s): 10.0, Count: 2929, TPM: 17576.4, Sum(ms): 433839.6, Avg(ms): 148.1, 50th(ms): 130.0, 90th(ms): 243.3, 95th(ms): 302.0, 99th(ms): 385.9, 99.9th(ms): 536.9, Max(ms): 604.0
[Current] STOCK_LEVEL - Takes(s): 10.0, Count: 277, TPM: 1663.5, Sum(ms): 25742.6, Avg(ms): 93.0, 50th(ms): 83.9, 90th(ms): 151.0, 95th(ms): 167.8, 99th(ms): 209.7, 99.9th(ms): 285.2, Max(ms): 285.2
[Current] DELIVERY - Takes(s): 10.0, Count: 280, TPM: 1687.5, Sum(ms): 157326.3, Avg(ms): 562.6, 50th(ms): 520.1, 90th(ms): 805.3, 95th(ms): 906.0, 99th(ms): 1275.1, 99.9th(ms): 1543.5, Max(ms): 1543.5
[Current] NEW_ORDER - Takes(s): 10.0, Count: 3363, TPM: 20180.7, Sum(ms): 616472.7, Avg(ms): 183.5, 50th(ms): 176.2, 90th(ms): 268.4, 95th(ms): 302.0, 99th(ms): 402.7, 99.9th(ms): 486.5, Max(ms): 486.5
[Current] ORDER_STATUS - Takes(s): 10.0, Count: 310, TPM: 1863.7, Sum(ms): 24814.8, Avg(ms): 80.1, 50th(ms): 71.3, 90th(ms): 130.0, 95th(ms): 159.4, 99th(ms): 218.1, 99.9th(ms): 234.9, Max(ms): 234.9
[Current] PAYMENT - Takes(s): 10.0, Count: 3225, TPM: 19355.0, Sum(ms): 431410.9, Avg(ms): 133.8, 50th(ms): 117.4, 90th(ms): 218.1, 95th(ms): 260.0, 99th(ms): 352.3, 99.9th(ms): 453.0, Max(ms): 604.0
[Current] STOCK_LEVEL - Takes(s): 10.0, Count: 292, TPM: 1757.0, Sum(ms): 24859.5, Avg(ms): 85.0, 50th(ms): 79.7, 90th(ms): 130.0, 95th(ms): 151.0, 99th(ms): 201.3, 99.9th(ms): 302.0, Max(ms): 302.0
[Current] DELIVERY - Takes(s): 10.0, Count: 295, TPM: 1770.5, Sum(ms): 159442.5, Avg(ms): 541.1, 50th(ms): 503.3, 90th(ms): 738.2, 95th(ms): 872.4, 99th(ms): 1208.0, 99.9th(ms): 1744.8, Max(ms): 1744.8
[Current] NEW_ORDER - Takes(s): 10.0, Count: 3396, TPM: 20381.7, Sum(ms): 618102.9, Avg(ms): 182.1, 50th(ms): 167.8, 90th(ms): 260.0, 95th(ms): 318.8, 99th(ms): 453.0, 99.9th(ms): 570.4, Max(ms): 939.5
[Current] ORDER_STATUS - Takes(s): 9.9, Count: 292, TPM: 1762.9, Sum(ms): 21647.2, Avg(ms): 74.2, 50th(ms): 71.3, 90th(ms): 109.1, 95th(ms): 130.0, 99th(ms): 184.5, 99.9th(ms): 226.5, Max(ms): 226.5
[Current] PAYMENT - Takes(s): 10.0, Count: 3323, TPM: 19943.2, Sum(ms): 428616.4, Avg(ms): 129.1, 50th(ms): 113.2, 90th(ms): 218.1, 95th(ms): 251.7, 99th(ms): 335.5, 99.9th(ms): 436.2, Max(ms): 570.4
[Current] STOCK_LEVEL - Takes(s): 10.0, Count: 308, TPM: 1850.0, Sum(ms): 26529.9, Avg(ms): 86.1, 50th(ms): 75.5, 90th(ms): 134.2, 95th(ms): 167.8, 99th(ms): 218.1, 99.9th(ms): 243.3, Max(ms): 243.3
[Current] DELIVERY - Takes(s): 10.0, Count: 287, TPM: 1722.5, Sum(ms): 172486.4, Avg(ms): 601.8, 50th(ms): 570.4, 90th(ms): 906.0, 95th(ms): 1006.6, 99th(ms): 1409.3, 99.9th(ms): 1677.7, Max(ms): 1677.7
[Current] NEW_ORDER - Takes(s): 10.0, Count: 3058, TPM: 18348.1, Sum(ms): 600193.1, Avg(ms): 196.3, 50th(ms): 184.5, 90th(ms): 285.2, 95th(ms): 335.5, 99th(ms): 469.8, 99.9th(ms): 604.0, Max(ms): 738.2
[Current] ORDER_STATUS - Takes(s): 9.9, Count: 269, TPM: 1623.0, Sum(ms): 22909.4, Avg(ms): 85.1, 50th(ms): 79.7, 90th(ms): 130.0, 95th(ms): 159.4, 99th(ms): 234.9, 99.9th(ms): 302.0, Max(ms): 302.0
[Current] PAYMENT - Takes(s): 10.0, Count: 2944, TPM: 17664.2, Sum(ms): 424529.1, Avg(ms): 144.3, 50th(ms): 121.6, 90th(ms): 243.3, 95th(ms): 302.0, 99th(ms): 436.2, 99.9th(ms): 604.0, Max(ms): 671.1
[Current] STOCK_LEVEL - Takes(s): 9.9, Count: 269, TPM: 1623.3, Sum(ms): 23090.3, Avg(ms): 85.9, 50th(ms): 79.7, 90th(ms): 125.8, 95th(ms): 151.0, 99th(ms): 176.2, 99.9th(ms): 335.5, Max(ms): 335.5
[Current] DELIVERY - Takes(s): 10.0, Count: 284, TPM: 1705.7, Sum(ms): 158177.5, Avg(ms): 556.4, 50th(ms): 503.3, 90th(ms): 805.3, 95th(ms): 1073.7, 99th(ms): 1409.3, 99.9th(ms): 1677.7, Max(ms): 1677.7
[Current] NEW_ORDER - Takes(s): 10.0, Count: 3206, TPM: 19238.8, Sum(ms): 628358.7, Avg(ms): 196.1, 50th(ms): 184.5, 90th(ms): 285.2, 95th(ms): 318.8, 99th(ms): 469.8, 99.9th(ms): 704.6, Max(ms): 1006.6
[Current] ORDER_STATUS - Takes(s): 10.0, Count: 282, TPM: 1692.4, Sum(ms): 22398.9, Avg(ms): 79.5, 50th(ms): 79.7, 90th(ms): 121.6, 95th(ms): 134.2, 99th(ms): 159.4, 99.9th(ms): 234.9, Max(ms): 234.9
[Current] PAYMENT - Takes(s): 10.0, Count: 3129, TPM: 18774.2, Sum(ms): 434592.9, Avg(ms): 139.0, 50th(ms): 121.6, 90th(ms): 226.5, 95th(ms): 285.2, 99th(ms): 385.9, 99.9th(ms): 520.1, Max(ms): 704.6
[Current] STOCK_LEVEL - Takes(s): 10.0, Count: 296, TPM: 1781.6, Sum(ms): 26046.0, Avg(ms): 87.9, 50th(ms): 83.9, 90th(ms): 134.2, 95th(ms): 151.0, 99th(ms): 218.1, 99.9th(ms): 234.9, Max(ms): 234.9
[Current] DELIVERY - Takes(s): 10.0, Count: 260, TPM: 1563.2, Sum(ms): 166851.7, Avg(ms): 643.0, 50th(ms): 570.4, 90th(ms): 973.1, 95th(ms): 1275.1, 99th(ms): 1476.4, 99.9th(ms): 1476.4, Max(ms): 1476.4
[Current] NEW_ORDER - Takes(s): 10.0, Count: 3037, TPM: 18223.0, Sum(ms): 621531.4, Avg(ms): 204.7, 50th(ms): 184.5, 90th(ms): 318.8, 95th(ms): 369.1, 99th(ms): 503.3, 99.9th(ms): 637.5, Max(ms): 671.1
[Current] ORDER_STATUS - Takes(s): 10.0, Count: 249, TPM: 1498.8, Sum(ms): 20548.3, Avg(ms): 82.5, 50th(ms): 75.5, 90th(ms): 125.8, 95th(ms): 176.2, 99th(ms): 218.1, 99.9th(ms): 234.9, Max(ms): 234.9
[Current] PAYMENT - Takes(s): 10.0, Count: 2821, TPM: 16929.5, Sum(ms): 413780.5, Avg(ms): 146.8, 50th(ms): 121.6, 90th(ms): 243.3, 95th(ms): 302.0, 99th(ms): 436.2, 99.9th(ms): 637.5, Max(ms): 872.4
[Current] STOCK_LEVEL - Takes(s): 9.9, Count: 278, TPM: 1679.4, Sum(ms): 27723.8, Avg(ms): 99.8, 50th(ms): 92.3, 90th(ms): 159.4, 95th(ms): 184.5, 99th(ms): 234.9, 99.9th(ms): 302.0, Max(ms): 302.0
[Current] DELIVERY - Takes(s): 10.0, Count: 301, TPM: 1810.7, Sum(ms): 187438.0, Avg(ms): 623.6, 50th(ms): 604.0, 90th(ms): 838.9, 95th(ms): 1040.2, 99th(ms): 1208.0, 99.9th(ms): 1744.8, Max(ms): 1744.8
[Current] NEW_ORDER - Takes(s): 10.0, Count: 3132, TPM: 18795.9, Sum(ms): 601870.8, Avg(ms): 192.1, 50th(ms): 184.5, 90th(ms): 268.4, 95th(ms): 302.0, 99th(ms): 402.7, 99.9th(ms): 453.0, Max(ms): 536.9
[Current] ORDER_STATUS - Takes(s): 10.0, Count: 257, TPM: 1542.1, Sum(ms): 22349.7, Avg(ms): 86.9, 50th(ms): 83.9, 90th(ms): 130.0, 95th(ms): 151.0, 99th(ms): 192.9, 99.9th(ms): 234.9, Max(ms): 234.9
[Current] PAYMENT - Takes(s): 10.0, Count: 3017, TPM: 18107.7, Sum(ms): 417257.4, Avg(ms): 138.4, 50th(ms): 125.8, 90th(ms): 218.1, 95th(ms): 260.0, 99th(ms): 352.3, 99.9th(ms): 453.0, Max(ms): 469.8
[Current] STOCK_LEVEL - Takes(s): 10.0, Count: 269, TPM: 1620.5, Sum(ms): 23776.7, Avg(ms): 88.4, 50th(ms): 79.7, 90th(ms): 125.8, 95th(ms): 159.4, 99th(ms): 260.0, 99.9th(ms): 335.5, Max(ms): 335.5
[Current] DELIVERY - Takes(s): 10.0, Count: 311, TPM: 1875.2, Sum(ms): 197291.6, Avg(ms): 634.2, 50th(ms): 604.0, 90th(ms): 838.9, 95th(ms): 973.1, 99th(ms): 1275.1, 99.9th(ms): 1811.9, Max(ms): 1811.9
[Current] NEW_ORDER - Takes(s): 10.0, Count: 3184, TPM: 19107.3, Sum(ms): 592669.4, Avg(ms): 186.2, 50th(ms): 184.5, 90th(ms): 251.7, 95th(ms): 285.2, 99th(ms): 352.3, 99.9th(ms): 402.7, Max(ms): 486.5
[Current] ORDER_STATUS - Takes(s): 9.9, Count: 324, TPM: 1960.4, Sum(ms): 27406.7, Avg(ms): 84.7, 50th(ms): 83.9, 90th(ms): 121.6, 95th(ms): 134.2, 99th(ms): 167.8, 99.9th(ms): 192.9, Max(ms): 192.9
[Current] PAYMENT - Takes(s): 10.0, Count: 3064, TPM: 18387.6, Sum(ms): 412998.1, Avg(ms): 134.8, 50th(ms): 121.6, 90th(ms): 209.7, 95th(ms): 251.7, 99th(ms): 335.5, 99.9th(ms): 436.2, Max(ms): 604.0
[Current] STOCK_LEVEL - Takes(s): 9.9, Count: 292, TPM: 1772.5, Sum(ms): 23253.9, Avg(ms): 79.6, 50th(ms): 75.5, 90th(ms): 117.4, 95th(ms): 130.0, 99th(ms): 151.0, 99.9th(ms): 167.8, Max(ms): 167.8
[Current] DELIVERY - Takes(s): 10.0, Count: 295, TPM: 1771.0, Sum(ms): 183270.0, Avg(ms): 622.0, 50th(ms): 604.0, 90th(ms): 805.3, 95th(ms): 906.0, 99th(ms): 1208.0, 99.9th(ms): 1879.0, Max(ms): 1879.0
[Current] NEW_ORDER - Takes(s): 10.0, Count: 3197, TPM: 19194.0, Sum(ms): 610251.1, Avg(ms): 190.9, 50th(ms): 184.5, 90th(ms): 268.4, 95th(ms): 302.0, 99th(ms): 385.9, 99.9th(ms): 536.9, Max(ms): 604.0
[Current] ORDER_STATUS - Takes(s): 10.0, Count: 289, TPM: 1740.9, Sum(ms): 24328.5, Avg(ms): 84.2, 50th(ms): 79.7, 90th(ms): 121.6, 95th(ms): 142.6, 99th(ms): 192.9, 99.9th(ms): 218.1, Max(ms): 218.1
[Current] PAYMENT - Takes(s): 10.0, Count: 3045, TPM: 18272.4, Sum(ms): 415023.3, Avg(ms): 136.3, 50th(ms): 121.6, 90th(ms): 218.1, 95th(ms): 243.3, 99th(ms): 335.5, 99.9th(ms): 453.0, Max(ms): 486.5
[Current] STOCK_LEVEL - Takes(s): 10.0, Count: 268, TPM: 1609.1, Sum(ms): 21138.3, Avg(ms): 78.9, 50th(ms): 79.7, 90th(ms): 113.2, 95th(ms): 125.8, 99th(ms): 159.4, 99.9th(ms): 192.9, Max(ms): 192.9
[Current] DELIVERY - Takes(s): 10.0, Count: 283, TPM: 1698.4, Sum(ms): 180072.0, Avg(ms): 637.3, 50th(ms): 604.0, 90th(ms): 838.9, 95th(ms): 939.5, 99th(ms): 1409.3, 99.9th(ms): 1610.6, Max(ms): 1610.6
[Current] NEW_ORDER - Takes(s): 10.0, Count: 3070, TPM: 18420.8, Sum(ms): 606391.1, Avg(ms): 197.6, 50th(ms): 192.9, 90th(ms): 268.4, 95th(ms): 318.8, 99th(ms): 385.9, 99.9th(ms): 570.4, Max(ms): 570.4
[Current] ORDER_STATUS - Takes(s): 10.0, Count: 261, TPM: 1567.3, Sum(ms): 22260.7, Avg(ms): 85.4, 50th(ms): 83.9, 90th(ms): 130.0, 95th(ms): 142.6, 99th(ms): 167.8, 99.9th(ms): 176.2, Max(ms): 176.2
[Current] PAYMENT - Takes(s): 10.0, Count: 2952, TPM: 17715.6, Sum(ms): 421313.5, Avg(ms): 142.8, 50th(ms): 130.0, 90th(ms): 218.1, 95th(ms): 260.0, 99th(ms): 385.9, 99.9th(ms): 570.4, Max(ms): 704.6
[Current] STOCK_LEVEL - Takes(s): 10.0, Count: 251, TPM: 1512.9, Sum(ms): 25812.1, Avg(ms): 103.0, 50th(ms): 88.1, 90th(ms): 176.2, 95th(ms): 209.7, 99th(ms): 285.2, 99.9th(ms): 318.8, Max(ms): 318.8
[Current] DELIVERY - Takes(s): 10.0, Count: 278, TPM: 1672.4, Sum(ms): 164834.1, Avg(ms): 593.9, 50th(ms): 570.4, 90th(ms): 771.8, 95th(ms): 1040.2, 99th(ms): 1677.7, 99.9th(ms): 2080.4, Max(ms): 2080.4
[Current] NEW_ORDER - Takes(s): 10.0, Count: 3261, TPM: 19571.6, Sum(ms): 637346.6, Avg(ms): 195.6, 50th(ms): 184.5, 90th(ms): 285.2, 95th(ms): 318.8, 99th(ms): 419.4, 99.9th(ms): 570.4, Max(ms): 671.1
[Current] ORDER_STATUS - Takes(s): 9.9, Count: 288, TPM: 1740.8, Sum(ms): 22726.1, Avg(ms): 78.9, 50th(ms): 75.5, 90th(ms): 125.8, 95th(ms): 142.6, 99th(ms): 192.9, 99.9th(ms): 260.0, Max(ms): 260.0
[Current] PAYMENT - Takes(s): 10.0, Count: 2964, TPM: 17786.8, Sum(ms): 403593.1, Avg(ms): 136.2, 50th(ms): 121.6, 90th(ms): 209.7, 95th(ms): 260.0, 99th(ms): 369.1, 99.9th(ms): 536.9, Max(ms): 604.0
[Current] STOCK_LEVEL - Takes(s): 10.0, Count: 300, TPM: 1804.5, Sum(ms): 28474.7, Avg(ms): 95.0, 50th(ms): 88.1, 90th(ms): 151.0, 95th(ms): 176.2, 99th(ms): 243.3, 99.9th(ms): 318.8, Max(ms): 318.8
[Current] DELIVERY - Takes(s): 10.0, Count: 283, TPM: 1700.4, Sum(ms): 151289.4, Avg(ms): 533.9, 50th(ms): 486.5, 90th(ms): 838.9, 95th(ms): 973.1, 99th(ms): 1275.1, 99.9th(ms): 1811.9, Max(ms): 1811.9
[Current] NEW_ORDER - Takes(s): 10.0, Count: 3285, TPM: 19728.6, Sum(ms): 627023.3, Avg(ms): 190.9, 50th(ms): 176.2, 90th(ms): 285.2, 95th(ms): 335.5, 99th(ms): 436.2, 99.9th(ms): 604.0, Max(ms): 838.9
[Current] ORDER_STATUS - Takes(s): 10.0, Count: 298, TPM: 1791.2, Sum(ms): 22993.1, Avg(ms): 77.3, 50th(ms): 71.3, 90th(ms): 121.6, 95th(ms): 159.4, 99th(ms): 209.7, 99.9th(ms): 318.8, Max(ms): 318.8
[Current] PAYMENT - Takes(s): 10.0, Count: 3106, TPM: 18651.2, Sum(ms): 426818.1, Avg(ms): 137.5, 50th(ms): 117.4, 90th(ms): 226.5, 95th(ms): 285.2, 99th(ms): 402.7, 99.9th(ms): 604.0, Max(ms): 906.0
[Current] STOCK_LEVEL - Takes(s): 10.0, Count: 272, TPM: 1638.9, Sum(ms): 27195.7, Avg(ms): 99.8, 50th(ms): 88.1, 90th(ms): 159.4, 95th(ms): 192.9, 99th(ms): 302.0, 99.9th(ms): 453.0, Max(ms): 453.0
[Current] DELIVERY - Takes(s): 10.0, Count: 278, TPM: 1669.4, Sum(ms): 146338.8, Avg(ms): 526.8, 50th(ms): 469.8, 90th(ms): 805.3, 95th(ms): 906.0, 99th(ms): 1275.1, 99.9th(ms): 1677.7, Max(ms): 1677.7
[Current] NEW_ORDER - Takes(s): 10.0, Count: 3426, TPM: 20565.3, Sum(ms): 640485.4, Avg(ms): 187.0, 50th(ms): 176.2, 90th(ms): 285.2, 95th(ms): 318.8, 99th(ms): 402.7, 99.9th(ms): 536.9, Max(ms): 671.1
[Current] ORDER_STATUS - Takes(s): 9.9, Count: 286, TPM: 1724.8, Sum(ms): 22047.5, Avg(ms): 77.2, 50th(ms): 75.5, 90th(ms): 121.6, 95th(ms): 142.6, 99th(ms): 176.2, 99.9th(ms): 209.7, Max(ms): 209.7
[Current] PAYMENT - Takes(s): 10.0, Count: 3166, TPM: 19012.1, Sum(ms): 419077.6, Avg(ms): 132.4, 50th(ms): 117.4, 90th(ms): 218.1, 95th(ms): 260.0, 99th(ms): 352.3, 99.9th(ms): 469.8, Max(ms): 637.5
[Current] STOCK_LEVEL - Takes(s): 10.0, Count: 283, TPM: 1701.3, Sum(ms): 28160.0, Avg(ms): 99.6, 50th(ms): 88.1, 90th(ms): 159.4, 95th(ms): 184.5, 99th(ms): 318.8, 99.9th(ms): 520.1, Max(ms): 520.1
[Current] DELIVERY - Takes(s): 10.0, Count: 289, TPM: 1735.6, Sum(ms): 142437.8, Avg(ms): 493.2, 50th(ms): 453.0, 90th(ms): 738.2, 95th(ms): 939.5, 99th(ms): 1140.9, 99.9th(ms): 1208.0, Max(ms): 1208.0
[Current] NEW_ORDER - Takes(s): 10.0, Count: 3302, TPM: 19814.5, Sum(ms): 629472.2, Avg(ms): 190.8, 50th(ms): 176.2, 90th(ms): 302.0, 95th(ms): 369.1, 99th(ms): 453.0, 99.9th(ms): 604.0, Max(ms): 805.3
[Current] ORDER_STATUS - Takes(s): 9.9, Count: 276, TPM: 1666.7, Sum(ms): 20086.2, Avg(ms): 72.9, 50th(ms): 65.0, 90th(ms): 109.1, 95th(ms): 142.6, 99th(ms): 209.7, 99.9th(ms): 251.7, Max(ms): 251.7
[Current] PAYMENT - Takes(s): 10.0, Count: 3186, TPM: 19129.1, Sum(ms): 428742.8, Avg(ms): 134.7, 50th(ms): 113.2, 90th(ms): 234.9, 95th(ms): 285.2, 99th(ms): 385.9, 99.9th(ms): 671.1, Max(ms): 738.2
[Current] STOCK_LEVEL - Takes(s): 9.9, Count: 303, TPM: 1828.3, Sum(ms): 28891.7, Avg(ms): 95.4, 50th(ms): 88.1, 90th(ms): 151.0, 95th(ms): 184.5, 99th(ms): 285.2, 99.9th(ms): 352.3, Max(ms): 352.3
[Current] DELIVERY - Takes(s): 10.0, Count: 334, TPM: 2006.2, Sum(ms): 167252.0, Avg(ms): 500.9, 50th(ms): 469.8, 90th(ms): 704.6, 95th(ms): 906.0, 99th(ms): 1073.7, 99.9th(ms): 1342.2, Max(ms): 1342.2
[Current] NEW_ORDER - Takes(s): 10.0, Count: 3538, TPM: 21233.3, Sum(ms): 629116.1, Avg(ms): 177.8, 50th(ms): 167.8, 90th(ms): 251.7, 95th(ms): 285.2, 99th(ms): 385.9, 99.9th(ms): 453.0, Max(ms): 503.3
[Current] ORDER_STATUS - Takes(s): 10.0, Count: 309, TPM: 1860.8, Sum(ms): 22552.5, Avg(ms): 73.0, 50th(ms): 71.3, 90th(ms): 109.1, 95th(ms): 130.0, 99th(ms): 167.8, 99.9th(ms): 226.5, Max(ms): 226.5
[Current] PAYMENT - Takes(s): 10.0, Count: 3326, TPM: 19961.3, Sum(ms): 419138.9, Avg(ms): 126.1, 50th(ms): 113.2, 90th(ms): 201.3, 95th(ms): 243.3, 99th(ms): 335.5, 99.9th(ms): 436.2, Max(ms): 520.1
[Current] STOCK_LEVEL - Takes(s): 9.9, Count: 305, TPM: 1846.4, Sum(ms): 28345.1, Avg(ms): 93.1, 50th(ms): 88.1, 90th(ms): 142.6, 95th(ms): 176.2, 99th(ms): 234.9, 99.9th(ms): 335.5, Max(ms): 335.5
[Current] DELIVERY - Takes(s): 10.0, Count: 273, TPM: 1639.7, Sum(ms): 160181.8, Avg(ms): 586.5, 50th(ms): 570.4, 90th(ms): 872.4, 95th(ms): 1040.2, 99th(ms): 1409.3, 99.9th(ms): 1677.7, Max(ms): 1677.7
[Current] NEW_ORDER - Takes(s): 10.0, Count: 3123, TPM: 18739.2, Sum(ms): 617834.8, Avg(ms): 197.9, 50th(ms): 184.5, 90th(ms): 285.2, 95th(ms): 352.3, 99th(ms): 453.0, 99.9th(ms): 570.4, Max(ms): 738.2
[Current] ORDER_STATUS - Takes(s): 10.0, Count: 275, TPM: 1651.8, Sum(ms): 23603.7, Avg(ms): 85.8, 50th(ms): 79.7, 90th(ms): 134.2, 95th(ms): 151.0, 99th(ms): 218.1, 99.9th(ms): 260.0, Max(ms): 260.0
[Current] PAYMENT - Takes(s): 10.0, Count: 2904, TPM: 17504.9, Sum(ms): 415539.2, Avg(ms): 143.2, 50th(ms): 125.8, 90th(ms): 234.9, 95th(ms): 285.2, 99th(ms): 385.9, 99.9th(ms): 503.3, Max(ms): 805.3
[Current] STOCK_LEVEL - Takes(s): 10.0, Count: 278, TPM: 1673.7, Sum(ms): 26963.7, Avg(ms): 97.1, 50th(ms): 88.1, 90th(ms): 151.0, 95th(ms): 184.5, 99th(ms): 285.2, 99.9th(ms): 402.7, Max(ms): 402.7
[Current] DELIVERY - Takes(s): 9.9, Count: 263, TPM: 1590.6, Sum(ms): 175456.8, Avg(ms): 667.8, 50th(ms): 637.5, 90th(ms): 906.0, 95th(ms): 1040.2, 99th(ms): 1342.2, 99.9th(ms): 1409.3, Max(ms): 1409.3
[Current] NEW_ORDER - Takes(s): 10.0, Count: 3046, TPM: 18277.0, Sum(ms): 610416.0, Avg(ms): 200.5, 50th(ms): 192.9, 90th(ms): 268.4, 95th(ms): 318.8, 99th(ms): 402.7, 99.9th(ms): 469.8, Max(ms): 570.4
[Current] ORDER_STATUS - Takes(s): 9.9, Count: 271, TPM: 1638.0, Sum(ms): 24622.9, Avg(ms): 91.0, 50th(ms): 88.1, 90th(ms): 134.2, 95th(ms): 151.0, 99th(ms): 209.7, 99.9th(ms): 234.9, Max(ms): 234.9
[Current] PAYMENT - Takes(s): 10.0, Count: 2854, TPM: 17123.8, Sum(ms): 416549.7, Avg(ms): 146.0, 50th(ms): 130.0, 90th(ms): 226.5, 95th(ms): 285.2, 99th(ms): 385.9, 99.9th(ms): 570.4, Max(ms): 637.5
[Current] STOCK_LEVEL - Takes(s): 10.0, Count: 265, TPM: 1596.3, Sum(ms): 25467.1, Avg(ms): 96.2, 50th(ms): 88.1, 90th(ms): 151.0, 95th(ms): 167.8, 99th(ms): 192.9, 99.9th(ms): 209.7, Max(ms): 209.7
[Current] DELIVERY - Takes(s): 10.0, Count: 303, TPM: 1822.8, Sum(ms): 167807.6, Avg(ms): 554.2, 50th(ms): 570.4, 90th(ms): 704.6, 95th(ms): 872.4, 99th(ms): 1073.7, 99.9th(ms): 1140.9, Max(ms): 1140.9
[Current] NEW_ORDER - Takes(s): 10.0, Count: 3235, TPM: 19415.9, Sum(ms): 623913.1, Avg(ms): 192.9, 50th(ms): 184.5, 90th(ms): 268.4, 95th(ms): 318.8, 99th(ms): 385.9, 99.9th(ms): 536.9, Max(ms): 637.5
[Current] ORDER_STATUS - Takes(s): 10.0, Count: 300, TPM: 1802.5, Sum(ms): 24178.4, Avg(ms): 80.5, 50th(ms): 79.7, 90th(ms): 130.0, 95th(ms): 142.6, 99th(ms): 192.9, 99.9th(ms): 209.7, Max(ms): 209.7
[Current] PAYMENT - Takes(s): 10.0, Count: 3017, TPM: 18106.0, Sum(ms): 413595.5, Avg(ms): 137.0, 50th(ms): 125.8, 90th(ms): 218.1, 95th(ms): 251.7, 99th(ms): 335.5, 99.9th(ms): 453.0, Max(ms): 536.9
[Current] STOCK_LEVEL - Takes(s): 10.0, Count: 279, TPM: 1675.6, Sum(ms): 24740.1, Avg(ms): 88.7, 50th(ms): 83.9, 90th(ms): 134.2, 95th(ms): 151.0, 99th(ms): 176.2, 99.9th(ms): 226.5, Max(ms): 226.5
[Current] DELIVERY - Takes(s): 9.9, Count: 305, TPM: 1850.6, Sum(ms): 180413.8, Avg(ms): 591.3, 50th(ms): 536.9, 90th(ms): 906.0, 95th(ms): 1040.2, 99th(ms): 1342.2, 99.9th(ms): 1610.6, Max(ms): 1610.6
[Current] NEW_ORDER - Takes(s): 10.0, Count: 3160, TPM: 18963.1, Sum(ms): 607306.3, Avg(ms): 192.2, 50th(ms): 176.2, 90th(ms): 285.2, 95th(ms): 318.8, 99th(ms): 419.4, 99.9th(ms): 570.4, Max(ms): 637.5
[Current] ORDER_STATUS - Takes(s): 10.0, Count: 290, TPM: 1748.6, Sum(ms): 23224.6, Avg(ms): 80.1, 50th(ms): 75.5, 90th(ms): 121.6, 95th(ms): 151.0, 99th(ms): 176.2, 99.9th(ms): 209.7, Max(ms): 209.7
[Current] PAYMENT - Takes(s): 10.0, Count: 3088, TPM: 18532.3, Sum(ms): 419266.1, Avg(ms): 135.9, 50th(ms): 121.6, 90th(ms): 218.1, 95th(ms): 260.0, 99th(ms): 385.9, 99.9th(ms): 570.4, Max(ms): 872.4
[Current] STOCK_LEVEL - Takes(s): 10.0, Count: 292, TPM: 1753.0, Sum(ms): 25692.1, Avg(ms): 88.0, 50th(ms): 88.1, 90th(ms): 125.8, 95th(ms): 142.6, 99th(ms): 192.9, 99.9th(ms): 226.5, Max(ms): 226.5
[Current] DELIVERY - Takes(s): 10.0, Count: 255, TPM: 1532.7, Sum(ms): 154945.1, Avg(ms): 608.1, 50th(ms): 570.4, 90th(ms): 838.9, 95th(ms): 906.0, 99th(ms): 1073.7, 99.9th(ms): 1140.9, Max(ms): 1140.9
[Current] NEW_ORDER - Takes(s): 10.0, Count: 3153, TPM: 18917.9, Sum(ms): 608873.5, Avg(ms): 193.2, 50th(ms): 184.5, 90th(ms): 260.0, 95th(ms): 302.0, 99th(ms): 402.7, 99.9th(ms): 486.5, Max(ms): 637.5
[Current] ORDER_STATUS - Takes(s): 10.0, Count: 311, TPM: 1866.3, Sum(ms): 27085.3, Avg(ms): 87.1, 50th(ms): 83.9, 90th(ms): 130.0, 95th(ms): 142.6, 99th(ms): 167.8, 99.9th(ms): 243.3, Max(ms): 243.3
[Current] PAYMENT - Takes(s): 10.0, Count: 3160, TPM: 18960.1, Sum(ms): 436621.9, Avg(ms): 138.2, 50th(ms): 125.8, 90th(ms): 218.1, 95th(ms): 260.0, 99th(ms): 352.3, 99.9th(ms): 469.8, Max(ms): 536.9
[Current] STOCK_LEVEL - Takes(s): 9.9, Count: 300, TPM: 1811.2, Sum(ms): 26024.0, Avg(ms): 86.7, 50th(ms): 83.9, 90th(ms): 125.8, 95th(ms): 142.6, 99th(ms): 167.8, 99.9th(ms): 184.5, Max(ms): 184.5
[Current] DELIVERY - Takes(s): 10.0, Count: 265, TPM: 1594.7, Sum(ms): 170070.5, Avg(ms): 641.5, 50th(ms): 604.0, 90th(ms): 906.0, 95th(ms): 1040.2, 99th(ms): 1208.0, 99.9th(ms): 1275.1, Max(ms): 1275.1
[Current] NEW_ORDER - Takes(s): 10.0, Count: 3097, TPM: 18583.2, Sum(ms): 616768.2, Avg(ms): 199.2, 50th(ms): 184.5, 90th(ms): 285.2, 95th(ms): 335.5, 99th(ms): 453.0, 99.9th(ms): 604.0, Max(ms): 671.1
[Current] ORDER_STATUS - Takes(s): 10.0, Count: 262, TPM: 1578.7, Sum(ms): 22888.1, Avg(ms): 87.4, 50th(ms): 83.9, 90th(ms): 130.0, 95th(ms): 142.6, 99th(ms): 176.2, 99.9th(ms): 226.5, Max(ms): 226.5
[Current] PAYMENT - Takes(s): 10.0, Count: 2953, TPM: 17720.3, Sum(ms): 424070.6, Avg(ms): 143.6, 50th(ms): 125.8, 90th(ms): 234.9, 95th(ms): 285.2, 99th(ms): 402.7, 99.9th(ms): 503.3, Max(ms): 570.4
[Current] STOCK_LEVEL - Takes(s): 10.0, Count: 256, TPM: 1536.3, Sum(ms): 22883.1, Avg(ms): 89.4, 50th(ms): 88.1, 90th(ms): 134.2, 95th(ms): 151.0, 99th(ms): 176.2, 99.9th(ms): 226.5, Max(ms): 226.5
[Current] DELIVERY - Takes(s): 10.0, Count: 260, TPM: 1563.2, Sum(ms): 170971.8, Avg(ms): 657.1, 50th(ms): 637.5, 90th(ms): 939.5, 95th(ms): 1208.0, 99th(ms): 1342.2, 99.9th(ms): 1677.7, Max(ms): 1677.7
[Current] NEW_ORDER - Takes(s): 10.0, Count: 2853, TPM: 17150.6, Sum(ms): 607893.4, Avg(ms): 213.1, 50th(ms): 201.3, 90th(ms): 318.8, 95th(ms): 369.1, 99th(ms): 453.0, 99.9th(ms): 604.0, Max(ms): 738.2
[Current] ORDER_STATUS - Takes(s): 10.0, Count: 268, TPM: 1610.5, Sum(ms): 26128.8, Avg(ms): 97.6, 50th(ms): 88.1, 90th(ms): 167.8, 95th(ms): 201.3, 99th(ms): 243.3, 99.9th(ms): 352.3, Max(ms): 352.3
[Current] PAYMENT - Takes(s): 10.0, Count: 2765, TPM: 16592.8, Sum(ms): 418801.0, Avg(ms): 151.5, 50th(ms): 134.2, 90th(ms): 251.7, 95th(ms): 302.0, 99th(ms): 385.9, 99.9th(ms): 637.5, Max(ms): 872.4
[Current] STOCK_LEVEL - Takes(s): 9.9, Count: 262, TPM: 1587.8, Sum(ms): 23030.2, Avg(ms): 87.9, 50th(ms): 88.1, 90th(ms): 125.8, 95th(ms): 142.6, 99th(ms): 167.8, 99.9th(ms): 176.2, Max(ms): 176.2
Finished
[Summary] DELIVERY - Takes(s): 599.4, Count: 16893, TPM: 1690.9, Sum(ms): 10439339.4, Avg(ms): 618.1, 50th(ms): 604.0, 90th(ms): 872.4, 95th(ms): 1040.2, 99th(ms): 1409.3, 99.9th(ms): 1879.0, Max(ms): 2550.1
[Summary] NEW_ORDER - Takes(s): 599.9, Count: 188374, TPM: 18841.8, Sum(ms): 36676275.8, Avg(ms): 194.8, 50th(ms): 184.5, 90th(ms): 285.2, 95th(ms): 318.8, 99th(ms): 436.2, 99.9th(ms): 570.4, Max(ms): 1275.1
[Summary] ORDER_STATUS - Takes(s): 599.9, Count: 16675, TPM: 1667.7, Sum(ms): 1412111.3, Avg(ms): 84.7, 50th(ms): 79.7, 90th(ms): 130.0, 95th(ms): 151.0, 99th(ms): 201.3, 99.9th(ms): 285.2, Max(ms): 352.3
[Summary] PAYMENT - Takes(s): 599.9, Count: 179893, TPM: 17991.1, Sum(ms): 25226297.7, Avg(ms): 140.3, 50th(ms): 125.8, 90th(ms): 226.5, 95th(ms): 268.4, 99th(ms): 385.9, 99.9th(ms): 536.9, Max(ms): 1140.9
[Summary] STOCK_LEVEL - Takes(s): 599.9, Count: 16565, TPM: 1656.9, Sum(ms): 1459454.5, Avg(ms): 88.1, 50th(ms): 83.9, 90th(ms): 134.2, 95th(ms): 159.4, 99th(ms): 234.9, 99.9th(ms): 352.3, Max(ms): 520.1
tpmC: 18841.8, tpmTotal: 41848.4, efficiency: 1144.6%
