2026/04/27 13:06:12 maxprocs: Leaving GOMAXPROCS=4: CPU quota undefined
[Current] DELIVERY - Takes(s): 9.6, Count: 234, TPM: 1457.3, Sum(ms): 78300.0, Avg(ms): 334.6, 50th(ms): 318.8, 90th(ms): 469.8, 95th(ms): 570.4, 99th(ms): 738.2, 99.9th(ms): 805.3, Max(ms): 805.3
[Current] NEW_ORDER - Takes(s): 9.8, Count: 2832, TPM: 17263.8, Sum(ms): 306837.4, Avg(ms): 108.4, 50th(ms): 104.9, 90th(ms): 159.4, 95th(ms): 176.2, 99th(ms): 218.1, 99.9th(ms): 260.0, Max(ms): 268.4
[Current] ORDER_STATUS - Takes(s): 9.8, Count: 242, TPM: 1475.2, Sum(ms): 11965.0, Avg(ms): 49.5, 50th(ms): 46.1, 90th(ms): 75.5, 95th(ms): 83.9, 99th(ms): 125.8, 99.9th(ms): 159.4, Max(ms): 159.4
[Current] PAYMENT - Takes(s): 9.9, Count: 2736, TPM: 16653.4, Sum(ms): 198954.6, Avg(ms): 72.8, 50th(ms): 67.1, 90th(ms): 113.2, 95th(ms): 134.2, 99th(ms): 184.5, 99.9th(ms): 226.5, Max(ms): 285.2
[Current] STOCK_LEVEL - Takes(s): 9.9, Count: 245, TPM: 1490.5, Sum(ms): 17283.2, Avg(ms): 70.6, 50th(ms): 58.7, 90th(ms): 134.2, 95th(ms): 159.4, 99th(ms): 209.7, 99.9th(ms): 302.0, Max(ms): 302.0
[Current] DELIVERY - Takes(s): 9.9, Count: 259, TPM: 1566.8, Sum(ms): 85675.4, Avg(ms): 330.9, 50th(ms): 318.8, 90th(ms): 453.0, 95th(ms): 503.3, 99th(ms): 671.1, 99.9th(ms): 973.1, Max(ms): 973.1
[Current] NEW_ORDER - Takes(s): 10.0, Count: 2903, TPM: 17440.0, Sum(ms): 314724.9, Avg(ms): 108.5, 50th(ms): 104.9, 90th(ms): 159.4, 95th(ms): 176.2, 99th(ms): 268.4, 99.9th(ms): 335.5, Max(ms): 385.9
[Current] ORDER_STATUS - Takes(s): 10.0, Count: 252, TPM: 1517.6, Sum(ms): 12193.4, Avg(ms): 48.4, 50th(ms): 46.1, 90th(ms): 75.5, 95th(ms): 83.9, 99th(ms): 130.0, 99.9th(ms): 151.0, Max(ms): 151.0
[Current] PAYMENT - Takes(s): 10.0, Count: 2755, TPM: 16533.4, Sum(ms): 197611.3, Avg(ms): 71.8, 50th(ms): 67.1, 90th(ms): 109.1, 95th(ms): 130.0, 99th(ms): 184.5, 99.9th(ms): 243.3, Max(ms): 453.0
[Current] STOCK_LEVEL - Takes(s): 9.9, Count: 258, TPM: 1557.0, Sum(ms): 16271.2, Avg(ms): 63.1, 50th(ms): 54.5, 90th(ms): 109.1, 95th(ms): 134.2, 99th(ms): 176.2, 99.9th(ms): 260.0, Max(ms): 260.0
[Current] DELIVERY - Takes(s): 10.0, Count: 288, TPM: 1733.9, Sum(ms): 90062.5, Avg(ms): 313.0, 50th(ms): 318.8, 90th(ms): 419.4, 95th(ms): 503.3, 99th(ms): 604.0, 99.9th(ms): 973.1, Max(ms): 973.1
[Current] NEW_ORDER - Takes(s): 10.0, Count: 2956, TPM: 17739.8, Sum(ms): 314763.7, Avg(ms): 106.5, 50th(ms): 104.9, 90th(ms): 151.0, 95th(ms): 159.4, 99th(ms): 201.3, 99.9th(ms): 260.0, Max(ms): 302.0
[Current] ORDER_STATUS - Takes(s): 10.0, Count: 274, TPM: 1644.4, Sum(ms): 12791.9, Avg(ms): 46.8, 50th(ms): 46.1, 90th(ms): 67.1, 95th(ms): 79.7, 99th(ms): 88.1, 99.9th(ms): 121.6, Max(ms): 121.6
[Current] PAYMENT - Takes(s): 10.0, Count: 2774, TPM: 16646.8, Sum(ms): 192413.6, Avg(ms): 69.4, 50th(ms): 65.0, 90th(ms): 100.7, 95th(ms): 117.4, 99th(ms): 159.4, 99.9th(ms): 234.9, Max(ms): 285.2
[Current] STOCK_LEVEL - Takes(s): 10.0, Count: 255, TPM: 1532.2, Sum(ms): 15040.3, Avg(ms): 59.0, 50th(ms): 52.4, 90th(ms): 96.5, 95th(ms): 113.2, 99th(ms): 184.5, 99.9th(ms): 192.9, Max(ms): 192.9
[Current] DELIVERY - Takes(s): 10.0, Count: 252, TPM: 1517.5, Sum(ms): 78772.2, Avg(ms): 312.5, 50th(ms): 302.0, 90th(ms): 453.0, 95th(ms): 536.9, 99th(ms): 637.5, 99.9th(ms): 738.2, Max(ms): 738.2
[Current] NEW_ORDER - Takes(s): 10.0, Count: 3065, TPM: 18391.0, Sum(ms): 324354.1, Avg(ms): 105.9, 50th(ms): 100.7, 90th(ms): 151.0, 95th(ms): 176.2, 99th(ms): 209.7, 99.9th(ms): 268.4, Max(ms): 335.5
[Current] ORDER_STATUS - Takes(s): 10.0, Count: 234, TPM: 1405.2, Sum(ms): 10915.5, Avg(ms): 46.6, 50th(ms): 44.0, 90th(ms): 75.5, 95th(ms): 92.3, 99th(ms): 100.7, 99.9th(ms): 117.4, Max(ms): 117.4
[Current] PAYMENT - Takes(s): 10.0, Count: 2909, TPM: 17453.8, Sum(ms): 197594.3, Avg(ms): 68.0, 50th(ms): 62.9, 90th(ms): 104.9, 95th(ms): 121.6, 99th(ms): 167.8, 99.9th(ms): 226.5, Max(ms): 335.5
[Current] STOCK_LEVEL - Takes(s): 10.0, Count: 296, TPM: 1777.8, Sum(ms): 16051.5, Avg(ms): 54.3, 50th(ms): 50.3, 90th(ms): 83.9, 95th(ms): 96.5, 99th(ms): 113.2, 99.9th(ms): 159.4, Max(ms): 159.4
[Current] DELIVERY - Takes(s): 9.9, Count: 249, TPM: 1503.5, Sum(ms): 92440.0, Avg(ms): 371.4, 50th(ms): 352.3, 90th(ms): 520.1, 95th(ms): 637.5, 99th(ms): 838.9, 99.9th(ms): 1275.1, Max(ms): 1275.1
[Current] NEW_ORDER - Takes(s): 10.0, Count: 2617, TPM: 15703.7, Sum(ms): 301426.8, Avg(ms): 115.2, 50th(ms): 109.1, 90th(ms): 167.8, 95th(ms): 192.9, 99th(ms): 234.9, 99.9th(ms): 285.2, Max(ms): 503.3
[Current] ORDER_STATUS - Takes(s): 10.0, Count: 251, TPM: 1509.3, Sum(ms): 13284.0, Avg(ms): 52.9, 50th(ms): 50.3, 90th(ms): 83.9, 95th(ms): 92.3, 99th(ms): 121.6, 99.9th(ms): 192.9, Max(ms): 192.9
[Current] PAYMENT - Takes(s): 10.0, Count: 2656, TPM: 15948.8, Sum(ms): 208720.1, Avg(ms): 78.6, 50th(ms): 71.3, 90th(ms): 121.6, 95th(ms): 142.6, 99th(ms): 201.3, 99.9th(ms): 285.2, Max(ms): 352.3
[Current] STOCK_LEVEL - Takes(s): 10.0, Count: 208, TPM: 1250.2, Sum(ms): 11065.2, Avg(ms): 53.2, 50th(ms): 52.4, 90th(ms): 79.7, 95th(ms): 92.3, 99th(ms): 109.1, 99.9th(ms): 117.4, Max(ms): 117.4
[Current] DELIVERY - Takes(s): 9.9, Count: 274, TPM: 1657.5, Sum(ms): 89887.3, Avg(ms): 328.2, 50th(ms): 318.8, 90th(ms): 436.2, 95th(ms): 469.8, 99th(ms): 637.5, 99.9th(ms): 704.6, Max(ms): 704.6
[Current] NEW_ORDER - Takes(s): 10.0, Count: 2893, TPM: 17360.7, Sum(ms): 312739.7, Avg(ms): 108.1, 50th(ms): 104.9, 90th(ms): 151.0, 95th(ms): 167.8, 99th(ms): 201.3, 99.9th(ms): 251.7, Max(ms): 285.2
[Current] ORDER_STATUS - Takes(s): 10.0, Count: 269, TPM: 1616.1, Sum(ms): 13013.3, Avg(ms): 48.4, 50th(ms): 48.2, 90th(ms): 75.5, 95th(ms): 83.9, 99th(ms): 96.5, 99.9th(ms): 121.6, Max(ms): 121.6
[Current] PAYMENT - Takes(s): 10.0, Count: 2734, TPM: 16422.7, Sum(ms): 195454.7, Avg(ms): 71.5, 50th(ms): 67.1, 90th(ms): 104.9, 95th(ms): 121.6, 99th(ms): 167.8, 99.9th(ms): 251.7, Max(ms): 385.9
[Current] STOCK_LEVEL - Takes(s): 9.9, Count: 231, TPM: 1398.7, Sum(ms): 13983.4, Avg(ms): 60.5, 50th(ms): 54.5, 90th(ms): 100.7, 95th(ms): 113.2, 99th(ms): 151.0, 99.9th(ms): 226.5, Max(ms): 226.5
[Current] DELIVERY - Takes(s): 10.0, Count: 270, TPM: 1627.7, Sum(ms): 90379.8, Avg(ms): 334.7, 50th(ms): 335.5, 90th(ms): 453.0, 95th(ms): 503.3, 99th(ms): 604.0, 99.9th(ms): 1006.6, Max(ms): 1006.6
[Current] NEW_ORDER - Takes(s): 10.0, Count: 2778, TPM: 16669.2, Sum(ms): 310968.8, Avg(ms): 112.0, 50th(ms): 109.1, 90th(ms): 159.4, 95th(ms): 176.2, 99th(ms): 218.1, 99.9th(ms): 260.0, Max(ms): 302.0
[Current] ORDER_STATUS - Takes(s): 10.0, Count: 251, TPM: 1509.8, Sum(ms): 12102.5, Avg(ms): 48.2, 50th(ms): 46.1, 90th(ms): 75.5, 95th(ms): 83.9, 99th(ms): 100.7, 99.9th(ms): 113.2, Max(ms): 113.2
[Current] PAYMENT - Takes(s): 10.0, Count: 2741, TPM: 16446.5, Sum(ms): 199556.5, Avg(ms): 72.8, 50th(ms): 67.1, 90th(ms): 109.1, 95th(ms): 125.8, 99th(ms): 176.2, 99.9th(ms): 209.7, Max(ms): 260.0
[Current] STOCK_LEVEL - Takes(s): 10.0, Count: 260, TPM: 1562.8, Sum(ms): 15201.9, Avg(ms): 58.5, 50th(ms): 56.6, 90th(ms): 88.1, 95th(ms): 96.5, 99th(ms): 125.8, 99.9th(ms): 167.8, Max(ms): 167.8
[Current] DELIVERY - Takes(s): 9.9, Count: 245, TPM: 1480.7, Sum(ms): 81548.8, Avg(ms): 332.2, 50th(ms): 318.8, 90th(ms): 503.3, 95th(ms): 536.9, 99th(ms): 671.1, 99.9th(ms): 738.2, Max(ms): 738.2
[Current] NEW_ORDER - Takes(s): 10.0, Count: 2866, TPM: 17201.6, Sum(ms): 319176.7, Avg(ms): 111.4, 50th(ms): 109.1, 90th(ms): 167.8, 95th(ms): 192.9, 99th(ms): 243.3, 99.9th(ms): 285.2, Max(ms): 335.5
[Current] ORDER_STATUS - Takes(s): 10.0, Count: 274, TPM: 1644.0, Sum(ms): 13257.5, Avg(ms): 48.4, 50th(ms): 44.0, 90th(ms): 79.7, 95th(ms): 88.1, 99th(ms): 125.8, 99.9th(ms): 134.2, Max(ms): 134.2
[Current] PAYMENT - Takes(s): 10.0, Count: 2661, TPM: 15969.2, Sum(ms): 196543.5, Avg(ms): 73.9, 50th(ms): 67.1, 90th(ms): 117.4, 95th(ms): 142.6, 99th(ms): 184.5, 99.9th(ms): 234.9, Max(ms): 285.2
[Current] STOCK_LEVEL - Takes(s): 10.0, Count: 272, TPM: 1632.0, Sum(ms): 15312.9, Avg(ms): 56.4, 50th(ms): 54.5, 90th(ms): 88.1, 95th(ms): 96.5, 99th(ms): 113.2, 99.9th(ms): 134.2, Max(ms): 134.2
[Current] DELIVERY - Takes(s): 10.0, Count: 245, TPM: 1474.1, Sum(ms): 78997.8, Avg(ms): 322.4, 50th(ms): 318.8, 90th(ms): 436.2, 95th(ms): 486.5, 99th(ms): 570.4, 99.9th(ms): 738.2, Max(ms): 738.2
[Current] NEW_ORDER - Takes(s): 10.0, Count: 3043, TPM: 18258.1, Sum(ms): 319023.0, Avg(ms): 104.9, 50th(ms): 104.9, 90th(ms): 142.6, 95th(ms): 167.8, 99th(ms): 201.3, 99.9th(ms): 251.7, Max(ms): 318.8
[Current] ORDER_STATUS - Takes(s): 9.9, Count: 274, TPM: 1658.5, Sum(ms): 13363.0, Avg(ms): 48.8, 50th(ms): 46.1, 90th(ms): 75.5, 95th(ms): 83.9, 99th(ms): 100.7, 99.9th(ms): 104.9, Max(ms): 104.9
[Current] PAYMENT - Takes(s): 10.0, Count: 2831, TPM: 16993.6, Sum(ms): 200112.3, Avg(ms): 70.7, 50th(ms): 65.0, 90th(ms): 104.9, 95th(ms): 125.8, 99th(ms): 167.8, 99.9th(ms): 209.7, Max(ms): 268.4
[Current] STOCK_LEVEL - Takes(s): 10.0, Count: 270, TPM: 1628.1, Sum(ms): 14886.7, Avg(ms): 55.2, 50th(ms): 52.4, 90th(ms): 83.9, 95th(ms): 92.3, 99th(ms): 104.9, 99.9th(ms): 151.0, Max(ms): 151.0
[Current] DELIVERY - Takes(s): 9.9, Count: 295, TPM: 1786.2, Sum(ms): 79521.4, Avg(ms): 269.5, 50th(ms): 243.3, 90th(ms): 419.4, 95th(ms): 453.0, 99th(ms): 738.2, 99.9th(ms): 939.5, Max(ms): 939.5
[Current] NEW_ORDER - Takes(s): 10.0, Count: 3208, TPM: 19248.6, Sum(ms): 321444.7, Avg(ms): 100.2, 50th(ms): 92.3, 90th(ms): 151.0, 95th(ms): 176.2, 99th(ms): 260.0, 99.9th(ms): 369.1, Max(ms): 436.2
[Current] ORDER_STATUS - Takes(s): 10.0, Count: 290, TPM: 1740.1, Sum(ms): 11949.1, Avg(ms): 41.2, 50th(ms): 37.7, 90th(ms): 67.1, 95th(ms): 83.9, 99th(ms): 100.7, 99.9th(ms): 109.1, Max(ms): 109.1
[Current] PAYMENT - Takes(s): 10.0, Count: 3082, TPM: 18492.9, Sum(ms): 197526.6, Avg(ms): 64.1, 50th(ms): 56.6, 90th(ms): 100.7, 95th(ms): 121.6, 99th(ms): 167.8, 99.9th(ms): 226.5, Max(ms): 402.7
[Current] STOCK_LEVEL - Takes(s): 9.9, Count: 274, TPM: 1657.0, Sum(ms): 15348.5, Avg(ms): 56.1, 50th(ms): 52.4, 90th(ms): 88.1, 95th(ms): 100.7, 99th(ms): 121.6, 99.9th(ms): 167.8, Max(ms): 167.8
[Current] DELIVERY - Takes(s): 10.0, Count: 283, TPM: 1699.4, Sum(ms): 86897.6, Avg(ms): 307.2, 50th(ms): 302.0, 90th(ms): 419.4, 95th(ms): 453.0, 99th(ms): 671.1, 99.9th(ms): 872.4, Max(ms): 872.4
[Current] NEW_ORDER - Takes(s): 10.0, Count: 3099, TPM: 18604.1, Sum(ms): 316335.1, Avg(ms): 102.1, 50th(ms): 100.7, 90th(ms): 142.6, 95th(ms): 159.4, 99th(ms): 226.5, 99.9th(ms): 318.8, Max(ms): 318.8
[Current] ORDER_STATUS - Takes(s): 9.9, Count: 292, TPM: 1761.1, Sum(ms): 13425.0, Avg(ms): 46.0, 50th(ms): 44.0, 90th(ms): 75.5, 95th(ms): 79.7, 99th(ms): 100.7, 99.9th(ms): 184.5, Max(ms): 184.5
[Current] PAYMENT - Takes(s): 10.0, Count: 2931, TPM: 17593.1, Sum(ms): 195149.8, Avg(ms): 66.6, 50th(ms): 60.8, 90th(ms): 100.7, 95th(ms): 117.4, 99th(ms): 167.8, 99.9th(ms): 218.1, Max(ms): 243.3
[Current] STOCK_LEVEL - Takes(s): 10.0, Count: 277, TPM: 1662.9, Sum(ms): 16766.4, Avg(ms): 60.7, 50th(ms): 50.3, 90th(ms): 96.5, 95th(ms): 134.2, 99th(ms): 251.7, 99.9th(ms): 402.7, Max(ms): 402.7
[Current] DELIVERY - Takes(s): 10.0, Count: 301, TPM: 1810.7, Sum(ms): 89058.5, Avg(ms): 296.3, 50th(ms): 268.4, 90th(ms): 453.0, 95th(ms): 520.1, 99th(ms): 604.0, 99.9th(ms): 1006.6, Max(ms): 1006.6
[Current] NEW_ORDER - Takes(s): 10.0, Count: 3175, TPM: 19089.6, Sum(ms): 312993.1, Avg(ms): 98.6, 50th(ms): 88.1, 90th(ms): 159.4, 95th(ms): 184.5, 99th(ms): 226.5, 99.9th(ms): 285.2, Max(ms): 335.5
[Current] ORDER_STATUS - Takes(s): 9.9, Count: 259, TPM: 1565.5, Sum(ms): 11784.5, Avg(ms): 45.5, 50th(ms): 41.9, 90th(ms): 75.5, 95th(ms): 88.1, 99th(ms): 117.4, 99.9th(ms): 167.8, Max(ms): 167.8
[Current] PAYMENT - Takes(s): 10.0, Count: 2990, TPM: 17954.2, Sum(ms): 194921.4, Avg(ms): 65.2, 50th(ms): 56.6, 90th(ms): 109.1, 95th(ms): 130.0, 99th(ms): 184.5, 99.9th(ms): 226.5, Max(ms): 285.2
[Current] STOCK_LEVEL - Takes(s): 10.0, Count: 280, TPM: 1681.8, Sum(ms): 15879.3, Avg(ms): 56.8, 50th(ms): 48.2, 90th(ms): 88.1, 95th(ms): 130.0, 99th(ms): 192.9, 99.9th(ms): 285.2, Max(ms): 285.2
[Current] DELIVERY - Takes(s): 10.0, Count: 269, TPM: 1615.1, Sum(ms): 74533.1, Avg(ms): 277.1, 50th(ms): 285.2, 90th(ms): 369.1, 95th(ms): 419.4, 99th(ms): 503.3, 99.9th(ms): 671.1, Max(ms): 671.1
[Current] NEW_ORDER - Takes(s): 10.0, Count: 3427, TPM: 20571.3, Sum(ms): 321044.6, Avg(ms): 93.7, 50th(ms): 92.3, 90th(ms): 130.0, 95th(ms): 151.0, 99th(ms): 201.3, 99.9th(ms): 260.0, Max(ms): 369.1
[Current] ORDER_STATUS - Takes(s): 10.0, Count: 308, TPM: 1850.9, Sum(ms): 13118.3, Avg(ms): 42.6, 50th(ms): 41.9, 90th(ms): 62.9, 95th(ms): 71.3, 99th(ms): 88.1, 99.9th(ms): 109.1, Max(ms): 109.1
[Current] PAYMENT - Takes(s): 10.0, Count: 3291, TPM: 19762.2, Sum(ms): 202316.3, Avg(ms): 61.5, 50th(ms): 56.6, 90th(ms): 92.3, 95th(ms): 113.2, 99th(ms): 151.0, 99.9th(ms): 201.3, Max(ms): 243.3
[Current] STOCK_LEVEL - Takes(s): 10.0, Count: 301, TPM: 1807.9, Sum(ms): 15144.6, Avg(ms): 50.3, 50th(ms): 46.1, 90th(ms): 75.5, 95th(ms): 88.1, 99th(ms): 142.6, 99.9th(ms): 167.8, Max(ms): 167.8
[Current] DELIVERY - Takes(s): 10.0, Count: 297, TPM: 1787.5, Sum(ms): 81941.2, Avg(ms): 275.8, 50th(ms): 268.4, 90th(ms): 352.3, 95th(ms): 402.7, 99th(ms): 570.4, 99.9th(ms): 671.1, Max(ms): 671.1
[Current] NEW_ORDER - Takes(s): 10.0, Count: 3500, TPM: 21003.2, Sum(ms): 319284.0, Avg(ms): 91.3, 50th(ms): 88.1, 90th(ms): 125.8, 95th(ms): 142.6, 99th(ms): 184.5, 99.9th(ms): 226.5, Max(ms): 285.2
[Current] ORDER_STATUS - Takes(s): 9.9, Count: 300, TPM: 1809.4, Sum(ms): 11981.8, Avg(ms): 40.0, 50th(ms): 37.7, 90th(ms): 60.8, 95th(ms): 71.3, 99th(ms): 88.1, 99.9th(ms): 96.5, Max(ms): 96.5
[Current] PAYMENT - Takes(s): 10.0, Count: 3335, TPM: 20013.4, Sum(ms): 198401.8, Avg(ms): 59.5, 50th(ms): 54.5, 90th(ms): 88.1, 95th(ms): 104.9, 99th(ms): 142.6, 99.9th(ms): 176.2, Max(ms): 209.7
[Current] STOCK_LEVEL - Takes(s): 10.0, Count: 314, TPM: 1887.9, Sum(ms): 14873.8, Avg(ms): 47.4, 50th(ms): 41.9, 90th(ms): 75.5, 95th(ms): 88.1, 99th(ms): 113.2, 99.9th(ms): 176.2, Max(ms): 176.2
[Current] DELIVERY - Takes(s): 10.0, Count: 312, TPM: 1876.5, Sum(ms): 90406.7, Avg(ms): 289.6, 50th(ms): 285.2, 90th(ms): 385.9, 95th(ms): 436.2, 99th(ms): 704.6, 99.9th(ms): 1040.2, Max(ms): 1040.2
[Current] NEW_ORDER - Takes(s): 10.0, Count: 3261, TPM: 19576.9, Sum(ms): 306458.7, Avg(ms): 94.0, 50th(ms): 92.3, 90th(ms): 130.0, 95th(ms): 151.0, 99th(ms): 192.9, 99.9th(ms): 260.0, Max(ms): 318.8
[Current] ORDER_STATUS - Takes(s): 10.0, Count: 289, TPM: 1734.0, Sum(ms): 12539.3, Avg(ms): 43.5, 50th(ms): 41.9, 90th(ms): 65.0, 95th(ms): 79.7, 99th(ms): 109.1, 99.9th(ms): 130.0, Max(ms): 130.0
[Current] PAYMENT - Takes(s): 10.0, Count: 3295, TPM: 19780.9, Sum(ms): 202434.5, Avg(ms): 61.4, 50th(ms): 56.6, 90th(ms): 92.3, 95th(ms): 109.1, 99th(ms): 151.0, 99.9th(ms): 218.1, Max(ms): 243.3
[Current] STOCK_LEVEL - Takes(s): 10.0, Count: 301, TPM: 1808.7, Sum(ms): 13903.9, Avg(ms): 46.2, 50th(ms): 44.0, 90th(ms): 71.3, 95th(ms): 79.7, 99th(ms): 104.9, 99.9th(ms): 142.6, Max(ms): 142.6
[Current] DELIVERY - Takes(s): 10.0, Count: 297, TPM: 1785.7, Sum(ms): 84381.9, Avg(ms): 284.0, 50th(ms): 268.4, 90th(ms): 419.4, 95th(ms): 469.8, 99th(ms): 536.9, 99.9th(ms): 704.6, Max(ms): 704.6
[Current] NEW_ORDER - Takes(s): 10.0, Count: 3434, TPM: 20606.7, Sum(ms): 315092.0, Avg(ms): 91.8, 50th(ms): 88.1, 90th(ms): 134.2, 95th(ms): 151.0, 99th(ms): 192.9, 99.9th(ms): 234.9, Max(ms): 260.0
[Current] ORDER_STATUS - Takes(s): 10.0, Count: 285, TPM: 1716.3, Sum(ms): 11678.9, Avg(ms): 41.0, 50th(ms): 39.8, 90th(ms): 65.0, 95th(ms): 71.3, 99th(ms): 88.1, 99.9th(ms): 113.2, Max(ms): 113.2
[Current] PAYMENT - Takes(s): 10.0, Count: 3252, TPM: 19514.6, Sum(ms): 198898.9, Avg(ms): 61.2, 50th(ms): 56.6, 90th(ms): 92.3, 95th(ms): 113.2, 99th(ms): 151.0, 99.9th(ms): 192.9, Max(ms): 234.9
[Current] STOCK_LEVEL - Takes(s): 9.9, Count: 324, TPM: 1965.6, Sum(ms): 15962.4, Avg(ms): 49.2, 50th(ms): 46.1, 90th(ms): 75.5, 95th(ms): 92.3, 99th(ms): 130.0, 99.9th(ms): 159.4, Max(ms): 159.4
[Current] DELIVERY - Takes(s): 10.0, Count: 306, TPM: 1845.2, Sum(ms): 84211.4, Avg(ms): 275.0, 50th(ms): 268.4, 90th(ms): 385.9, 95th(ms): 436.2, 99th(ms): 536.9, 99.9th(ms): 973.1, Max(ms): 973.1
[Current] NEW_ORDER - Takes(s): 10.0, Count: 3274, TPM: 19669.4, Sum(ms): 303003.7, Avg(ms): 92.5, 50th(ms): 88.1, 90th(ms): 130.0, 95th(ms): 151.0, 99th(ms): 192.9, 99.9th(ms): 226.5, Max(ms): 234.9
[Current] ORDER_STATUS - Takes(s): 10.0, Count: 327, TPM: 1962.7, Sum(ms): 13121.8, Avg(ms): 40.2, 50th(ms): 37.7, 90th(ms): 62.9, 95th(ms): 71.3, 99th(ms): 92.3, 99.9th(ms): 130.0, Max(ms): 130.0
[Current] PAYMENT - Takes(s): 10.0, Count: 3192, TPM: 19163.3, Sum(ms): 212282.8, Avg(ms): 66.5, 50th(ms): 60.8, 90th(ms): 104.9, 95th(ms): 121.6, 99th(ms): 167.8, 99.9th(ms): 218.1, Max(ms): 285.2
[Current] STOCK_LEVEL - Takes(s): 10.0, Count: 318, TPM: 1910.6, Sum(ms): 13984.3, Avg(ms): 44.1, 50th(ms): 41.9, 90th(ms): 62.9, 95th(ms): 75.5, 99th(ms): 92.3, 99.9th(ms): 109.1, Max(ms): 109.1
[Current] DELIVERY - Takes(s): 10.0, Count: 315, TPM: 1890.6, Sum(ms): 87989.4, Avg(ms): 279.6, 50th(ms): 268.4, 90th(ms): 352.3, 95th(ms): 436.2, 99th(ms): 570.4, 99.9th(ms): 671.1, Max(ms): 671.1
[Current] NEW_ORDER - Takes(s): 10.0, Count: 3406, TPM: 20441.5, Sum(ms): 309975.1, Avg(ms): 91.0, 50th(ms): 88.1, 90th(ms): 121.6, 95th(ms): 134.2, 99th(ms): 167.8, 99.9th(ms): 201.3, Max(ms): 251.7
[Current] ORDER_STATUS - Takes(s): 10.0, Count: 349, TPM: 2095.6, Sum(ms): 14500.0, Avg(ms): 41.5, 50th(ms): 39.8, 90th(ms): 60.8, 95th(ms): 71.3, 99th(ms): 83.9, 99.9th(ms): 104.9, Max(ms): 104.9
[Current] PAYMENT - Takes(s): 10.0, Count: 3320, TPM: 19922.6, Sum(ms): 198020.4, Avg(ms): 59.7, 50th(ms): 56.6, 90th(ms): 88.1, 95th(ms): 100.7, 99th(ms): 134.2, 99.9th(ms): 176.2, Max(ms): 218.1
[Current] STOCK_LEVEL - Takes(s): 10.0, Count: 326, TPM: 1956.7, Sum(ms): 15329.8, Avg(ms): 47.0, 50th(ms): 46.1, 90th(ms): 65.0, 95th(ms): 75.5, 99th(ms): 88.1, 99.9th(ms): 100.7, Max(ms): 100.7
[Current] DELIVERY - Takes(s): 10.0, Count: 292, TPM: 1753.0, Sum(ms): 79030.1, Avg(ms): 270.7, 50th(ms): 243.3, 90th(ms): 402.7, 95th(ms): 436.2, 99th(ms): 570.4, 99.9th(ms): 704.6, Max(ms): 704.6
[Current] NEW_ORDER - Takes(s): 10.0, Count: 3464, TPM: 20788.4, Sum(ms): 322584.3, Avg(ms): 93.1, 50th(ms): 88.1, 90th(ms): 142.6, 95th(ms): 159.4, 99th(ms): 201.3, 99.9th(ms): 251.7, Max(ms): 285.2
[Current] ORDER_STATUS - Takes(s): 9.9, Count: 313, TPM: 1897.3, Sum(ms): 13019.0, Avg(ms): 41.6, 50th(ms): 39.8, 90th(ms): 62.9, 95th(ms): 71.3, 99th(ms): 104.9, 99.9th(ms): 151.0, Max(ms): 151.0
[Current] PAYMENT - Takes(s): 10.0, Count: 3243, TPM: 19460.3, Sum(ms): 196159.1, Avg(ms): 60.5, 50th(ms): 54.5, 90th(ms): 92.3, 95th(ms): 104.9, 99th(ms): 151.0, 99.9th(ms): 201.3, Max(ms): 268.4
[Current] STOCK_LEVEL - Takes(s): 10.0, Count: 294, TPM: 1768.2, Sum(ms): 15283.3, Avg(ms): 51.9, 50th(ms): 48.2, 90th(ms): 79.7, 95th(ms): 92.3, 99th(ms): 134.2, 99.9th(ms): 184.5, Max(ms): 184.5
[Current] DELIVERY - Takes(s): 9.9, Count: 295, TPM: 1782.5, Sum(ms): 82035.0, Avg(ms): 278.0, 50th(ms): 260.0, 90th(ms): 385.9, 95th(ms): 436.2, 99th(ms): 536.9, 99.9th(ms): 637.5, Max(ms): 637.5
[Current] NEW_ORDER - Takes(s): 10.0, Count: 3427, TPM: 20578.8, Sum(ms): 313779.6, Avg(ms): 91.6, 50th(ms): 88.1, 90th(ms): 130.0, 95th(ms): 142.6, 99th(ms): 192.9, 99.9th(ms): 234.9, Max(ms): 285.2
[Current] ORDER_STATUS - Takes(s): 10.0, Count: 306, TPM: 1836.0, Sum(ms): 12750.7, Avg(ms): 41.6, 50th(ms): 39.8, 90th(ms): 65.0, 95th(ms): 75.5, 99th(ms): 92.3, 99.9th(ms): 113.2, Max(ms): 113.2
[Current] PAYMENT - Takes(s): 10.0, Count: 3335, TPM: 20016.8, Sum(ms): 200783.8, Avg(ms): 60.2, 50th(ms): 54.5, 90th(ms): 92.3, 95th(ms): 109.1, 99th(ms): 151.0, 99.9th(ms): 201.3, Max(ms): 260.0
[Current] STOCK_LEVEL - Takes(s): 10.0, Count: 301, TPM: 1807.3, Sum(ms): 15730.1, Avg(ms): 52.3, 50th(ms): 50.3, 90th(ms): 75.5, 95th(ms): 83.9, 99th(ms): 109.1, 99.9th(ms): 121.6, Max(ms): 121.6
[Current] DELIVERY - Takes(s): 10.0, Count: 277, TPM: 1667.1, Sum(ms): 75147.7, Avg(ms): 271.3, 50th(ms): 268.4, 90th(ms): 352.3, 95th(ms): 385.9, 99th(ms): 536.9, 99.9th(ms): 704.6, Max(ms): 704.6
[Current] NEW_ORDER - Takes(s): 10.0, Count: 3403, TPM: 20418.7, Sum(ms): 316106.0, Avg(ms): 92.9, 50th(ms): 88.1, 90th(ms): 130.0, 95th(ms): 151.0, 99th(ms): 201.3, 99.9th(ms): 260.0, Max(ms): 318.8
[Current] ORDER_STATUS - Takes(s): 10.0, Count: 307, TPM: 1845.5, Sum(ms): 12972.3, Avg(ms): 42.2, 50th(ms): 39.8, 90th(ms): 62.9, 95th(ms): 71.3, 99th(ms): 100.7, 99.9th(ms): 130.0, Max(ms): 130.0
[Current] PAYMENT - Takes(s): 10.0, Count: 3382, TPM: 20294.1, Sum(ms): 206011.6, Avg(ms): 60.9, 50th(ms): 56.6, 90th(ms): 92.3, 95th(ms): 109.1, 99th(ms): 142.6, 99.9th(ms): 209.7, Max(ms): 234.9
[Current] STOCK_LEVEL - Takes(s): 10.0, Count: 323, TPM: 1939.4, Sum(ms): 15535.7, Avg(ms): 48.1, 50th(ms): 46.1, 90th(ms): 71.3, 95th(ms): 79.7, 99th(ms): 92.3, 99.9th(ms): 113.2, Max(ms): 113.2
[Current] DELIVERY - Takes(s): 10.0, Count: 305, TPM: 1830.9, Sum(ms): 88480.3, Avg(ms): 290.0, 50th(ms): 285.2, 90th(ms): 402.7, 95th(ms): 453.0, 99th(ms): 604.0, 99.9th(ms): 704.6, Max(ms): 704.6
[Current] NEW_ORDER - Takes(s): 10.0, Count: 3295, TPM: 19772.4, Sum(ms): 313341.4, Avg(ms): 95.1, 50th(ms): 92.3, 90th(ms): 130.0, 95th(ms): 159.4, 99th(ms): 201.3, 99.9th(ms): 243.3, Max(ms): 352.3
[Current] ORDER_STATUS - Takes(s): 10.0, Count: 294, TPM: 1770.2, Sum(ms): 13122.5, Avg(ms): 44.7, 50th(ms): 41.9, 90th(ms): 67.1, 95th(ms): 79.7, 99th(ms): 96.5, 99.9th(ms): 100.7, Max(ms): 100.7
[Current] PAYMENT - Takes(s): 10.0, Count: 3107, TPM: 18644.2, Sum(ms): 194907.7, Avg(ms): 62.7, 50th(ms): 58.7, 90th(ms): 92.3, 95th(ms): 113.2, 99th(ms): 159.4, 99.9th(ms): 218.1, Max(ms): 260.0
[Current] STOCK_LEVEL - Takes(s): 10.0, Count: 313, TPM: 1879.4, Sum(ms): 15721.0, Avg(ms): 50.3, 50th(ms): 46.1, 90th(ms): 75.5, 95th(ms): 88.1, 99th(ms): 125.8, 99.9th(ms): 159.4, Max(ms): 159.4
[Current] DELIVERY - Takes(s): 10.0, Count: 257, TPM: 1542.1, Sum(ms): 84241.9, Avg(ms): 327.9, 50th(ms): 318.8, 90th(ms): 419.4, 95th(ms): 486.5, 99th(ms): 671.1, 99.9th(ms): 738.2, Max(ms): 738.2
[Current] NEW_ORDER - Takes(s): 10.0, Count: 2961, TPM: 17772.2, Sum(ms): 310174.4, Avg(ms): 104.8, 50th(ms): 104.9, 90th(ms): 142.6, 95th(ms): 151.0, 99th(ms): 201.3, 99.9th(ms): 268.4, Max(ms): 335.5
[Current] ORDER_STATUS - Takes(s): 10.0, Count: 258, TPM: 1549.0, Sum(ms): 12949.9, Avg(ms): 50.2, 50th(ms): 48.2, 90th(ms): 75.5, 95th(ms): 83.9, 99th(ms): 104.9, 99.9th(ms): 130.0, Max(ms): 130.0
[Current] PAYMENT - Takes(s): 10.0, Count: 2876, TPM: 17256.3, Sum(ms): 206051.6, Avg(ms): 71.6, 50th(ms): 67.1, 90th(ms): 104.9, 95th(ms): 125.8, 99th(ms): 167.8, 99.9th(ms): 218.1, Max(ms): 226.5
[Current] STOCK_LEVEL - Takes(s): 10.0, Count: 245, TPM: 1473.8, Sum(ms): 13005.8, Avg(ms): 53.2, 50th(ms): 50.3, 90th(ms): 75.5, 95th(ms): 88.1, 99th(ms): 117.4, 99.9th(ms): 167.8, Max(ms): 167.8
[Current] DELIVERY - Takes(s): 10.0, Count: 259, TPM: 1557.5, Sum(ms): 90635.1, Avg(ms): 350.3, 50th(ms): 352.3, 90th(ms): 419.4, 95th(ms): 469.8, 99th(ms): 637.5, 99.9th(ms): 805.3, Max(ms): 805.3
[Current] NEW_ORDER - Takes(s): 10.0, Count: 2857, TPM: 17154.7, Sum(ms): 308167.1, Avg(ms): 107.9, 50th(ms): 104.9, 90th(ms): 142.6, 95th(ms): 159.4, 99th(ms): 192.9, 99.9th(ms): 234.9, Max(ms): 285.2
[Current] ORDER_STATUS - Takes(s): 10.0, Count: 262, TPM: 1574.7, Sum(ms): 13713.0, Avg(ms): 52.3, 50th(ms): 50.3, 90th(ms): 79.7, 95th(ms): 96.5, 99th(ms): 109.1, 99.9th(ms): 125.8, Max(ms): 125.8
[Current] PAYMENT - Takes(s): 10.0, Count: 2728, TPM: 16371.0, Sum(ms): 197690.8, Avg(ms): 72.5, 50th(ms): 71.3, 90th(ms): 104.9, 95th(ms): 121.6, 99th(ms): 167.8, 99.9th(ms): 209.7, Max(ms): 260.0
[Current] STOCK_LEVEL - Takes(s): 9.9, Count: 263, TPM: 1596.3, Sum(ms): 14330.7, Avg(ms): 54.6, 50th(ms): 54.5, 90th(ms): 75.5, 95th(ms): 83.9, 99th(ms): 100.7, 99.9th(ms): 113.2, Max(ms): 113.2
[Current] DELIVERY - Takes(s): 10.0, Count: 269, TPM: 1614.8, Sum(ms): 92619.7, Avg(ms): 343.9, 50th(ms): 335.5, 90th(ms): 436.2, 95th(ms): 503.3, 99th(ms): 671.1, 99.9th(ms): 805.3, Max(ms): 805.3
[Current] NEW_ORDER - Takes(s): 10.0, Count: 2772, TPM: 16632.3, Sum(ms): 306690.3, Avg(ms): 110.7, 50th(ms): 104.9, 90th(ms): 151.0, 95th(ms): 176.2, 99th(ms): 251.7, 99.9th(ms): 402.7, Max(ms): 436.2
[Current] ORDER_STATUS - Takes(s): 9.9, Count: 244, TPM: 1483.0, Sum(ms): 12756.0, Avg(ms): 52.3, 50th(ms): 50.3, 90th(ms): 79.7, 95th(ms): 92.3, 99th(ms): 121.6, 99.9th(ms): 192.9, Max(ms): 192.9
[Current] PAYMENT - Takes(s): 10.0, Count: 2673, TPM: 16056.3, Sum(ms): 199402.9, Avg(ms): 74.6, 50th(ms): 67.1, 90th(ms): 113.2, 95th(ms): 130.0, 99th(ms): 201.3, 99.9th(ms): 318.8, Max(ms): 536.9
[Current] STOCK_LEVEL - Takes(s): 10.0, Count: 265, TPM: 1597.9, Sum(ms): 14480.8, Avg(ms): 54.6, 50th(ms): 52.4, 90th(ms): 83.9, 95th(ms): 96.5, 99th(ms): 121.6, 99.9th(ms): 167.8, Max(ms): 167.8
[Current] DELIVERY - Takes(s): 9.9, Count: 264, TPM: 1596.9, Sum(ms): 82082.0, Avg(ms): 311.2, 50th(ms): 302.0, 90th(ms): 419.4, 95th(ms): 503.3, 99th(ms): 637.5, 99.9th(ms): 838.9, Max(ms): 838.9
[Current] NEW_ORDER - Takes(s): 10.0, Count: 2882, TPM: 17306.6, Sum(ms): 308881.0, Avg(ms): 107.2, 50th(ms): 100.7, 90th(ms): 159.4, 95th(ms): 192.9, 99th(ms): 285.2, 99.9th(ms): 369.1, Max(ms): 453.0
[Current] ORDER_STATUS - Takes(s): 9.9, Count: 245, TPM: 1479.2, Sum(ms): 11399.6, Avg(ms): 46.6, 50th(ms): 41.9, 90th(ms): 79.7, 95th(ms): 92.3, 99th(ms): 130.0, 99.9th(ms): 134.2, Max(ms): 134.2
[Current] PAYMENT - Takes(s): 10.0, Count: 2759, TPM: 16559.3, Sum(ms): 211294.6, Avg(ms): 76.6, 50th(ms): 67.1, 90th(ms): 125.8, 95th(ms): 159.4, 99th(ms): 226.5, 99.9th(ms): 318.8, Max(ms): 520.1
[Current] STOCK_LEVEL - Takes(s): 9.9, Count: 250, TPM: 1507.8, Sum(ms): 14248.2, Avg(ms): 57.1, 50th(ms): 54.5, 90th(ms): 92.3, 95th(ms): 104.9, 99th(ms): 151.0, 99.9th(ms): 167.8, Max(ms): 167.8
[Current] DELIVERY - Takes(s): 10.0, Count: 249, TPM: 1496.0, Sum(ms): 82275.7, Avg(ms): 330.6, 50th(ms): 318.8, 90th(ms): 469.8, 95th(ms): 520.1, 99th(ms): 738.2, 99.9th(ms): 838.9, Max(ms): 838.9
[Current] NEW_ORDER - Takes(s): 10.0, Count: 2833, TPM: 17006.8, Sum(ms): 310693.5, Avg(ms): 109.7, 50th(ms): 104.9, 90th(ms): 159.4, 95th(ms): 176.2, 99th(ms): 218.1, 99.9th(ms): 268.4, Max(ms): 302.0
[Current] ORDER_STATUS - Takes(s): 10.0, Count: 248, TPM: 1493.5, Sum(ms): 12524.5, Avg(ms): 50.6, 50th(ms): 46.1, 90th(ms): 79.7, 95th(ms): 92.3, 99th(ms): 113.2, 99.9th(ms): 176.2, Max(ms): 176.2
[Current] PAYMENT - Takes(s): 10.0, Count: 2749, TPM: 16503.1, Sum(ms): 206573.9, Avg(ms): 75.2, 50th(ms): 71.3, 90th(ms): 113.2, 95th(ms): 134.2, 99th(ms): 184.5, 99.9th(ms): 243.3, Max(ms): 352.3
[Current] STOCK_LEVEL - Takes(s): 9.9, Count: 273, TPM: 1648.6, Sum(ms): 14551.1, Avg(ms): 53.4, 50th(ms): 52.4, 90th(ms): 79.7, 95th(ms): 88.1, 99th(ms): 100.7, 99.9th(ms): 209.7, Max(ms): 209.7
[Current] DELIVERY - Takes(s): 9.9, Count: 280, TPM: 1697.5, Sum(ms): 90330.7, Avg(ms): 323.3, 50th(ms): 302.0, 90th(ms): 453.0, 95th(ms): 520.1, 99th(ms): 771.8, 99.9th(ms): 939.5, Max(ms): 939.5
[Current] NEW_ORDER - Takes(s): 10.0, Count: 2977, TPM: 17862.8, Sum(ms): 307326.9, Avg(ms): 103.3, 50th(ms): 100.7, 90th(ms): 151.0, 95th(ms): 167.8, 99th(ms): 226.5, 99.9th(ms): 285.2, Max(ms): 285.2
[Current] ORDER_STATUS - Takes(s): 10.0, Count: 267, TPM: 1604.9, Sum(ms): 12498.7, Avg(ms): 46.9, 50th(ms): 44.0, 90th(ms): 71.3, 95th(ms): 83.9, 99th(ms): 104.9, 99.9th(ms): 201.3, Max(ms): 201.3
[Current] PAYMENT - Takes(s): 10.0, Count: 2878, TPM: 17283.1, Sum(ms): 202369.6, Avg(ms): 70.3, 50th(ms): 65.0, 90th(ms): 104.9, 95th(ms): 130.0, 99th(ms): 176.2, 99.9th(ms): 234.9, Max(ms): 285.2
[Current] STOCK_LEVEL - Takes(s): 9.9, Count: 260, TPM: 1568.0, Sum(ms): 13586.5, Avg(ms): 52.3, 50th(ms): 50.3, 90th(ms): 79.7, 95th(ms): 83.9, 99th(ms): 104.9, 99.9th(ms): 142.6, Max(ms): 142.6
[Current] DELIVERY - Takes(s): 9.9, Count: 250, TPM: 1510.1, Sum(ms): 77861.6, Avg(ms): 312.1, 50th(ms): 302.0, 90th(ms): 419.4, 95th(ms): 469.8, 99th(ms): 604.0, 99.9th(ms): 671.1, Max(ms): 671.1
[Current] NEW_ORDER - Takes(s): 10.0, Count: 2922, TPM: 17545.0, Sum(ms): 309555.2, Avg(ms): 106.0, 50th(ms): 100.7, 90th(ms): 151.0, 95th(ms): 167.8, 99th(ms): 226.5, 99.9th(ms): 318.8, Max(ms): 402.7
[Current] ORDER_STATUS - Takes(s): 10.0, Count: 289, TPM: 1734.2, Sum(ms): 12900.9, Avg(ms): 44.7, 50th(ms): 41.9, 90th(ms): 71.3, 95th(ms): 79.7, 99th(ms): 100.7, 99.9th(ms): 209.7, Max(ms): 209.7
[Current] PAYMENT - Takes(s): 10.0, Count: 2810, TPM: 16881.0, Sum(ms): 213960.5, Avg(ms): 76.2, 50th(ms): 71.3, 90th(ms): 117.4, 95th(ms): 142.6, 99th(ms): 201.3, 99.9th(ms): 268.4, Max(ms): 369.1
[Current] STOCK_LEVEL - Takes(s): 10.0, Count: 263, TPM: 1579.2, Sum(ms): 13756.9, Avg(ms): 52.3, 50th(ms): 50.3, 90th(ms): 79.7, 95th(ms): 92.3, 99th(ms): 113.2, 99.9th(ms): 142.6, Max(ms): 142.6
[Current] DELIVERY - Takes(s): 10.0, Count: 272, TPM: 1632.2, Sum(ms): 81121.6, Avg(ms): 298.4, 50th(ms): 285.2, 90th(ms): 436.2, 95th(ms): 486.5, 99th(ms): 637.5, 99.9th(ms): 771.8, Max(ms): 771.8
[Current] NEW_ORDER - Takes(s): 10.0, Count: 2892, TPM: 17357.0, Sum(ms): 304132.6, Avg(ms): 105.2, 50th(ms): 100.7, 90th(ms): 151.0, 95th(ms): 176.2, 99th(ms): 218.1, 99.9th(ms): 260.0, Max(ms): 285.2
[Current] ORDER_STATUS - Takes(s): 10.0, Count: 276, TPM: 1659.1, Sum(ms): 12290.6, Avg(ms): 44.5, 50th(ms): 41.9, 90th(ms): 71.3, 95th(ms): 83.9, 99th(ms): 104.9, 99.9th(ms): 117.4, Max(ms): 117.4
[Current] PAYMENT - Takes(s): 10.0, Count: 2794, TPM: 16803.6, Sum(ms): 205141.5, Avg(ms): 73.5, 50th(ms): 67.1, 90th(ms): 117.4, 95th(ms): 134.2, 99th(ms): 192.9, 99.9th(ms): 260.0, Max(ms): 302.0
[Current] STOCK_LEVEL - Takes(s): 9.8, Count: 265, TPM: 1614.7, Sum(ms): 25293.3, Avg(ms): 95.6, 50th(ms): 75.5, 90th(ms): 201.3, 95th(ms): 226.5, 99th(ms): 302.0, 99.9th(ms): 385.9, Max(ms): 385.9
[Current] DELIVERY - Takes(s): 10.0, Count: 265, TPM: 1593.9, Sum(ms): 79975.6, Avg(ms): 301.8, 50th(ms): 285.2, 90th(ms): 469.8, 95th(ms): 520.1, 99th(ms): 704.6, 99.9th(ms): 872.4, Max(ms): 872.4
[Current] NEW_ORDER - Takes(s): 10.0, Count: 2878, TPM: 17267.9, Sum(ms): 318842.2, Avg(ms): 110.8, 50th(ms): 100.7, 90th(ms): 176.2, 95th(ms): 201.3, 99th(ms): 251.7, 99.9th(ms): 318.8, Max(ms): 352.3
[Current] ORDER_STATUS - Takes(s): 10.0, Count: 240, TPM: 1440.6, Sum(ms): 11300.0, Avg(ms): 47.0, 50th(ms): 41.9, 90th(ms): 75.5, 95th(ms): 92.3, 99th(ms): 130.0, 99.9th(ms): 142.6, Max(ms): 142.6
[Current] PAYMENT - Takes(s): 10.0, Count: 2692, TPM: 16152.6, Sum(ms): 200199.1, Avg(ms): 74.4, 50th(ms): 67.1, 90th(ms): 121.6, 95th(ms): 151.0, 99th(ms): 192.9, 99.9th(ms): 302.0, Max(ms): 318.8
[Current] STOCK_LEVEL - Takes(s): 9.9, Count: 241, TPM: 1455.0, Sum(ms): 16686.2, Avg(ms): 69.2, 50th(ms): 60.8, 90th(ms): 117.4, 95th(ms): 134.2, 99th(ms): 209.7, 99.9th(ms): 218.1, Max(ms): 218.1
[Current] DELIVERY - Takes(s): 10.0, Count: 258, TPM: 1551.0, Sum(ms): 76984.3, Avg(ms): 298.3, 50th(ms): 285.2, 90th(ms): 453.0, 95th(ms): 520.1, 99th(ms): 671.1, 99.9th(ms): 771.8, Max(ms): 771.8
[Current] NEW_ORDER - Takes(s): 10.0, Count: 3055, TPM: 18335.0, Sum(ms): 318094.7, Avg(ms): 104.2, 50th(ms): 96.5, 90th(ms): 159.4, 95th(ms): 184.5, 99th(ms): 243.3, 99.9th(ms): 285.2, Max(ms): 302.0
[Current] ORDER_STATUS - Takes(s): 10.0, Count: 247, TPM: 1483.0, Sum(ms): 10412.1, Avg(ms): 42.2, 50th(ms): 39.8, 90th(ms): 71.3, 95th(ms): 83.9, 99th(ms): 100.7, 99.9th(ms): 151.0, Max(ms): 151.0
[Current] PAYMENT - Takes(s): 10.0, Count: 2836, TPM: 17025.2, Sum(ms): 209920.9, Avg(ms): 74.1, 50th(ms): 67.1, 90th(ms): 117.4, 95th(ms): 142.6, 99th(ms): 192.9, 99.9th(ms): 302.0, Max(ms): 352.3
[Current] STOCK_LEVEL - Takes(s): 10.0, Count: 262, TPM: 1577.0, Sum(ms): 12635.9, Avg(ms): 48.2, 50th(ms): 46.1, 90th(ms): 75.5, 95th(ms): 88.1, 99th(ms): 125.8, 99.9th(ms): 142.6, Max(ms): 142.6
[Current] DELIVERY - Takes(s): 10.0, Count: 275, TPM: 1653.2, Sum(ms): 84305.3, Avg(ms): 306.6, 50th(ms): 285.2, 90th(ms): 436.2, 95th(ms): 469.8, 99th(ms): 704.6, 99.9th(ms): 805.3, Max(ms): 805.3
[Current] NEW_ORDER - Takes(s): 10.0, Count: 3035, TPM: 18213.5, Sum(ms): 317776.3, Avg(ms): 104.7, 50th(ms): 100.7, 90th(ms): 151.0, 95th(ms): 167.8, 99th(ms): 218.1, 99.9th(ms): 302.0, Max(ms): 318.8
[Current] ORDER_STATUS - Takes(s): 10.0, Count: 281, TPM: 1688.5, Sum(ms): 13327.7, Avg(ms): 47.5, 50th(ms): 44.0, 90th(ms): 75.5, 95th(ms): 88.1, 99th(ms): 96.5, 99.9th(ms): 201.3, Max(ms): 201.3
[Current] PAYMENT - Takes(s): 10.0, Count: 2868, TPM: 17214.0, Sum(ms): 197981.8, Avg(ms): 69.0, 50th(ms): 65.0, 90th(ms): 104.9, 95th(ms): 121.6, 99th(ms): 167.8, 99.9th(ms): 218.1, Max(ms): 302.0
[Current] STOCK_LEVEL - Takes(s): 10.0, Count: 249, TPM: 1496.8, Sum(ms): 13217.7, Avg(ms): 53.1, 50th(ms): 50.3, 90th(ms): 79.7, 95th(ms): 88.1, 99th(ms): 109.1, 99.9th(ms): 121.6, Max(ms): 121.6
[Current] DELIVERY - Takes(s): 9.8, Count: 226, TPM: 1379.8, Sum(ms): 77202.6, Avg(ms): 341.9, 50th(ms): 302.0, 90th(ms): 486.5, 95th(ms): 570.4, 99th(ms): 838.9, 99.9th(ms): 1073.7, Max(ms): 1073.7
[Current] NEW_ORDER - Takes(s): 10.0, Count: 2959, TPM: 17766.4, Sum(ms): 320653.1, Avg(ms): 108.4, 50th(ms): 104.9, 90th(ms): 159.4, 95th(ms): 176.2, 99th(ms): 218.1, 99.9th(ms): 285.2, Max(ms): 318.8
[Current] ORDER_STATUS - Takes(s): 10.0, Count: 255, TPM: 1530.8, Sum(ms): 11818.6, Avg(ms): 46.4, 50th(ms): 44.0, 90th(ms): 71.3, 95th(ms): 88.1, 99th(ms): 100.7, 99.9th(ms): 104.9, Max(ms): 104.9
[Current] PAYMENT - Takes(s): 10.0, Count: 2770, TPM: 16634.4, Sum(ms): 200232.6, Avg(ms): 72.3, 50th(ms): 67.1, 90th(ms): 109.1, 95th(ms): 125.8, 99th(ms): 167.8, 99.9th(ms): 234.9, Max(ms): 251.7
[Current] STOCK_LEVEL - Takes(s): 10.0, Count: 279, TPM: 1675.2, Sum(ms): 14489.6, Avg(ms): 52.0, 50th(ms): 50.3, 90th(ms): 75.5, 95th(ms): 88.1, 99th(ms): 121.6, 99.9th(ms): 142.6, Max(ms): 142.6
[Current] DELIVERY - Takes(s): 10.0, Count: 249, TPM: 1494.3, Sum(ms): 90912.1, Avg(ms): 365.2, 50th(ms): 335.5, 90th(ms): 604.0, 95th(ms): 671.1, 99th(ms): 805.3, 99.9th(ms): 872.4, Max(ms): 872.4
[Current] NEW_ORDER - Takes(s): 10.0, Count: 2630, TPM: 15780.2, Sum(ms): 306010.4, Avg(ms): 116.4, 50th(ms): 104.9, 90th(ms): 184.5, 95th(ms): 209.7, 99th(ms): 260.0, 99.9th(ms): 318.8, Max(ms): 352.3
[Current] ORDER_STATUS - Takes(s): 10.0, Count: 245, TPM: 1471.9, Sum(ms): 12847.8, Avg(ms): 52.5, 50th(ms): 50.3, 90th(ms): 88.1, 95th(ms): 100.7, 99th(ms): 125.8, 99.9th(ms): 130.0, Max(ms): 130.0
[Current] PAYMENT - Takes(s): 10.0, Count: 2580, TPM: 15482.4, Sum(ms): 203280.0, Avg(ms): 78.8, 50th(ms): 71.3, 90th(ms): 130.0, 95th(ms): 151.0, 99th(ms): 209.7, 99.9th(ms): 268.4, Max(ms): 285.2
[Current] STOCK_LEVEL - Takes(s): 10.0, Count: 223, TPM: 1340.6, Sum(ms): 13073.8, Avg(ms): 58.6, 50th(ms): 52.4, 90th(ms): 88.1, 95th(ms): 104.9, 99th(ms): 176.2, 99.9th(ms): 234.9, Max(ms): 234.9
[Current] DELIVERY - Takes(s): 9.9, Count: 237, TPM: 1432.0, Sum(ms): 79976.0, Avg(ms): 337.2, 50th(ms): 335.5, 90th(ms): 453.0, 95th(ms): 469.8, 99th(ms): 604.0, 99.9th(ms): 637.5, Max(ms): 637.5
[Current] NEW_ORDER - Takes(s): 10.0, Count: 2870, TPM: 17221.0, Sum(ms): 317364.0, Avg(ms): 110.7, 50th(ms): 104.9, 90th(ms): 159.4, 95th(ms): 176.2, 99th(ms): 234.9, 99.9th(ms): 302.0, Max(ms): 318.8
[Current] ORDER_STATUS - Takes(s): 10.0, Count: 256, TPM: 1542.6, Sum(ms): 12772.1, Avg(ms): 49.8, 50th(ms): 48.2, 90th(ms): 79.7, 95th(ms): 88.1, 99th(ms): 104.9, 99.9th(ms): 142.6, Max(ms): 142.6
[Current] PAYMENT - Takes(s): 10.0, Count: 2695, TPM: 16185.0, Sum(ms): 202182.3, Avg(ms): 75.1, 50th(ms): 71.3, 90th(ms): 113.2, 95th(ms): 142.6, 99th(ms): 184.5, 99.9th(ms): 251.7, Max(ms): 335.5
[Current] STOCK_LEVEL - Takes(s): 10.0, Count: 237, TPM: 1428.3, Sum(ms): 13625.6, Avg(ms): 57.4, 50th(ms): 52.4, 90th(ms): 83.9, 95th(ms): 113.2, 99th(ms): 167.8, 99.9th(ms): 192.9, Max(ms): 192.9
[Current] DELIVERY - Takes(s): 10.0, Count: 238, TPM: 1431.5, Sum(ms): 79835.9, Avg(ms): 335.5, 50th(ms): 318.8, 90th(ms): 469.8, 95th(ms): 520.1, 99th(ms): 872.4, 99.9th(ms): 1342.2, Max(ms): 1342.2
[Current] NEW_ORDER - Takes(s): 10.0, Count: 2923, TPM: 17545.0, Sum(ms): 310533.1, Avg(ms): 106.2, 50th(ms): 100.7, 90th(ms): 159.4, 95th(ms): 176.2, 99th(ms): 226.5, 99.9th(ms): 268.4, Max(ms): 285.2
[Current] ORDER_STATUS - Takes(s): 10.0, Count: 250, TPM: 1500.6, Sum(ms): 12035.2, Avg(ms): 48.1, 50th(ms): 46.1, 90th(ms): 75.5, 95th(ms): 88.1, 99th(ms): 113.2, 99.9th(ms): 130.0, Max(ms): 130.0
[Current] PAYMENT - Takes(s): 10.0, Count: 2868, TPM: 17229.6, Sum(ms): 208789.5, Avg(ms): 72.8, 50th(ms): 65.0, 90th(ms): 113.2, 95th(ms): 134.2, 99th(ms): 192.9, 99.9th(ms): 268.4, Max(ms): 318.8
[Current] STOCK_LEVEL - Takes(s): 9.9, Count: 270, TPM: 1629.2, Sum(ms): 15545.2, Avg(ms): 57.6, 50th(ms): 52.4, 90th(ms): 92.3, 95th(ms): 104.9, 99th(ms): 142.6, 99.9th(ms): 285.2, Max(ms): 285.2
[Current] DELIVERY - Takes(s): 9.9, Count: 309, TPM: 1867.5, Sum(ms): 103439.9, Avg(ms): 334.8, 50th(ms): 318.8, 90th(ms): 486.5, 95th(ms): 604.0, 99th(ms): 838.9, 99.9th(ms): 1140.9, Max(ms): 1140.9
[Current] NEW_ORDER - Takes(s): 10.0, Count: 2866, TPM: 17198.8, Sum(ms): 303877.0, Avg(ms): 106.1, 50th(ms): 100.7, 90th(ms): 159.4, 95th(ms): 184.5, 99th(ms): 243.3, 99.9th(ms): 352.3, Max(ms): 453.0
[Current] ORDER_STATUS - Takes(s): 9.9, Count: 244, TPM: 1483.0, Sum(ms): 11728.0, Avg(ms): 48.1, 50th(ms): 44.0, 90th(ms): 88.1, 95th(ms): 100.7, 99th(ms): 130.0, 99.9th(ms): 184.5, Max(ms): 184.5
[Current] PAYMENT - Takes(s): 10.0, Count: 2750, TPM: 16512.1, Sum(ms): 193363.1, Avg(ms): 70.3, 50th(ms): 62.9, 90th(ms): 113.2, 95th(ms): 134.2, 99th(ms): 184.5, 99.9th(ms): 302.0, Max(ms): 385.9
[Current] STOCK_LEVEL - Takes(s): 9.9, Count: 250, TPM: 1512.1, Sum(ms): 14104.9, Avg(ms): 56.3, 50th(ms): 48.2, 90th(ms): 104.9, 95th(ms): 125.8, 99th(ms): 151.0, 99.9th(ms): 192.9, Max(ms): 192.9
[Current] DELIVERY - Takes(s): 10.0, Count: 295, TPM: 1774.5, Sum(ms): 85304.2, Avg(ms): 289.6, 50th(ms): 285.2, 90th(ms): 436.2, 95th(ms): 469.8, 99th(ms): 570.4, 99.9th(ms): 771.8, Max(ms): 771.8
[Current] NEW_ORDER - Takes(s): 10.0, Count: 3283, TPM: 19712.0, Sum(ms): 314367.3, Avg(ms): 95.8, 50th(ms): 88.1, 90th(ms): 142.6, 95th(ms): 159.4, 99th(ms): 201.3, 99.9th(ms): 285.2, Max(ms): 318.8
[Current] ORDER_STATUS - Takes(s): 9.9, Count: 279, TPM: 1682.8, Sum(ms): 11960.5, Avg(ms): 42.9, 50th(ms): 39.8, 90th(ms): 71.3, 95th(ms): 79.7, 99th(ms): 104.9, 99.9th(ms): 117.4, Max(ms): 117.4
[Current] PAYMENT - Takes(s): 10.0, Count: 3126, TPM: 18770.1, Sum(ms): 197260.6, Avg(ms): 63.1, 50th(ms): 56.6, 90th(ms): 100.7, 95th(ms): 117.4, 99th(ms): 167.8, 99.9th(ms): 201.3, Max(ms): 218.1
[Current] STOCK_LEVEL - Takes(s): 10.0, Count: 324, TPM: 1945.0, Sum(ms): 18902.4, Avg(ms): 58.3, 50th(ms): 50.3, 90th(ms): 96.5, 95th(ms): 117.4, 99th(ms): 151.0, 99.9th(ms): 167.8, Max(ms): 167.8
[Current] DELIVERY - Takes(s): 9.9, Count: 276, TPM: 1672.8, Sum(ms): 79530.6, Avg(ms): 287.7, 50th(ms): 260.0, 90th(ms): 469.8, 95th(ms): 520.1, 99th(ms): 637.5, 99.9th(ms): 704.6, Max(ms): 704.6
[Current] NEW_ORDER - Takes(s): 10.0, Count: 3322, TPM: 19935.7, Sum(ms): 314125.9, Avg(ms): 94.6, 50th(ms): 88.1, 90th(ms): 142.6, 95th(ms): 159.4, 99th(ms): 218.1, 99.9th(ms): 260.0, Max(ms): 302.0
[Current] ORDER_STATUS - Takes(s): 10.0, Count: 279, TPM: 1675.2, Sum(ms): 11443.7, Avg(ms): 41.0, 50th(ms): 37.7, 90th(ms): 67.1, 95th(ms): 75.5, 99th(ms): 96.5, 99.9th(ms): 121.6, Max(ms): 121.6
[Current] PAYMENT - Takes(s): 10.0, Count: 3320, TPM: 19925.3, Sum(ms): 204464.9, Avg(ms): 61.6, 50th(ms): 54.5, 90th(ms): 96.5, 95th(ms): 117.4, 99th(ms): 151.0, 99.9th(ms): 209.7, Max(ms): 260.0
[Current] STOCK_LEVEL - Takes(s): 10.0, Count: 294, TPM: 1767.8, Sum(ms): 15082.3, Avg(ms): 51.3, 50th(ms): 48.2, 90th(ms): 79.7, 95th(ms): 88.1, 99th(ms): 121.6, 99.9th(ms): 130.0, Max(ms): 130.0
[Current] DELIVERY - Takes(s): 10.0, Count: 303, TPM: 1819.8, Sum(ms): 86851.6, Avg(ms): 286.6, 50th(ms): 285.2, 90th(ms): 369.1, 95th(ms): 419.4, 99th(ms): 503.3, 99.9th(ms): 570.4, Max(ms): 570.4
[Current] NEW_ORDER - Takes(s): 10.0, Count: 3244, TPM: 19477.1, Sum(ms): 309618.3, Avg(ms): 95.5, 50th(ms): 96.5, 90th(ms): 125.8, 95th(ms): 142.6, 99th(ms): 176.2, 99.9th(ms): 226.5, Max(ms): 352.3
[Current] ORDER_STATUS - Takes(s): 10.0, Count: 288, TPM: 1733.1, Sum(ms): 12703.8, Avg(ms): 44.1, 50th(ms): 44.0, 90th(ms): 65.0, 95th(ms): 71.3, 99th(ms): 88.1, 99.9th(ms): 104.9, Max(ms): 104.9
[Current] PAYMENT - Takes(s): 10.0, Count: 3152, TPM: 18914.5, Sum(ms): 197958.9, Avg(ms): 62.8, 50th(ms): 58.7, 90th(ms): 92.3, 95th(ms): 104.9, 99th(ms): 151.0, 99.9th(ms): 192.9, Max(ms): 218.1
[Current] STOCK_LEVEL - Takes(s): 10.0, Count: 331, TPM: 1988.0, Sum(ms): 17817.0, Avg(ms): 53.9, 50th(ms): 50.3, 90th(ms): 79.7, 95th(ms): 92.3, 99th(ms): 130.0, 99.9th(ms): 151.0, Max(ms): 151.0
[Current] DELIVERY - Takes(s): 10.0, Count: 283, TPM: 1702.4, Sum(ms): 81248.5, Avg(ms): 287.1, 50th(ms): 285.2, 90th(ms): 419.4, 95th(ms): 453.0, 99th(ms): 520.1, 99.9th(ms): 604.0, Max(ms): 604.0
[Current] NEW_ORDER - Takes(s): 10.0, Count: 3417, TPM: 20503.2, Sum(ms): 316809.3, Avg(ms): 92.8, 50th(ms): 88.1, 90th(ms): 134.2, 95th(ms): 151.0, 99th(ms): 184.5, 99.9th(ms): 234.9, Max(ms): 243.3
[Current] ORDER_STATUS - Takes(s): 10.0, Count: 309, TPM: 1854.2, Sum(ms): 13362.8, Avg(ms): 43.3, 50th(ms): 39.8, 90th(ms): 67.1, 95th(ms): 79.7, 99th(ms): 100.7, 99.9th(ms): 109.1, Max(ms): 109.1
[Current] PAYMENT - Takes(s): 10.0, Count: 3247, TPM: 19482.7, Sum(ms): 198595.9, Avg(ms): 61.2, 50th(ms): 56.6, 90th(ms): 92.3, 95th(ms): 109.1, 99th(ms): 151.0, 99.9th(ms): 226.5, Max(ms): 268.4
[Current] STOCK_LEVEL - Takes(s): 10.0, Count: 301, TPM: 1807.5, Sum(ms): 14675.4, Avg(ms): 48.8, 50th(ms): 46.1, 90th(ms): 71.3, 95th(ms): 79.7, 99th(ms): 100.7, 99.9th(ms): 113.2, Max(ms): 113.2
[Current] DELIVERY - Takes(s): 10.0, Count: 298, TPM: 1789.9, Sum(ms): 86071.5, Avg(ms): 289.0, 50th(ms): 285.2, 90th(ms): 419.4, 95th(ms): 469.8, 99th(ms): 536.9, 99.9th(ms): 536.9, Max(ms): 536.9
[Current] NEW_ORDER - Takes(s): 10.0, Count: 3261, TPM: 19566.3, Sum(ms): 315577.6, Avg(ms): 96.8, 50th(ms): 92.3, 90th(ms): 142.6, 95th(ms): 159.4, 99th(ms): 201.3, 99.9th(ms): 268.4, Max(ms): 285.2
[Current] ORDER_STATUS - Takes(s): 9.9, Count: 310, TPM: 1876.5, Sum(ms): 13260.1, Avg(ms): 42.8, 50th(ms): 39.8, 90th(ms): 71.3, 95th(ms): 75.5, 99th(ms): 104.9, 99.9th(ms): 121.6, Max(ms): 121.6
[Current] PAYMENT - Takes(s): 10.0, Count: 3123, TPM: 18741.6, Sum(ms): 196783.7, Avg(ms): 63.0, 50th(ms): 58.7, 90th(ms): 100.7, 95th(ms): 117.4, 99th(ms): 159.4, 99.9th(ms): 226.5, Max(ms): 302.0
[Current] STOCK_LEVEL - Takes(s): 10.0, Count: 284, TPM: 1706.9, Sum(ms): 15158.6, Avg(ms): 53.4, 50th(ms): 50.3, 90th(ms): 83.9, 95th(ms): 88.1, 99th(ms): 104.9, 99.9th(ms): 134.2, Max(ms): 134.2
[Current] DELIVERY - Takes(s): 10.0, Count: 282, TPM: 1694.3, Sum(ms): 79692.3, Avg(ms): 282.2, 50th(ms): 268.4, 90th(ms): 402.7, 95th(ms): 419.4, 99th(ms): 604.0, 99.9th(ms): 604.0, Max(ms): 604.0
[Current] NEW_ORDER - Takes(s): 10.0, Count: 3371, TPM: 20231.4, Sum(ms): 316792.0, Avg(ms): 94.0, 50th(ms): 88.1, 90th(ms): 134.2, 95th(ms): 151.0, 99th(ms): 201.3, 99.9th(ms): 251.7, Max(ms): 302.0
[Current] ORDER_STATUS - Takes(s): 10.0, Count: 294, TPM: 1772.6, Sum(ms): 12320.1, Avg(ms): 41.9, 50th(ms): 37.7, 90th(ms): 65.0, 95th(ms): 75.5, 99th(ms): 92.3, 99.9th(ms): 121.6, Max(ms): 121.6
[Current] PAYMENT - Takes(s): 10.0, Count: 3259, TPM: 19555.2, Sum(ms): 201112.1, Avg(ms): 61.7, 50th(ms): 58.7, 90th(ms): 92.3, 95th(ms): 109.1, 99th(ms): 142.6, 99.9th(ms): 192.9, Max(ms): 302.0
[Current] STOCK_LEVEL - Takes(s): 10.0, Count: 324, TPM: 1952.1, Sum(ms): 15765.9, Avg(ms): 48.7, 50th(ms): 46.1, 90th(ms): 71.3, 95th(ms): 79.7, 99th(ms): 92.3, 99.9th(ms): 109.1, Max(ms): 109.1
[Current] DELIVERY - Takes(s): 10.0, Count: 286, TPM: 1720.0, Sum(ms): 79492.2, Avg(ms): 277.9, 50th(ms): 268.4, 90th(ms): 385.9, 95th(ms): 402.7, 99th(ms): 536.9, 99.9th(ms): 872.4, Max(ms): 872.4
[Current] NEW_ORDER - Takes(s): 10.0, Count: 3442, TPM: 20657.9, Sum(ms): 321797.7, Avg(ms): 93.5, 50th(ms): 92.3, 90th(ms): 130.0, 95th(ms): 151.0, 99th(ms): 184.5, 99.9th(ms): 209.7, Max(ms): 268.4
[Current] ORDER_STATUS - Takes(s): 10.0, Count: 325, TPM: 1950.6, Sum(ms): 13333.7, Avg(ms): 41.1, 50th(ms): 39.8, 90th(ms): 62.9, 95th(ms): 71.3, 99th(ms): 83.9, 99.9th(ms): 92.3, Max(ms): 92.3
[Current] PAYMENT - Takes(s): 10.0, Count: 3198, TPM: 19200.0, Sum(ms): 193015.3, Avg(ms): 60.4, 50th(ms): 56.6, 90th(ms): 92.3, 95th(ms): 109.1, 99th(ms): 142.6, 99.9th(ms): 192.9, Max(ms): 260.0
[Current] STOCK_LEVEL - Takes(s): 10.0, Count: 293, TPM: 1761.6, Sum(ms): 14893.5, Avg(ms): 50.9, 50th(ms): 48.2, 90th(ms): 75.5, 95th(ms): 88.1, 99th(ms): 134.2, 99.9th(ms): 176.2, Max(ms): 176.2
[Current] DELIVERY - Takes(s): 10.0, Count: 297, TPM: 1782.7, Sum(ms): 85055.5, Avg(ms): 286.5, 50th(ms): 285.2, 90th(ms): 369.1, 95th(ms): 486.5, 99th(ms): 570.4, 99.9th(ms): 771.8, Max(ms): 771.8
[Current] NEW_ORDER - Takes(s): 10.0, Count: 3409, TPM: 20464.5, Sum(ms): 315193.2, Avg(ms): 92.5, 50th(ms): 92.3, 90th(ms): 130.0, 95th(ms): 142.6, 99th(ms): 176.2, 99.9th(ms): 226.5, Max(ms): 285.2
[Current] ORDER_STATUS - Takes(s): 10.0, Count: 307, TPM: 1850.2, Sum(ms): 12802.7, Avg(ms): 41.7, 50th(ms): 39.8, 90th(ms): 62.9, 95th(ms): 67.1, 99th(ms): 88.1, 99.9th(ms): 104.9, Max(ms): 104.9
[Current] PAYMENT - Takes(s): 10.0, Count: 3320, TPM: 19921.2, Sum(ms): 202487.3, Avg(ms): 61.0, 50th(ms): 56.6, 90th(ms): 92.3, 95th(ms): 104.9, 99th(ms): 142.6, 99.9th(ms): 192.9, Max(ms): 226.5
[Current] STOCK_LEVEL - Takes(s): 9.9, Count: 284, TPM: 1714.9, Sum(ms): 12396.4, Avg(ms): 43.7, 50th(ms): 41.9, 90th(ms): 60.8, 95th(ms): 67.1, 99th(ms): 83.9, 99.9th(ms): 113.2, Max(ms): 113.2
[Current] DELIVERY - Takes(s): 10.0, Count: 321, TPM: 1926.9, Sum(ms): 93238.2, Avg(ms): 290.8, 50th(ms): 285.2, 90th(ms): 385.9, 95th(ms): 436.2, 99th(ms): 570.4, 99.9th(ms): 671.1, Max(ms): 671.1
[Current] NEW_ORDER - Takes(s): 10.0, Count: 3360, TPM: 20183.7, Sum(ms): 308541.8, Avg(ms): 91.8, 50th(ms): 92.3, 90th(ms): 121.6, 95th(ms): 142.6, 99th(ms): 176.2, 99.9th(ms): 201.3, Max(ms): 251.7
[Current] ORDER_STATUS - Takes(s): 9.9, Count: 305, TPM: 1857.8, Sum(ms): 12635.0, Avg(ms): 41.4, 50th(ms): 39.8, 90th(ms): 60.8, 95th(ms): 71.3, 99th(ms): 96.5, 99.9th(ms): 134.2, Max(ms): 134.2
[Current] PAYMENT - Takes(s): 10.0, Count: 3238, TPM: 19430.3, Sum(ms): 196394.8, Avg(ms): 60.7, 50th(ms): 56.6, 90th(ms): 88.1, 95th(ms): 104.9, 99th(ms): 142.6, 99.9th(ms): 192.9, Max(ms): 209.7
[Current] STOCK_LEVEL - Takes(s): 10.0, Count: 297, TPM: 1788.6, Sum(ms): 14465.3, Avg(ms): 48.6, 50th(ms): 48.2, 90th(ms): 65.0, 95th(ms): 75.5, 99th(ms): 92.3, 99.9th(ms): 96.5, Max(ms): 96.5
[Current] DELIVERY - Takes(s): 10.0, Count: 271, TPM: 1626.3, Sum(ms): 76434.6, Avg(ms): 281.9, 50th(ms): 285.2, 90th(ms): 369.1, 95th(ms): 436.2, 99th(ms): 520.1, 99.9th(ms): 536.9, Max(ms): 536.9
[Current] NEW_ORDER - Takes(s): 10.0, Count: 3332, TPM: 20002.6, Sum(ms): 316755.0, Avg(ms): 95.1, 50th(ms): 92.3, 90th(ms): 130.0, 95th(ms): 151.0, 99th(ms): 192.9, 99.9th(ms): 243.3, Max(ms): 318.8
[Current] ORDER_STATUS - Takes(s): 9.9, Count: 291, TPM: 1756.1, Sum(ms): 12694.8, Avg(ms): 43.7, 50th(ms): 41.9, 90th(ms): 67.1, 95th(ms): 75.5, 99th(ms): 88.1, 99.9th(ms): 251.7, Max(ms): 251.7
[Current] PAYMENT - Takes(s): 10.0, Count: 3213, TPM: 19278.5, Sum(ms): 202458.1, Avg(ms): 63.0, 50th(ms): 58.7, 90th(ms): 96.5, 95th(ms): 109.1, 99th(ms): 142.6, 99.9th(ms): 302.0, Max(ms): 469.8
[Current] STOCK_LEVEL - Takes(s): 10.0, Count: 322, TPM: 1937.3, Sum(ms): 15852.0, Avg(ms): 49.2, 50th(ms): 48.2, 90th(ms): 71.3, 95th(ms): 79.7, 99th(ms): 100.7, 99.9th(ms): 113.2, Max(ms): 113.2
[Current] DELIVERY - Takes(s): 10.0, Count: 288, TPM: 1728.1, Sum(ms): 84234.1, Avg(ms): 292.4, 50th(ms): 285.2, 90th(ms): 385.9, 95th(ms): 453.0, 99th(ms): 503.3, 99.9th(ms): 973.1, Max(ms): 973.1
[Current] NEW_ORDER - Takes(s): 10.0, Count: 3268, TPM: 19622.3, Sum(ms): 317070.2, Avg(ms): 97.1, 50th(ms): 92.3, 90th(ms): 134.2, 95th(ms): 159.4, 99th(ms): 209.7, 99.9th(ms): 260.0, Max(ms): 318.8
[Current] ORDER_STATUS - Takes(s): 10.0, Count: 294, TPM: 1766.5, Sum(ms): 12737.8, Avg(ms): 43.3, 50th(ms): 41.9, 90th(ms): 65.0, 95th(ms): 71.3, 99th(ms): 83.9, 99.9th(ms): 92.3, Max(ms): 92.3
[Current] PAYMENT - Takes(s): 10.0, Count: 3132, TPM: 18796.9, Sum(ms): 200942.3, Avg(ms): 64.2, 50th(ms): 58.7, 90th(ms): 100.7, 95th(ms): 117.4, 99th(ms): 159.4, 99.9th(ms): 209.7, Max(ms): 234.9
[Current] STOCK_LEVEL - Takes(s): 10.0, Count: 247, TPM: 1482.8, Sum(ms): 13024.5, Avg(ms): 52.7, 50th(ms): 50.3, 90th(ms): 75.5, 95th(ms): 83.9, 99th(ms): 117.4, 99.9th(ms): 159.4, Max(ms): 159.4
[Current] DELIVERY - Takes(s): 10.0, Count: 305, TPM: 1837.3, Sum(ms): 90214.2, Avg(ms): 296.1, 50th(ms): 302.0, 90th(ms): 402.7, 95th(ms): 436.2, 99th(ms): 570.4, 99.9th(ms): 805.3, Max(ms): 805.3
[Current] NEW_ORDER - Takes(s): 10.0, Count: 3227, TPM: 19380.2, Sum(ms): 312029.7, Avg(ms): 96.7, 50th(ms): 96.5, 90th(ms): 134.2, 95th(ms): 151.0, 99th(ms): 184.5, 99.9th(ms): 243.3, Max(ms): 260.0
[Current] ORDER_STATUS - Takes(s): 10.0, Count: 297, TPM: 1783.4, Sum(ms): 12542.0, Avg(ms): 42.3, 50th(ms): 41.9, 90th(ms): 62.9, 95th(ms): 67.1, 99th(ms): 88.1, 99.9th(ms): 104.9, Max(ms): 104.9
[Current] PAYMENT - Takes(s): 10.0, Count: 2991, TPM: 17960.6, Sum(ms): 193360.9, Avg(ms): 64.7, 50th(ms): 60.8, 90th(ms): 96.5, 95th(ms): 113.2, 99th(ms): 151.0, 99.9th(ms): 201.3, Max(ms): 251.7
[Current] STOCK_LEVEL - Takes(s): 10.0, Count: 308, TPM: 1849.3, Sum(ms): 16529.4, Avg(ms): 53.7, 50th(ms): 52.4, 90th(ms): 79.7, 95th(ms): 88.1, 99th(ms): 104.9, 99.9th(ms): 117.4, Max(ms): 117.4
[Current] DELIVERY - Takes(s): 10.0, Count: 277, TPM: 1663.1, Sum(ms): 81418.5, Avg(ms): 294.1, 50th(ms): 285.2, 90th(ms): 402.7, 95th(ms): 436.2, 99th(ms): 570.4, 99.9th(ms): 637.5, Max(ms): 637.5
[Current] NEW_ORDER - Takes(s): 10.0, Count: 3233, TPM: 19407.8, Sum(ms): 319134.6, Avg(ms): 98.8, 50th(ms): 96.5, 90th(ms): 142.6, 95th(ms): 159.4, 99th(ms): 192.9, 99.9th(ms): 226.5, Max(ms): 302.0
[Current] ORDER_STATUS - Takes(s): 9.9, Count: 274, TPM: 1658.3, Sum(ms): 12045.7, Avg(ms): 44.1, 50th(ms): 41.9, 90th(ms): 67.1, 95th(ms): 79.7, 99th(ms): 92.3, 99.9th(ms): 104.9, Max(ms): 104.9
[Current] PAYMENT - Takes(s): 10.0, Count: 3053, TPM: 18320.8, Sum(ms): 200261.5, Avg(ms): 65.6, 50th(ms): 60.8, 90th(ms): 100.7, 95th(ms): 121.6, 99th(ms): 159.4, 99.9th(ms): 218.1, Max(ms): 251.7
[Current] STOCK_LEVEL - Takes(s): 10.0, Count: 252, TPM: 1517.6, Sum(ms): 13287.8, Avg(ms): 52.7, 50th(ms): 50.3, 90th(ms): 79.7, 95th(ms): 83.9, 99th(ms): 117.4, 99.9th(ms): 142.6, Max(ms): 142.6
[Current] DELIVERY - Takes(s): 10.0, Count: 236, TPM: 1417.2, Sum(ms): 75271.4, Avg(ms): 318.7, 50th(ms): 318.8, 90th(ms): 419.4, 95th(ms): 453.0, 99th(ms): 637.5, 99.9th(ms): 704.6, Max(ms): 704.6
[Current] NEW_ORDER - Takes(s): 10.0, Count: 2932, TPM: 17600.6, Sum(ms): 319475.3, Avg(ms): 109.0, 50th(ms): 104.9, 90th(ms): 151.0, 95th(ms): 167.8, 99th(ms): 209.7, 99.9th(ms): 285.2, Max(ms): 318.8
[Current] ORDER_STATUS - Takes(s): 9.9, Count: 236, TPM: 1423.3, Sum(ms): 11362.0, Avg(ms): 48.1, 50th(ms): 46.1, 90th(ms): 71.3, 95th(ms): 79.7, 99th(ms): 104.9, 99.9th(ms): 113.2, Max(ms): 113.2
[Current] PAYMENT - Takes(s): 10.0, Count: 2856, TPM: 17144.2, Sum(ms): 204778.1, Avg(ms): 71.7, 50th(ms): 67.1, 90th(ms): 104.9, 95th(ms): 125.8, 99th(ms): 176.2, 99.9th(ms): 251.7, Max(ms): 302.0
[Current] STOCK_LEVEL - Takes(s): 10.0, Count: 267, TPM: 1609.8, Sum(ms): 15486.7, Avg(ms): 58.0, 50th(ms): 54.5, 90th(ms): 88.1, 95th(ms): 96.5, 99th(ms): 121.6, 99.9th(ms): 142.6, Max(ms): 142.6
[Current] DELIVERY - Takes(s): 10.0, Count: 208, TPM: 1249.4, Sum(ms): 73088.6, Avg(ms): 351.5, 50th(ms): 335.5, 90th(ms): 503.3, 95th(ms): 570.4, 99th(ms): 704.6, 99.9th(ms): 838.9, Max(ms): 838.9
[Current] NEW_ORDER - Takes(s): 10.0, Count: 2567, TPM: 15402.1, Sum(ms): 315869.5, Avg(ms): 123.2, 50th(ms): 121.6, 90th(ms): 176.2, 95th(ms): 192.9, 99th(ms): 260.0, 99.9th(ms): 318.8, Max(ms): 352.3
[Current] ORDER_STATUS - Takes(s): 9.9, Count: 255, TPM: 1542.7, Sum(ms): 13157.7, Avg(ms): 51.5, 50th(ms): 48.2, 90th(ms): 79.7, 95th(ms): 92.3, 99th(ms): 104.9, 99.9th(ms): 176.2, Max(ms): 176.2
[Current] PAYMENT - Takes(s): 10.0, Count: 2557, TPM: 15345.1, Sum(ms): 208080.7, Avg(ms): 81.4, 50th(ms): 75.5, 90th(ms): 121.6, 95th(ms): 151.0, 99th(ms): 201.3, 99.9th(ms): 302.0, Max(ms): 352.3
[Current] STOCK_LEVEL - Takes(s): 10.0, Count: 252, TPM: 1516.2, Sum(ms): 16733.9, Avg(ms): 66.5, 50th(ms): 62.9, 90th(ms): 100.7, 95th(ms): 117.4, 99th(ms): 167.8, 99.9th(ms): 192.9, Max(ms): 192.9
[Current] DELIVERY - Takes(s): 10.0, Count: 246, TPM: 1476.4, Sum(ms): 84082.0, Avg(ms): 341.5, 50th(ms): 318.8, 90th(ms): 469.8, 95th(ms): 570.4, 99th(ms): 738.2, 99.9th(ms): 838.9, Max(ms): 838.9
[Current] NEW_ORDER - Takes(s): 10.0, Count: 2763, TPM: 16586.4, Sum(ms): 315795.1, Avg(ms): 114.3, 50th(ms): 109.1, 90th(ms): 159.4, 95th(ms): 192.9, 99th(ms): 243.3, 99.9th(ms): 302.0, Max(ms): 335.5
[Current] ORDER_STATUS - Takes(s): 9.9, Count: 248, TPM: 1499.3, Sum(ms): 12881.2, Avg(ms): 52.0, 50th(ms): 50.3, 90th(ms): 79.7, 95th(ms): 92.3, 99th(ms): 117.4, 99.9th(ms): 121.6, Max(ms): 121.6
[Current] PAYMENT - Takes(s): 10.0, Count: 2599, TPM: 15597.1, Sum(ms): 196347.0, Avg(ms): 75.6, 50th(ms): 71.3, 90th(ms): 113.2, 95th(ms): 134.2, 99th(ms): 176.2, 99.9th(ms): 218.1, Max(ms): 285.2
[Current] STOCK_LEVEL - Takes(s): 10.0, Count: 245, TPM: 1471.4, Sum(ms): 14617.9, Avg(ms): 59.7, 50th(ms): 56.6, 90th(ms): 92.3, 95th(ms): 100.7, 99th(ms): 121.6, 99.9th(ms): 151.0, Max(ms): 151.0
[Current] DELIVERY - Takes(s): 9.9, Count: 249, TPM: 1506.5, Sum(ms): 86464.5, Avg(ms): 347.5, 50th(ms): 335.5, 90th(ms): 486.5, 95th(ms): 604.0, 99th(ms): 872.4, 99.9th(ms): 1040.2, Max(ms): 1040.2
[Current] NEW_ORDER - Takes(s): 10.0, Count: 2779, TPM: 16675.6, Sum(ms): 318883.5, Avg(ms): 114.8, 50th(ms): 109.1, 90th(ms): 167.8, 95th(ms): 184.5, 99th(ms): 226.5, 99.9th(ms): 285.2, Max(ms): 402.7
[Current] ORDER_STATUS - Takes(s): 9.9, Count: 231, TPM: 1394.2, Sum(ms): 11719.2, Avg(ms): 50.7, 50th(ms): 48.2, 90th(ms): 75.5, 95th(ms): 83.9, 99th(ms): 121.6, 99.9th(ms): 125.8, Max(ms): 125.8
[Current] PAYMENT - Takes(s): 10.0, Count: 2588, TPM: 15529.2, Sum(ms): 196571.3, Avg(ms): 76.0, 50th(ms): 71.3, 90th(ms): 117.4, 95th(ms): 142.6, 99th(ms): 176.2, 99.9th(ms): 226.5, Max(ms): 285.2
[Current] STOCK_LEVEL - Takes(s): 10.0, Count: 248, TPM: 1488.9, Sum(ms): 14976.7, Avg(ms): 60.4, 50th(ms): 56.6, 90th(ms): 92.3, 95th(ms): 104.9, 99th(ms): 130.0, 99.9th(ms): 151.0, Max(ms): 151.0
[Current] DELIVERY - Takes(s): 10.0, Count: 262, TPM: 1574.6, Sum(ms): 83826.8, Avg(ms): 320.1, 50th(ms): 302.0, 90th(ms): 453.0, 95th(ms): 536.9, 99th(ms): 671.1, 99.9th(ms): 805.3, Max(ms): 805.3
[Current] NEW_ORDER - Takes(s): 10.0, Count: 2867, TPM: 17209.4, Sum(ms): 313181.1, Avg(ms): 109.3, 50th(ms): 104.9, 90th(ms): 159.4, 95th(ms): 184.5, 99th(ms): 243.3, 99.9th(ms): 335.5, Max(ms): 385.9
[Current] ORDER_STATUS - Takes(s): 10.0, Count: 261, TPM: 1567.2, Sum(ms): 12048.9, Avg(ms): 46.2, 50th(ms): 44.0, 90th(ms): 71.3, 95th(ms): 79.7, 99th(ms): 100.7, 99.9th(ms): 125.8, Max(ms): 125.8
[Current] PAYMENT - Takes(s): 10.0, Count: 2798, TPM: 16790.2, Sum(ms): 201071.9, Avg(ms): 71.9, 50th(ms): 65.0, 90th(ms): 113.2, 95th(ms): 142.6, 99th(ms): 192.9, 99.9th(ms): 234.9, Max(ms): 268.4
[Current] STOCK_LEVEL - Takes(s): 10.0, Count: 266, TPM: 1598.4, Sum(ms): 16975.9, Avg(ms): 63.8, 50th(ms): 58.7, 90th(ms): 104.9, 95th(ms): 121.6, 99th(ms): 159.4, 99.9th(ms): 218.1, Max(ms): 218.1
[Current] DELIVERY - Takes(s): 9.9, Count: 233, TPM: 1408.8, Sum(ms): 72026.7, Avg(ms): 308.9, 50th(ms): 302.0, 90th(ms): 436.2, 95th(ms): 520.1, 99th(ms): 671.1, 99.9th(ms): 939.5, Max(ms): 939.5
[Current] NEW_ORDER - Takes(s): 10.0, Count: 3075, TPM: 18449.7, Sum(ms): 324391.6, Avg(ms): 105.4, 50th(ms): 100.7, 90th(ms): 159.4, 95th(ms): 184.5, 99th(ms): 226.5, 99.9th(ms): 302.0, Max(ms): 369.1
[Current] ORDER_STATUS - Takes(s): 10.0, Count: 276, TPM: 1657.5, Sum(ms): 13142.0, Avg(ms): 47.6, 50th(ms): 44.0, 90th(ms): 75.5, 95th(ms): 83.9, 99th(ms): 104.9, 99.9th(ms): 130.0, Max(ms): 130.0
[Current] PAYMENT - Takes(s): 10.0, Count: 2840, TPM: 17042.8, Sum(ms): 202266.7, Avg(ms): 71.3, 50th(ms): 65.0, 90th(ms): 113.2, 95th(ms): 134.2, 99th(ms): 192.9, 99.9th(ms): 260.0, Max(ms): 318.8
[Current] STOCK_LEVEL - Takes(s): 10.0, Count: 252, TPM: 1518.6, Sum(ms): 14670.7, Avg(ms): 58.2, 50th(ms): 56.6, 90th(ms): 88.1, 95th(ms): 96.5, 99th(ms): 113.2, 99.9th(ms): 134.2, Max(ms): 134.2
[Current] DELIVERY - Takes(s): 10.0, Count: 260, TPM: 1566.4, Sum(ms): 84759.0, Avg(ms): 325.8, 50th(ms): 335.5, 90th(ms): 436.2, 95th(ms): 453.0, 99th(ms): 536.9, 99.9th(ms): 805.3, Max(ms): 805.3
[Current] NEW_ORDER - Takes(s): 10.0, Count: 2937, TPM: 17627.9, Sum(ms): 307290.5, Avg(ms): 104.7, 50th(ms): 100.7, 90th(ms): 151.0, 95th(ms): 167.8, 99th(ms): 201.3, 99.9th(ms): 243.3, Max(ms): 318.8
[Current] ORDER_STATUS - Takes(s): 10.0, Count: 280, TPM: 1685.5, Sum(ms): 13071.7, Avg(ms): 46.7, 50th(ms): 44.0, 90th(ms): 71.3, 95th(ms): 79.7, 99th(ms): 100.7, 99.9th(ms): 113.2, Max(ms): 113.2
[Current] PAYMENT - Takes(s): 10.0, Count: 2956, TPM: 17746.7, Sum(ms): 205955.0, Avg(ms): 69.7, 50th(ms): 65.0, 90th(ms): 104.9, 95th(ms): 121.6, 99th(ms): 159.4, 99.9th(ms): 226.5, Max(ms): 285.2
[Current] STOCK_LEVEL - Takes(s): 10.0, Count: 266, TPM: 1600.2, Sum(ms): 13201.9, Avg(ms): 49.6, 50th(ms): 48.2, 90th(ms): 71.3, 95th(ms): 79.7, 99th(ms): 100.7, 99.9th(ms): 117.4, Max(ms): 117.4
[Current] DELIVERY - Takes(s): 10.0, Count: 249, TPM: 1500.5, Sum(ms): 84507.5, Avg(ms): 339.4, 50th(ms): 335.5, 90th(ms): 436.2, 95th(ms): 469.8, 99th(ms): 637.5, 99.9th(ms): 704.6, Max(ms): 704.6
[Current] NEW_ORDER - Takes(s): 10.0, Count: 2823, TPM: 16945.6, Sum(ms): 308187.9, Avg(ms): 109.2, 50th(ms): 109.1, 90th(ms): 151.0, 95th(ms): 167.8, 99th(ms): 209.7, 99.9th(ms): 251.7, Max(ms): 318.8
[Current] ORDER_STATUS - Takes(s): 10.0, Count: 241, TPM: 1449.5, Sum(ms): 12215.1, Avg(ms): 50.7, 50th(ms): 50.3, 90th(ms): 75.5, 95th(ms): 79.7, 99th(ms): 96.5, 99.9th(ms): 104.9, Max(ms): 104.9
[Current] PAYMENT - Takes(s): 10.0, Count: 2778, TPM: 16680.9, Sum(ms): 207053.2, Avg(ms): 74.5, 50th(ms): 71.3, 90th(ms): 109.1, 95th(ms): 125.8, 99th(ms): 176.2, 99.9th(ms): 260.0, Max(ms): 335.5
[Current] STOCK_LEVEL - Takes(s): 9.8, Count: 268, TPM: 1632.6, Sum(ms): 14010.4, Avg(ms): 52.2, 50th(ms): 50.3, 90th(ms): 71.3, 95th(ms): 83.9, 99th(ms): 96.5, 99.9th(ms): 109.1, Max(ms): 109.1
Finished
[Summary] DELIVERY - Takes(s): 599.8, Count: 16300, TPM: 1630.6, Sum(ms): 5018714.4, Avg(ms): 307.9, 50th(ms): 302.0, 90th(ms): 436.2, 95th(ms): 486.5, 99th(ms): 671.1, 99.9th(ms): 939.5, Max(ms): 1342.2
[Summary] NEW_ORDER - Takes(s): 600.0, Count: 184554, TPM: 18456.1, Sum(ms): 18839126.0, Avg(ms): 102.1, 50th(ms): 96.5, 90th(ms): 151.0, 95th(ms): 167.8, 99th(ms): 218.1, 99.9th(ms): 302.0, Max(ms): 503.3
[Summary] ORDER_STATUS - Takes(s): 600.0, Count: 16482, TPM: 1648.3, Sum(ms): 751824.2, Avg(ms): 45.6, 50th(ms): 44.0, 90th(ms): 71.3, 95th(ms): 83.9, 99th(ms): 104.9, 99.9th(ms): 151.0, Max(ms): 251.7
[Summary] PAYMENT - Takes(s): 600.0, Count: 176974, TPM: 17697.6, Sum(ms): 12045435.1, Avg(ms): 68.1, 50th(ms): 62.9, 90th(ms): 104.9, 95th(ms): 125.8, 99th(ms): 176.2, 99.9th(ms): 243.3, Max(ms): 536.9
[Summary] STOCK_LEVEL - Takes(s): 600.0, Count: 16505, TPM: 1650.5, Sum(ms): 910237.8, Avg(ms): 55.2, 50th(ms): 50.3, 90th(ms): 83.9, 95th(ms): 100.7, 99th(ms): 159.4, 99.9th(ms): 251.7, Max(ms): 402.7
tpmC: 18456.1, tpmTotal: 41083.1, efficiency: 1121.2%
