2026/04/27 12:46:12 maxprocs: Leaving GOMAXPROCS=4: CPU quota undefined
[Current] DELIVERY - Takes(s): 9.8, Count: 205, TPM: 1249.0, Sum(ms): 20171.5, Avg(ms): 98.4, 50th(ms): 100.7, 90th(ms): 113.2, 95th(ms): 121.6, 99th(ms): 130.0, 99.9th(ms): 134.2, Max(ms): 134.2
[Current] NEW_ORDER - Takes(s): 9.9, Count: 2199, TPM: 13288.8, Sum(ms): 81604.2, Avg(ms): 37.1, 50th(ms): 37.7, 90th(ms): 46.1, 95th(ms): 50.3, 99th(ms): 58.7, 99.9th(ms): 71.3, Max(ms): 75.5
[Current] ORDER_STATUS - Takes(s): 9.8, Count: 199, TPM: 1212.6, Sum(ms): 3395.6, Avg(ms): 17.0, 50th(ms): 16.3, 90th(ms): 23.1, 95th(ms): 25.2, 99th(ms): 54.5, 99.9th(ms): 60.8, Max(ms): 60.8
[Current] PAYMENT - Takes(s): 9.9, Count: 2114, TPM: 12762.2, Sum(ms): 43939.8, Avg(ms): 20.8, 50th(ms): 21.0, 90th(ms): 26.2, 95th(ms): 28.3, 99th(ms): 37.7, 99.9th(ms): 48.2, Max(ms): 52.4
[Current] STOCK_LEVEL - Takes(s): 9.9, Count: 197, TPM: 1192.1, Sum(ms): 6645.3, Avg(ms): 33.7, 50th(ms): 30.4, 90th(ms): 52.4, 95th(ms): 65.0, 99th(ms): 79.7, 99.9th(ms): 88.1, Max(ms): 88.1
[Current] DELIVERY - Takes(s): 9.9, Count: 191, TPM: 1154.7, Sum(ms): 18259.9, Avg(ms): 95.6, 50th(ms): 96.5, 90th(ms): 109.1, 95th(ms): 113.2, 99th(ms): 130.0, 99.9th(ms): 142.6, Max(ms): 142.6
[Current] NEW_ORDER - Takes(s): 10.0, Count: 2371, TPM: 14240.5, Sum(ms): 83757.3, Avg(ms): 35.4, 50th(ms): 35.7, 90th(ms): 44.0, 95th(ms): 46.1, 99th(ms): 52.4, 99.9th(ms): 67.1, Max(ms): 71.3
[Current] ORDER_STATUS - Takes(s): 10.0, Count: 224, TPM: 1345.3, Sum(ms): 3509.0, Avg(ms): 15.7, 50th(ms): 15.2, 90th(ms): 23.1, 95th(ms): 25.2, 99th(ms): 39.8, 99.9th(ms): 52.4, Max(ms): 52.4
[Current] PAYMENT - Takes(s): 10.0, Count: 2179, TPM: 13079.9, Sum(ms): 44001.4, Avg(ms): 20.2, 50th(ms): 19.9, 90th(ms): 25.2, 95th(ms): 26.2, 99th(ms): 35.7, 99.9th(ms): 48.2, Max(ms): 56.6
[Current] STOCK_LEVEL - Takes(s): 9.8, Count: 203, TPM: 1244.1, Sum(ms): 6750.8, Avg(ms): 33.3, 50th(ms): 30.4, 90th(ms): 54.5, 95th(ms): 60.8, 99th(ms): 83.9, 99.9th(ms): 88.1, Max(ms): 88.1
[Current] DELIVERY - Takes(s): 9.9, Count: 192, TPM: 1162.6, Sum(ms): 18750.3, Avg(ms): 97.8, 50th(ms): 100.7, 90th(ms): 113.2, 95th(ms): 121.6, 99th(ms): 130.0, 99.9th(ms): 176.2, Max(ms): 176.2
[Current] NEW_ORDER - Takes(s): 10.0, Count: 2342, TPM: 14054.0, Sum(ms): 83201.6, Avg(ms): 35.5, 50th(ms): 35.7, 90th(ms): 44.0, 95th(ms): 46.1, 99th(ms): 54.5, 99.9th(ms): 71.3, Max(ms): 71.3
[Current] ORDER_STATUS - Takes(s): 9.9, Count: 189, TPM: 1140.2, Sum(ms): 3024.8, Avg(ms): 16.0, 50th(ms): 14.7, 90th(ms): 23.1, 95th(ms): 27.3, 99th(ms): 46.1, 99.9th(ms): 52.4, Max(ms): 52.4
[Current] PAYMENT - Takes(s): 10.0, Count: 2199, TPM: 13195.9, Sum(ms): 45110.4, Avg(ms): 20.5, 50th(ms): 21.0, 90th(ms): 25.2, 95th(ms): 27.3, 99th(ms): 37.7, 99.9th(ms): 50.3, Max(ms): 60.8
[Current] STOCK_LEVEL - Takes(s): 10.0, Count: 197, TPM: 1182.3, Sum(ms): 6357.3, Avg(ms): 32.2, 50th(ms): 28.3, 90th(ms): 54.5, 95th(ms): 62.9, 99th(ms): 79.7, 99.9th(ms): 100.7, Max(ms): 100.7
[Current] DELIVERY - Takes(s): 10.0, Count: 211, TPM: 1266.8, Sum(ms): 20275.4, Avg(ms): 96.0, 50th(ms): 96.5, 90th(ms): 113.2, 95th(ms): 117.4, 99th(ms): 134.2, 99.9th(ms): 151.0, Max(ms): 151.0
[Current] NEW_ORDER - Takes(s): 10.0, Count: 2289, TPM: 13739.2, Sum(ms): 80973.4, Avg(ms): 35.4, 50th(ms): 35.7, 90th(ms): 44.0, 95th(ms): 46.1, 99th(ms): 54.5, 99.9th(ms): 71.3, Max(ms): 83.9
[Current] ORDER_STATUS - Takes(s): 10.0, Count: 213, TPM: 1280.9, Sum(ms): 3333.8, Avg(ms): 15.7, 50th(ms): 14.2, 90th(ms): 23.1, 95th(ms): 30.4, 99th(ms): 44.0, 99.9th(ms): 48.2, Max(ms): 48.2
[Current] PAYMENT - Takes(s): 10.0, Count: 2266, TPM: 13598.7, Sum(ms): 45960.5, Avg(ms): 20.3, 50th(ms): 19.9, 90th(ms): 25.2, 95th(ms): 27.3, 99th(ms): 35.7, 99.9th(ms): 48.2, Max(ms): 50.3
[Current] STOCK_LEVEL - Takes(s): 10.0, Count: 190, TPM: 1140.2, Sum(ms): 5928.7, Avg(ms): 31.2, 50th(ms): 29.4, 90th(ms): 48.2, 95th(ms): 56.6, 99th(ms): 79.7, 99.9th(ms): 92.3, Max(ms): 92.3
[Current] DELIVERY - Takes(s): 10.0, Count: 193, TPM: 1159.5, Sum(ms): 19671.7, Avg(ms): 102.1, 50th(ms): 100.7, 90th(ms): 117.4, 95th(ms): 125.8, 99th(ms): 134.2, 99.9th(ms): 201.3, Max(ms): 201.3
[Current] NEW_ORDER - Takes(s): 10.0, Count: 2257, TPM: 13546.9, Sum(ms): 81827.9, Avg(ms): 36.3, 50th(ms): 37.7, 90th(ms): 46.1, 95th(ms): 48.2, 99th(ms): 54.5, 99.9th(ms): 75.5, Max(ms): 79.7
[Current] ORDER_STATUS - Takes(s): 9.9, Count: 203, TPM: 1230.8, Sum(ms): 3401.2, Avg(ms): 16.7, 50th(ms): 15.7, 90th(ms): 25.2, 95th(ms): 30.4, 99th(ms): 44.0, 99.9th(ms): 71.3, Max(ms): 71.3
[Current] PAYMENT - Takes(s): 10.0, Count: 2134, TPM: 12813.1, Sum(ms): 44627.0, Avg(ms): 20.9, 50th(ms): 21.0, 90th(ms): 26.2, 95th(ms): 28.3, 99th(ms): 37.7, 99.9th(ms): 54.5, Max(ms): 67.1
[Current] STOCK_LEVEL - Takes(s): 9.9, Count: 208, TPM: 1263.6, Sum(ms): 7161.7, Avg(ms): 34.4, 50th(ms): 30.4, 90th(ms): 58.7, 95th(ms): 75.5, 99th(ms): 92.3, 99.9th(ms): 96.5, Max(ms): 96.5
[Current] DELIVERY - Takes(s): 9.9, Count: 192, TPM: 1160.7, Sum(ms): 19542.0, Avg(ms): 101.8, 50th(ms): 100.7, 90th(ms): 117.4, 95th(ms): 125.8, 99th(ms): 134.2, 99.9th(ms): 192.9, Max(ms): 192.9
[Current] NEW_ORDER - Takes(s): 10.0, Count: 2272, TPM: 13632.4, Sum(ms): 84262.9, Avg(ms): 37.1, 50th(ms): 37.7, 90th(ms): 46.1, 95th(ms): 50.3, 99th(ms): 56.6, 99.9th(ms): 67.1, Max(ms): 75.5
[Current] ORDER_STATUS - Takes(s): 10.0, Count: 190, TPM: 1141.1, Sum(ms): 3219.2, Avg(ms): 17.0, 50th(ms): 16.3, 90th(ms): 24.1, 95th(ms): 28.3, 99th(ms): 41.9, 99.9th(ms): 56.6, Max(ms): 56.6
[Current] PAYMENT - Takes(s): 10.0, Count: 2045, TPM: 12270.4, Sum(ms): 43221.9, Avg(ms): 21.1, 50th(ms): 21.0, 90th(ms): 27.3, 95th(ms): 29.4, 99th(ms): 37.7, 99.9th(ms): 50.3, Max(ms): 54.5
[Current] STOCK_LEVEL - Takes(s): 9.8, Count: 179, TPM: 1095.5, Sum(ms): 6304.0, Avg(ms): 35.2, 50th(ms): 31.5, 90th(ms): 58.7, 95th(ms): 71.3, 99th(ms): 88.1, 99.9th(ms): 134.2, Max(ms): 134.2
[Current] DELIVERY - Takes(s): 10.0, Count: 206, TPM: 1240.1, Sum(ms): 20231.6, Avg(ms): 98.2, 50th(ms): 100.7, 90th(ms): 113.2, 95th(ms): 121.6, 99th(ms): 142.6, 99.9th(ms): 159.4, Max(ms): 159.4
[Current] NEW_ORDER - Takes(s): 10.0, Count: 2230, TPM: 13385.5, Sum(ms): 82450.4, Avg(ms): 37.0, 50th(ms): 37.7, 90th(ms): 46.1, 95th(ms): 50.3, 99th(ms): 56.6, 99.9th(ms): 71.3, Max(ms): 88.1
[Current] ORDER_STATUS - Takes(s): 9.9, Count: 180, TPM: 1092.8, Sum(ms): 2937.8, Avg(ms): 16.3, 50th(ms): 15.2, 90th(ms): 23.1, 95th(ms): 30.4, 99th(ms): 37.7, 99.9th(ms): 75.5, Max(ms): 75.5
[Current] PAYMENT - Takes(s): 10.0, Count: 2067, TPM: 12402.6, Sum(ms): 44276.2, Avg(ms): 21.4, 50th(ms): 21.0, 90th(ms): 27.3, 95th(ms): 30.4, 99th(ms): 37.7, 99.9th(ms): 50.3, Max(ms): 62.9
[Current] STOCK_LEVEL - Takes(s): 10.0, Count: 186, TPM: 1117.4, Sum(ms): 6916.1, Avg(ms): 37.2, 50th(ms): 31.5, 90th(ms): 67.1, 95th(ms): 75.5, 99th(ms): 109.1, 99.9th(ms): 109.1, Max(ms): 109.1
[Current] DELIVERY - Takes(s): 9.9, Count: 199, TPM: 1202.5, Sum(ms): 19728.4, Avg(ms): 99.2, 50th(ms): 100.7, 90th(ms): 117.4, 95th(ms): 121.6, 99th(ms): 130.0, 99.9th(ms): 134.2, Max(ms): 134.2
[Current] NEW_ORDER - Takes(s): 10.0, Count: 2210, TPM: 13264.9, Sum(ms): 81206.3, Avg(ms): 36.8, 50th(ms): 37.7, 90th(ms): 46.1, 95th(ms): 50.3, 99th(ms): 58.7, 99.9th(ms): 79.7, Max(ms): 92.3
[Current] ORDER_STATUS - Takes(s): 10.0, Count: 195, TPM: 1171.3, Sum(ms): 3187.0, Avg(ms): 16.3, 50th(ms): 14.7, 90th(ms): 24.1, 95th(ms): 31.5, 99th(ms): 39.8, 99.9th(ms): 79.7, Max(ms): 79.7
[Current] PAYMENT - Takes(s): 10.0, Count: 2106, TPM: 12636.6, Sum(ms): 44618.9, Avg(ms): 21.2, 50th(ms): 21.0, 90th(ms): 27.3, 95th(ms): 29.4, 99th(ms): 37.7, 99.9th(ms): 48.2, Max(ms): 54.5
[Current] STOCK_LEVEL - Takes(s): 10.0, Count: 209, TPM: 1255.9, Sum(ms): 7822.6, Avg(ms): 37.5, 50th(ms): 33.6, 90th(ms): 58.7, 95th(ms): 79.7, 99th(ms): 113.2, 99.9th(ms): 142.6, Max(ms): 142.6
[Current] DELIVERY - Takes(s): 10.0, Count: 196, TPM: 1177.8, Sum(ms): 19510.8, Avg(ms): 99.5, 50th(ms): 100.7, 90th(ms): 117.4, 95th(ms): 125.8, 99th(ms): 142.6, 99.9th(ms): 167.8, Max(ms): 167.8
[Current] NEW_ORDER - Takes(s): 10.0, Count: 2233, TPM: 13399.8, Sum(ms): 79673.9, Avg(ms): 35.7, 50th(ms): 35.7, 90th(ms): 46.1, 95th(ms): 48.2, 99th(ms): 60.8, 99.9th(ms): 79.7, Max(ms): 130.0
[Current] ORDER_STATUS - Takes(s): 10.0, Count: 192, TPM: 1156.4, Sum(ms): 3369.8, Avg(ms): 17.5, 50th(ms): 16.3, 90th(ms): 25.2, 95th(ms): 35.7, 99th(ms): 48.2, 99.9th(ms): 60.8, Max(ms): 60.8
[Current] PAYMENT - Takes(s): 10.0, Count: 2167, TPM: 13005.1, Sum(ms): 44803.7, Avg(ms): 20.7, 50th(ms): 19.9, 90th(ms): 26.2, 95th(ms): 29.4, 99th(ms): 41.9, 99.9th(ms): 65.0, Max(ms): 109.1
[Current] STOCK_LEVEL - Takes(s): 10.0, Count: 197, TPM: 1186.6, Sum(ms): 9361.3, Avg(ms): 47.5, 50th(ms): 30.4, 90th(ms): 88.1, 95th(ms): 192.9, 99th(ms): 335.5, 99.9th(ms): 352.3, Max(ms): 352.3
[Current] DELIVERY - Takes(s): 10.0, Count: 211, TPM: 1267.8, Sum(ms): 20986.9, Avg(ms): 99.5, 50th(ms): 100.7, 90th(ms): 117.4, 95th(ms): 121.6, 99th(ms): 130.0, 99.9th(ms): 159.4, Max(ms): 159.4
[Current] NEW_ORDER - Takes(s): 10.0, Count: 2242, TPM: 13452.6, Sum(ms): 79477.3, Avg(ms): 35.5, 50th(ms): 35.7, 90th(ms): 44.0, 95th(ms): 46.1, 99th(ms): 54.5, 99.9th(ms): 88.1, Max(ms): 88.1
[Current] ORDER_STATUS - Takes(s): 9.7, Count: 205, TPM: 1268.8, Sum(ms): 3586.7, Avg(ms): 17.5, 50th(ms): 15.7, 90th(ms): 25.2, 95th(ms): 35.7, 99th(ms): 52.4, 99.9th(ms): 60.8, Max(ms): 60.8
[Current] PAYMENT - Takes(s): 10.0, Count: 2172, TPM: 13033.0, Sum(ms): 44657.0, Avg(ms): 20.6, 50th(ms): 21.0, 90th(ms): 25.2, 95th(ms): 27.3, 99th(ms): 37.7, 99.9th(ms): 52.4, Max(ms): 56.6
[Current] STOCK_LEVEL - Takes(s): 10.0, Count: 196, TPM: 1177.6, Sum(ms): 8065.7, Avg(ms): 41.2, 50th(ms): 33.6, 90th(ms): 75.5, 95th(ms): 96.5, 99th(ms): 151.0, 99.9th(ms): 226.5, Max(ms): 226.5
[Current] DELIVERY - Takes(s): 9.9, Count: 176, TPM: 1062.2, Sum(ms): 19355.2, Avg(ms): 110.0, 50th(ms): 109.1, 90th(ms): 130.0, 95th(ms): 134.2, 99th(ms): 142.6, 99.9th(ms): 151.0, Max(ms): 151.0
[Current] NEW_ORDER - Takes(s): 10.0, Count: 2119, TPM: 12714.9, Sum(ms): 81531.2, Avg(ms): 38.5, 50th(ms): 39.8, 90th(ms): 48.2, 95th(ms): 50.3, 99th(ms): 58.7, 99.9th(ms): 75.5, Max(ms): 83.9
[Current] ORDER_STATUS - Takes(s): 9.9, Count: 207, TPM: 1253.9, Sum(ms): 3940.4, Avg(ms): 19.0, 50th(ms): 17.8, 90th(ms): 27.3, 95th(ms): 44.0, 99th(ms): 52.4, 99.9th(ms): 67.1, Max(ms): 67.1
[Current] PAYMENT - Takes(s): 10.0, Count: 2043, TPM: 12258.5, Sum(ms): 45834.7, Avg(ms): 22.4, 50th(ms): 22.0, 90th(ms): 28.3, 95th(ms): 30.4, 99th(ms): 41.9, 99.9th(ms): 65.0, Max(ms): 75.5
[Current] STOCK_LEVEL - Takes(s): 9.9, Count: 159, TPM: 967.2, Sum(ms): 5903.5, Avg(ms): 37.2, 50th(ms): 32.5, 90th(ms): 62.9, 95th(ms): 65.0, 99th(ms): 88.1, 99.9th(ms): 96.5, Max(ms): 96.5
[Current] DELIVERY - Takes(s): 10.0, Count: 191, TPM: 1150.6, Sum(ms): 19425.0, Avg(ms): 101.8, 50th(ms): 100.7, 90th(ms): 117.4, 95th(ms): 125.8, 99th(ms): 176.2, 99.9th(ms): 192.9, Max(ms): 192.9
[Current] NEW_ORDER - Takes(s): 10.0, Count: 2162, TPM: 12981.7, Sum(ms): 79660.4, Avg(ms): 36.9, 50th(ms): 37.7, 90th(ms): 46.1, 95th(ms): 50.3, 99th(ms): 60.8, 99.9th(ms): 83.9, Max(ms): 92.3
[Current] ORDER_STATUS - Takes(s): 10.0, Count: 200, TPM: 1202.7, Sum(ms): 3406.2, Avg(ms): 17.1, 50th(ms): 15.7, 90th(ms): 23.1, 95th(ms): 31.5, 99th(ms): 46.1, 99.9th(ms): 58.7, Max(ms): 58.7
[Current] PAYMENT - Takes(s): 10.0, Count: 2126, TPM: 12758.9, Sum(ms): 44030.5, Avg(ms): 20.7, 50th(ms): 21.0, 90th(ms): 26.2, 95th(ms): 28.3, 99th(ms): 37.7, 99.9th(ms): 54.5, Max(ms): 56.6
[Current] STOCK_LEVEL - Takes(s): 10.0, Count: 174, TPM: 1044.5, Sum(ms): 10181.2, Avg(ms): 58.5, 50th(ms): 35.7, 90th(ms): 130.0, 95th(ms): 209.7, 99th(ms): 268.4, 99.9th(ms): 318.8, Max(ms): 318.8
[Current] DELIVERY - Takes(s): 10.0, Count: 219, TPM: 1319.3, Sum(ms): 22180.5, Avg(ms): 101.3, 50th(ms): 100.7, 90th(ms): 117.4, 95th(ms): 125.8, 99th(ms): 142.6, 99.9th(ms): 151.0, Max(ms): 151.0
[Current] NEW_ORDER - Takes(s): 10.0, Count: 2190, TPM: 13140.2, Sum(ms): 79096.8, Avg(ms): 36.1, 50th(ms): 35.7, 90th(ms): 46.1, 95th(ms): 48.2, 99th(ms): 58.7, 99.9th(ms): 71.3, Max(ms): 83.9
[Current] ORDER_STATUS - Takes(s): 10.0, Count: 181, TPM: 1088.9, Sum(ms): 3020.3, Avg(ms): 16.7, 50th(ms): 15.7, 90th(ms): 23.1, 95th(ms): 32.5, 99th(ms): 46.1, 99.9th(ms): 50.3, Max(ms): 50.3
[Current] PAYMENT - Takes(s): 10.0, Count: 2052, TPM: 12312.3, Sum(ms): 42039.3, Avg(ms): 20.5, 50th(ms): 19.9, 90th(ms): 25.2, 95th(ms): 28.3, 99th(ms): 37.7, 99.9th(ms): 48.2, Max(ms): 56.6
[Current] STOCK_LEVEL - Takes(s): 10.0, Count: 199, TPM: 1194.9, Sum(ms): 10692.4, Avg(ms): 53.8, 50th(ms): 41.9, 90th(ms): 100.7, 95th(ms): 134.2, 99th(ms): 234.9, 99.9th(ms): 243.3, Max(ms): 243.3
[Current] DELIVERY - Takes(s): 10.0, Count: 207, TPM: 1244.9, Sum(ms): 19181.2, Avg(ms): 92.6, 50th(ms): 96.5, 90th(ms): 104.9, 95th(ms): 109.1, 99th(ms): 113.2, 99.9th(ms): 117.4, Max(ms): 117.4
[Current] NEW_ORDER - Takes(s): 10.0, Count: 2313, TPM: 13878.8, Sum(ms): 80336.7, Avg(ms): 34.8, 50th(ms): 35.7, 90th(ms): 44.0, 95th(ms): 46.1, 99th(ms): 52.4, 99.9th(ms): 65.0, Max(ms): 83.9
[Current] ORDER_STATUS - Takes(s): 9.9, Count: 210, TPM: 1267.9, Sum(ms): 3237.3, Avg(ms): 15.4, 50th(ms): 14.7, 90th(ms): 22.0, 95th(ms): 27.3, 99th(ms): 44.0, 99.9th(ms): 50.3, Max(ms): 50.3
[Current] PAYMENT - Takes(s): 10.0, Count: 2283, TPM: 13706.0, Sum(ms): 45515.2, Avg(ms): 19.9, 50th(ms): 19.9, 90th(ms): 24.1, 95th(ms): 26.2, 99th(ms): 37.7, 99.9th(ms): 52.4, Max(ms): 58.7
[Current] STOCK_LEVEL - Takes(s): 10.0, Count: 195, TPM: 1172.4, Sum(ms): 8226.2, Avg(ms): 42.2, 50th(ms): 32.5, 90th(ms): 75.5, 95th(ms): 92.3, 99th(ms): 142.6, 99.9th(ms): 159.4, Max(ms): 159.4
[Current] DELIVERY - Takes(s): 10.0, Count: 198, TPM: 1191.8, Sum(ms): 19086.2, Avg(ms): 96.5, 50th(ms): 96.5, 90th(ms): 117.4, 95th(ms): 125.8, 99th(ms): 134.2, 99.9th(ms): 151.0, Max(ms): 151.0
[Current] NEW_ORDER - Takes(s): 10.0, Count: 2259, TPM: 13555.4, Sum(ms): 80623.1, Avg(ms): 35.7, 50th(ms): 35.7, 90th(ms): 46.1, 95th(ms): 48.2, 99th(ms): 60.8, 99.9th(ms): 75.5, Max(ms): 79.7
[Current] ORDER_STATUS - Takes(s): 9.9, Count: 198, TPM: 1194.6, Sum(ms): 3316.8, Avg(ms): 16.7, 50th(ms): 15.2, 90th(ms): 23.1, 95th(ms): 37.7, 99th(ms): 46.1, 99.9th(ms): 46.1, Max(ms): 46.1
[Current] PAYMENT - Takes(s): 10.0, Count: 2227, TPM: 13367.9, Sum(ms): 44265.1, Avg(ms): 19.9, 50th(ms): 19.9, 90th(ms): 25.2, 95th(ms): 27.3, 99th(ms): 35.7, 99.9th(ms): 54.5, Max(ms): 71.3
[Current] STOCK_LEVEL - Takes(s): 10.0, Count: 191, TPM: 1147.1, Sum(ms): 9436.0, Avg(ms): 49.4, 50th(ms): 39.8, 90th(ms): 79.7, 95th(ms): 109.1, 99th(ms): 251.7, 99.9th(ms): 260.0, Max(ms): 260.0
[Current] DELIVERY - Takes(s): 9.9, Count: 187, TPM: 1129.1, Sum(ms): 18437.4, Avg(ms): 98.8, 50th(ms): 100.7, 90th(ms): 113.2, 95th(ms): 117.4, 99th(ms): 134.2, 99.9th(ms): 151.0, Max(ms): 151.0
[Current] NEW_ORDER - Takes(s): 10.0, Count: 2309, TPM: 13858.8, Sum(ms): 82189.3, Avg(ms): 35.6, 50th(ms): 35.7, 90th(ms): 44.0, 95th(ms): 48.2, 99th(ms): 56.6, 99.9th(ms): 71.3, Max(ms): 88.1
[Current] ORDER_STATUS - Takes(s): 9.9, Count: 178, TPM: 1080.2, Sum(ms): 2830.5, Avg(ms): 15.9, 50th(ms): 14.7, 90th(ms): 22.0, 95th(ms): 26.2, 99th(ms): 44.0, 99.9th(ms): 67.1, Max(ms): 67.1
[Current] PAYMENT - Takes(s): 10.0, Count: 2164, TPM: 13000.5, Sum(ms): 43211.8, Avg(ms): 20.0, 50th(ms): 19.9, 90th(ms): 25.2, 95th(ms): 26.2, 99th(ms): 35.7, 99.9th(ms): 48.2, Max(ms): 58.7
[Current] STOCK_LEVEL - Takes(s): 10.0, Count: 196, TPM: 1179.6, Sum(ms): 10125.4, Avg(ms): 51.7, 50th(ms): 44.0, 90th(ms): 83.9, 95th(ms): 113.2, 99th(ms): 184.5, 99.9th(ms): 201.3, Max(ms): 201.3
[Current] DELIVERY - Takes(s): 10.0, Count: 178, TPM: 1072.8, Sum(ms): 17195.6, Avg(ms): 96.6, 50th(ms): 96.5, 90th(ms): 113.2, 95th(ms): 117.4, 99th(ms): 130.0, 99.9th(ms): 176.2, Max(ms): 176.2
[Current] NEW_ORDER - Takes(s): 10.0, Count: 2278, TPM: 13675.5, Sum(ms): 82430.2, Avg(ms): 36.2, 50th(ms): 37.7, 90th(ms): 46.1, 95th(ms): 48.2, 99th(ms): 56.6, 99.9th(ms): 83.9, Max(ms): 88.1
[Current] ORDER_STATUS - Takes(s): 10.0, Count: 213, TPM: 1279.3, Sum(ms): 3505.6, Avg(ms): 16.5, 50th(ms): 15.7, 90th(ms): 23.1, 95th(ms): 29.4, 99th(ms): 39.8, 99.9th(ms): 50.3, Max(ms): 50.3
[Current] PAYMENT - Takes(s): 10.0, Count: 2117, TPM: 12705.2, Sum(ms): 43609.0, Avg(ms): 20.6, 50th(ms): 21.0, 90th(ms): 25.2, 95th(ms): 27.3, 99th(ms): 35.7, 99.9th(ms): 54.5, Max(ms): 62.9
[Current] STOCK_LEVEL - Takes(s): 10.0, Count: 221, TPM: 1330.2, Sum(ms): 9677.9, Avg(ms): 43.8, 50th(ms): 37.7, 90th(ms): 71.3, 95th(ms): 88.1, 99th(ms): 125.8, 99.9th(ms): 151.0, Max(ms): 151.0
[Current] DELIVERY - Takes(s): 10.0, Count: 214, TPM: 1286.5, Sum(ms): 20209.5, Avg(ms): 94.5, 50th(ms): 96.5, 90th(ms): 109.1, 95th(ms): 117.4, 99th(ms): 130.0, 99.9th(ms): 176.2, Max(ms): 176.2
[Current] NEW_ORDER - Takes(s): 10.0, Count: 2250, TPM: 13505.8, Sum(ms): 80611.3, Avg(ms): 35.8, 50th(ms): 35.7, 90th(ms): 44.0, 95th(ms): 48.2, 99th(ms): 54.5, 99.9th(ms): 67.1, Max(ms): 79.7
[Current] ORDER_STATUS - Takes(s): 10.0, Count: 205, TPM: 1232.6, Sum(ms): 3580.1, Avg(ms): 17.5, 50th(ms): 16.3, 90th(ms): 24.1, 95th(ms): 35.7, 99th(ms): 39.8, 99.9th(ms): 62.9, Max(ms): 62.9
[Current] PAYMENT - Takes(s): 10.0, Count: 2111, TPM: 12671.4, Sum(ms): 43332.8, Avg(ms): 20.5, 50th(ms): 19.9, 90th(ms): 25.2, 95th(ms): 27.3, 99th(ms): 37.7, 99.9th(ms): 54.5, Max(ms): 58.7
[Current] STOCK_LEVEL - Takes(s): 10.0, Count: 192, TPM: 1153.0, Sum(ms): 8820.3, Avg(ms): 46.0, 50th(ms): 39.8, 90th(ms): 83.9, 95th(ms): 92.3, 99th(ms): 117.4, 99.9th(ms): 159.4, Max(ms): 159.4
[Current] DELIVERY - Takes(s): 9.9, Count: 207, TPM: 1249.3, Sum(ms): 19069.5, Avg(ms): 92.1, 50th(ms): 92.3, 90th(ms): 104.9, 95th(ms): 113.2, 99th(ms): 142.6, 99.9th(ms): 167.8, Max(ms): 167.8
[Current] NEW_ORDER - Takes(s): 10.0, Count: 2191, TPM: 13150.8, Sum(ms): 80303.9, Avg(ms): 36.7, 50th(ms): 37.7, 90th(ms): 46.1, 95th(ms): 48.2, 99th(ms): 54.5, 99.9th(ms): 67.1, Max(ms): 130.0
[Current] ORDER_STATUS - Takes(s): 10.0, Count: 201, TPM: 1211.7, Sum(ms): 3259.1, Avg(ms): 16.2, 50th(ms): 14.7, 90th(ms): 25.2, 95th(ms): 31.5, 99th(ms): 41.9, 99.9th(ms): 46.1, Max(ms): 46.1
[Current] PAYMENT - Takes(s): 10.0, Count: 2057, TPM: 12345.2, Sum(ms): 42414.6, Avg(ms): 20.6, 50th(ms): 21.0, 90th(ms): 25.2, 95th(ms): 27.3, 99th(ms): 35.7, 99.9th(ms): 56.6, Max(ms): 65.0
[Current] STOCK_LEVEL - Takes(s): 9.9, Count: 199, TPM: 1203.4, Sum(ms): 11451.6, Avg(ms): 57.6, 50th(ms): 54.5, 90th(ms): 92.3, 95th(ms): 104.9, 99th(ms): 151.0, 99.9th(ms): 184.5, Max(ms): 184.5
[Current] DELIVERY - Takes(s): 10.0, Count: 180, TPM: 1085.4, Sum(ms): 16251.3, Avg(ms): 90.3, 50th(ms): 92.3, 90th(ms): 100.7, 95th(ms): 109.1, 99th(ms): 117.4, 99.9th(ms): 125.8, Max(ms): 125.8
[Current] NEW_ORDER - Takes(s): 10.0, Count: 2323, TPM: 13947.4, Sum(ms): 83260.9, Avg(ms): 35.9, 50th(ms): 35.7, 90th(ms): 44.0, 95th(ms): 48.2, 99th(ms): 54.5, 99.9th(ms): 65.0, Max(ms): 71.3
[Current] ORDER_STATUS - Takes(s): 9.9, Count: 218, TPM: 1327.1, Sum(ms): 3511.5, Avg(ms): 16.1, 50th(ms): 15.2, 90th(ms): 24.1, 95th(ms): 28.3, 99th(ms): 37.7, 99.9th(ms): 37.7, Max(ms): 37.7
[Current] PAYMENT - Takes(s): 10.0, Count: 2182, TPM: 13100.9, Sum(ms): 44679.3, Avg(ms): 20.5, 50th(ms): 21.0, 90th(ms): 25.2, 95th(ms): 27.3, 99th(ms): 35.7, 99.9th(ms): 50.3, Max(ms): 65.0
[Current] STOCK_LEVEL - Takes(s): 10.0, Count: 205, TPM: 1230.1, Sum(ms): 9040.4, Avg(ms): 44.1, 50th(ms): 37.7, 90th(ms): 79.7, 95th(ms): 92.3, 99th(ms): 109.1, 99.9th(ms): 121.6, Max(ms): 121.6
[Current] DELIVERY - Takes(s): 9.9, Count: 197, TPM: 1191.2, Sum(ms): 18185.6, Avg(ms): 92.3, 50th(ms): 92.3, 90th(ms): 109.1, 95th(ms): 113.2, 99th(ms): 117.4, 99.9th(ms): 125.8, Max(ms): 125.8
[Current] NEW_ORDER - Takes(s): 10.0, Count: 2328, TPM: 13968.4, Sum(ms): 82252.8, Avg(ms): 35.4, 50th(ms): 35.7, 90th(ms): 44.0, 95th(ms): 46.1, 99th(ms): 54.5, 99.9th(ms): 71.3, Max(ms): 75.5
[Current] ORDER_STATUS - Takes(s): 10.0, Count: 207, TPM: 1244.4, Sum(ms): 3432.9, Avg(ms): 16.6, 50th(ms): 15.2, 90th(ms): 23.1, 95th(ms): 32.5, 99th(ms): 52.4, 99.9th(ms): 71.3, Max(ms): 71.3
[Current] PAYMENT - Takes(s): 10.0, Count: 2212, TPM: 13281.8, Sum(ms): 45475.0, Avg(ms): 20.6, 50th(ms): 21.0, 90th(ms): 25.2, 95th(ms): 27.3, 99th(ms): 37.7, 99.9th(ms): 56.6, Max(ms): 58.7
[Current] STOCK_LEVEL - Takes(s): 10.0, Count: 211, TPM: 1269.9, Sum(ms): 6986.8, Avg(ms): 33.1, 50th(ms): 30.4, 90th(ms): 54.5, 95th(ms): 62.9, 99th(ms): 79.7, 99.9th(ms): 83.9, Max(ms): 83.9
[Current] DELIVERY - Takes(s): 10.0, Count: 211, TPM: 1268.1, Sum(ms): 19828.3, Avg(ms): 94.0, 50th(ms): 92.3, 90th(ms): 109.1, 95th(ms): 113.2, 99th(ms): 151.0, 99.9th(ms): 192.9, Max(ms): 192.9
[Current] NEW_ORDER - Takes(s): 10.0, Count: 2342, TPM: 14058.1, Sum(ms): 81990.3, Avg(ms): 35.0, 50th(ms): 35.7, 90th(ms): 44.0, 95th(ms): 46.1, 99th(ms): 52.4, 99.9th(ms): 65.0, Max(ms): 71.3
[Current] ORDER_STATUS - Takes(s): 10.0, Count: 214, TPM: 1284.6, Sum(ms): 3480.9, Avg(ms): 16.3, 50th(ms): 15.2, 90th(ms): 22.0, 95th(ms): 27.3, 99th(ms): 46.1, 99.9th(ms): 50.3, Max(ms): 50.3
[Current] PAYMENT - Takes(s): 10.0, Count: 2171, TPM: 13031.1, Sum(ms): 44698.0, Avg(ms): 20.6, 50th(ms): 19.9, 90th(ms): 25.2, 95th(ms): 27.3, 99th(ms): 37.7, 99.9th(ms): 56.6, Max(ms): 62.9
[Current] STOCK_LEVEL - Takes(s): 9.9, Count: 201, TPM: 1217.2, Sum(ms): 6402.4, Avg(ms): 31.8, 50th(ms): 29.4, 90th(ms): 46.1, 95th(ms): 58.7, 99th(ms): 75.5, 99.9th(ms): 79.7, Max(ms): 79.7
[Current] DELIVERY - Takes(s): 10.0, Count: 209, TPM: 1258.7, Sum(ms): 21960.3, Avg(ms): 105.0, 50th(ms): 104.9, 90th(ms): 125.8, 95th(ms): 130.0, 99th(ms): 151.0, 99.9th(ms): 167.8, Max(ms): 167.8
[Current] NEW_ORDER - Takes(s): 10.0, Count: 2141, TPM: 12846.1, Sum(ms): 79272.1, Avg(ms): 37.1, 50th(ms): 37.7, 90th(ms): 48.2, 95th(ms): 50.3, 99th(ms): 58.7, 99.9th(ms): 67.1, Max(ms): 75.5
[Current] ORDER_STATUS - Takes(s): 10.0, Count: 184, TPM: 1107.6, Sum(ms): 3395.4, Avg(ms): 18.5, 50th(ms): 16.8, 90th(ms): 30.4, 95th(ms): 35.7, 99th(ms): 41.9, 99.9th(ms): 46.1, Max(ms): 46.1
[Current] PAYMENT - Takes(s): 10.0, Count: 2073, TPM: 12438.3, Sum(ms): 44986.7, Avg(ms): 21.7, 50th(ms): 22.0, 90th(ms): 27.3, 95th(ms): 30.4, 99th(ms): 41.9, 99.9th(ms): 56.6, Max(ms): 65.0
[Current] STOCK_LEVEL - Takes(s): 10.0, Count: 195, TPM: 1171.4, Sum(ms): 6788.4, Avg(ms): 34.8, 50th(ms): 32.5, 90th(ms): 54.5, 95th(ms): 65.0, 99th(ms): 88.1, 99.9th(ms): 100.7, Max(ms): 100.7
[Current] DELIVERY - Takes(s): 10.0, Count: 219, TPM: 1315.8, Sum(ms): 22889.4, Avg(ms): 104.6, 50th(ms): 104.9, 90th(ms): 117.4, 95th(ms): 121.6, 99th(ms): 167.8, 99.9th(ms): 176.2, Max(ms): 176.2
[Current] NEW_ORDER - Takes(s): 10.0, Count: 2169, TPM: 13014.8, Sum(ms): 79919.4, Avg(ms): 36.9, 50th(ms): 37.7, 90th(ms): 46.1, 95th(ms): 50.3, 99th(ms): 56.6, 99.9th(ms): 71.3, Max(ms): 79.7
[Current] ORDER_STATUS - Takes(s): 9.9, Count: 186, TPM: 1131.0, Sum(ms): 3446.2, Avg(ms): 18.5, 50th(ms): 16.3, 90th(ms): 32.5, 95th(ms): 37.7, 99th(ms): 44.0, 99.9th(ms): 65.0, Max(ms): 65.0
[Current] PAYMENT - Takes(s): 10.0, Count: 2040, TPM: 12261.0, Sum(ms): 43533.4, Avg(ms): 21.3, 50th(ms): 21.0, 90th(ms): 26.2, 95th(ms): 28.3, 99th(ms): 39.8, 99.9th(ms): 54.5, Max(ms): 65.0
[Current] STOCK_LEVEL - Takes(s): 10.0, Count: 208, TPM: 1248.8, Sum(ms): 6841.6, Avg(ms): 33.0, 50th(ms): 30.4, 90th(ms): 48.2, 95th(ms): 54.5, 99th(ms): 79.7, 99.9th(ms): 130.0, Max(ms): 130.0
[Current] DELIVERY - Takes(s): 10.0, Count: 194, TPM: 1166.2, Sum(ms): 19400.9, Avg(ms): 100.1, 50th(ms): 100.7, 90th(ms): 113.2, 95th(ms): 117.4, 99th(ms): 121.6, 99.9th(ms): 130.0, Max(ms): 130.0
[Current] NEW_ORDER - Takes(s): 10.0, Count: 2224, TPM: 13347.1, Sum(ms): 80670.7, Avg(ms): 36.3, 50th(ms): 37.7, 90th(ms): 46.1, 95th(ms): 48.2, 99th(ms): 54.5, 99.9th(ms): 75.5, Max(ms): 75.5
[Current] ORDER_STATUS - Takes(s): 10.0, Count: 214, TPM: 1284.2, Sum(ms): 3760.8, Avg(ms): 17.6, 50th(ms): 15.7, 90th(ms): 27.3, 95th(ms): 33.6, 99th(ms): 50.3, 99.9th(ms): 54.5, Max(ms): 54.5
[Current] PAYMENT - Takes(s): 10.0, Count: 2160, TPM: 12961.0, Sum(ms): 45084.9, Avg(ms): 20.9, 50th(ms): 21.0, 90th(ms): 26.2, 95th(ms): 28.3, 99th(ms): 35.7, 99.9th(ms): 46.1, Max(ms): 52.4
[Current] STOCK_LEVEL - Takes(s): 10.0, Count: 210, TPM: 1266.2, Sum(ms): 7743.8, Avg(ms): 36.8, 50th(ms): 29.4, 90th(ms): 54.5, 95th(ms): 75.5, 99th(ms): 176.2, 99.9th(ms): 192.9, Max(ms): 192.9
[Current] DELIVERY - Takes(s): 9.9, Count: 187, TPM: 1131.1, Sum(ms): 17654.5, Avg(ms): 94.3, 50th(ms): 96.5, 90th(ms): 109.1, 95th(ms): 113.2, 99th(ms): 125.8, 99.9th(ms): 184.5, Max(ms): 184.5
[Current] NEW_ORDER - Takes(s): 10.0, Count: 2331, TPM: 13986.9, Sum(ms): 81729.6, Avg(ms): 35.1, 50th(ms): 35.7, 90th(ms): 44.0, 95th(ms): 46.1, 99th(ms): 54.5, 99.9th(ms): 71.3, Max(ms): 79.7
[Current] ORDER_STATUS - Takes(s): 9.9, Count: 233, TPM: 1406.5, Sum(ms): 3891.2, Avg(ms): 16.7, 50th(ms): 15.2, 90th(ms): 26.2, 95th(ms): 31.5, 99th(ms): 44.0, 99.9th(ms): 48.2, Max(ms): 48.2
[Current] PAYMENT - Takes(s): 10.0, Count: 2308, TPM: 13853.0, Sum(ms): 46732.1, Avg(ms): 20.3, 50th(ms): 19.9, 90th(ms): 25.2, 95th(ms): 27.3, 99th(ms): 35.7, 99.9th(ms): 50.3, Max(ms): 65.0
[Current] STOCK_LEVEL - Takes(s): 10.0, Count: 192, TPM: 1153.0, Sum(ms): 6243.5, Avg(ms): 32.6, 50th(ms): 30.4, 90th(ms): 50.3, 95th(ms): 58.7, 99th(ms): 67.1, 99.9th(ms): 92.3, Max(ms): 92.3
[Current] DELIVERY - Takes(s): 10.0, Count: 235, TPM: 1410.4, Sum(ms): 21933.0, Avg(ms): 93.4, 50th(ms): 92.3, 90th(ms): 109.1, 95th(ms): 113.2, 99th(ms): 130.0, 99.9th(ms): 176.2, Max(ms): 176.2
[Current] NEW_ORDER - Takes(s): 10.0, Count: 2341, TPM: 14048.6, Sum(ms): 80326.6, Avg(ms): 34.3, 50th(ms): 35.7, 90th(ms): 44.0, 95th(ms): 46.1, 99th(ms): 52.4, 99.9th(ms): 71.3, Max(ms): 79.7
[Current] ORDER_STATUS - Takes(s): 10.0, Count: 191, TPM: 1147.3, Sum(ms): 3169.9, Avg(ms): 16.6, 50th(ms): 15.2, 90th(ms): 26.2, 95th(ms): 29.4, 99th(ms): 37.7, 99.9th(ms): 48.2, Max(ms): 48.2
[Current] PAYMENT - Takes(s): 10.0, Count: 2234, TPM: 13403.0, Sum(ms): 44136.8, Avg(ms): 19.8, 50th(ms): 19.9, 90th(ms): 24.1, 95th(ms): 26.2, 99th(ms): 33.6, 99.9th(ms): 41.9, Max(ms): 48.2
[Current] STOCK_LEVEL - Takes(s): 10.0, Count: 215, TPM: 1290.3, Sum(ms): 6863.4, Avg(ms): 32.0, 50th(ms): 30.4, 90th(ms): 48.2, 95th(ms): 52.4, 99th(ms): 67.1, 99.9th(ms): 75.5, Max(ms): 75.5
[Current] DELIVERY - Takes(s): 10.0, Count: 204, TPM: 1225.8, Sum(ms): 18599.3, Avg(ms): 91.3, 50th(ms): 92.3, 90th(ms): 104.9, 95th(ms): 109.1, 99th(ms): 113.2, 99.9th(ms): 130.0, Max(ms): 130.0
[Current] NEW_ORDER - Takes(s): 10.0, Count: 2433, TPM: 14602.5, Sum(ms): 82675.0, Avg(ms): 34.0, 50th(ms): 33.6, 90th(ms): 41.9, 95th(ms): 44.0, 99th(ms): 52.4, 99.9th(ms): 62.9, Max(ms): 65.0
[Current] ORDER_STATUS - Takes(s): 9.9, Count: 192, TPM: 1165.3, Sum(ms): 3210.2, Avg(ms): 16.7, 50th(ms): 15.2, 90th(ms): 26.2, 95th(ms): 32.5, 99th(ms): 46.1, 99.9th(ms): 60.8, Max(ms): 60.8
[Current] PAYMENT - Takes(s): 10.0, Count: 2329, TPM: 13988.8, Sum(ms): 45237.0, Avg(ms): 19.4, 50th(ms): 19.9, 90th(ms): 24.1, 95th(ms): 26.2, 99th(ms): 32.5, 99.9th(ms): 46.1, Max(ms): 56.6
[Current] STOCK_LEVEL - Takes(s): 9.9, Count: 207, TPM: 1248.6, Sum(ms): 6654.8, Avg(ms): 32.1, 50th(ms): 28.3, 90th(ms): 46.1, 95th(ms): 60.8, 99th(ms): 130.0, 99.9th(ms): 167.8, Max(ms): 167.8
[Current] DELIVERY - Takes(s): 9.9, Count: 226, TPM: 1367.3, Sum(ms): 22130.3, Avg(ms): 97.9, 50th(ms): 96.5, 90th(ms): 113.2, 95th(ms): 117.4, 99th(ms): 151.0, 99.9th(ms): 176.2, Max(ms): 176.2
[Current] NEW_ORDER - Takes(s): 10.0, Count: 2309, TPM: 13854.6, Sum(ms): 80113.1, Avg(ms): 34.7, 50th(ms): 35.7, 90th(ms): 44.0, 95th(ms): 46.1, 99th(ms): 52.4, 99.9th(ms): 62.9, Max(ms): 62.9
[Current] ORDER_STATUS - Takes(s): 10.0, Count: 216, TPM: 1296.6, Sum(ms): 3542.7, Avg(ms): 16.4, 50th(ms): 15.7, 90th(ms): 24.1, 95th(ms): 28.3, 99th(ms): 37.7, 99.9th(ms): 46.1, Max(ms): 46.1
[Current] PAYMENT - Takes(s): 10.0, Count: 2150, TPM: 12905.8, Sum(ms): 43637.2, Avg(ms): 20.3, 50th(ms): 19.9, 90th(ms): 25.2, 95th(ms): 27.3, 99th(ms): 37.7, 99.9th(ms): 50.3, Max(ms): 54.5
[Current] STOCK_LEVEL - Takes(s): 10.0, Count: 216, TPM: 1296.4, Sum(ms): 6829.0, Avg(ms): 31.6, 50th(ms): 28.3, 90th(ms): 50.3, 95th(ms): 58.7, 99th(ms): 100.7, 99.9th(ms): 142.6, Max(ms): 142.6
[Current] DELIVERY - Takes(s): 10.0, Count: 219, TPM: 1315.6, Sum(ms): 20086.4, Avg(ms): 91.5, 50th(ms): 92.3, 90th(ms): 104.9, 95th(ms): 109.1, 99th(ms): 151.0, 99.9th(ms): 167.8, Max(ms): 167.8
[Current] NEW_ORDER - Takes(s): 10.0, Count: 2411, TPM: 14467.2, Sum(ms): 82088.0, Avg(ms): 34.1, 50th(ms): 35.7, 90th(ms): 41.9, 95th(ms): 44.0, 99th(ms): 50.3, 99.9th(ms): 67.1, Max(ms): 71.3
[Current] ORDER_STATUS - Takes(s): 10.0, Count: 216, TPM: 1296.2, Sum(ms): 3246.9, Avg(ms): 15.0, 50th(ms): 14.2, 90th(ms): 21.0, 95th(ms): 27.3, 99th(ms): 33.6, 99.9th(ms): 37.7, Max(ms): 37.7
[Current] PAYMENT - Takes(s): 10.0, Count: 2249, TPM: 13496.3, Sum(ms): 44277.0, Avg(ms): 19.7, 50th(ms): 19.9, 90th(ms): 24.1, 95th(ms): 26.2, 99th(ms): 33.6, 99.9th(ms): 52.4, Max(ms): 56.6
[Current] STOCK_LEVEL - Takes(s): 10.0, Count: 223, TPM: 1339.2, Sum(ms): 6726.3, Avg(ms): 30.2, 50th(ms): 28.3, 90th(ms): 46.1, 95th(ms): 54.5, 99th(ms): 65.0, 99.9th(ms): 79.7, Max(ms): 79.7
[Current] DELIVERY - Takes(s): 9.8, Count: 243, TPM: 1480.5, Sum(ms): 22464.2, Avg(ms): 92.5, 50th(ms): 92.3, 90th(ms): 104.9, 95th(ms): 113.2, 99th(ms): 159.4, 99.9th(ms): 167.8, Max(ms): 167.8
[Current] NEW_ORDER - Takes(s): 10.0, Count: 2313, TPM: 13880.1, Sum(ms): 79643.6, Avg(ms): 34.5, 50th(ms): 35.7, 90th(ms): 41.9, 95th(ms): 46.1, 99th(ms): 54.5, 99.9th(ms): 75.5, Max(ms): 79.7
[Current] ORDER_STATUS - Takes(s): 10.0, Count: 218, TPM: 1308.9, Sum(ms): 3373.8, Avg(ms): 15.5, 50th(ms): 14.7, 90th(ms): 22.0, 95th(ms): 26.2, 99th(ms): 35.7, 99.9th(ms): 37.7, Max(ms): 37.7
[Current] PAYMENT - Takes(s): 10.0, Count: 2233, TPM: 13402.5, Sum(ms): 43973.3, Avg(ms): 19.7, 50th(ms): 19.9, 90th(ms): 24.1, 95th(ms): 26.2, 99th(ms): 33.6, 99.9th(ms): 46.1, Max(ms): 56.6
[Current] STOCK_LEVEL - Takes(s): 10.0, Count: 222, TPM: 1338.6, Sum(ms): 6996.7, Avg(ms): 31.5, 50th(ms): 29.4, 90th(ms): 50.3, 95th(ms): 52.4, 99th(ms): 67.1, 99.9th(ms): 88.1, Max(ms): 88.1
[Current] DELIVERY - Takes(s): 9.9, Count: 222, TPM: 1340.8, Sum(ms): 20205.4, Avg(ms): 91.0, 50th(ms): 92.3, 90th(ms): 104.9, 95th(ms): 113.2, 99th(ms): 142.6, 99.9th(ms): 159.4, Max(ms): 159.4
[Current] NEW_ORDER - Takes(s): 10.0, Count: 2357, TPM: 14143.0, Sum(ms): 79208.1, Avg(ms): 33.6, 50th(ms): 33.6, 90th(ms): 41.9, 95th(ms): 44.0, 99th(ms): 50.3, 99.9th(ms): 62.9, Max(ms): 71.3
[Current] ORDER_STATUS - Takes(s): 10.0, Count: 199, TPM: 1197.1, Sum(ms): 3058.1, Avg(ms): 15.4, 50th(ms): 14.2, 90th(ms): 23.1, 95th(ms): 29.4, 99th(ms): 37.7, 99.9th(ms): 44.0, Max(ms): 44.0
[Current] PAYMENT - Takes(s): 10.0, Count: 2413, TPM: 14480.2, Sum(ms): 46518.4, Avg(ms): 19.3, 50th(ms): 18.9, 90th(ms): 24.1, 95th(ms): 26.2, 99th(ms): 32.5, 99.9th(ms): 50.3, Max(ms): 62.9
[Current] STOCK_LEVEL - Takes(s): 10.0, Count: 246, TPM: 1479.4, Sum(ms): 7282.5, Avg(ms): 29.6, 50th(ms): 28.3, 90th(ms): 44.0, 95th(ms): 52.4, 99th(ms): 71.3, 99.9th(ms): 92.3, Max(ms): 92.3
[Current] DELIVERY - Takes(s): 10.0, Count: 237, TPM: 1422.8, Sum(ms): 21464.7, Avg(ms): 90.4, 50th(ms): 92.3, 90th(ms): 104.9, 95th(ms): 109.1, 99th(ms): 130.0, 99.9th(ms): 192.9, Max(ms): 192.9
[Current] NEW_ORDER - Takes(s): 10.0, Count: 2387, TPM: 14331.2, Sum(ms): 79941.4, Avg(ms): 33.5, 50th(ms): 33.6, 90th(ms): 41.9, 95th(ms): 44.0, 99th(ms): 50.3, 99.9th(ms): 56.6, Max(ms): 60.8
[Current] ORDER_STATUS - Takes(s): 9.9, Count: 214, TPM: 1290.5, Sum(ms): 3650.1, Avg(ms): 17.1, 50th(ms): 15.2, 90th(ms): 26.2, 95th(ms): 31.5, 99th(ms): 41.9, 99.9th(ms): 48.2, Max(ms): 48.2
[Current] PAYMENT - Takes(s): 10.0, Count: 2355, TPM: 14132.2, Sum(ms): 45467.5, Avg(ms): 19.3, 50th(ms): 18.9, 90th(ms): 24.1, 95th(ms): 26.2, 99th(ms): 32.5, 99.9th(ms): 44.0, Max(ms): 52.4
[Current] STOCK_LEVEL - Takes(s): 10.0, Count: 192, TPM: 1155.9, Sum(ms): 5963.6, Avg(ms): 31.0, 50th(ms): 30.4, 90th(ms): 46.1, 95th(ms): 50.3, 99th(ms): 62.9, 99.9th(ms): 83.9, Max(ms): 83.9
[Current] DELIVERY - Takes(s): 9.9, Count: 230, TPM: 1392.4, Sum(ms): 21375.7, Avg(ms): 93.0, 50th(ms): 92.3, 90th(ms): 109.1, 95th(ms): 117.4, 99th(ms): 125.8, 99.9th(ms): 167.8, Max(ms): 167.8
[Current] NEW_ORDER - Takes(s): 10.0, Count: 2356, TPM: 14142.9, Sum(ms): 80059.5, Avg(ms): 34.0, 50th(ms): 33.6, 90th(ms): 41.9, 95th(ms): 46.1, 99th(ms): 54.5, 99.9th(ms): 62.9, Max(ms): 88.1
[Current] ORDER_STATUS - Takes(s): 10.0, Count: 200, TPM: 1200.3, Sum(ms): 3054.4, Avg(ms): 15.3, 50th(ms): 14.2, 90th(ms): 22.0, 95th(ms): 27.3, 99th(ms): 35.7, 99.9th(ms): 39.8, Max(ms): 39.8
[Current] PAYMENT - Takes(s): 10.0, Count: 2269, TPM: 13618.4, Sum(ms): 44473.2, Avg(ms): 19.6, 50th(ms): 19.9, 90th(ms): 24.1, 95th(ms): 26.2, 99th(ms): 35.7, 99.9th(ms): 46.1, Max(ms): 48.2
[Current] STOCK_LEVEL - Takes(s): 10.0, Count: 229, TPM: 1379.4, Sum(ms): 7273.3, Avg(ms): 31.8, 50th(ms): 30.4, 90th(ms): 50.3, 95th(ms): 62.9, 99th(ms): 79.7, 99.9th(ms): 88.1, Max(ms): 88.1
[Current] DELIVERY - Takes(s): 10.0, Count: 233, TPM: 1399.6, Sum(ms): 23430.2, Avg(ms): 100.4, 50th(ms): 100.7, 90th(ms): 117.4, 95th(ms): 121.6, 99th(ms): 159.4, 99.9th(ms): 184.5, Max(ms): 184.5
[Current] NEW_ORDER - Takes(s): 10.0, Count: 2269, TPM: 13615.4, Sum(ms): 80158.5, Avg(ms): 35.3, 50th(ms): 35.7, 90th(ms): 44.0, 95th(ms): 46.1, 99th(ms): 52.4, 99.9th(ms): 62.9, Max(ms): 75.5
[Current] ORDER_STATUS - Takes(s): 10.0, Count: 210, TPM: 1262.5, Sum(ms): 3342.5, Avg(ms): 15.9, 50th(ms): 14.7, 90th(ms): 24.1, 95th(ms): 27.3, 99th(ms): 37.7, 99.9th(ms): 44.0, Max(ms): 44.0
[Current] PAYMENT - Takes(s): 10.0, Count: 2112, TPM: 12672.5, Sum(ms): 43143.7, Avg(ms): 20.4, 50th(ms): 21.0, 90th(ms): 25.2, 95th(ms): 27.3, 99th(ms): 35.7, 99.9th(ms): 56.6, Max(ms): 96.5
[Current] STOCK_LEVEL - Takes(s): 10.0, Count: 198, TPM: 1189.4, Sum(ms): 6441.2, Avg(ms): 32.5, 50th(ms): 30.4, 90th(ms): 48.2, 95th(ms): 56.6, 99th(ms): 71.3, 99.9th(ms): 79.7, Max(ms): 79.7
[Current] DELIVERY - Takes(s): 10.0, Count: 241, TPM: 1449.3, Sum(ms): 22661.0, Avg(ms): 94.0, 50th(ms): 96.5, 90th(ms): 104.9, 95th(ms): 117.4, 99th(ms): 151.0, 99.9th(ms): 167.8, Max(ms): 167.8
[Current] NEW_ORDER - Takes(s): 10.0, Count: 2359, TPM: 14154.3, Sum(ms): 80470.5, Avg(ms): 34.1, 50th(ms): 35.7, 90th(ms): 41.9, 95th(ms): 44.0, 99th(ms): 52.4, 99.9th(ms): 62.9, Max(ms): 67.1
[Current] ORDER_STATUS - Takes(s): 10.0, Count: 183, TPM: 1098.7, Sum(ms): 3016.3, Avg(ms): 16.5, 50th(ms): 14.7, 90th(ms): 25.2, 95th(ms): 31.5, 99th(ms): 37.7, 99.9th(ms): 52.4, Max(ms): 52.4
[Current] PAYMENT - Takes(s): 10.0, Count: 2224, TPM: 13378.7, Sum(ms): 43473.1, Avg(ms): 19.5, 50th(ms): 19.9, 90th(ms): 24.1, 95th(ms): 26.2, 99th(ms): 32.5, 99.9th(ms): 41.9, Max(ms): 52.4
[Current] STOCK_LEVEL - Takes(s): 9.9, Count: 209, TPM: 1269.6, Sum(ms): 6884.4, Avg(ms): 32.9, 50th(ms): 30.4, 90th(ms): 50.3, 95th(ms): 60.8, 99th(ms): 79.7, 99.9th(ms): 88.1, Max(ms): 88.1
[Current] DELIVERY - Takes(s): 9.9, Count: 208, TPM: 1256.1, Sum(ms): 19144.6, Avg(ms): 92.1, 50th(ms): 92.3, 90th(ms): 104.9, 95th(ms): 113.2, 99th(ms): 125.8, 99.9th(ms): 176.2, Max(ms): 176.2
[Current] NEW_ORDER - Takes(s): 10.0, Count: 2358, TPM: 14148.2, Sum(ms): 81001.2, Avg(ms): 34.4, 50th(ms): 35.7, 90th(ms): 41.9, 95th(ms): 44.0, 99th(ms): 52.4, 99.9th(ms): 62.9, Max(ms): 67.1
[Current] ORDER_STATUS - Takes(s): 10.0, Count: 203, TPM: 1218.7, Sum(ms): 3157.3, Avg(ms): 15.6, 50th(ms): 15.2, 90th(ms): 23.1, 95th(ms): 26.2, 99th(ms): 33.6, 99.9th(ms): 33.6, Max(ms): 33.6
[Current] PAYMENT - Takes(s): 10.0, Count: 2339, TPM: 14033.9, Sum(ms): 45913.2, Avg(ms): 19.6, 50th(ms): 19.9, 90th(ms): 24.1, 95th(ms): 26.2, 99th(ms): 35.7, 99.9th(ms): 50.3, Max(ms): 52.4
[Current] STOCK_LEVEL - Takes(s): 9.9, Count: 193, TPM: 1165.4, Sum(ms): 7184.0, Avg(ms): 37.3, 50th(ms): 35.7, 90th(ms): 60.8, 95th(ms): 71.3, 99th(ms): 83.9, 99.9th(ms): 88.1, Max(ms): 88.1
[Current] DELIVERY - Takes(s): 10.0, Count: 199, TPM: 1195.1, Sum(ms): 18638.6, Avg(ms): 93.6, 50th(ms): 92.3, 90th(ms): 104.9, 95th(ms): 117.4, 99th(ms): 151.0, 99.9th(ms): 184.5, Max(ms): 184.5
[Current] NEW_ORDER - Takes(s): 10.0, Count: 2381, TPM: 14292.0, Sum(ms): 82168.3, Avg(ms): 34.5, 50th(ms): 35.7, 90th(ms): 44.0, 95th(ms): 46.1, 99th(ms): 52.4, 99.9th(ms): 62.9, Max(ms): 79.7
[Current] ORDER_STATUS - Takes(s): 10.0, Count: 232, TPM: 1393.7, Sum(ms): 3541.8, Avg(ms): 15.3, 50th(ms): 14.2, 90th(ms): 23.1, 95th(ms): 26.2, 99th(ms): 33.6, 99.9th(ms): 39.8, Max(ms): 39.8
[Current] PAYMENT - Takes(s): 10.0, Count: 2283, TPM: 13705.8, Sum(ms): 45001.0, Avg(ms): 19.7, 50th(ms): 19.9, 90th(ms): 24.1, 95th(ms): 27.3, 99th(ms): 35.7, 99.9th(ms): 48.2, Max(ms): 54.5
[Current] STOCK_LEVEL - Takes(s): 10.0, Count: 202, TPM: 1217.5, Sum(ms): 7057.1, Avg(ms): 34.9, 50th(ms): 32.5, 90th(ms): 54.5, 95th(ms): 60.8, 99th(ms): 88.1, 99.9th(ms): 117.4, Max(ms): 117.4
[Current] DELIVERY - Takes(s): 10.0, Count: 204, TPM: 1225.8, Sum(ms): 18950.5, Avg(ms): 92.9, 50th(ms): 92.3, 90th(ms): 109.1, 95th(ms): 113.2, 99th(ms): 130.0, 99.9th(ms): 176.2, Max(ms): 176.2
[Current] NEW_ORDER - Takes(s): 10.0, Count: 2302, TPM: 13814.2, Sum(ms): 81280.8, Avg(ms): 35.3, 50th(ms): 35.7, 90th(ms): 44.0, 95th(ms): 48.2, 99th(ms): 56.6, 99.9th(ms): 75.5, Max(ms): 79.7
[Current] ORDER_STATUS - Takes(s): 10.0, Count: 212, TPM: 1274.8, Sum(ms): 3365.1, Avg(ms): 15.9, 50th(ms): 15.2, 90th(ms): 24.1, 95th(ms): 27.3, 99th(ms): 35.7, 99.9th(ms): 37.7, Max(ms): 37.7
[Current] PAYMENT - Takes(s): 10.0, Count: 2196, TPM: 13197.4, Sum(ms): 44186.8, Avg(ms): 20.1, 50th(ms): 19.9, 90th(ms): 25.2, 95th(ms): 27.3, 99th(ms): 37.7, 99.9th(ms): 58.7, Max(ms): 109.1
[Current] STOCK_LEVEL - Takes(s): 10.0, Count: 207, TPM: 1243.4, Sum(ms): 8809.6, Avg(ms): 42.6, 50th(ms): 39.8, 90th(ms): 71.3, 95th(ms): 83.9, 99th(ms): 104.9, 99.9th(ms): 121.6, Max(ms): 121.6
[Current] DELIVERY - Takes(s): 10.0, Count: 191, TPM: 1150.0, Sum(ms): 18118.8, Avg(ms): 94.8, 50th(ms): 96.5, 90th(ms): 113.2, 95th(ms): 117.4, 99th(ms): 151.0, 99.9th(ms): 167.8, Max(ms): 167.8
[Current] NEW_ORDER - Takes(s): 10.0, Count: 2262, TPM: 13577.8, Sum(ms): 81503.8, Avg(ms): 36.1, 50th(ms): 37.7, 90th(ms): 44.0, 95th(ms): 48.2, 99th(ms): 54.5, 99.9th(ms): 71.3, Max(ms): 88.1
[Current] ORDER_STATUS - Takes(s): 10.0, Count: 215, TPM: 1293.0, Sum(ms): 3398.9, Avg(ms): 15.8, 50th(ms): 15.2, 90th(ms): 24.1, 95th(ms): 27.3, 99th(ms): 33.6, 99.9th(ms): 39.8, Max(ms): 39.8
[Current] PAYMENT - Takes(s): 10.0, Count: 2130, TPM: 12781.7, Sum(ms): 43673.2, Avg(ms): 20.5, 50th(ms): 19.9, 90th(ms): 26.2, 95th(ms): 28.3, 99th(ms): 39.8, 99.9th(ms): 48.2, Max(ms): 56.6
[Current] STOCK_LEVEL - Takes(s): 10.0, Count: 213, TPM: 1278.4, Sum(ms): 10052.5, Avg(ms): 47.2, 50th(ms): 44.0, 90th(ms): 79.7, 95th(ms): 96.5, 99th(ms): 113.2, 99.9th(ms): 134.2, Max(ms): 134.2
[Current] DELIVERY - Takes(s): 10.0, Count: 181, TPM: 1087.0, Sum(ms): 18005.1, Avg(ms): 99.4, 50th(ms): 100.7, 90th(ms): 113.2, 95th(ms): 121.6, 99th(ms): 142.6, 99.9th(ms): 167.8, Max(ms): 167.8
[Current] NEW_ORDER - Takes(s): 10.0, Count: 2220, TPM: 13323.7, Sum(ms): 81779.7, Avg(ms): 36.9, 50th(ms): 37.7, 90th(ms): 46.1, 95th(ms): 48.2, 99th(ms): 58.7, 99.9th(ms): 75.5, Max(ms): 92.3
[Current] ORDER_STATUS - Takes(s): 10.0, Count: 209, TPM: 1256.1, Sum(ms): 3460.0, Avg(ms): 16.6, 50th(ms): 15.7, 90th(ms): 24.1, 95th(ms): 27.3, 99th(ms): 33.6, 99.9th(ms): 46.1, Max(ms): 46.1
[Current] PAYMENT - Takes(s): 10.0, Count: 2152, TPM: 12914.0, Sum(ms): 45240.5, Avg(ms): 21.0, 50th(ms): 21.0, 90th(ms): 26.2, 95th(ms): 29.4, 99th(ms): 37.7, 99.9th(ms): 56.6, Max(ms): 65.0
[Current] STOCK_LEVEL - Takes(s): 10.0, Count: 181, TPM: 1089.6, Sum(ms): 8232.8, Avg(ms): 45.5, 50th(ms): 44.0, 90th(ms): 75.5, 95th(ms): 79.7, 99th(ms): 117.4, 99.9th(ms): 142.6, Max(ms): 142.6
[Current] DELIVERY - Takes(s): 10.0, Count: 182, TPM: 1097.0, Sum(ms): 17104.9, Avg(ms): 94.1, 50th(ms): 92.3, 90th(ms): 109.1, 95th(ms): 113.2, 99th(ms): 151.0, 99.9th(ms): 201.3, Max(ms): 201.3
[Current] NEW_ORDER - Takes(s): 10.0, Count: 2250, TPM: 13506.1, Sum(ms): 81263.1, Avg(ms): 36.1, 50th(ms): 35.7, 90th(ms): 46.1, 95th(ms): 48.2, 99th(ms): 58.7, 99.9th(ms): 71.3, Max(ms): 100.7
[Current] ORDER_STATUS - Takes(s): 9.9, Count: 219, TPM: 1328.6, Sum(ms): 3477.2, Avg(ms): 15.9, 50th(ms): 15.2, 90th(ms): 23.1, 95th(ms): 26.2, 99th(ms): 33.6, 99.9th(ms): 37.7, Max(ms): 37.7
[Current] PAYMENT - Takes(s): 10.0, Count: 2190, TPM: 13143.7, Sum(ms): 44805.5, Avg(ms): 20.5, 50th(ms): 19.9, 90th(ms): 25.2, 95th(ms): 28.3, 99th(ms): 37.7, 99.9th(ms): 71.3, Max(ms): 79.7
[Current] STOCK_LEVEL - Takes(s): 10.0, Count: 215, TPM: 1290.3, Sum(ms): 10080.9, Avg(ms): 46.9, 50th(ms): 41.9, 90th(ms): 75.5, 95th(ms): 92.3, 99th(ms): 151.0, 99.9th(ms): 176.2, Max(ms): 176.2
[Current] DELIVERY - Takes(s): 10.0, Count: 170, TPM: 1024.4, Sum(ms): 16840.8, Avg(ms): 99.2, 50th(ms): 100.7, 90th(ms): 117.4, 95th(ms): 130.0, 99th(ms): 151.0, 99.9th(ms): 209.7, Max(ms): 209.7
[Current] NEW_ORDER - Takes(s): 10.0, Count: 2185, TPM: 13110.8, Sum(ms): 81126.7, Avg(ms): 37.2, 50th(ms): 37.7, 90th(ms): 48.2, 95th(ms): 50.3, 99th(ms): 60.8, 99.9th(ms): 83.9, Max(ms): 100.7
[Current] ORDER_STATUS - Takes(s): 10.0, Count: 204, TPM: 1225.4, Sum(ms): 3284.7, Avg(ms): 16.1, 50th(ms): 15.7, 90th(ms): 23.1, 95th(ms): 25.2, 99th(ms): 31.5, 99.9th(ms): 32.5, Max(ms): 32.5
[Current] PAYMENT - Takes(s): 10.0, Count: 2127, TPM: 12762.1, Sum(ms): 45304.9, Avg(ms): 21.3, 50th(ms): 21.0, 90th(ms): 27.3, 95th(ms): 29.4, 99th(ms): 39.8, 99.9th(ms): 50.3, Max(ms): 54.5
[Current] STOCK_LEVEL - Takes(s): 10.0, Count: 215, TPM: 1291.9, Sum(ms): 10482.4, Avg(ms): 48.8, 50th(ms): 44.0, 90th(ms): 83.9, 95th(ms): 104.9, 99th(ms): 151.0, 99.9th(ms): 151.0, Max(ms): 151.0
[Current] DELIVERY - Takes(s): 9.9, Count: 210, TPM: 1275.5, Sum(ms): 20041.3, Avg(ms): 95.6, 50th(ms): 96.5, 90th(ms): 109.1, 95th(ms): 117.4, 99th(ms): 134.2, 99.9th(ms): 176.2, Max(ms): 176.2
[Current] NEW_ORDER - Takes(s): 10.0, Count: 2311, TPM: 13877.3, Sum(ms): 81802.0, Avg(ms): 35.4, 50th(ms): 35.7, 90th(ms): 44.0, 95th(ms): 48.2, 99th(ms): 56.6, 99.9th(ms): 71.3, Max(ms): 83.9
[Current] ORDER_STATUS - Takes(s): 9.9, Count: 216, TPM: 1303.9, Sum(ms): 3356.5, Avg(ms): 15.6, 50th(ms): 14.7, 90th(ms): 24.1, 95th(ms): 27.3, 99th(ms): 30.4, 99.9th(ms): 35.7, Max(ms): 35.7
[Current] PAYMENT - Takes(s): 10.0, Count: 2122, TPM: 12732.2, Sum(ms): 43624.3, Avg(ms): 20.6, 50th(ms): 19.9, 90th(ms): 26.2, 95th(ms): 28.3, 99th(ms): 39.8, 99.9th(ms): 56.6, Max(ms): 58.7
[Current] STOCK_LEVEL - Takes(s): 9.9, Count: 190, TPM: 1153.0, Sum(ms): 7846.9, Avg(ms): 41.3, 50th(ms): 35.7, 90th(ms): 67.1, 95th(ms): 79.7, 99th(ms): 104.9, 99.9th(ms): 134.2, Max(ms): 134.2
[Current] DELIVERY - Takes(s): 9.9, Count: 197, TPM: 1189.1, Sum(ms): 19265.7, Avg(ms): 97.8, 50th(ms): 100.7, 90th(ms): 113.2, 95th(ms): 121.6, 99th(ms): 142.6, 99.9th(ms): 159.4, Max(ms): 159.4
[Current] NEW_ORDER - Takes(s): 10.0, Count: 2275, TPM: 13651.7, Sum(ms): 81411.8, Avg(ms): 35.8, 50th(ms): 35.7, 90th(ms): 46.1, 95th(ms): 48.2, 99th(ms): 56.6, 99.9th(ms): 65.0, Max(ms): 71.3
[Current] ORDER_STATUS - Takes(s): 9.9, Count: 224, TPM: 1357.8, Sum(ms): 3596.7, Avg(ms): 16.1, 50th(ms): 15.2, 90th(ms): 23.1, 95th(ms): 26.2, 99th(ms): 33.6, 99.9th(ms): 39.8, Max(ms): 39.8
[Current] PAYMENT - Takes(s): 10.0, Count: 2141, TPM: 12850.3, Sum(ms): 44444.7, Avg(ms): 20.8, 50th(ms): 21.0, 90th(ms): 26.2, 95th(ms): 29.4, 99th(ms): 39.8, 99.9th(ms): 52.4, Max(ms): 56.6
[Current] STOCK_LEVEL - Takes(s): 9.9, Count: 209, TPM: 1261.2, Sum(ms): 8042.9, Avg(ms): 38.5, 50th(ms): 37.7, 90th(ms): 60.8, 95th(ms): 75.5, 99th(ms): 96.5, 99.9th(ms): 109.1, Max(ms): 109.1
[Current] DELIVERY - Takes(s): 10.0, Count: 211, TPM: 1270.3, Sum(ms): 19654.7, Avg(ms): 93.0, 50th(ms): 92.3, 90th(ms): 109.1, 95th(ms): 117.4, 99th(ms): 121.6, 99.9th(ms): 176.2, Max(ms): 176.2
[Current] NEW_ORDER - Takes(s): 10.0, Count: 2312, TPM: 13875.0, Sum(ms): 79948.3, Avg(ms): 34.6, 50th(ms): 35.7, 90th(ms): 41.9, 95th(ms): 46.1, 99th(ms): 54.5, 99.9th(ms): 83.9, Max(ms): 83.9
[Current] ORDER_STATUS - Takes(s): 10.0, Count: 204, TPM: 1224.3, Sum(ms): 3282.0, Avg(ms): 16.1, 50th(ms): 15.2, 90th(ms): 24.1, 95th(ms): 29.4, 99th(ms): 32.5, 99.9th(ms): 41.9, Max(ms): 41.9
[Current] PAYMENT - Takes(s): 10.0, Count: 2248, TPM: 13490.7, Sum(ms): 45034.8, Avg(ms): 20.0, 50th(ms): 19.9, 90th(ms): 25.2, 95th(ms): 27.3, 99th(ms): 35.7, 99.9th(ms): 48.2, Max(ms): 60.8
[Current] STOCK_LEVEL - Takes(s): 9.9, Count: 216, TPM: 1307.1, Sum(ms): 8859.5, Avg(ms): 41.0, 50th(ms): 39.8, 90th(ms): 65.0, 95th(ms): 75.5, 99th(ms): 100.7, 99.9th(ms): 104.9, Max(ms): 104.9
[Current] DELIVERY - Takes(s): 9.9, Count: 215, TPM: 1300.9, Sum(ms): 20373.6, Avg(ms): 94.7, 50th(ms): 96.5, 90th(ms): 109.1, 95th(ms): 117.4, 99th(ms): 134.2, 99.9th(ms): 159.4, Max(ms): 159.4
[Current] NEW_ORDER - Takes(s): 10.0, Count: 2292, TPM: 13752.2, Sum(ms): 79668.8, Avg(ms): 34.8, 50th(ms): 35.7, 90th(ms): 44.0, 95th(ms): 46.1, 99th(ms): 52.4, 99.9th(ms): 60.8, Max(ms): 67.1
[Current] ORDER_STATUS - Takes(s): 10.0, Count: 215, TPM: 1296.4, Sum(ms): 3480.7, Avg(ms): 16.2, 50th(ms): 15.7, 90th(ms): 24.1, 95th(ms): 27.3, 99th(ms): 32.5, 99.9th(ms): 33.6, Max(ms): 33.6
[Current] PAYMENT - Takes(s): 10.0, Count: 2223, TPM: 13355.4, Sum(ms): 45251.1, Avg(ms): 20.4, 50th(ms): 19.9, 90th(ms): 25.2, 95th(ms): 27.3, 99th(ms): 35.7, 99.9th(ms): 58.7, Max(ms): 71.3
[Current] STOCK_LEVEL - Takes(s): 10.0, Count: 212, TPM: 1274.9, Sum(ms): 7673.5, Avg(ms): 36.2, 50th(ms): 33.6, 90th(ms): 54.5, 95th(ms): 58.7, 99th(ms): 79.7, 99.9th(ms): 100.7, Max(ms): 100.7
[Current] DELIVERY - Takes(s): 10.0, Count: 224, TPM: 1349.0, Sum(ms): 21099.8, Avg(ms): 94.2, 50th(ms): 96.5, 90th(ms): 109.1, 95th(ms): 113.2, 99th(ms): 121.6, 99.9th(ms): 184.5, Max(ms): 184.5
[Current] NEW_ORDER - Takes(s): 10.0, Count: 2377, TPM: 14262.0, Sum(ms): 81610.8, Avg(ms): 34.3, 50th(ms): 35.7, 90th(ms): 44.0, 95th(ms): 46.1, 99th(ms): 52.4, 99.9th(ms): 65.0, Max(ms): 67.1
[Current] ORDER_STATUS - Takes(s): 10.0, Count: 206, TPM: 1241.3, Sum(ms): 3094.0, Avg(ms): 15.0, 50th(ms): 14.7, 90th(ms): 21.0, 95th(ms): 24.1, 99th(ms): 28.3, 99.9th(ms): 32.5, Max(ms): 32.5
[Current] PAYMENT - Takes(s): 10.0, Count: 2226, TPM: 13373.3, Sum(ms): 44244.3, Avg(ms): 19.9, 50th(ms): 19.9, 90th(ms): 24.1, 95th(ms): 26.2, 99th(ms): 35.7, 99.9th(ms): 48.2, Max(ms): 56.6
[Current] STOCK_LEVEL - Takes(s): 10.0, Count: 183, TPM: 1100.3, Sum(ms): 6470.2, Avg(ms): 35.4, 50th(ms): 32.5, 90th(ms): 52.4, 95th(ms): 60.8, 99th(ms): 83.9, 99.9th(ms): 100.7, Max(ms): 100.7
[Current] DELIVERY - Takes(s): 10.0, Count: 215, TPM: 1290.4, Sum(ms): 19918.0, Avg(ms): 92.7, 50th(ms): 92.3, 90th(ms): 104.9, 95th(ms): 113.2, 99th(ms): 134.2, 99.9th(ms): 167.8, Max(ms): 167.8
[Current] NEW_ORDER - Takes(s): 10.0, Count: 2384, TPM: 14304.3, Sum(ms): 82349.4, Avg(ms): 34.6, 50th(ms): 35.7, 90th(ms): 44.0, 95th(ms): 46.1, 99th(ms): 56.6, 99.9th(ms): 71.3, Max(ms): 79.7
[Current] ORDER_STATUS - Takes(s): 9.9, Count: 212, TPM: 1279.5, Sum(ms): 3210.1, Avg(ms): 15.2, 50th(ms): 14.7, 90th(ms): 19.9, 95th(ms): 24.1, 99th(ms): 28.3, 99.9th(ms): 29.4, Max(ms): 29.4
[Current] PAYMENT - Takes(s): 10.0, Count: 2179, TPM: 13074.9, Sum(ms): 43227.6, Avg(ms): 19.8, 50th(ms): 19.9, 90th(ms): 24.1, 95th(ms): 27.3, 99th(ms): 37.7, 99.9th(ms): 54.5, Max(ms): 56.6
[Current] STOCK_LEVEL - Takes(s): 10.0, Count: 199, TPM: 1198.4, Sum(ms): 7975.0, Avg(ms): 40.0, 50th(ms): 35.7, 90th(ms): 67.1, 95th(ms): 79.7, 99th(ms): 92.3, 99.9th(ms): 109.1, Max(ms): 109.1
[Current] DELIVERY - Takes(s): 9.9, Count: 236, TPM: 1424.6, Sum(ms): 21163.9, Avg(ms): 89.8, 50th(ms): 92.3, 90th(ms): 104.9, 95th(ms): 109.1, 99th(ms): 134.2, 99.9th(ms): 209.7, Max(ms): 209.7
[Current] NEW_ORDER - Takes(s): 10.0, Count: 2379, TPM: 14282.7, Sum(ms): 80579.1, Avg(ms): 33.9, 50th(ms): 35.7, 90th(ms): 41.9, 95th(ms): 44.0, 99th(ms): 50.3, 99.9th(ms): 65.0, Max(ms): 75.5
[Current] ORDER_STATUS - Takes(s): 10.0, Count: 229, TPM: 1374.2, Sum(ms): 3467.3, Avg(ms): 15.1, 50th(ms): 14.7, 90th(ms): 21.0, 95th(ms): 25.2, 99th(ms): 30.4, 99.9th(ms): 37.7, Max(ms): 37.7
[Current] PAYMENT - Takes(s): 10.0, Count: 2220, TPM: 13337.9, Sum(ms): 43090.3, Avg(ms): 19.4, 50th(ms): 18.9, 90th(ms): 24.1, 95th(ms): 26.2, 99th(ms): 35.7, 99.9th(ms): 52.4, Max(ms): 56.6
[Current] STOCK_LEVEL - Takes(s): 10.0, Count: 201, TPM: 1207.9, Sum(ms): 8185.9, Avg(ms): 40.7, 50th(ms): 37.7, 90th(ms): 60.8, 95th(ms): 71.3, 99th(ms): 113.2, 99.9th(ms): 142.6, Max(ms): 142.6
[Current] DELIVERY - Takes(s): 10.0, Count: 225, TPM: 1354.4, Sum(ms): 20589.9, Avg(ms): 91.4, 50th(ms): 92.3, 90th(ms): 104.9, 95th(ms): 109.1, 99th(ms): 142.6, 99.9th(ms): 159.4, Max(ms): 159.4
[Current] NEW_ORDER - Takes(s): 10.0, Count: 2362, TPM: 14174.6, Sum(ms): 81019.7, Avg(ms): 34.3, 50th(ms): 35.7, 90th(ms): 44.0, 95th(ms): 46.1, 99th(ms): 52.4, 99.9th(ms): 71.3, Max(ms): 79.7
[Current] ORDER_STATUS - Takes(s): 9.9, Count: 187, TPM: 1128.2, Sum(ms): 2847.0, Avg(ms): 15.2, 50th(ms): 14.7, 90th(ms): 23.1, 95th(ms): 26.2, 99th(ms): 33.6, 99.9th(ms): 44.0, Max(ms): 44.0
[Current] PAYMENT - Takes(s): 10.0, Count: 2224, TPM: 13356.9, Sum(ms): 43613.6, Avg(ms): 19.6, 50th(ms): 19.9, 90th(ms): 24.1, 95th(ms): 26.2, 99th(ms): 32.5, 99.9th(ms): 46.1, Max(ms): 56.6
[Current] STOCK_LEVEL - Takes(s): 9.9, Count: 212, TPM: 1278.7, Sum(ms): 8485.4, Avg(ms): 40.0, 50th(ms): 37.7, 90th(ms): 62.9, 95th(ms): 71.3, 99th(ms): 92.3, 99.9th(ms): 109.1, Max(ms): 109.1
[Current] DELIVERY - Takes(s): 10.0, Count: 218, TPM: 1308.4, Sum(ms): 19650.1, Avg(ms): 90.1, 50th(ms): 92.3, 90th(ms): 104.9, 95th(ms): 109.1, 99th(ms): 125.8, 99.9th(ms): 134.2, Max(ms): 134.2
[Current] NEW_ORDER - Takes(s): 10.0, Count: 2386, TPM: 14323.4, Sum(ms): 82679.1, Avg(ms): 34.7, 50th(ms): 35.7, 90th(ms): 44.0, 95th(ms): 46.1, 99th(ms): 54.5, 99.9th(ms): 71.3, Max(ms): 88.1
[Current] ORDER_STATUS - Takes(s): 10.0, Count: 202, TPM: 1212.1, Sum(ms): 3110.7, Avg(ms): 15.4, 50th(ms): 15.2, 90th(ms): 22.0, 95th(ms): 25.2, 99th(ms): 28.3, 99.9th(ms): 35.7, Max(ms): 35.7
[Current] PAYMENT - Takes(s): 10.0, Count: 2157, TPM: 12947.5, Sum(ms): 42954.2, Avg(ms): 19.9, 50th(ms): 19.9, 90th(ms): 25.2, 95th(ms): 27.3, 99th(ms): 35.7, 99.9th(ms): 50.3, Max(ms): 58.7
[Current] STOCK_LEVEL - Takes(s): 9.9, Count: 206, TPM: 1242.7, Sum(ms): 8133.0, Avg(ms): 39.4, 50th(ms): 37.7, 90th(ms): 60.8, 95th(ms): 75.5, 99th(ms): 92.3, 99.9th(ms): 92.3, Max(ms): 92.3
[Current] DELIVERY - Takes(s): 10.0, Count: 193, TPM: 1160.1, Sum(ms): 19338.0, Avg(ms): 100.1, 50th(ms): 100.7, 90th(ms): 117.4, 95th(ms): 121.6, 99th(ms): 130.0, 99.9th(ms): 176.2, Max(ms): 176.2
[Current] NEW_ORDER - Takes(s): 10.0, Count: 2193, TPM: 13158.4, Sum(ms): 80034.6, Avg(ms): 36.5, 50th(ms): 37.7, 90th(ms): 46.1, 95th(ms): 48.2, 99th(ms): 56.6, 99.9th(ms): 75.5, Max(ms): 92.3
[Current] ORDER_STATUS - Takes(s): 10.0, Count: 194, TPM: 1165.9, Sum(ms): 3289.1, Avg(ms): 17.0, 50th(ms): 16.8, 90th(ms): 24.1, 95th(ms): 26.2, 99th(ms): 32.5, 99.9th(ms): 37.7, Max(ms): 37.7
[Current] PAYMENT - Takes(s): 10.0, Count: 2148, TPM: 12888.7, Sum(ms): 45880.6, Avg(ms): 21.4, 50th(ms): 21.0, 90th(ms): 26.2, 95th(ms): 29.4, 99th(ms): 39.8, 99.9th(ms): 54.5, Max(ms): 58.7
[Current] STOCK_LEVEL - Takes(s): 10.0, Count: 201, TPM: 1210.5, Sum(ms): 8058.1, Avg(ms): 40.1, 50th(ms): 37.7, 90th(ms): 60.8, 95th(ms): 75.5, 99th(ms): 100.7, 99.9th(ms): 117.4, Max(ms): 117.4
[Current] DELIVERY - Takes(s): 9.9, Count: 218, TPM: 1315.3, Sum(ms): 22774.2, Avg(ms): 104.4, 50th(ms): 104.9, 90th(ms): 121.6, 95th(ms): 130.0, 99th(ms): 167.8, 99.9th(ms): 192.9, Max(ms): 192.9
[Current] NEW_ORDER - Takes(s): 10.0, Count: 2161, TPM: 12978.6, Sum(ms): 80711.3, Avg(ms): 37.4, 50th(ms): 37.7, 90th(ms): 48.2, 95th(ms): 50.3, 99th(ms): 60.8, 99.9th(ms): 75.5, Max(ms): 79.7
[Current] ORDER_STATUS - Takes(s): 10.0, Count: 191, TPM: 1148.6, Sum(ms): 3177.1, Avg(ms): 16.6, 50th(ms): 16.3, 90th(ms): 24.1, 95th(ms): 26.2, 99th(ms): 35.7, 99.9th(ms): 39.8, Max(ms): 39.8
[Current] PAYMENT - Takes(s): 10.0, Count: 1980, TPM: 11882.2, Sum(ms): 42726.0, Avg(ms): 21.6, 50th(ms): 21.0, 90th(ms): 27.3, 95th(ms): 30.4, 99th(ms): 39.8, 99.9th(ms): 54.5, Max(ms): 56.6
[Current] STOCK_LEVEL - Takes(s): 10.0, Count: 190, TPM: 1140.4, Sum(ms): 7329.7, Avg(ms): 38.6, 50th(ms): 37.7, 90th(ms): 58.7, 95th(ms): 71.3, 99th(ms): 79.7, 99.9th(ms): 104.9, Max(ms): 104.9
[Current] DELIVERY - Takes(s): 10.0, Count: 192, TPM: 1152.3, Sum(ms): 18544.4, Avg(ms): 96.5, 50th(ms): 96.5, 90th(ms): 109.1, 95th(ms): 117.4, 99th(ms): 151.0, 99.9th(ms): 192.9, Max(ms): 192.9
[Current] NEW_ORDER - Takes(s): 10.0, Count: 2252, TPM: 13513.8, Sum(ms): 81090.4, Avg(ms): 36.0, 50th(ms): 35.7, 90th(ms): 44.0, 95th(ms): 48.2, 99th(ms): 56.6, 99.9th(ms): 71.3, Max(ms): 75.5
[Current] ORDER_STATUS - Takes(s): 10.0, Count: 204, TPM: 1225.8, Sum(ms): 3290.5, Avg(ms): 16.1, 50th(ms): 15.7, 90th(ms): 22.0, 95th(ms): 27.3, 99th(ms): 32.5, 99.9th(ms): 35.7, Max(ms): 35.7
[Current] PAYMENT - Takes(s): 10.0, Count: 2140, TPM: 12855.2, Sum(ms): 44556.5, Avg(ms): 20.8, 50th(ms): 21.0, 90th(ms): 25.2, 95th(ms): 28.3, 99th(ms): 37.7, 99.9th(ms): 50.3, Max(ms): 52.4
[Current] STOCK_LEVEL - Takes(s): 9.9, Count: 212, TPM: 1280.0, Sum(ms): 9058.5, Avg(ms): 42.7, 50th(ms): 35.7, 90th(ms): 62.9, 95th(ms): 83.9, 99th(ms): 260.0, 99.9th(ms): 268.4, Max(ms): 268.4
[Current] DELIVERY - Takes(s): 9.9, Count: 199, TPM: 1205.7, Sum(ms): 19888.4, Avg(ms): 99.9, 50th(ms): 100.7, 90th(ms): 117.4, 95th(ms): 121.6, 99th(ms): 134.2, 99.9th(ms): 151.0, Max(ms): 151.0
[Current] NEW_ORDER - Takes(s): 10.0, Count: 2182, TPM: 13093.2, Sum(ms): 79109.3, Avg(ms): 36.3, 50th(ms): 37.7, 90th(ms): 46.1, 95th(ms): 48.2, 99th(ms): 56.6, 99.9th(ms): 75.5, Max(ms): 79.7
[Current] ORDER_STATUS - Takes(s): 9.9, Count: 208, TPM: 1266.7, Sum(ms): 3381.8, Avg(ms): 16.3, 50th(ms): 15.7, 90th(ms): 22.0, 95th(ms): 25.2, 99th(ms): 31.5, 99.9th(ms): 37.7, Max(ms): 37.7
[Current] PAYMENT - Takes(s): 10.0, Count: 2160, TPM: 12966.4, Sum(ms): 45663.7, Avg(ms): 21.1, 50th(ms): 21.0, 90th(ms): 26.2, 95th(ms): 29.4, 99th(ms): 39.8, 99.9th(ms): 52.4, Max(ms): 58.7
[Current] STOCK_LEVEL - Takes(s): 9.9, Count: 197, TPM: 1194.5, Sum(ms): 8544.8, Avg(ms): 43.3, 50th(ms): 39.8, 90th(ms): 67.1, 95th(ms): 75.5, 99th(ms): 130.0, 99.9th(ms): 192.9, Max(ms): 192.9
[Current] DELIVERY - Takes(s): 9.9, Count: 192, TPM: 1168.6, Sum(ms): 19379.8, Avg(ms): 101.0, 50th(ms): 100.7, 90th(ms): 117.4, 95th(ms): 121.6, 99th(ms): 142.6, 99.9th(ms): 167.8, Max(ms): 167.8
[Current] NEW_ORDER - Takes(s): 10.0, Count: 2233, TPM: 13408.2, Sum(ms): 80863.3, Avg(ms): 36.2, 50th(ms): 37.7, 90th(ms): 46.1, 95th(ms): 48.2, 99th(ms): 56.6, 99.9th(ms): 71.3, Max(ms): 83.9
[Current] ORDER_STATUS - Takes(s): 10.0, Count: 191, TPM: 1146.7, Sum(ms): 3259.6, Avg(ms): 17.1, 50th(ms): 16.3, 90th(ms): 24.1, 95th(ms): 28.3, 99th(ms): 35.7, 99.9th(ms): 48.2, Max(ms): 48.2
[Current] PAYMENT - Takes(s): 10.0, Count: 2084, TPM: 12505.9, Sum(ms): 44523.6, Avg(ms): 21.4, 50th(ms): 21.0, 90th(ms): 26.2, 95th(ms): 29.4, 99th(ms): 37.7, 99.9th(ms): 48.2, Max(ms): 56.6
[Current] STOCK_LEVEL - Takes(s): 9.9, Count: 206, TPM: 1246.7, Sum(ms): 8421.6, Avg(ms): 40.9, 50th(ms): 37.7, 90th(ms): 67.1, 95th(ms): 79.7, 99th(ms): 88.1, 99.9th(ms): 109.1, Max(ms): 109.1
[Current] DELIVERY - Takes(s): 9.9, Count: 199, TPM: 1200.8, Sum(ms): 20531.3, Avg(ms): 103.1, 50th(ms): 104.9, 90th(ms): 121.6, 95th(ms): 125.8, 99th(ms): 167.8, 99.9th(ms): 184.5, Max(ms): 184.5
[Current] NEW_ORDER - Takes(s): 10.0, Count: 2208, TPM: 13248.9, Sum(ms): 80678.9, Avg(ms): 36.5, 50th(ms): 37.7, 90th(ms): 46.1, 95th(ms): 48.2, 99th(ms): 56.6, 99.9th(ms): 71.3, Max(ms): 71.3
[Current] ORDER_STATUS - Takes(s): 10.0, Count: 195, TPM: 1174.2, Sum(ms): 3122.3, Avg(ms): 16.0, 50th(ms): 15.2, 90th(ms): 23.1, 95th(ms): 27.3, 99th(ms): 35.7, 99.9th(ms): 46.1, Max(ms): 46.1
[Current] PAYMENT - Takes(s): 10.0, Count: 2088, TPM: 12528.1, Sum(ms): 44359.3, Avg(ms): 21.2, 50th(ms): 21.0, 90th(ms): 26.2, 95th(ms): 29.4, 99th(ms): 39.8, 99.9th(ms): 50.3, Max(ms): 65.0
[Current] STOCK_LEVEL - Takes(s): 9.9, Count: 197, TPM: 1190.7, Sum(ms): 7923.2, Avg(ms): 40.3, 50th(ms): 37.7, 90th(ms): 60.8, 95th(ms): 71.3, 99th(ms): 79.7, 99.9th(ms): 92.3, Max(ms): 92.3
[Current] DELIVERY - Takes(s): 9.9, Count: 200, TPM: 1207.2, Sum(ms): 21147.3, Avg(ms): 105.6, 50th(ms): 104.9, 90th(ms): 125.8, 95th(ms): 130.0, 99th(ms): 151.0, 99.9th(ms): 159.4, Max(ms): 159.4
[Current] NEW_ORDER - Takes(s): 10.0, Count: 2183, TPM: 13101.0, Sum(ms): 80988.4, Avg(ms): 37.1, 50th(ms): 37.7, 90th(ms): 46.1, 95th(ms): 50.3, 99th(ms): 58.7, 99.9th(ms): 67.1, Max(ms): 75.5
[Current] ORDER_STATUS - Takes(s): 10.0, Count: 180, TPM: 1083.1, Sum(ms): 3232.2, Avg(ms): 17.9, 50th(ms): 17.8, 90th(ms): 25.2, 95th(ms): 30.4, 99th(ms): 39.8, 99.9th(ms): 48.2, Max(ms): 48.2
[Current] PAYMENT - Takes(s): 10.0, Count: 2039, TPM: 12244.8, Sum(ms): 43982.2, Avg(ms): 21.6, 50th(ms): 21.0, 90th(ms): 27.3, 95th(ms): 29.4, 99th(ms): 37.7, 99.9th(ms): 52.4, Max(ms): 54.5
[Current] STOCK_LEVEL - Takes(s): 9.9, Count: 188, TPM: 1140.0, Sum(ms): 7335.5, Avg(ms): 39.0, 50th(ms): 35.7, 90th(ms): 62.9, 95th(ms): 71.3, 99th(ms): 92.3, 99.9th(ms): 134.2, Max(ms): 134.2
[Current] DELIVERY - Takes(s): 9.9, Count: 186, TPM: 1122.2, Sum(ms): 18313.4, Avg(ms): 98.3, 50th(ms): 100.7, 90th(ms): 113.2, 95th(ms): 117.4, 99th(ms): 134.2, 99.9th(ms): 167.8, Max(ms): 167.8
[Current] NEW_ORDER - Takes(s): 10.0, Count: 2127, TPM: 12767.0, Sum(ms): 80264.9, Avg(ms): 37.8, 50th(ms): 37.7, 90th(ms): 48.2, 95th(ms): 50.3, 99th(ms): 60.8, 99.9th(ms): 79.7, Max(ms): 83.9
[Current] ORDER_STATUS - Takes(s): 10.0, Count: 177, TPM: 1062.9, Sum(ms): 2760.1, Avg(ms): 15.6, 50th(ms): 14.7, 90th(ms): 22.0, 95th(ms): 26.2, 99th(ms): 31.5, 99.9th(ms): 44.0, Max(ms): 44.0
[Current] PAYMENT - Takes(s): 10.0, Count: 1993, TPM: 11976.8, Sum(ms): 41349.8, Avg(ms): 20.8, 50th(ms): 21.0, 90th(ms): 26.2, 95th(ms): 28.3, 99th(ms): 37.7, 99.9th(ms): 56.6, Max(ms): 67.1
[Current] STOCK_LEVEL - Takes(s): 10.0, Count: 206, TPM: 1236.5, Sum(ms): 14326.1, Avg(ms): 69.6, 50th(ms): 58.7, 90th(ms): 125.8, 95th(ms): 151.0, 99th(ms): 192.9, 99.9th(ms): 243.3, Max(ms): 243.3
Finished
[Summary] DELIVERY - Takes(s): 599.9, Count: 12328, TPM: 1232.9, Sum(ms): 1190591.5, Avg(ms): 96.6, 50th(ms): 96.5, 90th(ms): 113.2, 95th(ms): 121.6, 99th(ms): 142.6, 99.9th(ms): 184.5, Max(ms): 209.7
[Summary] NEW_ORDER - Takes(s): 600.0, Count: 136689, TPM: 13668.4, Sum(ms): 4864137.1, Avg(ms): 35.6, 50th(ms): 35.7, 90th(ms): 44.0, 95th(ms): 48.2, 99th(ms): 56.6, 99.9th(ms): 71.3, Max(ms): 130.0
[Summary] ORDER_STATUS - Takes(s): 599.9, Count: 12207, TPM: 1220.8, Sum(ms): 199287.5, Avg(ms): 16.3, 50th(ms): 15.2, 90th(ms): 24.1, 95th(ms): 29.4, 99th(ms): 41.9, 99.9th(ms): 60.8, Max(ms): 79.7
[Summary] PAYMENT - Takes(s): 600.0, Count: 130139, TPM: 13013.2, Sum(ms): 2661796.7, Avg(ms): 20.5, 50th(ms): 19.9, 90th(ms): 25.2, 95th(ms): 28.3, 99th(ms): 37.7, 99.9th(ms): 52.4, Max(ms): 109.1
[Summary] STOCK_LEVEL - Takes(s): 600.0, Count: 12120, TPM: 1212.0, Sum(ms): 478459.6, Avg(ms): 39.5, 50th(ms): 33.6, 90th(ms): 65.0, 95th(ms): 79.7, 99th(ms): 130.0, 99.9th(ms): 260.0, Max(ms): 352.3
tpmC: 13668.4, tpmTotal: 30347.3, efficiency: 830.4%
