2026/04/27 12:56:12 maxprocs: Leaving GOMAXPROCS=4: CPU quota undefined
[Current] DELIVERY - Takes(s): 9.7, Count: 227, TPM: 1403.9, Sum(ms): 33966.5, Avg(ms): 149.8, 50th(ms): 151.0, 90th(ms): 184.5, 95th(ms): 209.7, 99th(ms): 285.2, 99.9th(ms): 318.8, Max(ms): 318.8
[Current] NEW_ORDER - Takes(s): 9.9, Count: 2612, TPM: 15826.3, Sum(ms): 161985.0, Avg(ms): 62.0, 50th(ms): 60.8, 90th(ms): 83.9, 95th(ms): 92.3, 99th(ms): 121.6, 99.9th(ms): 142.6, Max(ms): 159.4
[Current] ORDER_STATUS - Takes(s): 9.8, Count: 237, TPM: 1445.8, Sum(ms): 5910.0, Avg(ms): 24.9, 50th(ms): 24.1, 90th(ms): 35.7, 95th(ms): 41.9, 99th(ms): 60.8, 99.9th(ms): 96.5, Max(ms): 96.5
[Current] PAYMENT - Takes(s): 9.9, Count: 2544, TPM: 15389.2, Sum(ms): 93561.5, Avg(ms): 36.8, 50th(ms): 35.7, 90th(ms): 52.4, 95th(ms): 60.8, 99th(ms): 83.9, 99.9th(ms): 109.1, Max(ms): 159.4
[Current] STOCK_LEVEL - Takes(s): 9.9, Count: 230, TPM: 1392.6, Sum(ms): 15903.6, Avg(ms): 69.2, 50th(ms): 60.8, 90th(ms): 117.4, 95th(ms): 151.0, 99th(ms): 201.3, 99.9th(ms): 285.2, Max(ms): 285.2
[Current] DELIVERY - Takes(s): 10.0, Count: 260, TPM: 1561.6, Sum(ms): 38705.0, Avg(ms): 148.9, 50th(ms): 151.0, 90th(ms): 192.9, 95th(ms): 201.3, 99th(ms): 243.3, 99.9th(ms): 268.4, Max(ms): 268.4
[Current] NEW_ORDER - Takes(s): 10.0, Count: 2796, TPM: 16776.5, Sum(ms): 163683.9, Avg(ms): 58.6, 50th(ms): 56.6, 90th(ms): 75.5, 95th(ms): 83.9, 99th(ms): 113.2, 99.9th(ms): 142.6, Max(ms): 243.3
[Current] ORDER_STATUS - Takes(s): 10.0, Count: 261, TPM: 1569.3, Sum(ms): 6441.8, Avg(ms): 24.7, 50th(ms): 24.1, 90th(ms): 35.7, 95th(ms): 39.8, 99th(ms): 50.3, 99.9th(ms): 75.5, Max(ms): 75.5
[Current] PAYMENT - Takes(s): 10.0, Count: 2647, TPM: 15882.6, Sum(ms): 91203.4, Avg(ms): 34.5, 50th(ms): 32.5, 90th(ms): 46.1, 95th(ms): 52.4, 99th(ms): 75.5, 99.9th(ms): 100.7, Max(ms): 104.9
[Current] STOCK_LEVEL - Takes(s): 9.9, Count: 219, TPM: 1321.6, Sum(ms): 13568.0, Avg(ms): 62.1, 50th(ms): 44.0, 90th(ms): 121.6, 95th(ms): 159.4, 99th(ms): 201.3, 99.9th(ms): 209.7, Max(ms): 209.7
[Current] DELIVERY - Takes(s): 10.0, Count: 284, TPM: 1710.3, Sum(ms): 39379.0, Avg(ms): 138.9, 50th(ms): 130.0, 90th(ms): 184.5, 95th(ms): 218.1, 99th(ms): 285.2, 99.9th(ms): 335.5, Max(ms): 335.5
[Current] NEW_ORDER - Takes(s): 10.0, Count: 2790, TPM: 16745.0, Sum(ms): 160604.1, Avg(ms): 57.6, 50th(ms): 56.6, 90th(ms): 75.5, 95th(ms): 88.1, 99th(ms): 125.8, 99.9th(ms): 159.4, Max(ms): 176.2
[Current] ORDER_STATUS - Takes(s): 9.9, Count: 246, TPM: 1488.5, Sum(ms): 5813.0, Avg(ms): 23.7, 50th(ms): 23.1, 90th(ms): 35.7, 95th(ms): 39.8, 99th(ms): 52.4, 99.9th(ms): 79.7, Max(ms): 79.7
[Current] PAYMENT - Takes(s): 10.0, Count: 2704, TPM: 16226.6, Sum(ms): 90961.6, Avg(ms): 33.6, 50th(ms): 31.5, 90th(ms): 46.1, 95th(ms): 54.5, 99th(ms): 75.5, 99.9th(ms): 104.9, Max(ms): 134.2
[Current] STOCK_LEVEL - Takes(s): 10.0, Count: 256, TPM: 1536.4, Sum(ms): 16750.6, Avg(ms): 65.4, 50th(ms): 52.4, 90th(ms): 121.6, 95th(ms): 167.8, 99th(ms): 201.3, 99.9th(ms): 251.7, Max(ms): 251.7
[Current] DELIVERY - Takes(s): 10.0, Count: 240, TPM: 1441.2, Sum(ms): 33395.1, Avg(ms): 139.0, 50th(ms): 134.2, 90th(ms): 176.2, 95th(ms): 201.3, 99th(ms): 251.7, 99.9th(ms): 302.0, Max(ms): 302.0
[Current] NEW_ORDER - Takes(s): 10.0, Count: 2832, TPM: 16996.1, Sum(ms): 164793.1, Avg(ms): 58.2, 50th(ms): 56.6, 90th(ms): 79.7, 95th(ms): 92.3, 99th(ms): 113.2, 99.9th(ms): 142.6, Max(ms): 151.0
[Current] ORDER_STATUS - Takes(s): 10.0, Count: 229, TPM: 1380.2, Sum(ms): 5222.6, Avg(ms): 22.8, 50th(ms): 22.0, 90th(ms): 33.6, 95th(ms): 39.8, 99th(ms): 52.4, 99.9th(ms): 65.0, Max(ms): 65.0
[Current] PAYMENT - Takes(s): 10.0, Count: 2701, TPM: 16217.3, Sum(ms): 92144.5, Avg(ms): 34.1, 50th(ms): 32.5, 90th(ms): 48.2, 95th(ms): 56.6, 99th(ms): 75.5, 99.9th(ms): 109.1, Max(ms): 121.6
[Current] STOCK_LEVEL - Takes(s): 9.9, Count: 242, TPM: 1460.8, Sum(ms): 17894.6, Avg(ms): 74.0, 50th(ms): 58.7, 90th(ms): 151.0, 95th(ms): 201.3, 99th(ms): 260.0, 99.9th(ms): 285.2, Max(ms): 285.2
[Current] DELIVERY - Takes(s): 10.0, Count: 242, TPM: 1452.6, Sum(ms): 37994.9, Avg(ms): 156.9, 50th(ms): 151.0, 90th(ms): 201.3, 95th(ms): 226.5, 99th(ms): 335.5, 99.9th(ms): 385.9, Max(ms): 385.9
[Current] NEW_ORDER - Takes(s): 10.0, Count: 2701, TPM: 16209.0, Sum(ms): 162020.7, Avg(ms): 60.0, 50th(ms): 58.7, 90th(ms): 79.7, 95th(ms): 88.1, 99th(ms): 109.1, 99.9th(ms): 142.6, Max(ms): 184.5
[Current] ORDER_STATUS - Takes(s): 10.0, Count: 243, TPM: 1459.2, Sum(ms): 5951.4, Avg(ms): 24.5, 50th(ms): 24.1, 90th(ms): 35.7, 95th(ms): 41.9, 99th(ms): 50.3, 99.9th(ms): 58.7, Max(ms): 58.7
[Current] PAYMENT - Takes(s): 10.0, Count: 2575, TPM: 15452.3, Sum(ms): 92212.1, Avg(ms): 35.8, 50th(ms): 35.7, 90th(ms): 48.2, 95th(ms): 56.6, 99th(ms): 75.5, 99.9th(ms): 104.9, Max(ms): 109.1
[Current] STOCK_LEVEL - Takes(s): 10.0, Count: 249, TPM: 1494.9, Sum(ms): 15696.5, Avg(ms): 63.1, 50th(ms): 50.3, 90th(ms): 121.6, 95th(ms): 151.0, 99th(ms): 209.7, 99.9th(ms): 285.2, Max(ms): 285.2
[Current] DELIVERY - Takes(s): 10.0, Count: 260, TPM: 1562.9, Sum(ms): 38103.2, Avg(ms): 146.7, 50th(ms): 142.6, 90th(ms): 192.9, 95th(ms): 209.7, 99th(ms): 243.3, 99.9th(ms): 251.7, Max(ms): 251.7
[Current] NEW_ORDER - Takes(s): 10.0, Count: 2962, TPM: 17773.3, Sum(ms): 162124.1, Avg(ms): 54.7, 50th(ms): 52.4, 90th(ms): 71.3, 95th(ms): 79.7, 99th(ms): 100.7, 99.9th(ms): 218.1, Max(ms): 260.0
[Current] ORDER_STATUS - Takes(s): 9.9, Count: 274, TPM: 1656.2, Sum(ms): 6400.9, Avg(ms): 23.4, 50th(ms): 22.0, 90th(ms): 35.7, 95th(ms): 37.7, 99th(ms): 48.2, 99.9th(ms): 113.2, Max(ms): 113.2
[Current] PAYMENT - Takes(s): 10.0, Count: 2854, TPM: 17125.1, Sum(ms): 92892.4, Avg(ms): 32.6, 50th(ms): 31.5, 90th(ms): 44.0, 95th(ms): 50.3, 99th(ms): 67.1, 99.9th(ms): 159.4, Max(ms): 184.5
[Current] STOCK_LEVEL - Takes(s): 10.0, Count: 273, TPM: 1643.9, Sum(ms): 13316.7, Avg(ms): 48.8, 50th(ms): 41.9, 90th(ms): 92.3, 95th(ms): 109.1, 99th(ms): 151.0, 99.9th(ms): 251.7, Max(ms): 251.7
[Current] DELIVERY - Takes(s): 9.9, Count: 271, TPM: 1637.5, Sum(ms): 38969.0, Avg(ms): 143.9, 50th(ms): 142.6, 90th(ms): 176.2, 95th(ms): 192.9, 99th(ms): 243.3, 99.9th(ms): 285.2, Max(ms): 285.2
[Current] NEW_ORDER - Takes(s): 10.0, Count: 3056, TPM: 18339.9, Sum(ms): 162318.1, Avg(ms): 53.1, 50th(ms): 52.4, 90th(ms): 71.3, 95th(ms): 75.5, 99th(ms): 92.3, 99.9th(ms): 109.1, Max(ms): 121.6
[Current] ORDER_STATUS - Takes(s): 9.9, Count: 245, TPM: 1483.0, Sum(ms): 5517.8, Avg(ms): 22.5, 50th(ms): 22.0, 90th(ms): 33.6, 95th(ms): 35.7, 99th(ms): 41.9, 99.9th(ms): 52.4, Max(ms): 52.4
[Current] PAYMENT - Takes(s): 10.0, Count: 2885, TPM: 17311.3, Sum(ms): 91612.0, Avg(ms): 31.8, 50th(ms): 30.4, 90th(ms): 44.0, 95th(ms): 48.2, 99th(ms): 62.9, 99.9th(ms): 79.7, Max(ms): 88.1
[Current] STOCK_LEVEL - Takes(s): 10.0, Count: 306, TPM: 1838.9, Sum(ms): 13832.2, Avg(ms): 45.2, 50th(ms): 39.8, 90th(ms): 75.5, 95th(ms): 92.3, 99th(ms): 142.6, 99.9th(ms): 201.3, Max(ms): 201.3
[Current] DELIVERY - Takes(s): 10.0, Count: 305, TPM: 1832.4, Sum(ms): 44697.9, Avg(ms): 146.6, 50th(ms): 142.6, 90th(ms): 176.2, 95th(ms): 192.9, 99th(ms): 268.4, 99.9th(ms): 302.0, Max(ms): 302.0
[Current] NEW_ORDER - Takes(s): 10.0, Count: 3060, TPM: 18360.4, Sum(ms): 159686.1, Avg(ms): 52.2, 50th(ms): 52.4, 90th(ms): 67.1, 95th(ms): 71.3, 99th(ms): 88.1, 99.9th(ms): 113.2, Max(ms): 130.0
[Current] ORDER_STATUS - Takes(s): 10.0, Count: 264, TPM: 1584.3, Sum(ms): 5831.9, Avg(ms): 22.1, 50th(ms): 22.0, 90th(ms): 31.5, 95th(ms): 32.5, 99th(ms): 37.7, 99.9th(ms): 41.9, Max(ms): 41.9
[Current] PAYMENT - Takes(s): 10.0, Count: 2885, TPM: 17314.9, Sum(ms): 91936.7, Avg(ms): 31.9, 50th(ms): 30.4, 90th(ms): 41.9, 95th(ms): 48.2, 99th(ms): 65.0, 99.9th(ms): 83.9, Max(ms): 104.9
[Current] STOCK_LEVEL - Takes(s): 9.9, Count: 279, TPM: 1684.8, Sum(ms): 10741.0, Avg(ms): 38.5, 50th(ms): 33.6, 90th(ms): 67.1, 95th(ms): 71.3, 99th(ms): 92.3, 99.9th(ms): 109.1, Max(ms): 109.1
[Current] DELIVERY - Takes(s): 9.9, Count: 288, TPM: 1741.7, Sum(ms): 41505.5, Avg(ms): 144.4, 50th(ms): 142.6, 90th(ms): 176.2, 95th(ms): 184.5, 99th(ms): 234.9, 99.9th(ms): 285.2, Max(ms): 285.2
[Current] NEW_ORDER - Takes(s): 10.0, Count: 3082, TPM: 18492.6, Sum(ms): 161938.6, Avg(ms): 52.5, 50th(ms): 52.4, 90th(ms): 67.1, 95th(ms): 75.5, 99th(ms): 88.1, 99.9th(ms): 104.9, Max(ms): 121.6
[Current] ORDER_STATUS - Takes(s): 10.0, Count: 266, TPM: 1600.3, Sum(ms): 6036.6, Avg(ms): 22.7, 50th(ms): 22.0, 90th(ms): 32.5, 95th(ms): 35.7, 99th(ms): 41.9, 99.9th(ms): 54.5, Max(ms): 54.5
[Current] PAYMENT - Takes(s): 10.0, Count: 2921, TPM: 17529.1, Sum(ms): 93648.1, Avg(ms): 32.1, 50th(ms): 30.4, 90th(ms): 41.9, 95th(ms): 48.2, 99th(ms): 65.0, 99.9th(ms): 88.1, Max(ms): 96.5
[Current] STOCK_LEVEL - Takes(s): 10.0, Count: 253, TPM: 1519.5, Sum(ms): 9073.1, Avg(ms): 35.9, 50th(ms): 33.6, 90th(ms): 54.5, 95th(ms): 60.8, 99th(ms): 79.7, 99.9th(ms): 125.8, Max(ms): 125.8
[Current] DELIVERY - Takes(s): 10.0, Count: 276, TPM: 1658.0, Sum(ms): 40189.4, Avg(ms): 145.8, 50th(ms): 142.6, 90th(ms): 176.2, 95th(ms): 192.9, 99th(ms): 234.9, 99.9th(ms): 268.4, Max(ms): 268.4
[Current] NEW_ORDER - Takes(s): 10.0, Count: 3021, TPM: 18138.0, Sum(ms): 160933.5, Avg(ms): 53.3, 50th(ms): 52.4, 90th(ms): 71.3, 95th(ms): 75.5, 99th(ms): 92.3, 99.9th(ms): 117.4, Max(ms): 125.8
[Current] ORDER_STATUS - Takes(s): 10.0, Count: 284, TPM: 1708.7, Sum(ms): 6402.8, Avg(ms): 22.6, 50th(ms): 22.0, 90th(ms): 32.5, 95th(ms): 35.7, 99th(ms): 44.0, 99.9th(ms): 52.4, Max(ms): 52.4
[Current] PAYMENT - Takes(s): 10.0, Count: 2891, TPM: 17359.1, Sum(ms): 93635.7, Avg(ms): 32.4, 50th(ms): 31.5, 90th(ms): 44.0, 95th(ms): 50.3, 99th(ms): 65.0, 99.9th(ms): 83.9, Max(ms): 104.9
[Current] STOCK_LEVEL - Takes(s): 10.0, Count: 297, TPM: 1782.3, Sum(ms): 11620.6, Avg(ms): 39.1, 50th(ms): 37.7, 90th(ms): 58.7, 95th(ms): 67.1, 99th(ms): 104.9, 99.9th(ms): 125.8, Max(ms): 125.8
[Current] DELIVERY - Takes(s): 10.0, Count: 219, TPM: 1319.2, Sum(ms): 34543.6, Avg(ms): 157.9, 50th(ms): 159.4, 90th(ms): 192.9, 95th(ms): 226.5, 99th(ms): 302.0, 99.9th(ms): 335.5, Max(ms): 335.5
[Current] NEW_ORDER - Takes(s): 10.0, Count: 2878, TPM: 17275.1, Sum(ms): 164477.4, Avg(ms): 57.2, 50th(ms): 56.6, 90th(ms): 75.5, 95th(ms): 83.9, 99th(ms): 96.5, 99.9th(ms): 142.6, Max(ms): 176.2
[Current] ORDER_STATUS - Takes(s): 10.0, Count: 245, TPM: 1471.9, Sum(ms): 5776.9, Avg(ms): 23.6, 50th(ms): 23.1, 90th(ms): 33.6, 95th(ms): 37.7, 99th(ms): 48.2, 99.9th(ms): 60.8, Max(ms): 60.8
[Current] PAYMENT - Takes(s): 10.0, Count: 2776, TPM: 16677.6, Sum(ms): 96734.9, Avg(ms): 34.8, 50th(ms): 33.6, 90th(ms): 48.2, 95th(ms): 54.5, 99th(ms): 75.5, 99.9th(ms): 88.1, Max(ms): 130.0
[Current] STOCK_LEVEL - Takes(s): 9.9, Count: 249, TPM: 1502.0, Sum(ms): 11650.2, Avg(ms): 46.8, 50th(ms): 41.9, 90th(ms): 71.3, 95th(ms): 100.7, 99th(ms): 151.0, 99.9th(ms): 209.7, Max(ms): 209.7
[Current] DELIVERY - Takes(s): 10.0, Count: 241, TPM: 1446.6, Sum(ms): 35985.1, Avg(ms): 149.5, 50th(ms): 151.0, 90th(ms): 184.5, 95th(ms): 201.3, 99th(ms): 226.5, 99.9th(ms): 302.0, Max(ms): 302.0
[Current] NEW_ORDER - Takes(s): 10.0, Count: 3013, TPM: 18088.7, Sum(ms): 166871.4, Avg(ms): 55.4, 50th(ms): 54.5, 90th(ms): 71.3, 95th(ms): 79.7, 99th(ms): 100.7, 99.9th(ms): 117.4, Max(ms): 121.6
[Current] ORDER_STATUS - Takes(s): 10.0, Count: 275, TPM: 1656.6, Sum(ms): 6046.8, Avg(ms): 22.0, 50th(ms): 21.0, 90th(ms): 31.5, 95th(ms): 35.7, 99th(ms): 44.0, 99.9th(ms): 50.3, Max(ms): 50.3
[Current] PAYMENT - Takes(s): 10.0, Count: 2779, TPM: 16684.9, Sum(ms): 91983.9, Avg(ms): 33.1, 50th(ms): 31.5, 90th(ms): 44.0, 95th(ms): 50.3, 99th(ms): 71.3, 99.9th(ms): 92.3, Max(ms): 109.1
[Current] STOCK_LEVEL - Takes(s): 10.0, Count: 275, TPM: 1655.8, Sum(ms): 12127.3, Avg(ms): 44.1, 50th(ms): 37.7, 90th(ms): 71.3, 95th(ms): 92.3, 99th(ms): 121.6, 99.9th(ms): 151.0, Max(ms): 151.0
[Current] DELIVERY - Takes(s): 10.0, Count: 246, TPM: 1480.4, Sum(ms): 39374.5, Avg(ms): 160.1, 50th(ms): 159.4, 90th(ms): 209.7, 95th(ms): 234.9, 99th(ms): 285.2, 99.9th(ms): 302.0, Max(ms): 302.0
[Current] NEW_ORDER - Takes(s): 10.0, Count: 2778, TPM: 16669.7, Sum(ms): 162439.8, Avg(ms): 58.5, 50th(ms): 56.6, 90th(ms): 83.9, 95th(ms): 92.3, 99th(ms): 113.2, 99.9th(ms): 142.6, Max(ms): 226.5
[Current] ORDER_STATUS - Takes(s): 10.0, Count: 271, TPM: 1630.4, Sum(ms): 6774.1, Avg(ms): 25.0, 50th(ms): 23.1, 90th(ms): 37.7, 95th(ms): 44.0, 99th(ms): 65.0, 99.9th(ms): 88.1, Max(ms): 88.1
[Current] PAYMENT - Takes(s): 10.0, Count: 2666, TPM: 16004.4, Sum(ms): 93476.1, Avg(ms): 35.1, 50th(ms): 33.6, 90th(ms): 50.3, 95th(ms): 56.6, 99th(ms): 75.5, 99.9th(ms): 104.9, Max(ms): 142.6
[Current] STOCK_LEVEL - Takes(s): 10.0, Count: 246, TPM: 1477.8, Sum(ms): 10847.3, Avg(ms): 44.1, 50th(ms): 39.8, 90th(ms): 62.9, 95th(ms): 75.5, 99th(ms): 184.5, 99.9th(ms): 318.8, Max(ms): 318.8
[Current] DELIVERY - Takes(s): 9.9, Count: 272, TPM: 1640.8, Sum(ms): 43319.5, Avg(ms): 159.2, 50th(ms): 151.0, 90th(ms): 218.1, 95th(ms): 243.3, 99th(ms): 285.2, 99.9th(ms): 318.8, Max(ms): 318.8
[Current] NEW_ORDER - Takes(s): 10.0, Count: 2707, TPM: 16246.1, Sum(ms): 158486.0, Avg(ms): 58.5, 50th(ms): 56.6, 90th(ms): 79.7, 95th(ms): 88.1, 99th(ms): 113.2, 99.9th(ms): 142.6, Max(ms): 151.0
[Current] ORDER_STATUS - Takes(s): 9.9, Count: 231, TPM: 1397.2, Sum(ms): 5748.0, Avg(ms): 24.9, 50th(ms): 24.1, 90th(ms): 35.7, 95th(ms): 41.9, 99th(ms): 54.5, 99.9th(ms): 67.1, Max(ms): 67.1
[Current] PAYMENT - Takes(s): 10.0, Count: 2628, TPM: 15772.5, Sum(ms): 92960.4, Avg(ms): 35.4, 50th(ms): 33.6, 90th(ms): 48.2, 95th(ms): 56.6, 99th(ms): 79.7, 99.9th(ms): 125.8, Max(ms): 151.0
[Current] STOCK_LEVEL - Takes(s): 10.0, Count: 220, TPM: 1321.8, Sum(ms): 12361.7, Avg(ms): 56.2, 50th(ms): 44.0, 90th(ms): 83.9, 95th(ms): 134.2, 99th(ms): 335.5, 99.9th(ms): 385.9, Max(ms): 385.9
[Current] DELIVERY - Takes(s): 10.0, Count: 247, TPM: 1482.2, Sum(ms): 36289.0, Avg(ms): 147.1, 50th(ms): 142.6, 90th(ms): 184.5, 95th(ms): 201.3, 99th(ms): 285.2, 99.9th(ms): 385.9, Max(ms): 385.9
[Current] NEW_ORDER - Takes(s): 10.0, Count: 2756, TPM: 16543.7, Sum(ms): 165727.0, Avg(ms): 60.2, 50th(ms): 58.7, 90th(ms): 79.7, 95th(ms): 88.1, 99th(ms): 104.9, 99.9th(ms): 151.0, Max(ms): 176.2
[Current] ORDER_STATUS - Takes(s): 10.0, Count: 253, TPM: 1518.5, Sum(ms): 5783.2, Avg(ms): 22.9, 50th(ms): 22.0, 90th(ms): 33.6, 95th(ms): 39.8, 99th(ms): 52.4, 99.9th(ms): 56.6, Max(ms): 56.6
[Current] PAYMENT - Takes(s): 10.0, Count: 2586, TPM: 15524.9, Sum(ms): 92697.7, Avg(ms): 35.9, 50th(ms): 35.7, 90th(ms): 50.3, 95th(ms): 56.6, 99th(ms): 75.5, 99.9th(ms): 104.9, Max(ms): 109.1
[Current] STOCK_LEVEL - Takes(s): 10.0, Count: 236, TPM: 1416.2, Sum(ms): 14732.4, Avg(ms): 62.5, 50th(ms): 54.5, 90th(ms): 104.9, 95th(ms): 125.8, 99th(ms): 268.4, 99.9th(ms): 369.1, Max(ms): 369.1
[Current] DELIVERY - Takes(s): 10.0, Count: 251, TPM: 1506.5, Sum(ms): 37965.9, Avg(ms): 151.4, 50th(ms): 151.0, 90th(ms): 192.9, 95th(ms): 209.7, 99th(ms): 268.4, 99.9th(ms): 335.5, Max(ms): 335.5
[Current] NEW_ORDER - Takes(s): 10.0, Count: 2775, TPM: 16654.6, Sum(ms): 163004.4, Avg(ms): 58.7, 50th(ms): 56.6, 90th(ms): 79.7, 95th(ms): 88.1, 99th(ms): 117.4, 99.9th(ms): 167.8, Max(ms): 226.5
[Current] ORDER_STATUS - Takes(s): 10.0, Count: 271, TPM: 1630.1, Sum(ms): 6727.2, Avg(ms): 24.8, 50th(ms): 23.1, 90th(ms): 37.7, 95th(ms): 41.9, 99th(ms): 56.6, 99.9th(ms): 151.0, Max(ms): 151.0
[Current] PAYMENT - Takes(s): 10.0, Count: 2596, TPM: 15576.4, Sum(ms): 91676.6, Avg(ms): 35.3, 50th(ms): 33.6, 90th(ms): 48.2, 95th(ms): 56.6, 99th(ms): 75.5, 99.9th(ms): 121.6, Max(ms): 192.9
[Current] STOCK_LEVEL - Takes(s): 9.9, Count: 272, TPM: 1641.0, Sum(ms): 13869.7, Avg(ms): 51.0, 50th(ms): 46.1, 90th(ms): 83.9, 95th(ms): 96.5, 99th(ms): 142.6, 99.9th(ms): 192.9, Max(ms): 192.9
[Current] DELIVERY - Takes(s): 9.9, Count: 254, TPM: 1535.2, Sum(ms): 44233.2, Avg(ms): 174.4, 50th(ms): 167.8, 90th(ms): 226.5, 95th(ms): 243.3, 99th(ms): 285.2, 99.9th(ms): 352.3, Max(ms): 352.3
[Current] NEW_ORDER - Takes(s): 10.0, Count: 2696, TPM: 16178.6, Sum(ms): 161246.4, Avg(ms): 59.9, 50th(ms): 58.7, 90th(ms): 79.7, 95th(ms): 88.1, 99th(ms): 104.9, 99.9th(ms): 134.2, Max(ms): 226.5
[Current] ORDER_STATUS - Takes(s): 10.0, Count: 245, TPM: 1471.5, Sum(ms): 6548.8, Avg(ms): 26.8, 50th(ms): 25.2, 90th(ms): 41.9, 95th(ms): 46.1, 99th(ms): 56.6, 99.9th(ms): 62.9, Max(ms): 62.9
[Current] PAYMENT - Takes(s): 10.0, Count: 2476, TPM: 14857.3, Sum(ms): 90577.1, Avg(ms): 36.6, 50th(ms): 35.7, 90th(ms): 50.3, 95th(ms): 58.7, 99th(ms): 79.7, 99.9th(ms): 121.6, Max(ms): 142.6
[Current] STOCK_LEVEL - Takes(s): 9.9, Count: 256, TPM: 1547.4, Sum(ms): 10802.0, Avg(ms): 42.2, 50th(ms): 39.8, 90th(ms): 60.8, 95th(ms): 79.7, 99th(ms): 104.9, 99.9th(ms): 151.0, Max(ms): 151.0
[Current] DELIVERY - Takes(s): 10.0, Count: 261, TPM: 1573.3, Sum(ms): 43422.0, Avg(ms): 166.4, 50th(ms): 159.4, 90th(ms): 209.7, 95th(ms): 226.5, 99th(ms): 302.0, 99.9th(ms): 385.9, Max(ms): 385.9
[Current] NEW_ORDER - Takes(s): 10.0, Count: 2828, TPM: 16975.8, Sum(ms): 158482.2, Avg(ms): 56.1, 50th(ms): 54.5, 90th(ms): 75.5, 95th(ms): 83.9, 99th(ms): 104.9, 99.9th(ms): 142.6, Max(ms): 167.8
[Current] ORDER_STATUS - Takes(s): 9.9, Count: 239, TPM: 1445.5, Sum(ms): 6164.8, Avg(ms): 25.8, 50th(ms): 24.1, 90th(ms): 37.7, 95th(ms): 44.0, 99th(ms): 50.3, 99.9th(ms): 52.4, Max(ms): 52.4
[Current] PAYMENT - Takes(s): 10.0, Count: 2695, TPM: 16179.0, Sum(ms): 95056.5, Avg(ms): 35.3, 50th(ms): 33.6, 90th(ms): 50.3, 95th(ms): 58.7, 99th(ms): 79.7, 99.9th(ms): 96.5, Max(ms): 104.9
[Current] STOCK_LEVEL - Takes(s): 10.0, Count: 254, TPM: 1529.3, Sum(ms): 9133.5, Avg(ms): 35.9, 50th(ms): 35.7, 90th(ms): 52.4, 95th(ms): 58.7, 99th(ms): 79.7, 99.9th(ms): 109.1, Max(ms): 109.1
[Current] DELIVERY - Takes(s): 10.0, Count: 263, TPM: 1579.3, Sum(ms): 39722.2, Avg(ms): 151.0, 50th(ms): 151.0, 90th(ms): 192.9, 95th(ms): 209.7, 99th(ms): 243.3, 99.9th(ms): 352.3, Max(ms): 352.3
[Current] NEW_ORDER - Takes(s): 10.0, Count: 2991, TPM: 17947.2, Sum(ms): 160147.3, Avg(ms): 53.5, 50th(ms): 52.4, 90th(ms): 71.3, 95th(ms): 79.7, 99th(ms): 96.5, 99.9th(ms): 113.2, Max(ms): 184.5
[Current] ORDER_STATUS - Takes(s): 10.0, Count: 265, TPM: 1593.1, Sum(ms): 6069.0, Avg(ms): 22.9, 50th(ms): 22.0, 90th(ms): 32.5, 95th(ms): 37.7, 99th(ms): 44.0, 99.9th(ms): 46.1, Max(ms): 46.1
[Current] PAYMENT - Takes(s): 10.0, Count: 2925, TPM: 17551.2, Sum(ms): 95673.8, Avg(ms): 32.7, 50th(ms): 31.5, 90th(ms): 44.0, 95th(ms): 52.4, 99th(ms): 67.1, 99.9th(ms): 100.7, Max(ms): 109.1
[Current] STOCK_LEVEL - Takes(s): 10.0, Count: 297, TPM: 1786.3, Sum(ms): 11138.9, Avg(ms): 37.5, 50th(ms): 35.7, 90th(ms): 58.7, 95th(ms): 65.0, 99th(ms): 83.9, 99.9th(ms): 104.9, Max(ms): 104.9
[Current] DELIVERY - Takes(s): 10.0, Count: 269, TPM: 1615.2, Sum(ms): 39075.2, Avg(ms): 145.4, 50th(ms): 142.6, 90th(ms): 176.2, 95th(ms): 192.9, 99th(ms): 260.0, 99.9th(ms): 302.0, Max(ms): 302.0
[Current] NEW_ORDER - Takes(s): 10.0, Count: 3053, TPM: 18318.4, Sum(ms): 163108.1, Avg(ms): 53.5, 50th(ms): 52.4, 90th(ms): 71.3, 95th(ms): 75.5, 99th(ms): 92.3, 99.9th(ms): 117.4, Max(ms): 142.6
[Current] ORDER_STATUS - Takes(s): 10.0, Count: 246, TPM: 1478.4, Sum(ms): 5718.2, Avg(ms): 23.3, 50th(ms): 23.1, 90th(ms): 32.5, 95th(ms): 37.7, 99th(ms): 48.2, 99.9th(ms): 58.7, Max(ms): 58.7
[Current] PAYMENT - Takes(s): 10.0, Count: 2856, TPM: 17137.7, Sum(ms): 91892.8, Avg(ms): 32.2, 50th(ms): 31.5, 90th(ms): 44.0, 95th(ms): 50.3, 99th(ms): 62.9, 99.9th(ms): 88.1, Max(ms): 113.2
[Current] STOCK_LEVEL - Takes(s): 9.9, Count: 271, TPM: 1636.3, Sum(ms): 13074.8, Avg(ms): 48.3, 50th(ms): 37.7, 90th(ms): 75.5, 95th(ms): 117.4, 99th(ms): 209.7, 99.9th(ms): 285.2, Max(ms): 285.2
[Current] DELIVERY - Takes(s): 10.0, Count: 246, TPM: 1480.5, Sum(ms): 34846.9, Avg(ms): 141.8, 50th(ms): 142.6, 90th(ms): 167.8, 95th(ms): 184.5, 99th(ms): 218.1, 99.9th(ms): 285.2, Max(ms): 285.2
[Current] NEW_ORDER - Takes(s): 10.0, Count: 3126, TPM: 18767.3, Sum(ms): 163921.3, Avg(ms): 52.4, 50th(ms): 52.4, 90th(ms): 67.1, 95th(ms): 71.3, 99th(ms): 83.9, 99.9th(ms): 100.7, Max(ms): 113.2
[Current] ORDER_STATUS - Takes(s): 10.0, Count: 269, TPM: 1615.3, Sum(ms): 6170.0, Avg(ms): 22.9, 50th(ms): 22.0, 90th(ms): 32.5, 95th(ms): 37.7, 99th(ms): 41.9, 99.9th(ms): 50.3, Max(ms): 50.3
[Current] PAYMENT - Takes(s): 10.0, Count: 3045, TPM: 18278.1, Sum(ms): 96485.6, Avg(ms): 31.7, 50th(ms): 30.4, 90th(ms): 41.9, 95th(ms): 48.2, 99th(ms): 67.1, 99.9th(ms): 92.3, Max(ms): 104.9
[Current] STOCK_LEVEL - Takes(s): 10.0, Count: 261, TPM: 1568.5, Sum(ms): 10451.0, Avg(ms): 40.0, 50th(ms): 35.7, 90th(ms): 60.8, 95th(ms): 83.9, 99th(ms): 117.4, 99.9th(ms): 226.5, Max(ms): 226.5
[Current] DELIVERY - Takes(s): 10.0, Count: 273, TPM: 1644.2, Sum(ms): 39132.9, Avg(ms): 143.3, 50th(ms): 142.6, 90th(ms): 176.2, 95th(ms): 184.5, 99th(ms): 226.5, 99.9th(ms): 318.8, Max(ms): 318.8
[Current] NEW_ORDER - Takes(s): 10.0, Count: 3064, TPM: 18385.4, Sum(ms): 165294.5, Avg(ms): 53.9, 50th(ms): 54.5, 90th(ms): 71.3, 95th(ms): 75.5, 99th(ms): 92.3, 99.9th(ms): 117.4, Max(ms): 130.0
[Current] ORDER_STATUS - Takes(s): 9.9, Count: 246, TPM: 1486.6, Sum(ms): 5466.3, Avg(ms): 22.2, 50th(ms): 22.0, 90th(ms): 31.5, 95th(ms): 33.6, 99th(ms): 37.7, 99.9th(ms): 75.5, Max(ms): 75.5
[Current] PAYMENT - Takes(s): 10.0, Count: 2851, TPM: 17109.6, Sum(ms): 90942.1, Avg(ms): 31.9, 50th(ms): 30.4, 90th(ms): 41.9, 95th(ms): 48.2, 99th(ms): 65.0, 99.9th(ms): 96.5, Max(ms): 121.6
[Current] STOCK_LEVEL - Takes(s): 9.9, Count: 271, TPM: 1644.9, Sum(ms): 11272.6, Avg(ms): 41.6, 50th(ms): 37.7, 90th(ms): 65.0, 95th(ms): 75.5, 99th(ms): 117.4, 99.9th(ms): 201.3, Max(ms): 201.3
[Current] DELIVERY - Takes(s): 10.0, Count: 223, TPM: 1339.6, Sum(ms): 37163.6, Avg(ms): 166.7, 50th(ms): 167.8, 90th(ms): 201.3, 95th(ms): 226.5, 99th(ms): 302.0, 99.9th(ms): 318.8, Max(ms): 318.8
[Current] NEW_ORDER - Takes(s): 10.0, Count: 2666, TPM: 15998.7, Sum(ms): 164175.5, Avg(ms): 61.6, 50th(ms): 60.8, 90th(ms): 79.7, 95th(ms): 88.1, 99th(ms): 121.6, 99.9th(ms): 151.0, Max(ms): 159.4
[Current] ORDER_STATUS - Takes(s): 10.0, Count: 258, TPM: 1549.9, Sum(ms): 6933.5, Avg(ms): 26.9, 50th(ms): 26.2, 90th(ms): 39.8, 95th(ms): 44.0, 99th(ms): 58.7, 99.9th(ms): 96.5, Max(ms): 96.5
[Current] PAYMENT - Takes(s): 10.0, Count: 2558, TPM: 15348.8, Sum(ms): 93692.0, Avg(ms): 36.6, 50th(ms): 35.7, 90th(ms): 50.3, 95th(ms): 56.6, 99th(ms): 79.7, 99.9th(ms): 100.7, Max(ms): 113.2
[Current] STOCK_LEVEL - Takes(s): 10.0, Count: 230, TPM: 1381.1, Sum(ms): 10282.9, Avg(ms): 44.8, 50th(ms): 39.8, 90th(ms): 65.0, 95th(ms): 75.5, 99th(ms): 121.6, 99.9th(ms): 151.0, Max(ms): 151.0
[Current] DELIVERY - Takes(s): 10.0, Count: 222, TPM: 1336.8, Sum(ms): 36880.4, Avg(ms): 166.1, 50th(ms): 167.8, 90th(ms): 201.3, 95th(ms): 218.1, 99th(ms): 260.0, 99.9th(ms): 402.7, Max(ms): 402.7
[Current] NEW_ORDER - Takes(s): 10.0, Count: 2770, TPM: 16620.3, Sum(ms): 166880.4, Avg(ms): 60.3, 50th(ms): 60.8, 90th(ms): 79.7, 95th(ms): 83.9, 99th(ms): 100.7, 99.9th(ms): 125.8, Max(ms): 209.7
[Current] ORDER_STATUS - Takes(s): 10.0, Count: 238, TPM: 1430.3, Sum(ms): 6258.7, Avg(ms): 26.3, 50th(ms): 26.2, 90th(ms): 37.7, 95th(ms): 44.0, 99th(ms): 52.4, 99.9th(ms): 71.3, Max(ms): 71.3
[Current] PAYMENT - Takes(s): 10.0, Count: 2538, TPM: 15228.0, Sum(ms): 91897.7, Avg(ms): 36.2, 50th(ms): 35.7, 90th(ms): 48.2, 95th(ms): 56.6, 99th(ms): 75.5, 99.9th(ms): 100.7, Max(ms): 134.2
[Current] STOCK_LEVEL - Takes(s): 10.0, Count: 247, TPM: 1486.1, Sum(ms): 10914.8, Avg(ms): 44.2, 50th(ms): 39.8, 90th(ms): 67.1, 95th(ms): 88.1, 99th(ms): 104.9, 99.9th(ms): 159.4, Max(ms): 159.4
[Current] DELIVERY - Takes(s): 10.0, Count: 236, TPM: 1419.8, Sum(ms): 41217.2, Avg(ms): 174.4, 50th(ms): 176.2, 90th(ms): 218.1, 95th(ms): 226.5, 99th(ms): 260.0, 99.9th(ms): 352.3, Max(ms): 352.3
[Current] NEW_ORDER - Takes(s): 10.0, Count: 2627, TPM: 15772.6, Sum(ms): 160593.4, Avg(ms): 61.2, 50th(ms): 60.8, 90th(ms): 79.7, 95th(ms): 88.1, 99th(ms): 104.9, 99.9th(ms): 130.0, Max(ms): 184.5
[Current] ORDER_STATUS - Takes(s): 9.9, Count: 204, TPM: 1234.3, Sum(ms): 5796.6, Avg(ms): 28.4, 50th(ms): 27.3, 90th(ms): 41.9, 95th(ms): 46.1, 99th(ms): 54.5, 99.9th(ms): 67.1, Max(ms): 67.1
[Current] PAYMENT - Takes(s): 10.0, Count: 2574, TPM: 15446.8, Sum(ms): 96938.2, Avg(ms): 37.7, 50th(ms): 35.7, 90th(ms): 52.4, 95th(ms): 58.7, 99th(ms): 79.7, 99.9th(ms): 96.5, Max(ms): 142.6
[Current] STOCK_LEVEL - Takes(s): 9.9, Count: 176, TPM: 1068.9, Sum(ms): 8227.0, Avg(ms): 46.7, 50th(ms): 39.8, 90th(ms): 67.1, 95th(ms): 88.1, 99th(ms): 192.9, 99.9th(ms): 226.5, Max(ms): 226.5
[Current] DELIVERY - Takes(s): 10.0, Count: 240, TPM: 1443.7, Sum(ms): 40722.6, Avg(ms): 169.4, 50th(ms): 167.8, 90th(ms): 209.7, 95th(ms): 226.5, 99th(ms): 268.4, 99.9th(ms): 335.5, Max(ms): 335.5
[Current] NEW_ORDER - Takes(s): 10.0, Count: 2479, TPM: 14876.6, Sum(ms): 153810.1, Avg(ms): 62.1, 50th(ms): 60.8, 90th(ms): 83.9, 95th(ms): 88.1, 99th(ms): 104.9, 99.9th(ms): 142.6, Max(ms): 159.4
[Current] ORDER_STATUS - Takes(s): 10.0, Count: 236, TPM: 1420.1, Sum(ms): 6199.2, Avg(ms): 26.3, 50th(ms): 24.1, 90th(ms): 37.7, 95th(ms): 44.0, 99th(ms): 92.3, 99.9th(ms): 121.6, Max(ms): 121.6
[Current] PAYMENT - Takes(s): 10.0, Count: 2427, TPM: 14570.5, Sum(ms): 90855.0, Avg(ms): 37.5, 50th(ms): 37.7, 90th(ms): 50.3, 95th(ms): 56.6, 99th(ms): 75.5, 99.9th(ms): 104.9, Max(ms): 130.0
[Current] STOCK_LEVEL - Takes(s): 10.0, Count: 254, TPM: 1529.9, Sum(ms): 22032.8, Avg(ms): 86.8, 50th(ms): 52.4, 90th(ms): 201.3, 95th(ms): 243.3, 99th(ms): 335.5, 99.9th(ms): 385.9, Max(ms): 385.9
[Current] DELIVERY - Takes(s): 10.0, Count: 211, TPM: 1266.0, Sum(ms): 35704.8, Avg(ms): 169.4, 50th(ms): 167.8, 90th(ms): 209.7, 95th(ms): 226.5, 99th(ms): 285.2, 99.9th(ms): 302.0, Max(ms): 302.0
[Current] NEW_ORDER - Takes(s): 10.0, Count: 2589, TPM: 15555.1, Sum(ms): 162802.4, Avg(ms): 62.9, 50th(ms): 62.9, 90th(ms): 83.9, 95th(ms): 92.3, 99th(ms): 109.1, 99.9th(ms): 125.8, Max(ms): 209.7
[Current] ORDER_STATUS - Takes(s): 10.0, Count: 239, TPM: 1436.6, Sum(ms): 6511.5, Avg(ms): 27.3, 50th(ms): 25.2, 90th(ms): 39.8, 95th(ms): 48.2, 99th(ms): 65.0, 99.9th(ms): 142.6, Max(ms): 142.6
[Current] PAYMENT - Takes(s): 10.0, Count: 2375, TPM: 14252.6, Sum(ms): 92090.0, Avg(ms): 38.8, 50th(ms): 37.7, 90th(ms): 52.4, 95th(ms): 60.8, 99th(ms): 79.7, 99.9th(ms): 121.6, Max(ms): 151.0
[Current] STOCK_LEVEL - Takes(s): 10.0, Count: 226, TPM: 1362.0, Sum(ms): 16541.8, Avg(ms): 73.3, 50th(ms): 58.7, 90th(ms): 134.2, 95th(ms): 176.2, 99th(ms): 243.3, 99.9th(ms): 352.3, Max(ms): 352.3
[Current] DELIVERY - Takes(s): 10.0, Count: 256, TPM: 1540.1, Sum(ms): 40484.7, Avg(ms): 158.1, 50th(ms): 159.4, 90th(ms): 192.9, 95th(ms): 218.1, 99th(ms): 251.7, 99.9th(ms): 302.0, Max(ms): 302.0
[Current] NEW_ORDER - Takes(s): 10.0, Count: 2609, TPM: 15656.3, Sum(ms): 155692.5, Avg(ms): 59.7, 50th(ms): 58.7, 90th(ms): 79.7, 95th(ms): 88.1, 99th(ms): 104.9, 99.9th(ms): 117.4, Max(ms): 142.6
[Current] ORDER_STATUS - Takes(s): 10.0, Count: 278, TPM: 1668.5, Sum(ms): 7203.2, Avg(ms): 26.0, 50th(ms): 24.1, 90th(ms): 37.7, 95th(ms): 46.1, 99th(ms): 71.3, 99.9th(ms): 117.4, Max(ms): 117.4
[Current] PAYMENT - Takes(s): 10.0, Count: 2624, TPM: 15743.9, Sum(ms): 95969.1, Avg(ms): 36.6, 50th(ms): 35.7, 90th(ms): 50.3, 95th(ms): 56.6, 99th(ms): 79.7, 99.9th(ms): 104.9, Max(ms): 142.6
[Current] STOCK_LEVEL - Takes(s): 10.0, Count: 266, TPM: 1600.5, Sum(ms): 14217.9, Avg(ms): 53.5, 50th(ms): 44.0, 90th(ms): 92.3, 95th(ms): 121.6, 99th(ms): 192.9, 99.9th(ms): 234.9, Max(ms): 234.9
[Current] DELIVERY - Takes(s): 10.0, Count: 235, TPM: 1415.1, Sum(ms): 39993.3, Avg(ms): 170.3, 50th(ms): 176.2, 90th(ms): 209.7, 95th(ms): 226.5, 99th(ms): 268.4, 99.9th(ms): 302.0, Max(ms): 302.0
[Current] NEW_ORDER - Takes(s): 10.0, Count: 2586, TPM: 15520.3, Sum(ms): 160347.0, Avg(ms): 62.0, 50th(ms): 60.8, 90th(ms): 79.7, 95th(ms): 88.1, 99th(ms): 109.1, 99.9th(ms): 125.8, Max(ms): 151.0
[Current] ORDER_STATUS - Takes(s): 9.9, Count: 249, TPM: 1504.3, Sum(ms): 6722.0, Avg(ms): 27.0, 50th(ms): 25.2, 90th(ms): 39.8, 95th(ms): 44.0, 99th(ms): 65.0, 99.9th(ms): 92.3, Max(ms): 92.3
[Current] PAYMENT - Takes(s): 10.0, Count: 2444, TPM: 14670.2, Sum(ms): 93816.8, Avg(ms): 38.4, 50th(ms): 37.7, 90th(ms): 52.4, 95th(ms): 58.7, 99th(ms): 79.7, 99.9th(ms): 109.1, Max(ms): 1073.7
[Current] STOCK_LEVEL - Takes(s): 9.9, Count: 222, TPM: 1347.2, Sum(ms): 12343.2, Avg(ms): 55.6, 50th(ms): 46.1, 90th(ms): 92.3, 95th(ms): 142.6, 99th(ms): 218.1, 99.9th(ms): 318.8, Max(ms): 318.8
[Current] DELIVERY - Takes(s): 10.0, Count: 271, TPM: 1628.2, Sum(ms): 48301.0, Avg(ms): 178.4, 50th(ms): 176.2, 90th(ms): 218.1, 95th(ms): 234.9, 99th(ms): 335.5, 99.9th(ms): 419.4, Max(ms): 419.4
[Current] NEW_ORDER - Takes(s): 10.0, Count: 2562, TPM: 15380.5, Sum(ms): 157282.5, Avg(ms): 61.4, 50th(ms): 60.8, 90th(ms): 83.9, 95th(ms): 88.1, 99th(ms): 104.9, 99.9th(ms): 151.0, Max(ms): 176.2
[Current] ORDER_STATUS - Takes(s): 10.0, Count: 224, TPM: 1344.4, Sum(ms): 6015.8, Avg(ms): 26.8, 50th(ms): 25.2, 90th(ms): 39.8, 95th(ms): 48.2, 99th(ms): 58.7, 99.9th(ms): 104.9, Max(ms): 104.9
[Current] PAYMENT - Takes(s): 10.0, Count: 2437, TPM: 14630.1, Sum(ms): 93146.2, Avg(ms): 38.3, 50th(ms): 35.7, 90th(ms): 52.4, 95th(ms): 62.9, 99th(ms): 83.9, 99.9th(ms): 121.6, Max(ms): 209.7
[Current] STOCK_LEVEL - Takes(s): 10.0, Count: 187, TPM: 1127.0, Sum(ms): 9657.5, Avg(ms): 51.5, 50th(ms): 41.9, 90th(ms): 83.9, 95th(ms): 125.8, 99th(ms): 209.7, 99.9th(ms): 285.2, Max(ms): 285.2
[Current] DELIVERY - Takes(s): 9.8, Count: 215, TPM: 1315.0, Sum(ms): 38423.8, Avg(ms): 178.9, 50th(ms): 176.2, 90th(ms): 218.1, 95th(ms): 243.3, 99th(ms): 335.5, 99.9th(ms): 352.3, Max(ms): 352.3
[Current] NEW_ORDER - Takes(s): 10.0, Count: 2531, TPM: 15189.7, Sum(ms): 162220.1, Avg(ms): 64.1, 50th(ms): 62.9, 90th(ms): 83.9, 95th(ms): 96.5, 99th(ms): 125.8, 99.9th(ms): 167.8, Max(ms): 243.3
[Current] ORDER_STATUS - Takes(s): 10.0, Count: 212, TPM: 1276.3, Sum(ms): 6076.2, Avg(ms): 28.7, 50th(ms): 27.3, 90th(ms): 39.8, 95th(ms): 50.3, 99th(ms): 88.1, 99.9th(ms): 104.9, Max(ms): 104.9
[Current] PAYMENT - Takes(s): 10.0, Count: 2433, TPM: 14601.9, Sum(ms): 94290.4, Avg(ms): 38.8, 50th(ms): 37.7, 90th(ms): 54.5, 95th(ms): 60.8, 99th(ms): 88.1, 99.9th(ms): 121.6, Max(ms): 159.4
[Current] STOCK_LEVEL - Takes(s): 10.0, Count: 222, TPM: 1336.1, Sum(ms): 12383.0, Avg(ms): 55.8, 50th(ms): 46.1, 90th(ms): 92.3, 95th(ms): 121.6, 99th(ms): 192.9, 99.9th(ms): 251.7, Max(ms): 251.7
[Current] DELIVERY - Takes(s): 10.0, Count: 229, TPM: 1378.1, Sum(ms): 38322.0, Avg(ms): 167.3, 50th(ms): 167.8, 90th(ms): 209.7, 95th(ms): 226.5, 99th(ms): 268.4, 99.9th(ms): 302.0, Max(ms): 302.0
[Current] NEW_ORDER - Takes(s): 10.0, Count: 2620, TPM: 15720.5, Sum(ms): 160658.0, Avg(ms): 61.4, 50th(ms): 60.8, 90th(ms): 79.7, 95th(ms): 88.1, 99th(ms): 109.1, 99.9th(ms): 130.0, Max(ms): 159.4
[Current] ORDER_STATUS - Takes(s): 10.0, Count: 253, TPM: 1518.2, Sum(ms): 7146.8, Avg(ms): 28.3, 50th(ms): 27.3, 90th(ms): 41.9, 95th(ms): 46.1, 99th(ms): 58.7, 99.9th(ms): 71.3, Max(ms): 71.3
[Current] PAYMENT - Takes(s): 10.0, Count: 2478, TPM: 14880.6, Sum(ms): 94977.1, Avg(ms): 38.3, 50th(ms): 37.7, 90th(ms): 52.4, 95th(ms): 60.8, 99th(ms): 88.1, 99.9th(ms): 117.4, Max(ms): 134.2
[Current] STOCK_LEVEL - Takes(s): 10.0, Count: 207, TPM: 1245.3, Sum(ms): 12271.3, Avg(ms): 59.3, 50th(ms): 44.0, 90th(ms): 121.6, 95th(ms): 151.0, 99th(ms): 209.7, 99.9th(ms): 260.0, Max(ms): 260.0
[Current] DELIVERY - Takes(s): 10.0, Count: 222, TPM: 1332.7, Sum(ms): 36219.9, Avg(ms): 162.9, 50th(ms): 159.4, 90th(ms): 209.7, 95th(ms): 234.9, 99th(ms): 268.4, 99.9th(ms): 318.8, Max(ms): 318.8
[Current] NEW_ORDER - Takes(s): 10.0, Count: 2704, TPM: 16230.6, Sum(ms): 163760.7, Avg(ms): 60.6, 50th(ms): 58.7, 90th(ms): 79.7, 95th(ms): 92.3, 99th(ms): 125.8, 99.9th(ms): 159.4, Max(ms): 176.2
[Current] ORDER_STATUS - Takes(s): 9.9, Count: 237, TPM: 1432.1, Sum(ms): 6243.0, Avg(ms): 26.3, 50th(ms): 25.2, 90th(ms): 39.8, 95th(ms): 46.1, 99th(ms): 56.6, 99.9th(ms): 62.9, Max(ms): 62.9
[Current] PAYMENT - Takes(s): 10.0, Count: 2539, TPM: 15239.2, Sum(ms): 93608.1, Avg(ms): 36.9, 50th(ms): 35.7, 90th(ms): 52.4, 95th(ms): 60.8, 99th(ms): 83.9, 99.9th(ms): 100.7, Max(ms): 151.0
[Current] STOCK_LEVEL - Takes(s): 9.9, Count: 261, TPM: 1585.2, Sum(ms): 13292.8, Avg(ms): 51.0, 50th(ms): 41.9, 90th(ms): 92.3, 95th(ms): 113.2, 99th(ms): 159.4, 99.9th(ms): 226.5, Max(ms): 226.5
[Current] DELIVERY - Takes(s): 10.0, Count: 231, TPM: 1388.4, Sum(ms): 38444.1, Avg(ms): 166.4, 50th(ms): 159.4, 90th(ms): 226.5, 95th(ms): 234.9, 99th(ms): 302.0, 99.9th(ms): 318.8, Max(ms): 318.8
[Current] NEW_ORDER - Takes(s): 10.0, Count: 2648, TPM: 15898.0, Sum(ms): 162322.3, Avg(ms): 61.4, 50th(ms): 60.8, 90th(ms): 83.9, 95th(ms): 92.3, 99th(ms): 109.1, 99.9th(ms): 130.0, Max(ms): 234.9
[Current] ORDER_STATUS - Takes(s): 9.9, Count: 236, TPM: 1423.9, Sum(ms): 6249.7, Avg(ms): 26.5, 50th(ms): 24.1, 90th(ms): 39.8, 95th(ms): 46.1, 99th(ms): 71.3, 99.9th(ms): 83.9, Max(ms): 83.9
[Current] PAYMENT - Takes(s): 10.0, Count: 2528, TPM: 15168.5, Sum(ms): 94340.1, Avg(ms): 37.3, 50th(ms): 35.7, 90th(ms): 52.4, 95th(ms): 58.7, 99th(ms): 79.7, 99.9th(ms): 109.1, Max(ms): 130.0
[Current] STOCK_LEVEL - Takes(s): 10.0, Count: 229, TPM: 1380.5, Sum(ms): 11989.4, Avg(ms): 52.4, 50th(ms): 39.8, 90th(ms): 88.1, 95th(ms): 134.2, 99th(ms): 201.3, 99.9th(ms): 285.2, Max(ms): 285.2
[Current] DELIVERY - Takes(s): 9.9, Count: 251, TPM: 1519.1, Sum(ms): 41388.4, Avg(ms): 164.8, 50th(ms): 167.8, 90th(ms): 209.7, 95th(ms): 226.5, 99th(ms): 260.0, 99.9th(ms): 302.0, Max(ms): 302.0
[Current] NEW_ORDER - Takes(s): 10.0, Count: 2695, TPM: 16177.4, Sum(ms): 162921.5, Avg(ms): 60.5, 50th(ms): 60.8, 90th(ms): 79.7, 95th(ms): 88.1, 99th(ms): 104.9, 99.9th(ms): 142.6, Max(ms): 176.2
[Current] ORDER_STATUS - Takes(s): 9.9, Count: 227, TPM: 1372.0, Sum(ms): 6047.7, Avg(ms): 26.6, 50th(ms): 25.2, 90th(ms): 39.8, 95th(ms): 44.0, 99th(ms): 54.5, 99.9th(ms): 67.1, Max(ms): 67.1
[Current] PAYMENT - Takes(s): 10.0, Count: 2468, TPM: 14814.2, Sum(ms): 91743.9, Avg(ms): 37.2, 50th(ms): 35.7, 90th(ms): 52.4, 95th(ms): 58.7, 99th(ms): 83.9, 99.9th(ms): 104.9, Max(ms): 104.9
[Current] STOCK_LEVEL - Takes(s): 9.9, Count: 232, TPM: 1410.6, Sum(ms): 11109.5, Avg(ms): 47.9, 50th(ms): 39.8, 90th(ms): 83.9, 95th(ms): 109.1, 99th(ms): 142.6, 99.9th(ms): 209.7, Max(ms): 209.7
[Current] DELIVERY - Takes(s): 10.0, Count: 259, TPM: 1554.1, Sum(ms): 41470.3, Avg(ms): 160.0, 50th(ms): 159.4, 90th(ms): 184.5, 95th(ms): 209.7, 99th(ms): 318.8, 99.9th(ms): 385.9, Max(ms): 385.9
[Current] NEW_ORDER - Takes(s): 10.0, Count: 2908, TPM: 17447.7, Sum(ms): 160409.3, Avg(ms): 55.2, 50th(ms): 54.5, 90th(ms): 71.3, 95th(ms): 75.5, 99th(ms): 92.3, 99.9th(ms): 109.1, Max(ms): 113.2
[Current] ORDER_STATUS - Takes(s): 10.0, Count: 273, TPM: 1638.2, Sum(ms): 7688.0, Avg(ms): 28.2, 50th(ms): 26.2, 90th(ms): 46.1, 95th(ms): 52.4, 99th(ms): 67.1, 99.9th(ms): 109.1, Max(ms): 109.1
[Current] PAYMENT - Takes(s): 10.0, Count: 2753, TPM: 16522.5, Sum(ms): 93379.0, Avg(ms): 33.9, 50th(ms): 32.5, 90th(ms): 44.0, 95th(ms): 52.4, 99th(ms): 71.3, 99.9th(ms): 100.7, Max(ms): 117.4
[Current] STOCK_LEVEL - Takes(s): 10.0, Count: 250, TPM: 1502.6, Sum(ms): 9380.8, Avg(ms): 37.6, 50th(ms): 35.7, 90th(ms): 56.6, 95th(ms): 75.5, 99th(ms): 100.7, 99.9th(ms): 117.4, Max(ms): 117.4
[Current] DELIVERY - Takes(s): 10.0, Count: 263, TPM: 1578.8, Sum(ms): 41066.4, Avg(ms): 156.2, 50th(ms): 159.4, 90th(ms): 192.9, 95th(ms): 201.3, 99th(ms): 234.9, 99.9th(ms): 318.8, Max(ms): 318.8
[Current] NEW_ORDER - Takes(s): 10.0, Count: 2898, TPM: 17392.6, Sum(ms): 160933.7, Avg(ms): 55.5, 50th(ms): 54.5, 90th(ms): 71.3, 95th(ms): 79.7, 99th(ms): 96.5, 99.9th(ms): 117.4, Max(ms): 130.0
[Current] ORDER_STATUS - Takes(s): 10.0, Count: 272, TPM: 1637.4, Sum(ms): 7102.6, Avg(ms): 26.1, 50th(ms): 24.1, 90th(ms): 44.0, 95th(ms): 50.3, 99th(ms): 62.9, 99.9th(ms): 71.3, Max(ms): 71.3
[Current] PAYMENT - Takes(s): 10.0, Count: 2781, TPM: 16690.8, Sum(ms): 95020.7, Avg(ms): 34.2, 50th(ms): 32.5, 90th(ms): 46.1, 95th(ms): 52.4, 99th(ms): 71.3, 99.9th(ms): 88.1, Max(ms): 96.5
[Current] STOCK_LEVEL - Takes(s): 10.0, Count: 239, TPM: 1437.0, Sum(ms): 8516.8, Avg(ms): 35.7, 50th(ms): 35.7, 90th(ms): 52.4, 95th(ms): 58.7, 99th(ms): 75.5, 99.9th(ms): 83.9, Max(ms): 83.9
[Current] DELIVERY - Takes(s): 9.9, Count: 262, TPM: 1587.8, Sum(ms): 39743.4, Avg(ms): 151.6, 50th(ms): 151.0, 90th(ms): 184.5, 95th(ms): 192.9, 99th(ms): 251.7, 99.9th(ms): 285.2, Max(ms): 285.2
[Current] NEW_ORDER - Takes(s): 10.0, Count: 2937, TPM: 17623.7, Sum(ms): 160890.6, Avg(ms): 54.8, 50th(ms): 54.5, 90th(ms): 71.3, 95th(ms): 75.5, 99th(ms): 92.3, 99.9th(ms): 125.8, Max(ms): 130.0
[Current] ORDER_STATUS - Takes(s): 10.0, Count: 251, TPM: 1506.6, Sum(ms): 6514.9, Avg(ms): 26.0, 50th(ms): 24.1, 90th(ms): 41.9, 95th(ms): 48.2, 99th(ms): 56.6, 99.9th(ms): 83.9, Max(ms): 83.9
[Current] PAYMENT - Takes(s): 10.0, Count: 2872, TPM: 17244.4, Sum(ms): 95824.1, Avg(ms): 33.4, 50th(ms): 32.5, 90th(ms): 44.0, 95th(ms): 50.3, 99th(ms): 65.0, 99.9th(ms): 92.3, Max(ms): 104.9
[Current] STOCK_LEVEL - Takes(s): 10.0, Count: 260, TPM: 1564.3, Sum(ms): 9057.2, Avg(ms): 34.8, 50th(ms): 33.6, 90th(ms): 52.4, 95th(ms): 56.6, 99th(ms): 75.5, 99.9th(ms): 88.1, Max(ms): 88.1
[Current] DELIVERY - Takes(s): 10.0, Count: 263, TPM: 1581.1, Sum(ms): 40028.1, Avg(ms): 152.4, 50th(ms): 151.0, 90th(ms): 192.9, 95th(ms): 209.7, 99th(ms): 243.3, 99.9th(ms): 335.5, Max(ms): 335.5
[Current] NEW_ORDER - Takes(s): 10.0, Count: 2930, TPM: 17584.0, Sum(ms): 161385.1, Avg(ms): 55.1, 50th(ms): 54.5, 90th(ms): 71.3, 95th(ms): 79.7, 99th(ms): 96.5, 99.9th(ms): 134.2, Max(ms): 159.4
[Current] ORDER_STATUS - Takes(s): 10.0, Count: 266, TPM: 1597.6, Sum(ms): 6770.8, Avg(ms): 25.5, 50th(ms): 23.1, 90th(ms): 39.8, 95th(ms): 48.2, 99th(ms): 60.8, 99.9th(ms): 79.7, Max(ms): 79.7
[Current] PAYMENT - Takes(s): 10.0, Count: 2817, TPM: 16905.9, Sum(ms): 93797.5, Avg(ms): 33.3, 50th(ms): 32.5, 90th(ms): 46.1, 95th(ms): 50.3, 99th(ms): 67.1, 99.9th(ms): 96.5, Max(ms): 117.4
[Current] STOCK_LEVEL - Takes(s): 10.0, Count: 270, TPM: 1621.2, Sum(ms): 10695.3, Avg(ms): 39.6, 50th(ms): 35.7, 90th(ms): 58.7, 95th(ms): 75.5, 99th(ms): 151.0, 99.9th(ms): 226.5, Max(ms): 226.5
[Current] DELIVERY - Takes(s): 10.0, Count: 266, TPM: 1600.7, Sum(ms): 40389.8, Avg(ms): 151.6, 50th(ms): 151.0, 90th(ms): 184.5, 95th(ms): 209.7, 99th(ms): 268.4, 99.9th(ms): 318.8, Max(ms): 318.8
[Current] NEW_ORDER - Takes(s): 10.0, Count: 2987, TPM: 17923.7, Sum(ms): 162188.0, Avg(ms): 54.3, 50th(ms): 54.5, 90th(ms): 71.3, 95th(ms): 75.5, 99th(ms): 92.3, 99.9th(ms): 125.8, Max(ms): 302.0
[Current] ORDER_STATUS - Takes(s): 10.0, Count: 251, TPM: 1510.3, Sum(ms): 6518.5, Avg(ms): 26.0, 50th(ms): 25.2, 90th(ms): 39.8, 95th(ms): 44.0, 99th(ms): 56.6, 99.9th(ms): 62.9, Max(ms): 62.9
[Current] PAYMENT - Takes(s): 10.0, Count: 2816, TPM: 16896.3, Sum(ms): 94107.0, Avg(ms): 33.4, 50th(ms): 32.5, 90th(ms): 44.0, 95th(ms): 52.4, 99th(ms): 71.3, 99.9th(ms): 88.1, Max(ms): 100.7
[Current] STOCK_LEVEL - Takes(s): 10.0, Count: 243, TPM: 1458.1, Sum(ms): 9207.6, Avg(ms): 37.9, 50th(ms): 33.6, 90th(ms): 58.7, 95th(ms): 75.5, 99th(ms): 121.6, 99.9th(ms): 151.0, Max(ms): 151.0
[Current] DELIVERY - Takes(s): 10.0, Count: 254, TPM: 1525.3, Sum(ms): 43036.7, Avg(ms): 169.6, 50th(ms): 167.8, 90th(ms): 209.7, 95th(ms): 251.7, 99th(ms): 318.8, 99.9th(ms): 419.4, Max(ms): 419.4
[Current] NEW_ORDER - Takes(s): 10.0, Count: 2753, TPM: 16521.0, Sum(ms): 159408.3, Avg(ms): 57.9, 50th(ms): 56.6, 90th(ms): 75.5, 95th(ms): 83.9, 99th(ms): 104.9, 99.9th(ms): 142.6, Max(ms): 184.5
[Current] ORDER_STATUS - Takes(s): 10.0, Count: 234, TPM: 1406.1, Sum(ms): 6342.1, Avg(ms): 27.1, 50th(ms): 25.2, 90th(ms): 41.9, 95th(ms): 48.2, 99th(ms): 54.5, 99.9th(ms): 62.9, Max(ms): 62.9
[Current] PAYMENT - Takes(s): 10.0, Count: 2648, TPM: 15890.6, Sum(ms): 94135.3, Avg(ms): 35.6, 50th(ms): 35.7, 90th(ms): 48.2, 95th(ms): 54.5, 99th(ms): 75.5, 99.9th(ms): 100.7, Max(ms): 159.4
[Current] STOCK_LEVEL - Takes(s): 10.0, Count: 252, TPM: 1512.2, Sum(ms): 9820.4, Avg(ms): 38.9, 50th(ms): 37.7, 90th(ms): 58.7, 95th(ms): 71.3, 99th(ms): 75.5, 99.9th(ms): 92.3, Max(ms): 92.3
[Current] DELIVERY - Takes(s): 10.0, Count: 269, TPM: 1618.2, Sum(ms): 40690.3, Avg(ms): 151.4, 50th(ms): 151.0, 90th(ms): 192.9, 95th(ms): 201.3, 99th(ms): 243.3, 99.9th(ms): 251.7, Max(ms): 251.7
[Current] NEW_ORDER - Takes(s): 10.0, Count: 2957, TPM: 17755.4, Sum(ms): 160134.8, Avg(ms): 54.2, 50th(ms): 54.5, 90th(ms): 71.3, 95th(ms): 75.5, 99th(ms): 92.3, 99.9th(ms): 125.8, Max(ms): 159.4
[Current] ORDER_STATUS - Takes(s): 9.9, Count: 286, TPM: 1733.0, Sum(ms): 7245.4, Avg(ms): 25.4, 50th(ms): 24.1, 90th(ms): 39.8, 95th(ms): 41.9, 99th(ms): 52.4, 99.9th(ms): 75.5, Max(ms): 75.5
[Current] PAYMENT - Takes(s): 10.0, Count: 2892, TPM: 17369.9, Sum(ms): 95816.2, Avg(ms): 33.1, 50th(ms): 31.5, 90th(ms): 44.0, 95th(ms): 50.3, 99th(ms): 67.1, 99.9th(ms): 88.1, Max(ms): 109.1
[Current] STOCK_LEVEL - Takes(s): 10.0, Count: 250, TPM: 1502.1, Sum(ms): 8682.3, Avg(ms): 34.8, 50th(ms): 33.6, 90th(ms): 48.2, 95th(ms): 54.5, 99th(ms): 71.3, 99.9th(ms): 121.6, Max(ms): 121.6
[Current] DELIVERY - Takes(s): 10.0, Count: 261, TPM: 1569.3, Sum(ms): 39022.9, Avg(ms): 149.8, 50th(ms): 151.0, 90th(ms): 184.5, 95th(ms): 218.1, 99th(ms): 268.4, 99.9th(ms): 285.2, Max(ms): 285.2
[Current] NEW_ORDER - Takes(s): 10.0, Count: 3032, TPM: 18200.7, Sum(ms): 162404.1, Avg(ms): 53.6, 50th(ms): 52.4, 90th(ms): 71.3, 95th(ms): 75.5, 99th(ms): 100.7, 99.9th(ms): 125.8, Max(ms): 151.0
[Current] ORDER_STATUS - Takes(s): 9.9, Count: 274, TPM: 1655.4, Sum(ms): 6797.9, Avg(ms): 24.8, 50th(ms): 23.1, 90th(ms): 37.7, 95th(ms): 41.9, 99th(ms): 48.2, 99.9th(ms): 56.6, Max(ms): 56.6
[Current] PAYMENT - Takes(s): 10.0, Count: 2920, TPM: 17525.9, Sum(ms): 95289.4, Avg(ms): 32.6, 50th(ms): 31.5, 90th(ms): 44.0, 95th(ms): 50.3, 99th(ms): 67.1, 99.9th(ms): 83.9, Max(ms): 100.7
[Current] STOCK_LEVEL - Takes(s): 10.0, Count: 259, TPM: 1554.9, Sum(ms): 8959.6, Avg(ms): 34.6, 50th(ms): 31.5, 90th(ms): 52.4, 95th(ms): 58.7, 99th(ms): 88.1, 99.9th(ms): 96.5, Max(ms): 96.5
[Current] DELIVERY - Takes(s): 10.0, Count: 301, TPM: 1812.6, Sum(ms): 44314.2, Avg(ms): 147.4, 50th(ms): 151.0, 90th(ms): 184.5, 95th(ms): 201.3, 99th(ms): 243.3, 99.9th(ms): 302.0, Max(ms): 302.0
[Current] NEW_ORDER - Takes(s): 10.0, Count: 2993, TPM: 17964.1, Sum(ms): 158479.3, Avg(ms): 53.0, 50th(ms): 52.4, 90th(ms): 71.3, 95th(ms): 75.5, 99th(ms): 88.1, 99.9th(ms): 109.1, Max(ms): 151.0
[Current] ORDER_STATUS - Takes(s): 9.9, Count: 274, TPM: 1660.0, Sum(ms): 6516.7, Avg(ms): 23.8, 50th(ms): 22.0, 90th(ms): 37.7, 95th(ms): 41.9, 99th(ms): 48.2, 99.9th(ms): 62.9, Max(ms): 62.9
[Current] PAYMENT - Takes(s): 10.0, Count: 2897, TPM: 17389.7, Sum(ms): 93817.4, Avg(ms): 32.4, 50th(ms): 31.5, 90th(ms): 44.0, 95th(ms): 50.3, 99th(ms): 67.1, 99.9th(ms): 96.5, Max(ms): 109.1
[Current] STOCK_LEVEL - Takes(s): 10.0, Count: 270, TPM: 1620.6, Sum(ms): 9626.2, Avg(ms): 35.6, 50th(ms): 32.5, 90th(ms): 52.4, 95th(ms): 65.0, 99th(ms): 92.3, 99.9th(ms): 134.2, Max(ms): 134.2
[Current] DELIVERY - Takes(s): 9.9, Count: 259, TPM: 1570.1, Sum(ms): 39515.7, Avg(ms): 152.6, 50th(ms): 151.0, 90th(ms): 184.5, 95th(ms): 218.1, 99th(ms): 268.4, 99.9th(ms): 302.0, Max(ms): 302.0
[Current] NEW_ORDER - Takes(s): 10.0, Count: 3017, TPM: 18108.3, Sum(ms): 162189.4, Avg(ms): 53.8, 50th(ms): 54.5, 90th(ms): 71.3, 95th(ms): 75.5, 99th(ms): 92.3, 99.9th(ms): 113.2, Max(ms): 130.0
[Current] ORDER_STATUS - Takes(s): 9.9, Count: 260, TPM: 1568.5, Sum(ms): 6406.6, Avg(ms): 24.6, 50th(ms): 24.1, 90th(ms): 37.7, 95th(ms): 41.9, 99th(ms): 50.3, 99.9th(ms): 54.5, Max(ms): 54.5
[Current] PAYMENT - Takes(s): 10.0, Count: 2862, TPM: 17188.0, Sum(ms): 95654.5, Avg(ms): 33.4, 50th(ms): 32.5, 90th(ms): 46.1, 95th(ms): 50.3, 99th(ms): 71.3, 99.9th(ms): 88.1, Max(ms): 109.1
[Current] STOCK_LEVEL - Takes(s): 10.0, Count: 255, TPM: 1530.8, Sum(ms): 8420.5, Avg(ms): 33.0, 50th(ms): 31.5, 90th(ms): 50.3, 95th(ms): 56.6, 99th(ms): 71.3, 99.9th(ms): 113.2, Max(ms): 113.2
[Current] DELIVERY - Takes(s): 10.0, Count: 254, TPM: 1525.7, Sum(ms): 37892.8, Avg(ms): 149.3, 50th(ms): 151.0, 90th(ms): 184.5, 95th(ms): 201.3, 99th(ms): 234.9, 99.9th(ms): 285.2, Max(ms): 285.2
[Current] NEW_ORDER - Takes(s): 10.0, Count: 3086, TPM: 18517.5, Sum(ms): 164050.9, Avg(ms): 53.2, 50th(ms): 52.4, 90th(ms): 71.3, 95th(ms): 75.5, 99th(ms): 88.1, 99.9th(ms): 117.4, Max(ms): 176.2
[Current] ORDER_STATUS - Takes(s): 9.9, Count: 283, TPM: 1711.1, Sum(ms): 7151.6, Avg(ms): 25.2, 50th(ms): 24.1, 90th(ms): 39.8, 95th(ms): 46.1, 99th(ms): 56.6, 99.9th(ms): 130.0, Max(ms): 130.0
[Current] PAYMENT - Takes(s): 10.0, Count: 2887, TPM: 17323.1, Sum(ms): 94206.7, Avg(ms): 32.6, 50th(ms): 31.5, 90th(ms): 44.0, 95th(ms): 50.3, 99th(ms): 71.3, 99.9th(ms): 88.1, Max(ms): 104.9
[Current] STOCK_LEVEL - Takes(s): 10.0, Count: 281, TPM: 1691.0, Sum(ms): 9412.0, Avg(ms): 33.5, 50th(ms): 33.6, 90th(ms): 46.1, 95th(ms): 52.4, 99th(ms): 75.5, 99.9th(ms): 96.5, Max(ms): 96.5
[Current] DELIVERY - Takes(s): 9.9, Count: 250, TPM: 1514.4, Sum(ms): 38202.5, Avg(ms): 153.1, 50th(ms): 151.0, 90th(ms): 184.5, 95th(ms): 201.3, 99th(ms): 243.3, 99.9th(ms): 318.8, Max(ms): 318.8
[Current] NEW_ORDER - Takes(s): 10.0, Count: 2923, TPM: 17539.7, Sum(ms): 160965.9, Avg(ms): 55.1, 50th(ms): 54.5, 90th(ms): 71.3, 95th(ms): 75.5, 99th(ms): 92.3, 99.9th(ms): 117.4, Max(ms): 134.2
[Current] ORDER_STATUS - Takes(s): 10.0, Count: 276, TPM: 1658.8, Sum(ms): 7060.8, Avg(ms): 25.6, 50th(ms): 24.1, 90th(ms): 37.7, 95th(ms): 41.9, 99th(ms): 54.5, 99.9th(ms): 71.3, Max(ms): 71.3
[Current] PAYMENT - Takes(s): 10.0, Count: 2830, TPM: 16981.8, Sum(ms): 97112.5, Avg(ms): 34.3, 50th(ms): 32.5, 90th(ms): 46.1, 95th(ms): 52.4, 99th(ms): 67.1, 99.9th(ms): 79.7, Max(ms): 92.3
[Current] STOCK_LEVEL - Takes(s): 10.0, Count: 261, TPM: 1573.2, Sum(ms): 8680.3, Avg(ms): 33.3, 50th(ms): 31.5, 90th(ms): 48.2, 95th(ms): 52.4, 99th(ms): 60.8, 99.9th(ms): 79.7, Max(ms): 79.7
[Current] DELIVERY - Takes(s): 10.0, Count: 265, TPM: 1597.3, Sum(ms): 40813.9, Avg(ms): 154.1, 50th(ms): 159.4, 90th(ms): 192.9, 95th(ms): 201.3, 99th(ms): 218.1, 99.9th(ms): 285.2, Max(ms): 285.2
[Current] NEW_ORDER - Takes(s): 10.0, Count: 2917, TPM: 17502.1, Sum(ms): 161509.0, Avg(ms): 55.4, 50th(ms): 54.5, 90th(ms): 71.3, 95th(ms): 79.7, 99th(ms): 96.5, 99.9th(ms): 142.6, Max(ms): 151.0
[Current] ORDER_STATUS - Takes(s): 9.9, Count: 269, TPM: 1633.2, Sum(ms): 6828.2, Avg(ms): 25.4, 50th(ms): 24.1, 90th(ms): 39.8, 95th(ms): 44.0, 99th(ms): 56.6, 99.9th(ms): 71.3, Max(ms): 71.3
[Current] PAYMENT - Takes(s): 10.0, Count: 2758, TPM: 16562.5, Sum(ms): 93447.0, Avg(ms): 33.9, 50th(ms): 32.5, 90th(ms): 46.1, 95th(ms): 52.4, 99th(ms): 71.3, 99.9th(ms): 96.5, Max(ms): 167.8
[Current] STOCK_LEVEL - Takes(s): 10.0, Count: 256, TPM: 1539.3, Sum(ms): 9369.2, Avg(ms): 36.6, 50th(ms): 32.5, 90th(ms): 56.6, 95th(ms): 62.9, 99th(ms): 83.9, 99.9th(ms): 184.5, Max(ms): 184.5
[Current] DELIVERY - Takes(s): 10.0, Count: 271, TPM: 1629.9, Sum(ms): 42666.6, Avg(ms): 157.4, 50th(ms): 159.4, 90th(ms): 201.3, 95th(ms): 226.5, 99th(ms): 268.4, 99.9th(ms): 369.1, Max(ms): 369.1
[Current] NEW_ORDER - Takes(s): 10.0, Count: 2924, TPM: 17545.8, Sum(ms): 160530.6, Avg(ms): 54.9, 50th(ms): 54.5, 90th(ms): 75.5, 95th(ms): 79.7, 99th(ms): 104.9, 99.9th(ms): 130.0, Max(ms): 192.9
[Current] ORDER_STATUS - Takes(s): 10.0, Count: 255, TPM: 1530.3, Sum(ms): 6525.3, Avg(ms): 25.6, 50th(ms): 24.1, 90th(ms): 37.7, 95th(ms): 41.9, 99th(ms): 48.2, 99.9th(ms): 100.7, Max(ms): 100.7
[Current] PAYMENT - Takes(s): 10.0, Count: 2773, TPM: 16639.5, Sum(ms): 92670.1, Avg(ms): 33.4, 50th(ms): 31.5, 90th(ms): 46.1, 95th(ms): 52.4, 99th(ms): 71.3, 99.9th(ms): 100.7, Max(ms): 113.2
[Current] STOCK_LEVEL - Takes(s): 10.0, Count: 271, TPM: 1628.9, Sum(ms): 10308.6, Avg(ms): 38.0, 50th(ms): 35.7, 90th(ms): 58.7, 95th(ms): 67.1, 99th(ms): 83.9, 99.9th(ms): 113.2, Max(ms): 113.2
[Current] DELIVERY - Takes(s): 10.0, Count: 296, TPM: 1776.6, Sum(ms): 44230.1, Avg(ms): 149.7, 50th(ms): 151.0, 90th(ms): 184.5, 95th(ms): 201.3, 99th(ms): 268.4, 99.9th(ms): 302.0, Max(ms): 302.0
[Current] NEW_ORDER - Takes(s): 10.0, Count: 2981, TPM: 17888.5, Sum(ms): 159745.0, Avg(ms): 53.6, 50th(ms): 52.4, 90th(ms): 71.3, 95th(ms): 75.5, 99th(ms): 92.3, 99.9th(ms): 113.2, Max(ms): 130.0
[Current] ORDER_STATUS - Takes(s): 10.0, Count: 279, TPM: 1679.5, Sum(ms): 6793.1, Avg(ms): 24.4, 50th(ms): 23.1, 90th(ms): 37.7, 95th(ms): 41.9, 99th(ms): 50.3, 99.9th(ms): 54.5, Max(ms): 54.5
[Current] PAYMENT - Takes(s): 10.0, Count: 2815, TPM: 16893.0, Sum(ms): 92528.8, Avg(ms): 32.9, 50th(ms): 31.5, 90th(ms): 44.0, 95th(ms): 50.3, 99th(ms): 67.1, 99.9th(ms): 88.1, Max(ms): 100.7
[Current] STOCK_LEVEL - Takes(s): 10.0, Count: 257, TPM: 1545.2, Sum(ms): 9398.1, Avg(ms): 36.5, 50th(ms): 33.6, 90th(ms): 54.5, 95th(ms): 62.9, 99th(ms): 92.3, 99.9th(ms): 125.8, Max(ms): 125.8
[Current] DELIVERY - Takes(s): 10.0, Count: 266, TPM: 1597.2, Sum(ms): 39775.7, Avg(ms): 149.5, 50th(ms): 151.0, 90th(ms): 176.2, 95th(ms): 201.3, 99th(ms): 243.3, 99.9th(ms): 302.0, Max(ms): 302.0
[Current] NEW_ORDER - Takes(s): 10.0, Count: 2967, TPM: 17820.5, Sum(ms): 160901.9, Avg(ms): 54.3, 50th(ms): 52.4, 90th(ms): 71.3, 95th(ms): 79.7, 99th(ms): 100.7, 99.9th(ms): 125.8, Max(ms): 209.7
[Current] ORDER_STATUS - Takes(s): 10.0, Count: 270, TPM: 1625.4, Sum(ms): 6456.9, Avg(ms): 23.9, 50th(ms): 23.1, 90th(ms): 35.7, 95th(ms): 39.8, 99th(ms): 50.3, 99.9th(ms): 56.6, Max(ms): 56.6
[Current] PAYMENT - Takes(s): 10.0, Count: 2892, TPM: 17352.3, Sum(ms): 95491.1, Avg(ms): 33.0, 50th(ms): 31.5, 90th(ms): 44.0, 95th(ms): 52.4, 99th(ms): 71.3, 99.9th(ms): 92.3, Max(ms): 134.2
[Current] STOCK_LEVEL - Takes(s): 10.0, Count: 275, TPM: 1658.1, Sum(ms): 9712.7, Avg(ms): 35.3, 50th(ms): 32.5, 90th(ms): 54.5, 95th(ms): 65.0, 99th(ms): 75.5, 99.9th(ms): 83.9, Max(ms): 83.9
[Current] DELIVERY - Takes(s): 10.0, Count: 278, TPM: 1668.0, Sum(ms): 42024.8, Avg(ms): 151.3, 50th(ms): 151.0, 90th(ms): 184.5, 95th(ms): 201.3, 99th(ms): 260.0, 99.9th(ms): 318.8, Max(ms): 318.8
[Current] NEW_ORDER - Takes(s): 10.0, Count: 2949, TPM: 17697.6, Sum(ms): 158848.8, Avg(ms): 53.9, 50th(ms): 54.5, 90th(ms): 71.3, 95th(ms): 75.5, 99th(ms): 92.3, 99.9th(ms): 117.4, Max(ms): 159.4
[Current] ORDER_STATUS - Takes(s): 10.0, Count: 279, TPM: 1675.5, Sum(ms): 6920.6, Avg(ms): 24.8, 50th(ms): 24.1, 90th(ms): 35.7, 95th(ms): 41.9, 99th(ms): 52.4, 99.9th(ms): 88.1, Max(ms): 88.1
[Current] PAYMENT - Takes(s): 10.0, Count: 2907, TPM: 17444.5, Sum(ms): 95552.6, Avg(ms): 32.9, 50th(ms): 31.5, 90th(ms): 44.0, 95th(ms): 50.3, 99th(ms): 71.3, 99.9th(ms): 88.1, Max(ms): 100.7
[Current] STOCK_LEVEL - Takes(s): 10.0, Count: 246, TPM: 1476.5, Sum(ms): 8743.0, Avg(ms): 35.5, 50th(ms): 33.6, 90th(ms): 50.3, 95th(ms): 58.7, 99th(ms): 65.0, 99.9th(ms): 79.7, Max(ms): 79.7
[Current] DELIVERY - Takes(s): 10.0, Count: 261, TPM: 1569.0, Sum(ms): 43555.6, Avg(ms): 166.8, 50th(ms): 167.8, 90th(ms): 201.3, 95th(ms): 226.5, 99th(ms): 302.0, 99.9th(ms): 335.5, Max(ms): 335.5
[Current] NEW_ORDER - Takes(s): 10.0, Count: 2768, TPM: 16616.8, Sum(ms): 161179.3, Avg(ms): 58.3, 50th(ms): 58.7, 90th(ms): 75.5, 95th(ms): 83.9, 99th(ms): 109.1, 99.9th(ms): 151.0, Max(ms): 167.8
[Current] ORDER_STATUS - Takes(s): 10.0, Count: 244, TPM: 1465.0, Sum(ms): 6269.4, Avg(ms): 25.7, 50th(ms): 25.2, 90th(ms): 37.7, 95th(ms): 41.9, 99th(ms): 52.4, 99.9th(ms): 71.3, Max(ms): 71.3
[Current] PAYMENT - Takes(s): 10.0, Count: 2594, TPM: 15568.2, Sum(ms): 92768.6, Avg(ms): 35.8, 50th(ms): 35.7, 90th(ms): 48.2, 95th(ms): 56.6, 99th(ms): 79.7, 99.9th(ms): 92.3, Max(ms): 109.1
[Current] STOCK_LEVEL - Takes(s): 10.0, Count: 235, TPM: 1411.9, Sum(ms): 8693.5, Avg(ms): 37.0, 50th(ms): 35.7, 90th(ms): 54.5, 95th(ms): 60.8, 99th(ms): 75.5, 99.9th(ms): 79.7, Max(ms): 79.7
[Current] DELIVERY - Takes(s): 10.0, Count: 247, TPM: 1483.8, Sum(ms): 40910.5, Avg(ms): 165.5, 50th(ms): 167.8, 90th(ms): 201.3, 95th(ms): 209.7, 99th(ms): 335.5, 99.9th(ms): 352.3, Max(ms): 352.3
[Current] NEW_ORDER - Takes(s): 10.0, Count: 2726, TPM: 16380.2, Sum(ms): 158107.7, Avg(ms): 58.0, 50th(ms): 56.6, 90th(ms): 75.5, 95th(ms): 83.9, 99th(ms): 100.7, 99.9th(ms): 130.0, Max(ms): 151.0
[Current] ORDER_STATUS - Takes(s): 9.9, Count: 245, TPM: 1479.4, Sum(ms): 6710.2, Avg(ms): 27.4, 50th(ms): 26.2, 90th(ms): 39.8, 95th(ms): 44.0, 99th(ms): 56.6, 99.9th(ms): 65.0, Max(ms): 65.0
[Current] PAYMENT - Takes(s): 10.0, Count: 2714, TPM: 16297.1, Sum(ms): 96778.7, Avg(ms): 35.7, 50th(ms): 35.7, 90th(ms): 48.2, 95th(ms): 54.5, 99th(ms): 79.7, 99.9th(ms): 109.1, Max(ms): 167.8
[Current] STOCK_LEVEL - Takes(s): 10.0, Count: 256, TPM: 1538.6, Sum(ms): 9712.3, Avg(ms): 38.0, 50th(ms): 35.7, 90th(ms): 56.6, 95th(ms): 65.0, 99th(ms): 83.9, 99.9th(ms): 88.1, Max(ms): 88.1
[Current] DELIVERY - Takes(s): 10.0, Count: 209, TPM: 1257.1, Sum(ms): 34616.5, Avg(ms): 165.6, 50th(ms): 167.8, 90th(ms): 201.3, 95th(ms): 234.9, 99th(ms): 285.2, 99.9th(ms): 302.0, Max(ms): 302.0
[Current] NEW_ORDER - Takes(s): 10.0, Count: 2859, TPM: 17156.1, Sum(ms): 167002.9, Avg(ms): 58.4, 50th(ms): 58.7, 90th(ms): 75.5, 95th(ms): 83.9, 99th(ms): 100.7, 99.9th(ms): 113.2, Max(ms): 134.2
[Current] ORDER_STATUS - Takes(s): 10.0, Count: 259, TPM: 1554.9, Sum(ms): 6912.8, Avg(ms): 26.7, 50th(ms): 25.2, 90th(ms): 39.8, 95th(ms): 46.1, 99th(ms): 60.8, 99.9th(ms): 75.5, Max(ms): 75.5
[Current] PAYMENT - Takes(s): 10.0, Count: 2628, TPM: 15771.5, Sum(ms): 93943.8, Avg(ms): 35.7, 50th(ms): 35.7, 90th(ms): 48.2, 95th(ms): 54.5, 99th(ms): 75.5, 99.9th(ms): 100.7, Max(ms): 117.4
[Current] STOCK_LEVEL - Takes(s): 10.0, Count: 239, TPM: 1440.4, Sum(ms): 10139.8, Avg(ms): 42.5, 50th(ms): 39.8, 90th(ms): 71.3, 95th(ms): 75.5, 99th(ms): 88.1, 99.9th(ms): 109.1, Max(ms): 109.1
[Current] DELIVERY - Takes(s): 9.9, Count: 258, TPM: 1560.8, Sum(ms): 41601.9, Avg(ms): 161.1, 50th(ms): 159.4, 90th(ms): 201.3, 95th(ms): 226.5, 99th(ms): 268.4, 99.9th(ms): 318.8, Max(ms): 318.8
[Current] NEW_ORDER - Takes(s): 10.0, Count: 2805, TPM: 16830.7, Sum(ms): 160553.8, Avg(ms): 57.3, 50th(ms): 56.6, 90th(ms): 75.5, 95th(ms): 83.9, 99th(ms): 104.9, 99.9th(ms): 121.6, Max(ms): 142.6
[Current] ORDER_STATUS - Takes(s): 9.9, Count: 242, TPM: 1462.4, Sum(ms): 6077.7, Avg(ms): 25.1, 50th(ms): 24.1, 90th(ms): 37.7, 95th(ms): 41.9, 99th(ms): 56.6, 99.9th(ms): 75.5, Max(ms): 75.5
[Current] PAYMENT - Takes(s): 10.0, Count: 2655, TPM: 15930.5, Sum(ms): 94697.4, Avg(ms): 35.7, 50th(ms): 33.6, 90th(ms): 48.2, 95th(ms): 56.6, 99th(ms): 75.5, 99.9th(ms): 92.3, Max(ms): 226.5
[Current] STOCK_LEVEL - Takes(s): 9.9, Count: 237, TPM: 1429.7, Sum(ms): 10158.8, Avg(ms): 42.8, 50th(ms): 39.8, 90th(ms): 67.1, 95th(ms): 75.5, 99th(ms): 100.7, 99.9th(ms): 125.8, Max(ms): 125.8
[Current] DELIVERY - Takes(s): 10.0, Count: 227, TPM: 1365.4, Sum(ms): 36751.8, Avg(ms): 161.7, 50th(ms): 159.4, 90th(ms): 201.3, 95th(ms): 218.1, 99th(ms): 302.0, 99.9th(ms): 335.5, Max(ms): 335.5
[Current] NEW_ORDER - Takes(s): 10.0, Count: 2848, TPM: 17092.7, Sum(ms): 164280.9, Avg(ms): 57.8, 50th(ms): 56.6, 90th(ms): 75.5, 95th(ms): 79.7, 99th(ms): 100.7, 99.9th(ms): 151.0, Max(ms): 184.5
[Current] ORDER_STATUS - Takes(s): 10.0, Count: 225, TPM: 1355.0, Sum(ms): 5832.2, Avg(ms): 25.9, 50th(ms): 23.1, 90th(ms): 39.8, 95th(ms): 48.2, 99th(ms): 75.5, 99.9th(ms): 79.7, Max(ms): 79.7
[Current] PAYMENT - Takes(s): 10.0, Count: 2675, TPM: 16053.0, Sum(ms): 96421.1, Avg(ms): 36.1, 50th(ms): 35.7, 90th(ms): 48.2, 95th(ms): 56.6, 99th(ms): 79.7, 99.9th(ms): 104.9, Max(ms): 151.0
[Current] STOCK_LEVEL - Takes(s): 10.0, Count: 227, TPM: 1366.2, Sum(ms): 9821.4, Avg(ms): 43.3, 50th(ms): 39.8, 90th(ms): 65.0, 95th(ms): 75.5, 99th(ms): 100.7, 99.9th(ms): 151.0, Max(ms): 151.0
[Current] DELIVERY - Takes(s): 10.0, Count: 252, TPM: 1515.1, Sum(ms): 40586.6, Avg(ms): 160.9, 50th(ms): 159.4, 90th(ms): 192.9, 95th(ms): 209.7, 99th(ms): 268.4, 99.9th(ms): 436.2, Max(ms): 436.2
[Current] NEW_ORDER - Takes(s): 10.0, Count: 2780, TPM: 16687.8, Sum(ms): 157697.2, Avg(ms): 56.7, 50th(ms): 56.6, 90th(ms): 75.5, 95th(ms): 83.9, 99th(ms): 100.7, 99.9th(ms): 130.0, Max(ms): 176.2
[Current] ORDER_STATUS - Takes(s): 10.0, Count: 219, TPM: 1314.1, Sum(ms): 5712.2, Avg(ms): 26.1, 50th(ms): 25.2, 90th(ms): 37.7, 95th(ms): 46.1, 99th(ms): 58.7, 99.9th(ms): 71.3, Max(ms): 71.3
[Current] PAYMENT - Takes(s): 10.0, Count: 2736, TPM: 16416.8, Sum(ms): 97354.1, Avg(ms): 35.6, 50th(ms): 33.6, 90th(ms): 50.3, 95th(ms): 56.6, 99th(ms): 71.3, 99.9th(ms): 88.1, Max(ms): 96.5
[Current] STOCK_LEVEL - Takes(s): 10.0, Count: 266, TPM: 1596.7, Sum(ms): 12017.1, Avg(ms): 45.2, 50th(ms): 41.9, 90th(ms): 75.5, 95th(ms): 88.1, 99th(ms): 100.7, 99.9th(ms): 134.2, Max(ms): 134.2
[Current] DELIVERY - Takes(s): 10.0, Count: 218, TPM: 1310.6, Sum(ms): 39029.8, Avg(ms): 179.3, 50th(ms): 176.2, 90th(ms): 218.1, 95th(ms): 234.9, 99th(ms): 285.2, 99.9th(ms): 385.9, Max(ms): 385.9
[Current] NEW_ORDER - Takes(s): 10.0, Count: 2579, TPM: 15478.4, Sum(ms): 157977.2, Avg(ms): 61.3, 50th(ms): 60.8, 90th(ms): 83.9, 95th(ms): 88.1, 99th(ms): 104.9, 99.9th(ms): 121.6, Max(ms): 159.4
[Current] ORDER_STATUS - Takes(s): 10.0, Count: 232, TPM: 1394.5, Sum(ms): 6716.9, Avg(ms): 28.9, 50th(ms): 28.3, 90th(ms): 44.0, 95th(ms): 48.2, 99th(ms): 65.0, 99.9th(ms): 71.3, Max(ms): 71.3
[Current] PAYMENT - Takes(s): 10.0, Count: 2536, TPM: 15219.3, Sum(ms): 98988.7, Avg(ms): 39.0, 50th(ms): 37.7, 90th(ms): 54.5, 95th(ms): 60.8, 99th(ms): 79.7, 99.9th(ms): 117.4, Max(ms): 167.8
[Current] STOCK_LEVEL - Takes(s): 10.0, Count: 236, TPM: 1419.3, Sum(ms): 9640.0, Avg(ms): 40.8, 50th(ms): 39.8, 90th(ms): 60.8, 95th(ms): 71.3, 99th(ms): 92.3, 99.9th(ms): 142.6, Max(ms): 142.6
Finished
[Summary] DELIVERY - Takes(s): 599.8, Count: 15161, TPM: 1516.7, Sum(ms): 2378831.5, Avg(ms): 157.0, 50th(ms): 159.4, 90th(ms): 201.3, 95th(ms): 218.1, 99th(ms): 285.2, 99.9th(ms): 352.3, Max(ms): 436.2
[Summary] NEW_ORDER - Takes(s): 600.0, Count: 169912, TPM: 16991.9, Sum(ms): 9693596.3, Avg(ms): 57.1, 50th(ms): 56.6, 90th(ms): 75.5, 95th(ms): 83.9, 99th(ms): 104.9, 99.9th(ms): 142.6, Max(ms): 302.0
[Summary] ORDER_STATUS - Takes(s): 599.9, Count: 15164, TPM: 1516.6, Sum(ms): 382748.3, Avg(ms): 25.2, 50th(ms): 24.1, 90th(ms): 37.7, 95th(ms): 44.0, 99th(ms): 56.6, 99.9th(ms): 92.3, Max(ms): 151.0
[Summary] PAYMENT - Takes(s): 600.0, Count: 162073, TPM: 16207.6, Sum(ms): 5636216.1, Avg(ms): 34.8, 50th(ms): 33.6, 90th(ms): 48.2, 95th(ms): 54.5, 99th(ms): 75.5, 99.9th(ms): 104.9, Max(ms): 1073.7
[Summary] STOCK_LEVEL - Takes(s): 600.0, Count: 14992, TPM: 1499.2, Sum(ms): 681629.7, Avg(ms): 45.5, 50th(ms): 37.7, 90th(ms): 75.5, 95th(ms): 96.5, 99th(ms): 176.2, 99.9th(ms): 302.0, Max(ms): 385.9
tpmC: 16991.9, tpmTotal: 37732.0, efficiency: 1032.3%
