2026/04/27 16:59:32 maxprocs: Leaving GOMAXPROCS=4: CPU quota undefined
[Current] DELIVERY - Takes(s): 9.4, Count: 307, TPM: 1952.2, Sum(ms): 167906.1, Avg(ms): 547.1, 50th(ms): 520.1, 90th(ms): 704.6, 95th(ms): 805.3, 99th(ms): 1040.2, 99.9th(ms): 1140.9, Max(ms): 1140.9
[Current] NEW_ORDER - Takes(s): 9.7, Count: 3452, TPM: 21311.0, Sum(ms): 596204.1, Avg(ms): 172.7, 50th(ms): 167.8, 90th(ms): 226.5, 95th(ms): 251.7, 99th(ms): 335.5, 99.9th(ms): 436.2, Max(ms): 536.9
[Current] ORDER_STATUS - Takes(s): 9.7, Count: 293, TPM: 1803.9, Sum(ms): 22705.6, Avg(ms): 77.6, 50th(ms): 75.5, 90th(ms): 109.1, 95th(ms): 121.6, 99th(ms): 159.4, 99.9th(ms): 192.9, Max(ms): 192.9
[Current] PAYMENT - Takes(s): 9.7, Count: 3288, TPM: 20288.0, Sum(ms): 399605.5, Avg(ms): 121.6, 50th(ms): 113.2, 90th(ms): 184.5, 95th(ms): 218.1, 99th(ms): 302.0, 99.9th(ms): 369.1, Max(ms): 402.7
[Current] STOCK_LEVEL - Takes(s): 9.7, Count: 298, TPM: 1836.9, Sum(ms): 23369.4, Avg(ms): 78.4, 50th(ms): 79.7, 90th(ms): 104.9, 95th(ms): 113.2, 99th(ms): 121.6, 99.9th(ms): 218.1, Max(ms): 218.1
[Current] DELIVERY - Takes(s): 10.0, Count: 300, TPM: 1802.3, Sum(ms): 174366.1, Avg(ms): 581.6, 50th(ms): 536.9, 90th(ms): 805.3, 95th(ms): 872.4, 99th(ms): 1140.9, 99.9th(ms): 1208.0, Max(ms): 1208.0
[Current] NEW_ORDER - Takes(s): 10.0, Count: 3368, TPM: 20215.4, Sum(ms): 612858.4, Avg(ms): 182.0, 50th(ms): 176.2, 90th(ms): 251.7, 95th(ms): 285.2, 99th(ms): 352.3, 99.9th(ms): 436.2, Max(ms): 536.9
[Current] ORDER_STATUS - Takes(s): 9.9, Count: 311, TPM: 1882.8, Sum(ms): 25401.8, Avg(ms): 81.8, 50th(ms): 79.7, 90th(ms): 117.4, 95th(ms): 134.2, 99th(ms): 159.4, 99.9th(ms): 192.9, Max(ms): 192.9
[Current] PAYMENT - Takes(s): 10.0, Count: 3278, TPM: 19675.1, Sum(ms): 411577.9, Avg(ms): 125.6, 50th(ms): 113.2, 90th(ms): 192.9, 95th(ms): 226.5, 99th(ms): 318.8, 99.9th(ms): 402.7, Max(ms): 520.1
[Current] STOCK_LEVEL - Takes(s): 10.0, Count: 282, TPM: 1696.8, Sum(ms): 23099.2, Avg(ms): 81.9, 50th(ms): 79.7, 90th(ms): 113.2, 95th(ms): 121.6, 99th(ms): 130.0, 99.9th(ms): 159.4, Max(ms): 159.4
[Current] DELIVERY - Takes(s): 10.0, Count: 260, TPM: 1562.3, Sum(ms): 170181.4, Avg(ms): 655.9, 50th(ms): 637.5, 90th(ms): 838.9, 95th(ms): 939.5, 99th(ms): 1342.2, 99.9th(ms): 1543.5, Max(ms): 1543.5
[Current] NEW_ORDER - Takes(s): 10.0, Count: 2972, TPM: 17832.2, Sum(ms): 609223.7, Avg(ms): 205.0, 50th(ms): 201.3, 90th(ms): 285.2, 95th(ms): 318.8, 99th(ms): 402.7, 99.9th(ms): 469.8, Max(ms): 536.9
[Current] ORDER_STATUS - Takes(s): 9.9, Count: 263, TPM: 1588.7, Sum(ms): 24284.2, Avg(ms): 92.5, 50th(ms): 92.3, 90th(ms): 125.8, 95th(ms): 142.6, 99th(ms): 184.5, 99.9th(ms): 234.9, Max(ms): 234.9
[Current] PAYMENT - Takes(s): 10.0, Count: 2917, TPM: 17504.7, Sum(ms): 423350.9, Avg(ms): 145.2, 50th(ms): 130.0, 90th(ms): 226.5, 95th(ms): 268.4, 99th(ms): 385.9, 99.9th(ms): 520.1, Max(ms): 604.0
[Current] STOCK_LEVEL - Takes(s): 10.0, Count: 277, TPM: 1662.2, Sum(ms): 26138.5, Avg(ms): 94.4, 50th(ms): 96.5, 90th(ms): 121.6, 95th(ms): 134.2, 99th(ms): 159.4, 99.9th(ms): 167.8, Max(ms): 167.8
[Current] DELIVERY - Takes(s): 10.0, Count: 279, TPM: 1676.5, Sum(ms): 177537.3, Avg(ms): 635.6, 50th(ms): 604.0, 90th(ms): 872.4, 95th(ms): 1006.6, 99th(ms): 1275.1, 99.9th(ms): 1744.8, Max(ms): 1744.8
[Current] NEW_ORDER - Takes(s): 10.0, Count: 3165, TPM: 19001.5, Sum(ms): 612883.5, Avg(ms): 193.7, 50th(ms): 192.9, 90th(ms): 260.0, 95th(ms): 302.0, 99th(ms): 402.7, 99.9th(ms): 536.9, Max(ms): 570.4
[Current] ORDER_STATUS - Takes(s): 10.0, Count: 275, TPM: 1656.6, Sum(ms): 24089.9, Avg(ms): 87.6, 50th(ms): 88.1, 90th(ms): 121.6, 95th(ms): 142.6, 99th(ms): 167.8, 99.9th(ms): 218.1, Max(ms): 218.1
[Current] PAYMENT - Takes(s): 10.0, Count: 2991, TPM: 17948.9, Sum(ms): 413281.3, Avg(ms): 138.3, 50th(ms): 125.8, 90th(ms): 218.1, 95th(ms): 260.0, 99th(ms): 352.3, 99.9th(ms): 453.0, Max(ms): 570.4
[Current] STOCK_LEVEL - Takes(s): 9.9, Count: 259, TPM: 1562.9, Sum(ms): 24778.3, Avg(ms): 95.7, 50th(ms): 88.1, 90th(ms): 125.8, 95th(ms): 142.6, 99th(ms): 385.9, 99.9th(ms): 419.4, Max(ms): 419.4
[Current] DELIVERY - Takes(s): 10.0, Count: 257, TPM: 1544.5, Sum(ms): 183280.7, Avg(ms): 713.2, 50th(ms): 671.1, 90th(ms): 1006.6, 95th(ms): 1208.0, 99th(ms): 1409.3, 99.9th(ms): 1744.8, Max(ms): 1744.8
[Current] NEW_ORDER - Takes(s): 10.0, Count: 2931, TPM: 17587.5, Sum(ms): 626100.3, Avg(ms): 213.8, 50th(ms): 201.3, 90th(ms): 302.0, 95th(ms): 352.3, 99th(ms): 453.0, 99.9th(ms): 604.0, Max(ms): 671.1
[Current] ORDER_STATUS - Takes(s): 10.0, Count: 252, TPM: 1516.2, Sum(ms): 25118.9, Avg(ms): 99.6, 50th(ms): 96.5, 90th(ms): 142.6, 95th(ms): 159.4, 99th(ms): 218.1, 99.9th(ms): 268.4, Max(ms): 268.4
[Current] PAYMENT - Takes(s): 10.0, Count: 2640, TPM: 15845.1, Sum(ms): 391283.2, Avg(ms): 148.2, 50th(ms): 134.2, 90th(ms): 234.9, 95th(ms): 268.4, 99th(ms): 385.9, 99.9th(ms): 520.1, Max(ms): 570.4
[Current] STOCK_LEVEL - Takes(s): 10.0, Count: 263, TPM: 1582.7, Sum(ms): 26171.8, Avg(ms): 99.6, 50th(ms): 92.3, 90th(ms): 142.6, 95th(ms): 167.8, 99th(ms): 243.3, 99.9th(ms): 402.7, Max(ms): 402.7
[Current] DELIVERY - Takes(s): 10.0, Count: 238, TPM: 1429.1, Sum(ms): 165036.0, Avg(ms): 693.6, 50th(ms): 637.5, 90th(ms): 1040.2, 95th(ms): 1275.1, 99th(ms): 1610.6, 99.9th(ms): 1677.7, Max(ms): 1677.7
[Current] NEW_ORDER - Takes(s): 10.0, Count: 2924, TPM: 17543.9, Sum(ms): 612475.7, Avg(ms): 209.5, 50th(ms): 201.3, 90th(ms): 302.0, 95th(ms): 352.3, 99th(ms): 469.8, 99.9th(ms): 637.5, Max(ms): 704.6
[Current] ORDER_STATUS - Takes(s): 10.0, Count: 265, TPM: 1591.6, Sum(ms): 25295.9, Avg(ms): 95.5, 50th(ms): 92.3, 90th(ms): 142.6, 95th(ms): 176.2, 99th(ms): 218.1, 99.9th(ms): 268.4, Max(ms): 268.4
[Current] PAYMENT - Takes(s): 10.0, Count: 2834, TPM: 17017.5, Sum(ms): 426501.9, Avg(ms): 150.5, 50th(ms): 130.0, 90th(ms): 243.3, 95th(ms): 302.0, 99th(ms): 402.7, 99.9th(ms): 637.5, Max(ms): 704.6
[Current] STOCK_LEVEL - Takes(s): 10.0, Count: 262, TPM: 1572.5, Sum(ms): 26419.8, Avg(ms): 100.8, 50th(ms): 92.3, 90th(ms): 151.0, 95th(ms): 176.2, 99th(ms): 302.0, 99.9th(ms): 419.4, Max(ms): 419.4
[Current] DELIVERY - Takes(s): 10.0, Count: 239, TPM: 1435.0, Sum(ms): 174708.3, Avg(ms): 731.3, 50th(ms): 704.6, 90th(ms): 973.1, 95th(ms): 1073.7, 99th(ms): 1677.7, 99.9th(ms): 2147.5, Max(ms): 2147.5
[Current] NEW_ORDER - Takes(s): 10.0, Count: 2756, TPM: 16548.7, Sum(ms): 618548.9, Avg(ms): 224.6, 50th(ms): 218.1, 90th(ms): 318.8, 95th(ms): 352.3, 99th(ms): 453.0, 99.9th(ms): 536.9, Max(ms): 637.5
[Current] ORDER_STATUS - Takes(s): 10.0, Count: 219, TPM: 1319.2, Sum(ms): 22977.8, Avg(ms): 104.8, 50th(ms): 100.7, 90th(ms): 159.4, 95th(ms): 176.2, 99th(ms): 243.3, 99.9th(ms): 285.2, Max(ms): 285.2
[Current] PAYMENT - Takes(s): 10.0, Count: 2573, TPM: 15438.5, Sum(ms): 404375.1, Avg(ms): 157.2, 50th(ms): 142.6, 90th(ms): 243.3, 95th(ms): 302.0, 99th(ms): 402.7, 99.9th(ms): 536.9, Max(ms): 671.1
[Current] STOCK_LEVEL - Takes(s): 10.0, Count: 233, TPM: 1398.2, Sum(ms): 23198.9, Avg(ms): 99.5, 50th(ms): 92.3, 90th(ms): 159.4, 95th(ms): 176.2, 99th(ms): 251.7, 99.9th(ms): 302.0, Max(ms): 302.0
[Current] DELIVERY - Takes(s): 10.0, Count: 293, TPM: 1760.4, Sum(ms): 201862.1, Avg(ms): 690.3, 50th(ms): 671.1, 90th(ms): 939.5, 95th(ms): 1040.2, 99th(ms): 1409.3, 99.9th(ms): 2147.5, Max(ms): 2147.5
[Current] NEW_ORDER - Takes(s): 10.0, Count: 2908, TPM: 17451.3, Sum(ms): 590941.9, Avg(ms): 203.2, 50th(ms): 201.3, 90th(ms): 285.2, 95th(ms): 318.8, 99th(ms): 402.7, 99.9th(ms): 469.8, Max(ms): 604.0
[Current] ORDER_STATUS - Takes(s): 10.0, Count: 220, TPM: 1325.4, Sum(ms): 21061.5, Avg(ms): 95.8, 50th(ms): 92.3, 90th(ms): 142.6, 95th(ms): 176.2, 99th(ms): 192.9, 99.9th(ms): 218.1, Max(ms): 218.1
[Current] PAYMENT - Takes(s): 10.0, Count: 2891, TPM: 17352.3, Sum(ms): 422615.8, Avg(ms): 146.2, 50th(ms): 130.0, 90th(ms): 226.5, 95th(ms): 268.4, 99th(ms): 385.9, 99.9th(ms): 503.3, Max(ms): 520.1
[Current] STOCK_LEVEL - Takes(s): 10.0, Count: 264, TPM: 1587.4, Sum(ms): 21303.8, Avg(ms): 80.7, 50th(ms): 79.7, 90th(ms): 117.4, 95th(ms): 130.0, 99th(ms): 159.4, 99.9th(ms): 167.8, Max(ms): 167.8
[Current] DELIVERY - Takes(s): 9.9, Count: 259, TPM: 1563.2, Sum(ms): 190415.2, Avg(ms): 735.8, 50th(ms): 704.6, 90th(ms): 1006.6, 95th(ms): 1275.1, 99th(ms): 1677.7, 99.9th(ms): 2147.5, Max(ms): 2147.5
[Current] NEW_ORDER - Takes(s): 10.0, Count: 2724, TPM: 16345.1, Sum(ms): 598662.7, Avg(ms): 219.8, 50th(ms): 209.7, 90th(ms): 318.8, 95th(ms): 369.1, 99th(ms): 469.8, 99.9th(ms): 637.5, Max(ms): 838.9
[Current] ORDER_STATUS - Takes(s): 9.9, Count: 225, TPM: 1357.1, Sum(ms): 21770.9, Avg(ms): 96.8, 50th(ms): 96.5, 90th(ms): 142.6, 95th(ms): 159.4, 99th(ms): 251.7, 99.9th(ms): 285.2, Max(ms): 285.2
[Current] PAYMENT - Takes(s): 10.0, Count: 2657, TPM: 15945.3, Sum(ms): 412537.6, Avg(ms): 155.4, 50th(ms): 142.6, 90th(ms): 251.7, 95th(ms): 302.0, 99th(ms): 436.2, 99.9th(ms): 570.4, Max(ms): 738.2
[Current] STOCK_LEVEL - Takes(s): 10.0, Count: 254, TPM: 1525.0, Sum(ms): 24875.6, Avg(ms): 98.1, 50th(ms): 83.9, 90th(ms): 142.6, 95th(ms): 176.2, 99th(ms): 352.3, 99.9th(ms): 486.5, Max(ms): 486.5
[Current] DELIVERY - Takes(s): 10.0, Count: 284, TPM: 1706.2, Sum(ms): 186940.1, Avg(ms): 657.7, 50th(ms): 637.5, 90th(ms): 872.4, 95th(ms): 1040.2, 99th(ms): 1342.2, 99.9th(ms): 1543.5, Max(ms): 1543.5
[Current] NEW_ORDER - Takes(s): 10.0, Count: 3025, TPM: 18150.7, Sum(ms): 594828.3, Avg(ms): 196.7, 50th(ms): 192.9, 90th(ms): 268.4, 95th(ms): 302.0, 99th(ms): 385.9, 99.9th(ms): 520.1, Max(ms): 805.3
[Current] ORDER_STATUS - Takes(s): 10.0, Count: 276, TPM: 1656.9, Sum(ms): 24830.8, Avg(ms): 90.0, 50th(ms): 88.1, 90th(ms): 130.0, 95th(ms): 151.0, 99th(ms): 184.5, 99.9th(ms): 243.3, Max(ms): 243.3
[Current] PAYMENT - Takes(s): 10.0, Count: 2973, TPM: 17852.5, Sum(ms): 427746.1, Avg(ms): 143.9, 50th(ms): 130.0, 90th(ms): 226.5, 95th(ms): 285.2, 99th(ms): 369.1, 99.9th(ms): 469.8, Max(ms): 604.0
[Current] STOCK_LEVEL - Takes(s): 10.0, Count: 283, TPM: 1698.6, Sum(ms): 24445.3, Avg(ms): 86.5, 50th(ms): 83.9, 90th(ms): 125.8, 95th(ms): 151.0, 99th(ms): 226.5, 99.9th(ms): 369.1, Max(ms): 369.1
[Current] DELIVERY - Takes(s): 9.9, Count: 269, TPM: 1629.3, Sum(ms): 178181.4, Avg(ms): 663.2, 50th(ms): 637.5, 90th(ms): 872.4, 95th(ms): 1006.6, 99th(ms): 1275.1, 99.9th(ms): 2013.3, Max(ms): 2013.3
[Current] NEW_ORDER - Takes(s): 10.0, Count: 2989, TPM: 17933.7, Sum(ms): 602039.2, Avg(ms): 201.5, 50th(ms): 192.9, 90th(ms): 268.4, 95th(ms): 318.8, 99th(ms): 436.2, 99.9th(ms): 570.4, Max(ms): 906.0
[Current] ORDER_STATUS - Takes(s): 9.9, Count: 301, TPM: 1818.8, Sum(ms): 27847.9, Avg(ms): 92.6, 50th(ms): 92.3, 90th(ms): 134.2, 95th(ms): 159.4, 99th(ms): 201.3, 99.9th(ms): 218.1, Max(ms): 218.1
[Current] PAYMENT - Takes(s): 10.0, Count: 2901, TPM: 17410.3, Sum(ms): 417199.5, Avg(ms): 143.9, 50th(ms): 130.0, 90th(ms): 226.5, 95th(ms): 260.0, 99th(ms): 385.9, 99.9th(ms): 486.5, Max(ms): 520.1
[Current] STOCK_LEVEL - Takes(s): 10.0, Count: 248, TPM: 1491.4, Sum(ms): 20971.0, Avg(ms): 84.6, 50th(ms): 79.7, 90th(ms): 121.6, 95th(ms): 142.6, 99th(ms): 176.2, 99.9th(ms): 192.9, Max(ms): 192.9
[Current] DELIVERY - Takes(s): 10.0, Count: 311, TPM: 1868.0, Sum(ms): 201374.3, Avg(ms): 647.8, 50th(ms): 604.0, 90th(ms): 1006.6, 95th(ms): 1140.9, 99th(ms): 1476.4, 99.9th(ms): 1543.5, Max(ms): 1543.5
[Current] NEW_ORDER - Takes(s): 10.0, Count: 3060, TPM: 18367.0, Sum(ms): 588448.3, Avg(ms): 192.3, 50th(ms): 184.5, 90th(ms): 285.2, 95th(ms): 335.5, 99th(ms): 402.7, 99.9th(ms): 536.9, Max(ms): 805.3
[Current] ORDER_STATUS - Takes(s): 10.0, Count: 291, TPM: 1747.0, Sum(ms): 23991.2, Avg(ms): 82.3, 50th(ms): 79.7, 90th(ms): 130.0, 95th(ms): 151.0, 99th(ms): 192.9, 99.9th(ms): 268.4, Max(ms): 268.4
[Current] PAYMENT - Takes(s): 10.0, Count: 3047, TPM: 18287.4, Sum(ms): 414468.8, Avg(ms): 136.1, 50th(ms): 121.6, 90th(ms): 226.5, 95th(ms): 260.0, 99th(ms): 352.3, 99.9th(ms): 453.0, Max(ms): 604.0
[Current] STOCK_LEVEL - Takes(s): 10.0, Count: 281, TPM: 1686.6, Sum(ms): 25539.3, Avg(ms): 90.9, 50th(ms): 79.7, 90th(ms): 151.0, 95th(ms): 167.8, 99th(ms): 209.7, 99.9th(ms): 1006.6, Max(ms): 1006.6
[Current] DELIVERY - Takes(s): 10.0, Count: 276, TPM: 1661.5, Sum(ms): 184780.2, Avg(ms): 669.2, 50th(ms): 637.5, 90th(ms): 906.0, 95th(ms): 1040.2, 99th(ms): 1275.1, 99.9th(ms): 1610.6, Max(ms): 1610.6
[Current] NEW_ORDER - Takes(s): 10.0, Count: 3038, TPM: 18228.9, Sum(ms): 609754.2, Avg(ms): 200.7, 50th(ms): 192.9, 90th(ms): 285.2, 95th(ms): 318.8, 99th(ms): 402.7, 99.9th(ms): 536.9, Max(ms): 805.3
[Current] ORDER_STATUS - Takes(s): 9.9, Count: 292, TPM: 1769.2, Sum(ms): 26512.1, Avg(ms): 90.7, 50th(ms): 92.3, 90th(ms): 130.0, 95th(ms): 142.6, 99th(ms): 167.8, 99.9th(ms): 209.7, Max(ms): 209.7
[Current] PAYMENT - Takes(s): 10.0, Count: 2918, TPM: 17526.1, Sum(ms): 405935.8, Avg(ms): 139.2, 50th(ms): 130.0, 90th(ms): 209.7, 95th(ms): 251.7, 99th(ms): 352.3, 99.9th(ms): 436.2, Max(ms): 503.3
[Current] STOCK_LEVEL - Takes(s): 10.0, Count: 285, TPM: 1711.3, Sum(ms): 25815.4, Avg(ms): 90.7, 50th(ms): 83.9, 90th(ms): 151.0, 95th(ms): 167.8, 99th(ms): 192.9, 99.9th(ms): 218.1, Max(ms): 218.1
[Current] DELIVERY - Takes(s): 10.0, Count: 250, TPM: 1503.8, Sum(ms): 172277.0, Avg(ms): 690.2, 50th(ms): 671.1, 90th(ms): 939.5, 95th(ms): 1006.6, 99th(ms): 1409.3, 99.9th(ms): 1879.0, Max(ms): 1879.0
[Current] NEW_ORDER - Takes(s): 10.0, Count: 2939, TPM: 17647.4, Sum(ms): 609817.7, Avg(ms): 207.6, 50th(ms): 201.3, 90th(ms): 285.2, 95th(ms): 335.5, 99th(ms): 419.4, 99.9th(ms): 570.4, Max(ms): 604.0
[Current] ORDER_STATUS - Takes(s): 10.0, Count: 251, TPM: 1508.1, Sum(ms): 24544.3, Avg(ms): 97.8, 50th(ms): 96.5, 90th(ms): 142.6, 95th(ms): 159.4, 99th(ms): 209.7, 99.9th(ms): 318.8, Max(ms): 318.8
[Current] PAYMENT - Takes(s): 10.0, Count: 2828, TPM: 16989.2, Sum(ms): 424112.0, Avg(ms): 150.0, 50th(ms): 134.2, 90th(ms): 234.9, 95th(ms): 285.2, 99th(ms): 402.7, 99.9th(ms): 570.4, Max(ms): 704.6
[Current] STOCK_LEVEL - Takes(s): 9.9, Count: 229, TPM: 1389.0, Sum(ms): 21088.5, Avg(ms): 92.2, 50th(ms): 88.1, 90th(ms): 142.6, 95th(ms): 159.4, 99th(ms): 209.7, 99.9th(ms): 234.9, Max(ms): 234.9
[Current] DELIVERY - Takes(s): 10.0, Count: 216, TPM: 1302.4, Sum(ms): 157778.4, Avg(ms): 731.7, 50th(ms): 704.6, 90th(ms): 1006.6, 95th(ms): 1208.0, 99th(ms): 1476.4, 99.9th(ms): 2080.4, Max(ms): 2080.4
[Current] NEW_ORDER - Takes(s): 10.0, Count: 2799, TPM: 16801.1, Sum(ms): 627842.1, Avg(ms): 224.5, 50th(ms): 218.1, 90th(ms): 335.5, 95th(ms): 369.1, 99th(ms): 469.8, 99.9th(ms): 637.5, Max(ms): 771.8
[Current] ORDER_STATUS - Takes(s): 10.0, Count: 223, TPM: 1340.0, Sum(ms): 23763.6, Avg(ms): 106.6, 50th(ms): 96.5, 90th(ms): 167.8, 95th(ms): 192.9, 99th(ms): 318.8, 99.9th(ms): 352.3, Max(ms): 352.3
[Current] PAYMENT - Takes(s): 10.0, Count: 2604, TPM: 15630.1, Sum(ms): 418400.1, Avg(ms): 160.7, 50th(ms): 142.6, 90th(ms): 260.0, 95th(ms): 318.8, 99th(ms): 419.4, 99.9th(ms): 536.9, Max(ms): 671.1
[Current] STOCK_LEVEL - Takes(s): 10.0, Count: 271, TPM: 1630.8, Sum(ms): 25005.4, Avg(ms): 92.4, 50th(ms): 83.9, 90th(ms): 151.0, 95th(ms): 176.2, 99th(ms): 209.7, 99.9th(ms): 251.7, Max(ms): 251.7
[Current] DELIVERY - Takes(s): 10.0, Count: 240, TPM: 1444.9, Sum(ms): 165395.6, Avg(ms): 689.2, 50th(ms): 637.5, 90th(ms): 1040.2, 95th(ms): 1208.0, 99th(ms): 1610.6, 99.9th(ms): 1744.8, Max(ms): 1744.8
[Current] NEW_ORDER - Takes(s): 10.0, Count: 3072, TPM: 18433.9, Sum(ms): 625578.0, Avg(ms): 203.8, 50th(ms): 192.9, 90th(ms): 302.0, 95th(ms): 335.5, 99th(ms): 503.3, 99.9th(ms): 570.4, Max(ms): 671.1
[Current] ORDER_STATUS - Takes(s): 10.0, Count: 257, TPM: 1543.6, Sum(ms): 24034.5, Avg(ms): 93.5, 50th(ms): 92.3, 90th(ms): 142.6, 95th(ms): 151.0, 99th(ms): 176.2, 99.9th(ms): 226.5, Max(ms): 226.5
[Current] PAYMENT - Takes(s): 10.0, Count: 2844, TPM: 17064.2, Sum(ms): 409814.1, Avg(ms): 144.1, 50th(ms): 130.0, 90th(ms): 226.5, 95th(ms): 285.2, 99th(ms): 385.9, 99.9th(ms): 536.9, Max(ms): 637.5
[Current] STOCK_LEVEL - Takes(s): 9.9, Count: 270, TPM: 1631.9, Sum(ms): 25405.8, Avg(ms): 94.0, 50th(ms): 79.7, 90th(ms): 159.4, 95th(ms): 192.9, 99th(ms): 251.7, 99.9th(ms): 285.2, Max(ms): 285.2
[Current] DELIVERY - Takes(s): 9.9, Count: 259, TPM: 1570.6, Sum(ms): 170756.2, Avg(ms): 659.2, 50th(ms): 604.0, 90th(ms): 939.5, 95th(ms): 1140.9, 99th(ms): 1342.2, 99.9th(ms): 1476.4, Max(ms): 1476.4
[Current] NEW_ORDER - Takes(s): 10.0, Count: 2889, TPM: 17341.2, Sum(ms): 596843.3, Avg(ms): 206.7, 50th(ms): 192.9, 90th(ms): 318.8, 95th(ms): 352.3, 99th(ms): 469.8, 99.9th(ms): 570.4, Max(ms): 738.2
[Current] ORDER_STATUS - Takes(s): 10.0, Count: 266, TPM: 1603.4, Sum(ms): 24966.8, Avg(ms): 93.8, 50th(ms): 88.1, 90th(ms): 151.0, 95th(ms): 176.2, 99th(ms): 226.5, 99.9th(ms): 318.8, Max(ms): 318.8
[Current] PAYMENT - Takes(s): 10.0, Count: 2872, TPM: 17237.3, Sum(ms): 428548.8, Avg(ms): 149.3, 50th(ms): 130.0, 90th(ms): 243.3, 95th(ms): 302.0, 99th(ms): 385.9, 99.9th(ms): 570.4, Max(ms): 570.4
[Current] STOCK_LEVEL - Takes(s): 10.0, Count: 261, TPM: 1571.7, Sum(ms): 24996.6, Avg(ms): 95.9, 50th(ms): 88.1, 90th(ms): 151.0, 95th(ms): 176.2, 99th(ms): 209.7, 99.9th(ms): 335.5, Max(ms): 335.5
[Current] DELIVERY - Takes(s): 9.9, Count: 289, TPM: 1746.0, Sum(ms): 185047.3, Avg(ms): 641.0, 50th(ms): 604.0, 90th(ms): 939.5, 95th(ms): 1040.2, 99th(ms): 1275.1, 99.9th(ms): 1610.6, Max(ms): 1610.6
[Current] NEW_ORDER - Takes(s): 10.0, Count: 3027, TPM: 18162.9, Sum(ms): 616008.2, Avg(ms): 203.6, 50th(ms): 192.9, 90th(ms): 302.0, 95th(ms): 352.3, 99th(ms): 453.0, 99.9th(ms): 637.5, Max(ms): 704.6
[Current] ORDER_STATUS - Takes(s): 10.0, Count: 256, TPM: 1536.3, Sum(ms): 23134.7, Avg(ms): 90.3, 50th(ms): 88.1, 90th(ms): 142.6, 95th(ms): 159.4, 99th(ms): 192.9, 99.9th(ms): 234.9, Max(ms): 234.9
[Current] PAYMENT - Takes(s): 10.0, Count: 2876, TPM: 17262.4, Sum(ms): 414316.5, Avg(ms): 144.1, 50th(ms): 130.0, 90th(ms): 243.3, 95th(ms): 285.2, 99th(ms): 402.7, 99.9th(ms): 520.1, Max(ms): 637.5
[Current] STOCK_LEVEL - Takes(s): 10.0, Count: 246, TPM: 1477.0, Sum(ms): 22441.6, Avg(ms): 91.2, 50th(ms): 83.9, 90th(ms): 151.0, 95th(ms): 167.8, 99th(ms): 218.1, 99.9th(ms): 226.5, Max(ms): 226.5
[Current] DELIVERY - Takes(s): 10.0, Count: 271, TPM: 1626.2, Sum(ms): 161467.7, Avg(ms): 596.0, 50th(ms): 570.4, 90th(ms): 805.3, 95th(ms): 973.1, 99th(ms): 1275.1, 99.9th(ms): 1610.6, Max(ms): 1610.6
[Current] NEW_ORDER - Takes(s): 10.0, Count: 3378, TPM: 20286.3, Sum(ms): 611862.2, Avg(ms): 181.2, 50th(ms): 176.2, 90th(ms): 251.7, 95th(ms): 285.2, 99th(ms): 352.3, 99.9th(ms): 486.5, Max(ms): 604.0
[Current] ORDER_STATUS - Takes(s): 10.0, Count: 314, TPM: 1889.5, Sum(ms): 25752.6, Avg(ms): 81.9, 50th(ms): 79.7, 90th(ms): 121.6, 95th(ms): 142.6, 99th(ms): 159.4, 99.9th(ms): 184.5, Max(ms): 184.5
[Current] PAYMENT - Takes(s): 10.0, Count: 3320, TPM: 19953.8, Sum(ms): 430651.0, Avg(ms): 129.7, 50th(ms): 117.4, 90th(ms): 201.3, 95th(ms): 243.3, 99th(ms): 335.5, 99.9th(ms): 436.2, Max(ms): 469.8
[Current] STOCK_LEVEL - Takes(s): 9.9, Count: 269, TPM: 1622.3, Sum(ms): 21818.0, Avg(ms): 81.1, 50th(ms): 75.5, 90th(ms): 117.4, 95th(ms): 142.6, 99th(ms): 192.9, 99.9th(ms): 335.5, Max(ms): 335.5
[Current] DELIVERY - Takes(s): 10.0, Count: 311, TPM: 1869.9, Sum(ms): 182904.1, Avg(ms): 588.9, 50th(ms): 570.4, 90th(ms): 872.4, 95th(ms): 1006.6, 99th(ms): 1140.9, 99.9th(ms): 1208.0, Max(ms): 1208.0
[Current] NEW_ORDER - Takes(s): 10.0, Count: 3358, TPM: 20154.1, Sum(ms): 595573.4, Avg(ms): 177.5, 50th(ms): 167.8, 90th(ms): 251.7, 95th(ms): 285.2, 99th(ms): 352.3, 99.9th(ms): 486.5, Max(ms): 536.9
[Current] ORDER_STATUS - Takes(s): 10.0, Count: 269, TPM: 1615.0, Sum(ms): 21454.7, Avg(ms): 79.8, 50th(ms): 79.7, 90th(ms): 117.4, 95th(ms): 134.2, 99th(ms): 167.8, 99.9th(ms): 209.7, Max(ms): 209.7
[Current] PAYMENT - Takes(s): 10.0, Count: 3342, TPM: 20057.1, Sum(ms): 420992.4, Avg(ms): 126.1, 50th(ms): 113.2, 90th(ms): 201.3, 95th(ms): 234.9, 99th(ms): 318.8, 99.9th(ms): 453.0, Max(ms): 503.3
[Current] STOCK_LEVEL - Takes(s): 10.0, Count: 316, TPM: 1898.3, Sum(ms): 24353.3, Avg(ms): 77.0, 50th(ms): 71.3, 90th(ms): 117.4, 95th(ms): 134.2, 99th(ms): 167.8, 99.9th(ms): 234.9, Max(ms): 234.9
[Current] DELIVERY - Takes(s): 10.0, Count: 287, TPM: 1725.3, Sum(ms): 185920.9, Avg(ms): 648.4, 50th(ms): 604.0, 90th(ms): 973.1, 95th(ms): 1140.9, 99th(ms): 1543.5, 99.9th(ms): 1811.9, Max(ms): 1811.9
[Current] NEW_ORDER - Takes(s): 10.0, Count: 3134, TPM: 18813.7, Sum(ms): 605309.4, Avg(ms): 193.2, 50th(ms): 176.2, 90th(ms): 302.0, 95th(ms): 335.5, 99th(ms): 419.4, 99.9th(ms): 570.4, Max(ms): 738.2
[Current] ORDER_STATUS - Takes(s): 9.8, Count: 317, TPM: 1932.1, Sum(ms): 27795.9, Avg(ms): 87.8, 50th(ms): 83.9, 90th(ms): 142.6, 95th(ms): 167.8, 99th(ms): 201.3, 99.9th(ms): 226.5, Max(ms): 226.5
[Current] PAYMENT - Takes(s): 10.0, Count: 3003, TPM: 18027.7, Sum(ms): 415393.8, Avg(ms): 138.4, 50th(ms): 121.6, 90th(ms): 234.9, 95th(ms): 268.4, 99th(ms): 369.1, 99.9th(ms): 503.3, Max(ms): 570.4
[Current] STOCK_LEVEL - Takes(s): 10.0, Count: 276, TPM: 1664.3, Sum(ms): 21868.0, Avg(ms): 79.2, 50th(ms): 75.5, 90th(ms): 121.6, 95th(ms): 130.0, 99th(ms): 167.8, 99.9th(ms): 218.1, Max(ms): 218.1
[Current] DELIVERY - Takes(s): 10.0, Count: 293, TPM: 1760.6, Sum(ms): 180493.5, Avg(ms): 616.1, 50th(ms): 570.4, 90th(ms): 838.9, 95th(ms): 1006.6, 99th(ms): 1409.3, 99.9th(ms): 1677.7, Max(ms): 1677.7
[Current] NEW_ORDER - Takes(s): 10.0, Count: 3240, TPM: 19444.7, Sum(ms): 593030.0, Avg(ms): 183.1, 50th(ms): 176.2, 90th(ms): 260.0, 95th(ms): 302.0, 99th(ms): 385.9, 99.9th(ms): 503.3, Max(ms): 570.4
[Current] ORDER_STATUS - Takes(s): 10.0, Count: 325, TPM: 1955.1, Sum(ms): 26307.0, Avg(ms): 80.9, 50th(ms): 75.5, 90th(ms): 121.6, 95th(ms): 134.2, 99th(ms): 176.2, 99.9th(ms): 192.9, Max(ms): 192.9
[Current] PAYMENT - Takes(s): 10.0, Count: 3234, TPM: 19418.0, Sum(ms): 426332.0, Avg(ms): 131.8, 50th(ms): 117.4, 90th(ms): 218.1, 95th(ms): 251.7, 99th(ms): 335.5, 99.9th(ms): 469.8, Max(ms): 520.1
[Current] STOCK_LEVEL - Takes(s): 10.0, Count: 329, TPM: 1976.5, Sum(ms): 24596.4, Avg(ms): 74.8, 50th(ms): 71.3, 90th(ms): 104.9, 95th(ms): 117.4, 99th(ms): 142.6, 99.9th(ms): 167.8, Max(ms): 167.8
[Current] DELIVERY - Takes(s): 10.0, Count: 235, TPM: 1412.8, Sum(ms): 156766.9, Avg(ms): 667.1, 50th(ms): 604.0, 90th(ms): 1073.7, 95th(ms): 1342.2, 99th(ms): 1610.6, 99.9th(ms): 2281.7, Max(ms): 2281.7
[Current] NEW_ORDER - Takes(s): 10.0, Count: 2991, TPM: 17948.7, Sum(ms): 619244.6, Avg(ms): 207.1, 50th(ms): 192.9, 90th(ms): 318.8, 95th(ms): 369.1, 99th(ms): 570.4, 99.9th(ms): 771.8, Max(ms): 838.9
[Current] ORDER_STATUS - Takes(s): 10.0, Count: 284, TPM: 1704.5, Sum(ms): 27315.9, Avg(ms): 96.1, 50th(ms): 83.9, 90th(ms): 159.4, 95th(ms): 192.9, 99th(ms): 260.0, 99.9th(ms): 369.1, Max(ms): 369.1
[Current] PAYMENT - Takes(s): 10.0, Count: 2875, TPM: 17252.8, Sum(ms): 426850.6, Avg(ms): 148.5, 50th(ms): 130.0, 90th(ms): 251.7, 95th(ms): 318.8, 99th(ms): 453.0, 99.9th(ms): 671.1, Max(ms): 805.3
[Current] STOCK_LEVEL - Takes(s): 10.0, Count: 254, TPM: 1528.7, Sum(ms): 21170.9, Avg(ms): 83.4, 50th(ms): 75.5, 90th(ms): 130.0, 95th(ms): 176.2, 99th(ms): 234.9, 99.9th(ms): 369.1, Max(ms): 369.1
[Current] DELIVERY - Takes(s): 10.0, Count: 276, TPM: 1656.8, Sum(ms): 167626.5, Avg(ms): 607.1, 50th(ms): 536.9, 90th(ms): 906.0, 95th(ms): 1040.2, 99th(ms): 1342.2, 99.9th(ms): 1744.8, Max(ms): 1744.8
[Current] NEW_ORDER - Takes(s): 10.0, Count: 3331, TPM: 19986.8, Sum(ms): 629534.5, Avg(ms): 189.0, 50th(ms): 176.2, 90th(ms): 285.2, 95th(ms): 335.5, 99th(ms): 419.4, 99.9th(ms): 520.1, Max(ms): 671.1
[Current] ORDER_STATUS - Takes(s): 10.0, Count: 311, TPM: 1871.6, Sum(ms): 26064.4, Avg(ms): 83.9, 50th(ms): 75.5, 90th(ms): 134.2, 95th(ms): 159.4, 99th(ms): 192.9, 99.9th(ms): 234.9, Max(ms): 234.9
[Current] PAYMENT - Takes(s): 10.0, Count: 3056, TPM: 18347.3, Sum(ms): 410477.6, Avg(ms): 134.3, 50th(ms): 117.4, 90th(ms): 218.1, 95th(ms): 260.0, 99th(ms): 352.3, 99.9th(ms): 453.0, Max(ms): 604.0
[Current] STOCK_LEVEL - Takes(s): 9.9, Count: 260, TPM: 1578.6, Sum(ms): 20833.2, Avg(ms): 80.3, 50th(ms): 75.5, 90th(ms): 121.6, 95th(ms): 142.6, 99th(ms): 234.9, 99.9th(ms): 285.2, Max(ms): 285.2
[Current] DELIVERY - Takes(s): 10.0, Count: 292, TPM: 1758.3, Sum(ms): 177123.1, Avg(ms): 607.2, 50th(ms): 570.4, 90th(ms): 805.3, 95th(ms): 973.1, 99th(ms): 1409.3, 99.9th(ms): 2013.3, Max(ms): 2013.3
[Current] NEW_ORDER - Takes(s): 10.0, Count: 3386, TPM: 20317.7, Sum(ms): 621322.2, Avg(ms): 183.6, 50th(ms): 176.2, 90th(ms): 260.0, 95th(ms): 302.0, 99th(ms): 419.4, 99.9th(ms): 570.4, Max(ms): 838.9
[Current] ORDER_STATUS - Takes(s): 10.0, Count: 274, TPM: 1644.6, Sum(ms): 23343.2, Avg(ms): 85.1, 50th(ms): 83.9, 90th(ms): 125.8, 95th(ms): 142.6, 99th(ms): 184.5, 99.9th(ms): 402.7, Max(ms): 402.7
[Current] PAYMENT - Takes(s): 10.0, Count: 3146, TPM: 18886.4, Sum(ms): 410344.4, Avg(ms): 130.5, 50th(ms): 117.4, 90th(ms): 209.7, 95th(ms): 251.7, 99th(ms): 352.3, 99.9th(ms): 604.0, Max(ms): 771.8
[Current] STOCK_LEVEL - Takes(s): 10.0, Count: 281, TPM: 1693.8, Sum(ms): 20199.5, Avg(ms): 71.9, 50th(ms): 71.3, 90th(ms): 104.9, 95th(ms): 113.2, 99th(ms): 142.6, 99.9th(ms): 176.2, Max(ms): 176.2
[Current] DELIVERY - Takes(s): 10.0, Count: 278, TPM: 1668.3, Sum(ms): 173139.9, Avg(ms): 622.7, 50th(ms): 570.4, 90th(ms): 973.1, 95th(ms): 1140.9, 99th(ms): 1342.2, 99.9th(ms): 1543.5, Max(ms): 1543.5
[Current] NEW_ORDER - Takes(s): 10.0, Count: 3169, TPM: 19020.7, Sum(ms): 600445.9, Avg(ms): 189.6, 50th(ms): 176.2, 90th(ms): 285.2, 95th(ms): 335.5, 99th(ms): 419.4, 99.9th(ms): 536.9, Max(ms): 604.0
[Current] ORDER_STATUS - Takes(s): 9.9, Count: 275, TPM: 1661.1, Sum(ms): 25044.7, Avg(ms): 91.1, 50th(ms): 83.9, 90th(ms): 142.6, 95th(ms): 167.8, 99th(ms): 251.7, 99.9th(ms): 318.8, Max(ms): 318.8
[Current] PAYMENT - Takes(s): 10.0, Count: 2981, TPM: 17892.2, Sum(ms): 414053.7, Avg(ms): 138.8, 50th(ms): 117.4, 90th(ms): 234.9, 95th(ms): 285.2, 99th(ms): 385.9, 99.9th(ms): 536.9, Max(ms): 671.1
[Current] STOCK_LEVEL - Takes(s): 10.0, Count: 284, TPM: 1708.5, Sum(ms): 22766.1, Avg(ms): 80.3, 50th(ms): 75.5, 90th(ms): 125.8, 95th(ms): 151.0, 99th(ms): 192.9, 99.9th(ms): 218.1, Max(ms): 218.1
[Current] DELIVERY - Takes(s): 9.9, Count: 291, TPM: 1762.5, Sum(ms): 196325.3, Avg(ms): 674.9, 50th(ms): 604.0, 90th(ms): 1006.6, 95th(ms): 1275.1, 99th(ms): 1409.3, 99.9th(ms): 1677.7, Max(ms): 1677.7
[Current] NEW_ORDER - Takes(s): 10.0, Count: 2996, TPM: 17978.1, Sum(ms): 613801.0, Avg(ms): 204.9, 50th(ms): 184.5, 90th(ms): 318.8, 95th(ms): 385.9, 99th(ms): 536.9, 99.9th(ms): 771.8, Max(ms): 1073.7
[Current] ORDER_STATUS - Takes(s): 10.0, Count: 263, TPM: 1581.6, Sum(ms): 24180.4, Avg(ms): 92.0, 50th(ms): 83.9, 90th(ms): 142.6, 95th(ms): 159.4, 99th(ms): 226.5, 99.9th(ms): 335.5, Max(ms): 335.5
[Current] PAYMENT - Takes(s): 10.0, Count: 2805, TPM: 16832.1, Sum(ms): 411741.4, Avg(ms): 146.8, 50th(ms): 125.8, 90th(ms): 243.3, 95th(ms): 302.0, 99th(ms): 436.2, 99.9th(ms): 637.5, Max(ms): 704.6
[Current] STOCK_LEVEL - Takes(s): 10.0, Count: 286, TPM: 1723.5, Sum(ms): 23162.1, Avg(ms): 81.0, 50th(ms): 75.5, 90th(ms): 121.6, 95th(ms): 142.6, 99th(ms): 184.5, 99.9th(ms): 226.5, Max(ms): 226.5
[Current] DELIVERY - Takes(s): 9.9, Count: 274, TPM: 1658.5, Sum(ms): 196587.4, Avg(ms): 718.2, 50th(ms): 704.6, 90th(ms): 1073.7, 95th(ms): 1275.1, 99th(ms): 1476.4, 99.9th(ms): 1879.0, Max(ms): 1879.0
[Current] NEW_ORDER - Takes(s): 10.0, Count: 2834, TPM: 17020.0, Sum(ms): 591711.9, Avg(ms): 208.9, 50th(ms): 192.9, 90th(ms): 318.8, 95th(ms): 369.1, 99th(ms): 520.1, 99.9th(ms): 738.2, Max(ms): 805.3
[Current] ORDER_STATUS - Takes(s): 10.0, Count: 276, TPM: 1660.8, Sum(ms): 25496.1, Avg(ms): 92.3, 50th(ms): 83.9, 90th(ms): 151.0, 95th(ms): 176.2, 99th(ms): 243.3, 99.9th(ms): 318.8, Max(ms): 318.8
[Current] PAYMENT - Takes(s): 10.0, Count: 2759, TPM: 16569.3, Sum(ms): 418029.0, Avg(ms): 151.6, 50th(ms): 130.0, 90th(ms): 251.7, 95th(ms): 318.8, 99th(ms): 469.8, 99.9th(ms): 671.1, Max(ms): 973.1
[Current] STOCK_LEVEL - Takes(s): 10.0, Count: 252, TPM: 1513.4, Sum(ms): 20499.7, Avg(ms): 81.4, 50th(ms): 79.7, 90th(ms): 117.4, 95th(ms): 130.0, 99th(ms): 167.8, 99.9th(ms): 285.2, Max(ms): 285.2
[Current] DELIVERY - Takes(s): 10.0, Count: 301, TPM: 1806.4, Sum(ms): 187066.8, Avg(ms): 621.3, 50th(ms): 604.0, 90th(ms): 838.9, 95th(ms): 1006.6, 99th(ms): 1208.0, 99.9th(ms): 1744.8, Max(ms): 1744.8
[Current] NEW_ORDER - Takes(s): 10.0, Count: 3234, TPM: 19422.0, Sum(ms): 603266.6, Avg(ms): 186.6, 50th(ms): 176.2, 90th(ms): 285.2, 95th(ms): 318.8, 99th(ms): 419.4, 99.9th(ms): 520.1, Max(ms): 939.5
[Current] ORDER_STATUS - Takes(s): 10.0, Count: 319, TPM: 1914.7, Sum(ms): 27466.5, Avg(ms): 86.2, 50th(ms): 83.9, 90th(ms): 130.0, 95th(ms): 151.0, 99th(ms): 209.7, 99.9th(ms): 260.0, Max(ms): 260.0
[Current] PAYMENT - Takes(s): 10.0, Count: 3045, TPM: 18287.1, Sum(ms): 415841.5, Avg(ms): 136.6, 50th(ms): 121.6, 90th(ms): 226.5, 95th(ms): 285.2, 99th(ms): 402.7, 99.9th(ms): 570.4, Max(ms): 939.5
[Current] STOCK_LEVEL - Takes(s): 10.0, Count: 279, TPM: 1675.0, Sum(ms): 21262.8, Avg(ms): 76.3, 50th(ms): 71.3, 90th(ms): 117.4, 95th(ms): 142.6, 99th(ms): 226.5, 99.9th(ms): 268.4, Max(ms): 268.4
[Current] DELIVERY - Takes(s): 10.0, Count: 328, TPM: 1971.5, Sum(ms): 198329.9, Avg(ms): 605.5, 50th(ms): 570.4, 90th(ms): 872.4, 95th(ms): 1040.2, 99th(ms): 1610.6, 99.9th(ms): 1946.2, Max(ms): 1946.2
[Current] NEW_ORDER - Takes(s): 10.0, Count: 3346, TPM: 20076.6, Sum(ms): 588457.4, Avg(ms): 176.0, 50th(ms): 167.8, 90th(ms): 260.0, 95th(ms): 302.0, 99th(ms): 402.7, 99.9th(ms): 604.0, Max(ms): 671.1
[Current] ORDER_STATUS - Takes(s): 10.0, Count: 308, TPM: 1852.5, Sum(ms): 24666.2, Avg(ms): 80.1, 50th(ms): 75.5, 90th(ms): 121.6, 95th(ms): 142.6, 99th(ms): 184.5, 99.9th(ms): 335.5, Max(ms): 335.5
[Current] PAYMENT - Takes(s): 10.0, Count: 3267, TPM: 19619.8, Sum(ms): 415487.7, Avg(ms): 127.3, 50th(ms): 109.1, 90th(ms): 209.7, 95th(ms): 251.7, 99th(ms): 352.3, 99.9th(ms): 570.4, Max(ms): 637.5
[Current] STOCK_LEVEL - Takes(s): 10.0, Count: 307, TPM: 1851.0, Sum(ms): 21252.5, Avg(ms): 69.2, 50th(ms): 65.0, 90th(ms): 100.7, 95th(ms): 113.2, 99th(ms): 151.0, 99.9th(ms): 159.4, Max(ms): 159.4
[Current] DELIVERY - Takes(s): 10.0, Count: 289, TPM: 1736.3, Sum(ms): 179020.7, Avg(ms): 620.0, 50th(ms): 604.0, 90th(ms): 906.0, 95th(ms): 1006.6, 99th(ms): 1275.1, 99.9th(ms): 1476.4, Max(ms): 1476.4
[Current] NEW_ORDER - Takes(s): 10.0, Count: 3320, TPM: 19919.7, Sum(ms): 604189.4, Avg(ms): 182.1, 50th(ms): 176.2, 90th(ms): 268.4, 95th(ms): 302.0, 99th(ms): 385.9, 99.9th(ms): 520.1, Max(ms): 637.5
[Current] ORDER_STATUS - Takes(s): 10.0, Count: 263, TPM: 1585.8, Sum(ms): 21286.0, Avg(ms): 81.0, 50th(ms): 75.5, 90th(ms): 130.0, 95th(ms): 151.0, 99th(ms): 167.8, 99.9th(ms): 251.7, Max(ms): 251.7
[Current] PAYMENT - Takes(s): 10.0, Count: 3191, TPM: 19146.0, Sum(ms): 429684.7, Avg(ms): 134.7, 50th(ms): 121.6, 90th(ms): 218.1, 95th(ms): 268.4, 99th(ms): 369.1, 99.9th(ms): 536.9, Max(ms): 570.4
[Current] STOCK_LEVEL - Takes(s): 10.0, Count: 273, TPM: 1640.0, Sum(ms): 18856.4, Avg(ms): 69.1, 50th(ms): 67.1, 90th(ms): 96.5, 95th(ms): 104.9, 99th(ms): 130.0, 99.9th(ms): 201.3, Max(ms): 201.3
[Current] DELIVERY - Takes(s): 9.9, Count: 297, TPM: 1794.4, Sum(ms): 184851.8, Avg(ms): 622.4, 50th(ms): 570.4, 90th(ms): 939.5, 95th(ms): 1140.9, 99th(ms): 1476.4, 99.9th(ms): 1811.9, Max(ms): 1811.9
[Current] NEW_ORDER - Takes(s): 10.0, Count: 3255, TPM: 19532.0, Sum(ms): 600718.2, Avg(ms): 184.7, 50th(ms): 176.2, 90th(ms): 285.2, 95th(ms): 335.5, 99th(ms): 436.2, 99.9th(ms): 570.4, Max(ms): 671.1
[Current] ORDER_STATUS - Takes(s): 10.0, Count: 276, TPM: 1656.2, Sum(ms): 22238.7, Avg(ms): 80.6, 50th(ms): 75.5, 90th(ms): 121.6, 95th(ms): 151.0, 99th(ms): 192.9, 99.9th(ms): 243.3, Max(ms): 243.3
[Current] PAYMENT - Takes(s): 10.0, Count: 3189, TPM: 19136.2, Sum(ms): 422744.2, Avg(ms): 132.6, 50th(ms): 117.4, 90th(ms): 218.1, 95th(ms): 268.4, 99th(ms): 369.1, 99.9th(ms): 503.3, Max(ms): 604.0
[Current] STOCK_LEVEL - Takes(s): 9.9, Count: 312, TPM: 1890.4, Sum(ms): 21854.2, Avg(ms): 70.0, 50th(ms): 67.1, 90th(ms): 100.7, 95th(ms): 117.4, 99th(ms): 142.6, 99.9th(ms): 192.9, Max(ms): 192.9
[Current] DELIVERY - Takes(s): 10.0, Count: 276, TPM: 1658.3, Sum(ms): 162946.3, Avg(ms): 590.8, 50th(ms): 570.4, 90th(ms): 838.9, 95th(ms): 973.1, 99th(ms): 1342.2, 99.9th(ms): 1677.7, Max(ms): 1677.7
[Current] NEW_ORDER - Takes(s): 10.0, Count: 3423, TPM: 20541.0, Sum(ms): 618611.8, Avg(ms): 180.7, 50th(ms): 176.2, 90th(ms): 243.3, 95th(ms): 285.2, 99th(ms): 352.3, 99.9th(ms): 486.5, Max(ms): 536.9
[Current] ORDER_STATUS - Takes(s): 10.0, Count: 292, TPM: 1752.6, Sum(ms): 23554.9, Avg(ms): 80.7, 50th(ms): 79.7, 90th(ms): 113.2, 95th(ms): 121.6, 99th(ms): 151.0, 99.9th(ms): 184.5, Max(ms): 184.5
[Current] PAYMENT - Takes(s): 10.0, Count: 3297, TPM: 19782.4, Sum(ms): 426589.5, Avg(ms): 129.4, 50th(ms): 117.4, 90th(ms): 201.3, 95th(ms): 243.3, 99th(ms): 335.5, 99.9th(ms): 436.2, Max(ms): 453.0
[Current] STOCK_LEVEL - Takes(s): 9.9, Count: 315, TPM: 1899.9, Sum(ms): 21381.9, Avg(ms): 67.9, 50th(ms): 67.1, 90th(ms): 96.5, 95th(ms): 104.9, 99th(ms): 121.6, 99.9th(ms): 130.0, Max(ms): 130.0
[Current] DELIVERY - Takes(s): 10.0, Count: 316, TPM: 1898.4, Sum(ms): 192164.8, Avg(ms): 608.3, 50th(ms): 570.4, 90th(ms): 838.9, 95th(ms): 973.1, 99th(ms): 1409.3, 99.9th(ms): 1543.5, Max(ms): 1543.5
[Current] NEW_ORDER - Takes(s): 10.0, Count: 3373, TPM: 20239.7, Sum(ms): 593640.6, Avg(ms): 176.0, 50th(ms): 167.8, 90th(ms): 251.7, 95th(ms): 285.2, 99th(ms): 352.3, 99.9th(ms): 469.8, Max(ms): 503.3
[Current] ORDER_STATUS - Takes(s): 10.0, Count: 293, TPM: 1758.1, Sum(ms): 23728.4, Avg(ms): 81.1, 50th(ms): 79.7, 90th(ms): 117.4, 95th(ms): 125.8, 99th(ms): 192.9, 99.9th(ms): 209.7, Max(ms): 209.7
[Current] PAYMENT - Takes(s): 10.0, Count: 3368, TPM: 20208.1, Sum(ms): 418900.7, Avg(ms): 124.4, 50th(ms): 109.1, 90th(ms): 201.3, 95th(ms): 234.9, 99th(ms): 318.8, 99.9th(ms): 419.4, Max(ms): 436.2
[Current] STOCK_LEVEL - Takes(s): 10.0, Count: 308, TPM: 1856.3, Sum(ms): 22024.5, Avg(ms): 71.5, 50th(ms): 71.3, 90th(ms): 104.9, 95th(ms): 117.4, 99th(ms): 142.6, 99.9th(ms): 151.0, Max(ms): 151.0
[Current] DELIVERY - Takes(s): 10.0, Count: 280, TPM: 1681.6, Sum(ms): 163793.9, Avg(ms): 585.1, 50th(ms): 570.4, 90th(ms): 771.8, 95th(ms): 906.0, 99th(ms): 1073.7, 99.9th(ms): 1677.7, Max(ms): 1677.7
[Current] NEW_ORDER - Takes(s): 10.0, Count: 3472, TPM: 20841.9, Sum(ms): 625314.3, Avg(ms): 180.2, 50th(ms): 167.8, 90th(ms): 260.0, 95th(ms): 302.0, 99th(ms): 385.9, 99.9th(ms): 520.1, Max(ms): 1040.2
[Current] ORDER_STATUS - Takes(s): 10.0, Count: 302, TPM: 1813.0, Sum(ms): 25067.0, Avg(ms): 83.0, 50th(ms): 79.7, 90th(ms): 125.8, 95th(ms): 159.4, 99th(ms): 201.3, 99.9th(ms): 234.9, Max(ms): 234.9
[Current] PAYMENT - Takes(s): 10.0, Count: 3236, TPM: 19421.9, Sum(ms): 413143.6, Avg(ms): 127.7, 50th(ms): 113.2, 90th(ms): 201.3, 95th(ms): 234.9, 99th(ms): 335.5, 99.9th(ms): 503.3, Max(ms): 604.0
[Current] STOCK_LEVEL - Takes(s): 10.0, Count: 305, TPM: 1830.2, Sum(ms): 21169.8, Avg(ms): 69.4, 50th(ms): 67.1, 90th(ms): 96.5, 95th(ms): 109.1, 99th(ms): 142.6, 99.9th(ms): 167.8, Max(ms): 167.8
[Current] DELIVERY - Takes(s): 10.0, Count: 307, TPM: 1842.1, Sum(ms): 184361.7, Avg(ms): 600.6, 50th(ms): 570.4, 90th(ms): 838.9, 95th(ms): 1073.7, 99th(ms): 1342.2, 99.9th(ms): 1946.2, Max(ms): 1946.2
[Current] NEW_ORDER - Takes(s): 10.0, Count: 3459, TPM: 20754.9, Sum(ms): 610663.5, Avg(ms): 176.6, 50th(ms): 167.8, 90th(ms): 251.7, 95th(ms): 302.0, 99th(ms): 369.1, 99.9th(ms): 520.1, Max(ms): 704.6
[Current] ORDER_STATUS - Takes(s): 10.0, Count: 312, TPM: 1874.5, Sum(ms): 25240.7, Avg(ms): 80.8, 50th(ms): 75.5, 90th(ms): 125.8, 95th(ms): 142.6, 99th(ms): 167.8, 99.9th(ms): 201.3, Max(ms): 201.3
[Current] PAYMENT - Takes(s): 10.0, Count: 3268, TPM: 19612.1, Sum(ms): 412926.4, Avg(ms): 126.4, 50th(ms): 113.2, 90th(ms): 201.3, 95th(ms): 243.3, 99th(ms): 318.8, 99.9th(ms): 419.4, Max(ms): 436.2
[Current] STOCK_LEVEL - Takes(s): 9.9, Count: 292, TPM: 1764.1, Sum(ms): 19796.9, Avg(ms): 67.8, 50th(ms): 65.0, 90th(ms): 92.3, 95th(ms): 104.9, 99th(ms): 142.6, 99.9th(ms): 159.4, Max(ms): 159.4
[Current] DELIVERY - Takes(s): 10.0, Count: 315, TPM: 1891.9, Sum(ms): 176713.0, Avg(ms): 561.5, 50th(ms): 536.9, 90th(ms): 738.2, 95th(ms): 906.0, 99th(ms): 1140.9, 99.9th(ms): 1543.5, Max(ms): 1543.5
[Current] NEW_ORDER - Takes(s): 10.0, Count: 3678, TPM: 22111.4, Sum(ms): 616784.1, Avg(ms): 167.8, 50th(ms): 167.8, 90th(ms): 234.9, 95th(ms): 268.4, 99th(ms): 335.5, 99.9th(ms): 453.0, Max(ms): 520.1
[Current] ORDER_STATUS - Takes(s): 10.0, Count: 299, TPM: 1801.0, Sum(ms): 22462.8, Avg(ms): 75.2, 50th(ms): 71.3, 90th(ms): 113.2, 95th(ms): 130.0, 99th(ms): 151.0, 99.9th(ms): 167.8, Max(ms): 167.8
[Current] PAYMENT - Takes(s): 10.0, Count: 3389, TPM: 20336.8, Sum(ms): 409075.9, Avg(ms): 120.7, 50th(ms): 109.1, 90th(ms): 192.9, 95th(ms): 226.5, 99th(ms): 302.0, 99.9th(ms): 402.7, Max(ms): 536.9
[Current] STOCK_LEVEL - Takes(s): 10.0, Count: 309, TPM: 1855.4, Sum(ms): 21009.7, Avg(ms): 68.0, 50th(ms): 65.0, 90th(ms): 96.5, 95th(ms): 109.1, 99th(ms): 134.2, 99.9th(ms): 192.9, Max(ms): 192.9
[Current] DELIVERY - Takes(s): 10.0, Count: 326, TPM: 1959.3, Sum(ms): 193129.5, Avg(ms): 592.7, 50th(ms): 570.4, 90th(ms): 838.9, 95th(ms): 1006.6, 99th(ms): 1208.0, 99.9th(ms): 1275.1, Max(ms): 1275.1
[Current] NEW_ORDER - Takes(s): 10.0, Count: 3518, TPM: 21110.4, Sum(ms): 606618.0, Avg(ms): 172.5, 50th(ms): 167.8, 90th(ms): 243.3, 95th(ms): 285.2, 99th(ms): 352.3, 99.9th(ms): 453.0, Max(ms): 604.0
[Current] ORDER_STATUS - Takes(s): 9.9, Count: 304, TPM: 1842.0, Sum(ms): 23373.5, Avg(ms): 76.9, 50th(ms): 75.5, 90th(ms): 113.2, 95th(ms): 130.0, 99th(ms): 151.0, 99.9th(ms): 201.3, Max(ms): 201.3
[Current] PAYMENT - Takes(s): 10.0, Count: 3300, TPM: 19802.1, Sum(ms): 408467.9, Avg(ms): 123.8, 50th(ms): 113.2, 90th(ms): 201.3, 95th(ms): 234.9, 99th(ms): 318.8, 99.9th(ms): 385.9, Max(ms): 486.5
[Current] STOCK_LEVEL - Takes(s): 10.0, Count: 314, TPM: 1887.1, Sum(ms): 21040.3, Avg(ms): 67.1, 50th(ms): 65.0, 90th(ms): 96.5, 95th(ms): 109.1, 99th(ms): 134.2, 99.9th(ms): 167.8, Max(ms): 167.8
[Current] DELIVERY - Takes(s): 10.0, Count: 275, TPM: 1653.5, Sum(ms): 167015.2, Avg(ms): 607.3, 50th(ms): 570.4, 90th(ms): 939.5, 95th(ms): 1006.6, 99th(ms): 1275.1, 99.9th(ms): 1610.6, Max(ms): 1610.6
[Current] NEW_ORDER - Takes(s): 10.0, Count: 3279, TPM: 19674.3, Sum(ms): 604617.5, Avg(ms): 184.4, 50th(ms): 176.2, 90th(ms): 285.2, 95th(ms): 318.8, 99th(ms): 402.7, 99.9th(ms): 520.1, Max(ms): 637.5
[Current] ORDER_STATUS - Takes(s): 9.9, Count: 319, TPM: 1930.3, Sum(ms): 26315.1, Avg(ms): 82.5, 50th(ms): 79.7, 90th(ms): 142.6, 95th(ms): 159.4, 99th(ms): 201.3, 99.9th(ms): 260.0, Max(ms): 260.0
[Current] PAYMENT - Takes(s): 10.0, Count: 3242, TPM: 19452.2, Sum(ms): 435396.8, Avg(ms): 134.4, 50th(ms): 121.6, 90th(ms): 226.5, 95th(ms): 268.4, 99th(ms): 369.1, 99.9th(ms): 536.9, Max(ms): 570.4
[Current] STOCK_LEVEL - Takes(s): 9.9, Count: 301, TPM: 1817.0, Sum(ms): 24372.5, Avg(ms): 81.0, 50th(ms): 75.5, 90th(ms): 113.2, 95th(ms): 142.6, 99th(ms): 285.2, 99.9th(ms): 385.9, Max(ms): 385.9
[Current] DELIVERY - Takes(s): 10.0, Count: 293, TPM: 1766.7, Sum(ms): 175133.5, Avg(ms): 597.9, 50th(ms): 570.4, 90th(ms): 906.0, 95th(ms): 1006.6, 99th(ms): 1275.1, 99.9th(ms): 1476.4, Max(ms): 1476.4
[Current] NEW_ORDER - Takes(s): 10.0, Count: 3391, TPM: 20348.7, Sum(ms): 622518.4, Avg(ms): 183.7, 50th(ms): 176.2, 90th(ms): 285.2, 95th(ms): 318.8, 99th(ms): 385.9, 99.9th(ms): 503.3, Max(ms): 637.5
[Current] ORDER_STATUS - Takes(s): 10.0, Count: 278, TPM: 1673.0, Sum(ms): 23085.3, Avg(ms): 83.1, 50th(ms): 79.7, 90th(ms): 125.8, 95th(ms): 142.6, 99th(ms): 176.2, 99.9th(ms): 201.3, Max(ms): 201.3
[Current] PAYMENT - Takes(s): 10.0, Count: 3073, TPM: 18438.9, Sum(ms): 408346.1, Avg(ms): 133.0, 50th(ms): 117.4, 90th(ms): 226.5, 95th(ms): 260.0, 99th(ms): 369.1, 99.9th(ms): 503.3, Max(ms): 570.4
[Current] STOCK_LEVEL - Takes(s): 10.0, Count: 286, TPM: 1721.4, Sum(ms): 22401.2, Avg(ms): 78.5, 50th(ms): 71.3, 90th(ms): 117.4, 95th(ms): 142.6, 99th(ms): 184.5, 99.9th(ms): 251.7, Max(ms): 251.7
[Current] DELIVERY - Takes(s): 10.0, Count: 286, TPM: 1721.8, Sum(ms): 195934.8, Avg(ms): 685.5, 50th(ms): 637.5, 90th(ms): 1140.9, 95th(ms): 1275.1, 99th(ms): 1677.7, 99.9th(ms): 1946.2, Max(ms): 1946.2
[Current] NEW_ORDER - Takes(s): 10.0, Count: 2998, TPM: 17994.1, Sum(ms): 582638.2, Avg(ms): 194.5, 50th(ms): 176.2, 90th(ms): 318.8, 95th(ms): 385.9, 99th(ms): 469.8, 99.9th(ms): 604.0, Max(ms): 704.6
[Current] ORDER_STATUS - Takes(s): 10.0, Count: 290, TPM: 1745.1, Sum(ms): 26645.8, Avg(ms): 91.7, 50th(ms): 79.7, 90th(ms): 159.4, 95th(ms): 192.9, 99th(ms): 251.7, 99.9th(ms): 302.0, Max(ms): 302.0
[Current] PAYMENT - Takes(s): 10.0, Count: 2970, TPM: 17823.6, Sum(ms): 415539.4, Avg(ms): 140.0, 50th(ms): 117.4, 90th(ms): 243.3, 95th(ms): 302.0, 99th(ms): 419.4, 99.9th(ms): 604.0, Max(ms): 771.8
[Current] STOCK_LEVEL - Takes(s): 10.0, Count: 277, TPM: 1663.5, Sum(ms): 26195.4, Avg(ms): 94.6, 50th(ms): 88.1, 90th(ms): 151.0, 95th(ms): 176.2, 99th(ms): 226.5, 99.9th(ms): 268.4, Max(ms): 268.4
[Current] DELIVERY - Takes(s): 10.0, Count: 293, TPM: 1758.8, Sum(ms): 199022.2, Avg(ms): 678.6, 50th(ms): 637.5, 90th(ms): 1006.6, 95th(ms): 1140.9, 99th(ms): 1409.3, 99.9th(ms): 1811.9, Max(ms): 1811.9
[Current] NEW_ORDER - Takes(s): 10.0, Count: 2938, TPM: 17631.1, Sum(ms): 584432.9, Avg(ms): 199.1, 50th(ms): 192.9, 90th(ms): 285.2, 95th(ms): 335.5, 99th(ms): 402.7, 99.9th(ms): 520.1, Max(ms): 604.0
[Current] ORDER_STATUS - Takes(s): 9.9, Count: 266, TPM: 1604.3, Sum(ms): 22798.1, Avg(ms): 85.6, 50th(ms): 83.9, 90th(ms): 130.0, 95th(ms): 151.0, 99th(ms): 176.2, 99.9th(ms): 201.3, Max(ms): 201.3
[Current] PAYMENT - Takes(s): 10.0, Count: 3019, TPM: 18114.2, Sum(ms): 426838.5, Avg(ms): 141.4, 50th(ms): 130.0, 90th(ms): 226.5, 95th(ms): 260.0, 99th(ms): 352.3, 99.9th(ms): 486.5, Max(ms): 486.5
[Current] STOCK_LEVEL - Takes(s): 9.9, Count: 251, TPM: 1523.1, Sum(ms): 22669.2, Avg(ms): 90.3, 50th(ms): 83.9, 90th(ms): 151.0, 95th(ms): 167.8, 99th(ms): 226.5, 99.9th(ms): 260.0, Max(ms): 260.0
[Current] DELIVERY - Takes(s): 10.0, Count: 254, TPM: 1526.1, Sum(ms): 166943.5, Avg(ms): 657.1, 50th(ms): 637.5, 90th(ms): 939.5, 95th(ms): 1006.6, 99th(ms): 1208.0, 99.9th(ms): 1543.5, Max(ms): 1543.5
[Current] NEW_ORDER - Takes(s): 10.0, Count: 3096, TPM: 18578.9, Sum(ms): 609913.5, Avg(ms): 197.1, 50th(ms): 184.5, 90th(ms): 285.2, 95th(ms): 335.5, 99th(ms): 419.4, 99.9th(ms): 570.4, Max(ms): 637.5
[Current] ORDER_STATUS - Takes(s): 9.9, Count: 268, TPM: 1618.6, Sum(ms): 24282.3, Avg(ms): 90.6, 50th(ms): 88.1, 90th(ms): 134.2, 95th(ms): 159.4, 99th(ms): 192.9, 99.9th(ms): 218.1, Max(ms): 218.1
[Current] PAYMENT - Takes(s): 10.0, Count: 2954, TPM: 17726.7, Sum(ms): 423494.8, Avg(ms): 143.4, 50th(ms): 125.8, 90th(ms): 234.9, 95th(ms): 285.2, 99th(ms): 385.9, 99.9th(ms): 486.5, Max(ms): 604.0
[Current] STOCK_LEVEL - Takes(s): 10.0, Count: 278, TPM: 1670.9, Sum(ms): 23331.4, Avg(ms): 84.2, 50th(ms): 79.7, 90th(ms): 125.8, 95th(ms): 151.0, 99th(ms): 176.2, 99.9th(ms): 226.5, Max(ms): 226.5
[Current] DELIVERY - Takes(s): 10.0, Count: 276, TPM: 1658.4, Sum(ms): 174300.7, Avg(ms): 632.1, 50th(ms): 637.5, 90th(ms): 805.3, 95th(ms): 939.5, 99th(ms): 1208.0, 99.9th(ms): 1409.3, Max(ms): 1409.3
[Current] NEW_ORDER - Takes(s): 10.0, Count: 3090, TPM: 18547.3, Sum(ms): 602095.5, Avg(ms): 194.9, 50th(ms): 192.9, 90th(ms): 268.4, 95th(ms): 302.0, 99th(ms): 402.7, 99.9th(ms): 503.3, Max(ms): 520.1
[Current] ORDER_STATUS - Takes(s): 10.0, Count: 286, TPM: 1716.0, Sum(ms): 26508.7, Avg(ms): 92.8, 50th(ms): 88.1, 90th(ms): 142.6, 95th(ms): 167.8, 99th(ms): 201.3, 99.9th(ms): 243.3, Max(ms): 243.3
[Current] PAYMENT - Takes(s): 10.0, Count: 3025, TPM: 18157.1, Sum(ms): 429003.7, Avg(ms): 141.9, 50th(ms): 130.0, 90th(ms): 226.5, 95th(ms): 268.4, 99th(ms): 352.3, 99.9th(ms): 486.5, Max(ms): 570.4
[Current] STOCK_LEVEL - Takes(s): 9.9, Count: 252, TPM: 1530.3, Sum(ms): 20768.1, Avg(ms): 82.5, 50th(ms): 79.7, 90th(ms): 117.4, 95th(ms): 151.0, 99th(ms): 176.2, 99.9th(ms): 209.7, Max(ms): 209.7
[Current] DELIVERY - Takes(s): 9.8, Count: 272, TPM: 1662.1, Sum(ms): 187307.8, Avg(ms): 689.1, 50th(ms): 637.5, 90th(ms): 1040.2, 95th(ms): 1140.9, 99th(ms): 1476.4, 99.9th(ms): 2147.5, Max(ms): 2147.5
[Current] NEW_ORDER - Takes(s): 10.0, Count: 2949, TPM: 17711.9, Sum(ms): 602855.2, Avg(ms): 204.5, 50th(ms): 192.9, 90th(ms): 302.0, 95th(ms): 352.3, 99th(ms): 419.4, 99.9th(ms): 520.1, Max(ms): 604.0
[Current] ORDER_STATUS - Takes(s): 10.0, Count: 258, TPM: 1549.2, Sum(ms): 23141.9, Avg(ms): 89.6, 50th(ms): 88.1, 90th(ms): 130.0, 95th(ms): 151.0, 99th(ms): 184.5, 99.9th(ms): 209.7, Max(ms): 209.7
[Current] PAYMENT - Takes(s): 10.0, Count: 2908, TPM: 17452.6, Sum(ms): 417530.3, Avg(ms): 143.6, 50th(ms): 125.8, 90th(ms): 226.5, 95th(ms): 268.4, 99th(ms): 369.1, 99.9th(ms): 503.3, Max(ms): 570.4
[Current] STOCK_LEVEL - Takes(s): 10.0, Count: 249, TPM: 1496.9, Sum(ms): 20891.1, Avg(ms): 84.0, 50th(ms): 75.5, 90th(ms): 121.6, 95th(ms): 167.8, 99th(ms): 318.8, 99.9th(ms): 385.9, Max(ms): 385.9
[Current] DELIVERY - Takes(s): 10.0, Count: 290, TPM: 1740.9, Sum(ms): 191566.8, Avg(ms): 661.4, 50th(ms): 637.5, 90th(ms): 906.0, 95th(ms): 1073.7, 99th(ms): 1543.5, 99.9th(ms): 1879.0, Max(ms): 1879.0
[Current] NEW_ORDER - Takes(s): 10.0, Count: 3163, TPM: 18984.8, Sum(ms): 618843.7, Avg(ms): 195.7, 50th(ms): 192.9, 90th(ms): 268.4, 95th(ms): 318.8, 99th(ms): 402.7, 99.9th(ms): 486.5, Max(ms): 536.9
[Current] ORDER_STATUS - Takes(s): 10.0, Count: 289, TPM: 1734.1, Sum(ms): 26037.7, Avg(ms): 90.1, 50th(ms): 88.1, 90th(ms): 134.2, 95th(ms): 151.0, 99th(ms): 192.9, 99.9th(ms): 218.1, Max(ms): 218.1
[Current] PAYMENT - Takes(s): 10.0, Count: 2873, TPM: 17247.5, Sum(ms): 397352.1, Avg(ms): 138.4, 50th(ms): 125.8, 90th(ms): 218.1, 95th(ms): 260.0, 99th(ms): 335.5, 99.9th(ms): 486.5, Max(ms): 570.4
[Current] STOCK_LEVEL - Takes(s): 10.0, Count: 277, TPM: 1667.5, Sum(ms): 21921.4, Avg(ms): 79.2, 50th(ms): 75.5, 90th(ms): 113.2, 95th(ms): 130.0, 99th(ms): 151.0, 99.9th(ms): 184.5, Max(ms): 184.5
[Current] DELIVERY - Takes(s): 10.0, Count: 281, TPM: 1691.0, Sum(ms): 174740.1, Avg(ms): 622.2, 50th(ms): 604.0, 90th(ms): 838.9, 95th(ms): 973.1, 99th(ms): 1275.1, 99.9th(ms): 1409.3, Max(ms): 1409.3
[Current] NEW_ORDER - Takes(s): 10.0, Count: 3249, TPM: 19494.6, Sum(ms): 622609.6, Avg(ms): 191.7, 50th(ms): 184.5, 90th(ms): 268.4, 95th(ms): 302.0, 99th(ms): 402.7, 99.9th(ms): 503.3, Max(ms): 604.0
[Current] ORDER_STATUS - Takes(s): 10.0, Count: 289, TPM: 1738.4, Sum(ms): 25008.7, Avg(ms): 86.4, 50th(ms): 83.9, 90th(ms): 125.8, 95th(ms): 142.6, 99th(ms): 184.5, 99.9th(ms): 243.3, Max(ms): 243.3
[Current] PAYMENT - Takes(s): 10.0, Count: 2988, TPM: 17937.8, Sum(ms): 401818.6, Avg(ms): 134.6, 50th(ms): 121.6, 90th(ms): 209.7, 95th(ms): 251.7, 99th(ms): 335.5, 99.9th(ms): 436.2, Max(ms): 453.0
[Current] STOCK_LEVEL - Takes(s): 10.0, Count: 310, TPM: 1867.1, Sum(ms): 23058.1, Avg(ms): 74.4, 50th(ms): 71.3, 90th(ms): 104.9, 95th(ms): 117.4, 99th(ms): 167.8, 99.9th(ms): 184.5, Max(ms): 184.5
[Current] DELIVERY - Takes(s): 10.0, Count: 287, TPM: 1726.0, Sum(ms): 178351.3, Avg(ms): 621.8, 50th(ms): 604.0, 90th(ms): 805.3, 95th(ms): 939.5, 99th(ms): 1140.9, 99.9th(ms): 1409.3, Max(ms): 1409.3
[Current] NEW_ORDER - Takes(s): 10.0, Count: 3145, TPM: 18873.1, Sum(ms): 598347.1, Avg(ms): 190.2, 50th(ms): 184.5, 90th(ms): 268.4, 95th(ms): 318.8, 99th(ms): 385.9, 99.9th(ms): 536.9, Max(ms): 637.5
[Current] ORDER_STATUS - Takes(s): 9.9, Count: 251, TPM: 1522.8, Sum(ms): 22204.4, Avg(ms): 88.4, 50th(ms): 83.9, 90th(ms): 142.6, 95th(ms): 151.0, 99th(ms): 209.7, 99.9th(ms): 226.5, Max(ms): 226.5
[Current] PAYMENT - Takes(s): 10.0, Count: 3078, TPM: 18473.3, Sum(ms): 429958.6, Avg(ms): 139.8, 50th(ms): 125.8, 90th(ms): 218.1, 95th(ms): 268.4, 99th(ms): 369.1, 99.9th(ms): 503.3, Max(ms): 570.4
[Current] STOCK_LEVEL - Takes(s): 10.0, Count: 250, TPM: 1507.2, Sum(ms): 18788.6, Avg(ms): 75.1, 50th(ms): 71.3, 90th(ms): 109.1, 95th(ms): 121.6, 99th(ms): 151.0, 99.9th(ms): 218.1, Max(ms): 218.1
[Current] DELIVERY - Takes(s): 10.0, Count: 291, TPM: 1747.9, Sum(ms): 171928.8, Avg(ms): 591.3, 50th(ms): 570.4, 90th(ms): 805.3, 95th(ms): 939.5, 99th(ms): 1140.9, 99.9th(ms): 1342.2, Max(ms): 1342.2
[Current] NEW_ORDER - Takes(s): 10.0, Count: 3408, TPM: 20450.5, Sum(ms): 613730.3, Avg(ms): 180.1, 50th(ms): 176.2, 90th(ms): 243.3, 95th(ms): 285.2, 99th(ms): 385.9, 99.9th(ms): 570.4, Max(ms): 637.5
[Current] ORDER_STATUS - Takes(s): 10.0, Count: 286, TPM: 1717.4, Sum(ms): 24193.2, Avg(ms): 84.7, 50th(ms): 83.9, 90th(ms): 117.4, 95th(ms): 134.2, 99th(ms): 159.4, 99.9th(ms): 234.9, Max(ms): 234.9
[Current] PAYMENT - Takes(s): 10.0, Count: 3340, TPM: 20042.9, Sum(ms): 424948.3, Avg(ms): 127.3, 50th(ms): 117.4, 90th(ms): 192.9, 95th(ms): 234.9, 99th(ms): 318.8, 99.9th(ms): 402.7, Max(ms): 469.8
[Current] STOCK_LEVEL - Takes(s): 10.0, Count: 308, TPM: 1851.7, Sum(ms): 21978.8, Avg(ms): 71.3, 50th(ms): 71.3, 90th(ms): 96.5, 95th(ms): 104.9, 99th(ms): 151.0, 99.9th(ms): 176.2, Max(ms): 176.2
[Current] DELIVERY - Takes(s): 10.0, Count: 296, TPM: 1776.6, Sum(ms): 177663.6, Avg(ms): 600.0, 50th(ms): 570.4, 90th(ms): 872.4, 95th(ms): 939.5, 99th(ms): 1140.9, 99.9th(ms): 1208.0, Max(ms): 1208.0
[Current] NEW_ORDER - Takes(s): 10.0, Count: 3345, TPM: 20089.2, Sum(ms): 621400.6, Avg(ms): 185.9, 50th(ms): 176.2, 90th(ms): 268.4, 95th(ms): 318.8, 99th(ms): 419.4, 99.9th(ms): 503.3, Max(ms): 671.1
[Current] ORDER_STATUS - Takes(s): 9.9, Count: 268, TPM: 1618.5, Sum(ms): 23466.9, Avg(ms): 87.5, 50th(ms): 79.7, 90th(ms): 142.6, 95th(ms): 159.4, 99th(ms): 192.9, 99.9th(ms): 251.7, Max(ms): 251.7
[Current] PAYMENT - Takes(s): 10.0, Count: 3116, TPM: 18696.3, Sum(ms): 407118.8, Avg(ms): 130.7, 50th(ms): 117.4, 90th(ms): 209.7, 95th(ms): 260.0, 99th(ms): 369.1, 99.9th(ms): 486.5, Max(ms): 570.4
[Current] STOCK_LEVEL - Takes(s): 10.0, Count: 294, TPM: 1771.5, Sum(ms): 21108.0, Avg(ms): 71.8, 50th(ms): 67.1, 90th(ms): 104.9, 95th(ms): 117.4, 99th(ms): 167.8, 99.9th(ms): 192.9, Max(ms): 192.9
[Current] DELIVERY - Takes(s): 10.0, Count: 262, TPM: 1572.4, Sum(ms): 180726.0, Avg(ms): 690.4, 50th(ms): 637.5, 90th(ms): 1040.2, 95th(ms): 1140.9, 99th(ms): 1409.3, 99.9th(ms): 1879.0, Max(ms): 1879.0
[Current] NEW_ORDER - Takes(s): 10.0, Count: 2974, TPM: 17846.3, Sum(ms): 606915.6, Avg(ms): 204.2, 50th(ms): 192.9, 90th(ms): 302.0, 95th(ms): 352.3, 99th(ms): 453.0, 99.9th(ms): 520.1, Max(ms): 671.1
[Current] ORDER_STATUS - Takes(s): 9.9, Count: 276, TPM: 1674.6, Sum(ms): 25870.6, Avg(ms): 93.9, 50th(ms): 88.1, 90th(ms): 142.6, 95th(ms): 167.8, 99th(ms): 192.9, 99.9th(ms): 285.2, Max(ms): 285.2
[Current] PAYMENT - Takes(s): 10.0, Count: 2869, TPM: 17217.5, Sum(ms): 415416.5, Avg(ms): 144.8, 50th(ms): 130.0, 90th(ms): 234.9, 95th(ms): 285.2, 99th(ms): 369.1, 99.9th(ms): 486.5, Max(ms): 738.2
[Current] STOCK_LEVEL - Takes(s): 10.0, Count: 282, TPM: 1692.4, Sum(ms): 22084.6, Avg(ms): 78.3, 50th(ms): 75.5, 90th(ms): 109.1, 95th(ms): 121.6, 99th(ms): 176.2, 99.9th(ms): 201.3, Max(ms): 201.3
[Current] DELIVERY - Takes(s): 9.9, Count: 273, TPM: 1646.5, Sum(ms): 194325.9, Avg(ms): 712.2, 50th(ms): 671.1, 90th(ms): 973.1, 95th(ms): 1208.0, 99th(ms): 1476.4, 99.9th(ms): 1744.8, Max(ms): 1744.8
[Current] NEW_ORDER - Takes(s): 10.0, Count: 2881, TPM: 17303.0, Sum(ms): 603262.7, Avg(ms): 209.4, 50th(ms): 201.3, 90th(ms): 302.0, 95th(ms): 335.5, 99th(ms): 402.7, 99.9th(ms): 520.1, Max(ms): 570.4
[Current] ORDER_STATUS - Takes(s): 10.0, Count: 264, TPM: 1585.1, Sum(ms): 26296.2, Avg(ms): 99.7, 50th(ms): 96.5, 90th(ms): 151.0, 95th(ms): 176.2, 99th(ms): 218.1, 99.9th(ms): 436.2, Max(ms): 436.2
[Current] PAYMENT - Takes(s): 10.0, Count: 2704, TPM: 16240.8, Sum(ms): 407744.4, Avg(ms): 150.9, 50th(ms): 134.2, 90th(ms): 243.3, 95th(ms): 285.2, 99th(ms): 402.7, 99.9th(ms): 536.9, Max(ms): 637.5
[Current] STOCK_LEVEL - Takes(s): 10.0, Count: 264, TPM: 1588.0, Sum(ms): 21081.8, Avg(ms): 79.9, 50th(ms): 75.5, 90th(ms): 113.2, 95th(ms): 125.8, 99th(ms): 151.0, 99.9th(ms): 234.9, Max(ms): 234.9
[Current] DELIVERY - Takes(s): 10.0, Count: 260, TPM: 1561.6, Sum(ms): 188432.0, Avg(ms): 725.1, 50th(ms): 671.1, 90th(ms): 1040.2, 95th(ms): 1409.3, 99th(ms): 1811.9, 99.9th(ms): 2013.3, Max(ms): 2013.3
[Current] NEW_ORDER - Takes(s): 10.0, Count: 3046, TPM: 18308.9, Sum(ms): 608713.3, Avg(ms): 200.0, 50th(ms): 192.9, 90th(ms): 285.2, 95th(ms): 318.8, 99th(ms): 402.7, 99.9th(ms): 469.8, Max(ms): 570.4
[Current] ORDER_STATUS - Takes(s): 10.0, Count: 223, TPM: 1344.1, Sum(ms): 20654.2, Avg(ms): 92.6, 50th(ms): 88.1, 90th(ms): 142.6, 95th(ms): 159.4, 99th(ms): 201.3, 99.9th(ms): 243.3, Max(ms): 243.3
[Current] PAYMENT - Takes(s): 10.0, Count: 2871, TPM: 17258.1, Sum(ms): 414214.0, Avg(ms): 144.3, 50th(ms): 130.0, 90th(ms): 226.5, 95th(ms): 268.4, 99th(ms): 369.1, 99.9th(ms): 469.8, Max(ms): 973.1
[Current] STOCK_LEVEL - Takes(s): 10.0, Count: 265, TPM: 1593.4, Sum(ms): 19773.3, Avg(ms): 74.6, 50th(ms): 75.5, 90th(ms): 109.1, 95th(ms): 121.6, 99th(ms): 134.2, 99.9th(ms): 142.6, Max(ms): 142.6
[Current] DELIVERY - Takes(s): 10.0, Count: 280, TPM: 1685.3, Sum(ms): 190496.4, Avg(ms): 680.9, 50th(ms): 637.5, 90th(ms): 973.1, 95th(ms): 1073.7, 99th(ms): 1342.2, 99.9th(ms): 2080.4, Max(ms): 2080.4
[Current] NEW_ORDER - Takes(s): 10.0, Count: 2927, TPM: 17566.1, Sum(ms): 613065.9, Avg(ms): 209.6, 50th(ms): 192.9, 90th(ms): 318.8, 95th(ms): 369.1, 99th(ms): 453.0, 99.9th(ms): 604.0, Max(ms): 704.6
[Current] ORDER_STATUS - Takes(s): 10.0, Count: 233, TPM: 1401.5, Sum(ms): 21331.4, Avg(ms): 91.5, 50th(ms): 83.9, 90th(ms): 142.6, 95th(ms): 176.2, 99th(ms): 209.7, 99.9th(ms): 234.9, Max(ms): 234.9
[Current] PAYMENT - Takes(s): 10.0, Count: 2710, TPM: 16266.8, Sum(ms): 410036.4, Avg(ms): 151.4, 50th(ms): 134.2, 90th(ms): 251.7, 95th(ms): 302.0, 99th(ms): 436.2, 99.9th(ms): 604.0, Max(ms): 704.6
[Current] STOCK_LEVEL - Takes(s): 10.0, Count: 259, TPM: 1555.4, Sum(ms): 20689.9, Avg(ms): 79.9, 50th(ms): 75.5, 90th(ms): 121.6, 95th(ms): 142.6, 99th(ms): 192.9, 99.9th(ms): 243.3, Max(ms): 243.3
[Current] DELIVERY - Takes(s): 9.9, Count: 286, TPM: 1738.3, Sum(ms): 187793.7, Avg(ms): 657.7, 50th(ms): 604.0, 90th(ms): 973.1, 95th(ms): 1140.9, 99th(ms): 1543.5, 99.9th(ms): 1610.6, Max(ms): 1610.6
[Current] NEW_ORDER - Takes(s): 10.0, Count: 3128, TPM: 18769.9, Sum(ms): 594395.7, Avg(ms): 190.1, 50th(ms): 176.2, 90th(ms): 285.2, 95th(ms): 318.8, 99th(ms): 419.4, 99.9th(ms): 520.1, Max(ms): 604.0
[Current] ORDER_STATUS - Takes(s): 10.0, Count: 256, TPM: 1540.2, Sum(ms): 23450.4, Avg(ms): 91.7, 50th(ms): 88.1, 90th(ms): 142.6, 95th(ms): 167.8, 99th(ms): 209.7, 99.9th(ms): 251.7, Max(ms): 251.7
[Current] PAYMENT - Takes(s): 10.0, Count: 3096, TPM: 18581.7, Sum(ms): 421987.6, Avg(ms): 136.3, 50th(ms): 121.6, 90th(ms): 218.1, 95th(ms): 260.0, 99th(ms): 369.1, 99.9th(ms): 453.0, Max(ms): 536.9
[Current] STOCK_LEVEL - Takes(s): 10.0, Count: 256, TPM: 1537.8, Sum(ms): 19030.7, Avg(ms): 74.4, 50th(ms): 71.3, 90th(ms): 109.1, 95th(ms): 121.6, 99th(ms): 151.0, 99.9th(ms): 167.8, Max(ms): 167.8
[Current] DELIVERY - Takes(s): 10.0, Count: 328, TPM: 1971.0, Sum(ms): 207449.1, Avg(ms): 631.9, 50th(ms): 570.4, 90th(ms): 973.1, 95th(ms): 1208.0, 99th(ms): 1409.3, 99.9th(ms): 1879.0, Max(ms): 1879.0
[Current] NEW_ORDER - Takes(s): 10.0, Count: 3205, TPM: 19238.5, Sum(ms): 594548.8, Avg(ms): 185.6, 50th(ms): 176.2, 90th(ms): 268.4, 95th(ms): 318.8, 99th(ms): 436.2, 99.9th(ms): 704.6, Max(ms): 906.0
[Current] ORDER_STATUS - Takes(s): 9.9, Count: 277, TPM: 1681.1, Sum(ms): 23156.3, Avg(ms): 83.7, 50th(ms): 83.9, 90th(ms): 125.8, 95th(ms): 151.0, 99th(ms): 176.2, 99.9th(ms): 226.5, Max(ms): 226.5
[Current] PAYMENT - Takes(s): 10.0, Count: 3096, TPM: 18586.5, Sum(ms): 412279.5, Avg(ms): 133.2, 50th(ms): 117.4, 90th(ms): 218.1, 95th(ms): 268.4, 99th(ms): 369.1, 99.9th(ms): 503.3, Max(ms): 520.1
[Current] STOCK_LEVEL - Takes(s): 10.0, Count: 264, TPM: 1587.7, Sum(ms): 18661.7, Avg(ms): 70.7, 50th(ms): 67.1, 90th(ms): 109.1, 95th(ms): 117.4, 99th(ms): 142.6, 99.9th(ms): 167.8, Max(ms): 167.8
[Current] DELIVERY - Takes(s): 10.0, Count: 277, TPM: 1663.6, Sum(ms): 163580.8, Avg(ms): 590.5, 50th(ms): 536.9, 90th(ms): 805.3, 95th(ms): 973.1, 99th(ms): 1208.0, 99.9th(ms): 1543.5, Max(ms): 1543.5
[Current] NEW_ORDER - Takes(s): 10.0, Count: 3401, TPM: 20417.8, Sum(ms): 602841.4, Avg(ms): 177.3, 50th(ms): 167.8, 90th(ms): 251.7, 95th(ms): 285.2, 99th(ms): 369.1, 99.9th(ms): 520.1, Max(ms): 771.8
[Current] ORDER_STATUS - Takes(s): 10.0, Count: 323, TPM: 1946.2, Sum(ms): 26282.8, Avg(ms): 81.4, 50th(ms): 75.5, 90th(ms): 121.6, 95th(ms): 151.0, 99th(ms): 192.9, 99.9th(ms): 218.1, Max(ms): 218.1
[Current] PAYMENT - Takes(s): 10.0, Count: 3398, TPM: 20391.8, Sum(ms): 431652.3, Avg(ms): 127.1, 50th(ms): 113.2, 90th(ms): 201.3, 95th(ms): 234.9, 99th(ms): 318.8, 99.9th(ms): 469.8, Max(ms): 536.9
[Current] STOCK_LEVEL - Takes(s): 10.0, Count: 326, TPM: 1962.8, Sum(ms): 24047.5, Avg(ms): 73.8, 50th(ms): 71.3, 90th(ms): 100.7, 95th(ms): 117.4, 99th(ms): 260.0, 99.9th(ms): 302.0, Max(ms): 302.0
[Current] DELIVERY - Takes(s): 10.0, Count: 335, TPM: 2010.5, Sum(ms): 211968.3, Avg(ms): 632.9, 50th(ms): 604.0, 90th(ms): 939.5, 95th(ms): 1140.9, 99th(ms): 1677.7, 99.9th(ms): 2281.7, Max(ms): 2281.7
[Current] NEW_ORDER - Takes(s): 10.0, Count: 3408, TPM: 20474.4, Sum(ms): 601250.5, Avg(ms): 176.5, 50th(ms): 167.8, 90th(ms): 251.7, 95th(ms): 285.2, 99th(ms): 369.1, 99.9th(ms): 469.8, Max(ms): 486.5
[Current] ORDER_STATUS - Takes(s): 10.0, Count: 318, TPM: 1909.1, Sum(ms): 26472.1, Avg(ms): 83.3, 50th(ms): 79.7, 90th(ms): 125.8, 95th(ms): 142.6, 99th(ms): 192.9, 99.9th(ms): 234.9, Max(ms): 234.9
[Current] PAYMENT - Takes(s): 10.0, Count: 3146, TPM: 18899.0, Sum(ms): 392597.9, Avg(ms): 124.8, 50th(ms): 113.2, 90th(ms): 192.9, 95th(ms): 234.9, 99th(ms): 335.5, 99.9th(ms): 436.2, Max(ms): 503.3
[Current] STOCK_LEVEL - Takes(s): 10.0, Count: 307, TPM: 1848.7, Sum(ms): 21936.2, Avg(ms): 71.4, 50th(ms): 71.3, 90th(ms): 104.9, 95th(ms): 117.4, 99th(ms): 142.6, 99.9th(ms): 184.5, Max(ms): 184.5
[Current] DELIVERY - Takes(s): 10.0, Count: 277, TPM: 1669.3, Sum(ms): 168268.8, Avg(ms): 607.9, 50th(ms): 570.4, 90th(ms): 872.4, 95th(ms): 973.1, 99th(ms): 1140.9, 99.9th(ms): 1879.0, Max(ms): 1879.0
[Current] NEW_ORDER - Takes(s): 10.0, Count: 3156, TPM: 18936.4, Sum(ms): 604326.2, Avg(ms): 191.5, 50th(ms): 184.5, 90th(ms): 268.4, 95th(ms): 318.8, 99th(ms): 402.7, 99.9th(ms): 604.0, Max(ms): 671.1
[Current] ORDER_STATUS - Takes(s): 9.9, Count: 270, TPM: 1629.4, Sum(ms): 23601.5, Avg(ms): 87.5, 50th(ms): 83.9, 90th(ms): 130.0, 95th(ms): 159.4, 99th(ms): 201.3, 99.9th(ms): 234.9, Max(ms): 234.9
[Current] PAYMENT - Takes(s): 10.0, Count: 3090, TPM: 18548.0, Sum(ms): 417834.6, Avg(ms): 135.2, 50th(ms): 121.6, 90th(ms): 209.7, 95th(ms): 251.7, 99th(ms): 352.3, 99.9th(ms): 453.0, Max(ms): 604.0
[Current] STOCK_LEVEL - Takes(s): 10.0, Count: 316, TPM: 1903.1, Sum(ms): 31280.4, Avg(ms): 99.0, 50th(ms): 92.3, 90th(ms): 167.8, 95th(ms): 184.5, 99th(ms): 209.7, 99.9th(ms): 234.9, Max(ms): 234.9
Finished
[Summary] DELIVERY - Takes(s): 599.6, Count: 16935, TPM: 1694.5, Sum(ms): 10861013.8, Avg(ms): 641.6, 50th(ms): 604.0, 90th(ms): 939.5, 95th(ms): 1073.7, 99th(ms): 1409.3, 99.9th(ms): 1946.2, Max(ms): 2281.7
[Summary] NEW_ORDER - Takes(s): 599.9, Count: 189203, TPM: 18922.5, Sum(ms): 36431633.1, Avg(ms): 192.6, 50th(ms): 184.5, 90th(ms): 285.2, 95th(ms): 318.8, 99th(ms): 419.4, 99.9th(ms): 570.4, Max(ms): 1073.7
[Summary] ORDER_STATUS - Takes(s): 600.0, Count: 16661, TPM: 1666.2, Sum(ms): 1462260.9, Avg(ms): 87.8, 50th(ms): 83.9, 90th(ms): 134.2, 95th(ms): 159.4, 99th(ms): 201.3, 99.9th(ms): 285.2, Max(ms): 436.2
[Summary] PAYMENT - Takes(s): 599.9, Count: 181440, TPM: 18146.0, Sum(ms): 24979588.5, Avg(ms): 137.7, 50th(ms): 121.6, 90th(ms): 218.1, 95th(ms): 268.4, 99th(ms): 369.1, 99.9th(ms): 520.1, Max(ms): 973.1
[Summary] STOCK_LEVEL - Takes(s): 599.9, Count: 16743, TPM: 1674.5, Sum(ms): 1358163.6, Avg(ms): 81.2, 50th(ms): 75.5, 90th(ms): 121.6, 95th(ms): 142.6, 99th(ms): 201.3, 99.9th(ms): 352.3, Max(ms): 1006.6
tpmC: 18922.5, tpmTotal: 42103.6, efficiency: 1149.5%
