2026/04/27 16:39:31 maxprocs: Leaving GOMAXPROCS=4: CPU quota undefined
[Current] DELIVERY - Takes(s): 9.8, Count: 271, TPM: 1657.5, Sum(ms): 35804.2, Avg(ms): 132.3, 50th(ms): 130.0, 90th(ms): 167.8, 95th(ms): 176.2, 99th(ms): 226.5, 99.9th(ms): 243.3, Max(ms): 243.3
[Current] NEW_ORDER - Takes(s): 9.9, Count: 3144, TPM: 19085.5, Sum(ms): 165039.2, Avg(ms): 52.5, 50th(ms): 52.4, 90th(ms): 71.3, 95th(ms): 75.5, 99th(ms): 92.3, 99.9th(ms): 109.1, Max(ms): 113.2
[Current] ORDER_STATUS - Takes(s): 9.9, Count: 260, TPM: 1573.2, Sum(ms): 5982.2, Avg(ms): 23.0, 50th(ms): 22.0, 90th(ms): 32.5, 95th(ms): 35.7, 99th(ms): 41.9, 99.9th(ms): 50.3, Max(ms): 50.3
[Current] PAYMENT - Takes(s): 9.9, Count: 2887, TPM: 17471.1, Sum(ms): 91224.5, Avg(ms): 31.6, 50th(ms): 30.4, 90th(ms): 44.0, 95th(ms): 50.3, 99th(ms): 65.0, 99.9th(ms): 92.3, Max(ms): 130.0
[Current] STOCK_LEVEL - Takes(s): 9.9, Count: 306, TPM: 1853.1, Sum(ms): 12273.6, Avg(ms): 40.1, 50th(ms): 35.7, 90th(ms): 60.8, 95th(ms): 75.5, 99th(ms): 104.9, 99.9th(ms): 159.4, Max(ms): 159.4
[Current] DELIVERY - Takes(s): 9.9, Count: 271, TPM: 1636.6, Sum(ms): 35100.1, Avg(ms): 129.8, 50th(ms): 130.0, 90th(ms): 159.4, 95th(ms): 176.2, 99th(ms): 192.9, 99.9th(ms): 226.5, Max(ms): 226.5
[Current] NEW_ORDER - Takes(s): 10.0, Count: 3163, TPM: 18992.3, Sum(ms): 163129.7, Avg(ms): 51.6, 50th(ms): 52.4, 90th(ms): 67.1, 95th(ms): 75.5, 99th(ms): 88.1, 99.9th(ms): 113.2, Max(ms): 121.6
[Current] ORDER_STATUS - Takes(s): 9.9, Count: 280, TPM: 1694.3, Sum(ms): 6282.2, Avg(ms): 22.4, 50th(ms): 22.0, 90th(ms): 32.5, 95th(ms): 37.7, 99th(ms): 44.0, 99.9th(ms): 50.3, Max(ms): 50.3
[Current] PAYMENT - Takes(s): 10.0, Count: 3055, TPM: 18347.1, Sum(ms): 96920.7, Avg(ms): 31.7, 50th(ms): 30.4, 90th(ms): 44.0, 95th(ms): 48.2, 99th(ms): 67.1, 99.9th(ms): 88.1, Max(ms): 109.1
[Current] STOCK_LEVEL - Takes(s): 10.0, Count: 302, TPM: 1818.3, Sum(ms): 11313.8, Avg(ms): 37.5, 50th(ms): 35.7, 90th(ms): 56.6, 95th(ms): 65.0, 99th(ms): 88.1, 99.9th(ms): 113.2, Max(ms): 113.2
[Current] DELIVERY - Takes(s): 9.9, Count: 283, TPM: 1707.8, Sum(ms): 40029.2, Avg(ms): 141.3, 50th(ms): 142.6, 90th(ms): 184.5, 95th(ms): 192.9, 99th(ms): 251.7, 99.9th(ms): 285.2, Max(ms): 285.2
[Current] NEW_ORDER - Takes(s): 10.0, Count: 3023, TPM: 18150.7, Sum(ms): 160833.9, Avg(ms): 53.2, 50th(ms): 52.4, 90th(ms): 71.3, 95th(ms): 75.5, 99th(ms): 88.1, 99.9th(ms): 117.4, Max(ms): 134.2
[Current] ORDER_STATUS - Takes(s): 10.0, Count: 270, TPM: 1623.8, Sum(ms): 6402.2, Avg(ms): 23.7, 50th(ms): 23.1, 90th(ms): 35.7, 95th(ms): 39.8, 99th(ms): 46.1, 99.9th(ms): 52.4, Max(ms): 52.4
[Current] PAYMENT - Takes(s): 10.0, Count: 2889, TPM: 17339.0, Sum(ms): 94649.0, Avg(ms): 32.8, 50th(ms): 31.5, 90th(ms): 44.0, 95th(ms): 50.3, 99th(ms): 67.1, 99.9th(ms): 88.1, Max(ms): 113.2
[Current] STOCK_LEVEL - Takes(s): 9.9, Count: 254, TPM: 1539.4, Sum(ms): 10784.2, Avg(ms): 42.5, 50th(ms): 37.7, 90th(ms): 60.8, 95th(ms): 75.5, 99th(ms): 201.3, 99.9th(ms): 218.1, Max(ms): 218.1
[Current] DELIVERY - Takes(s): 9.9, Count: 239, TPM: 1442.4, Sum(ms): 35276.5, Avg(ms): 147.8, 50th(ms): 151.0, 90th(ms): 176.2, 95th(ms): 201.3, 99th(ms): 243.3, 99.9th(ms): 251.7, Max(ms): 251.7
[Current] NEW_ORDER - Takes(s): 10.0, Count: 2958, TPM: 17756.9, Sum(ms): 164067.5, Avg(ms): 55.5, 50th(ms): 54.5, 90th(ms): 71.3, 95th(ms): 79.7, 99th(ms): 96.5, 99.9th(ms): 113.2, Max(ms): 130.0
[Current] ORDER_STATUS - Takes(s): 10.0, Count: 269, TPM: 1615.5, Sum(ms): 6651.1, Avg(ms): 24.7, 50th(ms): 24.1, 90th(ms): 37.7, 95th(ms): 41.9, 99th(ms): 50.3, 99.9th(ms): 54.5, Max(ms): 54.5
[Current] PAYMENT - Takes(s): 10.0, Count: 2805, TPM: 16831.6, Sum(ms): 97538.2, Avg(ms): 34.8, 50th(ms): 33.6, 90th(ms): 46.1, 95th(ms): 54.5, 99th(ms): 71.3, 99.9th(ms): 92.3, Max(ms): 109.1
[Current] STOCK_LEVEL - Takes(s): 10.0, Count: 237, TPM: 1422.7, Sum(ms): 9132.4, Avg(ms): 38.6, 50th(ms): 35.7, 90th(ms): 56.6, 95th(ms): 71.3, 99th(ms): 92.3, 99.9th(ms): 125.8, Max(ms): 125.8
[Current] DELIVERY - Takes(s): 9.9, Count: 242, TPM: 1468.0, Sum(ms): 36424.2, Avg(ms): 150.5, 50th(ms): 151.0, 90th(ms): 184.5, 95th(ms): 201.3, 99th(ms): 251.7, 99.9th(ms): 268.4, Max(ms): 268.4
[Current] NEW_ORDER - Takes(s): 10.0, Count: 2957, TPM: 17743.0, Sum(ms): 166435.5, Avg(ms): 56.3, 50th(ms): 54.5, 90th(ms): 75.5, 95th(ms): 79.7, 99th(ms): 100.7, 99.9th(ms): 130.0, Max(ms): 192.9
[Current] ORDER_STATUS - Takes(s): 9.9, Count: 242, TPM: 1463.1, Sum(ms): 6204.9, Avg(ms): 25.6, 50th(ms): 24.1, 90th(ms): 37.7, 95th(ms): 46.1, 99th(ms): 52.4, 99.9th(ms): 60.8, Max(ms): 60.8
[Current] PAYMENT - Takes(s): 10.0, Count: 2620, TPM: 15720.6, Sum(ms): 94704.0, Avg(ms): 36.2, 50th(ms): 35.7, 90th(ms): 48.2, 95th(ms): 56.6, 99th(ms): 75.5, 99.9th(ms): 100.7, Max(ms): 109.1
[Current] STOCK_LEVEL - Takes(s): 10.0, Count: 241, TPM: 1452.1, Sum(ms): 8570.9, Avg(ms): 35.5, 50th(ms): 35.7, 90th(ms): 50.3, 95th(ms): 52.4, 99th(ms): 65.0, 99.9th(ms): 75.5, Max(ms): 75.5
[Current] DELIVERY - Takes(s): 10.0, Count: 235, TPM: 1414.2, Sum(ms): 35259.9, Avg(ms): 149.8, 50th(ms): 151.0, 90th(ms): 184.5, 95th(ms): 209.7, 99th(ms): 419.4, 99.9th(ms): 469.8, Max(ms): 469.8
[Current] NEW_ORDER - Takes(s): 10.0, Count: 2913, TPM: 17483.1, Sum(ms): 162736.7, Avg(ms): 55.9, 50th(ms): 54.5, 90th(ms): 71.3, 95th(ms): 79.7, 99th(ms): 130.0, 99.9th(ms): 218.1, Max(ms): 251.7
[Current] ORDER_STATUS - Takes(s): 9.9, Count: 240, TPM: 1454.8, Sum(ms): 5825.1, Avg(ms): 24.3, 50th(ms): 23.1, 90th(ms): 32.5, 95th(ms): 37.7, 99th(ms): 50.3, 99.9th(ms): 104.9, Max(ms): 104.9
[Current] PAYMENT - Takes(s): 10.0, Count: 2840, TPM: 17045.0, Sum(ms): 99856.5, Avg(ms): 35.2, 50th(ms): 32.5, 90th(ms): 48.2, 95th(ms): 56.6, 99th(ms): 92.3, 99.9th(ms): 159.4, Max(ms): 184.5
[Current] STOCK_LEVEL - Takes(s): 10.0, Count: 242, TPM: 1454.4, Sum(ms): 9121.5, Avg(ms): 37.8, 50th(ms): 35.7, 90th(ms): 52.4, 95th(ms): 58.7, 99th(ms): 142.6, 99.9th(ms): 167.8, Max(ms): 167.8
[Current] DELIVERY - Takes(s): 10.0, Count: 292, TPM: 1760.6, Sum(ms): 41885.4, Avg(ms): 143.7, 50th(ms): 142.6, 90th(ms): 176.2, 95th(ms): 192.9, 99th(ms): 251.7, 99.9th(ms): 285.2, Max(ms): 285.2
[Current] NEW_ORDER - Takes(s): 10.0, Count: 2949, TPM: 17695.7, Sum(ms): 159082.8, Avg(ms): 54.0, 50th(ms): 54.5, 90th(ms): 71.3, 95th(ms): 75.5, 99th(ms): 96.5, 99.9th(ms): 117.4, Max(ms): 125.8
[Current] ORDER_STATUS - Takes(s): 10.0, Count: 239, TPM: 1437.0, Sum(ms): 5528.6, Avg(ms): 23.2, 50th(ms): 23.1, 90th(ms): 32.5, 95th(ms): 35.7, 99th(ms): 44.0, 99.9th(ms): 50.3, Max(ms): 50.3
[Current] PAYMENT - Takes(s): 10.0, Count: 2793, TPM: 16759.3, Sum(ms): 95129.3, Avg(ms): 34.1, 50th(ms): 32.5, 90th(ms): 44.0, 95th(ms): 52.4, 99th(ms): 71.3, 99.9th(ms): 88.1, Max(ms): 109.1
[Current] STOCK_LEVEL - Takes(s): 9.9, Count: 290, TPM: 1758.5, Sum(ms): 11276.6, Avg(ms): 38.9, 50th(ms): 35.7, 90th(ms): 50.3, 95th(ms): 71.3, 99th(ms): 201.3, 99.9th(ms): 226.5, Max(ms): 226.5
[Current] DELIVERY - Takes(s): 10.0, Count: 275, TPM: 1653.3, Sum(ms): 38628.4, Avg(ms): 140.5, 50th(ms): 142.6, 90th(ms): 176.2, 95th(ms): 184.5, 99th(ms): 218.1, 99.9th(ms): 285.2, Max(ms): 285.2
[Current] NEW_ORDER - Takes(s): 10.0, Count: 2977, TPM: 17881.6, Sum(ms): 159196.8, Avg(ms): 53.5, 50th(ms): 54.5, 90th(ms): 67.1, 95th(ms): 75.5, 99th(ms): 83.9, 99.9th(ms): 109.1, Max(ms): 121.6
[Current] ORDER_STATUS - Takes(s): 9.9, Count: 274, TPM: 1656.8, Sum(ms): 6499.0, Avg(ms): 23.7, 50th(ms): 24.1, 90th(ms): 32.5, 95th(ms): 35.7, 99th(ms): 39.8, 99.9th(ms): 46.1, Max(ms): 46.1
[Current] PAYMENT - Takes(s): 10.0, Count: 2960, TPM: 17765.8, Sum(ms): 99854.7, Avg(ms): 33.7, 50th(ms): 32.5, 90th(ms): 44.0, 95th(ms): 50.3, 99th(ms): 67.1, 99.9th(ms): 96.5, Max(ms): 130.0
[Current] STOCK_LEVEL - Takes(s): 9.8, Count: 239, TPM: 1456.7, Sum(ms): 8485.1, Avg(ms): 35.6, 50th(ms): 33.6, 90th(ms): 50.3, 95th(ms): 62.9, 99th(ms): 92.3, 99.9th(ms): 142.6, Max(ms): 142.6
[Current] DELIVERY - Takes(s): 10.0, Count: 238, TPM: 1434.4, Sum(ms): 36347.9, Avg(ms): 152.9, 50th(ms): 151.0, 90th(ms): 192.9, 95th(ms): 209.7, 99th(ms): 234.9, 99.9th(ms): 260.0, Max(ms): 260.0
[Current] NEW_ORDER - Takes(s): 10.0, Count: 2896, TPM: 17381.7, Sum(ms): 163313.9, Avg(ms): 56.4, 50th(ms): 56.6, 90th(ms): 75.5, 95th(ms): 79.7, 99th(ms): 96.5, 99.9th(ms): 125.8, Max(ms): 142.6
[Current] ORDER_STATUS - Takes(s): 10.0, Count: 287, TPM: 1726.3, Sum(ms): 7486.2, Avg(ms): 26.1, 50th(ms): 25.2, 90th(ms): 37.7, 95th(ms): 41.9, 99th(ms): 48.2, 99.9th(ms): 50.3, Max(ms): 50.3
[Current] PAYMENT - Takes(s): 10.0, Count: 2742, TPM: 16454.7, Sum(ms): 97303.3, Avg(ms): 35.5, 50th(ms): 35.7, 90th(ms): 48.2, 95th(ms): 54.5, 99th(ms): 75.5, 99.9th(ms): 92.3, Max(ms): 100.7
[Current] STOCK_LEVEL - Takes(s): 10.0, Count: 251, TPM: 1506.6, Sum(ms): 8348.9, Avg(ms): 33.3, 50th(ms): 33.6, 90th(ms): 48.2, 95th(ms): 52.4, 99th(ms): 62.9, 99.9th(ms): 75.5, Max(ms): 75.5
[Current] DELIVERY - Takes(s): 10.0, Count: 269, TPM: 1615.2, Sum(ms): 39012.8, Avg(ms): 145.1, 50th(ms): 142.6, 90th(ms): 176.2, 95th(ms): 184.5, 99th(ms): 218.1, 99.9th(ms): 226.5, Max(ms): 226.5
[Current] NEW_ORDER - Takes(s): 10.0, Count: 2824, TPM: 16949.9, Sum(ms): 157029.2, Avg(ms): 55.6, 50th(ms): 54.5, 90th(ms): 71.3, 95th(ms): 79.7, 99th(ms): 92.3, 99.9th(ms): 117.4, Max(ms): 130.0
[Current] ORDER_STATUS - Takes(s): 9.9, Count: 272, TPM: 1641.5, Sum(ms): 6561.8, Avg(ms): 24.1, 50th(ms): 24.1, 90th(ms): 33.6, 95th(ms): 37.7, 99th(ms): 44.0, 99.9th(ms): 46.1, Max(ms): 46.1
[Current] PAYMENT - Takes(s): 10.0, Count: 2833, TPM: 17002.6, Sum(ms): 99445.3, Avg(ms): 35.1, 50th(ms): 33.6, 90th(ms): 46.1, 95th(ms): 54.5, 99th(ms): 79.7, 99.9th(ms): 100.7, Max(ms): 142.6
[Current] STOCK_LEVEL - Takes(s): 9.9, Count: 266, TPM: 1613.5, Sum(ms): 10772.2, Avg(ms): 40.5, 50th(ms): 32.5, 90th(ms): 56.6, 95th(ms): 100.7, 99th(ms): 209.7, 99.9th(ms): 285.2, Max(ms): 285.2
[Current] DELIVERY - Takes(s): 9.9, Count: 234, TPM: 1414.6, Sum(ms): 35855.7, Avg(ms): 153.3, 50th(ms): 151.0, 90th(ms): 192.9, 95th(ms): 209.7, 99th(ms): 243.3, 99.9th(ms): 318.8, Max(ms): 318.8
[Current] NEW_ORDER - Takes(s): 10.0, Count: 2882, TPM: 17293.8, Sum(ms): 163995.4, Avg(ms): 56.9, 50th(ms): 56.6, 90th(ms): 75.5, 95th(ms): 79.7, 99th(ms): 100.7, 99.9th(ms): 142.6, Max(ms): 151.0
[Current] ORDER_STATUS - Takes(s): 10.0, Count: 274, TPM: 1647.2, Sum(ms): 6898.5, Avg(ms): 25.2, 50th(ms): 25.2, 90th(ms): 35.7, 95th(ms): 39.8, 99th(ms): 46.1, 99.9th(ms): 71.3, Max(ms): 71.3
[Current] PAYMENT - Takes(s): 10.0, Count: 2723, TPM: 16337.7, Sum(ms): 96970.3, Avg(ms): 35.6, 50th(ms): 35.7, 90th(ms): 48.2, 95th(ms): 54.5, 99th(ms): 75.5, 99.9th(ms): 92.3, Max(ms): 100.7
[Current] STOCK_LEVEL - Takes(s): 10.0, Count: 258, TPM: 1553.2, Sum(ms): 9199.3, Avg(ms): 35.7, 50th(ms): 33.6, 90th(ms): 50.3, 95th(ms): 56.6, 99th(ms): 88.1, 99.9th(ms): 142.6, Max(ms): 142.6
[Current] DELIVERY - Takes(s): 9.9, Count: 292, TPM: 1766.7, Sum(ms): 42051.0, Avg(ms): 144.1, 50th(ms): 142.6, 90th(ms): 184.5, 95th(ms): 201.3, 99th(ms): 218.1, 99.9th(ms): 268.4, Max(ms): 268.4
[Current] NEW_ORDER - Takes(s): 10.0, Count: 2881, TPM: 17287.6, Sum(ms): 160241.0, Avg(ms): 55.7, 50th(ms): 54.5, 90th(ms): 71.3, 95th(ms): 79.7, 99th(ms): 96.5, 99.9th(ms): 117.4, Max(ms): 142.6
[Current] ORDER_STATUS - Takes(s): 10.0, Count: 268, TPM: 1611.1, Sum(ms): 6360.8, Avg(ms): 23.8, 50th(ms): 23.1, 90th(ms): 33.6, 95th(ms): 39.8, 99th(ms): 46.1, 99.9th(ms): 54.5, Max(ms): 54.5
[Current] PAYMENT - Takes(s): 10.0, Count: 2743, TPM: 16459.0, Sum(ms): 93623.9, Avg(ms): 34.2, 50th(ms): 32.5, 90th(ms): 46.1, 95th(ms): 52.4, 99th(ms): 67.1, 99.9th(ms): 83.9, Max(ms): 92.3
[Current] STOCK_LEVEL - Takes(s): 10.0, Count: 255, TPM: 1535.5, Sum(ms): 10189.4, Avg(ms): 40.0, 50th(ms): 32.5, 90th(ms): 50.3, 95th(ms): 71.3, 99th(ms): 243.3, 99.9th(ms): 369.1, Max(ms): 369.1
[Current] DELIVERY - Takes(s): 10.0, Count: 308, TPM: 1848.1, Sum(ms): 41504.3, Avg(ms): 134.9, 50th(ms): 130.0, 90th(ms): 159.4, 95th(ms): 176.2, 99th(ms): 234.9, 99.9th(ms): 318.8, Max(ms): 318.8
[Current] NEW_ORDER - Takes(s): 10.0, Count: 3122, TPM: 18742.9, Sum(ms): 159134.0, Avg(ms): 51.0, 50th(ms): 50.3, 90th(ms): 65.0, 95th(ms): 71.3, 99th(ms): 83.9, 99.9th(ms): 109.1, Max(ms): 159.4
[Current] ORDER_STATUS - Takes(s): 10.0, Count: 272, TPM: 1634.4, Sum(ms): 5844.8, Avg(ms): 21.5, 50th(ms): 21.0, 90th(ms): 30.4, 95th(ms): 32.5, 99th(ms): 35.7, 99.9th(ms): 41.9, Max(ms): 41.9
[Current] PAYMENT - Takes(s): 10.0, Count: 2976, TPM: 17862.6, Sum(ms): 94550.0, Avg(ms): 31.8, 50th(ms): 30.4, 90th(ms): 41.9, 95th(ms): 48.2, 99th(ms): 67.1, 99.9th(ms): 96.5, Max(ms): 113.2
[Current] STOCK_LEVEL - Takes(s): 10.0, Count: 250, TPM: 1505.7, Sum(ms): 11773.0, Avg(ms): 47.2, 50th(ms): 31.5, 90th(ms): 96.5, 95th(ms): 167.8, 99th(ms): 268.4, 99.9th(ms): 302.0, Max(ms): 302.0
[Current] DELIVERY - Takes(s): 10.0, Count: 295, TPM: 1777.3, Sum(ms): 39214.3, Avg(ms): 133.1, 50th(ms): 134.2, 90th(ms): 159.4, 95th(ms): 167.8, 99th(ms): 226.5, 99.9th(ms): 260.0, Max(ms): 260.0
[Current] NEW_ORDER - Takes(s): 10.0, Count: 3222, TPM: 19352.1, Sum(ms): 159932.2, Avg(ms): 49.6, 50th(ms): 50.3, 90th(ms): 62.9, 95th(ms): 67.1, 99th(ms): 79.7, 99.9th(ms): 96.5, Max(ms): 121.6
[Current] ORDER_STATUS - Takes(s): 9.9, Count: 282, TPM: 1706.3, Sum(ms): 5873.1, Avg(ms): 20.9, 50th(ms): 21.0, 90th(ms): 28.3, 95th(ms): 32.5, 99th(ms): 37.7, 99.9th(ms): 41.9, Max(ms): 41.9
[Current] PAYMENT - Takes(s): 10.0, Count: 3108, TPM: 18653.8, Sum(ms): 95144.5, Avg(ms): 30.6, 50th(ms): 29.4, 90th(ms): 39.8, 95th(ms): 46.1, 99th(ms): 56.6, 99.9th(ms): 67.1, Max(ms): 117.4
[Current] STOCK_LEVEL - Takes(s): 10.0, Count: 343, TPM: 2062.4, Sum(ms): 11398.8, Avg(ms): 33.2, 50th(ms): 29.4, 90th(ms): 48.2, 95th(ms): 75.5, 99th(ms): 100.7, 99.9th(ms): 218.1, Max(ms): 218.1
[Current] DELIVERY - Takes(s): 10.0, Count: 271, TPM: 1630.4, Sum(ms): 35837.9, Avg(ms): 132.1, 50th(ms): 130.0, 90th(ms): 159.4, 95th(ms): 167.8, 99th(ms): 209.7, 99.9th(ms): 285.2, Max(ms): 285.2
[Current] NEW_ORDER - Takes(s): 10.0, Count: 3224, TPM: 19350.3, Sum(ms): 165058.3, Avg(ms): 51.2, 50th(ms): 50.3, 90th(ms): 65.0, 95th(ms): 71.3, 99th(ms): 88.1, 99.9th(ms): 100.7, Max(ms): 125.8
[Current] ORDER_STATUS - Takes(s): 10.0, Count: 285, TPM: 1710.5, Sum(ms): 6120.6, Avg(ms): 21.5, 50th(ms): 21.0, 90th(ms): 30.4, 95th(ms): 32.5, 99th(ms): 37.7, 99.9th(ms): 41.9, Max(ms): 41.9
[Current] PAYMENT - Takes(s): 10.0, Count: 3031, TPM: 18186.6, Sum(ms): 95903.6, Avg(ms): 31.6, 50th(ms): 30.4, 90th(ms): 41.9, 95th(ms): 48.2, 99th(ms): 62.9, 99.9th(ms): 83.9, Max(ms): 92.3
[Current] STOCK_LEVEL - Takes(s): 9.8, Count: 263, TPM: 1603.1, Sum(ms): 9732.9, Avg(ms): 37.0, 50th(ms): 31.5, 90th(ms): 54.5, 95th(ms): 71.3, 99th(ms): 151.0, 99.9th(ms): 285.2, Max(ms): 285.2
[Current] DELIVERY - Takes(s): 9.8, Count: 288, TPM: 1754.4, Sum(ms): 36746.1, Avg(ms): 127.9, 50th(ms): 125.8, 90th(ms): 151.0, 95th(ms): 159.4, 99th(ms): 209.7, 99.9th(ms): 302.0, Max(ms): 302.0
[Current] NEW_ORDER - Takes(s): 10.0, Count: 3259, TPM: 19557.8, Sum(ms): 162102.4, Avg(ms): 49.8, 50th(ms): 50.3, 90th(ms): 62.9, 95th(ms): 67.1, 99th(ms): 79.7, 99.9th(ms): 96.5, Max(ms): 117.4
[Current] ORDER_STATUS - Takes(s): 10.0, Count: 307, TPM: 1846.2, Sum(ms): 6477.6, Avg(ms): 21.1, 50th(ms): 21.0, 90th(ms): 29.4, 95th(ms): 31.5, 99th(ms): 37.7, 99.9th(ms): 39.8, Max(ms): 39.8
[Current] PAYMENT - Takes(s): 10.0, Count: 3086, TPM: 18516.2, Sum(ms): 95834.3, Avg(ms): 31.1, 50th(ms): 29.4, 90th(ms): 39.8, 95th(ms): 48.2, 99th(ms): 65.0, 99.9th(ms): 88.1, Max(ms): 104.9
[Current] STOCK_LEVEL - Takes(s): 10.0, Count: 249, TPM: 1499.3, Sum(ms): 11097.9, Avg(ms): 44.5, 50th(ms): 30.4, 90th(ms): 62.9, 95th(ms): 113.2, 99th(ms): 352.3, 99.9th(ms): 352.3, Max(ms): 352.3
[Current] DELIVERY - Takes(s): 10.0, Count: 302, TPM: 1813.1, Sum(ms): 40120.1, Avg(ms): 132.8, 50th(ms): 130.0, 90th(ms): 167.8, 95th(ms): 184.5, 99th(ms): 226.5, 99.9th(ms): 251.7, Max(ms): 251.7
[Current] NEW_ORDER - Takes(s): 10.0, Count: 3183, TPM: 19099.0, Sum(ms): 160688.5, Avg(ms): 50.5, 50th(ms): 50.3, 90th(ms): 62.9, 95th(ms): 71.3, 99th(ms): 83.9, 99.9th(ms): 104.9, Max(ms): 167.8
[Current] ORDER_STATUS - Takes(s): 10.0, Count: 283, TPM: 1702.7, Sum(ms): 5983.8, Avg(ms): 21.1, 50th(ms): 21.0, 90th(ms): 28.3, 95th(ms): 31.5, 99th(ms): 37.7, 99.9th(ms): 41.9, Max(ms): 41.9
[Current] PAYMENT - Takes(s): 10.0, Count: 3045, TPM: 18270.2, Sum(ms): 95518.9, Avg(ms): 31.4, 50th(ms): 30.4, 90th(ms): 41.9, 95th(ms): 46.1, 99th(ms): 62.9, 99.9th(ms): 92.3, Max(ms): 100.7
[Current] STOCK_LEVEL - Takes(s): 10.0, Count: 314, TPM: 1885.5, Sum(ms): 10763.6, Avg(ms): 34.3, 50th(ms): 31.5, 90th(ms): 50.3, 95th(ms): 62.9, 99th(ms): 92.3, 99.9th(ms): 100.7, Max(ms): 100.7
[Current] DELIVERY - Takes(s): 10.0, Count: 283, TPM: 1699.9, Sum(ms): 37943.3, Avg(ms): 134.3, 50th(ms): 134.2, 90th(ms): 159.4, 95th(ms): 176.2, 99th(ms): 218.1, 99.9th(ms): 251.7, Max(ms): 251.7
[Current] NEW_ORDER - Takes(s): 10.0, Count: 3195, TPM: 19172.7, Sum(ms): 163247.7, Avg(ms): 51.1, 50th(ms): 50.3, 90th(ms): 65.0, 95th(ms): 71.3, 99th(ms): 83.9, 99.9th(ms): 100.7, Max(ms): 151.0
[Current] ORDER_STATUS - Takes(s): 10.0, Count: 308, TPM: 1848.7, Sum(ms): 6742.7, Avg(ms): 21.9, 50th(ms): 22.0, 90th(ms): 29.4, 95th(ms): 32.5, 99th(ms): 37.7, 99.9th(ms): 44.0, Max(ms): 44.0
[Current] PAYMENT - Takes(s): 10.0, Count: 2994, TPM: 17965.9, Sum(ms): 94412.4, Avg(ms): 31.5, 50th(ms): 30.4, 90th(ms): 39.8, 95th(ms): 46.1, 99th(ms): 60.8, 99.9th(ms): 83.9, Max(ms): 100.7
[Current] STOCK_LEVEL - Takes(s): 10.0, Count: 282, TPM: 1699.7, Sum(ms): 9321.5, Avg(ms): 33.0, 50th(ms): 31.5, 90th(ms): 46.1, 95th(ms): 54.5, 99th(ms): 75.5, 99.9th(ms): 104.9, Max(ms): 104.9
[Current] DELIVERY - Takes(s): 10.0, Count: 295, TPM: 1775.0, Sum(ms): 40120.0, Avg(ms): 136.1, 50th(ms): 142.6, 90th(ms): 159.4, 95th(ms): 176.2, 99th(ms): 201.3, 99.9th(ms): 268.4, Max(ms): 268.4
[Current] NEW_ORDER - Takes(s): 10.0, Count: 3130, TPM: 18807.0, Sum(ms): 161259.4, Avg(ms): 51.5, 50th(ms): 52.4, 90th(ms): 65.0, 95th(ms): 71.3, 99th(ms): 79.7, 99.9th(ms): 109.1, Max(ms): 113.2
[Current] ORDER_STATUS - Takes(s): 9.9, Count: 271, TPM: 1639.7, Sum(ms): 5932.1, Avg(ms): 21.9, 50th(ms): 22.0, 90th(ms): 31.5, 95th(ms): 33.6, 99th(ms): 37.7, 99.9th(ms): 41.9, Max(ms): 41.9
[Current] PAYMENT - Takes(s): 10.0, Count: 2973, TPM: 17863.6, Sum(ms): 95482.5, Avg(ms): 32.1, 50th(ms): 31.5, 90th(ms): 41.9, 95th(ms): 46.1, 99th(ms): 62.9, 99.9th(ms): 92.3, Max(ms): 134.2
[Current] STOCK_LEVEL - Takes(s): 10.0, Count: 297, TPM: 1783.5, Sum(ms): 9918.8, Avg(ms): 33.4, 50th(ms): 32.5, 90th(ms): 46.1, 95th(ms): 52.4, 99th(ms): 75.5, 99.9th(ms): 92.3, Max(ms): 92.3
[Current] DELIVERY - Takes(s): 10.0, Count: 285, TPM: 1712.9, Sum(ms): 38781.4, Avg(ms): 136.0, 50th(ms): 134.2, 90th(ms): 159.4, 95th(ms): 184.5, 99th(ms): 234.9, 99.9th(ms): 251.7, Max(ms): 251.7
[Current] NEW_ORDER - Takes(s): 10.0, Count: 3163, TPM: 18985.2, Sum(ms): 162110.1, Avg(ms): 51.3, 50th(ms): 50.3, 90th(ms): 65.0, 95th(ms): 71.3, 99th(ms): 92.3, 99.9th(ms): 113.2, Max(ms): 167.8
[Current] ORDER_STATUS - Takes(s): 10.0, Count: 285, TPM: 1713.0, Sum(ms): 6301.2, Avg(ms): 22.1, 50th(ms): 22.0, 90th(ms): 30.4, 95th(ms): 35.7, 99th(ms): 44.0, 99.9th(ms): 52.4, Max(ms): 52.4
[Current] PAYMENT - Takes(s): 10.0, Count: 3003, TPM: 18041.3, Sum(ms): 97067.3, Avg(ms): 32.3, 50th(ms): 31.5, 90th(ms): 41.9, 95th(ms): 48.2, 99th(ms): 62.9, 99.9th(ms): 83.9, Max(ms): 96.5
[Current] STOCK_LEVEL - Takes(s): 10.0, Count: 257, TPM: 1542.1, Sum(ms): 8343.0, Avg(ms): 32.5, 50th(ms): 31.5, 90th(ms): 46.1, 95th(ms): 52.4, 99th(ms): 58.7, 99.9th(ms): 67.1, Max(ms): 67.1
[Current] DELIVERY - Takes(s): 9.9, Count: 267, TPM: 1610.4, Sum(ms): 37509.4, Avg(ms): 140.4, 50th(ms): 142.6, 90th(ms): 167.8, 95th(ms): 176.2, 99th(ms): 226.5, 99.9th(ms): 243.3, Max(ms): 243.3
[Current] NEW_ORDER - Takes(s): 10.0, Count: 2920, TPM: 17527.1, Sum(ms): 159588.1, Avg(ms): 54.7, 50th(ms): 54.5, 90th(ms): 71.3, 95th(ms): 75.5, 99th(ms): 96.5, 99.9th(ms): 117.4, Max(ms): 121.6
[Current] ORDER_STATUS - Takes(s): 10.0, Count: 271, TPM: 1630.9, Sum(ms): 6142.8, Avg(ms): 22.7, 50th(ms): 22.0, 90th(ms): 31.5, 95th(ms): 35.7, 99th(ms): 41.9, 99.9th(ms): 54.5, Max(ms): 54.5
[Current] PAYMENT - Takes(s): 10.0, Count: 2809, TPM: 16861.6, Sum(ms): 93845.1, Avg(ms): 33.4, 50th(ms): 32.5, 90th(ms): 44.0, 95th(ms): 50.3, 99th(ms): 67.1, 99.9th(ms): 92.3, Max(ms): 100.7
[Current] STOCK_LEVEL - Takes(s): 9.9, Count: 277, TPM: 1673.7, Sum(ms): 15552.4, Avg(ms): 56.1, 50th(ms): 37.7, 90th(ms): 117.4, 95th(ms): 218.1, 99th(ms): 369.1, 99.9th(ms): 419.4, Max(ms): 419.4
[Current] DELIVERY - Takes(s): 9.9, Count: 261, TPM: 1577.4, Sum(ms): 36977.5, Avg(ms): 141.9, 50th(ms): 142.6, 90th(ms): 176.2, 95th(ms): 184.5, 99th(ms): 243.3, 99.9th(ms): 260.0, Max(ms): 260.0
[Current] NEW_ORDER - Takes(s): 10.0, Count: 2899, TPM: 17409.5, Sum(ms): 159856.0, Avg(ms): 55.2, 50th(ms): 54.5, 90th(ms): 71.3, 95th(ms): 75.5, 99th(ms): 92.3, 99.9th(ms): 113.2, Max(ms): 142.6
[Current] ORDER_STATUS - Takes(s): 9.9, Count: 274, TPM: 1657.0, Sum(ms): 6689.9, Avg(ms): 24.4, 50th(ms): 24.1, 90th(ms): 35.7, 95th(ms): 37.7, 99th(ms): 41.9, 99.9th(ms): 50.3, Max(ms): 50.3
[Current] PAYMENT - Takes(s): 10.0, Count: 2756, TPM: 16537.8, Sum(ms): 93992.7, Avg(ms): 34.1, 50th(ms): 32.5, 90th(ms): 46.1, 95th(ms): 52.4, 99th(ms): 71.3, 99.9th(ms): 88.1, Max(ms): 134.2
[Current] STOCK_LEVEL - Takes(s): 10.0, Count: 277, TPM: 1665.4, Sum(ms): 15248.1, Avg(ms): 55.1, 50th(ms): 44.0, 90th(ms): 100.7, 95th(ms): 142.6, 99th(ms): 201.3, 99.9th(ms): 385.9, Max(ms): 385.9
[Current] DELIVERY - Takes(s): 9.9, Count: 233, TPM: 1406.1, Sum(ms): 34713.6, Avg(ms): 149.1, 50th(ms): 151.0, 90th(ms): 184.5, 95th(ms): 192.9, 99th(ms): 218.1, 99.9th(ms): 218.1, Max(ms): 218.1
[Current] NEW_ORDER - Takes(s): 10.0, Count: 2764, TPM: 16586.1, Sum(ms): 160262.7, Avg(ms): 58.0, 50th(ms): 58.7, 90th(ms): 75.5, 95th(ms): 79.7, 99th(ms): 92.3, 99.9th(ms): 113.2, Max(ms): 151.0
[Current] ORDER_STATUS - Takes(s): 9.9, Count: 256, TPM: 1548.0, Sum(ms): 6099.5, Avg(ms): 23.8, 50th(ms): 23.1, 90th(ms): 32.5, 95th(ms): 37.7, 99th(ms): 46.1, 99.9th(ms): 52.4, Max(ms): 52.4
[Current] PAYMENT - Takes(s): 10.0, Count: 2705, TPM: 16230.8, Sum(ms): 96359.5, Avg(ms): 35.7, 50th(ms): 35.7, 90th(ms): 48.2, 95th(ms): 54.5, 99th(ms): 75.5, 99.9th(ms): 96.5, Max(ms): 125.8
[Current] STOCK_LEVEL - Takes(s): 10.0, Count: 244, TPM: 1468.8, Sum(ms): 15749.7, Avg(ms): 64.6, 50th(ms): 52.4, 90th(ms): 130.0, 95th(ms): 167.8, 99th(ms): 192.9, 99.9th(ms): 218.1, Max(ms): 218.1
[Current] DELIVERY - Takes(s): 10.0, Count: 252, TPM: 1514.6, Sum(ms): 36773.3, Avg(ms): 145.9, 50th(ms): 142.6, 90th(ms): 176.2, 95th(ms): 184.5, 99th(ms): 243.3, 99.9th(ms): 285.2, Max(ms): 285.2
[Current] NEW_ORDER - Takes(s): 10.0, Count: 2823, TPM: 16940.5, Sum(ms): 161085.0, Avg(ms): 57.1, 50th(ms): 56.6, 90th(ms): 75.5, 95th(ms): 79.7, 99th(ms): 100.7, 99.9th(ms): 130.0, Max(ms): 134.2
[Current] ORDER_STATUS - Takes(s): 10.0, Count: 263, TPM: 1578.8, Sum(ms): 6341.9, Avg(ms): 24.1, 50th(ms): 24.1, 90th(ms): 35.7, 95th(ms): 37.7, 99th(ms): 48.2, 99.9th(ms): 52.4, Max(ms): 52.4
[Current] PAYMENT - Takes(s): 10.0, Count: 2662, TPM: 15973.5, Sum(ms): 94320.2, Avg(ms): 35.4, 50th(ms): 33.6, 90th(ms): 48.2, 95th(ms): 56.6, 99th(ms): 79.7, 99.9th(ms): 113.2, Max(ms): 125.8
[Current] STOCK_LEVEL - Takes(s): 10.0, Count: 247, TPM: 1487.7, Sum(ms): 14498.4, Avg(ms): 58.7, 50th(ms): 46.1, 90th(ms): 109.1, 95th(ms): 134.2, 99th(ms): 226.5, 99.9th(ms): 302.0, Max(ms): 302.0
[Current] DELIVERY - Takes(s): 9.9, Count: 256, TPM: 1547.7, Sum(ms): 36617.2, Avg(ms): 143.1, 50th(ms): 142.6, 90th(ms): 167.8, 95th(ms): 176.2, 99th(ms): 226.5, 99.9th(ms): 302.0, Max(ms): 302.0
[Current] NEW_ORDER - Takes(s): 10.0, Count: 2950, TPM: 17699.5, Sum(ms): 163945.9, Avg(ms): 55.6, 50th(ms): 54.5, 90th(ms): 71.3, 95th(ms): 75.5, 99th(ms): 92.3, 99.9th(ms): 113.2, Max(ms): 134.2
[Current] ORDER_STATUS - Takes(s): 10.0, Count: 228, TPM: 1369.2, Sum(ms): 5378.5, Avg(ms): 23.5, 50th(ms): 23.1, 90th(ms): 32.5, 95th(ms): 37.7, 99th(ms): 46.1, 99.9th(ms): 50.3, Max(ms): 50.3
[Current] PAYMENT - Takes(s): 10.0, Count: 2706, TPM: 16235.8, Sum(ms): 93303.9, Avg(ms): 34.5, 50th(ms): 33.6, 90th(ms): 46.1, 95th(ms): 50.3, 99th(ms): 71.3, 99.9th(ms): 96.5, Max(ms): 100.7
[Current] STOCK_LEVEL - Takes(s): 10.0, Count: 264, TPM: 1590.0, Sum(ms): 14008.5, Avg(ms): 53.1, 50th(ms): 44.0, 90th(ms): 96.5, 95th(ms): 125.8, 99th(ms): 176.2, 99.9th(ms): 209.7, Max(ms): 209.7
[Current] DELIVERY - Takes(s): 10.0, Count: 244, TPM: 1467.0, Sum(ms): 35706.1, Avg(ms): 146.5, 50th(ms): 142.6, 90th(ms): 192.9, 95th(ms): 209.7, 99th(ms): 260.0, 99.9th(ms): 302.0, Max(ms): 302.0
[Current] NEW_ORDER - Takes(s): 10.0, Count: 2949, TPM: 17711.0, Sum(ms): 162214.6, Avg(ms): 55.0, 50th(ms): 54.5, 90th(ms): 71.3, 95th(ms): 79.7, 99th(ms): 96.5, 99.9th(ms): 109.1, Max(ms): 125.8
[Current] ORDER_STATUS - Takes(s): 10.0, Count: 270, TPM: 1623.3, Sum(ms): 6624.0, Avg(ms): 24.5, 50th(ms): 24.1, 90th(ms): 35.7, 95th(ms): 39.8, 99th(ms): 46.1, 99.9th(ms): 71.3, Max(ms): 71.3
[Current] PAYMENT - Takes(s): 10.0, Count: 2774, TPM: 16645.3, Sum(ms): 96187.7, Avg(ms): 34.7, 50th(ms): 33.6, 90th(ms): 46.1, 95th(ms): 52.4, 99th(ms): 71.3, 99.9th(ms): 88.1, Max(ms): 113.2
[Current] STOCK_LEVEL - Takes(s): 10.0, Count: 254, TPM: 1526.8, Sum(ms): 12285.0, Avg(ms): 48.4, 50th(ms): 39.8, 90th(ms): 88.1, 95th(ms): 104.9, 99th(ms): 159.4, 99.9th(ms): 192.9, Max(ms): 192.9
[Current] DELIVERY - Takes(s): 10.0, Count: 242, TPM: 1455.8, Sum(ms): 38165.5, Avg(ms): 157.7, 50th(ms): 159.4, 90th(ms): 192.9, 95th(ms): 218.1, 99th(ms): 260.0, 99.9th(ms): 369.1, Max(ms): 369.1
[Current] NEW_ORDER - Takes(s): 10.0, Count: 2751, TPM: 16507.1, Sum(ms): 161673.1, Avg(ms): 58.8, 50th(ms): 58.7, 90th(ms): 75.5, 95th(ms): 83.9, 99th(ms): 96.5, 99.9th(ms): 125.8, Max(ms): 142.6
[Current] ORDER_STATUS - Takes(s): 9.9, Count: 249, TPM: 1506.1, Sum(ms): 6095.1, Avg(ms): 24.5, 50th(ms): 24.1, 90th(ms): 35.7, 95th(ms): 35.7, 99th(ms): 44.0, 99.9th(ms): 79.7, Max(ms): 79.7
[Current] PAYMENT - Takes(s): 10.0, Count: 2589, TPM: 15536.3, Sum(ms): 95415.1, Avg(ms): 36.9, 50th(ms): 35.7, 90th(ms): 48.2, 95th(ms): 56.6, 99th(ms): 75.5, 99.9th(ms): 92.3, Max(ms): 104.9
[Current] STOCK_LEVEL - Takes(s): 9.9, Count: 267, TPM: 1618.4, Sum(ms): 12022.0, Avg(ms): 45.0, 50th(ms): 39.8, 90th(ms): 71.3, 95th(ms): 92.3, 99th(ms): 109.1, 99.9th(ms): 134.2, Max(ms): 134.2
[Current] DELIVERY - Takes(s): 10.0, Count: 279, TPM: 1677.6, Sum(ms): 44904.7, Avg(ms): 161.1, 50th(ms): 159.4, 90th(ms): 201.3, 95th(ms): 218.1, 99th(ms): 268.4, 99.9th(ms): 402.7, Max(ms): 402.7
[Current] NEW_ORDER - Takes(s): 10.0, Count: 2659, TPM: 15971.7, Sum(ms): 158131.3, Avg(ms): 59.5, 50th(ms): 58.7, 90th(ms): 79.7, 95th(ms): 88.1, 99th(ms): 100.7, 99.9th(ms): 121.6, Max(ms): 142.6
[Current] ORDER_STATUS - Takes(s): 10.0, Count: 222, TPM: 1336.7, Sum(ms): 5454.6, Avg(ms): 24.6, 50th(ms): 24.1, 90th(ms): 35.7, 95th(ms): 41.9, 99th(ms): 50.3, 99.9th(ms): 58.7, Max(ms): 58.7
[Current] PAYMENT - Takes(s): 10.0, Count: 2477, TPM: 14866.1, Sum(ms): 94184.8, Avg(ms): 38.0, 50th(ms): 37.7, 90th(ms): 52.4, 95th(ms): 58.7, 99th(ms): 79.7, 99.9th(ms): 100.7, Max(ms): 117.4
[Current] STOCK_LEVEL - Takes(s): 10.0, Count: 241, TPM: 1449.1, Sum(ms): 10589.9, Avg(ms): 44.0, 50th(ms): 41.9, 90th(ms): 65.0, 95th(ms): 75.5, 99th(ms): 100.7, 99.9th(ms): 121.6, Max(ms): 121.6
[Current] DELIVERY - Takes(s): 10.0, Count: 259, TPM: 1557.3, Sum(ms): 38938.0, Avg(ms): 150.4, 50th(ms): 151.0, 90th(ms): 184.5, 95th(ms): 209.7, 99th(ms): 243.3, 99.9th(ms): 268.4, Max(ms): 268.4
[Current] NEW_ORDER - Takes(s): 10.0, Count: 2709, TPM: 16280.8, Sum(ms): 159238.9, Avg(ms): 58.8, 50th(ms): 58.7, 90th(ms): 75.5, 95th(ms): 83.9, 99th(ms): 100.7, 99.9th(ms): 142.6, Max(ms): 151.0
[Current] ORDER_STATUS - Takes(s): 9.9, Count: 234, TPM: 1411.2, Sum(ms): 5887.4, Avg(ms): 25.2, 50th(ms): 25.2, 90th(ms): 35.7, 95th(ms): 37.7, 99th(ms): 50.3, 99.9th(ms): 65.0, Max(ms): 65.0
[Current] PAYMENT - Takes(s): 10.0, Count: 2676, TPM: 16056.1, Sum(ms): 98246.8, Avg(ms): 36.7, 50th(ms): 35.7, 90th(ms): 50.3, 95th(ms): 56.6, 99th(ms): 79.7, 99.9th(ms): 100.7, Max(ms): 113.2
[Current] STOCK_LEVEL - Takes(s): 10.0, Count: 253, TPM: 1520.8, Sum(ms): 10945.4, Avg(ms): 43.2, 50th(ms): 37.7, 90th(ms): 71.3, 95th(ms): 88.1, 99th(ms): 125.8, 99.9th(ms): 151.0, Max(ms): 151.0
[Current] DELIVERY - Takes(s): 9.9, Count: 247, TPM: 1501.9, Sum(ms): 39842.1, Avg(ms): 161.4, 50th(ms): 159.4, 90th(ms): 201.3, 95th(ms): 226.5, 99th(ms): 318.8, 99.9th(ms): 385.9, Max(ms): 385.9
[Current] NEW_ORDER - Takes(s): 10.0, Count: 2626, TPM: 15757.0, Sum(ms): 161044.1, Avg(ms): 61.4, 50th(ms): 60.8, 90th(ms): 79.7, 95th(ms): 88.1, 99th(ms): 113.2, 99.9th(ms): 159.4, Max(ms): 176.2
[Current] ORDER_STATUS - Takes(s): 9.9, Count: 225, TPM: 1359.6, Sum(ms): 5786.8, Avg(ms): 25.7, 50th(ms): 25.2, 90th(ms): 35.7, 95th(ms): 41.9, 99th(ms): 50.3, 99.9th(ms): 83.9, Max(ms): 83.9
[Current] PAYMENT - Takes(s): 10.0, Count: 2522, TPM: 15131.7, Sum(ms): 97624.2, Avg(ms): 38.7, 50th(ms): 37.7, 90th(ms): 54.5, 95th(ms): 62.9, 99th(ms): 83.9, 99.9th(ms): 113.2, Max(ms): 130.0
[Current] STOCK_LEVEL - Takes(s): 10.0, Count: 206, TPM: 1241.5, Sum(ms): 9011.6, Avg(ms): 43.8, 50th(ms): 39.8, 90th(ms): 71.3, 95th(ms): 88.1, 99th(ms): 113.2, 99.9th(ms): 134.2, Max(ms): 134.2
[Current] DELIVERY - Takes(s): 9.9, Count: 234, TPM: 1414.9, Sum(ms): 37887.6, Avg(ms): 161.9, 50th(ms): 167.8, 90th(ms): 192.9, 95th(ms): 201.3, 99th(ms): 302.0, 99.9th(ms): 318.8, Max(ms): 318.8
[Current] NEW_ORDER - Takes(s): 10.0, Count: 2659, TPM: 15968.5, Sum(ms): 163643.7, Avg(ms): 61.6, 50th(ms): 60.8, 90th(ms): 79.7, 95th(ms): 88.1, 99th(ms): 109.1, 99.9th(ms): 142.6, Max(ms): 151.0
[Current] ORDER_STATUS - Takes(s): 9.9, Count: 243, TPM: 1470.7, Sum(ms): 6265.3, Avg(ms): 25.8, 50th(ms): 25.2, 90th(ms): 37.7, 95th(ms): 44.0, 99th(ms): 58.7, 99.9th(ms): 58.7, Max(ms): 58.7
[Current] PAYMENT - Takes(s): 10.0, Count: 2448, TPM: 14701.3, Sum(ms): 95325.4, Avg(ms): 39.0, 50th(ms): 37.7, 90th(ms): 52.4, 95th(ms): 58.7, 99th(ms): 79.7, 99.9th(ms): 109.1, Max(ms): 134.2
[Current] STOCK_LEVEL - Takes(s): 9.9, Count: 228, TPM: 1382.2, Sum(ms): 10086.9, Avg(ms): 44.3, 50th(ms): 41.9, 90th(ms): 65.0, 95th(ms): 79.7, 99th(ms): 113.2, 99.9th(ms): 134.2, Max(ms): 134.2
[Current] DELIVERY - Takes(s): 10.0, Count: 288, TPM: 1728.8, Sum(ms): 44213.0, Avg(ms): 153.6, 50th(ms): 151.0, 90th(ms): 184.5, 95th(ms): 209.7, 99th(ms): 260.0, 99.9th(ms): 369.1, Max(ms): 369.1
[Current] NEW_ORDER - Takes(s): 10.0, Count: 2746, TPM: 16489.4, Sum(ms): 158916.2, Avg(ms): 57.9, 50th(ms): 56.6, 90th(ms): 75.5, 95th(ms): 83.9, 99th(ms): 104.9, 99.9th(ms): 130.0, Max(ms): 151.0
[Current] ORDER_STATUS - Takes(s): 10.0, Count: 236, TPM: 1421.3, Sum(ms): 5540.6, Avg(ms): 23.5, 50th(ms): 23.1, 90th(ms): 32.5, 95th(ms): 35.7, 99th(ms): 46.1, 99.9th(ms): 62.9, Max(ms): 62.9
[Current] PAYMENT - Takes(s): 10.0, Count: 2593, TPM: 15563.2, Sum(ms): 95686.8, Avg(ms): 36.9, 50th(ms): 35.7, 90th(ms): 50.3, 95th(ms): 58.7, 99th(ms): 75.5, 99.9th(ms): 96.5, Max(ms): 142.6
[Current] STOCK_LEVEL - Takes(s): 9.9, Count: 229, TPM: 1386.4, Sum(ms): 9235.5, Avg(ms): 40.3, 50th(ms): 39.8, 90th(ms): 54.5, 95th(ms): 60.8, 99th(ms): 83.9, 99.9th(ms): 100.7, Max(ms): 100.7
[Current] DELIVERY - Takes(s): 10.0, Count: 250, TPM: 1501.5, Sum(ms): 37886.5, Avg(ms): 151.7, 50th(ms): 151.0, 90th(ms): 192.9, 95th(ms): 209.7, 99th(ms): 260.0, 99.9th(ms): 318.8, Max(ms): 318.8
[Current] NEW_ORDER - Takes(s): 10.0, Count: 2757, TPM: 16542.3, Sum(ms): 162377.0, Avg(ms): 58.9, 50th(ms): 58.7, 90th(ms): 79.7, 95th(ms): 83.9, 99th(ms): 100.7, 99.9th(ms): 121.6, Max(ms): 142.6
[Current] ORDER_STATUS - Takes(s): 10.0, Count: 212, TPM: 1272.6, Sum(ms): 5077.7, Avg(ms): 23.9, 50th(ms): 23.1, 90th(ms): 33.6, 95th(ms): 37.7, 99th(ms): 46.1, 99.9th(ms): 50.3, Max(ms): 50.3
[Current] PAYMENT - Takes(s): 10.0, Count: 2619, TPM: 15721.3, Sum(ms): 96703.4, Avg(ms): 36.9, 50th(ms): 35.7, 90th(ms): 50.3, 95th(ms): 58.7, 99th(ms): 79.7, 99.9th(ms): 104.9, Max(ms): 113.2
[Current] STOCK_LEVEL - Takes(s): 9.9, Count: 250, TPM: 1512.9, Sum(ms): 10821.8, Avg(ms): 43.3, 50th(ms): 39.8, 90th(ms): 56.6, 95th(ms): 71.3, 99th(ms): 151.0, 99.9th(ms): 318.8, Max(ms): 318.8
[Current] DELIVERY - Takes(s): 10.0, Count: 252, TPM: 1515.3, Sum(ms): 37048.8, Avg(ms): 147.1, 50th(ms): 151.0, 90th(ms): 184.5, 95th(ms): 209.7, 99th(ms): 251.7, 99.9th(ms): 302.0, Max(ms): 302.0
[Current] NEW_ORDER - Takes(s): 10.0, Count: 2980, TPM: 17896.4, Sum(ms): 166265.6, Avg(ms): 55.8, 50th(ms): 54.5, 90th(ms): 71.3, 95th(ms): 79.7, 99th(ms): 92.3, 99.9th(ms): 125.8, Max(ms): 142.6
[Current] ORDER_STATUS - Takes(s): 10.0, Count: 248, TPM: 1494.2, Sum(ms): 5491.8, Avg(ms): 22.1, 50th(ms): 22.0, 90th(ms): 30.4, 95th(ms): 33.6, 99th(ms): 37.7, 99.9th(ms): 44.0, Max(ms): 44.0
[Current] PAYMENT - Takes(s): 10.0, Count: 2719, TPM: 16329.4, Sum(ms): 94957.6, Avg(ms): 34.9, 50th(ms): 33.6, 90th(ms): 46.1, 95th(ms): 54.5, 99th(ms): 71.3, 99.9th(ms): 92.3, Max(ms): 113.2
[Current] STOCK_LEVEL - Takes(s): 10.0, Count: 259, TPM: 1554.1, Sum(ms): 9534.6, Avg(ms): 36.8, 50th(ms): 33.6, 90th(ms): 50.3, 95th(ms): 60.8, 99th(ms): 92.3, 99.9th(ms): 121.6, Max(ms): 121.6
[Current] DELIVERY - Takes(s): 9.9, Count: 263, TPM: 1589.6, Sum(ms): 36622.7, Avg(ms): 139.2, 50th(ms): 134.2, 90th(ms): 176.2, 95th(ms): 184.5, 99th(ms): 234.9, 99.9th(ms): 268.4, Max(ms): 268.4
[Current] NEW_ORDER - Takes(s): 10.0, Count: 3017, TPM: 18109.9, Sum(ms): 163544.6, Avg(ms): 54.2, 50th(ms): 54.5, 90th(ms): 71.3, 95th(ms): 79.7, 99th(ms): 96.5, 99.9th(ms): 113.2, Max(ms): 125.8
[Current] ORDER_STATUS - Takes(s): 10.0, Count: 287, TPM: 1726.8, Sum(ms): 6411.2, Avg(ms): 22.4, 50th(ms): 22.0, 90th(ms): 31.5, 95th(ms): 37.7, 99th(ms): 44.0, 99.9th(ms): 54.5, Max(ms): 54.5
[Current] PAYMENT - Takes(s): 10.0, Count: 2862, TPM: 17176.0, Sum(ms): 95551.3, Avg(ms): 33.4, 50th(ms): 32.5, 90th(ms): 44.0, 95th(ms): 50.3, 99th(ms): 67.1, 99.9th(ms): 88.1, Max(ms): 104.9
[Current] STOCK_LEVEL - Takes(s): 10.0, Count: 312, TPM: 1875.4, Sum(ms): 10359.0, Avg(ms): 33.2, 50th(ms): 32.5, 90th(ms): 46.1, 95th(ms): 48.2, 99th(ms): 58.7, 99.9th(ms): 92.3, Max(ms): 92.3
[Current] DELIVERY - Takes(s): 10.0, Count: 263, TPM: 1578.2, Sum(ms): 36477.3, Avg(ms): 138.6, 50th(ms): 134.2, 90th(ms): 176.2, 95th(ms): 192.9, 99th(ms): 243.3, 99.9th(ms): 302.0, Max(ms): 302.0
[Current] NEW_ORDER - Takes(s): 10.0, Count: 3121, TPM: 18728.6, Sum(ms): 165174.2, Avg(ms): 53.0, 50th(ms): 52.4, 90th(ms): 71.3, 95th(ms): 75.5, 99th(ms): 96.5, 99.9th(ms): 113.2, Max(ms): 121.6
[Current] ORDER_STATUS - Takes(s): 10.0, Count: 293, TPM: 1758.6, Sum(ms): 6390.9, Avg(ms): 21.8, 50th(ms): 21.0, 90th(ms): 32.5, 95th(ms): 35.7, 99th(ms): 50.3, 99.9th(ms): 56.6, Max(ms): 56.6
[Current] PAYMENT - Takes(s): 10.0, Count: 2958, TPM: 17751.6, Sum(ms): 96216.2, Avg(ms): 32.5, 50th(ms): 31.5, 90th(ms): 44.0, 95th(ms): 50.3, 99th(ms): 65.0, 99.9th(ms): 83.9, Max(ms): 92.3
[Current] STOCK_LEVEL - Takes(s): 10.0, Count: 253, TPM: 1519.9, Sum(ms): 8525.3, Avg(ms): 33.7, 50th(ms): 33.6, 90th(ms): 44.0, 95th(ms): 50.3, 99th(ms): 62.9, 99.9th(ms): 79.7, Max(ms): 79.7
[Current] DELIVERY - Takes(s): 9.9, Count: 288, TPM: 1737.9, Sum(ms): 40610.0, Avg(ms): 141.1, 50th(ms): 142.6, 90th(ms): 176.2, 95th(ms): 192.9, 99th(ms): 285.2, 99.9th(ms): 385.9, Max(ms): 385.9
[Current] NEW_ORDER - Takes(s): 10.0, Count: 3052, TPM: 18316.2, Sum(ms): 160452.5, Avg(ms): 52.6, 50th(ms): 52.4, 90th(ms): 71.3, 95th(ms): 75.5, 99th(ms): 88.1, 99.9th(ms): 104.9, Max(ms): 125.8
[Current] ORDER_STATUS - Takes(s): 10.0, Count: 302, TPM: 1813.5, Sum(ms): 6585.8, Avg(ms): 21.8, 50th(ms): 22.0, 90th(ms): 32.5, 95th(ms): 35.7, 99th(ms): 39.8, 99.9th(ms): 41.9, Max(ms): 41.9
[Current] PAYMENT - Takes(s): 10.0, Count: 2901, TPM: 17406.5, Sum(ms): 95689.8, Avg(ms): 33.0, 50th(ms): 31.5, 90th(ms): 44.0, 95th(ms): 50.3, 99th(ms): 65.0, 99.9th(ms): 75.5, Max(ms): 100.7
[Current] STOCK_LEVEL - Takes(s): 10.0, Count: 281, TPM: 1687.0, Sum(ms): 9466.2, Avg(ms): 33.7, 50th(ms): 32.5, 90th(ms): 46.1, 95th(ms): 48.2, 99th(ms): 56.6, 99.9th(ms): 65.0, Max(ms): 65.0
[Current] DELIVERY - Takes(s): 10.0, Count: 243, TPM: 1459.6, Sum(ms): 33417.5, Avg(ms): 137.5, 50th(ms): 134.2, 90th(ms): 159.4, 95th(ms): 192.9, 99th(ms): 302.0, 99.9th(ms): 352.3, Max(ms): 352.3
[Current] NEW_ORDER - Takes(s): 10.0, Count: 3201, TPM: 19209.0, Sum(ms): 165497.4, Avg(ms): 51.7, 50th(ms): 52.4, 90th(ms): 67.1, 95th(ms): 75.5, 99th(ms): 88.1, 99.9th(ms): 100.7, Max(ms): 117.4
[Current] ORDER_STATUS - Takes(s): 10.0, Count: 295, TPM: 1773.2, Sum(ms): 6142.8, Avg(ms): 20.8, 50th(ms): 21.0, 90th(ms): 28.3, 95th(ms): 31.5, 99th(ms): 37.7, 99.9th(ms): 52.4, Max(ms): 52.4
[Current] PAYMENT - Takes(s): 10.0, Count: 3004, TPM: 18027.1, Sum(ms): 97654.4, Avg(ms): 32.5, 50th(ms): 31.5, 90th(ms): 44.0, 95th(ms): 50.3, 99th(ms): 71.3, 99.9th(ms): 92.3, Max(ms): 113.2
[Current] STOCK_LEVEL - Takes(s): 10.0, Count: 300, TPM: 1801.6, Sum(ms): 9945.5, Avg(ms): 33.2, 50th(ms): 33.6, 90th(ms): 44.0, 95th(ms): 48.2, 99th(ms): 56.6, 99.9th(ms): 60.8, Max(ms): 60.8
[Current] DELIVERY - Takes(s): 10.0, Count: 283, TPM: 1704.4, Sum(ms): 39994.0, Avg(ms): 141.4, 50th(ms): 142.6, 90th(ms): 176.2, 95th(ms): 192.9, 99th(ms): 218.1, 99.9th(ms): 285.2, Max(ms): 285.2
[Current] NEW_ORDER - Takes(s): 10.0, Count: 3058, TPM: 18375.4, Sum(ms): 162088.5, Avg(ms): 53.0, 50th(ms): 52.4, 90th(ms): 67.1, 95th(ms): 75.5, 99th(ms): 88.1, 99.9th(ms): 113.2, Max(ms): 142.6
[Current] ORDER_STATUS - Takes(s): 10.0, Count: 277, TPM: 1665.6, Sum(ms): 5987.4, Avg(ms): 21.6, 50th(ms): 21.0, 90th(ms): 30.4, 95th(ms): 32.5, 99th(ms): 41.9, 99.9th(ms): 52.4, Max(ms): 52.4
[Current] PAYMENT - Takes(s): 10.0, Count: 2873, TPM: 17245.1, Sum(ms): 94372.2, Avg(ms): 32.9, 50th(ms): 31.5, 90th(ms): 44.0, 95th(ms): 50.3, 99th(ms): 71.3, 99.9th(ms): 88.1, Max(ms): 109.1
[Current] STOCK_LEVEL - Takes(s): 10.0, Count: 303, TPM: 1819.7, Sum(ms): 10099.0, Avg(ms): 33.4, 50th(ms): 33.6, 90th(ms): 44.0, 95th(ms): 48.2, 99th(ms): 56.6, 99.9th(ms): 58.7, Max(ms): 58.7
[Current] DELIVERY - Takes(s): 9.9, Count: 271, TPM: 1636.3, Sum(ms): 38693.9, Avg(ms): 143.0, 50th(ms): 142.6, 90th(ms): 184.5, 95th(ms): 209.7, 99th(ms): 285.2, 99.9th(ms): 335.5, Max(ms): 335.5
[Current] NEW_ORDER - Takes(s): 10.0, Count: 3060, TPM: 18365.6, Sum(ms): 161725.6, Avg(ms): 52.9, 50th(ms): 52.4, 90th(ms): 71.3, 95th(ms): 75.5, 99th(ms): 92.3, 99.9th(ms): 159.4, Max(ms): 192.9
[Current] ORDER_STATUS - Takes(s): 10.0, Count: 274, TPM: 1649.1, Sum(ms): 6094.7, Avg(ms): 22.2, 50th(ms): 22.0, 90th(ms): 31.5, 95th(ms): 35.7, 99th(ms): 44.0, 99.9th(ms): 54.5, Max(ms): 54.5
[Current] PAYMENT - Takes(s): 10.0, Count: 2946, TPM: 17693.3, Sum(ms): 96307.7, Avg(ms): 32.7, 50th(ms): 31.5, 90th(ms): 44.0, 95th(ms): 50.3, 99th(ms): 75.5, 99.9th(ms): 117.4, Max(ms): 142.6
[Current] STOCK_LEVEL - Takes(s): 9.9, Count: 276, TPM: 1672.0, Sum(ms): 9927.3, Avg(ms): 36.1, 50th(ms): 35.7, 90th(ms): 48.2, 95th(ms): 52.4, 99th(ms): 62.9, 99.9th(ms): 71.3, Max(ms): 71.3
[Current] DELIVERY - Takes(s): 10.0, Count: 282, TPM: 1699.4, Sum(ms): 37921.2, Avg(ms): 134.5, 50th(ms): 134.2, 90th(ms): 167.8, 95th(ms): 184.5, 99th(ms): 209.7, 99.9th(ms): 268.4, Max(ms): 268.4
[Current] NEW_ORDER - Takes(s): 10.0, Count: 3210, TPM: 19267.9, Sum(ms): 164067.6, Avg(ms): 51.1, 50th(ms): 50.3, 90th(ms): 65.0, 95th(ms): 71.3, 99th(ms): 88.1, 99.9th(ms): 109.1, Max(ms): 121.6
[Current] ORDER_STATUS - Takes(s): 10.0, Count: 266, TPM: 1596.2, Sum(ms): 5555.8, Avg(ms): 20.9, 50th(ms): 19.9, 90th(ms): 29.4, 95th(ms): 32.5, 99th(ms): 35.7, 99.9th(ms): 58.7, Max(ms): 58.7
[Current] PAYMENT - Takes(s): 10.0, Count: 3034, TPM: 18212.4, Sum(ms): 96124.1, Avg(ms): 31.7, 50th(ms): 30.4, 90th(ms): 41.9, 95th(ms): 48.2, 99th(ms): 62.9, 99.9th(ms): 83.9, Max(ms): 100.7
[Current] STOCK_LEVEL - Takes(s): 10.0, Count: 266, TPM: 1596.0, Sum(ms): 8678.4, Avg(ms): 32.6, 50th(ms): 32.5, 90th(ms): 46.1, 95th(ms): 46.1, 99th(ms): 54.5, 99.9th(ms): 56.6, Max(ms): 56.6
[Current] DELIVERY - Takes(s): 9.9, Count: 297, TPM: 1792.2, Sum(ms): 39169.0, Avg(ms): 132.0, 50th(ms): 125.8, 90th(ms): 167.8, 95th(ms): 176.2, 99th(ms): 243.3, 99.9th(ms): 268.4, Max(ms): 268.4
[Current] NEW_ORDER - Takes(s): 10.0, Count: 3197, TPM: 19191.0, Sum(ms): 159556.9, Avg(ms): 49.9, 50th(ms): 50.3, 90th(ms): 62.9, 95th(ms): 71.3, 99th(ms): 92.3, 99.9th(ms): 113.2, Max(ms): 151.0
[Current] ORDER_STATUS - Takes(s): 10.0, Count: 298, TPM: 1795.6, Sum(ms): 6137.0, Avg(ms): 20.6, 50th(ms): 19.9, 90th(ms): 29.4, 95th(ms): 32.5, 99th(ms): 44.0, 99.9th(ms): 125.8, Max(ms): 125.8
[Current] PAYMENT - Takes(s): 10.0, Count: 3171, TPM: 19028.6, Sum(ms): 98385.5, Avg(ms): 31.0, 50th(ms): 29.4, 90th(ms): 41.9, 95th(ms): 48.2, 99th(ms): 65.0, 99.9th(ms): 88.1, Max(ms): 96.5
[Current] STOCK_LEVEL - Takes(s): 10.0, Count: 269, TPM: 1621.9, Sum(ms): 9072.6, Avg(ms): 33.7, 50th(ms): 33.6, 90th(ms): 46.1, 95th(ms): 48.2, 99th(ms): 54.5, 99.9th(ms): 83.9, Max(ms): 83.9
[Current] DELIVERY - Takes(s): 10.0, Count: 294, TPM: 1771.0, Sum(ms): 39593.8, Avg(ms): 135.0, 50th(ms): 134.2, 90th(ms): 167.8, 95th(ms): 184.5, 99th(ms): 234.9, 99.9th(ms): 285.2, Max(ms): 285.2
[Current] NEW_ORDER - Takes(s): 10.0, Count: 3256, TPM: 19536.3, Sum(ms): 161852.5, Avg(ms): 49.7, 50th(ms): 50.3, 90th(ms): 62.9, 95th(ms): 67.1, 99th(ms): 83.9, 99.9th(ms): 100.7, Max(ms): 109.1
[Current] ORDER_STATUS - Takes(s): 10.0, Count: 288, TPM: 1728.3, Sum(ms): 6247.7, Avg(ms): 21.7, 50th(ms): 21.0, 90th(ms): 30.4, 95th(ms): 35.7, 99th(ms): 44.0, 99.9th(ms): 50.3, Max(ms): 50.3
[Current] PAYMENT - Takes(s): 10.0, Count: 3074, TPM: 18445.8, Sum(ms): 94725.9, Avg(ms): 30.8, 50th(ms): 29.4, 90th(ms): 41.9, 95th(ms): 46.1, 99th(ms): 60.8, 99.9th(ms): 79.7, Max(ms): 104.9
[Current] STOCK_LEVEL - Takes(s): 10.0, Count: 304, TPM: 1832.7, Sum(ms): 10334.7, Avg(ms): 34.0, 50th(ms): 33.6, 90th(ms): 44.0, 95th(ms): 48.2, 99th(ms): 56.6, 99.9th(ms): 62.9, Max(ms): 62.9
[Current] DELIVERY - Takes(s): 10.0, Count: 282, TPM: 1694.8, Sum(ms): 37284.5, Avg(ms): 132.4, 50th(ms): 130.0, 90th(ms): 159.4, 95th(ms): 167.8, 99th(ms): 209.7, 99.9th(ms): 234.9, Max(ms): 234.9
[Current] NEW_ORDER - Takes(s): 10.0, Count: 3314, TPM: 19886.0, Sum(ms): 162952.9, Avg(ms): 49.2, 50th(ms): 48.2, 90th(ms): 62.9, 95th(ms): 67.1, 99th(ms): 83.9, 99.9th(ms): 104.9, Max(ms): 130.0
[Current] ORDER_STATUS - Takes(s): 10.0, Count: 277, TPM: 1667.0, Sum(ms): 5843.6, Avg(ms): 21.1, 50th(ms): 21.0, 90th(ms): 29.4, 95th(ms): 33.6, 99th(ms): 41.9, 99.9th(ms): 62.9, Max(ms): 62.9
[Current] PAYMENT - Takes(s): 10.0, Count: 3142, TPM: 18859.8, Sum(ms): 96924.3, Avg(ms): 30.9, 50th(ms): 29.4, 90th(ms): 39.8, 95th(ms): 46.1, 99th(ms): 62.9, 99.9th(ms): 92.3, Max(ms): 100.7
[Current] STOCK_LEVEL - Takes(s): 10.0, Count: 293, TPM: 1761.2, Sum(ms): 9854.7, Avg(ms): 33.7, 50th(ms): 33.6, 90th(ms): 44.0, 95th(ms): 46.1, 99th(ms): 54.5, 99.9th(ms): 60.8, Max(ms): 60.8
[Current] DELIVERY - Takes(s): 9.9, Count: 271, TPM: 1640.6, Sum(ms): 36761.9, Avg(ms): 135.6, 50th(ms): 134.2, 90th(ms): 159.4, 95th(ms): 176.2, 99th(ms): 209.7, 99.9th(ms): 260.0, Max(ms): 260.0
[Current] NEW_ORDER - Takes(s): 10.0, Count: 3224, TPM: 19343.7, Sum(ms): 162212.5, Avg(ms): 50.3, 50th(ms): 50.3, 90th(ms): 62.9, 95th(ms): 71.3, 99th(ms): 88.1, 99.9th(ms): 104.9, Max(ms): 130.0
[Current] ORDER_STATUS - Takes(s): 10.0, Count: 285, TPM: 1713.6, Sum(ms): 5954.7, Avg(ms): 20.9, 50th(ms): 21.0, 90th(ms): 29.4, 95th(ms): 33.6, 99th(ms): 41.9, 99.9th(ms): 50.3, Max(ms): 50.3
[Current] PAYMENT - Takes(s): 10.0, Count: 3128, TPM: 18768.9, Sum(ms): 97621.9, Avg(ms): 31.2, 50th(ms): 30.4, 90th(ms): 41.9, 95th(ms): 46.1, 99th(ms): 62.9, 99.9th(ms): 88.1, Max(ms): 92.3
[Current] STOCK_LEVEL - Takes(s): 10.0, Count: 284, TPM: 1709.5, Sum(ms): 9708.7, Avg(ms): 34.2, 50th(ms): 35.7, 90th(ms): 44.0, 95th(ms): 50.3, 99th(ms): 58.7, 99.9th(ms): 60.8, Max(ms): 60.8
[Current] DELIVERY - Takes(s): 10.0, Count: 258, TPM: 1549.4, Sum(ms): 33457.8, Avg(ms): 129.7, 50th(ms): 130.0, 90th(ms): 151.0, 95th(ms): 167.8, 99th(ms): 209.7, 99.9th(ms): 243.3, Max(ms): 243.3
[Current] NEW_ORDER - Takes(s): 10.0, Count: 3335, TPM: 20011.2, Sum(ms): 163658.6, Avg(ms): 49.1, 50th(ms): 50.3, 90th(ms): 62.9, 95th(ms): 67.1, 99th(ms): 79.7, 99.9th(ms): 104.9, Max(ms): 113.2
[Current] ORDER_STATUS - Takes(s): 9.9, Count: 275, TPM: 1659.0, Sum(ms): 5711.2, Avg(ms): 20.8, 50th(ms): 19.9, 90th(ms): 29.4, 95th(ms): 35.7, 99th(ms): 44.0, 99.9th(ms): 56.6, Max(ms): 56.6
[Current] PAYMENT - Takes(s): 10.0, Count: 3245, TPM: 19470.6, Sum(ms): 100135.1, Avg(ms): 30.9, 50th(ms): 29.4, 90th(ms): 39.8, 95th(ms): 46.1, 99th(ms): 60.8, 99.9th(ms): 92.3, Max(ms): 117.4
[Current] STOCK_LEVEL - Takes(s): 10.0, Count: 291, TPM: 1748.0, Sum(ms): 9703.9, Avg(ms): 33.4, 50th(ms): 32.5, 90th(ms): 46.1, 95th(ms): 48.2, 99th(ms): 52.4, 99.9th(ms): 56.6, Max(ms): 56.6
[Current] DELIVERY - Takes(s): 10.0, Count: 277, TPM: 1668.6, Sum(ms): 37724.6, Avg(ms): 136.3, 50th(ms): 134.2, 90th(ms): 159.4, 95th(ms): 192.9, 99th(ms): 234.9, 99.9th(ms): 469.8, Max(ms): 469.8
[Current] NEW_ORDER - Takes(s): 10.0, Count: 3276, TPM: 19687.2, Sum(ms): 164813.3, Avg(ms): 50.3, 50th(ms): 50.3, 90th(ms): 62.9, 95th(ms): 71.3, 99th(ms): 88.1, 99.9th(ms): 113.2, Max(ms): 130.0
[Current] ORDER_STATUS - Takes(s): 10.0, Count: 297, TPM: 1784.1, Sum(ms): 6169.2, Avg(ms): 20.8, 50th(ms): 19.9, 90th(ms): 29.4, 95th(ms): 33.6, 99th(ms): 46.1, 99.9th(ms): 67.1, Max(ms): 67.1
[Current] PAYMENT - Takes(s): 10.0, Count: 3039, TPM: 18234.9, Sum(ms): 93643.4, Avg(ms): 30.8, 50th(ms): 30.4, 90th(ms): 39.8, 95th(ms): 46.1, 99th(ms): 58.7, 99.9th(ms): 75.5, Max(ms): 113.2
[Current] STOCK_LEVEL - Takes(s): 10.0, Count: 289, TPM: 1740.7, Sum(ms): 10201.0, Avg(ms): 35.4, 50th(ms): 35.7, 90th(ms): 46.1, 95th(ms): 54.5, 99th(ms): 58.7, 99.9th(ms): 65.0, Max(ms): 65.0
[Current] DELIVERY - Takes(s): 10.0, Count: 260, TPM: 1564.2, Sum(ms): 35606.4, Avg(ms): 137.0, 50th(ms): 142.6, 90th(ms): 159.4, 95th(ms): 167.8, 99th(ms): 218.1, 99.9th(ms): 385.9, Max(ms): 385.9
[Current] NEW_ORDER - Takes(s): 10.0, Count: 3220, TPM: 19337.6, Sum(ms): 164593.5, Avg(ms): 51.1, 50th(ms): 50.3, 90th(ms): 65.0, 95th(ms): 71.3, 99th(ms): 83.9, 99.9th(ms): 104.9, Max(ms): 113.2
[Current] ORDER_STATUS - Takes(s): 9.9, Count: 276, TPM: 1668.7, Sum(ms): 5985.3, Avg(ms): 21.7, 50th(ms): 21.0, 90th(ms): 29.4, 95th(ms): 35.7, 99th(ms): 41.9, 99.9th(ms): 48.2, Max(ms): 48.2
[Current] PAYMENT - Takes(s): 10.0, Count: 3027, TPM: 18173.8, Sum(ms): 96251.7, Avg(ms): 31.8, 50th(ms): 30.4, 90th(ms): 41.9, 95th(ms): 48.2, 99th(ms): 62.9, 99.9th(ms): 88.1, Max(ms): 88.1
[Current] STOCK_LEVEL - Takes(s): 10.0, Count: 273, TPM: 1642.9, Sum(ms): 10041.8, Avg(ms): 36.8, 50th(ms): 37.7, 90th(ms): 48.2, 95th(ms): 52.4, 99th(ms): 62.9, 99.9th(ms): 71.3, Max(ms): 71.3
[Current] DELIVERY - Takes(s): 9.9, Count: 276, TPM: 1671.9, Sum(ms): 39484.0, Avg(ms): 143.4, 50th(ms): 151.0, 90th(ms): 167.8, 95th(ms): 176.2, 99th(ms): 192.9, 99.9th(ms): 201.3, Max(ms): 201.3
[Current] NEW_ORDER - Takes(s): 10.0, Count: 2977, TPM: 17862.8, Sum(ms): 160129.7, Avg(ms): 53.8, 50th(ms): 54.5, 90th(ms): 67.1, 95th(ms): 75.5, 99th(ms): 88.1, 99.9th(ms): 104.9, Max(ms): 125.8
[Current] ORDER_STATUS - Takes(s): 9.9, Count: 266, TPM: 1607.3, Sum(ms): 6320.0, Avg(ms): 23.8, 50th(ms): 23.1, 90th(ms): 33.6, 95th(ms): 37.7, 99th(ms): 46.1, 99.9th(ms): 52.4, Max(ms): 52.4
[Current] PAYMENT - Takes(s): 10.0, Count: 2830, TPM: 16983.1, Sum(ms): 94010.0, Avg(ms): 33.2, 50th(ms): 32.5, 90th(ms): 44.0, 95th(ms): 50.3, 99th(ms): 67.1, 99.9th(ms): 88.1, Max(ms): 104.9
[Current] STOCK_LEVEL - Takes(s): 10.0, Count: 277, TPM: 1664.6, Sum(ms): 12336.9, Avg(ms): 44.6, 50th(ms): 39.8, 90th(ms): 60.8, 95th(ms): 92.3, 99th(ms): 121.6, 99.9th(ms): 151.0, Max(ms): 151.0
[Current] DELIVERY - Takes(s): 9.9, Count: 252, TPM: 1522.7, Sum(ms): 38211.6, Avg(ms): 151.6, 50th(ms): 151.0, 90th(ms): 184.5, 95th(ms): 201.3, 99th(ms): 268.4, 99.9th(ms): 302.0, Max(ms): 302.0
[Current] NEW_ORDER - Takes(s): 10.0, Count: 2810, TPM: 16860.7, Sum(ms): 159897.4, Avg(ms): 56.9, 50th(ms): 56.6, 90th(ms): 75.5, 95th(ms): 79.7, 99th(ms): 92.3, 99.9th(ms): 117.4, Max(ms): 125.8
[Current] ORDER_STATUS - Takes(s): 10.0, Count: 257, TPM: 1544.8, Sum(ms): 6238.3, Avg(ms): 24.3, 50th(ms): 24.1, 90th(ms): 32.5, 95th(ms): 39.8, 99th(ms): 54.5, 99.9th(ms): 75.5, Max(ms): 75.5
[Current] PAYMENT - Takes(s): 10.0, Count: 2683, TPM: 16112.7, Sum(ms): 92679.0, Avg(ms): 34.6, 50th(ms): 33.6, 90th(ms): 46.1, 95th(ms): 50.3, 99th(ms): 67.1, 99.9th(ms): 88.1, Max(ms): 113.2
[Current] STOCK_LEVEL - Takes(s): 10.0, Count: 258, TPM: 1550.2, Sum(ms): 15576.1, Avg(ms): 60.4, 50th(ms): 48.2, 90th(ms): 117.4, 95th(ms): 130.0, 99th(ms): 159.4, 99.9th(ms): 176.2, Max(ms): 176.2
[Current] DELIVERY - Takes(s): 10.0, Count: 268, TPM: 1608.2, Sum(ms): 41433.8, Avg(ms): 154.8, 50th(ms): 159.4, 90th(ms): 184.5, 95th(ms): 201.3, 99th(ms): 234.9, 99.9th(ms): 285.2, Max(ms): 285.2
[Current] NEW_ORDER - Takes(s): 10.0, Count: 2787, TPM: 16746.9, Sum(ms): 159803.3, Avg(ms): 57.4, 50th(ms): 56.6, 90th(ms): 75.5, 95th(ms): 79.7, 99th(ms): 100.7, 99.9th(ms): 130.0, Max(ms): 142.6
[Current] ORDER_STATUS - Takes(s): 10.0, Count: 242, TPM: 1452.6, Sum(ms): 5685.4, Avg(ms): 23.5, 50th(ms): 24.1, 90th(ms): 33.6, 95th(ms): 37.7, 99th(ms): 54.5, 99.9th(ms): 60.8, Max(ms): 60.8
[Current] PAYMENT - Takes(s): 10.0, Count: 2671, TPM: 16037.2, Sum(ms): 94278.1, Avg(ms): 35.3, 50th(ms): 33.6, 90th(ms): 46.1, 95th(ms): 52.4, 99th(ms): 75.5, 99.9th(ms): 104.9, Max(ms): 125.8
[Current] STOCK_LEVEL - Takes(s): 9.9, Count: 241, TPM: 1465.1, Sum(ms): 11529.1, Avg(ms): 47.9, 50th(ms): 37.7, 90th(ms): 83.9, 95th(ms): 113.2, 99th(ms): 243.3, 99.9th(ms): 302.0, Max(ms): 302.0
[Current] DELIVERY - Takes(s): 10.0, Count: 252, TPM: 1513.8, Sum(ms): 38657.2, Avg(ms): 153.6, 50th(ms): 151.0, 90th(ms): 176.2, 95th(ms): 184.5, 99th(ms): 243.3, 99.9th(ms): 302.0, Max(ms): 302.0
[Current] NEW_ORDER - Takes(s): 10.0, Count: 2910, TPM: 17483.2, Sum(ms): 163807.6, Avg(ms): 56.3, 50th(ms): 56.6, 90th(ms): 71.3, 95th(ms): 79.7, 99th(ms): 100.7, 99.9th(ms): 117.4, Max(ms): 151.0
[Current] ORDER_STATUS - Takes(s): 9.8, Count: 292, TPM: 1784.3, Sum(ms): 7152.8, Avg(ms): 24.5, 50th(ms): 24.1, 90th(ms): 33.6, 95th(ms): 37.7, 99th(ms): 46.1, 99.9th(ms): 58.7, Max(ms): 58.7
[Current] PAYMENT - Takes(s): 10.0, Count: 2735, TPM: 16421.6, Sum(ms): 94627.4, Avg(ms): 34.6, 50th(ms): 33.6, 90th(ms): 44.0, 95th(ms): 50.3, 99th(ms): 71.3, 99.9th(ms): 96.5, Max(ms): 121.6
[Current] STOCK_LEVEL - Takes(s): 10.0, Count: 228, TPM: 1374.2, Sum(ms): 8566.5, Avg(ms): 37.5, 50th(ms): 37.7, 90th(ms): 50.3, 95th(ms): 58.7, 99th(ms): 71.3, 99.9th(ms): 88.1, Max(ms): 88.1
[Current] DELIVERY - Takes(s): 9.9, Count: 244, TPM: 1473.2, Sum(ms): 37677.4, Avg(ms): 154.2, 50th(ms): 151.0, 90th(ms): 192.9, 95th(ms): 226.5, 99th(ms): 260.0, 99.9th(ms): 335.5, Max(ms): 335.5
[Current] NEW_ORDER - Takes(s): 10.0, Count: 2851, TPM: 17123.6, Sum(ms): 160952.3, Avg(ms): 56.5, 50th(ms): 56.6, 90th(ms): 75.5, 95th(ms): 79.7, 99th(ms): 96.5, 99.9th(ms): 125.8, Max(ms): 134.2
[Current] ORDER_STATUS - Takes(s): 9.9, Count: 253, TPM: 1538.0, Sum(ms): 6484.0, Avg(ms): 25.6, 50th(ms): 25.2, 90th(ms): 35.7, 95th(ms): 39.8, 99th(ms): 52.4, 99.9th(ms): 56.6, Max(ms): 56.6
[Current] PAYMENT - Takes(s): 10.0, Count: 2788, TPM: 16740.7, Sum(ms): 96413.0, Avg(ms): 34.6, 50th(ms): 33.6, 90th(ms): 46.1, 95th(ms): 52.4, 99th(ms): 71.3, 99.9th(ms): 88.1, Max(ms): 88.1
[Current] STOCK_LEVEL - Takes(s): 10.0, Count: 280, TPM: 1681.6, Sum(ms): 10809.3, Avg(ms): 38.6, 50th(ms): 35.7, 90th(ms): 48.2, 95th(ms): 71.3, 99th(ms): 142.6, 99.9th(ms): 176.2, Max(ms): 176.2
[Current] DELIVERY - Takes(s): 10.0, Count: 257, TPM: 1544.5, Sum(ms): 38670.9, Avg(ms): 150.5, 50th(ms): 151.0, 90th(ms): 184.5, 95th(ms): 201.3, 99th(ms): 243.3, 99.9th(ms): 268.4, Max(ms): 268.4
[Current] NEW_ORDER - Takes(s): 10.0, Count: 2941, TPM: 17646.3, Sum(ms): 164094.5, Avg(ms): 55.8, 50th(ms): 56.6, 90th(ms): 71.3, 95th(ms): 75.5, 99th(ms): 88.1, 99.9th(ms): 109.1, Max(ms): 117.4
[Current] ORDER_STATUS - Takes(s): 9.9, Count: 222, TPM: 1345.8, Sum(ms): 5099.6, Avg(ms): 23.0, 50th(ms): 23.1, 90th(ms): 32.5, 95th(ms): 35.7, 99th(ms): 46.1, 99.9th(ms): 48.2, Max(ms): 48.2
[Current] PAYMENT - Takes(s): 10.0, Count: 2737, TPM: 16436.3, Sum(ms): 93633.4, Avg(ms): 34.2, 50th(ms): 33.6, 90th(ms): 44.0, 95th(ms): 50.3, 99th(ms): 71.3, 99.9th(ms): 104.9, Max(ms): 130.0
[Current] STOCK_LEVEL - Takes(s): 10.0, Count: 269, TPM: 1617.1, Sum(ms): 10699.5, Avg(ms): 39.8, 50th(ms): 35.7, 90th(ms): 52.4, 95th(ms): 88.1, 99th(ms): 151.0, 99.9th(ms): 201.3, Max(ms): 201.3
[Current] DELIVERY - Takes(s): 10.0, Count: 264, TPM: 1585.6, Sum(ms): 41634.7, Avg(ms): 157.8, 50th(ms): 159.4, 90th(ms): 192.9, 95th(ms): 218.1, 99th(ms): 285.2, 99.9th(ms): 352.3, Max(ms): 352.3
[Current] NEW_ORDER - Takes(s): 10.0, Count: 2733, TPM: 16414.0, Sum(ms): 159278.5, Avg(ms): 58.3, 50th(ms): 56.6, 90th(ms): 75.5, 95th(ms): 83.9, 99th(ms): 109.1, 99.9th(ms): 142.6, Max(ms): 151.0
[Current] ORDER_STATUS - Takes(s): 10.0, Count: 266, TPM: 1601.3, Sum(ms): 6487.7, Avg(ms): 24.4, 50th(ms): 23.1, 90th(ms): 33.6, 95th(ms): 37.7, 99th(ms): 46.1, 99.9th(ms): 79.7, Max(ms): 79.7
[Current] PAYMENT - Takes(s): 10.0, Count: 2641, TPM: 15852.1, Sum(ms): 96667.6, Avg(ms): 36.6, 50th(ms): 35.7, 90th(ms): 48.2, 95th(ms): 56.6, 99th(ms): 83.9, 99.9th(ms): 117.4, Max(ms): 121.6
[Current] STOCK_LEVEL - Takes(s): 9.9, Count: 230, TPM: 1392.3, Sum(ms): 8593.7, Avg(ms): 37.4, 50th(ms): 35.7, 90th(ms): 54.5, 95th(ms): 67.1, 99th(ms): 100.7, 99.9th(ms): 109.1, Max(ms): 109.1
[Current] DELIVERY - Takes(s): 9.9, Count: 229, TPM: 1389.3, Sum(ms): 33977.5, Avg(ms): 148.3, 50th(ms): 151.0, 90th(ms): 176.2, 95th(ms): 201.3, 99th(ms): 218.1, 99.9th(ms): 243.3, Max(ms): 243.3
[Current] NEW_ORDER - Takes(s): 10.0, Count: 2951, TPM: 17711.2, Sum(ms): 166219.3, Avg(ms): 56.4, 50th(ms): 56.6, 90th(ms): 71.3, 95th(ms): 75.5, 99th(ms): 92.3, 99.9th(ms): 113.2, Max(ms): 142.6
[Current] ORDER_STATUS - Takes(s): 10.0, Count: 265, TPM: 1590.9, Sum(ms): 6379.8, Avg(ms): 24.1, 50th(ms): 24.1, 90th(ms): 33.6, 95th(ms): 37.7, 99th(ms): 48.2, 99.9th(ms): 52.4, Max(ms): 52.4
[Current] PAYMENT - Takes(s): 10.0, Count: 2752, TPM: 16516.7, Sum(ms): 95950.5, Avg(ms): 34.9, 50th(ms): 33.6, 90th(ms): 46.1, 95th(ms): 50.3, 99th(ms): 71.3, 99.9th(ms): 92.3, Max(ms): 142.6
[Current] STOCK_LEVEL - Takes(s): 10.0, Count: 272, TPM: 1635.2, Sum(ms): 9908.6, Avg(ms): 36.4, 50th(ms): 33.6, 90th(ms): 52.4, 95th(ms): 56.6, 99th(ms): 71.3, 99.9th(ms): 100.7, Max(ms): 100.7
[Current] DELIVERY - Takes(s): 10.0, Count: 246, TPM: 1481.6, Sum(ms): 38457.2, Avg(ms): 156.3, 50th(ms): 159.4, 90th(ms): 192.9, 95th(ms): 209.7, 99th(ms): 251.7, 99.9th(ms): 318.8, Max(ms): 318.8
[Current] NEW_ORDER - Takes(s): 10.0, Count: 2852, TPM: 17112.5, Sum(ms): 161949.7, Avg(ms): 56.8, 50th(ms): 56.6, 90th(ms): 71.3, 95th(ms): 79.7, 99th(ms): 96.5, 99.9th(ms): 125.8, Max(ms): 134.2
[Current] ORDER_STATUS - Takes(s): 10.0, Count: 242, TPM: 1453.9, Sum(ms): 5786.0, Avg(ms): 23.9, 50th(ms): 24.1, 90th(ms): 32.5, 95th(ms): 37.7, 99th(ms): 48.2, 99.9th(ms): 56.6, Max(ms): 56.6
[Current] PAYMENT - Takes(s): 10.0, Count: 2792, TPM: 16753.9, Sum(ms): 96738.9, Avg(ms): 34.7, 50th(ms): 33.6, 90th(ms): 46.1, 95th(ms): 52.4, 99th(ms): 71.3, 99.9th(ms): 96.5, Max(ms): 109.1
[Current] STOCK_LEVEL - Takes(s): 10.0, Count: 283, TPM: 1702.3, Sum(ms): 9726.3, Avg(ms): 34.4, 50th(ms): 33.6, 90th(ms): 46.1, 95th(ms): 50.3, 99th(ms): 62.9, 99.9th(ms): 67.1, Max(ms): 67.1
[Current] DELIVERY - Takes(s): 10.0, Count: 262, TPM: 1572.1, Sum(ms): 39963.8, Avg(ms): 152.7, 50th(ms): 151.0, 90th(ms): 184.5, 95th(ms): 192.9, 99th(ms): 243.3, 99.9th(ms): 318.8, Max(ms): 318.8
[Current] NEW_ORDER - Takes(s): 10.0, Count: 2930, TPM: 17585.7, Sum(ms): 162461.6, Avg(ms): 55.4, 50th(ms): 54.5, 90th(ms): 71.3, 95th(ms): 75.5, 99th(ms): 88.1, 99.9th(ms): 104.9, Max(ms): 109.1
[Current] ORDER_STATUS - Takes(s): 9.9, Count: 255, TPM: 1538.0, Sum(ms): 6087.5, Avg(ms): 23.9, 50th(ms): 24.1, 90th(ms): 33.6, 95th(ms): 37.7, 99th(ms): 44.0, 99.9th(ms): 58.7, Max(ms): 58.7
[Current] PAYMENT - Takes(s): 10.0, Count: 2760, TPM: 16561.9, Sum(ms): 95272.8, Avg(ms): 34.5, 50th(ms): 33.6, 90th(ms): 44.0, 95th(ms): 50.3, 99th(ms): 71.3, 99.9th(ms): 92.3, Max(ms): 113.2
[Current] STOCK_LEVEL - Takes(s): 10.0, Count: 264, TPM: 1588.1, Sum(ms): 9192.9, Avg(ms): 34.8, 50th(ms): 33.6, 90th(ms): 46.1, 95th(ms): 50.3, 99th(ms): 67.1, 99.9th(ms): 79.7, Max(ms): 79.7
[Current] DELIVERY - Takes(s): 10.0, Count: 275, TPM: 1651.0, Sum(ms): 40238.0, Avg(ms): 146.5, 50th(ms): 142.6, 90th(ms): 176.2, 95th(ms): 192.9, 99th(ms): 234.9, 99.9th(ms): 335.5, Max(ms): 335.5
[Current] NEW_ORDER - Takes(s): 10.0, Count: 2982, TPM: 17895.5, Sum(ms): 157215.5, Avg(ms): 52.7, 50th(ms): 52.4, 90th(ms): 67.1, 95th(ms): 75.5, 99th(ms): 92.3, 99.9th(ms): 113.2, Max(ms): 121.6
[Current] ORDER_STATUS - Takes(s): 9.9, Count: 272, TPM: 1647.3, Sum(ms): 6154.9, Avg(ms): 22.6, 50th(ms): 22.0, 90th(ms): 31.5, 95th(ms): 35.7, 99th(ms): 50.3, 99.9th(ms): 58.7, Max(ms): 58.7
[Current] PAYMENT - Takes(s): 10.0, Count: 3041, TPM: 18249.3, Sum(ms): 100326.6, Avg(ms): 33.0, 50th(ms): 31.5, 90th(ms): 44.0, 95th(ms): 50.3, 99th(ms): 65.0, 99.9th(ms): 96.5, Max(ms): 104.9
[Current] STOCK_LEVEL - Takes(s): 10.0, Count: 264, TPM: 1589.9, Sum(ms): 8702.7, Avg(ms): 33.0, 50th(ms): 33.6, 90th(ms): 44.0, 95th(ms): 48.2, 99th(ms): 56.6, 99.9th(ms): 65.0, Max(ms): 65.0
[Current] DELIVERY - Takes(s): 10.0, Count: 253, TPM: 1525.0, Sum(ms): 39221.1, Avg(ms): 155.0, 50th(ms): 151.0, 90th(ms): 192.9, 95th(ms): 209.7, 99th(ms): 234.9, 99.9th(ms): 335.5, Max(ms): 335.5
[Current] NEW_ORDER - Takes(s): 10.0, Count: 2841, TPM: 17049.5, Sum(ms): 161465.8, Avg(ms): 56.9, 50th(ms): 56.6, 90th(ms): 75.5, 95th(ms): 83.9, 99th(ms): 96.5, 99.9th(ms): 121.6, Max(ms): 125.8
[Current] ORDER_STATUS - Takes(s): 10.0, Count: 240, TPM: 1440.9, Sum(ms): 5523.3, Avg(ms): 23.1, 50th(ms): 23.1, 90th(ms): 32.5, 95th(ms): 35.7, 99th(ms): 44.0, 99.9th(ms): 50.3, Max(ms): 50.3
[Current] PAYMENT - Takes(s): 10.0, Count: 2750, TPM: 16503.4, Sum(ms): 97420.1, Avg(ms): 35.4, 50th(ms): 33.6, 90th(ms): 48.2, 95th(ms): 54.5, 99th(ms): 75.5, 99.9th(ms): 96.5, Max(ms): 159.4
[Current] STOCK_LEVEL - Takes(s): 10.0, Count: 265, TPM: 1592.8, Sum(ms): 9337.9, Avg(ms): 35.2, 50th(ms): 35.7, 90th(ms): 48.2, 95th(ms): 50.3, 99th(ms): 58.7, 99.9th(ms): 62.9, Max(ms): 62.9
Finished
[Summary] DELIVERY - Takes(s): 599.9, Count: 15945, TPM: 1594.8, Sum(ms): 2290519.1, Avg(ms): 143.7, 50th(ms): 142.6, 90th(ms): 176.2, 95th(ms): 192.9, 99th(ms): 243.3, 99.9th(ms): 335.5, Max(ms): 469.8
[Summary] NEW_ORDER - Takes(s): 600.0, Count: 179382, TPM: 17939.0, Sum(ms): 9717524.6, Avg(ms): 54.2, 50th(ms): 54.5, 90th(ms): 71.3, 95th(ms): 75.5, 99th(ms): 92.3, 99.9th(ms): 121.6, Max(ms): 251.7
[Summary] ORDER_STATUS - Takes(s): 600.0, Count: 15961, TPM: 1596.1, Sum(ms): 367451.2, Avg(ms): 23.0, 50th(ms): 23.1, 90th(ms): 32.5, 95th(ms): 37.7, 99th(ms): 46.1, 99.9th(ms): 60.8, Max(ms): 125.8
[Summary] PAYMENT - Takes(s): 600.0, Count: 170755, TPM: 17075.4, Sum(ms): 5755338.3, Avg(ms): 33.7, 50th(ms): 32.5, 90th(ms): 46.1, 95th(ms): 52.4, 99th(ms): 71.3, 99.9th(ms): 96.5, Max(ms): 184.5
[Summary] STOCK_LEVEL - Takes(s): 600.0, Count: 16017, TPM: 1601.7, Sum(ms): 632304.6, Avg(ms): 39.5, 50th(ms): 35.7, 90th(ms): 54.5, 95th(ms): 75.5, 99th(ms): 151.0, 99.9th(ms): 285.2, Max(ms): 419.4
tpmC: 17939.0, tpmTotal: 39807.0, efficiency: 1089.8%
