2026/04/27 16:29:31 maxprocs: Leaving GOMAXPROCS=4: CPU quota undefined
[Current] DELIVERY - Takes(s): 9.9, Count: 195, TPM: 1186.3, Sum(ms): 17210.8, Avg(ms): 88.3, 50th(ms): 92.3, 90th(ms): 100.7, 95th(ms): 104.9, 99th(ms): 113.2, 99.9th(ms): 125.8, Max(ms): 125.8
[Current] NEW_ORDER - Takes(s): 9.9, Count: 2412, TPM: 14582.4, Sum(ms): 83820.5, Avg(ms): 34.8, 50th(ms): 35.7, 90th(ms): 44.0, 95th(ms): 46.1, 99th(ms): 56.6, 99.9th(ms): 71.3, Max(ms): 79.7
[Current] ORDER_STATUS - Takes(s): 9.8, Count: 210, TPM: 1284.3, Sum(ms): 3971.8, Avg(ms): 18.9, 50th(ms): 16.8, 90th(ms): 30.4, 95th(ms): 35.7, 99th(ms): 41.9, 99.9th(ms): 41.9, Max(ms): 41.9
[Current] PAYMENT - Takes(s): 9.9, Count: 2169, TPM: 13092.1, Sum(ms): 44440.1, Avg(ms): 20.5, 50th(ms): 19.9, 90th(ms): 25.2, 95th(ms): 28.3, 99th(ms): 35.7, 99.9th(ms): 46.1, Max(ms): 54.5
[Current] STOCK_LEVEL - Takes(s): 9.8, Count: 217, TPM: 1322.8, Sum(ms): 5443.6, Avg(ms): 25.1, 50th(ms): 25.2, 90th(ms): 33.6, 95th(ms): 37.7, 99th(ms): 46.1, 99.9th(ms): 48.2, Max(ms): 48.2
[Current] DELIVERY - Takes(s): 10.0, Count: 207, TPM: 1247.5, Sum(ms): 19167.7, Avg(ms): 92.7, 50th(ms): 92.3, 90th(ms): 109.1, 95th(ms): 113.2, 99th(ms): 142.6, 99.9th(ms): 167.8, Max(ms): 167.8
[Current] NEW_ORDER - Takes(s): 10.0, Count: 2343, TPM: 14060.9, Sum(ms): 82257.3, Avg(ms): 35.1, 50th(ms): 35.7, 90th(ms): 44.0, 95th(ms): 46.1, 99th(ms): 54.5, 99.9th(ms): 67.1, Max(ms): 71.3
[Current] ORDER_STATUS - Takes(s): 9.9, Count: 209, TPM: 1261.3, Sum(ms): 3738.8, Avg(ms): 17.9, 50th(ms): 16.3, 90th(ms): 29.4, 95th(ms): 32.5, 99th(ms): 39.8, 99.9th(ms): 39.8, Max(ms): 39.8
[Current] PAYMENT - Takes(s): 10.0, Count: 2244, TPM: 13468.5, Sum(ms): 46276.0, Avg(ms): 20.6, 50th(ms): 21.0, 90th(ms): 25.2, 95th(ms): 27.3, 99th(ms): 35.7, 99.9th(ms): 48.2, Max(ms): 52.4
[Current] STOCK_LEVEL - Takes(s): 10.0, Count: 186, TPM: 1116.1, Sum(ms): 4700.2, Avg(ms): 25.3, 50th(ms): 25.2, 90th(ms): 32.5, 95th(ms): 37.7, 99th(ms): 46.1, 99.9th(ms): 58.7, Max(ms): 58.7
[Current] DELIVERY - Takes(s): 9.9, Count: 184, TPM: 1112.2, Sum(ms): 18930.6, Avg(ms): 102.9, 50th(ms): 100.7, 90th(ms): 125.8, 95th(ms): 142.6, 99th(ms): 167.8, 99.9th(ms): 184.5, Max(ms): 184.5
[Current] NEW_ORDER - Takes(s): 10.0, Count: 2189, TPM: 13138.7, Sum(ms): 83450.2, Avg(ms): 38.2, 50th(ms): 37.7, 90th(ms): 48.2, 95th(ms): 52.4, 99th(ms): 60.8, 99.9th(ms): 75.5, Max(ms): 92.3
[Current] ORDER_STATUS - Takes(s): 10.0, Count: 189, TPM: 1134.7, Sum(ms): 3630.6, Avg(ms): 19.2, 50th(ms): 17.8, 90th(ms): 32.5, 95th(ms): 37.7, 99th(ms): 44.0, 99.9th(ms): 56.6, Max(ms): 56.6
[Current] PAYMENT - Takes(s): 10.0, Count: 1980, TPM: 11879.8, Sum(ms): 44696.3, Avg(ms): 22.6, 50th(ms): 22.0, 90th(ms): 29.4, 95th(ms): 32.5, 99th(ms): 41.9, 99.9th(ms): 52.4, Max(ms): 58.7
[Current] STOCK_LEVEL - Takes(s): 9.9, Count: 190, TPM: 1147.7, Sum(ms): 5324.7, Avg(ms): 28.1, 50th(ms): 27.3, 90th(ms): 39.8, 95th(ms): 41.9, 99th(ms): 48.2, 99.9th(ms): 54.5, Max(ms): 54.5
[Current] DELIVERY - Takes(s): 10.0, Count: 209, TPM: 1259.7, Sum(ms): 20144.0, Avg(ms): 96.4, 50th(ms): 96.5, 90th(ms): 117.4, 95th(ms): 125.8, 99th(ms): 142.6, 99.9th(ms): 159.4, Max(ms): 159.4
[Current] NEW_ORDER - Takes(s): 10.0, Count: 2114, TPM: 12698.5, Sum(ms): 81362.5, Avg(ms): 38.5, 50th(ms): 39.8, 90th(ms): 50.3, 95th(ms): 54.5, 99th(ms): 62.9, 99.9th(ms): 83.9, Max(ms): 92.3
[Current] ORDER_STATUS - Takes(s): 10.0, Count: 178, TPM: 1072.7, Sum(ms): 3363.9, Avg(ms): 18.9, 50th(ms): 16.8, 90th(ms): 31.5, 95th(ms): 37.7, 99th(ms): 41.9, 99.9th(ms): 50.3, Max(ms): 50.3
[Current] PAYMENT - Takes(s): 10.0, Count: 1929, TPM: 11578.4, Sum(ms): 42417.5, Avg(ms): 22.0, 50th(ms): 22.0, 90th(ms): 28.3, 95th(ms): 30.4, 99th(ms): 41.9, 99.9th(ms): 52.4, Max(ms): 56.6
[Current] STOCK_LEVEL - Takes(s): 10.0, Count: 167, TPM: 1003.8, Sum(ms): 8884.2, Avg(ms): 53.3, 50th(ms): 30.4, 90th(ms): 142.6, 95th(ms): 159.4, 99th(ms): 176.2, 99.9th(ms): 184.5, Max(ms): 184.5
[Current] DELIVERY - Takes(s): 10.0, Count: 194, TPM: 1166.1, Sum(ms): 17385.2, Avg(ms): 89.6, 50th(ms): 92.3, 90th(ms): 100.7, 95th(ms): 104.9, 99th(ms): 125.8, 99.9th(ms): 176.2, Max(ms): 176.2
[Current] NEW_ORDER - Takes(s): 10.0, Count: 2168, TPM: 13011.7, Sum(ms): 80098.9, Avg(ms): 37.0, 50th(ms): 37.7, 90th(ms): 48.2, 95th(ms): 50.3, 99th(ms): 58.7, 99.9th(ms): 67.1, Max(ms): 71.3
[Current] ORDER_STATUS - Takes(s): 10.0, Count: 197, TPM: 1185.6, Sum(ms): 3436.1, Avg(ms): 17.5, 50th(ms): 15.7, 90th(ms): 29.4, 95th(ms): 30.4, 99th(ms): 35.7, 99.9th(ms): 41.9, Max(ms): 41.9
[Current] PAYMENT - Takes(s): 10.0, Count: 2070, TPM: 12421.7, Sum(ms): 42011.3, Avg(ms): 20.3, 50th(ms): 19.9, 90th(ms): 25.2, 95th(ms): 26.2, 99th(ms): 35.7, 99.9th(ms): 52.4, Max(ms): 62.9
[Current] STOCK_LEVEL - Takes(s): 9.8, Count: 182, TPM: 1109.1, Sum(ms): 13084.9, Avg(ms): 71.9, 50th(ms): 52.4, 90th(ms): 167.8, 95th(ms): 218.1, 99th(ms): 243.3, 99.9th(ms): 260.0, Max(ms): 260.0
[Current] DELIVERY - Takes(s): 10.0, Count: 203, TPM: 1220.9, Sum(ms): 19156.8, Avg(ms): 94.4, 50th(ms): 92.3, 90th(ms): 113.2, 95th(ms): 121.6, 99th(ms): 142.6, 99.9th(ms): 192.9, Max(ms): 192.9
[Current] NEW_ORDER - Takes(s): 10.0, Count: 2132, TPM: 12792.3, Sum(ms): 79586.7, Avg(ms): 37.3, 50th(ms): 37.7, 90th(ms): 46.1, 95th(ms): 50.3, 99th(ms): 62.9, 99.9th(ms): 83.9, Max(ms): 96.5
[Current] ORDER_STATUS - Takes(s): 10.0, Count: 197, TPM: 1183.7, Sum(ms): 3625.4, Avg(ms): 18.4, 50th(ms): 16.3, 90th(ms): 30.4, 95th(ms): 35.7, 99th(ms): 46.1, 99.9th(ms): 67.1, Max(ms): 67.1
[Current] PAYMENT - Takes(s): 10.0, Count: 2070, TPM: 12426.5, Sum(ms): 44271.6, Avg(ms): 21.4, 50th(ms): 21.0, 90th(ms): 27.3, 95th(ms): 29.4, 99th(ms): 44.0, 99.9th(ms): 54.5, Max(ms): 62.9
[Current] STOCK_LEVEL - Takes(s): 9.9, Count: 191, TPM: 1154.7, Sum(ms): 9602.1, Avg(ms): 50.2, 50th(ms): 39.8, 90th(ms): 100.7, 95th(ms): 130.0, 99th(ms): 192.9, 99.9th(ms): 209.7, Max(ms): 209.7
[Current] DELIVERY - Takes(s): 10.0, Count: 204, TPM: 1224.1, Sum(ms): 17613.3, Avg(ms): 86.3, 50th(ms): 88.1, 90th(ms): 96.5, 95th(ms): 104.9, 99th(ms): 125.8, 99.9th(ms): 167.8, Max(ms): 167.8
[Current] NEW_ORDER - Takes(s): 10.0, Count: 2356, TPM: 14149.8, Sum(ms): 81869.1, Avg(ms): 34.8, 50th(ms): 35.7, 90th(ms): 44.0, 95th(ms): 46.1, 99th(ms): 52.4, 99.9th(ms): 67.1, Max(ms): 79.7
[Current] ORDER_STATUS - Takes(s): 10.0, Count: 217, TPM: 1304.4, Sum(ms): 3652.0, Avg(ms): 16.8, 50th(ms): 14.7, 90th(ms): 29.4, 95th(ms): 31.5, 99th(ms): 37.7, 99.9th(ms): 39.8, Max(ms): 39.8
[Current] PAYMENT - Takes(s): 10.0, Count: 2279, TPM: 13674.9, Sum(ms): 45977.7, Avg(ms): 20.2, 50th(ms): 19.9, 90th(ms): 25.2, 95th(ms): 28.3, 99th(ms): 37.7, 99.9th(ms): 48.2, Max(ms): 62.9
[Current] STOCK_LEVEL - Takes(s): 9.9, Count: 183, TPM: 1109.4, Sum(ms): 6810.4, Avg(ms): 37.3, 50th(ms): 30.4, 90th(ms): 71.3, 95th(ms): 83.9, 99th(ms): 100.7, 99.9th(ms): 109.1, Max(ms): 109.1
[Current] DELIVERY - Takes(s): 10.0, Count: 229, TPM: 1378.3, Sum(ms): 20927.3, Avg(ms): 91.4, 50th(ms): 92.3, 90th(ms): 109.1, 95th(ms): 117.4, 99th(ms): 130.0, 99.9th(ms): 167.8, Max(ms): 167.8
[Current] NEW_ORDER - Takes(s): 10.0, Count: 2305, TPM: 13833.9, Sum(ms): 81591.4, Avg(ms): 35.4, 50th(ms): 35.7, 90th(ms): 44.0, 95th(ms): 46.1, 99th(ms): 52.4, 99.9th(ms): 71.3, Max(ms): 83.9
[Current] ORDER_STATUS - Takes(s): 10.0, Count: 180, TPM: 1084.5, Sum(ms): 3106.6, Avg(ms): 17.3, 50th(ms): 15.2, 90th(ms): 28.3, 95th(ms): 31.5, 99th(ms): 35.7, 99.9th(ms): 44.0, Max(ms): 44.0
[Current] PAYMENT - Takes(s): 10.0, Count: 2166, TPM: 13013.2, Sum(ms): 44121.3, Avg(ms): 20.4, 50th(ms): 19.9, 90th(ms): 25.2, 95th(ms): 27.3, 99th(ms): 35.7, 99.9th(ms): 44.0, Max(ms): 56.6
[Current] STOCK_LEVEL - Takes(s): 10.0, Count: 191, TPM: 1146.2, Sum(ms): 5965.7, Avg(ms): 31.2, 50th(ms): 25.2, 90th(ms): 54.5, 95th(ms): 58.7, 99th(ms): 75.5, 99.9th(ms): 125.8, Max(ms): 125.8
[Current] DELIVERY - Takes(s): 10.0, Count: 196, TPM: 1177.3, Sum(ms): 17857.3, Avg(ms): 91.2, 50th(ms): 92.3, 90th(ms): 109.1, 95th(ms): 117.4, 99th(ms): 125.8, 99.9th(ms): 142.6, Max(ms): 142.6
[Current] NEW_ORDER - Takes(s): 10.0, Count: 2308, TPM: 13848.5, Sum(ms): 82492.5, Avg(ms): 35.7, 50th(ms): 35.7, 90th(ms): 44.0, 95th(ms): 48.2, 99th(ms): 56.6, 99.9th(ms): 67.1, Max(ms): 71.3
[Current] ORDER_STATUS - Takes(s): 9.9, Count: 194, TPM: 1177.4, Sum(ms): 3572.1, Avg(ms): 18.4, 50th(ms): 16.3, 90th(ms): 30.4, 95th(ms): 32.5, 99th(ms): 39.8, 99.9th(ms): 41.9, Max(ms): 41.9
[Current] PAYMENT - Takes(s): 10.0, Count: 2205, TPM: 13230.8, Sum(ms): 46499.0, Avg(ms): 21.1, 50th(ms): 21.0, 90th(ms): 26.2, 95th(ms): 29.4, 99th(ms): 39.8, 99.9th(ms): 46.1, Max(ms): 62.9
[Current] STOCK_LEVEL - Takes(s): 10.0, Count: 203, TPM: 1220.4, Sum(ms): 5317.8, Avg(ms): 26.3, 50th(ms): 24.1, 90th(ms): 39.8, 95th(ms): 48.2, 99th(ms): 58.7, 99.9th(ms): 83.9, Max(ms): 83.9
[Current] DELIVERY - Takes(s): 10.0, Count: 216, TPM: 1301.2, Sum(ms): 19175.5, Avg(ms): 88.8, 50th(ms): 88.1, 90th(ms): 104.9, 95th(ms): 109.1, 99th(ms): 125.8, 99.9th(ms): 142.6, Max(ms): 142.6
[Current] NEW_ORDER - Takes(s): 10.0, Count: 2311, TPM: 13868.1, Sum(ms): 81049.0, Avg(ms): 35.1, 50th(ms): 35.7, 90th(ms): 44.0, 95th(ms): 46.1, 99th(ms): 56.6, 99.9th(ms): 71.3, Max(ms): 75.5
[Current] ORDER_STATUS - Takes(s): 9.8, Count: 204, TPM: 1249.7, Sum(ms): 3559.8, Avg(ms): 17.5, 50th(ms): 15.7, 90th(ms): 29.4, 95th(ms): 31.5, 99th(ms): 35.7, 99.9th(ms): 44.0, Max(ms): 44.0
[Current] PAYMENT - Takes(s): 10.0, Count: 2301, TPM: 13808.7, Sum(ms): 46970.5, Avg(ms): 20.4, 50th(ms): 19.9, 90th(ms): 25.2, 95th(ms): 27.3, 99th(ms): 39.8, 99.9th(ms): 54.5, Max(ms): 58.7
[Current] STOCK_LEVEL - Takes(s): 10.0, Count: 213, TPM: 1281.5, Sum(ms): 5075.9, Avg(ms): 23.9, 50th(ms): 22.0, 90th(ms): 35.7, 95th(ms): 39.8, 99th(ms): 50.3, 99.9th(ms): 92.3, Max(ms): 92.3
[Current] DELIVERY - Takes(s): 10.0, Count: 210, TPM: 1264.3, Sum(ms): 18703.1, Avg(ms): 89.3, 50th(ms): 92.3, 90th(ms): 104.9, 95th(ms): 113.2, 99th(ms): 125.8, 99.9th(ms): 142.6, Max(ms): 142.6
[Current] NEW_ORDER - Takes(s): 10.0, Count: 2382, TPM: 14295.7, Sum(ms): 82588.8, Avg(ms): 34.7, 50th(ms): 35.7, 90th(ms): 44.0, 95th(ms): 46.1, 99th(ms): 58.7, 99.9th(ms): 75.5, Max(ms): 79.7
[Current] ORDER_STATUS - Takes(s): 10.0, Count: 177, TPM: 1063.8, Sum(ms): 3309.1, Avg(ms): 18.7, 50th(ms): 16.3, 90th(ms): 30.4, 95th(ms): 32.5, 99th(ms): 39.8, 99.9th(ms): 41.9, Max(ms): 41.9
[Current] PAYMENT - Takes(s): 10.0, Count: 2248, TPM: 13494.5, Sum(ms): 46518.4, Avg(ms): 20.7, 50th(ms): 19.9, 90th(ms): 25.2, 95th(ms): 29.4, 99th(ms): 44.0, 99.9th(ms): 54.5, Max(ms): 56.6
[Current] STOCK_LEVEL - Takes(s): 9.9, Count: 204, TPM: 1236.5, Sum(ms): 4684.0, Avg(ms): 22.9, 50th(ms): 21.0, 90th(ms): 35.7, 95th(ms): 41.9, 99th(ms): 48.2, 99.9th(ms): 52.4, Max(ms): 52.4
[Current] DELIVERY - Takes(s): 10.0, Count: 185, TPM: 1113.0, Sum(ms): 17046.4, Avg(ms): 92.2, 50th(ms): 92.3, 90th(ms): 109.1, 95th(ms): 117.4, 99th(ms): 134.2, 99.9th(ms): 142.6, Max(ms): 142.6
[Current] NEW_ORDER - Takes(s): 10.0, Count: 2281, TPM: 13687.8, Sum(ms): 82172.4, Avg(ms): 36.0, 50th(ms): 35.7, 90th(ms): 46.1, 95th(ms): 48.2, 99th(ms): 60.8, 99.9th(ms): 67.1, Max(ms): 79.7
[Current] ORDER_STATUS - Takes(s): 10.0, Count: 219, TPM: 1315.2, Sum(ms): 4018.0, Avg(ms): 18.4, 50th(ms): 16.8, 90th(ms): 29.4, 95th(ms): 32.5, 99th(ms): 35.7, 99.9th(ms): 37.7, Max(ms): 37.7
[Current] PAYMENT - Takes(s): 10.0, Count: 2254, TPM: 13525.7, Sum(ms): 47671.3, Avg(ms): 21.2, 50th(ms): 21.0, 90th(ms): 26.2, 95th(ms): 29.4, 99th(ms): 39.8, 99.9th(ms): 54.5, Max(ms): 60.8
[Current] STOCK_LEVEL - Takes(s): 9.9, Count: 211, TPM: 1274.2, Sum(ms): 4835.3, Avg(ms): 22.9, 50th(ms): 22.0, 90th(ms): 32.5, 95th(ms): 37.7, 99th(ms): 44.0, 99.9th(ms): 48.2, Max(ms): 48.2
[Current] DELIVERY - Takes(s): 10.0, Count: 202, TPM: 1217.3, Sum(ms): 17872.5, Avg(ms): 88.5, 50th(ms): 88.1, 90th(ms): 100.7, 95th(ms): 113.2, 99th(ms): 121.6, 99.9th(ms): 176.2, Max(ms): 176.2
[Current] NEW_ORDER - Takes(s): 10.0, Count: 2372, TPM: 14236.5, Sum(ms): 82066.5, Avg(ms): 34.6, 50th(ms): 35.7, 90th(ms): 44.0, 95th(ms): 46.1, 99th(ms): 56.6, 99.9th(ms): 71.3, Max(ms): 92.3
[Current] ORDER_STATUS - Takes(s): 10.0, Count: 213, TPM: 1280.3, Sum(ms): 3869.6, Avg(ms): 18.2, 50th(ms): 16.3, 90th(ms): 29.4, 95th(ms): 32.5, 99th(ms): 37.7, 99.9th(ms): 54.5, Max(ms): 54.5
[Current] PAYMENT - Takes(s): 10.0, Count: 2341, TPM: 14051.1, Sum(ms): 48029.8, Avg(ms): 20.5, 50th(ms): 19.9, 90th(ms): 26.2, 95th(ms): 28.3, 99th(ms): 37.7, 99.9th(ms): 41.9, Max(ms): 48.2
[Current] STOCK_LEVEL - Takes(s): 10.0, Count: 198, TPM: 1190.2, Sum(ms): 4092.4, Avg(ms): 20.7, 50th(ms): 19.9, 90th(ms): 32.5, 95th(ms): 35.7, 99th(ms): 39.8, 99.9th(ms): 52.4, Max(ms): 52.4
[Current] DELIVERY - Takes(s): 10.0, Count: 212, TPM: 1277.8, Sum(ms): 19356.8, Avg(ms): 91.4, 50th(ms): 92.3, 90th(ms): 117.4, 95th(ms): 121.6, 99th(ms): 142.6, 99.9th(ms): 167.8, Max(ms): 167.8
[Current] NEW_ORDER - Takes(s): 10.0, Count: 2302, TPM: 13814.9, Sum(ms): 82787.9, Avg(ms): 36.0, 50th(ms): 35.7, 90th(ms): 46.1, 95th(ms): 48.2, 99th(ms): 60.8, 99.9th(ms): 75.5, Max(ms): 88.1
[Current] ORDER_STATUS - Takes(s): 10.0, Count: 204, TPM: 1225.6, Sum(ms): 3715.2, Avg(ms): 18.3, 50th(ms): 16.8, 90th(ms): 30.4, 95th(ms): 33.6, 99th(ms): 37.7, 99.9th(ms): 48.2, Max(ms): 48.2
[Current] PAYMENT - Takes(s): 10.0, Count: 2144, TPM: 12870.0, Sum(ms): 45227.3, Avg(ms): 21.1, 50th(ms): 21.0, 90th(ms): 27.3, 95th(ms): 31.5, 99th(ms): 44.0, 99.9th(ms): 56.6, Max(ms): 67.1
[Current] STOCK_LEVEL - Takes(s): 9.8, Count: 180, TPM: 1096.7, Sum(ms): 4862.5, Avg(ms): 27.0, 50th(ms): 18.9, 90th(ms): 58.7, 95th(ms): 79.7, 99th(ms): 96.5, 99.9th(ms): 130.0, Max(ms): 130.0
[Current] DELIVERY - Takes(s): 10.0, Count: 202, TPM: 1217.3, Sum(ms): 18573.4, Avg(ms): 92.0, 50th(ms): 88.1, 90th(ms): 113.2, 95th(ms): 117.4, 99th(ms): 134.2, 99.9th(ms): 159.4, Max(ms): 159.4
[Current] NEW_ORDER - Takes(s): 10.0, Count: 2259, TPM: 13568.8, Sum(ms): 81478.1, Avg(ms): 36.1, 50th(ms): 35.7, 90th(ms): 46.1, 95th(ms): 50.3, 99th(ms): 62.9, 99.9th(ms): 79.7, Max(ms): 83.9
[Current] ORDER_STATUS - Takes(s): 10.0, Count: 194, TPM: 1165.3, Sum(ms): 3513.0, Avg(ms): 18.1, 50th(ms): 16.3, 90th(ms): 30.4, 95th(ms): 32.5, 99th(ms): 39.8, 99.9th(ms): 44.0, Max(ms): 44.0
[Current] PAYMENT - Takes(s): 10.0, Count: 2243, TPM: 13460.1, Sum(ms): 47524.4, Avg(ms): 21.2, 50th(ms): 21.0, 90th(ms): 27.3, 95th(ms): 30.4, 99th(ms): 44.0, 99.9th(ms): 62.9, Max(ms): 67.1
[Current] STOCK_LEVEL - Takes(s): 10.0, Count: 192, TPM: 1154.0, Sum(ms): 4890.5, Avg(ms): 25.5, 50th(ms): 18.9, 90th(ms): 48.2, 95th(ms): 56.6, 99th(ms): 92.3, 99.9th(ms): 100.7, Max(ms): 100.7
[Current] DELIVERY - Takes(s): 10.0, Count: 218, TPM: 1312.8, Sum(ms): 19376.1, Avg(ms): 88.8, 50th(ms): 88.1, 90th(ms): 104.9, 95th(ms): 109.1, 99th(ms): 142.6, 99.9th(ms): 176.2, Max(ms): 176.2
[Current] NEW_ORDER - Takes(s): 10.0, Count: 2415, TPM: 14505.4, Sum(ms): 82159.6, Avg(ms): 34.0, 50th(ms): 35.7, 90th(ms): 41.9, 95th(ms): 44.0, 99th(ms): 56.6, 99.9th(ms): 67.1, Max(ms): 75.5
[Current] ORDER_STATUS - Takes(s): 9.9, Count: 208, TPM: 1254.9, Sum(ms): 3785.4, Avg(ms): 18.2, 50th(ms): 16.3, 90th(ms): 28.3, 95th(ms): 31.5, 99th(ms): 39.8, 99.9th(ms): 48.2, Max(ms): 48.2
[Current] PAYMENT - Takes(s): 10.0, Count: 2286, TPM: 13725.1, Sum(ms): 46136.8, Avg(ms): 20.2, 50th(ms): 19.9, 90th(ms): 24.1, 95th(ms): 27.3, 99th(ms): 39.8, 99.9th(ms): 50.3, Max(ms): 58.7
[Current] STOCK_LEVEL - Takes(s): 10.0, Count: 214, TPM: 1285.5, Sum(ms): 4309.7, Avg(ms): 20.1, 50th(ms): 17.8, 90th(ms): 30.4, 95th(ms): 41.9, 99th(ms): 56.6, 99.9th(ms): 62.9, Max(ms): 62.9
[Current] DELIVERY - Takes(s): 10.0, Count: 184, TPM: 1109.3, Sum(ms): 16154.8, Avg(ms): 87.8, 50th(ms): 88.1, 90th(ms): 104.9, 95th(ms): 109.1, 99th(ms): 151.0, 99.9th(ms): 184.5, Max(ms): 184.5
[Current] NEW_ORDER - Takes(s): 10.0, Count: 2483, TPM: 14900.3, Sum(ms): 83968.2, Avg(ms): 33.8, 50th(ms): 33.6, 90th(ms): 41.9, 95th(ms): 46.1, 99th(ms): 54.5, 99.9th(ms): 65.0, Max(ms): 71.3
[Current] ORDER_STATUS - Takes(s): 9.9, Count: 229, TPM: 1385.9, Sum(ms): 3698.9, Avg(ms): 16.1, 50th(ms): 14.2, 90th(ms): 27.3, 95th(ms): 30.4, 99th(ms): 37.7, 99.9th(ms): 39.8, Max(ms): 39.8
[Current] PAYMENT - Takes(s): 10.0, Count: 2398, TPM: 14392.6, Sum(ms): 48026.4, Avg(ms): 20.0, 50th(ms): 19.9, 90th(ms): 25.2, 95th(ms): 28.3, 99th(ms): 37.7, 99.9th(ms): 46.1, Max(ms): 56.6
[Current] STOCK_LEVEL - Takes(s): 9.9, Count: 203, TPM: 1227.5, Sum(ms): 3869.2, Avg(ms): 19.1, 50th(ms): 16.8, 90th(ms): 28.3, 95th(ms): 30.4, 99th(ms): 37.7, 99.9th(ms): 60.8, Max(ms): 60.8
[Current] DELIVERY - Takes(s): 10.0, Count: 207, TPM: 1243.1, Sum(ms): 18111.2, Avg(ms): 87.5, 50th(ms): 88.1, 90th(ms): 104.9, 95th(ms): 113.2, 99th(ms): 117.4, 99.9th(ms): 121.6, Max(ms): 121.6
[Current] NEW_ORDER - Takes(s): 10.0, Count: 2425, TPM: 14551.7, Sum(ms): 82593.8, Avg(ms): 34.1, 50th(ms): 33.6, 90th(ms): 41.9, 95th(ms): 46.1, 99th(ms): 56.6, 99.9th(ms): 65.0, Max(ms): 79.7
[Current] ORDER_STATUS - Takes(s): 10.0, Count: 227, TPM: 1363.5, Sum(ms): 3982.5, Avg(ms): 17.6, 50th(ms): 15.7, 90th(ms): 29.4, 95th(ms): 32.5, 99th(ms): 37.7, 99.9th(ms): 41.9, Max(ms): 41.9
[Current] PAYMENT - Takes(s): 10.0, Count: 2302, TPM: 13816.6, Sum(ms): 46669.0, Avg(ms): 20.3, 50th(ms): 19.9, 90th(ms): 25.2, 95th(ms): 28.3, 99th(ms): 39.8, 99.9th(ms): 48.2, Max(ms): 54.5
[Current] STOCK_LEVEL - Takes(s): 9.9, Count: 232, TPM: 1399.3, Sum(ms): 4486.9, Avg(ms): 19.4, 50th(ms): 17.8, 90th(ms): 28.3, 95th(ms): 32.5, 99th(ms): 44.0, 99.9th(ms): 50.3, Max(ms): 50.3
[Current] DELIVERY - Takes(s): 10.0, Count: 204, TPM: 1224.2, Sum(ms): 18305.6, Avg(ms): 89.8, 50th(ms): 92.3, 90th(ms): 104.9, 95th(ms): 113.2, 99th(ms): 130.0, 99.9th(ms): 184.5, Max(ms): 184.5
[Current] NEW_ORDER - Takes(s): 10.0, Count: 2390, TPM: 14341.0, Sum(ms): 81824.2, Avg(ms): 34.3, 50th(ms): 35.7, 90th(ms): 44.0, 95th(ms): 46.1, 99th(ms): 56.6, 99.9th(ms): 62.9, Max(ms): 67.1
[Current] ORDER_STATUS - Takes(s): 10.0, Count: 226, TPM: 1359.0, Sum(ms): 4277.1, Avg(ms): 18.9, 50th(ms): 16.8, 90th(ms): 32.5, 95th(ms): 35.7, 99th(ms): 41.9, 99.9th(ms): 56.6, Max(ms): 56.6
[Current] PAYMENT - Takes(s): 10.0, Count: 2314, TPM: 13894.4, Sum(ms): 47866.8, Avg(ms): 20.7, 50th(ms): 21.0, 90th(ms): 26.2, 95th(ms): 29.4, 99th(ms): 37.7, 99.9th(ms): 50.3, Max(ms): 67.1
[Current] STOCK_LEVEL - Takes(s): 10.0, Count: 192, TPM: 1152.6, Sum(ms): 3632.2, Avg(ms): 18.9, 50th(ms): 17.8, 90th(ms): 28.3, 95th(ms): 30.4, 99th(ms): 35.7, 99.9th(ms): 48.2, Max(ms): 48.2
[Current] DELIVERY - Takes(s): 10.0, Count: 199, TPM: 1198.5, Sum(ms): 18007.6, Avg(ms): 90.5, 50th(ms): 92.3, 90th(ms): 104.9, 95th(ms): 109.1, 99th(ms): 134.2, 99.9th(ms): 167.8, Max(ms): 167.8
[Current] NEW_ORDER - Takes(s): 10.0, Count: 2393, TPM: 14360.2, Sum(ms): 80983.9, Avg(ms): 33.9, 50th(ms): 35.7, 90th(ms): 41.9, 95th(ms): 44.0, 99th(ms): 50.3, 99.9th(ms): 67.1, Max(ms): 71.3
[Current] ORDER_STATUS - Takes(s): 9.9, Count: 200, TPM: 1217.0, Sum(ms): 3573.1, Avg(ms): 17.9, 50th(ms): 15.7, 90th(ms): 29.4, 95th(ms): 31.5, 99th(ms): 35.7, 99.9th(ms): 44.0, Max(ms): 44.0
[Current] PAYMENT - Takes(s): 10.0, Count: 2401, TPM: 14410.2, Sum(ms): 49639.2, Avg(ms): 20.7, 50th(ms): 21.0, 90th(ms): 25.2, 95th(ms): 27.3, 99th(ms): 35.7, 99.9th(ms): 46.1, Max(ms): 48.2
[Current] STOCK_LEVEL - Takes(s): 10.0, Count: 192, TPM: 1152.9, Sum(ms): 3468.6, Avg(ms): 18.1, 50th(ms): 16.8, 90th(ms): 25.2, 95th(ms): 28.3, 99th(ms): 35.7, 99.9th(ms): 39.8, Max(ms): 39.8
[Current] DELIVERY - Takes(s): 10.0, Count: 225, TPM: 1351.9, Sum(ms): 20775.4, Avg(ms): 92.4, 50th(ms): 92.3, 90th(ms): 109.1, 95th(ms): 121.6, 99th(ms): 134.2, 99.9th(ms): 142.6, Max(ms): 142.6
[Current] NEW_ORDER - Takes(s): 10.0, Count: 2296, TPM: 13778.9, Sum(ms): 79872.6, Avg(ms): 34.8, 50th(ms): 35.7, 90th(ms): 44.0, 95th(ms): 46.1, 99th(ms): 52.4, 99.9th(ms): 67.1, Max(ms): 79.7
[Current] ORDER_STATUS - Takes(s): 10.0, Count: 199, TPM: 1194.3, Sum(ms): 3710.5, Avg(ms): 18.7, 50th(ms): 17.8, 90th(ms): 29.4, 95th(ms): 32.5, 99th(ms): 41.9, 99.9th(ms): 44.0, Max(ms): 44.0
[Current] PAYMENT - Takes(s): 10.0, Count: 2269, TPM: 13616.0, Sum(ms): 48140.3, Avg(ms): 21.2, 50th(ms): 21.0, 90th(ms): 26.2, 95th(ms): 28.3, 99th(ms): 39.8, 99.9th(ms): 56.6, Max(ms): 58.7
[Current] STOCK_LEVEL - Takes(s): 10.0, Count: 192, TPM: 1156.1, Sum(ms): 3586.5, Avg(ms): 18.7, 50th(ms): 17.8, 90th(ms): 27.3, 95th(ms): 29.4, 99th(ms): 35.7, 99.9th(ms): 39.8, Max(ms): 39.8
[Current] DELIVERY - Takes(s): 9.9, Count: 202, TPM: 1220.1, Sum(ms): 18154.1, Avg(ms): 89.9, 50th(ms): 88.1, 90th(ms): 104.9, 95th(ms): 109.1, 99th(ms): 125.8, 99.9th(ms): 167.8, Max(ms): 167.8
[Current] NEW_ORDER - Takes(s): 10.0, Count: 2424, TPM: 14546.9, Sum(ms): 83012.8, Avg(ms): 34.3, 50th(ms): 35.7, 90th(ms): 41.9, 95th(ms): 46.1, 99th(ms): 54.5, 99.9th(ms): 67.1, Max(ms): 79.7
[Current] ORDER_STATUS - Takes(s): 9.8, Count: 169, TPM: 1031.0, Sum(ms): 3052.8, Avg(ms): 18.0, 50th(ms): 15.7, 90th(ms): 29.4, 95th(ms): 33.6, 99th(ms): 41.9, 99.9th(ms): 56.6, Max(ms): 56.6
[Current] PAYMENT - Takes(s): 10.0, Count: 2253, TPM: 13519.4, Sum(ms): 47344.4, Avg(ms): 21.0, 50th(ms): 21.0, 90th(ms): 26.2, 95th(ms): 28.3, 99th(ms): 37.7, 99.9th(ms): 54.5, Max(ms): 58.7
[Current] STOCK_LEVEL - Takes(s): 10.0, Count: 217, TPM: 1305.0, Sum(ms): 4108.6, Avg(ms): 19.0, 50th(ms): 17.8, 90th(ms): 27.3, 95th(ms): 31.5, 99th(ms): 37.7, 99.9th(ms): 44.0, Max(ms): 44.0
[Current] DELIVERY - Takes(s): 10.0, Count: 204, TPM: 1228.4, Sum(ms): 18201.5, Avg(ms): 89.4, 50th(ms): 92.3, 90th(ms): 104.9, 95th(ms): 109.1, 99th(ms): 121.6, 99.9th(ms): 159.4, Max(ms): 159.4
[Current] NEW_ORDER - Takes(s): 10.0, Count: 2436, TPM: 14618.1, Sum(ms): 83261.2, Avg(ms): 34.2, 50th(ms): 35.7, 90th(ms): 41.9, 95th(ms): 44.0, 99th(ms): 50.3, 99.9th(ms): 58.7, Max(ms): 67.1
[Current] ORDER_STATUS - Takes(s): 10.0, Count: 195, TPM: 1170.3, Sum(ms): 3716.0, Avg(ms): 19.0, 50th(ms): 17.8, 90th(ms): 30.4, 95th(ms): 32.5, 99th(ms): 39.8, 99.9th(ms): 44.0, Max(ms): 44.0
[Current] PAYMENT - Takes(s): 10.0, Count: 2233, TPM: 13403.4, Sum(ms): 46723.2, Avg(ms): 20.9, 50th(ms): 21.0, 90th(ms): 26.2, 95th(ms): 28.3, 99th(ms): 35.7, 99.9th(ms): 52.4, Max(ms): 58.7
[Current] STOCK_LEVEL - Takes(s): 10.0, Count: 202, TPM: 1216.9, Sum(ms): 3893.2, Avg(ms): 19.3, 50th(ms): 17.8, 90th(ms): 28.3, 95th(ms): 32.5, 99th(ms): 37.7, 99.9th(ms): 56.6, Max(ms): 56.6
[Current] DELIVERY - Takes(s): 10.0, Count: 192, TPM: 1153.6, Sum(ms): 17915.3, Avg(ms): 93.2, 50th(ms): 92.3, 90th(ms): 104.9, 95th(ms): 113.2, 99th(ms): 151.0, 99.9th(ms): 151.0, Max(ms): 151.0
[Current] NEW_ORDER - Takes(s): 10.0, Count: 2320, TPM: 13922.4, Sum(ms): 80926.0, Avg(ms): 34.9, 50th(ms): 35.7, 90th(ms): 44.0, 95th(ms): 46.1, 99th(ms): 52.4, 99.9th(ms): 60.8, Max(ms): 75.5
[Current] ORDER_STATUS - Takes(s): 10.0, Count: 221, TPM: 1326.9, Sum(ms): 4440.7, Avg(ms): 20.1, 50th(ms): 18.9, 90th(ms): 33.6, 95th(ms): 37.7, 99th(ms): 48.2, 99.9th(ms): 67.1, Max(ms): 67.1
[Current] PAYMENT - Takes(s): 10.0, Count: 2267, TPM: 13605.5, Sum(ms): 48488.9, Avg(ms): 21.4, 50th(ms): 21.0, 90th(ms): 26.2, 95th(ms): 29.4, 99th(ms): 39.8, 99.9th(ms): 58.7, Max(ms): 75.5
[Current] STOCK_LEVEL - Takes(s): 10.0, Count: 223, TPM: 1338.6, Sum(ms): 4266.4, Avg(ms): 19.1, 50th(ms): 17.8, 90th(ms): 27.3, 95th(ms): 30.4, 99th(ms): 37.7, 99.9th(ms): 41.9, Max(ms): 41.9
[Current] DELIVERY - Takes(s): 9.9, Count: 237, TPM: 1431.5, Sum(ms): 21455.7, Avg(ms): 90.6, 50th(ms): 92.3, 90th(ms): 104.9, 95th(ms): 109.1, 99th(ms): 117.4, 99.9th(ms): 125.8, Max(ms): 125.8
[Current] NEW_ORDER - Takes(s): 10.0, Count: 2323, TPM: 13938.1, Sum(ms): 80173.9, Avg(ms): 34.6, 50th(ms): 35.7, 90th(ms): 44.0, 95th(ms): 46.1, 99th(ms): 54.5, 99.9th(ms): 67.1, Max(ms): 83.9
[Current] ORDER_STATUS - Takes(s): 9.9, Count: 205, TPM: 1239.9, Sum(ms): 3970.7, Avg(ms): 19.4, 50th(ms): 17.8, 90th(ms): 32.5, 95th(ms): 37.7, 99th(ms): 41.9, 99.9th(ms): 48.2, Max(ms): 48.2
[Current] PAYMENT - Takes(s): 10.0, Count: 2190, TPM: 13152.8, Sum(ms): 46710.9, Avg(ms): 21.3, 50th(ms): 21.0, 90th(ms): 26.2, 95th(ms): 29.4, 99th(ms): 37.7, 99.9th(ms): 56.6, Max(ms): 58.7
[Current] STOCK_LEVEL - Takes(s): 10.0, Count: 188, TPM: 1130.8, Sum(ms): 3584.2, Avg(ms): 19.1, 50th(ms): 17.8, 90th(ms): 26.2, 95th(ms): 28.3, 99th(ms): 32.5, 99.9th(ms): 37.7, Max(ms): 37.7
[Current] DELIVERY - Takes(s): 10.0, Count: 216, TPM: 1299.4, Sum(ms): 19366.3, Avg(ms): 89.6, 50th(ms): 92.3, 90th(ms): 100.7, 95th(ms): 109.1, 99th(ms): 134.2, 99.9th(ms): 159.4, Max(ms): 159.4
[Current] NEW_ORDER - Takes(s): 10.0, Count: 2420, TPM: 14525.8, Sum(ms): 82760.6, Avg(ms): 34.2, 50th(ms): 33.6, 90th(ms): 41.9, 95th(ms): 46.1, 99th(ms): 54.5, 99.9th(ms): 67.1, Max(ms): 75.5
[Current] ORDER_STATUS - Takes(s): 10.0, Count: 206, TPM: 1236.9, Sum(ms): 3830.6, Avg(ms): 18.6, 50th(ms): 16.3, 90th(ms): 30.4, 95th(ms): 35.7, 99th(ms): 41.9, 99.9th(ms): 48.2, Max(ms): 48.2
[Current] PAYMENT - Takes(s): 10.0, Count: 2247, TPM: 13482.6, Sum(ms): 46394.7, Avg(ms): 20.7, 50th(ms): 21.0, 90th(ms): 25.2, 95th(ms): 28.3, 99th(ms): 33.6, 99.9th(ms): 44.0, Max(ms): 54.5
[Current] STOCK_LEVEL - Takes(s): 10.0, Count: 185, TPM: 1110.8, Sum(ms): 3555.4, Avg(ms): 19.2, 50th(ms): 18.9, 90th(ms): 27.3, 95th(ms): 29.4, 99th(ms): 33.6, 99.9th(ms): 35.7, Max(ms): 35.7
[Current] DELIVERY - Takes(s): 10.0, Count: 190, TPM: 1144.3, Sum(ms): 17364.7, Avg(ms): 91.4, 50th(ms): 92.3, 90th(ms): 104.9, 95th(ms): 109.1, 99th(ms): 117.4, 99.9th(ms): 184.5, Max(ms): 184.5
[Current] NEW_ORDER - Takes(s): 10.0, Count: 2359, TPM: 14160.5, Sum(ms): 81895.6, Avg(ms): 34.7, 50th(ms): 35.7, 90th(ms): 44.0, 95th(ms): 46.1, 99th(ms): 52.4, 99.9th(ms): 60.8, Max(ms): 71.3
[Current] ORDER_STATUS - Takes(s): 9.9, Count: 168, TPM: 1014.9, Sum(ms): 3190.0, Avg(ms): 19.0, 50th(ms): 16.8, 90th(ms): 32.5, 95th(ms): 35.7, 99th(ms): 39.8, 99.9th(ms): 44.0, Max(ms): 44.0
[Current] PAYMENT - Takes(s): 10.0, Count: 2267, TPM: 13602.7, Sum(ms): 48592.5, Avg(ms): 21.4, 50th(ms): 21.0, 90th(ms): 26.2, 95th(ms): 29.4, 99th(ms): 41.9, 99.9th(ms): 60.8, Max(ms): 65.0
[Current] STOCK_LEVEL - Takes(s): 10.0, Count: 247, TPM: 1483.1, Sum(ms): 4821.8, Avg(ms): 19.5, 50th(ms): 18.9, 90th(ms): 27.3, 95th(ms): 29.4, 99th(ms): 35.7, 99.9th(ms): 37.7, Max(ms): 37.7
[Current] DELIVERY - Takes(s): 9.9, Count: 219, TPM: 1320.7, Sum(ms): 19494.2, Avg(ms): 88.8, 50th(ms): 88.1, 90th(ms): 104.9, 95th(ms): 109.1, 99th(ms): 142.6, 99.9th(ms): 142.6, Max(ms): 142.6
[Current] NEW_ORDER - Takes(s): 10.0, Count: 2392, TPM: 14355.7, Sum(ms): 80533.6, Avg(ms): 33.7, 50th(ms): 33.6, 90th(ms): 41.9, 95th(ms): 44.0, 99th(ms): 52.4, 99.9th(ms): 62.9, Max(ms): 75.5
[Current] ORDER_STATUS - Takes(s): 10.0, Count: 221, TPM: 1330.3, Sum(ms): 3817.7, Avg(ms): 17.3, 50th(ms): 15.2, 90th(ms): 29.4, 95th(ms): 31.5, 99th(ms): 37.7, 99.9th(ms): 46.1, Max(ms): 46.1
[Current] PAYMENT - Takes(s): 10.0, Count: 2332, TPM: 14003.8, Sum(ms): 48294.0, Avg(ms): 20.7, 50th(ms): 21.0, 90th(ms): 25.2, 95th(ms): 28.3, 99th(ms): 35.7, 99.9th(ms): 50.3, Max(ms): 50.3
[Current] STOCK_LEVEL - Takes(s): 9.6, Count: 199, TPM: 1240.6, Sum(ms): 3716.1, Avg(ms): 18.7, 50th(ms): 17.8, 90th(ms): 26.2, 95th(ms): 28.3, 99th(ms): 33.6, 99.9th(ms): 35.7, Max(ms): 35.7
[Current] DELIVERY - Takes(s): 10.0, Count: 235, TPM: 1413.7, Sum(ms): 20359.5, Avg(ms): 86.7, 50th(ms): 88.1, 90th(ms): 100.7, 95th(ms): 104.9, 99th(ms): 113.2, 99.9th(ms): 142.6, Max(ms): 142.6
[Current] NEW_ORDER - Takes(s): 10.0, Count: 2406, TPM: 14438.5, Sum(ms): 79781.9, Avg(ms): 33.2, 50th(ms): 33.6, 90th(ms): 39.8, 95th(ms): 44.0, 99th(ms): 48.2, 99.9th(ms): 67.1, Max(ms): 71.3
[Current] ORDER_STATUS - Takes(s): 10.0, Count: 226, TPM: 1357.5, Sum(ms): 3742.1, Avg(ms): 16.6, 50th(ms): 15.2, 90th(ms): 27.3, 95th(ms): 30.4, 99th(ms): 39.8, 99.9th(ms): 44.0, Max(ms): 44.0
[Current] PAYMENT - Takes(s): 10.0, Count: 2372, TPM: 14257.2, Sum(ms): 48139.2, Avg(ms): 20.3, 50th(ms): 19.9, 90th(ms): 25.2, 95th(ms): 27.3, 99th(ms): 37.7, 99.9th(ms): 50.3, Max(ms): 56.6
[Current] STOCK_LEVEL - Takes(s): 10.0, Count: 199, TPM: 1195.2, Sum(ms): 3741.8, Avg(ms): 18.8, 50th(ms): 17.8, 90th(ms): 25.2, 95th(ms): 29.4, 99th(ms): 35.7, 99.9th(ms): 39.8, Max(ms): 39.8
[Current] DELIVERY - Takes(s): 10.0, Count: 222, TPM: 1336.0, Sum(ms): 19383.4, Avg(ms): 87.1, 50th(ms): 88.1, 90th(ms): 100.7, 95th(ms): 104.9, 99th(ms): 121.6, 99.9th(ms): 151.0, Max(ms): 151.0
[Current] NEW_ORDER - Takes(s): 10.0, Count: 2426, TPM: 14574.7, Sum(ms): 81304.0, Avg(ms): 33.6, 50th(ms): 33.6, 90th(ms): 41.9, 95th(ms): 44.0, 99th(ms): 48.2, 99.9th(ms): 62.9, Max(ms): 71.3
[Current] ORDER_STATUS - Takes(s): 10.0, Count: 231, TPM: 1387.2, Sum(ms): 3802.9, Avg(ms): 16.5, 50th(ms): 15.2, 90th(ms): 27.3, 95th(ms): 30.4, 99th(ms): 35.7, 99.9th(ms): 39.8, Max(ms): 39.8
[Current] PAYMENT - Takes(s): 10.0, Count: 2316, TPM: 13898.4, Sum(ms): 47383.2, Avg(ms): 20.5, 50th(ms): 19.9, 90th(ms): 25.2, 95th(ms): 27.3, 99th(ms): 37.7, 99.9th(ms): 46.1, Max(ms): 60.8
[Current] STOCK_LEVEL - Takes(s): 9.9, Count: 199, TPM: 1211.0, Sum(ms): 3900.4, Avg(ms): 19.6, 50th(ms): 18.9, 90th(ms): 27.3, 95th(ms): 30.4, 99th(ms): 35.7, 99.9th(ms): 37.7, Max(ms): 37.7
[Current] DELIVERY - Takes(s): 10.0, Count: 202, TPM: 1213.3, Sum(ms): 17775.5, Avg(ms): 88.0, 50th(ms): 88.1, 90th(ms): 100.7, 95th(ms): 104.9, 99th(ms): 134.2, 99.9th(ms): 151.0, Max(ms): 151.0
[Current] NEW_ORDER - Takes(s): 10.0, Count: 2389, TPM: 14337.9, Sum(ms): 80617.2, Avg(ms): 33.8, 50th(ms): 33.6, 90th(ms): 41.9, 95th(ms): 44.0, 99th(ms): 50.3, 99.9th(ms): 58.7, Max(ms): 71.3
[Current] ORDER_STATUS - Takes(s): 10.0, Count: 229, TPM: 1374.7, Sum(ms): 3698.8, Avg(ms): 16.1, 50th(ms): 15.2, 90th(ms): 24.1, 95th(ms): 29.4, 99th(ms): 35.7, 99.9th(ms): 41.9, Max(ms): 41.9
[Current] PAYMENT - Takes(s): 10.0, Count: 2432, TPM: 14602.7, Sum(ms): 49632.6, Avg(ms): 20.4, 50th(ms): 19.9, 90th(ms): 25.2, 95th(ms): 27.3, 99th(ms): 35.7, 99.9th(ms): 52.4, Max(ms): 54.5
[Current] STOCK_LEVEL - Takes(s): 10.0, Count: 214, TPM: 1286.1, Sum(ms): 4214.4, Avg(ms): 19.7, 50th(ms): 18.9, 90th(ms): 27.3, 95th(ms): 31.5, 99th(ms): 33.6, 99.9th(ms): 41.9, Max(ms): 41.9
[Current] DELIVERY - Takes(s): 9.9, Count: 195, TPM: 1176.8, Sum(ms): 17137.1, Avg(ms): 87.8, 50th(ms): 88.1, 90th(ms): 100.7, 95th(ms): 104.9, 99th(ms): 109.1, 99.9th(ms): 117.4, Max(ms): 117.4
[Current] NEW_ORDER - Takes(s): 10.0, Count: 2516, TPM: 15120.4, Sum(ms): 84165.4, Avg(ms): 33.5, 50th(ms): 33.6, 90th(ms): 41.9, 95th(ms): 44.0, 99th(ms): 50.3, 99.9th(ms): 65.0, Max(ms): 67.1
[Current] ORDER_STATUS - Takes(s): 10.0, Count: 212, TPM: 1277.3, Sum(ms): 3567.7, Avg(ms): 16.9, 50th(ms): 15.2, 90th(ms): 27.3, 95th(ms): 32.5, 99th(ms): 39.8, 99.9th(ms): 44.0, Max(ms): 44.0
[Current] PAYMENT - Takes(s): 10.0, Count: 2327, TPM: 13963.3, Sum(ms): 46700.6, Avg(ms): 20.1, 50th(ms): 19.9, 90th(ms): 25.2, 95th(ms): 27.3, 99th(ms): 35.7, 99.9th(ms): 44.0, Max(ms): 52.4
[Current] STOCK_LEVEL - Takes(s): 10.0, Count: 197, TPM: 1186.8, Sum(ms): 3985.9, Avg(ms): 20.3, 50th(ms): 18.9, 90th(ms): 30.4, 95th(ms): 33.6, 99th(ms): 37.7, 99.9th(ms): 48.2, Max(ms): 48.2
[Current] DELIVERY - Takes(s): 9.8, Count: 182, TPM: 1118.9, Sum(ms): 16586.6, Avg(ms): 91.2, 50th(ms): 92.3, 90th(ms): 104.9, 95th(ms): 113.2, 99th(ms): 125.8, 99.9th(ms): 167.8, Max(ms): 167.8
[Current] NEW_ORDER - Takes(s): 10.0, Count: 2357, TPM: 14144.2, Sum(ms): 82494.1, Avg(ms): 35.0, 50th(ms): 35.7, 90th(ms): 44.0, 95th(ms): 46.1, 99th(ms): 54.5, 99.9th(ms): 62.9, Max(ms): 75.5
[Current] ORDER_STATUS - Takes(s): 10.0, Count: 193, TPM: 1159.0, Sum(ms): 3310.4, Avg(ms): 17.1, 50th(ms): 15.2, 90th(ms): 28.3, 95th(ms): 32.5, 99th(ms): 37.7, 99.9th(ms): 48.2, Max(ms): 48.2
[Current] PAYMENT - Takes(s): 10.0, Count: 2294, TPM: 13778.5, Sum(ms): 47519.1, Avg(ms): 20.7, 50th(ms): 21.0, 90th(ms): 26.2, 95th(ms): 28.3, 99th(ms): 35.7, 99.9th(ms): 52.4, Max(ms): 56.6
[Current] STOCK_LEVEL - Takes(s): 10.0, Count: 186, TPM: 1117.3, Sum(ms): 5888.1, Avg(ms): 31.6, 50th(ms): 21.0, 90th(ms): 37.7, 95th(ms): 113.2, 99th(ms): 268.4, 99.9th(ms): 318.8, Max(ms): 318.8
[Current] DELIVERY - Takes(s): 9.9, Count: 182, TPM: 1100.7, Sum(ms): 16802.3, Avg(ms): 92.3, 50th(ms): 92.3, 90th(ms): 113.2, 95th(ms): 121.6, 99th(ms): 130.0, 99.9th(ms): 159.4, Max(ms): 159.4
[Current] NEW_ORDER - Takes(s): 10.0, Count: 2375, TPM: 14250.0, Sum(ms): 83964.1, Avg(ms): 35.4, 50th(ms): 35.7, 90th(ms): 44.0, 95th(ms): 46.1, 99th(ms): 54.5, 99.9th(ms): 65.0, Max(ms): 71.3
[Current] ORDER_STATUS - Takes(s): 9.9, Count: 217, TPM: 1313.3, Sum(ms): 3827.2, Avg(ms): 17.6, 50th(ms): 15.7, 90th(ms): 28.3, 95th(ms): 33.6, 99th(ms): 44.0, 99.9th(ms): 46.1, Max(ms): 46.1
[Current] PAYMENT - Takes(s): 10.0, Count: 2196, TPM: 13183.8, Sum(ms): 46315.1, Avg(ms): 21.1, 50th(ms): 21.0, 90th(ms): 26.2, 95th(ms): 29.4, 99th(ms): 39.8, 99.9th(ms): 58.7, Max(ms): 58.7
[Current] STOCK_LEVEL - Takes(s): 9.9, Count: 198, TPM: 1197.6, Sum(ms): 4996.7, Avg(ms): 25.2, 50th(ms): 22.0, 90th(ms): 35.7, 95th(ms): 39.8, 99th(ms): 83.9, 99.9th(ms): 142.6, Max(ms): 142.6
[Current] DELIVERY - Takes(s): 10.0, Count: 204, TPM: 1225.0, Sum(ms): 18686.5, Avg(ms): 91.7, 50th(ms): 92.3, 90th(ms): 113.2, 95th(ms): 117.4, 99th(ms): 134.2, 99.9th(ms): 142.6, Max(ms): 142.6
[Current] NEW_ORDER - Takes(s): 10.0, Count: 2285, TPM: 13715.4, Sum(ms): 79943.8, Avg(ms): 35.0, 50th(ms): 35.7, 90th(ms): 44.0, 95th(ms): 46.1, 99th(ms): 52.4, 99.9th(ms): 62.9, Max(ms): 79.7
[Current] ORDER_STATUS - Takes(s): 10.0, Count: 221, TPM: 1326.8, Sum(ms): 3810.5, Avg(ms): 17.2, 50th(ms): 15.2, 90th(ms): 28.3, 95th(ms): 32.5, 99th(ms): 39.8, 99.9th(ms): 41.9, Max(ms): 41.9
[Current] PAYMENT - Takes(s): 10.0, Count: 2299, TPM: 13796.3, Sum(ms): 48230.8, Avg(ms): 21.0, 50th(ms): 21.0, 90th(ms): 26.2, 95th(ms): 28.3, 99th(ms): 37.7, 99.9th(ms): 48.2, Max(ms): 54.5
[Current] STOCK_LEVEL - Takes(s): 9.9, Count: 215, TPM: 1308.6, Sum(ms): 5068.8, Avg(ms): 23.6, 50th(ms): 22.0, 90th(ms): 33.6, 95th(ms): 39.8, 99th(ms): 75.5, 99.9th(ms): 75.5, Max(ms): 75.5
[Current] DELIVERY - Takes(s): 10.0, Count: 182, TPM: 1092.8, Sum(ms): 16979.3, Avg(ms): 93.3, 50th(ms): 92.3, 90th(ms): 121.6, 95th(ms): 125.8, 99th(ms): 159.4, 99.9th(ms): 184.5, Max(ms): 184.5
[Current] NEW_ORDER - Takes(s): 10.0, Count: 2109, TPM: 12653.8, Sum(ms): 79468.1, Avg(ms): 37.7, 50th(ms): 37.7, 90th(ms): 50.3, 95th(ms): 54.5, 99th(ms): 67.1, 99.9th(ms): 83.9, Max(ms): 88.1
[Current] ORDER_STATUS - Takes(s): 10.0, Count: 206, TPM: 1236.6, Sum(ms): 3597.6, Avg(ms): 17.5, 50th(ms): 16.3, 90th(ms): 27.3, 95th(ms): 35.7, 99th(ms): 41.9, 99.9th(ms): 41.9, Max(ms): 41.9
[Current] PAYMENT - Takes(s): 10.0, Count: 2036, TPM: 12220.7, Sum(ms): 43011.3, Avg(ms): 21.1, 50th(ms): 21.0, 90th(ms): 28.3, 95th(ms): 30.4, 99th(ms): 37.7, 99.9th(ms): 48.2, Max(ms): 56.6
[Current] STOCK_LEVEL - Takes(s): 10.0, Count: 177, TPM: 1066.7, Sum(ms): 13249.1, Avg(ms): 74.6, 50th(ms): 28.3, 90th(ms): 260.0, 95th(ms): 302.0, 99th(ms): 369.1, 99.9th(ms): 419.4, Max(ms): 419.4
[Current] DELIVERY - Takes(s): 10.0, Count: 180, TPM: 1080.3, Sum(ms): 16047.0, Avg(ms): 89.3, 50th(ms): 83.9, 90th(ms): 117.4, 95th(ms): 125.8, 99th(ms): 151.0, 99.9th(ms): 184.5, Max(ms): 184.5
[Current] NEW_ORDER - Takes(s): 10.0, Count: 2149, TPM: 12904.5, Sum(ms): 82080.4, Avg(ms): 38.2, 50th(ms): 37.7, 90th(ms): 50.3, 95th(ms): 56.6, 99th(ms): 67.1, 99.9th(ms): 83.9, Max(ms): 88.1
[Current] ORDER_STATUS - Takes(s): 9.9, Count: 172, TPM: 1039.3, Sum(ms): 3109.0, Avg(ms): 18.1, 50th(ms): 17.8, 90th(ms): 27.3, 95th(ms): 30.4, 99th(ms): 37.7, 99.9th(ms): 52.4, Max(ms): 52.4
[Current] PAYMENT - Takes(s): 10.0, Count: 1977, TPM: 11865.1, Sum(ms): 41270.9, Avg(ms): 20.9, 50th(ms): 19.9, 90th(ms): 28.3, 95th(ms): 30.4, 99th(ms): 37.7, 99.9th(ms): 48.2, Max(ms): 58.7
[Current] STOCK_LEVEL - Takes(s): 9.9, Count: 184, TPM: 1113.5, Sum(ms): 14168.3, Avg(ms): 77.1, 50th(ms): 39.8, 90th(ms): 201.3, 95th(ms): 260.0, 99th(ms): 318.8, 99.9th(ms): 335.5, Max(ms): 335.5
[Current] DELIVERY - Takes(s): 10.0, Count: 205, TPM: 1233.1, Sum(ms): 18312.4, Avg(ms): 89.3, 50th(ms): 88.1, 90th(ms): 113.2, 95th(ms): 117.4, 99th(ms): 125.8, 99.9th(ms): 176.2, Max(ms): 176.2
[Current] NEW_ORDER - Takes(s): 10.0, Count: 2271, TPM: 13638.0, Sum(ms): 79866.9, Avg(ms): 35.2, 50th(ms): 35.7, 90th(ms): 46.1, 95th(ms): 48.2, 99th(ms): 56.6, 99.9th(ms): 67.1, Max(ms): 75.5
[Current] ORDER_STATUS - Takes(s): 10.0, Count: 218, TPM: 1311.6, Sum(ms): 3755.6, Avg(ms): 17.2, 50th(ms): 14.7, 90th(ms): 28.3, 95th(ms): 30.4, 99th(ms): 33.6, 99.9th(ms): 37.7, Max(ms): 37.7
[Current] PAYMENT - Takes(s): 10.0, Count: 2204, TPM: 13224.5, Sum(ms): 44234.4, Avg(ms): 20.1, 50th(ms): 19.9, 90th(ms): 26.2, 95th(ms): 28.3, 99th(ms): 35.7, 99.9th(ms): 50.3, Max(ms): 58.7
[Current] STOCK_LEVEL - Takes(s): 10.0, Count: 209, TPM: 1254.3, Sum(ms): 10063.8, Avg(ms): 48.2, 50th(ms): 31.5, 90th(ms): 96.5, 95th(ms): 117.4, 99th(ms): 192.9, 99.9th(ms): 218.1, Max(ms): 218.1
[Current] DELIVERY - Takes(s): 9.9, Count: 172, TPM: 1045.2, Sum(ms): 15227.7, Avg(ms): 88.6, 50th(ms): 92.3, 90th(ms): 104.9, 95th(ms): 109.1, 99th(ms): 117.4, 99.9th(ms): 130.0, Max(ms): 130.0
[Current] NEW_ORDER - Takes(s): 10.0, Count: 2287, TPM: 13723.7, Sum(ms): 80718.7, Avg(ms): 35.3, 50th(ms): 35.7, 90th(ms): 44.0, 95th(ms): 46.1, 99th(ms): 54.5, 99.9th(ms): 71.3, Max(ms): 75.5
[Current] ORDER_STATUS - Takes(s): 10.0, Count: 238, TPM: 1428.6, Sum(ms): 4146.3, Avg(ms): 17.4, 50th(ms): 15.7, 90th(ms): 27.3, 95th(ms): 31.5, 99th(ms): 37.7, 99.9th(ms): 46.1, Max(ms): 46.1
[Current] PAYMENT - Takes(s): 10.0, Count: 2346, TPM: 14085.6, Sum(ms): 47938.1, Avg(ms): 20.4, 50th(ms): 21.0, 90th(ms): 25.2, 95th(ms): 27.3, 99th(ms): 35.7, 99.9th(ms): 41.9, Max(ms): 46.1
[Current] STOCK_LEVEL - Takes(s): 10.0, Count: 200, TPM: 1203.5, Sum(ms): 7789.1, Avg(ms): 38.9, 50th(ms): 29.4, 90th(ms): 71.3, 95th(ms): 79.7, 99th(ms): 100.7, 99.9th(ms): 159.4, Max(ms): 159.4
[Current] DELIVERY - Takes(s): 9.9, Count: 194, TPM: 1170.2, Sum(ms): 17251.9, Avg(ms): 89.0, 50th(ms): 88.1, 90th(ms): 113.2, 95th(ms): 117.4, 99th(ms): 142.6, 99.9th(ms): 184.5, Max(ms): 184.5
[Current] NEW_ORDER - Takes(s): 10.0, Count: 2252, TPM: 13526.6, Sum(ms): 82135.8, Avg(ms): 36.5, 50th(ms): 37.7, 90th(ms): 46.1, 95th(ms): 50.3, 99th(ms): 58.7, 99.9th(ms): 71.3, Max(ms): 75.5
[Current] ORDER_STATUS - Takes(s): 10.0, Count: 179, TPM: 1079.2, Sum(ms): 3198.4, Avg(ms): 17.9, 50th(ms): 16.8, 90th(ms): 27.3, 95th(ms): 31.5, 99th(ms): 37.7, 99.9th(ms): 48.2, Max(ms): 48.2
[Current] PAYMENT - Takes(s): 10.0, Count: 2150, TPM: 12902.1, Sum(ms): 44453.6, Avg(ms): 20.7, 50th(ms): 19.9, 90th(ms): 26.2, 95th(ms): 29.4, 99th(ms): 39.8, 99.9th(ms): 56.6, Max(ms): 60.8
[Current] STOCK_LEVEL - Takes(s): 10.0, Count: 186, TPM: 1116.5, Sum(ms): 9222.7, Avg(ms): 49.6, 50th(ms): 33.6, 90th(ms): 88.1, 95th(ms): 159.4, 99th(ms): 226.5, 99.9th(ms): 302.0, Max(ms): 302.0
[Current] DELIVERY - Takes(s): 9.9, Count: 155, TPM: 938.5, Sum(ms): 13938.7, Avg(ms): 89.8, 50th(ms): 92.3, 90th(ms): 109.1, 95th(ms): 113.2, 99th(ms): 125.8, 99.9th(ms): 151.0, Max(ms): 151.0
[Current] NEW_ORDER - Takes(s): 10.0, Count: 2312, TPM: 13877.5, Sum(ms): 83852.0, Avg(ms): 36.3, 50th(ms): 37.7, 90th(ms): 46.1, 95th(ms): 50.3, 99th(ms): 56.6, 99.9th(ms): 71.3, Max(ms): 83.9
[Current] ORDER_STATUS - Takes(s): 10.0, Count: 199, TPM: 1194.1, Sum(ms): 3519.8, Avg(ms): 17.7, 50th(ms): 16.3, 90th(ms): 27.3, 95th(ms): 29.4, 99th(ms): 37.7, 99.9th(ms): 48.2, Max(ms): 48.2
[Current] PAYMENT - Takes(s): 10.0, Count: 2195, TPM: 13170.1, Sum(ms): 45912.9, Avg(ms): 20.9, 50th(ms): 21.0, 90th(ms): 26.2, 95th(ms): 29.4, 99th(ms): 39.8, 99.9th(ms): 46.1, Max(ms): 52.4
[Current] STOCK_LEVEL - Takes(s): 10.0, Count: 217, TPM: 1302.0, Sum(ms): 8743.4, Avg(ms): 40.3, 50th(ms): 32.5, 90th(ms): 67.1, 95th(ms): 83.9, 99th(ms): 159.4, 99.9th(ms): 218.1, Max(ms): 218.1
[Current] DELIVERY - Takes(s): 10.0, Count: 209, TPM: 1259.9, Sum(ms): 18612.4, Avg(ms): 89.0, 50th(ms): 88.1, 90th(ms): 104.9, 95th(ms): 113.2, 99th(ms): 142.6, 99.9th(ms): 192.9, Max(ms): 192.9
[Current] NEW_ORDER - Takes(s): 10.0, Count: 2355, TPM: 14132.3, Sum(ms): 82041.2, Avg(ms): 34.9, 50th(ms): 35.7, 90th(ms): 44.0, 95th(ms): 46.1, 99th(ms): 54.5, 99.9th(ms): 65.0, Max(ms): 79.7
[Current] ORDER_STATUS - Takes(s): 10.0, Count: 181, TPM: 1086.4, Sum(ms): 3070.8, Avg(ms): 17.0, 50th(ms): 16.3, 90th(ms): 26.2, 95th(ms): 29.4, 99th(ms): 32.5, 99.9th(ms): 39.8, Max(ms): 39.8
[Current] PAYMENT - Takes(s): 10.0, Count: 2216, TPM: 13297.7, Sum(ms): 45208.2, Avg(ms): 20.4, 50th(ms): 19.9, 90th(ms): 25.2, 95th(ms): 27.3, 99th(ms): 37.7, 99.9th(ms): 54.5, Max(ms): 79.7
[Current] STOCK_LEVEL - Takes(s): 9.9, Count: 214, TPM: 1291.4, Sum(ms): 7033.7, Avg(ms): 32.9, 50th(ms): 28.3, 90th(ms): 54.5, 95th(ms): 58.7, 99th(ms): 79.7, 99.9th(ms): 125.8, Max(ms): 125.8
[Current] DELIVERY - Takes(s): 10.0, Count: 217, TPM: 1305.0, Sum(ms): 18993.9, Avg(ms): 87.5, 50th(ms): 88.1, 90th(ms): 100.7, 95th(ms): 104.9, 99th(ms): 130.0, 99.9th(ms): 159.4, Max(ms): 159.4
[Current] NEW_ORDER - Takes(s): 10.0, Count: 2443, TPM: 14668.7, Sum(ms): 83713.3, Avg(ms): 34.3, 50th(ms): 35.7, 90th(ms): 41.9, 95th(ms): 44.0, 99th(ms): 50.3, 99.9th(ms): 65.0, Max(ms): 75.5
[Current] ORDER_STATUS - Takes(s): 10.0, Count: 206, TPM: 1238.1, Sum(ms): 3469.2, Avg(ms): 16.8, 50th(ms): 15.2, 90th(ms): 25.2, 95th(ms): 30.4, 99th(ms): 37.7, 99.9th(ms): 39.8, Max(ms): 39.8
[Current] PAYMENT - Takes(s): 10.0, Count: 2176, TPM: 13057.0, Sum(ms): 43548.8, Avg(ms): 20.0, 50th(ms): 19.9, 90th(ms): 25.2, 95th(ms): 27.3, 99th(ms): 35.7, 99.9th(ms): 52.4, Max(ms): 56.6
[Current] STOCK_LEVEL - Takes(s): 10.0, Count: 208, TPM: 1250.6, Sum(ms): 6102.7, Avg(ms): 29.4, 50th(ms): 26.2, 90th(ms): 44.0, 95th(ms): 52.4, 99th(ms): 62.9, 99.9th(ms): 83.9, Max(ms): 83.9
[Current] DELIVERY - Takes(s): 10.0, Count: 226, TPM: 1357.7, Sum(ms): 18909.8, Avg(ms): 83.7, 50th(ms): 83.9, 90th(ms): 96.5, 95th(ms): 100.7, 99th(ms): 117.4, 99.9th(ms): 142.6, Max(ms): 142.6
[Current] NEW_ORDER - Takes(s): 10.0, Count: 2441, TPM: 14651.8, Sum(ms): 81145.8, Avg(ms): 33.3, 50th(ms): 33.6, 90th(ms): 41.9, 95th(ms): 44.0, 99th(ms): 50.3, 99.9th(ms): 62.9, Max(ms): 65.0
[Current] ORDER_STATUS - Takes(s): 10.0, Count: 219, TPM: 1318.8, Sum(ms): 3572.8, Avg(ms): 16.3, 50th(ms): 15.2, 90th(ms): 26.2, 95th(ms): 29.4, 99th(ms): 32.5, 99.9th(ms): 33.6, Max(ms): 33.6
[Current] PAYMENT - Takes(s): 10.0, Count: 2355, TPM: 14131.7, Sum(ms): 46310.7, Avg(ms): 19.7, 50th(ms): 19.9, 90th(ms): 25.2, 95th(ms): 27.3, 99th(ms): 35.7, 99.9th(ms): 50.3, Max(ms): 54.5
[Current] STOCK_LEVEL - Takes(s): 9.9, Count: 219, TPM: 1329.0, Sum(ms): 5993.7, Avg(ms): 27.4, 50th(ms): 26.2, 90th(ms): 39.8, 95th(ms): 46.1, 99th(ms): 52.4, 99.9th(ms): 67.1, Max(ms): 67.1
[Current] DELIVERY - Takes(s): 10.0, Count: 232, TPM: 1398.4, Sum(ms): 19938.9, Avg(ms): 85.9, 50th(ms): 88.1, 90th(ms): 100.7, 95th(ms): 104.9, 99th(ms): 151.0, 99.9th(ms): 159.4, Max(ms): 159.4
[Current] NEW_ORDER - Takes(s): 10.0, Count: 2394, TPM: 14368.9, Sum(ms): 81373.5, Avg(ms): 34.0, 50th(ms): 33.6, 90th(ms): 41.9, 95th(ms): 44.0, 99th(ms): 50.3, 99.9th(ms): 62.9, Max(ms): 83.9
[Current] ORDER_STATUS - Takes(s): 10.0, Count: 207, TPM: 1244.4, Sum(ms): 3457.7, Avg(ms): 16.7, 50th(ms): 15.7, 90th(ms): 25.2, 95th(ms): 29.4, 99th(ms): 32.5, 99.9th(ms): 35.7, Max(ms): 35.7
[Current] PAYMENT - Takes(s): 10.0, Count: 2288, TPM: 13734.3, Sum(ms): 45532.1, Avg(ms): 19.9, 50th(ms): 19.9, 90th(ms): 25.2, 95th(ms): 27.3, 99th(ms): 35.7, 99.9th(ms): 46.1, Max(ms): 58.7
[Current] STOCK_LEVEL - Takes(s): 10.0, Count: 209, TPM: 1256.2, Sum(ms): 5597.2, Avg(ms): 26.8, 50th(ms): 26.2, 90th(ms): 35.7, 95th(ms): 39.8, 99th(ms): 50.3, 99.9th(ms): 62.9, Max(ms): 62.9
[Current] DELIVERY - Takes(s): 9.9, Count: 211, TPM: 1274.0, Sum(ms): 17945.2, Avg(ms): 85.2, 50th(ms): 88.1, 90th(ms): 100.7, 95th(ms): 104.9, 99th(ms): 113.2, 99.9th(ms): 130.0, Max(ms): 130.0
[Current] NEW_ORDER - Takes(s): 10.0, Count: 2457, TPM: 14760.6, Sum(ms): 82498.4, Avg(ms): 33.6, 50th(ms): 33.6, 90th(ms): 41.9, 95th(ms): 44.0, 99th(ms): 48.2, 99.9th(ms): 58.7, Max(ms): 67.1
[Current] ORDER_STATUS - Takes(s): 10.0, Count: 209, TPM: 1255.8, Sum(ms): 3305.4, Avg(ms): 15.8, 50th(ms): 14.7, 90th(ms): 26.2, 95th(ms): 28.3, 99th(ms): 30.4, 99.9th(ms): 35.7, Max(ms): 35.7
[Current] PAYMENT - Takes(s): 10.0, Count: 2297, TPM: 13784.3, Sum(ms): 46285.1, Avg(ms): 20.2, 50th(ms): 19.9, 90th(ms): 25.2, 95th(ms): 27.3, 99th(ms): 35.7, 99.9th(ms): 46.1, Max(ms): 48.2
[Current] STOCK_LEVEL - Takes(s): 10.0, Count: 220, TPM: 1321.8, Sum(ms): 5675.2, Avg(ms): 25.8, 50th(ms): 25.2, 90th(ms): 35.7, 95th(ms): 39.8, 99th(ms): 46.1, 99.9th(ms): 58.7, Max(ms): 58.7
[Current] DELIVERY - Takes(s): 10.0, Count: 217, TPM: 1302.1, Sum(ms): 18120.3, Avg(ms): 83.4, 50th(ms): 83.9, 90th(ms): 96.5, 95th(ms): 104.9, 99th(ms): 121.6, 99.9th(ms): 130.0, Max(ms): 130.0
[Current] NEW_ORDER - Takes(s): 10.0, Count: 2464, TPM: 14787.7, Sum(ms): 82295.5, Avg(ms): 33.4, 50th(ms): 33.6, 90th(ms): 41.9, 95th(ms): 44.0, 99th(ms): 50.3, 99.9th(ms): 65.0, Max(ms): 67.1
[Current] ORDER_STATUS - Takes(s): 10.0, Count: 222, TPM: 1335.1, Sum(ms): 3636.6, Avg(ms): 16.4, 50th(ms): 15.7, 90th(ms): 26.2, 95th(ms): 28.3, 99th(ms): 32.5, 99.9th(ms): 39.8, Max(ms): 39.8
[Current] PAYMENT - Takes(s): 10.0, Count: 2329, TPM: 13979.0, Sum(ms): 46294.5, Avg(ms): 19.9, 50th(ms): 19.9, 90th(ms): 25.2, 95th(ms): 27.3, 99th(ms): 35.7, 99.9th(ms): 50.3, Max(ms): 58.7
[Current] STOCK_LEVEL - Takes(s): 9.9, Count: 223, TPM: 1347.7, Sum(ms): 5698.1, Avg(ms): 25.6, 50th(ms): 25.2, 90th(ms): 33.6, 95th(ms): 35.7, 99th(ms): 44.0, 99.9th(ms): 56.6, Max(ms): 56.6
[Current] DELIVERY - Takes(s): 10.0, Count: 223, TPM: 1339.0, Sum(ms): 19273.1, Avg(ms): 86.4, 50th(ms): 88.1, 90th(ms): 100.7, 95th(ms): 109.1, 99th(ms): 142.6, 99.9th(ms): 218.1, Max(ms): 218.1
[Current] NEW_ORDER - Takes(s): 10.0, Count: 2449, TPM: 14695.5, Sum(ms): 82516.5, Avg(ms): 33.7, 50th(ms): 33.6, 90th(ms): 41.9, 95th(ms): 44.0, 99th(ms): 50.3, 99.9th(ms): 67.1, Max(ms): 79.7
[Current] ORDER_STATUS - Takes(s): 10.0, Count: 206, TPM: 1238.4, Sum(ms): 3291.2, Avg(ms): 16.0, 50th(ms): 14.2, 90th(ms): 26.2, 95th(ms): 28.3, 99th(ms): 33.6, 99.9th(ms): 39.8, Max(ms): 39.8
[Current] PAYMENT - Takes(s): 10.0, Count: 2268, TPM: 13616.5, Sum(ms): 44876.8, Avg(ms): 19.8, 50th(ms): 19.9, 90th(ms): 24.1, 95th(ms): 27.3, 99th(ms): 32.5, 99.9th(ms): 41.9, Max(ms): 48.2
[Current] STOCK_LEVEL - Takes(s): 9.9, Count: 224, TPM: 1353.9, Sum(ms): 5894.4, Avg(ms): 26.3, 50th(ms): 26.2, 90th(ms): 35.7, 95th(ms): 37.7, 99th(ms): 44.0, 99.9th(ms): 218.1, Max(ms): 218.1
[Current] DELIVERY - Takes(s): 10.0, Count: 211, TPM: 1269.0, Sum(ms): 18348.4, Avg(ms): 87.0, 50th(ms): 88.1, 90th(ms): 100.7, 95th(ms): 104.9, 99th(ms): 151.0, 99.9th(ms): 176.2, Max(ms): 176.2
[Current] NEW_ORDER - Takes(s): 10.0, Count: 2405, TPM: 14435.3, Sum(ms): 81185.8, Avg(ms): 33.8, 50th(ms): 33.6, 90th(ms): 41.9, 95th(ms): 44.0, 99th(ms): 50.3, 99.9th(ms): 58.7, Max(ms): 62.9
[Current] ORDER_STATUS - Takes(s): 9.9, Count: 235, TPM: 1418.2, Sum(ms): 4007.0, Avg(ms): 17.0, 50th(ms): 15.2, 90th(ms): 28.3, 95th(ms): 30.4, 99th(ms): 44.0, 99.9th(ms): 46.1, Max(ms): 46.1
[Current] PAYMENT - Takes(s): 10.0, Count: 2327, TPM: 13972.0, Sum(ms): 46240.5, Avg(ms): 19.9, 50th(ms): 19.9, 90th(ms): 25.2, 95th(ms): 27.3, 99th(ms): 35.7, 99.9th(ms): 54.5, Max(ms): 56.6
[Current] STOCK_LEVEL - Takes(s): 9.9, Count: 212, TPM: 1283.5, Sum(ms): 6110.1, Avg(ms): 28.8, 50th(ms): 25.2, 90th(ms): 35.7, 95th(ms): 41.9, 99th(ms): 184.5, 99.9th(ms): 234.9, Max(ms): 234.9
[Current] DELIVERY - Takes(s): 10.0, Count: 196, TPM: 1178.6, Sum(ms): 16784.4, Avg(ms): 85.6, 50th(ms): 88.1, 90th(ms): 100.7, 95th(ms): 104.9, 99th(ms): 125.8, 99.9th(ms): 142.6, Max(ms): 142.6
[Current] NEW_ORDER - Takes(s): 10.0, Count: 2508, TPM: 15055.9, Sum(ms): 83987.7, Avg(ms): 33.5, 50th(ms): 33.6, 90th(ms): 41.9, 95th(ms): 44.0, 99th(ms): 52.4, 99.9th(ms): 65.0, Max(ms): 71.3
[Current] ORDER_STATUS - Takes(s): 10.0, Count: 208, TPM: 1248.2, Sum(ms): 3568.2, Avg(ms): 17.2, 50th(ms): 15.2, 90th(ms): 27.3, 95th(ms): 30.4, 99th(ms): 37.7, 99.9th(ms): 46.1, Max(ms): 46.1
[Current] PAYMENT - Takes(s): 10.0, Count: 2321, TPM: 13935.2, Sum(ms): 46558.5, Avg(ms): 20.1, 50th(ms): 19.9, 90th(ms): 25.2, 95th(ms): 27.3, 99th(ms): 35.7, 99.9th(ms): 58.7, Max(ms): 65.0
[Current] STOCK_LEVEL - Takes(s): 10.0, Count: 205, TPM: 1233.4, Sum(ms): 5031.7, Avg(ms): 24.5, 50th(ms): 25.2, 90th(ms): 33.6, 95th(ms): 37.7, 99th(ms): 39.8, 99.9th(ms): 56.6, Max(ms): 56.6
[Current] DELIVERY - Takes(s): 9.9, Count: 221, TPM: 1334.2, Sum(ms): 19681.0, Avg(ms): 88.9, 50th(ms): 88.1, 90th(ms): 109.1, 95th(ms): 113.2, 99th(ms): 121.6, 99.9th(ms): 125.8, Max(ms): 125.8
[Current] NEW_ORDER - Takes(s): 10.0, Count: 2430, TPM: 14586.2, Sum(ms): 82922.5, Avg(ms): 34.1, 50th(ms): 35.7, 90th(ms): 41.9, 95th(ms): 44.0, 99th(ms): 52.4, 99.9th(ms): 71.3, Max(ms): 83.9
[Current] ORDER_STATUS - Takes(s): 10.0, Count: 185, TPM: 1113.7, Sum(ms): 3300.7, Avg(ms): 17.9, 50th(ms): 16.3, 90th(ms): 27.3, 95th(ms): 31.5, 99th(ms): 41.9, 99.9th(ms): 44.0, Max(ms): 44.0
[Current] PAYMENT - Takes(s): 10.0, Count: 2216, TPM: 13299.2, Sum(ms): 44704.3, Avg(ms): 20.2, 50th(ms): 19.9, 90th(ms): 25.2, 95th(ms): 27.3, 99th(ms): 33.6, 99.9th(ms): 46.1, Max(ms): 50.3
[Current] STOCK_LEVEL - Takes(s): 9.9, Count: 209, TPM: 1260.8, Sum(ms): 5207.3, Avg(ms): 24.9, 50th(ms): 25.2, 90th(ms): 33.6, 95th(ms): 35.7, 99th(ms): 44.0, 99.9th(ms): 50.3, Max(ms): 50.3
[Current] DELIVERY - Takes(s): 9.9, Count: 222, TPM: 1346.1, Sum(ms): 19760.3, Avg(ms): 89.0, 50th(ms): 92.3, 90th(ms): 104.9, 95th(ms): 109.1, 99th(ms): 113.2, 99.9th(ms): 142.6, Max(ms): 142.6
[Current] NEW_ORDER - Takes(s): 10.0, Count: 2250, TPM: 13502.2, Sum(ms): 79176.4, Avg(ms): 35.2, 50th(ms): 35.7, 90th(ms): 44.0, 95th(ms): 46.1, 99th(ms): 52.4, 99.9th(ms): 75.5, Max(ms): 75.5
[Current] ORDER_STATUS - Takes(s): 10.0, Count: 227, TPM: 1364.7, Sum(ms): 4020.4, Avg(ms): 17.7, 50th(ms): 16.3, 90th(ms): 27.3, 95th(ms): 33.6, 99th(ms): 41.9, 99.9th(ms): 46.1, Max(ms): 46.1
[Current] PAYMENT - Takes(s): 10.0, Count: 2241, TPM: 13455.0, Sum(ms): 47305.4, Avg(ms): 21.1, 50th(ms): 21.0, 90th(ms): 26.2, 95th(ms): 29.4, 99th(ms): 39.8, 99.9th(ms): 58.7, Max(ms): 62.9
[Current] STOCK_LEVEL - Takes(s): 10.0, Count: 204, TPM: 1227.5, Sum(ms): 5715.0, Avg(ms): 28.0, 50th(ms): 27.3, 90th(ms): 39.8, 95th(ms): 41.9, 99th(ms): 48.2, 99.9th(ms): 50.3, Max(ms): 50.3
[Current] DELIVERY - Takes(s): 10.0, Count: 189, TPM: 1136.2, Sum(ms): 17403.1, Avg(ms): 92.0, 50th(ms): 92.3, 90th(ms): 104.9, 95th(ms): 109.1, 99th(ms): 113.2, 99.9th(ms): 117.4, Max(ms): 117.4
[Current] NEW_ORDER - Takes(s): 10.0, Count: 2291, TPM: 13757.9, Sum(ms): 81975.8, Avg(ms): 35.8, 50th(ms): 35.7, 90th(ms): 44.0, 95th(ms): 48.2, 99th(ms): 52.4, 99.9th(ms): 71.3, Max(ms): 75.5
[Current] ORDER_STATUS - Takes(s): 9.9, Count: 229, TPM: 1381.9, Sum(ms): 4078.6, Avg(ms): 17.8, 50th(ms): 16.3, 90th(ms): 27.3, 95th(ms): 32.5, 99th(ms): 41.9, 99.9th(ms): 50.3, Max(ms): 50.3
[Current] PAYMENT - Takes(s): 10.0, Count: 2180, TPM: 13082.3, Sum(ms): 46077.7, Avg(ms): 21.1, 50th(ms): 21.0, 90th(ms): 26.2, 95th(ms): 28.3, 99th(ms): 37.7, 99.9th(ms): 56.6, Max(ms): 60.8
[Current] STOCK_LEVEL - Takes(s): 9.9, Count: 229, TPM: 1382.1, Sum(ms): 6220.6, Avg(ms): 27.2, 50th(ms): 27.3, 90th(ms): 37.7, 95th(ms): 39.8, 99th(ms): 44.0, 99.9th(ms): 52.4, Max(ms): 52.4
[Current] DELIVERY - Takes(s): 10.0, Count: 223, TPM: 1343.5, Sum(ms): 20479.4, Avg(ms): 91.7, 50th(ms): 92.3, 90th(ms): 104.9, 95th(ms): 113.2, 99th(ms): 121.6, 99.9th(ms): 192.9, Max(ms): 192.9
[Current] NEW_ORDER - Takes(s): 10.0, Count: 2252, TPM: 13523.9, Sum(ms): 79933.7, Avg(ms): 35.5, 50th(ms): 35.7, 90th(ms): 44.0, 95th(ms): 46.1, 99th(ms): 54.5, 99.9th(ms): 67.1, Max(ms): 71.3
[Current] ORDER_STATUS - Takes(s): 9.9, Count: 203, TPM: 1226.8, Sum(ms): 3776.5, Avg(ms): 18.6, 50th(ms): 17.8, 90th(ms): 29.4, 95th(ms): 31.5, 99th(ms): 35.7, 99.9th(ms): 41.9, Max(ms): 41.9
[Current] PAYMENT - Takes(s): 10.0, Count: 2154, TPM: 12934.4, Sum(ms): 45805.8, Avg(ms): 21.3, 50th(ms): 21.0, 90th(ms): 26.2, 95th(ms): 28.3, 99th(ms): 37.7, 99.9th(ms): 48.2, Max(ms): 48.2
[Current] STOCK_LEVEL - Takes(s): 10.0, Count: 198, TPM: 1192.6, Sum(ms): 5807.0, Avg(ms): 29.4, 50th(ms): 27.3, 90th(ms): 37.7, 95th(ms): 41.9, 99th(ms): 125.8, 99.9th(ms): 151.0, Max(ms): 151.0
[Current] DELIVERY - Takes(s): 9.9, Count: 185, TPM: 1115.9, Sum(ms): 17829.8, Avg(ms): 96.4, 50th(ms): 96.5, 90th(ms): 113.2, 95th(ms): 121.6, 99th(ms): 130.0, 99.9th(ms): 176.2, Max(ms): 176.2
[Current] NEW_ORDER - Takes(s): 10.0, Count: 2083, TPM: 12502.4, Sum(ms): 80717.9, Avg(ms): 38.8, 50th(ms): 39.8, 90th(ms): 48.2, 95th(ms): 52.4, 99th(ms): 56.6, 99.9th(ms): 71.3, Max(ms): 79.7
[Current] ORDER_STATUS - Takes(s): 10.0, Count: 188, TPM: 1129.8, Sum(ms): 3647.4, Avg(ms): 19.4, 50th(ms): 18.9, 90th(ms): 29.4, 95th(ms): 32.5, 99th(ms): 39.8, 99.9th(ms): 44.0, Max(ms): 44.0
[Current] PAYMENT - Takes(s): 10.0, Count: 1913, TPM: 11485.5, Sum(ms): 42898.9, Avg(ms): 22.4, 50th(ms): 22.0, 90th(ms): 28.3, 95th(ms): 30.4, 99th(ms): 39.8, 99.9th(ms): 58.7, Max(ms): 65.0
[Current] STOCK_LEVEL - Takes(s): 10.0, Count: 195, TPM: 1175.6, Sum(ms): 10833.5, Avg(ms): 55.5, 50th(ms): 41.9, 90th(ms): 121.6, 95th(ms): 130.0, 99th(ms): 142.6, 99.9th(ms): 167.8, Max(ms): 167.8
[Current] DELIVERY - Takes(s): 10.0, Count: 213, TPM: 1282.3, Sum(ms): 20332.1, Avg(ms): 95.6, 50th(ms): 96.5, 90th(ms): 117.4, 95th(ms): 121.6, 99th(ms): 142.6, 99.9th(ms): 159.4, Max(ms): 159.4
[Current] NEW_ORDER - Takes(s): 10.0, Count: 2102, TPM: 12622.7, Sum(ms): 80266.9, Avg(ms): 38.2, 50th(ms): 37.7, 90th(ms): 48.2, 95th(ms): 52.4, 99th(ms): 58.7, 99.9th(ms): 67.1, Max(ms): 79.7
[Current] ORDER_STATUS - Takes(s): 10.0, Count: 200, TPM: 1200.0, Sum(ms): 3865.8, Avg(ms): 19.4, 50th(ms): 17.8, 90th(ms): 31.5, 95th(ms): 33.6, 99th(ms): 37.7, 99.9th(ms): 46.1, Max(ms): 46.1
[Current] PAYMENT - Takes(s): 10.0, Count: 2005, TPM: 12031.7, Sum(ms): 44893.0, Avg(ms): 22.4, 50th(ms): 22.0, 90th(ms): 29.4, 95th(ms): 31.5, 99th(ms): 37.7, 99.9th(ms): 50.3, Max(ms): 60.8
[Current] STOCK_LEVEL - Takes(s): 9.9, Count: 179, TPM: 1080.3, Sum(ms): 6839.1, Avg(ms): 38.2, 50th(ms): 30.4, 90th(ms): 75.5, 95th(ms): 92.3, 99th(ms): 151.0, 99.9th(ms): 251.7, Max(ms): 251.7
[Current] DELIVERY - Takes(s): 10.0, Count: 215, TPM: 1291.0, Sum(ms): 20299.8, Avg(ms): 94.6, 50th(ms): 96.5, 90th(ms): 117.4, 95th(ms): 125.8, 99th(ms): 142.6, 99.9th(ms): 184.5, Max(ms): 184.5
[Current] NEW_ORDER - Takes(s): 10.0, Count: 2172, TPM: 13039.1, Sum(ms): 80964.7, Avg(ms): 37.3, 50th(ms): 37.7, 90th(ms): 48.2, 95th(ms): 50.3, 99th(ms): 60.8, 99.9th(ms): 75.5, Max(ms): 92.3
[Current] ORDER_STATUS - Takes(s): 10.0, Count: 209, TPM: 1259.3, Sum(ms): 3955.7, Avg(ms): 18.9, 50th(ms): 17.8, 90th(ms): 30.4, 95th(ms): 35.7, 99th(ms): 41.9, 99.9th(ms): 46.1, Max(ms): 46.1
[Current] PAYMENT - Takes(s): 10.0, Count: 2022, TPM: 12137.4, Sum(ms): 43605.1, Avg(ms): 21.6, 50th(ms): 21.0, 90th(ms): 27.3, 95th(ms): 30.4, 99th(ms): 37.7, 99.9th(ms): 50.3, Max(ms): 60.8
[Current] STOCK_LEVEL - Takes(s): 9.8, Count: 183, TPM: 1124.0, Sum(ms): 7362.0, Avg(ms): 40.2, 50th(ms): 28.3, 90th(ms): 96.5, 95th(ms): 109.1, 99th(ms): 130.0, 99.9th(ms): 192.9, Max(ms): 192.9
[Current] DELIVERY - Takes(s): 10.0, Count: 200, TPM: 1200.1, Sum(ms): 17916.0, Avg(ms): 89.6, 50th(ms): 88.1, 90th(ms): 117.4, 95th(ms): 125.8, 99th(ms): 142.6, 99.9th(ms): 176.2, Max(ms): 176.2
[Current] NEW_ORDER - Takes(s): 10.0, Count: 2242, TPM: 13455.1, Sum(ms): 81036.3, Avg(ms): 36.2, 50th(ms): 35.7, 90th(ms): 46.1, 95th(ms): 50.3, 99th(ms): 58.7, 99.9th(ms): 71.3, Max(ms): 71.3
[Current] ORDER_STATUS - Takes(s): 9.9, Count: 196, TPM: 1185.3, Sum(ms): 3349.8, Avg(ms): 17.1, 50th(ms): 15.2, 90th(ms): 28.3, 95th(ms): 30.4, 99th(ms): 35.7, 99.9th(ms): 37.7, Max(ms): 37.7
[Current] PAYMENT - Takes(s): 10.0, Count: 2136, TPM: 12818.0, Sum(ms): 43445.8, Avg(ms): 20.3, 50th(ms): 19.9, 90th(ms): 26.2, 95th(ms): 29.4, 99th(ms): 37.7, 99.9th(ms): 46.1, Max(ms): 56.6
[Current] STOCK_LEVEL - Takes(s): 10.0, Count: 215, TPM: 1294.0, Sum(ms): 10472.7, Avg(ms): 48.8, 50th(ms): 32.5, 90th(ms): 113.2, 95th(ms): 130.0, 99th(ms): 167.8, 99.9th(ms): 176.2, Max(ms): 176.2
[Current] DELIVERY - Takes(s): 10.0, Count: 225, TPM: 1352.7, Sum(ms): 19631.7, Avg(ms): 87.3, 50th(ms): 83.9, 90th(ms): 109.1, 95th(ms): 117.4, 99th(ms): 151.0, 99.9th(ms): 159.4, Max(ms): 159.4
[Current] NEW_ORDER - Takes(s): 10.0, Count: 2317, TPM: 13913.0, Sum(ms): 80541.6, Avg(ms): 34.8, 50th(ms): 35.7, 90th(ms): 44.0, 95th(ms): 46.1, 99th(ms): 54.5, 99.9th(ms): 67.1, Max(ms): 71.3
[Current] ORDER_STATUS - Takes(s): 10.0, Count: 211, TPM: 1266.8, Sum(ms): 3534.1, Avg(ms): 16.8, 50th(ms): 15.2, 90th(ms): 26.2, 95th(ms): 29.4, 99th(ms): 35.7, 99.9th(ms): 39.8, Max(ms): 39.8
[Current] PAYMENT - Takes(s): 10.0, Count: 2187, TPM: 13126.7, Sum(ms): 43834.8, Avg(ms): 20.0, 50th(ms): 19.9, 90th(ms): 26.2, 95th(ms): 28.3, 99th(ms): 35.7, 99.9th(ms): 48.2, Max(ms): 65.0
[Current] STOCK_LEVEL - Takes(s): 10.0, Count: 213, TPM: 1279.7, Sum(ms): 8649.0, Avg(ms): 40.6, 50th(ms): 30.4, 90th(ms): 83.9, 95th(ms): 96.5, 99th(ms): 125.8, 99.9th(ms): 142.6, Max(ms): 142.6
[Current] DELIVERY - Takes(s): 10.0, Count: 207, TPM: 1247.3, Sum(ms): 17821.1, Avg(ms): 86.1, 50th(ms): 88.1, 90th(ms): 104.9, 95th(ms): 109.1, 99th(ms): 117.4, 99.9th(ms): 121.6, Max(ms): 121.6
[Current] NEW_ORDER - Takes(s): 10.0, Count: 2418, TPM: 14517.8, Sum(ms): 81842.8, Avg(ms): 33.9, 50th(ms): 33.6, 90th(ms): 41.9, 95th(ms): 46.1, 99th(ms): 52.4, 99.9th(ms): 65.0, Max(ms): 75.5
[Current] ORDER_STATUS - Takes(s): 10.0, Count: 212, TPM: 1276.5, Sum(ms): 3496.0, Avg(ms): 16.5, 50th(ms): 14.7, 90th(ms): 27.3, 95th(ms): 29.4, 99th(ms): 33.6, 99.9th(ms): 50.3, Max(ms): 50.3
[Current] PAYMENT - Takes(s): 10.0, Count: 2304, TPM: 13834.3, Sum(ms): 45169.4, Avg(ms): 19.6, 50th(ms): 19.9, 90th(ms): 25.2, 95th(ms): 27.3, 99th(ms): 37.7, 99.9th(ms): 52.4, Max(ms): 60.8
[Current] STOCK_LEVEL - Takes(s): 10.0, Count: 211, TPM: 1269.4, Sum(ms): 7502.4, Avg(ms): 35.6, 50th(ms): 28.3, 90th(ms): 71.3, 95th(ms): 83.9, 99th(ms): 100.7, 99.9th(ms): 113.2, Max(ms): 113.2
Finished
[Summary] DELIVERY - Takes(s): 599.9, Count: 12298, TPM: 1229.9, Sum(ms): 1104446.6, Avg(ms): 89.8, 50th(ms): 92.3, 90th(ms): 109.1, 95th(ms): 113.2, 99th(ms): 142.6, 99.9th(ms): 176.2, Max(ms): 218.1
[Summary] NEW_ORDER - Takes(s): 600.0, Count: 139930, TPM: 13993.0, Sum(ms): 4903605.3, Avg(ms): 35.1, 50th(ms): 35.7, 90th(ms): 44.0, 95th(ms): 48.2, 99th(ms): 56.6, 99.9th(ms): 71.3, Max(ms): 96.5
[Summary] ORDER_STATUS - Takes(s): 599.9, Count: 12350, TPM: 1235.2, Sum(ms): 218618.0, Avg(ms): 17.7, 50th(ms): 15.7, 90th(ms): 29.4, 95th(ms): 32.5, 99th(ms): 39.8, 99.9th(ms): 50.3, Max(ms): 67.1
[Summary] PAYMENT - Takes(s): 600.0, Count: 133483, TPM: 13347.9, Sum(ms): 2761058.4, Avg(ms): 20.7, 50th(ms): 21.0, 90th(ms): 26.2, 95th(ms): 28.3, 99th(ms): 37.7, 99.9th(ms): 52.4, Max(ms): 79.7
[Summary] STOCK_LEVEL - Takes(s): 599.9, Count: 12146, TPM: 1214.8, Sum(ms): 367759.5, Avg(ms): 30.3, 50th(ms): 24.1, 90th(ms): 48.2, 95th(ms): 75.5, 99th(ms): 159.4, 99.9th(ms): 318.8, Max(ms): 419.4
tpmC: 13993.0, tpmTotal: 31020.8, efficiency: 850.1%
