2026/04/27 16:49:32 maxprocs: Leaving GOMAXPROCS=4: CPU quota undefined
[Current] DELIVERY - Takes(s): 9.6, Count: 318, TPM: 1983.3, Sum(ms): 87874.8, Avg(ms): 276.0, 50th(ms): 268.4, 90th(ms): 352.3, 95th(ms): 385.9, 99th(ms): 520.1, 99.9th(ms): 637.5, Max(ms): 637.5
[Current] NEW_ORDER - Takes(s): 9.8, Count: 3194, TPM: 19562.3, Sum(ms): 307666.6, Avg(ms): 96.3, 50th(ms): 96.5, 90th(ms): 125.8, 95th(ms): 142.6, 99th(ms): 176.2, 99.9th(ms): 226.5, Max(ms): 251.7
[Current] ORDER_STATUS - Takes(s): 9.8, Count: 298, TPM: 1819.9, Sum(ms): 12390.4, Avg(ms): 41.6, 50th(ms): 39.8, 90th(ms): 60.8, 95th(ms): 71.3, 99th(ms): 83.9, 99.9th(ms): 92.3, Max(ms): 92.3
[Current] PAYMENT - Takes(s): 9.8, Count: 3141, TPM: 19165.7, Sum(ms): 192930.1, Avg(ms): 61.4, 50th(ms): 58.7, 90th(ms): 88.1, 95th(ms): 104.9, 99th(ms): 134.2, 99.9th(ms): 192.9, Max(ms): 218.1
[Current] STOCK_LEVEL - Takes(s): 9.8, Count: 277, TPM: 1690.3, Sum(ms): 13339.1, Avg(ms): 48.2, 50th(ms): 48.2, 90th(ms): 62.9, 95th(ms): 67.1, 99th(ms): 92.3, 99.9th(ms): 125.8, Max(ms): 125.8
[Current] DELIVERY - Takes(s): 10.0, Count: 306, TPM: 1841.1, Sum(ms): 77831.1, Avg(ms): 254.5, 50th(ms): 243.3, 90th(ms): 335.5, 95th(ms): 402.7, 99th(ms): 570.4, 99.9th(ms): 671.1, Max(ms): 671.1
[Current] NEW_ORDER - Takes(s): 10.0, Count: 3600, TPM: 21604.9, Sum(ms): 322261.1, Avg(ms): 89.5, 50th(ms): 88.1, 90th(ms): 121.6, 95th(ms): 142.6, 99th(ms): 167.8, 99.9th(ms): 209.7, Max(ms): 243.3
[Current] ORDER_STATUS - Takes(s): 10.0, Count: 320, TPM: 1920.8, Sum(ms): 12331.4, Avg(ms): 38.5, 50th(ms): 37.7, 90th(ms): 54.5, 95th(ms): 62.9, 99th(ms): 83.9, 99.9th(ms): 92.3, Max(ms): 92.3
[Current] PAYMENT - Takes(s): 10.0, Count: 3486, TPM: 20921.0, Sum(ms): 199740.0, Avg(ms): 57.3, 50th(ms): 54.5, 90th(ms): 83.9, 95th(ms): 100.7, 99th(ms): 130.0, 99.9th(ms): 176.2, Max(ms): 201.3
[Current] STOCK_LEVEL - Takes(s): 10.0, Count: 310, TPM: 1865.0, Sum(ms): 14270.1, Avg(ms): 46.0, 50th(ms): 46.1, 90th(ms): 60.8, 95th(ms): 67.1, 99th(ms): 79.7, 99.9th(ms): 92.3, Max(ms): 92.3
[Current] DELIVERY - Takes(s): 10.0, Count: 284, TPM: 1709.1, Sum(ms): 75252.3, Avg(ms): 265.0, 50th(ms): 251.7, 90th(ms): 385.9, 95th(ms): 402.7, 99th(ms): 520.1, 99.9th(ms): 570.4, Max(ms): 570.4
[Current] NEW_ORDER - Takes(s): 10.0, Count: 3297, TPM: 19782.9, Sum(ms): 314921.9, Avg(ms): 95.5, 50th(ms): 92.3, 90th(ms): 134.2, 95th(ms): 151.0, 99th(ms): 201.3, 99.9th(ms): 268.4, Max(ms): 436.2
[Current] ORDER_STATUS - Takes(s): 10.0, Count: 346, TPM: 2077.0, Sum(ms): 14402.7, Avg(ms): 41.7, 50th(ms): 39.8, 90th(ms): 67.1, 95th(ms): 75.5, 99th(ms): 92.3, 99.9th(ms): 113.2, Max(ms): 113.2
[Current] PAYMENT - Takes(s): 10.0, Count: 3217, TPM: 19302.9, Sum(ms): 199602.6, Avg(ms): 62.1, 50th(ms): 56.6, 90th(ms): 96.5, 95th(ms): 113.2, 99th(ms): 159.4, 99.9th(ms): 209.7, Max(ms): 243.3
[Current] STOCK_LEVEL - Takes(s): 10.0, Count: 327, TPM: 1967.9, Sum(ms): 18971.9, Avg(ms): 58.0, 50th(ms): 52.4, 90th(ms): 79.7, 95th(ms): 100.7, 99th(ms): 260.0, 99.9th(ms): 369.1, Max(ms): 369.1
[Current] DELIVERY - Takes(s): 10.0, Count: 297, TPM: 1782.4, Sum(ms): 80519.7, Avg(ms): 271.1, 50th(ms): 260.0, 90th(ms): 369.1, 95th(ms): 419.4, 99th(ms): 486.5, 99.9th(ms): 604.0, Max(ms): 604.0
[Current] NEW_ORDER - Takes(s): 10.0, Count: 3481, TPM: 20886.6, Sum(ms): 325289.9, Avg(ms): 93.5, 50th(ms): 92.3, 90th(ms): 125.8, 95th(ms): 142.6, 99th(ms): 176.2, 99.9th(ms): 218.1, Max(ms): 251.7
[Current] ORDER_STATUS - Takes(s): 10.0, Count: 291, TPM: 1746.8, Sum(ms): 11690.5, Avg(ms): 40.2, 50th(ms): 39.8, 90th(ms): 56.6, 95th(ms): 62.9, 99th(ms): 79.7, 99.9th(ms): 88.1, Max(ms): 88.1
[Current] PAYMENT - Takes(s): 10.0, Count: 3202, TPM: 19234.9, Sum(ms): 194932.3, Avg(ms): 60.9, 50th(ms): 56.6, 90th(ms): 88.1, 95th(ms): 104.9, 99th(ms): 142.6, 99.9th(ms): 184.5, Max(ms): 234.9
[Current] STOCK_LEVEL - Takes(s): 10.0, Count: 282, TPM: 1700.3, Sum(ms): 15353.8, Avg(ms): 54.4, 50th(ms): 52.4, 90th(ms): 75.5, 95th(ms): 83.9, 99th(ms): 109.1, 99.9th(ms): 130.0, Max(ms): 130.0
[Current] DELIVERY - Takes(s): 10.0, Count: 362, TPM: 2174.4, Sum(ms): 89665.8, Avg(ms): 247.5, 50th(ms): 243.3, 90th(ms): 335.5, 95th(ms): 369.1, 99th(ms): 453.0, 99.9th(ms): 520.1, Max(ms): 520.1
[Current] NEW_ORDER - Takes(s): 10.0, Count: 3528, TPM: 21175.1, Sum(ms): 304702.0, Avg(ms): 86.4, 50th(ms): 83.9, 90th(ms): 113.2, 95th(ms): 130.0, 99th(ms): 176.2, 99.9th(ms): 201.3, Max(ms): 243.3
[Current] ORDER_STATUS - Takes(s): 10.0, Count: 319, TPM: 1920.1, Sum(ms): 11470.8, Avg(ms): 36.0, 50th(ms): 35.7, 90th(ms): 50.3, 95th(ms): 58.7, 99th(ms): 75.5, 99.9th(ms): 113.2, Max(ms): 113.2
[Current] PAYMENT - Takes(s): 10.0, Count: 3577, TPM: 21474.2, Sum(ms): 204326.5, Avg(ms): 57.1, 50th(ms): 52.4, 90th(ms): 83.9, 95th(ms): 100.7, 99th(ms): 134.2, 99.9th(ms): 184.5, Max(ms): 234.9
[Current] STOCK_LEVEL - Takes(s): 10.0, Count: 329, TPM: 1975.0, Sum(ms): 15595.7, Avg(ms): 47.4, 50th(ms): 46.1, 90th(ms): 62.9, 95th(ms): 71.3, 99th(ms): 92.3, 99.9th(ms): 96.5, Max(ms): 96.5
[Current] DELIVERY - Takes(s): 10.0, Count: 322, TPM: 1932.4, Sum(ms): 79253.4, Avg(ms): 246.3, 50th(ms): 243.3, 90th(ms): 318.8, 95th(ms): 352.3, 99th(ms): 469.8, 99.9th(ms): 520.1, Max(ms): 520.1
[Current] NEW_ORDER - Takes(s): 10.0, Count: 3580, TPM: 21481.3, Sum(ms): 313707.4, Avg(ms): 87.7, 50th(ms): 88.1, 90th(ms): 113.2, 95th(ms): 130.0, 99th(ms): 167.8, 99.9th(ms): 218.1, Max(ms): 260.0
[Current] ORDER_STATUS - Takes(s): 10.0, Count: 373, TPM: 2243.9, Sum(ms): 13816.5, Avg(ms): 37.0, 50th(ms): 35.7, 90th(ms): 56.6, 95th(ms): 58.7, 99th(ms): 71.3, 99.9th(ms): 104.9, Max(ms): 104.9
[Current] PAYMENT - Takes(s): 10.0, Count: 3545, TPM: 21273.0, Sum(ms): 200000.6, Avg(ms): 56.4, 50th(ms): 52.4, 90th(ms): 79.7, 95th(ms): 96.5, 99th(ms): 121.6, 99.9th(ms): 167.8, Max(ms): 226.5
[Current] STOCK_LEVEL - Takes(s): 10.0, Count: 356, TPM: 2143.5, Sum(ms): 19408.2, Avg(ms): 54.5, 50th(ms): 48.2, 90th(ms): 71.3, 95th(ms): 83.9, 99th(ms): 302.0, 99.9th(ms): 436.2, Max(ms): 436.2
[Current] DELIVERY - Takes(s): 9.9, Count: 344, TPM: 2075.4, Sum(ms): 83607.4, Avg(ms): 243.2, 50th(ms): 234.9, 90th(ms): 318.8, 95th(ms): 335.5, 99th(ms): 419.4, 99.9th(ms): 453.0, Max(ms): 453.0
[Current] NEW_ORDER - Takes(s): 10.0, Count: 3738, TPM: 22442.6, Sum(ms): 314331.5, Avg(ms): 84.1, 50th(ms): 83.9, 90th(ms): 109.1, 95th(ms): 121.6, 99th(ms): 159.4, 99.9th(ms): 209.7, Max(ms): 234.9
[Current] ORDER_STATUS - Takes(s): 10.0, Count: 349, TPM: 2101.3, Sum(ms): 12051.9, Avg(ms): 34.5, 50th(ms): 33.6, 90th(ms): 48.2, 95th(ms): 54.5, 99th(ms): 65.0, 99.9th(ms): 88.1, Max(ms): 88.1
[Current] PAYMENT - Takes(s): 10.0, Count: 3674, TPM: 22045.2, Sum(ms): 200128.5, Avg(ms): 54.5, 50th(ms): 52.4, 90th(ms): 75.5, 95th(ms): 92.3, 99th(ms): 117.4, 99.9th(ms): 151.0, Max(ms): 167.8
[Current] STOCK_LEVEL - Takes(s): 10.0, Count: 347, TPM: 2085.1, Sum(ms): 15856.0, Avg(ms): 45.7, 50th(ms): 46.1, 90th(ms): 62.9, 95th(ms): 67.1, 99th(ms): 83.9, 99.9th(ms): 201.3, Max(ms): 201.3
[Current] DELIVERY - Takes(s): 9.8, Count: 340, TPM: 2073.0, Sum(ms): 82998.2, Avg(ms): 244.1, 50th(ms): 234.9, 90th(ms): 318.8, 95th(ms): 369.1, 99th(ms): 503.3, 99.9th(ms): 604.0, Max(ms): 604.0
[Current] NEW_ORDER - Takes(s): 10.0, Count: 3771, TPM: 22629.2, Sum(ms): 317501.9, Avg(ms): 84.2, 50th(ms): 83.9, 90th(ms): 113.2, 95th(ms): 125.8, 99th(ms): 159.4, 99.9th(ms): 201.3, Max(ms): 218.1
[Current] ORDER_STATUS - Takes(s): 10.0, Count: 357, TPM: 2152.3, Sum(ms): 13169.1, Avg(ms): 36.9, 50th(ms): 35.7, 90th(ms): 52.4, 95th(ms): 60.8, 99th(ms): 75.5, 99.9th(ms): 104.9, Max(ms): 104.9
[Current] PAYMENT - Takes(s): 10.0, Count: 3555, TPM: 21329.9, Sum(ms): 197545.6, Avg(ms): 55.6, 50th(ms): 52.4, 90th(ms): 79.7, 95th(ms): 96.5, 99th(ms): 125.8, 99.9th(ms): 176.2, Max(ms): 243.3
[Current] STOCK_LEVEL - Takes(s): 10.0, Count: 305, TPM: 1830.0, Sum(ms): 14292.2, Avg(ms): 46.9, 50th(ms): 48.2, 90th(ms): 62.9, 95th(ms): 65.0, 99th(ms): 75.5, 99.9th(ms): 104.9, Max(ms): 104.9
[Current] DELIVERY - Takes(s): 9.9, Count: 329, TPM: 1989.2, Sum(ms): 77878.3, Avg(ms): 236.9, 50th(ms): 234.9, 90th(ms): 285.2, 95th(ms): 352.3, 99th(ms): 453.0, 99.9th(ms): 469.8, Max(ms): 469.8
[Current] NEW_ORDER - Takes(s): 10.0, Count: 3740, TPM: 22453.3, Sum(ms): 315347.0, Avg(ms): 84.3, 50th(ms): 83.9, 90th(ms): 109.1, 95th(ms): 121.6, 99th(ms): 159.4, 99.9th(ms): 209.7, Max(ms): 243.3
[Current] ORDER_STATUS - Takes(s): 10.0, Count: 385, TPM: 2314.3, Sum(ms): 13736.3, Avg(ms): 35.7, 50th(ms): 35.7, 90th(ms): 52.4, 95th(ms): 56.6, 99th(ms): 67.1, 99.9th(ms): 121.6, Max(ms): 121.6
[Current] PAYMENT - Takes(s): 10.0, Count: 3662, TPM: 21981.5, Sum(ms): 201265.4, Avg(ms): 55.0, 50th(ms): 52.4, 90th(ms): 79.7, 95th(ms): 92.3, 99th(ms): 125.8, 99.9th(ms): 159.4, Max(ms): 167.8
[Current] STOCK_LEVEL - Takes(s): 10.0, Count: 359, TPM: 2157.8, Sum(ms): 16661.9, Avg(ms): 46.4, 50th(ms): 46.1, 90th(ms): 62.9, 95th(ms): 71.3, 99th(ms): 79.7, 99.9th(ms): 92.3, Max(ms): 92.3
[Current] DELIVERY - Takes(s): 10.0, Count: 367, TPM: 2205.3, Sum(ms): 88805.9, Avg(ms): 242.0, 50th(ms): 234.9, 90th(ms): 302.0, 95th(ms): 352.3, 99th(ms): 402.7, 99.9th(ms): 486.5, Max(ms): 486.5
[Current] NEW_ORDER - Takes(s): 10.0, Count: 3705, TPM: 22238.2, Sum(ms): 311438.6, Avg(ms): 84.1, 50th(ms): 83.9, 90th(ms): 109.1, 95th(ms): 121.6, 99th(ms): 151.0, 99.9th(ms): 176.2, Max(ms): 226.5
[Current] ORDER_STATUS - Takes(s): 10.0, Count: 348, TPM: 2090.0, Sum(ms): 12263.4, Avg(ms): 35.3, 50th(ms): 35.7, 90th(ms): 50.3, 95th(ms): 54.5, 99th(ms): 75.5, 99.9th(ms): 79.7, Max(ms): 79.7
[Current] PAYMENT - Takes(s): 10.0, Count: 3543, TPM: 21262.8, Sum(ms): 197165.3, Avg(ms): 55.7, 50th(ms): 52.4, 90th(ms): 79.7, 95th(ms): 92.3, 99th(ms): 130.0, 99.9th(ms): 167.8, Max(ms): 201.3
[Current] STOCK_LEVEL - Takes(s): 10.0, Count: 331, TPM: 1992.6, Sum(ms): 15817.7, Avg(ms): 47.8, 50th(ms): 48.2, 90th(ms): 62.9, 95th(ms): 67.1, 99th(ms): 75.5, 99.9th(ms): 92.3, Max(ms): 92.3
[Current] DELIVERY - Takes(s): 9.9, Count: 367, TPM: 2219.4, Sum(ms): 88285.4, Avg(ms): 240.7, 50th(ms): 234.9, 90th(ms): 285.2, 95th(ms): 369.1, 99th(ms): 469.8, 99.9th(ms): 704.6, Max(ms): 704.6
[Current] NEW_ORDER - Takes(s): 10.0, Count: 3693, TPM: 22163.3, Sum(ms): 312512.5, Avg(ms): 84.7, 50th(ms): 83.9, 90th(ms): 109.1, 95th(ms): 121.6, 99th(ms): 159.4, 99.9th(ms): 226.5, Max(ms): 260.0
[Current] ORDER_STATUS - Takes(s): 10.0, Count: 323, TPM: 1942.3, Sum(ms): 11865.3, Avg(ms): 36.7, 50th(ms): 35.7, 90th(ms): 52.4, 95th(ms): 58.7, 99th(ms): 71.3, 99.9th(ms): 92.3, Max(ms): 92.3
[Current] PAYMENT - Takes(s): 10.0, Count: 3525, TPM: 21159.8, Sum(ms): 196004.6, Avg(ms): 55.6, 50th(ms): 52.4, 90th(ms): 79.7, 95th(ms): 92.3, 99th(ms): 134.2, 99.9th(ms): 201.3, Max(ms): 260.0
[Current] STOCK_LEVEL - Takes(s): 10.0, Count: 302, TPM: 1812.9, Sum(ms): 16396.7, Avg(ms): 54.3, 50th(ms): 48.2, 90th(ms): 67.1, 95th(ms): 79.7, 99th(ms): 285.2, 99.9th(ms): 385.9, Max(ms): 385.9
[Current] DELIVERY - Takes(s): 10.0, Count: 317, TPM: 1904.1, Sum(ms): 75291.0, Avg(ms): 237.6, 50th(ms): 234.9, 90th(ms): 302.0, 95th(ms): 352.3, 99th(ms): 453.0, 99.9th(ms): 503.3, Max(ms): 503.3
[Current] NEW_ORDER - Takes(s): 10.0, Count: 3823, TPM: 22948.5, Sum(ms): 320741.1, Avg(ms): 83.9, 50th(ms): 83.9, 90th(ms): 113.2, 95th(ms): 125.8, 99th(ms): 159.4, 99.9th(ms): 184.5, Max(ms): 192.9
[Current] ORDER_STATUS - Takes(s): 10.0, Count: 330, TPM: 1980.3, Sum(ms): 11308.7, Avg(ms): 34.3, 50th(ms): 33.6, 90th(ms): 48.2, 95th(ms): 54.5, 99th(ms): 67.1, 99.9th(ms): 113.2, Max(ms): 113.2
[Current] PAYMENT - Takes(s): 10.0, Count: 3672, TPM: 22038.6, Sum(ms): 201738.1, Avg(ms): 55.0, 50th(ms): 52.4, 90th(ms): 79.7, 95th(ms): 92.3, 99th(ms): 125.8, 99.9th(ms): 151.0, Max(ms): 209.7
[Current] STOCK_LEVEL - Takes(s): 10.0, Count: 360, TPM: 2163.7, Sum(ms): 17496.1, Avg(ms): 48.6, 50th(ms): 46.1, 90th(ms): 62.9, 95th(ms): 71.3, 99th(ms): 121.6, 99.9th(ms): 318.8, Max(ms): 318.8
[Current] DELIVERY - Takes(s): 10.0, Count: 316, TPM: 1899.5, Sum(ms): 78383.4, Avg(ms): 248.1, 50th(ms): 243.3, 90th(ms): 318.8, 95th(ms): 352.3, 99th(ms): 453.0, 99.9th(ms): 604.0, Max(ms): 604.0
[Current] NEW_ORDER - Takes(s): 10.0, Count: 3769, TPM: 22615.1, Sum(ms): 319217.1, Avg(ms): 84.7, 50th(ms): 83.9, 90th(ms): 109.1, 95th(ms): 117.4, 99th(ms): 159.4, 99.9th(ms): 218.1, Max(ms): 302.0
[Current] ORDER_STATUS - Takes(s): 10.0, Count: 320, TPM: 1926.5, Sum(ms): 11396.1, Avg(ms): 35.6, 50th(ms): 35.7, 90th(ms): 50.3, 95th(ms): 56.6, 99th(ms): 71.3, 99.9th(ms): 83.9, Max(ms): 83.9
[Current] PAYMENT - Takes(s): 10.0, Count: 3544, TPM: 21294.0, Sum(ms): 198881.4, Avg(ms): 56.1, 50th(ms): 52.4, 90th(ms): 79.7, 95th(ms): 96.5, 99th(ms): 130.0, 99.9th(ms): 176.2, Max(ms): 218.1
[Current] STOCK_LEVEL - Takes(s): 10.0, Count: 344, TPM: 2071.7, Sum(ms): 17227.1, Avg(ms): 50.1, 50th(ms): 48.2, 90th(ms): 65.0, 95th(ms): 75.5, 99th(ms): 100.7, 99.9th(ms): 125.8, Max(ms): 125.8
[Current] DELIVERY - Takes(s): 10.0, Count: 313, TPM: 1885.5, Sum(ms): 79096.7, Avg(ms): 252.9, 50th(ms): 243.3, 90th(ms): 335.5, 95th(ms): 385.9, 99th(ms): 486.5, 99.9th(ms): 570.4, Max(ms): 570.4
[Current] NEW_ORDER - Takes(s): 10.0, Count: 3588, TPM: 21531.3, Sum(ms): 317565.2, Avg(ms): 88.5, 50th(ms): 88.1, 90th(ms): 121.6, 95th(ms): 134.2, 99th(ms): 167.8, 99.9th(ms): 201.3, Max(ms): 243.3
[Current] ORDER_STATUS - Takes(s): 10.0, Count: 318, TPM: 1914.5, Sum(ms): 11792.4, Avg(ms): 37.1, 50th(ms): 35.7, 90th(ms): 54.5, 95th(ms): 62.9, 99th(ms): 75.5, 99.9th(ms): 92.3, Max(ms): 92.3
[Current] PAYMENT - Takes(s): 10.0, Count: 3455, TPM: 20734.5, Sum(ms): 198305.2, Avg(ms): 57.4, 50th(ms): 54.5, 90th(ms): 83.9, 95th(ms): 96.5, 99th(ms): 130.0, 99.9th(ms): 192.9, Max(ms): 234.9
[Current] STOCK_LEVEL - Takes(s): 10.0, Count: 318, TPM: 1910.5, Sum(ms): 19135.2, Avg(ms): 60.2, 50th(ms): 52.4, 90th(ms): 75.5, 95th(ms): 92.3, 99th(ms): 419.4, 99.9th(ms): 536.9, Max(ms): 536.9
[Current] DELIVERY - Takes(s): 10.0, Count: 304, TPM: 1825.4, Sum(ms): 79256.3, Avg(ms): 260.9, 50th(ms): 251.7, 90th(ms): 335.5, 95th(ms): 369.1, 99th(ms): 486.5, 99.9th(ms): 604.0, Max(ms): 604.0
[Current] NEW_ORDER - Takes(s): 10.0, Count: 3542, TPM: 21253.0, Sum(ms): 319858.3, Avg(ms): 90.3, 50th(ms): 88.1, 90th(ms): 117.4, 95th(ms): 130.0, 99th(ms): 167.8, 99.9th(ms): 201.3, Max(ms): 226.5
[Current] ORDER_STATUS - Takes(s): 10.0, Count: 307, TPM: 1845.6, Sum(ms): 11619.3, Avg(ms): 37.9, 50th(ms): 37.7, 90th(ms): 54.5, 95th(ms): 60.8, 99th(ms): 75.5, 99.9th(ms): 83.9, Max(ms): 83.9
[Current] PAYMENT - Takes(s): 10.0, Count: 3332, TPM: 19994.2, Sum(ms): 197922.4, Avg(ms): 59.5, 50th(ms): 56.6, 90th(ms): 83.9, 95th(ms): 100.7, 99th(ms): 134.2, 99.9th(ms): 184.5, Max(ms): 302.0
[Current] STOCK_LEVEL - Takes(s): 10.0, Count: 303, TPM: 1821.2, Sum(ms): 16989.6, Avg(ms): 56.2, 50th(ms): 52.4, 90th(ms): 75.5, 95th(ms): 92.3, 99th(ms): 159.4, 99.9th(ms): 201.3, Max(ms): 201.3
[Current] DELIVERY - Takes(s): 10.0, Count: 272, TPM: 1634.7, Sum(ms): 69844.2, Avg(ms): 256.7, 50th(ms): 251.7, 90th(ms): 318.8, 95th(ms): 335.5, 99th(ms): 419.4, 99.9th(ms): 570.4, Max(ms): 570.4
[Current] NEW_ORDER - Takes(s): 10.0, Count: 3549, TPM: 21300.0, Sum(ms): 328656.4, Avg(ms): 92.7, 50th(ms): 92.3, 90th(ms): 121.6, 95th(ms): 142.6, 99th(ms): 176.2, 99.9th(ms): 234.9, Max(ms): 369.1
[Current] ORDER_STATUS - Takes(s): 9.9, Count: 321, TPM: 1950.2, Sum(ms): 12796.3, Avg(ms): 39.8, 50th(ms): 39.8, 90th(ms): 58.7, 95th(ms): 65.0, 99th(ms): 83.9, 99.9th(ms): 104.9, Max(ms): 104.9
[Current] PAYMENT - Takes(s): 10.0, Count: 3239, TPM: 19436.6, Sum(ms): 194282.9, Avg(ms): 60.0, 50th(ms): 56.6, 90th(ms): 88.1, 95th(ms): 100.7, 99th(ms): 142.6, 99.9th(ms): 192.9, Max(ms): 218.1
[Current] STOCK_LEVEL - Takes(s): 10.0, Count: 358, TPM: 2148.4, Sum(ms): 18924.8, Avg(ms): 52.9, 50th(ms): 50.3, 90th(ms): 71.3, 95th(ms): 79.7, 99th(ms): 100.7, 99.9th(ms): 159.4, Max(ms): 159.4
[Current] DELIVERY - Takes(s): 10.0, Count: 300, TPM: 1804.9, Sum(ms): 79682.1, Avg(ms): 265.7, 50th(ms): 260.0, 90th(ms): 352.3, 95th(ms): 385.9, 99th(ms): 453.0, 99.9th(ms): 637.5, Max(ms): 637.5
[Current] NEW_ORDER - Takes(s): 10.0, Count: 3463, TPM: 20780.4, Sum(ms): 323177.8, Avg(ms): 93.4, 50th(ms): 92.3, 90th(ms): 121.6, 95th(ms): 134.2, 99th(ms): 176.2, 99.9th(ms): 218.1, Max(ms): 285.2
[Current] ORDER_STATUS - Takes(s): 10.0, Count: 274, TPM: 1647.9, Sum(ms): 11876.0, Avg(ms): 43.3, 50th(ms): 41.9, 90th(ms): 62.9, 95th(ms): 67.1, 99th(ms): 88.1, 99.9th(ms): 96.5, Max(ms): 96.5
[Current] PAYMENT - Takes(s): 10.0, Count: 3192, TPM: 19162.6, Sum(ms): 193681.6, Avg(ms): 60.7, 50th(ms): 56.6, 90th(ms): 88.1, 95th(ms): 104.9, 99th(ms): 134.2, 99.9th(ms): 192.9, Max(ms): 226.5
[Current] STOCK_LEVEL - Takes(s): 10.0, Count: 300, TPM: 1801.0, Sum(ms): 18141.4, Avg(ms): 60.5, 50th(ms): 54.5, 90th(ms): 75.5, 95th(ms): 88.1, 99th(ms): 335.5, 99.9th(ms): 469.8, Max(ms): 469.8
[Current] DELIVERY - Takes(s): 10.0, Count: 301, TPM: 1812.3, Sum(ms): 84159.5, Avg(ms): 279.5, 50th(ms): 268.4, 90th(ms): 369.1, 95th(ms): 436.2, 99th(ms): 604.0, 99.9th(ms): 604.0, Max(ms): 604.0
[Current] NEW_ORDER - Takes(s): 10.0, Count: 3374, TPM: 20248.2, Sum(ms): 320219.6, Avg(ms): 94.9, 50th(ms): 92.3, 90th(ms): 125.8, 95th(ms): 142.6, 99th(ms): 176.2, 99.9th(ms): 226.5, Max(ms): 260.0
[Current] ORDER_STATUS - Takes(s): 10.0, Count: 293, TPM: 1761.3, Sum(ms): 12010.2, Avg(ms): 41.0, 50th(ms): 39.8, 90th(ms): 58.7, 95th(ms): 65.0, 99th(ms): 79.7, 99.9th(ms): 92.3, Max(ms): 92.3
[Current] PAYMENT - Takes(s): 10.0, Count: 3089, TPM: 18533.6, Sum(ms): 191811.9, Avg(ms): 62.1, 50th(ms): 58.7, 90th(ms): 88.1, 95th(ms): 104.9, 99th(ms): 142.6, 99.9th(ms): 192.9, Max(ms): 201.3
[Current] STOCK_LEVEL - Takes(s): 10.0, Count: 288, TPM: 1728.8, Sum(ms): 17700.1, Avg(ms): 61.5, 50th(ms): 56.6, 90th(ms): 79.7, 95th(ms): 92.3, 99th(ms): 176.2, 99.9th(ms): 385.9, Max(ms): 385.9
[Current] DELIVERY - Takes(s): 10.0, Count: 295, TPM: 1776.1, Sum(ms): 82626.6, Avg(ms): 280.4, 50th(ms): 285.2, 90th(ms): 369.1, 95th(ms): 419.4, 99th(ms): 503.3, 99.9th(ms): 536.9, Max(ms): 536.9
[Current] NEW_ORDER - Takes(s): 10.0, Count: 3397, TPM: 20385.6, Sum(ms): 320553.5, Avg(ms): 94.4, 50th(ms): 92.3, 90th(ms): 121.6, 95th(ms): 142.6, 99th(ms): 176.2, 99.9th(ms): 226.5, Max(ms): 251.7
[Current] ORDER_STATUS - Takes(s): 10.0, Count: 287, TPM: 1723.4, Sum(ms): 11865.8, Avg(ms): 41.4, 50th(ms): 39.8, 90th(ms): 58.7, 95th(ms): 65.0, 99th(ms): 79.7, 99.9th(ms): 96.5, Max(ms): 96.5
[Current] PAYMENT - Takes(s): 10.0, Count: 3122, TPM: 18745.2, Sum(ms): 194865.3, Avg(ms): 62.4, 50th(ms): 58.7, 90th(ms): 88.1, 95th(ms): 109.1, 99th(ms): 142.6, 99.9th(ms): 209.7, Max(ms): 243.3
[Current] STOCK_LEVEL - Takes(s): 10.0, Count: 297, TPM: 1785.9, Sum(ms): 15500.7, Avg(ms): 52.2, 50th(ms): 50.3, 90th(ms): 71.3, 95th(ms): 75.5, 99th(ms): 121.6, 99.9th(ms): 130.0, Max(ms): 130.0
[Current] DELIVERY - Takes(s): 10.0, Count: 325, TPM: 1956.4, Sum(ms): 84295.4, Avg(ms): 259.5, 50th(ms): 251.7, 90th(ms): 318.8, 95th(ms): 369.1, 99th(ms): 453.0, 99.9th(ms): 570.4, Max(ms): 570.4
[Current] NEW_ORDER - Takes(s): 10.0, Count: 3483, TPM: 20896.0, Sum(ms): 321309.2, Avg(ms): 92.3, 50th(ms): 92.3, 90th(ms): 121.6, 95th(ms): 134.2, 99th(ms): 176.2, 99.9th(ms): 234.9, Max(ms): 369.1
[Current] ORDER_STATUS - Takes(s): 10.0, Count: 292, TPM: 1757.6, Sum(ms): 11626.1, Avg(ms): 39.9, 50th(ms): 39.8, 90th(ms): 56.6, 95th(ms): 62.9, 99th(ms): 79.7, 99.9th(ms): 117.4, Max(ms): 117.4
[Current] PAYMENT - Takes(s): 10.0, Count: 3256, TPM: 19534.4, Sum(ms): 194401.0, Avg(ms): 59.7, 50th(ms): 56.6, 90th(ms): 83.9, 95th(ms): 100.7, 99th(ms): 134.2, 99.9th(ms): 218.1, Max(ms): 234.9
[Current] STOCK_LEVEL - Takes(s): 10.0, Count: 279, TPM: 1675.2, Sum(ms): 15111.5, Avg(ms): 54.2, 50th(ms): 52.4, 90th(ms): 71.3, 95th(ms): 79.7, 99th(ms): 109.1, 99.9th(ms): 302.0, Max(ms): 302.0
[Current] DELIVERY - Takes(s): 9.9, Count: 294, TPM: 1777.9, Sum(ms): 80641.5, Avg(ms): 274.2, 50th(ms): 260.0, 90th(ms): 369.1, 95th(ms): 453.0, 99th(ms): 536.9, 99.9th(ms): 604.0, Max(ms): 604.0
[Current] NEW_ORDER - Takes(s): 10.0, Count: 3434, TPM: 20613.3, Sum(ms): 322915.8, Avg(ms): 94.0, 50th(ms): 92.3, 90th(ms): 125.8, 95th(ms): 142.6, 99th(ms): 176.2, 99.9th(ms): 201.3, Max(ms): 536.9
[Current] ORDER_STATUS - Takes(s): 10.0, Count: 281, TPM: 1688.2, Sum(ms): 11781.7, Avg(ms): 41.9, 50th(ms): 41.9, 90th(ms): 62.9, 95th(ms): 67.1, 99th(ms): 83.9, 99.9th(ms): 104.9, Max(ms): 104.9
[Current] PAYMENT - Takes(s): 10.0, Count: 3068, TPM: 18415.8, Sum(ms): 190030.0, Avg(ms): 62.0, 50th(ms): 58.7, 90th(ms): 92.3, 95th(ms): 109.1, 99th(ms): 151.0, 99.9th(ms): 192.9, Max(ms): 268.4
[Current] STOCK_LEVEL - Takes(s): 10.0, Count: 274, TPM: 1645.4, Sum(ms): 18273.9, Avg(ms): 66.7, 50th(ms): 54.5, 90th(ms): 104.9, 95th(ms): 142.6, 99th(ms): 285.2, 99.9th(ms): 453.0, Max(ms): 453.0
[Current] DELIVERY - Takes(s): 10.0, Count: 309, TPM: 1856.1, Sum(ms): 85088.1, Avg(ms): 275.7, 50th(ms): 260.0, 90th(ms): 352.3, 95th(ms): 419.4, 99th(ms): 520.1, 99.9th(ms): 671.1, Max(ms): 671.1
[Current] NEW_ORDER - Takes(s): 10.0, Count: 3256, TPM: 19537.6, Sum(ms): 314227.1, Avg(ms): 96.5, 50th(ms): 96.5, 90th(ms): 125.8, 95th(ms): 142.6, 99th(ms): 192.9, 99.9th(ms): 243.3, Max(ms): 503.3
[Current] ORDER_STATUS - Takes(s): 10.0, Count: 283, TPM: 1702.3, Sum(ms): 11642.6, Avg(ms): 41.1, 50th(ms): 39.8, 90th(ms): 60.8, 95th(ms): 71.3, 99th(ms): 88.1, 99.9th(ms): 100.7, Max(ms): 100.7
[Current] PAYMENT - Takes(s): 10.0, Count: 3093, TPM: 18582.4, Sum(ms): 194939.0, Avg(ms): 63.1, 50th(ms): 58.7, 90th(ms): 92.3, 95th(ms): 109.1, 99th(ms): 151.0, 99.9th(ms): 192.9, Max(ms): 234.9
[Current] STOCK_LEVEL - Takes(s): 9.9, Count: 260, TPM: 1571.8, Sum(ms): 21738.9, Avg(ms): 83.6, 50th(ms): 67.1, 90th(ms): 159.4, 95th(ms): 176.2, 99th(ms): 209.7, 99.9th(ms): 226.5, Max(ms): 226.5
[Current] DELIVERY - Takes(s): 9.9, Count: 273, TPM: 1650.2, Sum(ms): 79513.1, Avg(ms): 291.6, 50th(ms): 285.2, 90th(ms): 369.1, 95th(ms): 436.2, 99th(ms): 604.0, 99.9th(ms): 671.1, Max(ms): 671.1
[Current] NEW_ORDER - Takes(s): 10.0, Count: 3088, TPM: 18529.6, Sum(ms): 311505.8, Avg(ms): 100.9, 50th(ms): 96.5, 90th(ms): 134.2, 95th(ms): 151.0, 99th(ms): 209.7, 99.9th(ms): 285.2, Max(ms): 302.0
[Current] ORDER_STATUS - Takes(s): 10.0, Count: 293, TPM: 1758.2, Sum(ms): 12769.0, Avg(ms): 43.6, 50th(ms): 44.0, 90th(ms): 60.8, 95th(ms): 67.1, 99th(ms): 96.5, 99.9th(ms): 142.6, Max(ms): 142.6
[Current] PAYMENT - Takes(s): 10.0, Count: 3051, TPM: 18309.5, Sum(ms): 201292.9, Avg(ms): 66.0, 50th(ms): 60.8, 90th(ms): 96.5, 95th(ms): 117.4, 99th(ms): 167.8, 99.9th(ms): 218.1, Max(ms): 268.4
[Current] STOCK_LEVEL - Takes(s): 10.0, Count: 295, TPM: 1770.5, Sum(ms): 20758.9, Avg(ms): 70.4, 50th(ms): 62.9, 90th(ms): 109.1, 95th(ms): 134.2, 99th(ms): 167.8, 99.9th(ms): 285.2, Max(ms): 285.2
[Current] DELIVERY - Takes(s): 10.0, Count: 276, TPM: 1656.4, Sum(ms): 77842.0, Avg(ms): 282.3, 50th(ms): 285.2, 90th(ms): 352.3, 95th(ms): 402.7, 99th(ms): 486.5, 99.9th(ms): 570.4, Max(ms): 570.4
[Current] NEW_ORDER - Takes(s): 10.0, Count: 3230, TPM: 19391.2, Sum(ms): 322832.8, Avg(ms): 100.0, 50th(ms): 100.7, 90th(ms): 130.0, 95th(ms): 151.0, 99th(ms): 192.9, 99.9th(ms): 243.3, Max(ms): 285.2
[Current] ORDER_STATUS - Takes(s): 10.0, Count: 294, TPM: 1765.2, Sum(ms): 12397.0, Avg(ms): 42.2, 50th(ms): 39.8, 90th(ms): 60.8, 95th(ms): 71.3, 99th(ms): 83.9, 99.9th(ms): 113.2, Max(ms): 113.2
[Current] PAYMENT - Takes(s): 10.0, Count: 2987, TPM: 17931.6, Sum(ms): 194456.7, Avg(ms): 65.1, 50th(ms): 60.8, 90th(ms): 92.3, 95th(ms): 113.2, 99th(ms): 159.4, 99.9th(ms): 201.3, Max(ms): 226.5
[Current] STOCK_LEVEL - Takes(s): 10.0, Count: 286, TPM: 1722.7, Sum(ms): 17945.8, Avg(ms): 62.7, 50th(ms): 58.7, 90th(ms): 88.1, 95th(ms): 121.6, 99th(ms): 184.5, 99.9th(ms): 201.3, Max(ms): 201.3
[Current] DELIVERY - Takes(s): 10.0, Count: 278, TPM: 1670.9, Sum(ms): 79371.0, Avg(ms): 285.8, 50th(ms): 285.2, 90th(ms): 369.1, 95th(ms): 419.4, 99th(ms): 486.5, 99.9th(ms): 570.4, Max(ms): 570.4
[Current] NEW_ORDER - Takes(s): 10.0, Count: 3197, TPM: 19182.2, Sum(ms): 315355.1, Avg(ms): 98.6, 50th(ms): 96.5, 90th(ms): 134.2, 95th(ms): 151.0, 99th(ms): 192.9, 99.9th(ms): 234.9, Max(ms): 302.0
[Current] ORDER_STATUS - Takes(s): 10.0, Count: 287, TPM: 1730.1, Sum(ms): 12174.8, Avg(ms): 42.5, 50th(ms): 41.9, 90th(ms): 58.7, 95th(ms): 65.0, 99th(ms): 79.7, 99.9th(ms): 96.5, Max(ms): 96.5
[Current] PAYMENT - Takes(s): 10.0, Count: 3093, TPM: 18558.4, Sum(ms): 202854.7, Avg(ms): 65.6, 50th(ms): 60.8, 90th(ms): 96.5, 95th(ms): 113.2, 99th(ms): 151.0, 99.9th(ms): 184.5, Max(ms): 251.7
[Current] STOCK_LEVEL - Takes(s): 9.9, Count: 285, TPM: 1724.1, Sum(ms): 16393.6, Avg(ms): 57.5, 50th(ms): 54.5, 90th(ms): 79.7, 95th(ms): 104.9, 99th(ms): 151.0, 99.9th(ms): 176.2, Max(ms): 176.2
[Current] DELIVERY - Takes(s): 10.0, Count: 273, TPM: 1640.5, Sum(ms): 77570.8, Avg(ms): 284.7, 50th(ms): 285.2, 90th(ms): 369.1, 95th(ms): 419.4, 99th(ms): 570.4, 99.9th(ms): 671.1, Max(ms): 671.1
[Current] NEW_ORDER - Takes(s): 10.0, Count: 3336, TPM: 20040.3, Sum(ms): 318117.4, Avg(ms): 95.3, 50th(ms): 92.3, 90th(ms): 125.8, 95th(ms): 142.6, 99th(ms): 176.2, 99.9th(ms): 234.9, Max(ms): 268.4
[Current] ORDER_STATUS - Takes(s): 10.0, Count: 284, TPM: 1705.1, Sum(ms): 11846.4, Avg(ms): 41.8, 50th(ms): 39.8, 90th(ms): 62.9, 95th(ms): 71.3, 99th(ms): 88.1, 99.9th(ms): 96.5, Max(ms): 96.5
[Current] PAYMENT - Takes(s): 10.0, Count: 3180, TPM: 19083.3, Sum(ms): 200073.5, Avg(ms): 62.9, 50th(ms): 58.7, 90th(ms): 92.3, 95th(ms): 109.1, 99th(ms): 142.6, 99.9th(ms): 184.5, Max(ms): 369.1
[Current] STOCK_LEVEL - Takes(s): 10.0, Count: 308, TPM: 1848.3, Sum(ms): 18291.5, Avg(ms): 59.4, 50th(ms): 52.4, 90th(ms): 83.9, 95th(ms): 134.2, 99th(ms): 167.8, 99.9th(ms): 201.3, Max(ms): 201.3
[Current] DELIVERY - Takes(s): 10.0, Count: 293, TPM: 1758.2, Sum(ms): 82760.2, Avg(ms): 282.4, 50th(ms): 285.2, 90th(ms): 352.3, 95th(ms): 402.7, 99th(ms): 503.3, 99.9th(ms): 671.1, Max(ms): 671.1
[Current] NEW_ORDER - Takes(s): 10.0, Count: 3197, TPM: 19182.4, Sum(ms): 315730.8, Avg(ms): 98.8, 50th(ms): 96.5, 90th(ms): 130.0, 95th(ms): 142.6, 99th(ms): 184.5, 99.9th(ms): 243.3, Max(ms): 268.4
[Current] ORDER_STATUS - Takes(s): 10.0, Count: 267, TPM: 1602.1, Sum(ms): 10823.3, Avg(ms): 40.6, 50th(ms): 39.8, 90th(ms): 58.7, 95th(ms): 65.0, 99th(ms): 75.5, 99.9th(ms): 79.7, Max(ms): 79.7
[Current] PAYMENT - Takes(s): 10.0, Count: 3104, TPM: 18624.2, Sum(ms): 199893.6, Avg(ms): 64.4, 50th(ms): 60.8, 90th(ms): 92.3, 95th(ms): 109.1, 99th(ms): 151.0, 99.9th(ms): 192.9, Max(ms): 243.3
[Current] STOCK_LEVEL - Takes(s): 9.9, Count: 287, TPM: 1735.8, Sum(ms): 17169.8, Avg(ms): 59.8, 50th(ms): 52.4, 90th(ms): 88.1, 95th(ms): 125.8, 99th(ms): 192.9, 99.9th(ms): 209.7, Max(ms): 209.7
[Current] DELIVERY - Takes(s): 10.0, Count: 331, TPM: 1992.8, Sum(ms): 96561.6, Avg(ms): 291.9, 50th(ms): 285.2, 90th(ms): 402.7, 95th(ms): 469.8, 99th(ms): 570.4, 99.9th(ms): 604.0, Max(ms): 604.0
[Current] NEW_ORDER - Takes(s): 10.0, Count: 3207, TPM: 19243.0, Sum(ms): 310240.3, Avg(ms): 96.8, 50th(ms): 96.5, 90th(ms): 125.8, 95th(ms): 151.0, 99th(ms): 201.3, 99.9th(ms): 251.7, Max(ms): 285.2
[Current] ORDER_STATUS - Takes(s): 10.0, Count: 297, TPM: 1790.2, Sum(ms): 12297.8, Avg(ms): 41.4, 50th(ms): 39.8, 90th(ms): 58.7, 95th(ms): 65.0, 99th(ms): 109.1, 99.9th(ms): 117.4, Max(ms): 117.4
[Current] PAYMENT - Takes(s): 10.0, Count: 3049, TPM: 18295.2, Sum(ms): 192009.8, Avg(ms): 63.0, 50th(ms): 58.7, 90th(ms): 92.3, 95th(ms): 109.1, 99th(ms): 142.6, 99.9th(ms): 192.9, Max(ms): 260.0
[Current] STOCK_LEVEL - Takes(s): 10.0, Count: 283, TPM: 1700.3, Sum(ms): 15631.6, Avg(ms): 55.2, 50th(ms): 52.4, 90th(ms): 79.7, 95th(ms): 88.1, 99th(ms): 117.4, 99.9th(ms): 159.4, Max(ms): 159.4
[Current] DELIVERY - Takes(s): 9.9, Count: 298, TPM: 1800.6, Sum(ms): 82511.2, Avg(ms): 277.1, 50th(ms): 260.0, 90th(ms): 385.9, 95th(ms): 419.4, 99th(ms): 570.4, 99.9th(ms): 838.9, Max(ms): 838.9
[Current] NEW_ORDER - Takes(s): 10.0, Count: 3435, TPM: 20615.6, Sum(ms): 320009.7, Avg(ms): 93.2, 50th(ms): 92.3, 90th(ms): 125.8, 95th(ms): 142.6, 99th(ms): 192.9, 99.9th(ms): 251.7, Max(ms): 369.1
[Current] ORDER_STATUS - Takes(s): 10.0, Count: 264, TPM: 1586.8, Sum(ms): 10187.7, Avg(ms): 38.6, 50th(ms): 37.7, 90th(ms): 54.5, 95th(ms): 62.9, 99th(ms): 79.7, 99.9th(ms): 92.3, Max(ms): 92.3
[Current] PAYMENT - Takes(s): 10.0, Count: 3220, TPM: 19324.7, Sum(ms): 194738.4, Avg(ms): 60.5, 50th(ms): 56.6, 90th(ms): 88.1, 95th(ms): 104.9, 99th(ms): 142.6, 99.9th(ms): 184.5, Max(ms): 335.5
[Current] STOCK_LEVEL - Takes(s): 10.0, Count: 320, TPM: 1929.4, Sum(ms): 19335.0, Avg(ms): 60.4, 50th(ms): 54.5, 90th(ms): 88.1, 95th(ms): 109.1, 99th(ms): 184.5, 99.9th(ms): 201.3, Max(ms): 201.3
[Current] DELIVERY - Takes(s): 9.9, Count: 303, TPM: 1827.6, Sum(ms): 83108.6, Avg(ms): 274.4, 50th(ms): 260.0, 90th(ms): 352.3, 95th(ms): 419.4, 99th(ms): 520.1, 99.9th(ms): 805.3, Max(ms): 805.3
[Current] NEW_ORDER - Takes(s): 10.0, Count: 3315, TPM: 19894.6, Sum(ms): 313460.1, Avg(ms): 94.6, 50th(ms): 92.3, 90th(ms): 121.6, 95th(ms): 142.6, 99th(ms): 176.2, 99.9th(ms): 218.1, Max(ms): 268.4
[Current] ORDER_STATUS - Takes(s): 10.0, Count: 312, TPM: 1874.1, Sum(ms): 12542.7, Avg(ms): 40.2, 50th(ms): 39.8, 90th(ms): 56.6, 95th(ms): 62.9, 99th(ms): 88.1, 99.9th(ms): 100.7, Max(ms): 100.7
[Current] PAYMENT - Takes(s): 10.0, Count: 3234, TPM: 19415.5, Sum(ms): 196909.6, Avg(ms): 60.9, 50th(ms): 56.6, 90th(ms): 88.1, 95th(ms): 100.7, 99th(ms): 130.0, 99.9th(ms): 167.8, Max(ms): 176.2
[Current] STOCK_LEVEL - Takes(s): 10.0, Count: 304, TPM: 1826.2, Sum(ms): 18534.2, Avg(ms): 61.0, 50th(ms): 52.4, 90th(ms): 104.9, 95th(ms): 125.8, 99th(ms): 151.0, 99.9th(ms): 268.4, Max(ms): 268.4
[Current] DELIVERY - Takes(s): 10.0, Count: 317, TPM: 1902.2, Sum(ms): 83147.1, Avg(ms): 262.0, 50th(ms): 251.7, 90th(ms): 335.5, 95th(ms): 402.7, 99th(ms): 486.5, 99.9th(ms): 570.4, Max(ms): 570.4
[Current] NEW_ORDER - Takes(s): 10.0, Count: 3462, TPM: 20789.6, Sum(ms): 319529.2, Avg(ms): 92.3, 50th(ms): 92.3, 90th(ms): 121.6, 95th(ms): 142.6, 99th(ms): 184.5, 99.9th(ms): 218.1, Max(ms): 226.5
[Current] ORDER_STATUS - Takes(s): 9.9, Count: 320, TPM: 1930.3, Sum(ms): 12587.2, Avg(ms): 39.3, 50th(ms): 37.7, 90th(ms): 60.8, 95th(ms): 67.1, 99th(ms): 88.1, 99.9th(ms): 159.4, Max(ms): 159.4
[Current] PAYMENT - Takes(s): 10.0, Count: 3238, TPM: 19427.6, Sum(ms): 196342.5, Avg(ms): 60.7, 50th(ms): 56.6, 90th(ms): 88.1, 95th(ms): 104.9, 99th(ms): 151.0, 99.9th(ms): 184.5, Max(ms): 184.5
[Current] STOCK_LEVEL - Takes(s): 10.0, Count: 282, TPM: 1692.1, Sum(ms): 15945.1, Avg(ms): 56.6, 50th(ms): 52.4, 90th(ms): 79.7, 95th(ms): 100.7, 99th(ms): 130.0, 99.9th(ms): 176.2, Max(ms): 176.2
[Current] DELIVERY - Takes(s): 9.9, Count: 314, TPM: 1902.7, Sum(ms): 77985.0, Avg(ms): 248.7, 50th(ms): 243.3, 90th(ms): 318.8, 95th(ms): 352.3, 99th(ms): 419.4, 99.9th(ms): 486.5, Max(ms): 486.5
[Current] NEW_ORDER - Takes(s): 10.0, Count: 3710, TPM: 22260.6, Sum(ms): 322026.2, Avg(ms): 86.8, 50th(ms): 83.9, 90th(ms): 113.2, 95th(ms): 125.8, 99th(ms): 159.4, 99.9th(ms): 184.5, Max(ms): 209.7
[Current] ORDER_STATUS - Takes(s): 9.9, Count: 300, TPM: 1809.5, Sum(ms): 11042.9, Avg(ms): 36.8, 50th(ms): 35.7, 90th(ms): 52.4, 95th(ms): 58.7, 99th(ms): 79.7, 99.9th(ms): 159.4, Max(ms): 159.4
[Current] PAYMENT - Takes(s): 10.0, Count: 3483, TPM: 20901.5, Sum(ms): 196751.5, Avg(ms): 56.5, 50th(ms): 52.4, 90th(ms): 79.7, 95th(ms): 92.3, 99th(ms): 125.8, 99.9th(ms): 176.2, Max(ms): 260.0
[Current] STOCK_LEVEL - Takes(s): 10.0, Count: 359, TPM: 2161.9, Sum(ms): 17499.3, Avg(ms): 48.8, 50th(ms): 48.2, 90th(ms): 67.1, 95th(ms): 75.5, 99th(ms): 92.3, 99.9th(ms): 117.4, Max(ms): 117.4
[Current] DELIVERY - Takes(s): 9.9, Count: 302, TPM: 1824.6, Sum(ms): 73136.6, Avg(ms): 242.5, 50th(ms): 234.9, 90th(ms): 335.5, 95th(ms): 352.3, 99th(ms): 469.8, 99.9th(ms): 570.4, Max(ms): 570.4
[Current] NEW_ORDER - Takes(s): 10.0, Count: 3650, TPM: 21902.6, Sum(ms): 322629.7, Avg(ms): 88.4, 50th(ms): 88.1, 90th(ms): 121.6, 95th(ms): 134.2, 99th(ms): 176.2, 99.9th(ms): 268.4, Max(ms): 402.7
[Current] ORDER_STATUS - Takes(s): 10.0, Count: 312, TPM: 1873.3, Sum(ms): 11399.1, Avg(ms): 36.5, 50th(ms): 35.7, 90th(ms): 54.5, 95th(ms): 62.9, 99th(ms): 79.7, 99.9th(ms): 83.9, Max(ms): 83.9
[Current] PAYMENT - Takes(s): 10.0, Count: 3501, TPM: 21006.5, Sum(ms): 201956.8, Avg(ms): 57.7, 50th(ms): 54.5, 90th(ms): 83.9, 95th(ms): 100.7, 99th(ms): 151.0, 99.9th(ms): 201.3, Max(ms): 369.1
[Current] STOCK_LEVEL - Takes(s): 10.0, Count: 327, TPM: 1964.0, Sum(ms): 15629.8, Avg(ms): 47.8, 50th(ms): 46.1, 90th(ms): 62.9, 95th(ms): 71.3, 99th(ms): 92.3, 99.9th(ms): 104.9, Max(ms): 104.9
[Current] DELIVERY - Takes(s): 10.0, Count: 315, TPM: 1890.4, Sum(ms): 79001.8, Avg(ms): 250.8, 50th(ms): 243.3, 90th(ms): 318.8, 95th(ms): 385.9, 99th(ms): 520.1, 99.9th(ms): 738.2, Max(ms): 738.2
[Current] NEW_ORDER - Takes(s): 10.0, Count: 3690, TPM: 22145.0, Sum(ms): 318194.0, Avg(ms): 86.3, 50th(ms): 83.9, 90th(ms): 109.1, 95th(ms): 130.0, 99th(ms): 176.2, 99.9th(ms): 226.5, Max(ms): 260.0
[Current] ORDER_STATUS - Takes(s): 10.0, Count: 352, TPM: 2115.9, Sum(ms): 12975.7, Avg(ms): 36.9, 50th(ms): 35.7, 90th(ms): 54.5, 95th(ms): 58.7, 99th(ms): 79.7, 99.9th(ms): 104.9, Max(ms): 104.9
[Current] PAYMENT - Takes(s): 10.0, Count: 3573, TPM: 21438.4, Sum(ms): 200766.3, Avg(ms): 56.2, 50th(ms): 52.4, 90th(ms): 83.9, 95th(ms): 96.5, 99th(ms): 125.8, 99.9th(ms): 159.4, Max(ms): 201.3
[Current] STOCK_LEVEL - Takes(s): 10.0, Count: 313, TPM: 1886.3, Sum(ms): 15163.0, Avg(ms): 48.4, 50th(ms): 48.2, 90th(ms): 67.1, 95th(ms): 75.5, 99th(ms): 92.3, 99.9th(ms): 104.9, Max(ms): 104.9
[Current] DELIVERY - Takes(s): 10.0, Count: 327, TPM: 1964.2, Sum(ms): 80363.7, Avg(ms): 246.0, 50th(ms): 243.3, 90th(ms): 302.0, 95th(ms): 352.3, 99th(ms): 453.0, 99.9th(ms): 503.3, Max(ms): 503.3
[Current] NEW_ORDER - Takes(s): 10.0, Count: 3664, TPM: 21991.1, Sum(ms): 321544.5, Avg(ms): 87.8, 50th(ms): 88.1, 90th(ms): 113.2, 95th(ms): 125.8, 99th(ms): 167.8, 99.9th(ms): 209.7, Max(ms): 402.7
[Current] ORDER_STATUS - Takes(s): 10.0, Count: 285, TPM: 1711.9, Sum(ms): 10398.0, Avg(ms): 36.6, 50th(ms): 35.7, 90th(ms): 52.4, 95th(ms): 58.7, 99th(ms): 75.5, 99.9th(ms): 104.9, Max(ms): 104.9
[Current] PAYMENT - Takes(s): 10.0, Count: 3442, TPM: 20655.2, Sum(ms): 195247.0, Avg(ms): 56.7, 50th(ms): 52.4, 90th(ms): 79.7, 95th(ms): 96.5, 99th(ms): 130.0, 99.9th(ms): 176.2, Max(ms): 201.3
[Current] STOCK_LEVEL - Takes(s): 10.0, Count: 294, TPM: 1766.9, Sum(ms): 15848.8, Avg(ms): 53.9, 50th(ms): 48.2, 90th(ms): 65.0, 95th(ms): 75.5, 99th(ms): 268.4, 99.9th(ms): 335.5, Max(ms): 335.5
[Current] DELIVERY - Takes(s): 9.9, Count: 318, TPM: 1920.8, Sum(ms): 81235.4, Avg(ms): 255.4, 50th(ms): 243.3, 90th(ms): 352.3, 95th(ms): 402.7, 99th(ms): 637.5, 99.9th(ms): 771.8, Max(ms): 771.8
[Current] NEW_ORDER - Takes(s): 10.0, Count: 3508, TPM: 21057.9, Sum(ms): 310392.3, Avg(ms): 88.5, 50th(ms): 83.9, 90th(ms): 121.6, 95th(ms): 142.6, 99th(ms): 176.2, 99.9th(ms): 218.1, Max(ms): 352.3
[Current] ORDER_STATUS - Takes(s): 10.0, Count: 352, TPM: 2115.6, Sum(ms): 13389.0, Avg(ms): 38.1, 50th(ms): 37.7, 90th(ms): 54.5, 95th(ms): 62.9, 99th(ms): 79.7, 99.9th(ms): 92.3, Max(ms): 92.3
[Current] PAYMENT - Takes(s): 10.0, Count: 3552, TPM: 21332.7, Sum(ms): 206042.7, Avg(ms): 58.0, 50th(ms): 54.5, 90th(ms): 88.1, 95th(ms): 100.7, 99th(ms): 130.0, 99.9th(ms): 176.2, Max(ms): 226.5
[Current] STOCK_LEVEL - Takes(s): 9.9, Count: 311, TPM: 1892.0, Sum(ms): 16937.3, Avg(ms): 54.5, 50th(ms): 50.3, 90th(ms): 75.5, 95th(ms): 96.5, 99th(ms): 121.6, 99.9th(ms): 176.2, Max(ms): 176.2
[Current] DELIVERY - Takes(s): 10.0, Count: 323, TPM: 1942.5, Sum(ms): 81636.5, Avg(ms): 252.7, 50th(ms): 243.3, 90th(ms): 318.8, 95th(ms): 352.3, 99th(ms): 503.3, 99.9th(ms): 604.0, Max(ms): 604.0
[Current] NEW_ORDER - Takes(s): 10.0, Count: 3602, TPM: 21613.1, Sum(ms): 312527.9, Avg(ms): 86.8, 50th(ms): 88.1, 90th(ms): 113.2, 95th(ms): 125.8, 99th(ms): 159.4, 99.9th(ms): 201.3, Max(ms): 226.5
[Current] ORDER_STATUS - Takes(s): 10.0, Count: 300, TPM: 1801.0, Sum(ms): 10995.4, Avg(ms): 36.6, 50th(ms): 35.7, 90th(ms): 52.4, 95th(ms): 54.5, 99th(ms): 58.7, 99.9th(ms): 117.4, Max(ms): 117.4
[Current] PAYMENT - Takes(s): 10.0, Count: 3539, TPM: 21234.9, Sum(ms): 203108.6, Avg(ms): 57.4, 50th(ms): 54.5, 90th(ms): 83.9, 95th(ms): 96.5, 99th(ms): 125.8, 99.9th(ms): 167.8, Max(ms): 184.5
[Current] STOCK_LEVEL - Takes(s): 10.0, Count: 346, TPM: 2083.5, Sum(ms): 17307.2, Avg(ms): 50.0, 50th(ms): 48.2, 90th(ms): 67.1, 95th(ms): 71.3, 99th(ms): 104.9, 99.9th(ms): 117.4, Max(ms): 117.4
[Current] DELIVERY - Takes(s): 10.0, Count: 306, TPM: 1839.4, Sum(ms): 78331.2, Avg(ms): 255.9, 50th(ms): 251.7, 90th(ms): 335.5, 95th(ms): 369.1, 99th(ms): 486.5, 99.9th(ms): 570.4, Max(ms): 570.4
[Current] NEW_ORDER - Takes(s): 10.0, Count: 3585, TPM: 21526.5, Sum(ms): 321357.0, Avg(ms): 89.7, 50th(ms): 88.1, 90th(ms): 121.6, 95th(ms): 134.2, 99th(ms): 167.8, 99.9th(ms): 209.7, Max(ms): 251.7
[Current] ORDER_STATUS - Takes(s): 10.0, Count: 308, TPM: 1848.7, Sum(ms): 11570.6, Avg(ms): 37.6, 50th(ms): 37.7, 90th(ms): 54.5, 95th(ms): 58.7, 99th(ms): 71.3, 99.9th(ms): 83.9, Max(ms): 83.9
[Current] PAYMENT - Takes(s): 10.0, Count: 3362, TPM: 20187.0, Sum(ms): 196853.1, Avg(ms): 58.6, 50th(ms): 54.5, 90th(ms): 88.1, 95th(ms): 100.7, 99th(ms): 134.2, 99.9th(ms): 176.2, Max(ms): 209.7
[Current] STOCK_LEVEL - Takes(s): 10.0, Count: 300, TPM: 1805.8, Sum(ms): 15308.8, Avg(ms): 51.1, 50th(ms): 50.3, 90th(ms): 71.3, 95th(ms): 79.7, 99th(ms): 96.5, 99.9th(ms): 100.7, Max(ms): 100.7
[Current] DELIVERY - Takes(s): 10.0, Count: 322, TPM: 1935.4, Sum(ms): 84422.0, Avg(ms): 262.2, 50th(ms): 260.0, 90th(ms): 335.5, 95th(ms): 369.1, 99th(ms): 486.5, 99.9th(ms): 503.3, Max(ms): 503.3
[Current] NEW_ORDER - Takes(s): 10.0, Count: 3557, TPM: 21344.8, Sum(ms): 321785.5, Avg(ms): 90.5, 50th(ms): 88.1, 90th(ms): 117.4, 95th(ms): 130.0, 99th(ms): 167.8, 99.9th(ms): 201.3, Max(ms): 218.1
[Current] ORDER_STATUS - Takes(s): 10.0, Count: 303, TPM: 1821.2, Sum(ms): 11968.2, Avg(ms): 39.5, 50th(ms): 37.7, 90th(ms): 58.7, 95th(ms): 65.0, 99th(ms): 75.5, 99.9th(ms): 88.1, Max(ms): 88.1
[Current] PAYMENT - Takes(s): 10.0, Count: 3294, TPM: 19772.6, Sum(ms): 192138.5, Avg(ms): 58.3, 50th(ms): 56.6, 90th(ms): 83.9, 95th(ms): 96.5, 99th(ms): 130.0, 99.9th(ms): 192.9, Max(ms): 201.3
[Current] STOCK_LEVEL - Takes(s): 9.9, Count: 310, TPM: 1875.7, Sum(ms): 16201.7, Avg(ms): 52.4, 50th(ms): 52.4, 90th(ms): 71.3, 95th(ms): 75.5, 99th(ms): 88.1, 99.9th(ms): 113.2, Max(ms): 113.2
[Current] DELIVERY - Takes(s): 10.0, Count: 280, TPM: 1688.3, Sum(ms): 73969.1, Avg(ms): 264.5, 50th(ms): 268.4, 90th(ms): 335.5, 95th(ms): 385.9, 99th(ms): 469.8, 99.9th(ms): 604.0, Max(ms): 604.0
[Current] NEW_ORDER - Takes(s): 10.0, Count: 3606, TPM: 21640.3, Sum(ms): 330187.2, Avg(ms): 91.6, 50th(ms): 92.3, 90th(ms): 121.6, 95th(ms): 142.6, 99th(ms): 176.2, 99.9th(ms): 218.1, Max(ms): 453.0
[Current] ORDER_STATUS - Takes(s): 10.0, Count: 330, TPM: 1985.8, Sum(ms): 13162.8, Avg(ms): 39.9, 50th(ms): 39.8, 90th(ms): 54.5, 95th(ms): 62.9, 99th(ms): 79.7, 99.9th(ms): 96.5, Max(ms): 96.5
[Current] PAYMENT - Takes(s): 10.0, Count: 3264, TPM: 19587.1, Sum(ms): 194048.9, Avg(ms): 59.5, 50th(ms): 56.6, 90th(ms): 88.1, 95th(ms): 104.9, 99th(ms): 142.6, 99.9th(ms): 176.2, Max(ms): 251.7
[Current] STOCK_LEVEL - Takes(s): 10.0, Count: 283, TPM: 1699.7, Sum(ms): 14600.4, Avg(ms): 51.7, 50th(ms): 50.3, 90th(ms): 67.1, 95th(ms): 75.5, 99th(ms): 92.3, 99.9th(ms): 104.9, Max(ms): 104.9
[Current] DELIVERY - Takes(s): 9.9, Count: 331, TPM: 2001.0, Sum(ms): 89057.2, Avg(ms): 269.2, 50th(ms): 268.4, 90th(ms): 352.3, 95th(ms): 369.1, 99th(ms): 453.0, 99.9th(ms): 604.0, Max(ms): 604.0
[Current] NEW_ORDER - Takes(s): 10.0, Count: 3371, TPM: 20230.9, Sum(ms): 308298.7, Avg(ms): 91.5, 50th(ms): 88.1, 90th(ms): 121.6, 95th(ms): 134.2, 99th(ms): 167.8, 99.9th(ms): 243.3, Max(ms): 285.2
[Current] ORDER_STATUS - Takes(s): 9.9, Count: 316, TPM: 1906.7, Sum(ms): 12925.4, Avg(ms): 40.9, 50th(ms): 39.8, 90th(ms): 58.7, 95th(ms): 71.3, 99th(ms): 92.3, 99.9th(ms): 100.7, Max(ms): 100.7
[Current] PAYMENT - Takes(s): 10.0, Count: 3357, TPM: 20146.0, Sum(ms): 199766.4, Avg(ms): 59.5, 50th(ms): 56.6, 90th(ms): 83.9, 95th(ms): 100.7, 99th(ms): 142.6, 99.9th(ms): 201.3, Max(ms): 234.9
[Current] STOCK_LEVEL - Takes(s): 10.0, Count: 302, TPM: 1812.9, Sum(ms): 15316.7, Avg(ms): 50.7, 50th(ms): 50.3, 90th(ms): 67.1, 95th(ms): 75.5, 99th(ms): 92.3, 99.9th(ms): 100.7, Max(ms): 100.7
[Current] DELIVERY - Takes(s): 9.9, Count: 284, TPM: 1722.1, Sum(ms): 77656.6, Avg(ms): 273.5, 50th(ms): 251.7, 90th(ms): 369.1, 95th(ms): 402.7, 99th(ms): 570.4, 99.9th(ms): 637.5, Max(ms): 637.5
[Current] NEW_ORDER - Takes(s): 10.0, Count: 3347, TPM: 20082.9, Sum(ms): 324019.2, Avg(ms): 96.8, 50th(ms): 92.3, 90th(ms): 130.0, 95th(ms): 151.0, 99th(ms): 184.5, 99.9th(ms): 226.5, Max(ms): 268.4
[Current] ORDER_STATUS - Takes(s): 10.0, Count: 296, TPM: 1780.0, Sum(ms): 12340.3, Avg(ms): 41.7, 50th(ms): 39.8, 90th(ms): 60.8, 95th(ms): 71.3, 99th(ms): 79.7, 99.9th(ms): 117.4, Max(ms): 117.4
[Current] PAYMENT - Takes(s): 10.0, Count: 3080, TPM: 18496.4, Sum(ms): 194560.0, Avg(ms): 63.2, 50th(ms): 58.7, 90th(ms): 92.3, 95th(ms): 109.1, 99th(ms): 142.6, 99.9th(ms): 192.9, Max(ms): 218.1
[Current] STOCK_LEVEL - Takes(s): 9.9, Count: 314, TPM: 1896.6, Sum(ms): 16449.1, Avg(ms): 52.4, 50th(ms): 50.3, 90th(ms): 75.5, 95th(ms): 83.9, 99th(ms): 104.9, 99.9th(ms): 121.6, Max(ms): 121.6
[Current] DELIVERY - Takes(s): 10.0, Count: 318, TPM: 1913.7, Sum(ms): 91421.8, Avg(ms): 287.6, 50th(ms): 285.2, 90th(ms): 352.3, 95th(ms): 402.7, 99th(ms): 604.0, 99.9th(ms): 704.6, Max(ms): 704.6
[Current] NEW_ORDER - Takes(s): 10.0, Count: 3142, TPM: 18857.1, Sum(ms): 311018.1, Avg(ms): 99.0, 50th(ms): 96.5, 90th(ms): 130.0, 95th(ms): 142.6, 99th(ms): 176.2, 99.9th(ms): 260.0, Max(ms): 335.5
[Current] ORDER_STATUS - Takes(s): 9.9, Count: 260, TPM: 1570.7, Sum(ms): 10915.3, Avg(ms): 42.0, 50th(ms): 41.9, 90th(ms): 58.7, 95th(ms): 65.0, 99th(ms): 75.5, 99.9th(ms): 100.7, Max(ms): 100.7
[Current] PAYMENT - Takes(s): 10.0, Count: 3048, TPM: 18300.9, Sum(ms): 196077.6, Avg(ms): 64.3, 50th(ms): 60.8, 90th(ms): 88.1, 95th(ms): 104.9, 99th(ms): 142.6, 99.9th(ms): 184.5, Max(ms): 201.3
[Current] STOCK_LEVEL - Takes(s): 10.0, Count: 288, TPM: 1728.1, Sum(ms): 15615.5, Avg(ms): 54.2, 50th(ms): 54.5, 90th(ms): 71.3, 95th(ms): 75.5, 99th(ms): 96.5, 99.9th(ms): 130.0, Max(ms): 130.0
[Current] DELIVERY - Takes(s): 10.0, Count: 305, TPM: 1831.2, Sum(ms): 84749.9, Avg(ms): 278.6, 50th(ms): 285.2, 90th(ms): 352.3, 95th(ms): 385.9, 99th(ms): 436.2, 99.9th(ms): 536.9, Max(ms): 536.9
[Current] NEW_ORDER - Takes(s): 10.0, Count: 3322, TPM: 19935.6, Sum(ms): 315511.0, Avg(ms): 95.0, 50th(ms): 92.3, 90th(ms): 125.8, 95th(ms): 142.6, 99th(ms): 176.2, 99.9th(ms): 209.7, Max(ms): 268.4
[Current] ORDER_STATUS - Takes(s): 10.0, Count: 279, TPM: 1680.8, Sum(ms): 11728.2, Avg(ms): 42.0, 50th(ms): 41.9, 90th(ms): 60.8, 95th(ms): 71.3, 99th(ms): 83.9, 99.9th(ms): 92.3, Max(ms): 92.3
[Current] PAYMENT - Takes(s): 10.0, Count: 3152, TPM: 18912.5, Sum(ms): 197256.3, Avg(ms): 62.6, 50th(ms): 58.7, 90th(ms): 88.1, 95th(ms): 104.9, 99th(ms): 142.6, 99.9th(ms): 192.9, Max(ms): 201.3
[Current] STOCK_LEVEL - Takes(s): 10.0, Count: 291, TPM: 1747.4, Sum(ms): 17192.6, Avg(ms): 59.1, 50th(ms): 54.5, 90th(ms): 71.3, 95th(ms): 79.7, 99th(ms): 285.2, 99.9th(ms): 369.1, Max(ms): 369.1
[Current] DELIVERY - Takes(s): 10.0, Count: 327, TPM: 1970.9, Sum(ms): 91146.3, Avg(ms): 279.4, 50th(ms): 268.4, 90th(ms): 369.1, 95th(ms): 419.4, 99th(ms): 570.4, 99.9th(ms): 604.0, Max(ms): 604.0
[Current] NEW_ORDER - Takes(s): 10.0, Count: 3303, TPM: 19821.4, Sum(ms): 310736.5, Avg(ms): 94.1, 50th(ms): 92.3, 90th(ms): 121.6, 95th(ms): 142.6, 99th(ms): 167.8, 99.9th(ms): 201.3, Max(ms): 243.3
[Current] ORDER_STATUS - Takes(s): 10.0, Count: 279, TPM: 1675.6, Sum(ms): 11605.9, Avg(ms): 41.6, 50th(ms): 39.8, 90th(ms): 58.7, 95th(ms): 67.1, 99th(ms): 75.5, 99.9th(ms): 92.3, Max(ms): 92.3
[Current] PAYMENT - Takes(s): 10.0, Count: 3197, TPM: 19193.0, Sum(ms): 195215.9, Avg(ms): 61.1, 50th(ms): 58.7, 90th(ms): 88.1, 95th(ms): 100.7, 99th(ms): 134.2, 99.9th(ms): 176.2, Max(ms): 192.9
[Current] STOCK_LEVEL - Takes(s): 10.0, Count: 292, TPM: 1752.3, Sum(ms): 17577.1, Avg(ms): 60.2, 50th(ms): 56.6, 90th(ms): 79.7, 95th(ms): 96.5, 99th(ms): 192.9, 99.9th(ms): 302.0, Max(ms): 302.0
[Current] DELIVERY - Takes(s): 10.0, Count: 284, TPM: 1704.9, Sum(ms): 78259.9, Avg(ms): 275.4, 50th(ms): 268.4, 90th(ms): 352.3, 95th(ms): 385.9, 99th(ms): 503.3, 99.9th(ms): 637.5, Max(ms): 637.5
[Current] NEW_ORDER - Takes(s): 10.0, Count: 3413, TPM: 20484.7, Sum(ms): 324914.0, Avg(ms): 95.2, 50th(ms): 92.3, 90th(ms): 130.0, 95th(ms): 151.0, 99th(ms): 192.9, 99.9th(ms): 226.5, Max(ms): 503.3
[Current] ORDER_STATUS - Takes(s): 10.0, Count: 329, TPM: 1975.4, Sum(ms): 13477.1, Avg(ms): 41.0, 50th(ms): 39.8, 90th(ms): 60.8, 95th(ms): 71.3, 99th(ms): 83.9, 99.9th(ms): 117.4, Max(ms): 117.4
[Current] PAYMENT - Takes(s): 10.0, Count: 3125, TPM: 18758.1, Sum(ms): 194865.5, Avg(ms): 62.4, 50th(ms): 58.7, 90th(ms): 92.3, 95th(ms): 104.9, 99th(ms): 151.0, 99.9th(ms): 192.9, Max(ms): 226.5
[Current] STOCK_LEVEL - Takes(s): 9.9, Count: 257, TPM: 1550.7, Sum(ms): 14434.9, Avg(ms): 56.2, 50th(ms): 54.5, 90th(ms): 79.7, 95th(ms): 92.3, 99th(ms): 142.6, 99.9th(ms): 176.2, Max(ms): 176.2
[Current] DELIVERY - Takes(s): 10.0, Count: 275, TPM: 1656.9, Sum(ms): 77786.7, Avg(ms): 282.7, 50th(ms): 285.2, 90th(ms): 385.9, 95th(ms): 419.4, 99th(ms): 570.4, 99.9th(ms): 771.8, Max(ms): 771.8
[Current] NEW_ORDER - Takes(s): 10.0, Count: 3259, TPM: 19558.2, Sum(ms): 318722.1, Avg(ms): 97.8, 50th(ms): 96.5, 90th(ms): 134.2, 95th(ms): 151.0, 99th(ms): 184.5, 99.9th(ms): 226.5, Max(ms): 335.5
[Current] ORDER_STATUS - Takes(s): 10.0, Count: 312, TPM: 1880.5, Sum(ms): 13531.7, Avg(ms): 43.3, 50th(ms): 41.9, 90th(ms): 67.1, 95th(ms): 71.3, 99th(ms): 88.1, 99.9th(ms): 113.2, Max(ms): 113.2
[Current] PAYMENT - Takes(s): 10.0, Count: 3011, TPM: 18069.4, Sum(ms): 191421.6, Avg(ms): 63.6, 50th(ms): 58.7, 90th(ms): 92.3, 95th(ms): 109.1, 99th(ms): 151.0, 99.9th(ms): 226.5, Max(ms): 234.9
[Current] STOCK_LEVEL - Takes(s): 10.0, Count: 269, TPM: 1615.2, Sum(ms): 22541.8, Avg(ms): 83.8, 50th(ms): 71.3, 90th(ms): 151.0, 95th(ms): 167.8, 99th(ms): 201.3, 99.9th(ms): 243.3, Max(ms): 243.3
[Current] DELIVERY - Takes(s): 10.0, Count: 302, TPM: 1814.8, Sum(ms): 87849.7, Avg(ms): 291.2, 50th(ms): 268.4, 90th(ms): 402.7, 95th(ms): 469.8, 99th(ms): 604.0, 99.9th(ms): 805.3, Max(ms): 805.3
[Current] NEW_ORDER - Takes(s): 10.0, Count: 3247, TPM: 19495.3, Sum(ms): 313552.4, Avg(ms): 96.6, 50th(ms): 92.3, 90th(ms): 130.0, 95th(ms): 151.0, 99th(ms): 184.5, 99.9th(ms): 218.1, Max(ms): 402.7
[Current] ORDER_STATUS - Takes(s): 10.0, Count: 325, TPM: 1951.9, Sum(ms): 13656.3, Avg(ms): 42.1, 50th(ms): 39.8, 90th(ms): 62.9, 95th(ms): 71.3, 99th(ms): 83.9, 99.9th(ms): 96.5, Max(ms): 96.5
[Current] PAYMENT - Takes(s): 10.0, Count: 3089, TPM: 18543.2, Sum(ms): 194991.0, Avg(ms): 63.1, 50th(ms): 58.7, 90th(ms): 92.3, 95th(ms): 109.1, 99th(ms): 151.0, 99.9th(ms): 201.3, Max(ms): 226.5
[Current] STOCK_LEVEL - Takes(s): 10.0, Count: 286, TPM: 1721.0, Sum(ms): 17338.1, Avg(ms): 60.6, 50th(ms): 54.5, 90th(ms): 92.3, 95th(ms): 117.4, 99th(ms): 167.8, 99.9th(ms): 176.2, Max(ms): 176.2
[Current] DELIVERY - Takes(s): 10.0, Count: 316, TPM: 1897.5, Sum(ms): 89305.9, Avg(ms): 282.8, 50th(ms): 268.4, 90th(ms): 369.1, 95th(ms): 469.8, 99th(ms): 570.4, 99.9th(ms): 704.6, Max(ms): 704.6
[Current] NEW_ORDER - Takes(s): 10.0, Count: 3320, TPM: 19924.5, Sum(ms): 314432.8, Avg(ms): 94.8, 50th(ms): 92.3, 90th(ms): 125.8, 95th(ms): 142.6, 99th(ms): 176.2, 99.9th(ms): 218.1, Max(ms): 234.9
[Current] ORDER_STATUS - Takes(s): 10.0, Count: 320, TPM: 1928.7, Sum(ms): 13088.6, Avg(ms): 40.9, 50th(ms): 39.8, 90th(ms): 58.7, 95th(ms): 67.1, 99th(ms): 75.5, 99.9th(ms): 79.7, Max(ms): 79.7
[Current] PAYMENT - Takes(s): 10.0, Count: 3120, TPM: 18724.3, Sum(ms): 191513.0, Avg(ms): 61.4, 50th(ms): 58.7, 90th(ms): 88.1, 95th(ms): 104.9, 99th(ms): 142.6, 99.9th(ms): 201.3, Max(ms): 226.5
[Current] STOCK_LEVEL - Takes(s): 9.9, Count: 310, TPM: 1874.3, Sum(ms): 17842.1, Avg(ms): 57.5, 50th(ms): 52.4, 90th(ms): 79.7, 95th(ms): 109.1, 99th(ms): 184.5, 99.9th(ms): 260.0, Max(ms): 260.0
[Current] DELIVERY - Takes(s): 10.0, Count: 286, TPM: 1716.5, Sum(ms): 80135.8, Avg(ms): 280.2, 50th(ms): 285.2, 90th(ms): 385.9, 95th(ms): 419.4, 99th(ms): 503.3, 99.9th(ms): 520.1, Max(ms): 520.1
[Current] NEW_ORDER - Takes(s): 10.0, Count: 3254, TPM: 19528.3, Sum(ms): 317740.7, Avg(ms): 97.7, 50th(ms): 96.5, 90th(ms): 134.2, 95th(ms): 151.0, 99th(ms): 184.5, 99.9th(ms): 234.9, Max(ms): 243.3
[Current] ORDER_STATUS - Takes(s): 9.9, Count: 257, TPM: 1551.3, Sum(ms): 11109.7, Avg(ms): 43.3, 50th(ms): 41.9, 90th(ms): 65.0, 95th(ms): 75.5, 99th(ms): 83.9, 99.9th(ms): 104.9, Max(ms): 104.9
[Current] PAYMENT - Takes(s): 10.0, Count: 3172, TPM: 19043.3, Sum(ms): 201564.2, Avg(ms): 63.6, 50th(ms): 58.7, 90th(ms): 96.5, 95th(ms): 109.1, 99th(ms): 151.0, 99.9th(ms): 218.1, Max(ms): 243.3
[Current] STOCK_LEVEL - Takes(s): 10.0, Count: 262, TPM: 1573.0, Sum(ms): 15439.7, Avg(ms): 58.9, 50th(ms): 52.4, 90th(ms): 88.1, 95th(ms): 117.4, 99th(ms): 159.4, 99.9th(ms): 184.5, Max(ms): 184.5
[Current] DELIVERY - Takes(s): 10.0, Count: 292, TPM: 1758.8, Sum(ms): 85639.3, Avg(ms): 293.6, 50th(ms): 285.2, 90th(ms): 369.1, 95th(ms): 436.2, 99th(ms): 536.9, 99.9th(ms): 671.1, Max(ms): 671.1
[Current] NEW_ORDER - Takes(s): 10.0, Count: 3139, TPM: 18844.8, Sum(ms): 312669.5, Avg(ms): 99.7, 50th(ms): 96.5, 90th(ms): 130.0, 95th(ms): 142.6, 99th(ms): 176.2, 99.9th(ms): 234.9, Max(ms): 302.0
[Current] ORDER_STATUS - Takes(s): 10.0, Count: 308, TPM: 1849.4, Sum(ms): 13288.9, Avg(ms): 43.1, 50th(ms): 41.9, 90th(ms): 60.8, 95th(ms): 71.3, 99th(ms): 88.1, 99.9th(ms): 117.4, Max(ms): 117.4
[Current] PAYMENT - Takes(s): 10.0, Count: 3090, TPM: 18558.1, Sum(ms): 198024.8, Avg(ms): 64.1, 50th(ms): 60.8, 90th(ms): 88.1, 95th(ms): 104.9, 99th(ms): 151.0, 99.9th(ms): 201.3, Max(ms): 352.3
[Current] STOCK_LEVEL - Takes(s): 10.0, Count: 251, TPM: 1512.4, Sum(ms): 16916.5, Avg(ms): 67.4, 50th(ms): 56.6, 90th(ms): 88.1, 95th(ms): 130.0, 99th(ms): 335.5, 99.9th(ms): 402.7, Max(ms): 402.7
[Current] DELIVERY - Takes(s): 10.0, Count: 297, TPM: 1788.6, Sum(ms): 85072.1, Avg(ms): 286.4, 50th(ms): 285.2, 90th(ms): 352.3, 95th(ms): 419.4, 99th(ms): 520.1, 99.9th(ms): 604.0, Max(ms): 604.0
[Current] NEW_ORDER - Takes(s): 10.0, Count: 3111, TPM: 18685.6, Sum(ms): 312962.7, Avg(ms): 100.7, 50th(ms): 100.7, 90th(ms): 130.0, 95th(ms): 151.0, 99th(ms): 201.3, 99.9th(ms): 234.9, Max(ms): 302.0
[Current] ORDER_STATUS - Takes(s): 10.0, Count: 272, TPM: 1636.7, Sum(ms): 11734.5, Avg(ms): 43.1, 50th(ms): 41.9, 90th(ms): 60.8, 95th(ms): 67.1, 99th(ms): 75.5, 99.9th(ms): 79.7, Max(ms): 79.7
[Current] PAYMENT - Takes(s): 10.0, Count: 3014, TPM: 18091.2, Sum(ms): 195796.5, Avg(ms): 65.0, 50th(ms): 60.8, 90th(ms): 92.3, 95th(ms): 113.2, 99th(ms): 142.6, 99.9th(ms): 184.5, Max(ms): 318.8
[Current] STOCK_LEVEL - Takes(s): 10.0, Count: 287, TPM: 1724.5, Sum(ms): 20343.9, Avg(ms): 70.9, 50th(ms): 58.7, 90th(ms): 130.0, 95th(ms): 142.6, 99th(ms): 201.3, 99.9th(ms): 302.0, Max(ms): 302.0
[Current] DELIVERY - Takes(s): 10.0, Count: 287, TPM: 1726.3, Sum(ms): 78387.8, Avg(ms): 273.0, 50th(ms): 268.4, 90th(ms): 352.3, 95th(ms): 419.4, 99th(ms): 469.8, 99.9th(ms): 520.1, Max(ms): 520.1
[Current] NEW_ORDER - Takes(s): 10.0, Count: 3365, TPM: 20193.3, Sum(ms): 320907.2, Avg(ms): 95.4, 50th(ms): 92.3, 90th(ms): 125.8, 95th(ms): 142.6, 99th(ms): 184.5, 99.9th(ms): 234.9, Max(ms): 251.7
[Current] ORDER_STATUS - Takes(s): 10.0, Count: 311, TPM: 1866.5, Sum(ms): 12875.5, Avg(ms): 41.4, 50th(ms): 39.8, 90th(ms): 58.7, 95th(ms): 71.3, 99th(ms): 92.3, 99.9th(ms): 109.1, Max(ms): 109.1
[Current] PAYMENT - Takes(s): 10.0, Count: 3160, TPM: 18967.2, Sum(ms): 195015.9, Avg(ms): 61.7, 50th(ms): 58.7, 90th(ms): 88.1, 95th(ms): 104.9, 99th(ms): 142.6, 99.9th(ms): 192.9, Max(ms): 226.5
[Current] STOCK_LEVEL - Takes(s): 10.0, Count: 303, TPM: 1823.3, Sum(ms): 18871.7, Avg(ms): 62.3, 50th(ms): 54.5, 90th(ms): 104.9, 95th(ms): 125.8, 99th(ms): 201.3, 99.9th(ms): 251.7, Max(ms): 251.7
[Current] DELIVERY - Takes(s): 9.9, Count: 297, TPM: 1801.0, Sum(ms): 81983.9, Avg(ms): 276.0, 50th(ms): 268.4, 90th(ms): 318.8, 95th(ms): 369.1, 99th(ms): 469.8, 99.9th(ms): 872.4, Max(ms): 872.4
[Current] NEW_ORDER - Takes(s): 10.0, Count: 3341, TPM: 20046.2, Sum(ms): 316126.0, Avg(ms): 94.6, 50th(ms): 92.3, 90th(ms): 121.6, 95th(ms): 134.2, 99th(ms): 159.4, 99.9th(ms): 201.3, Max(ms): 234.9
[Current] ORDER_STATUS - Takes(s): 10.0, Count: 296, TPM: 1778.2, Sum(ms): 11917.5, Avg(ms): 40.2, 50th(ms): 39.8, 90th(ms): 56.6, 95th(ms): 60.8, 99th(ms): 71.3, 99.9th(ms): 83.9, Max(ms): 83.9
[Current] PAYMENT - Takes(s): 10.0, Count: 3211, TPM: 19274.5, Sum(ms): 197737.9, Avg(ms): 61.6, 50th(ms): 58.7, 90th(ms): 83.9, 95th(ms): 100.7, 99th(ms): 142.6, 99.9th(ms): 167.8, Max(ms): 209.7
[Current] STOCK_LEVEL - Takes(s): 10.0, Count: 309, TPM: 1860.7, Sum(ms): 18262.9, Avg(ms): 59.1, 50th(ms): 50.3, 90th(ms): 92.3, 95th(ms): 130.0, 99th(ms): 176.2, 99.9th(ms): 234.9, Max(ms): 234.9
[Current] DELIVERY - Takes(s): 10.0, Count: 298, TPM: 1792.9, Sum(ms): 78902.9, Avg(ms): 264.7, 50th(ms): 251.7, 90th(ms): 352.3, 95th(ms): 385.9, 99th(ms): 469.8, 99.9th(ms): 520.1, Max(ms): 520.1
[Current] NEW_ORDER - Takes(s): 10.0, Count: 3512, TPM: 21071.4, Sum(ms): 322834.0, Avg(ms): 92.0, 50th(ms): 92.3, 90th(ms): 121.6, 95th(ms): 134.2, 99th(ms): 167.8, 99.9th(ms): 201.3, Max(ms): 234.9
[Current] ORDER_STATUS - Takes(s): 10.0, Count: 300, TPM: 1800.5, Sum(ms): 11862.1, Avg(ms): 39.6, 50th(ms): 39.8, 90th(ms): 56.6, 95th(ms): 65.0, 99th(ms): 83.9, 99.9th(ms): 92.3, Max(ms): 92.3
[Current] PAYMENT - Takes(s): 10.0, Count: 3278, TPM: 19670.2, Sum(ms): 196730.7, Avg(ms): 60.0, 50th(ms): 56.6, 90th(ms): 83.9, 95th(ms): 100.7, 99th(ms): 134.2, 99.9th(ms): 176.2, Max(ms): 251.7
[Current] STOCK_LEVEL - Takes(s): 9.9, Count: 269, TPM: 1624.3, Sum(ms): 15105.8, Avg(ms): 56.2, 50th(ms): 52.4, 90th(ms): 79.7, 95th(ms): 96.5, 99th(ms): 121.6, 99.9th(ms): 176.2, Max(ms): 176.2
[Current] DELIVERY - Takes(s): 10.0, Count: 312, TPM: 1874.8, Sum(ms): 75419.2, Avg(ms): 242.1, 50th(ms): 234.9, 90th(ms): 285.2, 95th(ms): 318.8, 99th(ms): 436.2, 99.9th(ms): 520.1, Max(ms): 520.1
[Current] NEW_ORDER - Takes(s): 10.0, Count: 3764, TPM: 22591.3, Sum(ms): 322409.5, Avg(ms): 85.7, 50th(ms): 83.9, 90th(ms): 109.1, 95th(ms): 121.6, 99th(ms): 159.4, 99.9th(ms): 201.3, Max(ms): 318.8
[Current] ORDER_STATUS - Takes(s): 10.0, Count: 348, TPM: 2090.5, Sum(ms): 13124.8, Avg(ms): 37.7, 50th(ms): 37.7, 90th(ms): 52.4, 95th(ms): 60.8, 99th(ms): 83.9, 99.9th(ms): 109.1, Max(ms): 109.1
[Current] PAYMENT - Takes(s): 10.0, Count: 3575, TPM: 21456.4, Sum(ms): 199087.2, Avg(ms): 55.7, 50th(ms): 52.4, 90th(ms): 79.7, 95th(ms): 92.3, 99th(ms): 121.6, 99.9th(ms): 159.4, Max(ms): 226.5
[Current] STOCK_LEVEL - Takes(s): 10.0, Count: 341, TPM: 2046.6, Sum(ms): 16484.4, Avg(ms): 48.4, 50th(ms): 46.1, 90th(ms): 67.1, 95th(ms): 75.5, 99th(ms): 96.5, 99.9th(ms): 117.4, Max(ms): 117.4
[Current] DELIVERY - Takes(s): 9.9, Count: 306, TPM: 1845.6, Sum(ms): 76647.5, Avg(ms): 250.7, 50th(ms): 243.3, 90th(ms): 318.8, 95th(ms): 385.9, 99th(ms): 419.4, 99.9th(ms): 536.9, Max(ms): 536.9
[Current] NEW_ORDER - Takes(s): 10.0, Count: 3733, TPM: 22403.2, Sum(ms): 322022.0, Avg(ms): 86.3, 50th(ms): 83.9, 90th(ms): 113.2, 95th(ms): 130.0, 99th(ms): 176.2, 99.9th(ms): 218.1, Max(ms): 285.2
[Current] ORDER_STATUS - Takes(s): 10.0, Count: 318, TPM: 1910.0, Sum(ms): 11870.5, Avg(ms): 37.3, 50th(ms): 37.7, 90th(ms): 52.4, 95th(ms): 58.7, 99th(ms): 75.5, 99.9th(ms): 104.9, Max(ms): 104.9
[Current] PAYMENT - Takes(s): 10.0, Count: 3497, TPM: 20982.0, Sum(ms): 195850.4, Avg(ms): 56.0, 50th(ms): 52.4, 90th(ms): 79.7, 95th(ms): 96.5, 99th(ms): 130.0, 99.9th(ms): 184.5, Max(ms): 218.1
[Current] STOCK_LEVEL - Takes(s): 10.0, Count: 343, TPM: 2064.0, Sum(ms): 18617.0, Avg(ms): 54.4, 50th(ms): 48.2, 90th(ms): 71.3, 95th(ms): 88.1, 99th(ms): 260.0, 99.9th(ms): 369.1, Max(ms): 369.1
[Current] DELIVERY - Takes(s): 10.0, Count: 315, TPM: 1895.8, Sum(ms): 77546.9, Avg(ms): 246.5, 50th(ms): 243.3, 90th(ms): 318.8, 95th(ms): 369.1, 99th(ms): 453.0, 99.9th(ms): 604.0, Max(ms): 604.0
[Current] NEW_ORDER - Takes(s): 10.0, Count: 3730, TPM: 22381.7, Sum(ms): 316664.0, Avg(ms): 84.9, 50th(ms): 83.9, 90th(ms): 109.1, 95th(ms): 121.6, 99th(ms): 151.0, 99.9th(ms): 184.5, Max(ms): 201.3
[Current] ORDER_STATUS - Takes(s): 10.0, Count: 320, TPM: 1923.1, Sum(ms): 11509.6, Avg(ms): 35.9, 50th(ms): 35.7, 90th(ms): 50.3, 95th(ms): 56.6, 99th(ms): 67.1, 99.9th(ms): 83.9, Max(ms): 83.9
[Current] PAYMENT - Takes(s): 10.0, Count: 3625, TPM: 21751.0, Sum(ms): 201531.2, Avg(ms): 55.6, 50th(ms): 52.4, 90th(ms): 79.7, 95th(ms): 92.3, 99th(ms): 125.8, 99.9th(ms): 159.4, Max(ms): 167.8
[Current] STOCK_LEVEL - Takes(s): 10.0, Count: 377, TPM: 2264.1, Sum(ms): 18609.6, Avg(ms): 49.4, 50th(ms): 48.2, 90th(ms): 67.1, 95th(ms): 75.5, 99th(ms): 92.3, 99.9th(ms): 184.5, Max(ms): 184.5
[Current] DELIVERY - Takes(s): 9.9, Count: 329, TPM: 1984.3, Sum(ms): 83442.9, Avg(ms): 253.6, 50th(ms): 234.9, 90th(ms): 352.3, 95th(ms): 402.7, 99th(ms): 486.5, 99.9th(ms): 738.2, Max(ms): 738.2
[Current] NEW_ORDER - Takes(s): 10.0, Count: 3643, TPM: 21857.8, Sum(ms): 316346.4, Avg(ms): 86.9, 50th(ms): 83.9, 90th(ms): 117.4, 95th(ms): 134.2, 99th(ms): 159.4, 99.9th(ms): 192.9, Max(ms): 243.3
[Current] ORDER_STATUS - Takes(s): 10.0, Count: 316, TPM: 1898.5, Sum(ms): 11763.3, Avg(ms): 37.2, 50th(ms): 35.7, 90th(ms): 54.5, 95th(ms): 62.9, 99th(ms): 79.7, 99.9th(ms): 88.1, Max(ms): 88.1
[Current] PAYMENT - Takes(s): 10.0, Count: 3458, TPM: 20751.6, Sum(ms): 198671.6, Avg(ms): 57.5, 50th(ms): 54.5, 90th(ms): 83.9, 95th(ms): 96.5, 99th(ms): 134.2, 99.9th(ms): 192.9, Max(ms): 243.3
[Current] STOCK_LEVEL - Takes(s): 10.0, Count: 347, TPM: 2083.8, Sum(ms): 16203.5, Avg(ms): 46.7, 50th(ms): 46.1, 90th(ms): 60.8, 95th(ms): 67.1, 99th(ms): 88.1, 99.9th(ms): 100.7, Max(ms): 100.7
Finished
[Summary] DELIVERY - Takes(s): 599.7, Count: 18526, TPM: 1853.5, Sum(ms): 4893980.6, Avg(ms): 264.3, 50th(ms): 251.7, 90th(ms): 352.3, 95th(ms): 402.7, 99th(ms): 503.3, 99.9th(ms): 671.1, Max(ms): 872.4
[Summary] NEW_ORDER - Takes(s): 599.9, Count: 208118, TPM: 20815.5, Sum(ms): 19056190.8, Avg(ms): 91.6, 50th(ms): 88.1, 90th(ms): 121.6, 95th(ms): 142.6, 99th(ms): 176.2, 99.9th(ms): 226.5, Max(ms): 536.9
[Summary] ORDER_STATUS - Takes(s): 599.9, Count: 18587, TPM: 1858.9, Sum(ms): 730463.5, Avg(ms): 39.3, 50th(ms): 37.7, 90th(ms): 56.6, 95th(ms): 65.0, 99th(ms): 83.9, 99.9th(ms): 109.1, Max(ms): 159.4
[Summary] PAYMENT - Takes(s): 599.9, Count: 198225, TPM: 19824.8, Sum(ms): 11836004.7, Avg(ms): 59.7, 50th(ms): 56.6, 90th(ms): 88.1, 95th(ms): 100.7, 99th(ms): 142.6, 99.9th(ms): 192.9, Max(ms): 369.1
[Summary] STOCK_LEVEL - Takes(s): 599.9, Count: 18441, TPM: 1844.3, Sum(ms): 1023457.6, Avg(ms): 55.5, 50th(ms): 50.3, 90th(ms): 75.5, 95th(ms): 96.5, 99th(ms): 167.8, 99.9th(ms): 352.3, Max(ms): 536.9
tpmC: 20815.5, tpmTotal: 46197.1, efficiency: 1264.6%
